I200514 19:35:53.894235 1 util/log/clog.go:1196  [config] file created at: 2020/05/14 19:35:53
I200514 19:35:53.894235 1 util/log/clog.go:1196  [config] running on machine: 13680cf63d20
I200514 19:35:53.894235 1 util/log/clog.go:1196  [config] binary: CockroachDB CCL v19.2.5 (x86_64-unknown-linux-gnu, built 2020/03/16 18:27:12, go1.12.12)
I200514 19:35:53.894235 1 util/log/clog.go:1196  [config] arguments: [/cockroach/cockroach start --insecure --store=attrs=ssd,path=/var/lib/cockroach/]
I200514 19:35:53.894235 1 util/log/clog.go:1196  line format: [IWEF]yymmdd hh:mm:ss.uuuuuu goid file:line msg utf8=✓
I200514 19:35:53.894235 1 cli/start.go:1144  logging to directory /var/lib/cockroach/logs
W200514 19:35:53.913211 1 cli/start.go:1182  RUNNING IN INSECURE MODE!

- Your cluster is open for any client that can access <all your IP addresses>.
- Any user, even root, can log in without providing a password.
- Any user, connecting as root, can read or write any data in your cluster.
- There is no network encryption nor authentication, and thus no confidentiality.

Check out how to secure your cluster: https://www.cockroachlabs.com/docs/v19.2/secure-a-cluster.html
I200514 19:35:53.913592 1 server/status/recorder.go:597  available memory from cgroups (8.0 EiB) is unsupported, using system memory 1.9 GiB instead: 
W200514 19:35:53.913666 1 cli/start.go:1052  Using the default setting for --cache (128 MiB).
  A significantly larger value is usually needed for good performance.
  If you have a dedicated server a reasonable setting is --cache=.25 (497 MiB).
I200514 19:35:53.914092 1 server/status/recorder.go:597  available memory from cgroups (8.0 EiB) is unsupported, using system memory 1.9 GiB instead: 
W200514 19:35:53.914106 1 cli/start.go:1065  Using the default setting for --max-sql-memory (128 MiB).
  A significantly larger value is usually needed in production.
  If you have a dedicated server a reasonable setting is --max-sql-memory=.25 (497 MiB).
I200514 19:35:53.914409 1 server/status/recorder.go:597  available memory from cgroups (8.0 EiB) is unsupported, using system memory 1.9 GiB instead: 
I200514 19:35:53.914421 1 cli/start.go:1196  CockroachDB CCL v19.2.5 (x86_64-unknown-linux-gnu, built 2020/03/16 18:27:12, go1.12.12)
W200514 19:35:54.844828 1 cli/start.go:511  running 'cockroach start' without --join is deprecated.
Consider using 'cockroach start-single-node' or 'cockroach init' instead.
I200514 19:35:54.878759 1 server/status/recorder.go:597  available memory from cgroups (8.0 EiB) is unsupported, using system memory 1.9 GiB instead: 
I200514 19:35:54.878776 1 server/config.go:394  system total memory: 1.9 GiB
I200514 19:35:54.878802 1 server/config.go:396  server configuration:
max offset             500000000
cache size             128 MiB
SQL memory pool size   128 MiB
scan interval          10m0s
scan min idle time     10ms
scan max idle time     1s
event log enabled      true
I200514 19:35:54.878811 1 cli/start.go:1030  using local environment variables: COCKROACH_CHANNEL=official-docker
I200514 19:35:54.878820 1 cli/start.go:1037  process identity: uid 0 euid 0 gid 0 egid 0
I200514 19:35:54.878861 1 cli/start.go:644  starting cockroach node
I200514 19:35:54.882176 13 storage/engine/rocksdb.go:622  opening rocksdb instance at "/var/lib/cockroach/cockroach-temp397560081"
I200514 19:35:55.156577 13 server/server.go:928  [n?] monitoring forward clock jumps based on server.clock.forward_jump_check_enabled
I200514 19:35:55.157285 13 storage/engine/rocksdb.go:622  opening rocksdb instance at "/var/lib/cockroach"
I200514 19:35:55.289772 13 server/config.go:502  [n?] 1 storage engine initialized
I200514 19:35:55.289781 13 server/config.go:505  [n?] RocksDB cache size: 128 MiB
I200514 19:35:55.289784 13 server/config.go:505  [n?] store 0: RocksDB, max size 0 B, max open file limit 1043576
W200514 19:35:55.309418 13 cli/start.go:996  neither --listen-addr nor --advertise-addr was specified.
The server will advertise "13680cf63d20" to other nodes, is this routable?

Consider using:
- for local-only servers:  --listen-addr=localhost
- for multi-node clusters: --advertise-addr=<host/IP addr>
I200514 19:35:55.310537 13 server/server.go:978  [n?] Sleeping till wall time 1589484955310521391 to catches up to 1589484955656539793 to ensure monotonicity. Delta: 346.018402ms
I200514 19:35:55.656910 13 gossip/gossip.go:394  [n1] NodeDescriptor set to node_id:1 address:<network_field:"tcp" address_field:"13680cf63d20:26257" > attrs:<> locality:<> ServerVersion:<major_val:19 minor_val:2 patch:0 unstable:0 > build_tag:"v19.2.5" started_at:1589484955656814490 cluster_name:"" sql_address:<network_field:"tcp" address_field:"13680cf63d20:26257" > 
W200514 19:35:55.709751 102 storage/replica_range_lease.go:554  can't determine lease status due to node liveness error: node not in the liveness table
github.com/cockroachdb/cockroach/pkg/storage.init.ializers
	/go/src/github.com/cockroachdb/cockroach/pkg/storage/node_liveness.go:44
runtime.main
	/usr/local/go/src/runtime/proc.go:188
runtime.goexit
	/usr/local/go/src/runtime/asm_amd64.s:1337
W200514 19:35:55.709777 102 storage/store.go:1530  [n1,s1,r6/1:/Table/{SystemCon…-11}] could not gossip system config: [NotLeaseHolderError] r6: replica (n1,s1):1 not lease holder; lease holder unknown
I200514 19:35:55.984970 13 server/node.go:431  [n1] initialized store [n1,s1]: disk (capacity=894 GiB, available=579 GiB, used=21 MiB, logicalBytes=96 MiB), ranges=40, leases=3, queries=0.00, writes=0.00, bytesPerReplica={p10=0.00 p25=0.00 p50=146.00 p75=25187.00 p90=11692599.00 pMax=36011241.00}, writesPerReplica={p10=0.00 p25=0.00 p50=0.00 p75=0.00 p90=0.00 pMax=0.00}
I200514 19:35:55.985052 13 storage/stores.go:240  [n1] read 0 node addresses from persistent storage
I200514 19:35:55.985120 13 server/node.go:645  [n1] connecting to gossip network to verify cluster ID...
I200514 19:35:55.985132 13 server/node.go:665  [n1] node connected via gossip and verified as part of cluster "3d423bb5-5d67-4ebf-947b-999bec430444"
I200514 19:35:55.985158 13 server/node.go:512  [n1] node=1: started with [ssd=/var/lib/cockroach] engine(s) and attributes []
I200514 19:35:55.985731 13 server/server.go:1514  [n1] starting http server at [::]:8080 (use: 13680cf63d20:8080)
I200514 19:35:55.985741 13 server/server.go:1521  [n1] starting grpc/postgres server at [::]:26257
I200514 19:35:55.985749 13 server/server.go:1522  [n1] advertising CockroachDB node at 13680cf63d20:26257
I200514 19:35:56.140816 13 server/server.go:1590  [n1] done ensuring all necessary migrations have run
I200514 19:35:56.140840 13 server/server.go:1841  [n1] serving sql connections
I200514 19:35:56.140885 13 cli/start.go:803  [config] clusterID: 3d423bb5-5d67-4ebf-947b-999bec430444
I200514 19:35:56.140897 13 cli/start.go:812  node startup completed:
CockroachDB node starting at 2020-05-14 19:35:56.140852189 +0000 UTC (took 2.2s)
build:               CCL v19.2.5 @ 2020/03/16 18:27:12 (go1.12.12)
webui:               http://13680cf63d20:8080
sql:                 postgresql://root@13680cf63d20:26257?sslmode=disable
RPC client flags:    /cockroach/cockroach <client cmd> --host=13680cf63d20:26257 --insecure
logs:                /var/lib/cockroach/logs
temp dir:            /var/lib/cockroach/cockroach-temp397560081
external I/O path:   /var/lib/cockroach/extern
store[0]:            path=/var/lib/cockroach,attrs=ssd
status:              restarted pre-existing node
clusterID:           3d423bb5-5d67-4ebf-947b-999bec430444
nodeID:              1
I200514 19:35:56.147713 309 server/server_update.go:53  [n1] no need to upgrade, cluster already at the newest version
I200514 19:35:56.152825 311 sql/event_log.go:130  [n1] Event: "node_restart", target: 1, info: {Descriptor:{NodeID:1 Address:13680cf63d20:26257 Attrs: Locality: ServerVersion:19.2 BuildTag:v19.2.5 StartedAt:1589484955656814490 LocalityAddress:[] ClusterName: SQLAddress:13680cf63d20:26257} ClusterID:3d423bb5-5d67-4ebf-947b-999bec430444 StartedAt:1589484955656814490 LastUp:1589484952721014198}
I200514 19:35:57.305242 75 gossip/gossip.go:1531  [n1] node has connected to cluster via gossip
I200514 19:35:57.305321 75 storage/stores.go:259  [n1] wrote 0 node addresses to persistent storage
I200514 19:35:59.137596 313 server/updates.go:267  [n1] A new version is available: 20.1.0, details: https://www.cockroachlabs.com/docs/releases/v20.1.0.html
I200514 19:36:05.987942 198 server/status/runtime.go:498  [n1] runtime stats: 127 MiB RSS, 117 goroutines, 111 MiB/14 MiB/135 MiB GO alloc/idle/total, 15 MiB/18 MiB CGO alloc/total, 0.0 CGO/sec, 0.0/0.0 %(u/s)time, 0.0 %gc (9x), 35 KiB/45 KiB (r/w)net
I200514 19:36:15.987717 198 server/status/runtime.go:498  [n1] runtime stats: 134 MiB RSS, 117 goroutines, 82 MiB/37 MiB/135 MiB GO alloc/idle/total, 15 MiB/18 MiB CGO alloc/total, 61.4 CGO/sec, 0.7/0.3 %(u/s)time, 0.0 %gc (1x), 1.7 KiB/1.6 KiB (r/w)net
I200514 19:36:16.048605 113 storage/store.go:2364  [n1,s1] sstables (read amplification = 2):
0 [ 123K 1 ]: 123K
6 [  11M 3 ]: 4M[2] 3M
I200514 19:36:16.048967 113 storage/store.go:2365  [n1,s1] 
** Compaction Stats [default] **
Level    Files   Size     Score Read(GB)  Rn(GB) Rnp1(GB) Write(GB) Wnew(GB) Moved(GB) W-Amp Rd(MB/s) Wr(MB/s) Comp(sec) CompMergeCPU(sec) Comp(cnt) Avg(sec) KeyIn KeyDrop
----------------------------------------------------------------------------------------------------------------------------------------------------------------------------
  L0      1/0   123.07 KB   0.5      0.0     0.0      0.0       0.0      0.0       0.0   1.0      0.0      2.5      0.05              0.00         1    0.048       0      0
  L6      3/0   11.02 MB   0.0      0.0     0.0      0.0       0.0      0.0       0.0   0.0      0.0      0.0      0.00              0.00         0    0.000       0      0
 Sum      4/0   11.14 MB   0.0      0.0     0.0      0.0       0.0      0.0       0.0   1.0      0.0      2.5      0.05              0.00         1    0.048       0      0
 Int      0/0    0.00 KB   0.0      0.0     0.0      0.0       0.0      0.0       0.0   1.0      0.0      2.5      0.05              0.00         1    0.048       0      0

** Compaction Stats [default] **
Priority    Files   Size     Score Read(GB)  Rn(GB) Rnp1(GB) Write(GB) Wnew(GB) Moved(GB) W-Amp Rd(MB/s) Wr(MB/s) Comp(sec) CompMergeCPU(sec) Comp(cnt) Avg(sec) KeyIn KeyDrop
-------------------------------------------------------------------------------------------------------------------------------------------------------------------------------
User      0/0    0.00 KB   0.0      0.0     0.0      0.0       0.0      0.0       0.0   0.0      0.0      2.5      0.05              0.00         1    0.048       0      0
Uptime(secs): 20.9 total, 20.9 interval
Flush(GB): cumulative 0.000, interval 0.000
AddFile(GB): cumulative 0.000, interval 0.000
AddFile(Total Files): cumulative 0, interval 0
AddFile(L0 Files): cumulative 0, interval 0
AddFile(Keys): cumulative 0, interval 0
Cumulative compaction: 0.00 GB write, 0.01 MB/s write, 0.00 GB read, 0.00 MB/s read, 0.0 seconds
Interval compaction: 0.00 GB write, 0.01 MB/s write, 0.00 GB read, 0.00 MB/s read, 0.0 seconds
Stalls(count): 0 level0_slowdown, 0 level0_slowdown_with_compaction, 0 level0_numfiles, 0 level0_numfiles_with_compaction, 0 stop for pending_compaction_bytes, 0 slowdown for pending_compaction_bytes, 0 memtable_compaction, 0 memtable_slowdown, interval 0 total count
estimated_pending_compaction_bytes: 0 B
I200514 19:36:19.807673 1 cli/start.go:865  received signal 'terminated'
I200514 19:36:19.807880 1 cli/start.go:930  initiating graceful shutdown of server
I200514 19:36:19.814876 826 util/stop/stopper.go:542  [server drain process] quiescing; tasks left:
1      [async] intent_resolver_ir_batcher
1      [async] intent_resolver_gc_batcher
1      [async] closedts-rangefeed-subscriber
W200514 19:36:19.815946 65 vendor/google.golang.org/grpc/clientconn.go:1206  grpc: addrConn.createTransport failed to connect to {13680cf63d20:26257 0  <nil>}. Err :connection error: desc = "transport: failed to write client preface: io: read/write on closed pipe". Reconnecting...
I200514 19:36:19.819491 826 util/stop/stopper.go:542  [server drain process] quiescing; tasks left:
1      [async] intent_resolver_ir_batcher
1      [async] closedts-rangefeed-subscriber
I200514 19:36:19.832726 826 storage/engine/rocksdb.go:762  closing rocksdb instance at "/var/lib/cockroach/cockroach-temp397560081"
I200514 19:36:19.842804 826 storage/engine/rocksdb.go:762  closing rocksdb instance at "/var/lib/cockroach"
I200514 19:36:19.851647 1 cli/start.go:976  server drained and shutdown completed
