I200514 22:39:22.235176 1 util/log/clog.go:1196  [config] file created at: 2020/05/14 22:39:22
I200514 22:39:22.235176 1 util/log/clog.go:1196  [config] running on machine: 8b495f8a85d9
I200514 22:39:22.235176 1 util/log/clog.go:1196  [config] binary: CockroachDB CCL v19.2.5 (x86_64-unknown-linux-gnu, built 2020/03/16 18:27:12, go1.12.12)
I200514 22:39:22.235176 1 util/log/clog.go:1196  [config] arguments: [/cockroach/cockroach start --insecure --store=attrs=ssd,path=/var/lib/cockroach/]
I200514 22:39:22.235176 1 util/log/clog.go:1196  line format: [IWEF]yymmdd hh:mm:ss.uuuuuu goid file:line msg utf8=✓
I200514 22:39:22.235175 1 cli/start.go:1144  logging to directory /var/lib/cockroach/logs
W200514 22:39:22.252946 1 cli/start.go:1182  RUNNING IN INSECURE MODE!

- Your cluster is open for any client that can access <all your IP addresses>.
- Any user, even root, can log in without providing a password.
- Any user, connecting as root, can read or write any data in your cluster.
- There is no network encryption nor authentication, and thus no confidentiality.

Check out how to secure your cluster: https://www.cockroachlabs.com/docs/v19.2/secure-a-cluster.html
I200514 22:39:22.254173 1 server/status/recorder.go:597  available memory from cgroups (8.0 EiB) is unsupported, using system memory 1.9 GiB instead: 
W200514 22:39:22.254232 1 cli/start.go:1052  Using the default setting for --cache (128 MiB).
  A significantly larger value is usually needed for good performance.
  If you have a dedicated server a reasonable setting is --cache=.25 (497 MiB).
I200514 22:39:22.254428 1 server/status/recorder.go:597  available memory from cgroups (8.0 EiB) is unsupported, using system memory 1.9 GiB instead: 
W200514 22:39:22.254439 1 cli/start.go:1065  Using the default setting for --max-sql-memory (128 MiB).
  A significantly larger value is usually needed in production.
  If you have a dedicated server a reasonable setting is --max-sql-memory=.25 (497 MiB).
I200514 22:39:22.254700 1 server/status/recorder.go:597  available memory from cgroups (8.0 EiB) is unsupported, using system memory 1.9 GiB instead: 
I200514 22:39:22.254712 1 cli/start.go:1196  CockroachDB CCL v19.2.5 (x86_64-unknown-linux-gnu, built 2020/03/16 18:27:12, go1.12.12)
W200514 22:39:23.376860 1 cli/start.go:511  running 'cockroach start' without --join is deprecated.
Consider using 'cockroach start-single-node' or 'cockroach init' instead.
I200514 22:39:23.406141 1 server/status/recorder.go:597  available memory from cgroups (8.0 EiB) is unsupported, using system memory 1.9 GiB instead: 
I200514 22:39:23.406155 1 server/config.go:394  system total memory: 1.9 GiB
I200514 22:39:23.406181 1 server/config.go:396  server configuration:
max offset             500000000
cache size             128 MiB
SQL memory pool size   128 MiB
scan interval          10m0s
scan min idle time     10ms
scan max idle time     1s
event log enabled      true
I200514 22:39:23.406191 1 cli/start.go:1030  using local environment variables: COCKROACH_CHANNEL=official-docker
I200514 22:39:23.406200 1 cli/start.go:1037  process identity: uid 0 euid 0 gid 0 egid 0
I200514 22:39:23.406239 1 cli/start.go:644  starting cockroach node
I200514 22:39:23.409845 26 storage/engine/rocksdb.go:622  opening rocksdb instance at "/var/lib/cockroach/cockroach-temp191406416"
I200514 22:39:23.716960 26 server/server.go:928  [n?] monitoring forward clock jumps based on server.clock.forward_jump_check_enabled
I200514 22:39:23.717750 26 storage/engine/rocksdb.go:622  opening rocksdb instance at "/var/lib/cockroach"
I200514 22:39:23.943814 26 server/config.go:502  [n?] 1 storage engine initialized
I200514 22:39:23.943821 26 server/config.go:505  [n?] RocksDB cache size: 128 MiB
I200514 22:39:23.943826 26 server/config.go:505  [n?] store 0: RocksDB, max size 0 B, max open file limit 1043576
W200514 22:39:23.972051 26 cli/start.go:996  neither --listen-addr nor --advertise-addr was specified.
The server will advertise "8b495f8a85d9" to other nodes, is this routable?

Consider using:
- for local-only servers:  --listen-addr=localhost
- for multi-node clusters: --advertise-addr=<host/IP addr>
I200514 22:39:23.978085 26 server/server.go:978  [n?] Sleeping till wall time 1589495963978050526 to catches up to 1589495964216909728 to ensure monotonicity. Delta: 238.859202ms
I200514 22:39:24.218427 26 gossip/gossip.go:394  [n1] NodeDescriptor set to node_id:1 address:<network_field:"tcp" address_field:"8b495f8a85d9:26257" > attrs:<> locality:<> ServerVersion:<major_val:19 minor_val:2 patch:0 unstable:0 > build_tag:"v19.2.5" started_at:1589495964218339925 cluster_name:"" sql_address:<network_field:"tcp" address_field:"8b495f8a85d9:26257" > 
W200514 22:39:24.294372 106 storage/replica_range_lease.go:554  can't determine lease status due to node liveness error: node not in the liveness table
github.com/cockroachdb/cockroach/pkg/storage.init.ializers
	/go/src/github.com/cockroachdb/cockroach/pkg/storage/node_liveness.go:44
runtime.main
	/usr/local/go/src/runtime/proc.go:188
runtime.goexit
	/usr/local/go/src/runtime/asm_amd64.s:1337
W200514 22:39:24.294399 106 storage/store.go:1530  [n1,s1,r6/1:/Table/{SystemCon…-11}] could not gossip system config: [NotLeaseHolderError] r6: replica (n1,s1):1 not lease holder; lease holder unknown
I200514 22:39:24.630319 26 server/node.go:431  [n1] initialized store [n1,s1]: disk (capacity=894 GiB, available=579 GiB, used=31 MiB, logicalBytes=130 MiB), ranges=40, leases=3, queries=0.00, writes=0.00, bytesPerReplica={p10=0.00 p25=0.00 p50=146.00 p75=29356.00 p90=16482285.00 pMax=51925359.00}, writesPerReplica={p10=0.00 p25=0.00 p50=0.00 p75=0.00 p90=0.00 pMax=0.00}
I200514 22:39:24.630370 26 storage/stores.go:240  [n1] read 0 node addresses from persistent storage
I200514 22:39:24.631367 26 server/node.go:645  [n1] connecting to gossip network to verify cluster ID...
I200514 22:39:24.631379 26 server/node.go:665  [n1] node connected via gossip and verified as part of cluster "3d423bb5-5d67-4ebf-947b-999bec430444"
I200514 22:39:24.631431 26 server/node.go:512  [n1] node=1: started with [ssd=/var/lib/cockroach] engine(s) and attributes []
I200514 22:39:24.634394 26 server/server.go:1514  [n1] starting http server at [::]:8080 (use: 8b495f8a85d9:8080)
I200514 22:39:24.634406 26 server/server.go:1521  [n1] starting grpc/postgres server at [::]:26257
I200514 22:39:24.634414 26 server/server.go:1522  [n1] advertising CockroachDB node at 8b495f8a85d9:26257
I200514 22:39:24.881973 26 server/server.go:1590  [n1] done ensuring all necessary migrations have run
I200514 22:39:24.882047 26 server/server.go:1841  [n1] serving sql connections
I200514 22:39:24.882098 26 cli/start.go:803  [config] clusterID: 3d423bb5-5d67-4ebf-947b-999bec430444
I200514 22:39:24.882110 26 cli/start.go:812  node startup completed:
CockroachDB node starting at 2020-05-14 22:39:24.882061221 +0000 UTC (took 2.6s)
build:               CCL v19.2.5 @ 2020/03/16 18:27:12 (go1.12.12)
webui:               http://8b495f8a85d9:8080
sql:                 postgresql://root@8b495f8a85d9:26257?sslmode=disable
RPC client flags:    /cockroach/cockroach <client cmd> --host=8b495f8a85d9:26257 --insecure
logs:                /var/lib/cockroach/logs
temp dir:            /var/lib/cockroach/cockroach-temp191406416
external I/O path:   /var/lib/cockroach/extern
store[0]:            path=/var/lib/cockroach,attrs=ssd
status:              restarted pre-existing node
clusterID:           3d423bb5-5d67-4ebf-947b-999bec430444
nodeID:              1
I200514 22:39:24.884141 304 server/server_update.go:53  [n1] no need to upgrade, cluster already at the newest version
I200514 22:39:24.895014 306 sql/event_log.go:130  [n1] Event: "node_restart", target: 1, info: {Descriptor:{NodeID:1 Address:8b495f8a85d9:26257 Attrs: Locality: ServerVersion:19.2 BuildTag:v19.2.5 StartedAt:1589495964218339925 LocalityAddress:[] ClusterName: SQLAddress:8b495f8a85d9:26257} ClusterID:3d423bb5-5d67-4ebf-947b-999bec430444 StartedAt:1589495964218339925 LastUp:1589495961034496729}
I200514 22:39:26.100959 64 gossip/gossip.go:1531  [n1] node has connected to cluster via gossip
I200514 22:39:26.101049 64 storage/stores.go:259  [n1] wrote 0 node addresses to persistent storage
I200514 22:39:26.516778 308 server/updates.go:267  [n1] A new version is available: 20.1.0, details: https://www.cockroachlabs.com/docs/releases/v20.1.0.html
I200514 22:39:34.635388 223 server/status/runtime.go:498  [n1] runtime stats: 128 MiB RSS, 117 goroutines, 79 MiB/41 MiB/135 MiB GO alloc/idle/total, 16 MiB/20 MiB CGO alloc/total, 0.0 CGO/sec, 0.0/0.0 %(u/s)time, 0.0 %gc (10x), 35 KiB/44 KiB (r/w)net
I200514 22:39:44.635289 223 server/status/runtime.go:498  [n1] runtime stats: 133 MiB RSS, 123 goroutines, 103 MiB/20 MiB/135 MiB GO alloc/idle/total, 17 MiB/21 MiB CGO alloc/total, 146.8 CGO/sec, 1.0/0.4 %(u/s)time, 0.0 %gc (0x), 18 KiB/23 KiB (r/w)net
I200514 22:39:44.712732 208 storage/store.go:2364  [n1,s1] sstables (read amplification = 1):
6 [ 12M 3 ]: 4M[3]
I200514 22:39:44.712815 208 storage/store.go:2365  [n1,s1] 
** Compaction Stats [default] **
Level    Files   Size     Score Read(GB)  Rn(GB) Rnp1(GB) Write(GB) Wnew(GB) Moved(GB) W-Amp Rd(MB/s) Wr(MB/s) Comp(sec) CompMergeCPU(sec) Comp(cnt) Avg(sec) KeyIn KeyDrop
----------------------------------------------------------------------------------------------------------------------------------------------------------------------------
  L0      0/0    0.00 KB   0.0      0.0     0.0      0.0       0.0      0.0       0.0   1.0      0.0      1.8      0.08              0.00         1    0.077       0      0
  L6      3/0   12.01 MB   0.0      0.0     0.0      0.0       0.0      0.0       0.0  23.1     37.1     36.3      0.33              0.13         1    0.331     49K    10K
 Sum      3/0   12.01 MB   0.0      0.0     0.0      0.0       0.0      0.0       0.0  88.6     30.1     29.7      0.41              0.13         2    0.204     49K    10K
 Int      0/0    0.00 KB   0.0      0.0     0.0      0.0       0.0      0.0       0.0  88.6     30.1     29.7      0.41              0.13         2    0.204     49K    10K

** Compaction Stats [default] **
Priority    Files   Size     Score Read(GB)  Rn(GB) Rnp1(GB) Write(GB) Wnew(GB) Moved(GB) W-Amp Rd(MB/s) Wr(MB/s) Comp(sec) CompMergeCPU(sec) Comp(cnt) Avg(sec) KeyIn KeyDrop
-------------------------------------------------------------------------------------------------------------------------------------------------------------------------------
 Low      0/0    0.00 KB   0.0      0.0     0.0      0.0       0.0      0.0       0.0   0.0     37.1     36.3      0.33              0.13         1    0.331     49K    10K
User      0/0    0.00 KB   0.0      0.0     0.0      0.0       0.0      0.0       0.0   0.0      0.0      1.8      0.08              0.00         1    0.077       0      0
Uptime(secs): 21.0 total, 21.0 interval
Flush(GB): cumulative 0.000, interval 0.000
AddFile(GB): cumulative 0.000, interval 0.000
AddFile(Total Files): cumulative 0, interval 0
AddFile(L0 Files): cumulative 0, interval 0
AddFile(Keys): cumulative 0, interval 0
Cumulative compaction: 0.01 GB write, 0.58 MB/s write, 0.01 GB read, 0.59 MB/s read, 0.4 seconds
Interval compaction: 0.01 GB write, 0.58 MB/s write, 0.01 GB read, 0.59 MB/s read, 0.4 seconds
Stalls(count): 0 level0_slowdown, 0 level0_slowdown_with_compaction, 0 level0_numfiles, 0 level0_numfiles_with_compaction, 0 stop for pending_compaction_bytes, 0 slowdown for pending_compaction_bytes, 0 memtable_compaction, 0 memtable_slowdown, interval 0 total count
estimated_pending_compaction_bytes: 0 B
I200514 22:39:54.635310 223 server/status/runtime.go:498  [n1] runtime stats: 137 MiB RSS, 123 goroutines, 114 MiB/10 MiB/135 MiB GO alloc/idle/total, 17 MiB/21 MiB CGO alloc/total, 114.4 CGO/sec, 0.7/0.3 %(u/s)time, 0.0 %gc (0x), 3.0 KiB/2.5 KiB (r/w)net
I200514 22:40:04.635426 223 server/status/runtime.go:498  [n1] runtime stats: 147 MiB RSS, 124 goroutines, 123 MiB/912 KiB/135 MiB GO alloc/idle/total, 17 MiB/21 MiB CGO alloc/total, 57.7 CGO/sec, 0.7/0.3 %(u/s)time, 0.0 %gc (0x), 2.7 KiB/1.6 KiB (r/w)net
I200514 22:40:14.635542 223 server/status/runtime.go:498  [n1] runtime stats: 153 MiB RSS, 124 goroutines, 131 MiB/57 MiB/201 MiB GO alloc/idle/total, 17 MiB/21 MiB CGO alloc/total, 23.2 CGO/sec, 0.4/0.2 %(u/s)time, 0.0 %gc (0x), 0 B/0 B (r/w)net
I200514 22:40:24.632274 209 gossip/gossip.go:566  [n1] gossip status (ok, 1 node)
gossip client (0/3 cur/max conns)
gossip server (0/3 cur/max conns, infos 0/0 sent/received, bytes 0B/0B sent/received)
gossip connectivity
  n1 [sentinel];
I200514 22:40:24.635800 223 server/status/runtime.go:498  [n1] runtime stats: 156 MiB RSS, 124 goroutines, 90 MiB/92 MiB/201 MiB GO alloc/idle/total, 18 MiB/21 MiB CGO alloc/total, 39.8 CGO/sec, 0.7/0.4 %(u/s)time, 0.0 %gc (1x), 9.8 KiB/11 KiB (r/w)net
I200514 22:40:34.635801 223 server/status/runtime.go:498  [n1] runtime stats: 157 MiB RSS, 123 goroutines, 100 MiB/85 MiB/201 MiB GO alloc/idle/total, 18 MiB/21 MiB CGO alloc/total, 93.5 CGO/sec, 0.6/0.1 %(u/s)time, 0.0 %gc (0x), 2.5 KiB/1.6 KiB (r/w)net
I200514 22:40:44.635920 223 server/status/runtime.go:498  [n1] runtime stats: 157 MiB RSS, 123 goroutines, 107 MiB/79 MiB/201 MiB GO alloc/idle/total, 18 MiB/21 MiB CGO alloc/total, 22.0 CGO/sec, 0.3/0.2 %(u/s)time, 0.0 %gc (0x), 0 B/0 B (r/w)net
I200514 22:40:54.636173 223 server/status/runtime.go:498  [n1] runtime stats: 158 MiB RSS, 123 goroutines, 113 MiB/73 MiB/201 MiB GO alloc/idle/total, 18 MiB/21 MiB CGO alloc/total, 29.4 CGO/sec, 0.3/0.2 %(u/s)time, 0.0 %gc (0x), 0 B/0 B (r/w)net
I200514 22:41:04.636420 223 server/status/runtime.go:498  [n1] runtime stats: 158 MiB RSS, 124 goroutines, 120 MiB/67 MiB/201 MiB GO alloc/idle/total, 18 MiB/21 MiB CGO alloc/total, 32.3 CGO/sec, 0.4/0.1 %(u/s)time, 0.0 %gc (0x), 0 B/0 B (r/w)net
I200514 22:41:14.636636 223 server/status/runtime.go:498  [n1] runtime stats: 159 MiB RSS, 124 goroutines, 126 MiB/60 MiB/201 MiB GO alloc/idle/total, 18 MiB/22 MiB CGO alloc/total, 23.9 CGO/sec, 0.4/0.2 %(u/s)time, 0.0 %gc (0x), 1015 B/1.1 KiB (r/w)net
I200514 22:41:24.632146 209 gossip/gossip.go:566  [n1] gossip status (ok, 1 node)
gossip client (0/3 cur/max conns)
gossip server (0/3 cur/max conns, infos 0/0 sent/received, bytes 0B/0B sent/received)
I200514 22:41:24.636660 223 server/status/runtime.go:498  [n1] runtime stats: 161 MiB RSS, 124 goroutines, 133 MiB/54 MiB/201 MiB GO alloc/idle/total, 18 MiB/22 MiB CGO alloc/total, 30.9 CGO/sec, 0.3/0.2 %(u/s)time, 0.0 %gc (0x), 1.7 KiB/872 B (r/w)net
I200514 22:41:34.636790 223 server/status/runtime.go:498  [n1] runtime stats: 168 MiB RSS, 123 goroutines, 143 MiB/45 MiB/202 MiB GO alloc/idle/total, 17 MiB/22 MiB CGO alloc/total, 58.7 CGO/sec, 0.6/0.2 %(u/s)time, 0.0 %gc (0x), 2.7 KiB/2.2 KiB (r/w)net
I200514 22:41:44.636826 223 server/status/runtime.go:498  [n1] runtime stats: 177 MiB RSS, 123 goroutines, 81 MiB/98 MiB/202 MiB GO alloc/idle/total, 18 MiB/22 MiB CGO alloc/total, 34.4 CGO/sec, 0.5/0.3 %(u/s)time, 0.0 %gc (1x), 2.1 KiB/3.3 KiB (r/w)net
I200514 22:41:54.636908 223 server/status/runtime.go:498  [n1] runtime stats: 177 MiB RSS, 123 goroutines, 88 MiB/93 MiB/202 MiB GO alloc/idle/total, 18 MiB/22 MiB CGO alloc/total, 24.7 CGO/sec, 0.3/0.2 %(u/s)time, 0.0 %gc (0x), 0 B/0 B (r/w)net
I200514 22:42:04.637183 223 server/status/runtime.go:498  [n1] runtime stats: 177 MiB RSS, 124 goroutines, 97 MiB/87 MiB/202 MiB GO alloc/idle/total, 18 MiB/22 MiB CGO alloc/total, 115.8 CGO/sec, 0.5/0.1 %(u/s)time, 0.0 %gc (0x), 0 B/0 B (r/w)net
I200514 22:42:14.637200 223 server/status/runtime.go:498  [n1] runtime stats: 178 MiB RSS, 124 goroutines, 104 MiB/81 MiB/202 MiB GO alloc/idle/total, 18 MiB/22 MiB CGO alloc/total, 26.6 CGO/sec, 0.4/0.1 %(u/s)time, 0.0 %gc (0x), 0 B/0 B (r/w)net
I200514 22:42:24.632144 209 gossip/gossip.go:566  [n1] gossip status (ok, 1 node)
gossip client (0/3 cur/max conns)
gossip server (0/3 cur/max conns, infos 0/0 sent/received, bytes 0B/0B sent/received)
I200514 22:42:24.637391 223 server/status/runtime.go:498  [n1] runtime stats: 178 MiB RSS, 124 goroutines, 110 MiB/75 MiB/202 MiB GO alloc/idle/total, 18 MiB/22 MiB CGO alloc/total, 26.2 CGO/sec, 0.4/0.2 %(u/s)time, 0.0 %gc (0x), 0 B/0 B (r/w)net
I200514 22:42:34.637467 223 server/status/runtime.go:498  [n1] runtime stats: 178 MiB RSS, 123 goroutines, 118 MiB/68 MiB/202 MiB GO alloc/idle/total, 18 MiB/22 MiB CGO alloc/total, 55.7 CGO/sec, 0.3/0.2 %(u/s)time, 0.0 %gc (0x), 0 B/0 B (r/w)net
I200514 22:42:44.637590 223 server/status/runtime.go:498  [n1] runtime stats: 178 MiB RSS, 123 goroutines, 124 MiB/62 MiB/202 MiB GO alloc/idle/total, 17 MiB/22 MiB CGO alloc/total, 26.6 CGO/sec, 0.2/0.2 %(u/s)time, 0.0 %gc (0x), 306 B/306 B (r/w)net
I200514 22:42:54.637788 223 server/status/runtime.go:498  [n1] runtime stats: 179 MiB RSS, 123 goroutines, 130 MiB/56 MiB/202 MiB GO alloc/idle/total, 17 MiB/22 MiB CGO alloc/total, 23.2 CGO/sec, 0.3/0.2 %(u/s)time, 0.0 %gc (0x), 0 B/0 B (r/w)net
I200514 22:43:04.637797 223 server/status/runtime.go:498  [n1] runtime stats: 180 MiB RSS, 124 goroutines, 137 MiB/50 MiB/202 MiB GO alloc/idle/total, 17 MiB/22 MiB CGO alloc/total, 30.2 CGO/sec, 0.2/0.2 %(u/s)time, 0.0 %gc (0x), 0 B/0 B (r/w)net
I200514 22:43:14.637994 223 server/status/runtime.go:498  [n1] runtime stats: 180 MiB RSS, 124 goroutines, 143 MiB/44 MiB/202 MiB GO alloc/idle/total, 17 MiB/22 MiB CGO alloc/total, 25.9 CGO/sec, 0.3/0.2 %(u/s)time, 0.0 %gc (0x), 0 B/0 B (r/w)net
I200514 22:43:24.632147 209 gossip/gossip.go:566  [n1] gossip status (ok, 1 node)
gossip client (0/3 cur/max conns)
gossip server (0/3 cur/max conns, infos 0/0 sent/received, bytes 0B/0B sent/received)
I200514 22:43:24.638043 223 server/status/runtime.go:498  [n1] runtime stats: 184 MiB RSS, 124 goroutines, 78 MiB/100 MiB/202 MiB GO alloc/idle/total, 17 MiB/22 MiB CGO alloc/total, 29.5 CGO/sec, 0.4/0.2 %(u/s)time, 0.0 %gc (1x), 0 B/0 B (r/w)net
I200514 22:43:34.638228 223 server/status/runtime.go:498  [n1] runtime stats: 184 MiB RSS, 123 goroutines, 88 MiB/94 MiB/202 MiB GO alloc/idle/total, 17 MiB/22 MiB CGO alloc/total, 51.0 CGO/sec, 0.4/0.2 %(u/s)time, 0.0 %gc (0x), 1.6 KiB/2.4 KiB (r/w)net
I200514 22:43:44.638282 223 server/status/runtime.go:498  [n1] runtime stats: 184 MiB RSS, 123 goroutines, 94 MiB/89 MiB/202 MiB GO alloc/idle/total, 17 MiB/22 MiB CGO alloc/total, 25.9 CGO/sec, 0.3/0.2 %(u/s)time, 0.0 %gc (0x), 70 B/0 B (r/w)net
I200514 22:43:54.638425 223 server/status/runtime.go:498  [n1] runtime stats: 185 MiB RSS, 123 goroutines, 100 MiB/83 MiB/202 MiB GO alloc/idle/total, 17 MiB/22 MiB CGO alloc/total, 29.7 CGO/sec, 0.3/0.2 %(u/s)time, 0.0 %gc (0x), 70 B/0 B (r/w)net
I200514 22:44:04.638565 223 server/status/runtime.go:498  [n1] runtime stats: 185 MiB RSS, 124 goroutines, 107 MiB/77 MiB/202 MiB GO alloc/idle/total, 17 MiB/22 MiB CGO alloc/total, 30.1 CGO/sec, 0.3/0.2 %(u/s)time, 0.0 %gc (0x), 554 B/592 B (r/w)net
I200514 22:44:14.638686 223 server/status/runtime.go:498  [n1] runtime stats: 185 MiB RSS, 124 goroutines, 114 MiB/71 MiB/202 MiB GO alloc/idle/total, 17 MiB/22 MiB CGO alloc/total, 29.1 CGO/sec, 0.4/0.1 %(u/s)time, 0.0 %gc (0x), 0 B/0 B (r/w)net
I200514 22:44:24.632141 209 gossip/gossip.go:566  [n1] gossip status (ok, 1 node)
gossip client (0/3 cur/max conns)
gossip server (0/3 cur/max conns, infos 0/0 sent/received, bytes 0B/0B sent/received)
I200514 22:44:24.638818 223 server/status/runtime.go:498  [n1] runtime stats: 186 MiB RSS, 124 goroutines, 120 MiB/65 MiB/202 MiB GO alloc/idle/total, 17 MiB/22 MiB CGO alloc/total, 20.9 CGO/sec, 0.3/0.2 %(u/s)time, 0.0 %gc (0x), 0 B/0 B (r/w)net
I200514 22:44:29.449797 1 cli/start.go:865  received signal 'terminated'
I200514 22:44:29.450021 1 cli/start.go:930  initiating graceful shutdown of server
I200514 22:44:29.477876 4231 util/stop/stopper.go:542  [server drain process] quiescing; tasks left:
1      [async] intent_resolver_ir_batcher
1      [async] intent_resolver_gc_batcher
1      [async] closedts-rangefeed-subscriber
I200514 22:44:29.482863 4231 util/stop/stopper.go:542  [server drain process] quiescing; tasks left:
1      [async] intent_resolver_ir_batcher
1      [async] closedts-rangefeed-subscriber
I200514 22:44:29.483044 4231 util/stop/stopper.go:542  [server drain process] quiescing; tasks left:
1      [async] closedts-rangefeed-subscriber
W200514 22:44:29.483333 66 vendor/google.golang.org/grpc/clientconn.go:1206  grpc: addrConn.createTransport failed to connect to {8b495f8a85d9:26257 0  <nil>}. Err :connection error: desc = "transport: failed to write client preface: io: read/write on closed pipe". Reconnecting...
I200514 22:44:29.484132 4231 storage/engine/rocksdb.go:762  closing rocksdb instance at "/var/lib/cockroach/cockroach-temp191406416"
I200514 22:44:29.493758 4231 storage/engine/rocksdb.go:762  closing rocksdb instance at "/var/lib/cockroach"
I200514 22:44:29.503907 1 cli/start.go:976  server drained and shutdown completed
