I200512 13:58:11.394453 26 util/log/clog.go:1196  [config] file created at: 2020/05/12 13:58:11
I200512 13:58:11.394453 26 util/log/clog.go:1196  [config] running on machine: 92c706cb081b
I200512 13:58:11.394453 26 util/log/clog.go:1196  [config] binary: CockroachDB CCL v19.2.5 (x86_64-unknown-linux-gnu, built 2020/03/16 18:27:12, go1.12.12)
I200512 13:58:11.394453 26 util/log/clog.go:1196  [config] arguments: [/cockroach/cockroach start --insecure --store=attrs=ssd,path=/var/lib/cockroach/]
I200512 13:58:11.394453 26 util/log/clog.go:1196  line format: [IWEF]yymmdd hh:mm:ss.uuuuuu goid file:line msg utf8=✓
I200512 13:58:11.394452 26 storage/engine/rocksdb.go:120  RocksDB version: 6.2.1
I200512 13:58:11.399608 26 storage/engine/rocksdb.go:120  Git sha rocksdb_build_git_sha:@b7009236531fa784872f4823eabf393501e41bf2@
I200512 13:58:11.421362 26 storage/engine/rocksdb.go:120  Compile date Mar 16 2020
I200512 13:58:11.421367 26 storage/engine/rocksdb.go:120  DB SUMMARY
I200512 13:58:11.421818 26 storage/engine/rocksdb.go:120  SST files in /var/lib/cockroach/cockroach-temp530601165 dir, Total Num: 0, files: 
I200512 13:58:11.421822 26 storage/engine/rocksdb.go:120  Write Ahead Log file in /var/lib/cockroach/cockroach-temp530601165: 
I200512 13:58:11.421826 26 storage/engine/rocksdb.go:120                          Options.error_if_exists: 0
I200512 13:58:11.421829 26 storage/engine/rocksdb.go:120                        Options.create_if_missing: 1
I200512 13:58:11.421831 26 storage/engine/rocksdb.go:120                          Options.paranoid_checks: 1
I200512 13:58:11.421834 26 storage/engine/rocksdb.go:120                                      Options.env: 0x75757a0
I200512 13:58:11.421837 26 storage/engine/rocksdb.go:120                                 Options.info_log: 0x7f48a30270e0
I200512 13:58:11.421839 26 storage/engine/rocksdb.go:120                 Options.max_file_opening_threads: 16
I200512 13:58:11.421842 26 storage/engine/rocksdb.go:120                               Options.statistics: 0x7f48a3034010
I200512 13:58:11.421845 26 storage/engine/rocksdb.go:120                                Options.use_fsync: 0
I200512 13:58:11.421847 26 storage/engine/rocksdb.go:120                        Options.max_log_file_size: 0
I200512 13:58:11.421850 26 storage/engine/rocksdb.go:120                   Options.max_manifest_file_size: 134217728
I200512 13:58:11.421852 26 storage/engine/rocksdb.go:120                    Options.log_file_time_to_roll: 0
I200512 13:58:11.421855 26 storage/engine/rocksdb.go:120                        Options.keep_log_file_num: 1000
I200512 13:58:11.421858 26 storage/engine/rocksdb.go:120                     Options.recycle_log_file_num: 1
I200512 13:58:11.421861 26 storage/engine/rocksdb.go:120                          Options.allow_fallocate: 1
I200512 13:58:11.421864 26 storage/engine/rocksdb.go:120                         Options.allow_mmap_reads: 0
I200512 13:58:11.421866 26 storage/engine/rocksdb.go:120                        Options.allow_mmap_writes: 0
I200512 13:58:11.421869 26 storage/engine/rocksdb.go:120                         Options.use_direct_reads: 0
I200512 13:58:11.421871 26 storage/engine/rocksdb.go:120                         Options.use_direct_io_for_flush_and_compaction: 0
I200512 13:58:11.421875 26 storage/engine/rocksdb.go:120           Options.create_missing_column_families: 0
I200512 13:58:11.421877 26 storage/engine/rocksdb.go:120                               Options.db_log_dir: 
I200512 13:58:11.421880 26 storage/engine/rocksdb.go:120                                  Options.wal_dir: /var/lib/cockroach/cockroach-temp530601165
I200512 13:58:11.421882 26 storage/engine/rocksdb.go:120                 Options.table_cache_numshardbits: 6
I200512 13:58:11.421885 26 storage/engine/rocksdb.go:120                       Options.max_subcompactions: 1
I200512 13:58:11.421888 26 storage/engine/rocksdb.go:120                   Options.max_background_flushes: -1
I200512 13:58:11.421890 26 storage/engine/rocksdb.go:120                          Options.WAL_ttl_seconds: 0
I200512 13:58:11.421893 26 storage/engine/rocksdb.go:120                        Options.WAL_size_limit_MB: 0
I200512 13:58:11.421896 26 storage/engine/rocksdb.go:120              Options.manifest_preallocation_size: 4194304
I200512 13:58:11.421898 26 storage/engine/rocksdb.go:120                      Options.is_fd_close_on_exec: 1
I200512 13:58:11.421901 26 storage/engine/rocksdb.go:120                    Options.advise_random_on_open: 1
I200512 13:58:11.421903 26 storage/engine/rocksdb.go:120                     Options.db_write_buffer_size: 0
I200512 13:58:11.421906 26 storage/engine/rocksdb.go:120                     Options.write_buffer_manager: 0x7f48a30190f0
I200512 13:58:11.421908 26 storage/engine/rocksdb.go:120          Options.access_hint_on_compaction_start: 1
I200512 13:58:11.421911 26 storage/engine/rocksdb.go:120   Options.new_table_reader_for_compaction_inputs: 0
I200512 13:58:11.421914 26 storage/engine/rocksdb.go:120            Options.random_access_max_buffer_size: 1048576
I200512 13:58:11.421916 26 storage/engine/rocksdb.go:120                       Options.use_adaptive_mutex: 0
I200512 13:58:11.421919 26 storage/engine/rocksdb.go:120                             Options.rate_limiter: (nil)
I200512 13:58:11.421922 26 storage/engine/rocksdb.go:120      Options.sst_file_manager.rate_bytes_per_sec: 0
I200512 13:58:11.421924 26 storage/engine/rocksdb.go:120                        Options.wal_recovery_mode: 0
I200512 13:58:11.421927 26 storage/engine/rocksdb.go:120                   Options.enable_thread_tracking: 0
I200512 13:58:11.421929 26 storage/engine/rocksdb.go:120                   Options.enable_pipelined_write: 0
I200512 13:58:11.421932 26 storage/engine/rocksdb.go:120          Options.allow_concurrent_memtable_write: 1
I200512 13:58:11.421934 26 storage/engine/rocksdb.go:120       Options.enable_write_thread_adaptive_yield: 1
I200512 13:58:11.421937 26 storage/engine/rocksdb.go:120              Options.write_thread_max_yield_usec: 100
I200512 13:58:11.421940 26 storage/engine/rocksdb.go:120             Options.write_thread_slow_yield_usec: 3
I200512 13:58:11.421942 26 storage/engine/rocksdb.go:120                                Options.row_cache: None
I200512 13:58:11.421945 26 storage/engine/rocksdb.go:120                               Options.wal_filter: None
I200512 13:58:11.421947 26 storage/engine/rocksdb.go:120              Options.avoid_flush_during_recovery: 0
I200512 13:58:11.421950 26 storage/engine/rocksdb.go:120              Options.allow_ingest_behind: 0
I200512 13:58:11.421953 26 storage/engine/rocksdb.go:120              Options.preserve_deletes: 0
I200512 13:58:11.421955 26 storage/engine/rocksdb.go:120              Options.two_write_queues: 0
I200512 13:58:11.421958 26 storage/engine/rocksdb.go:120              Options.manual_wal_flush: 1
I200512 13:58:11.421960 26 storage/engine/rocksdb.go:120              Options.atomic_flush: 0
I200512 13:58:11.421963 26 storage/engine/rocksdb.go:120              Options.avoid_unnecessary_blocking_io: 0
I200512 13:58:11.421965 26 storage/engine/rocksdb.go:120              Options.max_background_jobs: 2
I200512 13:58:11.421969 26 storage/engine/rocksdb.go:120              Options.max_background_compactions: -1
I200512 13:58:11.421972 26 storage/engine/rocksdb.go:120              Options.avoid_flush_during_shutdown: 0
I200512 13:58:11.422018 26 storage/engine/rocksdb.go:120            Options.writable_file_max_buffer_size: 1048576
I200512 13:58:11.422021 26 storage/engine/rocksdb.go:120              Options.delayed_write_rate : 16777216
I200512 13:58:11.422024 26 storage/engine/rocksdb.go:120              Options.max_total_wal_size: 0
I200512 13:58:11.422027 26 storage/engine/rocksdb.go:120              Options.delete_obsolete_files_period_micros: 21600000000
I200512 13:58:11.422030 26 storage/engine/rocksdb.go:120                    Options.stats_dump_period_sec: 0
I200512 13:58:11.422032 26 storage/engine/rocksdb.go:120                  Options.stats_persist_period_sec: 600
I200512 13:58:11.422035 26 storage/engine/rocksdb.go:120                  Options.stats_history_buffer_size: 1048576
I200512 13:58:11.422038 26 storage/engine/rocksdb.go:120                           Options.max_open_files: 128
I200512 13:58:11.422040 26 storage/engine/rocksdb.go:120                           Options.bytes_per_sync: 524288
I200512 13:58:11.422043 26 storage/engine/rocksdb.go:120                       Options.wal_bytes_per_sync: 0
I200512 13:58:11.422045 26 storage/engine/rocksdb.go:120                    Options.strict_bytes_per_sync: 1
I200512 13:58:11.422048 26 storage/engine/rocksdb.go:120        Options.compaction_readahead_size: 0
I200512 13:58:11.422050 26 storage/engine/rocksdb.go:120  Compression algorithms supported:
I200512 13:58:11.422053 26 storage/engine/rocksdb.go:120  	kZSTDNotFinalCompression supported: 0
I200512 13:58:11.422056 26 storage/engine/rocksdb.go:120  	kZSTD supported: 0
I200512 13:58:11.422059 26 storage/engine/rocksdb.go:120  	kXpressCompression supported: 0
I200512 13:58:11.422062 26 storage/engine/rocksdb.go:120  	kLZ4HCCompression supported: 0
I200512 13:58:11.422064 26 storage/engine/rocksdb.go:120  	kLZ4Compression supported: 0
I200512 13:58:11.422067 26 storage/engine/rocksdb.go:120  	kBZip2Compression supported: 0
I200512 13:58:11.422069 26 storage/engine/rocksdb.go:120  	kZlibCompression supported: 0
I200512 13:58:11.422072 26 storage/engine/rocksdb.go:120  	kSnappyCompression supported: 1
I200512 13:58:11.422078 26 storage/engine/rocksdb.go:120  Fast CRC32 supported: Supported on x86
I200512 13:58:11.423893 26 storage/engine/rocksdb.go:120  [db/db_impl_open.cc:242] Creating manifest 1 
I200512 13:58:11.445065 26 storage/engine/rocksdb.go:120  [db/version_set.cc:4072] Recovering from manifest file: /var/lib/cockroach/cockroach-temp530601165/MANIFEST-000001
I200512 13:58:11.446363 26 storage/engine/rocksdb.go:120  [db/column_family.cc:488] --------------- Options for column family [default]:
I200512 13:58:11.446369 26 storage/engine/rocksdb.go:120                Options.comparator: cockroach_comparator
I200512 13:58:11.446372 26 storage/engine/rocksdb.go:120            Options.merge_operator: cockroach_merge_operator
I200512 13:58:11.446376 26 storage/engine/rocksdb.go:120         Options.compaction_filter: None
I200512 13:58:11.446378 26 storage/engine/rocksdb.go:120         Options.compaction_filter_factory: None
I200512 13:58:11.446381 26 storage/engine/rocksdb.go:120          Options.memtable_factory: SkipListFactory
I200512 13:58:11.446384 26 storage/engine/rocksdb.go:120             Options.table_factory: BlockBasedTable
I200512 13:58:11.446403 26 storage/engine/rocksdb.go:120             table_factory options:   flush_block_policy_factory: FlushBlockBySizePolicyFactory (0x7f48a3028030)
  cache_index_and_filter_blocks: 0
  cache_index_and_filter_blocks_with_high_priority: 0
  pin_l0_filter_and_index_blocks_in_cache: 0
  pin_top_level_index_and_filter: 1
  index_type: 0
  data_block_index_type: 0
  index_shortening: 1
  data_block_hash_table_util_ratio: 0.750000
  hash_index_allow_collision: 1
  checksum: 1
  no_block_cache: 0
  block_cache: 0x7f48a301c010
  block_cache_name: LRUCache
  block_cache_options:
    capacity : 1048576
    num_shard_bits : 4
    strict_capacity_limit : 0
    memory_allocator : None
    high_pri_pool_ratio: 0.000
  block_cache_compressed: (nil)
  persistent_cache: (nil)
  block_size: 32768
  block_size_deviation: 10
  block_restart_interval: 16
  index_block_restart_interval: 1
  metadata_block_size: 4096
  partition_filters: 0
  use_delta_encoding: 1
  filter_policy: rocksdb.BuiltinBloomFilter
  whole_key_filtering: 0
  verify_compression: 0
  read_amp_bytes_per_bit: 0
  format_version: 2
  enable_index_compression: 1
  block_align: 0
I200512 13:58:11.446407 26 storage/engine/rocksdb.go:120         Options.write_buffer_size: 67108864
I200512 13:58:11.446411 26 storage/engine/rocksdb.go:120   Options.max_write_buffer_number: 4
I200512 13:58:11.446414 26 storage/engine/rocksdb.go:120           Options.compression: Snappy
I200512 13:58:11.446417 26 storage/engine/rocksdb.go:120                   Options.bottommost_compression: Disabled
I200512 13:58:11.446419 26 storage/engine/rocksdb.go:120        Options.prefix_extractor: cockroach_prefix_extractor
I200512 13:58:11.446422 26 storage/engine/rocksdb.go:120    Options.memtable_insert_with_hint_prefix_extractor: nullptr
I200512 13:58:11.446425 26 storage/engine/rocksdb.go:120              Options.num_levels: 7
I200512 13:58:11.446427 26 storage/engine/rocksdb.go:120         Options.min_write_buffer_number_to_merge: 1
I200512 13:58:11.446430 26 storage/engine/rocksdb.go:120      Options.max_write_buffer_number_to_maintain: 0
I200512 13:58:11.446433 26 storage/engine/rocksdb.go:120             Options.bottommost_compression_opts.window_bits: -14
I200512 13:58:11.446435 26 storage/engine/rocksdb.go:120                   Options.bottommost_compression_opts.level: 32767
I200512 13:58:11.446438 26 storage/engine/rocksdb.go:120                Options.bottommost_compression_opts.strategy: 0
I200512 13:58:11.446443 26 storage/engine/rocksdb.go:120          Options.bottommost_compression_opts.max_dict_bytes: 0
I200512 13:58:11.446446 26 storage/engine/rocksdb.go:120          Options.bottommost_compression_opts.zstd_max_train_bytes: 0
I200512 13:58:11.446449 26 storage/engine/rocksdb.go:120                   Options.bottommost_compression_opts.enabled: false
I200512 13:58:11.446451 26 storage/engine/rocksdb.go:120             Options.compression_opts.window_bits: -14
I200512 13:58:11.446454 26 storage/engine/rocksdb.go:120                   Options.compression_opts.level: 32767
I200512 13:58:11.446456 26 storage/engine/rocksdb.go:120                Options.compression_opts.strategy: 0
I200512 13:58:11.446459 26 storage/engine/rocksdb.go:120          Options.compression_opts.max_dict_bytes: 0
I200512 13:58:11.446461 26 storage/engine/rocksdb.go:120          Options.compression_opts.zstd_max_train_bytes: 0
I200512 13:58:11.446464 26 storage/engine/rocksdb.go:120                   Options.compression_opts.enabled: false
I200512 13:58:11.446466 26 storage/engine/rocksdb.go:120       Options.level0_file_num_compaction_trigger: 2
I200512 13:58:11.446469 26 storage/engine/rocksdb.go:120           Options.level0_slowdown_writes_trigger: 950
I200512 13:58:11.446472 26 storage/engine/rocksdb.go:120               Options.level0_stop_writes_trigger: 1000
I200512 13:58:11.446474 26 storage/engine/rocksdb.go:120                    Options.target_file_size_base: 4194304
I200512 13:58:11.446491 26 storage/engine/rocksdb.go:120              Options.target_file_size_multiplier: 2
I200512 13:58:11.446494 26 storage/engine/rocksdb.go:120                 Options.max_bytes_for_level_base: 67108864
I200512 13:58:11.446497 26 storage/engine/rocksdb.go:120  Options.level_compaction_dynamic_level_bytes: 1
I200512 13:58:11.446502 26 storage/engine/rocksdb.go:120           Options.max_bytes_for_level_multiplier: 10.000000
I200512 13:58:11.446504 26 storage/engine/rocksdb.go:120  Options.max_bytes_for_level_multiplier_addtl[0]: 1
I200512 13:58:11.446507 26 storage/engine/rocksdb.go:120  Options.max_bytes_for_level_multiplier_addtl[1]: 1
I200512 13:58:11.446510 26 storage/engine/rocksdb.go:120  Options.max_bytes_for_level_multiplier_addtl[2]: 1
I200512 13:58:11.446513 26 storage/engine/rocksdb.go:120  Options.max_bytes_for_level_multiplier_addtl[3]: 1
I200512 13:58:11.446515 26 storage/engine/rocksdb.go:120  Options.max_bytes_for_level_multiplier_addtl[4]: 1
I200512 13:58:11.446518 26 storage/engine/rocksdb.go:120  Options.max_bytes_for_level_multiplier_addtl[5]: 1
I200512 13:58:11.446521 26 storage/engine/rocksdb.go:120  Options.max_bytes_for_level_multiplier_addtl[6]: 1
I200512 13:58:11.446523 26 storage/engine/rocksdb.go:120        Options.max_sequential_skip_in_iterations: 8
I200512 13:58:11.446526 26 storage/engine/rocksdb.go:120                     Options.max_compaction_bytes: 104857600
I200512 13:58:11.446528 26 storage/engine/rocksdb.go:120                         Options.arena_block_size: 8388608
I200512 13:58:11.446531 26 storage/engine/rocksdb.go:120    Options.soft_pending_compaction_bytes_limit: 2199023255552
I200512 13:58:11.446533 26 storage/engine/rocksdb.go:120    Options.hard_pending_compaction_bytes_limit: 4400193994752
I200512 13:58:11.446536 26 storage/engine/rocksdb.go:120        Options.rate_limit_delay_max_milliseconds: 100
I200512 13:58:11.446539 26 storage/engine/rocksdb.go:120                 Options.disable_auto_compactions: 0
I200512 13:58:11.446543 26 storage/engine/rocksdb.go:120                         Options.compaction_style: kCompactionStyleLevel
I200512 13:58:11.446545 26 storage/engine/rocksdb.go:120                           Options.compaction_pri: kMinOverlappingRatio
I200512 13:58:11.446548 26 storage/engine/rocksdb.go:120  Options.compaction_options_universal.size_ratio: 1
I200512 13:58:11.446550 26 storage/engine/rocksdb.go:120  Options.compaction_options_universal.min_merge_width: 2
I200512 13:58:11.446553 26 storage/engine/rocksdb.go:120  Options.compaction_options_universal.max_merge_width: 4294967295
I200512 13:58:11.446556 26 storage/engine/rocksdb.go:120  Options.compaction_options_universal.max_size_amplification_percent: 200
I200512 13:58:11.446558 26 storage/engine/rocksdb.go:120  Options.compaction_options_universal.compression_size_percent: -1
I200512 13:58:11.446561 26 storage/engine/rocksdb.go:120  Options.compaction_options_universal.stop_style: kCompactionStopStyleTotalSize
I200512 13:58:11.446564 26 storage/engine/rocksdb.go:120  Options.compaction_options_fifo.max_table_files_size: 1073741824
I200512 13:58:11.446566 26 storage/engine/rocksdb.go:120  Options.compaction_options_fifo.allow_compaction: 0
I200512 13:58:11.446570 26 storage/engine/rocksdb.go:120                    Options.table_properties_collectors: TimeBoundTblPropCollectorFactory; DeleteRangeTblPropCollectorFactory; 
I200512 13:58:11.446574 26 storage/engine/rocksdb.go:120                    Options.inplace_update_support: 0
I200512 13:58:11.446576 26 storage/engine/rocksdb.go:120                  Options.inplace_update_num_locks: 10000
I200512 13:58:11.446579 26 storage/engine/rocksdb.go:120                Options.memtable_prefix_bloom_size_ratio: 0.000000
I200512 13:58:11.446582 26 storage/engine/rocksdb.go:120                Options.memtable_whole_key_filtering: 0
I200512 13:58:11.446586 26 storage/engine/rocksdb.go:120    Options.memtable_huge_page_size: 0
I200512 13:58:11.446589 26 storage/engine/rocksdb.go:120                            Options.bloom_locality: 0
I200512 13:58:11.446592 26 storage/engine/rocksdb.go:120                     Options.max_successive_merges: 0
I200512 13:58:11.446594 26 storage/engine/rocksdb.go:120                 Options.optimize_filters_for_hits: 1
I200512 13:58:11.446597 26 storage/engine/rocksdb.go:120                 Options.paranoid_file_checks: 0
I200512 13:58:11.446600 26 storage/engine/rocksdb.go:120                 Options.force_consistency_checks: 0
I200512 13:58:11.446602 26 storage/engine/rocksdb.go:120                 Options.report_bg_io_stats: 0
I200512 13:58:11.446605 26 storage/engine/rocksdb.go:120                                Options.ttl: 0
I200512 13:58:11.446607 26 storage/engine/rocksdb.go:120           Options.periodic_compaction_seconds: 0
I200512 13:58:11.452044 26 storage/engine/rocksdb.go:120  [db/version_set.cc:4286] Recovered from manifest file:/var/lib/cockroach/cockroach-temp530601165/MANIFEST-000001 succeeded,manifest_file_number is 1, next_file_number is 3, last_sequence is 0, log_number is 0,prev_log_number is 0,max_column_family is 0,min_log_number_to_keep is 0
I200512 13:58:11.452052 26 storage/engine/rocksdb.go:120  [db/version_set.cc:4295] Column family [default] (ID 0), log number is 0
I200512 13:58:11.471470 26 storage/engine/rocksdb.go:120  DB pointer 0x7f48a30a4000
I200512 13:58:11.498277 26 storage/engine/rocksdb.go:120  RocksDB version: 6.2.1
I200512 13:58:11.498286 26 storage/engine/rocksdb.go:120  Git sha rocksdb_build_git_sha:@b7009236531fa784872f4823eabf393501e41bf2@
I200512 13:58:11.498289 26 storage/engine/rocksdb.go:120  Compile date Mar 16 2020
I200512 13:58:11.498293 26 storage/engine/rocksdb.go:120  DB SUMMARY
I200512 13:58:11.499530 26 storage/engine/rocksdb.go:120  CURRENT file:  CURRENT
I200512 13:58:11.499538 26 storage/engine/rocksdb.go:120  IDENTITY file:  IDENTITY
I200512 13:58:11.499878 26 storage/engine/rocksdb.go:120  MANIFEST file:  MANIFEST-000152 size: 349 Bytes
I200512 13:58:11.499884 26 storage/engine/rocksdb.go:120  SST files in /var/lib/cockroach dir, Total Num: 3, files: 000148.sst 000149.sst 000151.sst 
I200512 13:58:11.499900 26 storage/engine/rocksdb.go:120  Write Ahead Log file in /var/lib/cockroach: 000153.log size: 243852 ; 
I200512 13:58:11.499905 26 storage/engine/rocksdb.go:120                          Options.error_if_exists: 0
I200512 13:58:11.499908 26 storage/engine/rocksdb.go:120                        Options.create_if_missing: 1
I200512 13:58:11.499911 26 storage/engine/rocksdb.go:120                          Options.paranoid_checks: 1
I200512 13:58:11.499913 26 storage/engine/rocksdb.go:120                                      Options.env: 0x75757a0
I200512 13:58:11.499916 26 storage/engine/rocksdb.go:120                                 Options.info_log: 0x7f48ab287f20
I200512 13:58:11.499919 26 storage/engine/rocksdb.go:120                 Options.max_file_opening_threads: 16
I200512 13:58:11.499921 26 storage/engine/rocksdb.go:120                               Options.statistics: 0x7f48ab21d8d0
I200512 13:58:11.499924 26 storage/engine/rocksdb.go:120                                Options.use_fsync: 0
I200512 13:58:11.499927 26 storage/engine/rocksdb.go:120                        Options.max_log_file_size: 0
I200512 13:58:11.499929 26 storage/engine/rocksdb.go:120                   Options.max_manifest_file_size: 134217728
I200512 13:58:11.499932 26 storage/engine/rocksdb.go:120                    Options.log_file_time_to_roll: 0
I200512 13:58:11.499935 26 storage/engine/rocksdb.go:120                        Options.keep_log_file_num: 1000
I200512 13:58:11.499938 26 storage/engine/rocksdb.go:120                     Options.recycle_log_file_num: 1
I200512 13:58:11.499949 26 storage/engine/rocksdb.go:120                          Options.allow_fallocate: 1
I200512 13:58:11.499952 26 storage/engine/rocksdb.go:120                         Options.allow_mmap_reads: 0
I200512 13:58:11.499954 26 storage/engine/rocksdb.go:120                        Options.allow_mmap_writes: 0
I200512 13:58:11.499957 26 storage/engine/rocksdb.go:120                         Options.use_direct_reads: 0
I200512 13:58:11.499960 26 storage/engine/rocksdb.go:120                         Options.use_direct_io_for_flush_and_compaction: 0
I200512 13:58:11.499962 26 storage/engine/rocksdb.go:120           Options.create_missing_column_families: 0
I200512 13:58:11.499965 26 storage/engine/rocksdb.go:120                               Options.db_log_dir: 
I200512 13:58:11.499967 26 storage/engine/rocksdb.go:120                                  Options.wal_dir: /var/lib/cockroach
I200512 13:58:11.499970 26 storage/engine/rocksdb.go:120                 Options.table_cache_numshardbits: 6
I200512 13:58:11.499973 26 storage/engine/rocksdb.go:120                       Options.max_subcompactions: 1
I200512 13:58:11.499975 26 storage/engine/rocksdb.go:120                   Options.max_background_flushes: -1
I200512 13:58:11.500016 26 storage/engine/rocksdb.go:120                          Options.WAL_ttl_seconds: 0
I200512 13:58:11.500048 26 storage/engine/rocksdb.go:120                        Options.WAL_size_limit_MB: 0
I200512 13:58:11.500055 26 storage/engine/rocksdb.go:120              Options.manifest_preallocation_size: 4194304
I200512 13:58:11.500059 26 storage/engine/rocksdb.go:120                      Options.is_fd_close_on_exec: 1
I200512 13:58:11.500084 26 storage/engine/rocksdb.go:120                    Options.advise_random_on_open: 1
I200512 13:58:11.500091 26 storage/engine/rocksdb.go:120                     Options.db_write_buffer_size: 0
I200512 13:58:11.500094 26 storage/engine/rocksdb.go:120                     Options.write_buffer_manager: 0x7f48ab260cb0
I200512 13:58:11.500097 26 storage/engine/rocksdb.go:120          Options.access_hint_on_compaction_start: 1
I200512 13:58:11.500100 26 storage/engine/rocksdb.go:120   Options.new_table_reader_for_compaction_inputs: 0
I200512 13:58:11.500126 26 storage/engine/rocksdb.go:120            Options.random_access_max_buffer_size: 1048576
I200512 13:58:11.500133 26 storage/engine/rocksdb.go:120                       Options.use_adaptive_mutex: 0
I200512 13:58:11.500137 26 storage/engine/rocksdb.go:120                             Options.rate_limiter: (nil)
I200512 13:58:11.500140 26 storage/engine/rocksdb.go:120      Options.sst_file_manager.rate_bytes_per_sec: 0
I200512 13:58:11.500142 26 storage/engine/rocksdb.go:120                        Options.wal_recovery_mode: 0
I200512 13:58:11.500145 26 storage/engine/rocksdb.go:120                   Options.enable_thread_tracking: 0
I200512 13:58:11.500148 26 storage/engine/rocksdb.go:120                   Options.enable_pipelined_write: 0
I200512 13:58:11.500151 26 storage/engine/rocksdb.go:120          Options.allow_concurrent_memtable_write: 1
I200512 13:58:11.500153 26 storage/engine/rocksdb.go:120       Options.enable_write_thread_adaptive_yield: 1
I200512 13:58:11.500156 26 storage/engine/rocksdb.go:120              Options.write_thread_max_yield_usec: 100
I200512 13:58:11.500159 26 storage/engine/rocksdb.go:120             Options.write_thread_slow_yield_usec: 3
I200512 13:58:11.500161 26 storage/engine/rocksdb.go:120                                Options.row_cache: None
I200512 13:58:11.500164 26 storage/engine/rocksdb.go:120                               Options.wal_filter: None
I200512 13:58:11.500166 26 storage/engine/rocksdb.go:120              Options.avoid_flush_during_recovery: 0
I200512 13:58:11.500169 26 storage/engine/rocksdb.go:120              Options.allow_ingest_behind: 0
I200512 13:58:11.500172 26 storage/engine/rocksdb.go:120              Options.preserve_deletes: 0
I200512 13:58:11.500175 26 storage/engine/rocksdb.go:120              Options.two_write_queues: 0
I200512 13:58:11.500177 26 storage/engine/rocksdb.go:120              Options.manual_wal_flush: 1
I200512 13:58:11.500180 26 storage/engine/rocksdb.go:120              Options.atomic_flush: 0
I200512 13:58:11.500182 26 storage/engine/rocksdb.go:120              Options.avoid_unnecessary_blocking_io: 0
I200512 13:58:11.500185 26 storage/engine/rocksdb.go:120              Options.max_background_jobs: 2
I200512 13:58:11.500188 26 storage/engine/rocksdb.go:120              Options.max_background_compactions: -1
I200512 13:58:11.500190 26 storage/engine/rocksdb.go:120              Options.avoid_flush_during_shutdown: 0
I200512 13:58:11.500193 26 storage/engine/rocksdb.go:120            Options.writable_file_max_buffer_size: 1048576
I200512 13:58:11.500196 26 storage/engine/rocksdb.go:120              Options.delayed_write_rate : 16777216
I200512 13:58:11.500198 26 storage/engine/rocksdb.go:120              Options.max_total_wal_size: 0
I200512 13:58:11.500201 26 storage/engine/rocksdb.go:120              Options.delete_obsolete_files_period_micros: 21600000000
I200512 13:58:11.500204 26 storage/engine/rocksdb.go:120                    Options.stats_dump_period_sec: 0
I200512 13:58:11.500207 26 storage/engine/rocksdb.go:120                  Options.stats_persist_period_sec: 600
I200512 13:58:11.500209 26 storage/engine/rocksdb.go:120                  Options.stats_history_buffer_size: 1048576
I200512 13:58:11.500212 26 storage/engine/rocksdb.go:120                           Options.max_open_files: 1043576
I200512 13:58:11.500214 26 storage/engine/rocksdb.go:120                           Options.bytes_per_sync: 524288
I200512 13:58:11.500217 26 storage/engine/rocksdb.go:120                       Options.wal_bytes_per_sync: 0
I200512 13:58:11.500219 26 storage/engine/rocksdb.go:120                    Options.strict_bytes_per_sync: 1
I200512 13:58:11.500241 26 storage/engine/rocksdb.go:120        Options.compaction_readahead_size: 0
I200512 13:58:11.500244 26 storage/engine/rocksdb.go:120  Compression algorithms supported:
I200512 13:58:11.500247 26 storage/engine/rocksdb.go:120  	kZSTDNotFinalCompression supported: 0
I200512 13:58:11.500250 26 storage/engine/rocksdb.go:120  	kZSTD supported: 0
I200512 13:58:11.500252 26 storage/engine/rocksdb.go:120  	kXpressCompression supported: 0
I200512 13:58:11.500255 26 storage/engine/rocksdb.go:120  	kLZ4HCCompression supported: 0
I200512 13:58:11.500258 26 storage/engine/rocksdb.go:120  	kLZ4Compression supported: 0
I200512 13:58:11.500261 26 storage/engine/rocksdb.go:120  	kBZip2Compression supported: 0
I200512 13:58:11.500263 26 storage/engine/rocksdb.go:120  	kZlibCompression supported: 0
I200512 13:58:11.500266 26 storage/engine/rocksdb.go:120  	kSnappyCompression supported: 1
I200512 13:58:11.500274 26 storage/engine/rocksdb.go:120  Fast CRC32 supported: Supported on x86
I200512 13:58:11.503537 26 storage/engine/rocksdb.go:120  [db/version_set.cc:4072] Recovering from manifest file: /var/lib/cockroach/MANIFEST-000152
I200512 13:58:11.504072 26 storage/engine/rocksdb.go:120  [db/column_family.cc:488] --------------- Options for column family [default]:
I200512 13:58:11.504077 26 storage/engine/rocksdb.go:120                Options.comparator: cockroach_comparator
I200512 13:58:11.504080 26 storage/engine/rocksdb.go:120            Options.merge_operator: cockroach_merge_operator
I200512 13:58:11.504083 26 storage/engine/rocksdb.go:120         Options.compaction_filter: None
I200512 13:58:11.504086 26 storage/engine/rocksdb.go:120         Options.compaction_filter_factory: None
I200512 13:58:11.504089 26 storage/engine/rocksdb.go:120          Options.memtable_factory: SkipListFactory
I200512 13:58:11.504092 26 storage/engine/rocksdb.go:120             Options.table_factory: BlockBasedTable
I200512 13:58:11.504112 26 storage/engine/rocksdb.go:120             table_factory options:   flush_block_policy_factory: FlushBlockBySizePolicyFactory (0x7f48ab224038)
  cache_index_and_filter_blocks: 0
  cache_index_and_filter_blocks_with_high_priority: 0
  pin_l0_filter_and_index_blocks_in_cache: 0
  pin_top_level_index_and_filter: 1
  index_type: 0
  data_block_index_type: 0
  index_shortening: 1
  data_block_hash_table_util_ratio: 0.750000
  hash_index_allow_collision: 1
  checksum: 1
  no_block_cache: 0
  block_cache: 0x7f48ab27a190
  block_cache_name: LRUCache
  block_cache_options:
    capacity : 67108864
    num_shard_bits : 4
    strict_capacity_limit : 0
    memory_allocator : None
    high_pri_pool_ratio: 0.000
  block_cache_compressed: (nil)
  persistent_cache: (nil)
  block_size: 32768
  block_size_deviation: 10
  block_restart_interval: 16
  index_block_restart_interval: 1
  metadata_block_size: 4096
  partition_filters: 0
  use_delta_encoding: 1
  filter_policy: rocksdb.BuiltinBloomFilter
  whole_key_filtering: 0
  verify_compression: 0
  read_amp_bytes_per_bit: 0
  format_version: 2
  enable_index_compression: 1
  block_align: 0
I200512 13:58:11.504117 26 storage/engine/rocksdb.go:120         Options.write_buffer_size: 67108864
I200512 13:58:11.504121 26 storage/engine/rocksdb.go:120   Options.max_write_buffer_number: 4
I200512 13:58:11.504124 26 storage/engine/rocksdb.go:120           Options.compression: Snappy
I200512 13:58:11.504127 26 storage/engine/rocksdb.go:120                   Options.bottommost_compression: Disabled
I200512 13:58:11.504129 26 storage/engine/rocksdb.go:120        Options.prefix_extractor: cockroach_prefix_extractor
I200512 13:58:11.504132 26 storage/engine/rocksdb.go:120    Options.memtable_insert_with_hint_prefix_extractor: nullptr
I200512 13:58:11.504135 26 storage/engine/rocksdb.go:120              Options.num_levels: 7
I200512 13:58:11.504138 26 storage/engine/rocksdb.go:120         Options.min_write_buffer_number_to_merge: 1
I200512 13:58:11.504141 26 storage/engine/rocksdb.go:120      Options.max_write_buffer_number_to_maintain: 0
I200512 13:58:11.504144 26 storage/engine/rocksdb.go:120             Options.bottommost_compression_opts.window_bits: -14
I200512 13:58:11.504146 26 storage/engine/rocksdb.go:120                   Options.bottommost_compression_opts.level: 32767
I200512 13:58:11.504149 26 storage/engine/rocksdb.go:120                Options.bottommost_compression_opts.strategy: 0
I200512 13:58:11.504152 26 storage/engine/rocksdb.go:120          Options.bottommost_compression_opts.max_dict_bytes: 0
I200512 13:58:11.504154 26 storage/engine/rocksdb.go:120          Options.bottommost_compression_opts.zstd_max_train_bytes: 0
I200512 13:58:11.504157 26 storage/engine/rocksdb.go:120                   Options.bottommost_compression_opts.enabled: false
I200512 13:58:11.504160 26 storage/engine/rocksdb.go:120             Options.compression_opts.window_bits: -14
I200512 13:58:11.504162 26 storage/engine/rocksdb.go:120                   Options.compression_opts.level: 32767
I200512 13:58:11.504165 26 storage/engine/rocksdb.go:120                Options.compression_opts.strategy: 0
I200512 13:58:11.504167 26 storage/engine/rocksdb.go:120          Options.compression_opts.max_dict_bytes: 0
I200512 13:58:11.504170 26 storage/engine/rocksdb.go:120          Options.compression_opts.zstd_max_train_bytes: 0
I200512 13:58:11.504172 26 storage/engine/rocksdb.go:120                   Options.compression_opts.enabled: false
I200512 13:58:11.504175 26 storage/engine/rocksdb.go:120       Options.level0_file_num_compaction_trigger: 2
I200512 13:58:11.504178 26 storage/engine/rocksdb.go:120           Options.level0_slowdown_writes_trigger: 950
I200512 13:58:11.504180 26 storage/engine/rocksdb.go:120               Options.level0_stop_writes_trigger: 1000
I200512 13:58:11.504183 26 storage/engine/rocksdb.go:120                    Options.target_file_size_base: 4194304
I200512 13:58:11.504185 26 storage/engine/rocksdb.go:120              Options.target_file_size_multiplier: 2
I200512 13:58:11.504188 26 storage/engine/rocksdb.go:120                 Options.max_bytes_for_level_base: 67108864
I200512 13:58:11.504190 26 storage/engine/rocksdb.go:120  Options.level_compaction_dynamic_level_bytes: 1
I200512 13:58:11.504194 26 storage/engine/rocksdb.go:120           Options.max_bytes_for_level_multiplier: 10.000000
I200512 13:58:11.504196 26 storage/engine/rocksdb.go:120  Options.max_bytes_for_level_multiplier_addtl[0]: 1
I200512 13:58:11.504199 26 storage/engine/rocksdb.go:120  Options.max_bytes_for_level_multiplier_addtl[1]: 1
I200512 13:58:11.504201 26 storage/engine/rocksdb.go:120  Options.max_bytes_for_level_multiplier_addtl[2]: 1
I200512 13:58:11.504204 26 storage/engine/rocksdb.go:120  Options.max_bytes_for_level_multiplier_addtl[3]: 1
I200512 13:58:11.504207 26 storage/engine/rocksdb.go:120  Options.max_bytes_for_level_multiplier_addtl[4]: 1
I200512 13:58:11.504209 26 storage/engine/rocksdb.go:120  Options.max_bytes_for_level_multiplier_addtl[5]: 1
I200512 13:58:11.504212 26 storage/engine/rocksdb.go:120  Options.max_bytes_for_level_multiplier_addtl[6]: 1
I200512 13:58:11.504214 26 storage/engine/rocksdb.go:120        Options.max_sequential_skip_in_iterations: 8
I200512 13:58:11.504217 26 storage/engine/rocksdb.go:120                     Options.max_compaction_bytes: 104857600
I200512 13:58:11.504219 26 storage/engine/rocksdb.go:120                         Options.arena_block_size: 8388608
I200512 13:58:11.504232 26 storage/engine/rocksdb.go:120    Options.soft_pending_compaction_bytes_limit: 2199023255552
I200512 13:58:11.504235 26 storage/engine/rocksdb.go:120    Options.hard_pending_compaction_bytes_limit: 4400193994752
I200512 13:58:11.504237 26 storage/engine/rocksdb.go:120        Options.rate_limit_delay_max_milliseconds: 100
I200512 13:58:11.504240 26 storage/engine/rocksdb.go:120                 Options.disable_auto_compactions: 0
I200512 13:58:11.504243 26 storage/engine/rocksdb.go:120                         Options.compaction_style: kCompactionStyleLevel
I200512 13:58:11.504246 26 storage/engine/rocksdb.go:120                           Options.compaction_pri: kMinOverlappingRatio
I200512 13:58:11.504252 26 storage/engine/rocksdb.go:120  Options.compaction_options_universal.size_ratio: 1
I200512 13:58:11.504255 26 storage/engine/rocksdb.go:120  Options.compaction_options_universal.min_merge_width: 2
I200512 13:58:11.504257 26 storage/engine/rocksdb.go:120  Options.compaction_options_universal.max_merge_width: 4294967295
I200512 13:58:11.504260 26 storage/engine/rocksdb.go:120  Options.compaction_options_universal.max_size_amplification_percent: 200
I200512 13:58:11.504262 26 storage/engine/rocksdb.go:120  Options.compaction_options_universal.compression_size_percent: -1
I200512 13:58:11.504265 26 storage/engine/rocksdb.go:120  Options.compaction_options_universal.stop_style: kCompactionStopStyleTotalSize
I200512 13:58:11.504268 26 storage/engine/rocksdb.go:120  Options.compaction_options_fifo.max_table_files_size: 1073741824
I200512 13:58:11.504271 26 storage/engine/rocksdb.go:120  Options.compaction_options_fifo.allow_compaction: 0
I200512 13:58:11.504274 26 storage/engine/rocksdb.go:120                    Options.table_properties_collectors: TimeBoundTblPropCollectorFactory; DeleteRangeTblPropCollectorFactory; 
I200512 13:58:11.504278 26 storage/engine/rocksdb.go:120                    Options.inplace_update_support: 0
I200512 13:58:11.504281 26 storage/engine/rocksdb.go:120                  Options.inplace_update_num_locks: 10000
I200512 13:58:11.504283 26 storage/engine/rocksdb.go:120                Options.memtable_prefix_bloom_size_ratio: 0.000000
I200512 13:58:11.504286 26 storage/engine/rocksdb.go:120                Options.memtable_whole_key_filtering: 0
I200512 13:58:11.504289 26 storage/engine/rocksdb.go:120    Options.memtable_huge_page_size: 0
I200512 13:58:11.504291 26 storage/engine/rocksdb.go:120                            Options.bloom_locality: 0
I200512 13:58:11.504294 26 storage/engine/rocksdb.go:120                     Options.max_successive_merges: 0
I200512 13:58:11.504296 26 storage/engine/rocksdb.go:120                 Options.optimize_filters_for_hits: 1
I200512 13:58:11.504299 26 storage/engine/rocksdb.go:120                 Options.paranoid_file_checks: 0
I200512 13:58:11.504301 26 storage/engine/rocksdb.go:120                 Options.force_consistency_checks: 0
I200512 13:58:11.504304 26 storage/engine/rocksdb.go:120                 Options.report_bg_io_stats: 0
I200512 13:58:11.504306 26 storage/engine/rocksdb.go:120                                Options.ttl: 0
I200512 13:58:11.504309 26 storage/engine/rocksdb.go:120           Options.periodic_compaction_seconds: 0
I200512 13:58:11.510024 26 storage/engine/rocksdb.go:120  [db/version_set.cc:3086] More existing levels in DB than needed. max_bytes_for_level_multiplier may not be guaranteed.
I200512 13:58:11.510041 26 storage/engine/rocksdb.go:120  [db/version_set.cc:4286] Recovered from manifest file:/var/lib/cockroach/MANIFEST-000152 succeeded,manifest_file_number is 152, next_file_number is 154, last_sequence is 4416215, log_number is 146,prev_log_number is 0,max_column_family is 0,min_log_number_to_keep is 0
I200512 13:58:11.510044 26 storage/engine/rocksdb.go:120  [db/version_set.cc:4295] Column family [default] (ID 0), log number is 146
I200512 13:58:11.517103 26 storage/engine/rocksdb.go:120  EVENT_LOG_v1 {"time_micros": 1589291891517060, "job": 1, "event": "recovery_started", "log_files": [153]}
I200512 13:58:11.517118 26 storage/engine/rocksdb.go:120  [db/db_impl_open.cc:598] Recovering log #153 mode 0
I200512 13:58:11.537202 26 storage/engine/rocksdb.go:120  EVENT_LOG_v1 {"time_micros": 1589291891537155, "cf_name": "default", "job": 1, "event": "table_file_creation", "file_number": 154, "file_size": 49250, "table_properties": {"data_size": 46984, "index_size": 219, "index_partitions": 0, "top_level_index_size": 0, "index_key_is_user_key": 0, "index_value_is_delta_encoded": 0, "filter_size": 1093, "raw_key_size": 42058, "raw_average_key_size": 49, "raw_value_size": 190391, "raw_average_value_size": 224, "num_data_blocks": 5, "num_entries": 848, "num_deletions": 21, "num_merge_operands": 664, "num_range_deletions": 664, "format_version": 0, "fixed_key_len": 0, "filter_policy": "rocksdb.BuiltinBloomFilter", "column_family_name": "default", "column_family_id": 0, "comparator": "cockroach_comparator", "merge_operator": "cockroach_merge_operator", "prefix_extractor_name": "cockroach_prefix_extractor", "property_collectors": "[TimeBoundTblPropCollectorFactory,DeleteRangeTblPropCollectorFactory]", "compression": "Snappy", "compression_options": "window_bits=-14; level=32767; strategy=0; max_dict_bytes=0; zstd_max_train_bytes=0; enabled=0; ", "creation_time": 1589291891, "oldest_key_time": 3, "file_creation_time": 0}}
I200512 13:58:11.537421 26 storage/engine/rocksdb.go:120  [db/version_set.cc:3560] Creating manifest 155
I200512 13:58:11.540192 26 storage/engine/rocksdb.go:120  [db/version_set.cc:3086] More existing levels in DB than needed. max_bytes_for_level_multiplier may not be guaranteed.
I200512 13:58:11.552761 26 storage/engine/rocksdb.go:120  EVENT_LOG_v1 {"time_micros": 1589291891552737, "job": 1, "event": "recovery_finished"}
I200512 13:58:11.575839 17 storage/engine/rocksdb.go:120  [db/compaction_job.cc:1647] [default] [JOB 3] Compacting 2@0 + 2@6 files to L6, score 1.00
I200512 13:58:11.575851 17 storage/engine/rocksdb.go:120  [db/compaction_job.cc:1651] [default] Compaction start summary: Base version 2 Base level 0, inputs: [154(48KB) 151(46KB)], [148(4128KB) 149(1376KB)]
I200512 13:58:11.575879 17 storage/engine/rocksdb.go:120  EVENT_LOG_v1 {"time_micros": 1589291891575862, "job": 3, "event": "compaction_started", "compaction_reason": "LevelL0FilesNum", "files_L0": [154, 151], "files_L6": [148, 149], "score": 1, "input_data_size": 5733073}
I200512 13:58:11.586919 26 storage/engine/rocksdb.go:120  DB pointer 0x7f48ab369000
I200512 13:58:11.695704 17 storage/engine/rocksdb.go:120  [db/compaction_job.cc:1334] [default] [JOB 3] Generated table #159: 12836 keys, 4224606 bytes
I200512 13:58:11.695753 17 storage/engine/rocksdb.go:120  EVENT_LOG_v1 {"time_micros": 1589291891695726, "cf_name": "default", "job": 3, "event": "table_file_creation", "file_number": 159, "file_size": 4224606, "table_properties": {"data_size": 4204160, "index_size": 65603, "index_partitions": 0, "top_level_index_size": 0, "index_key_is_user_key": 0, "index_value_is_delta_encoded": 0, "filter_size": 0, "raw_key_size": 621605, "raw_average_key_size": 48, "raw_value_size": 29907716, "raw_average_value_size": 2329, "num_data_blocks": 964, "num_entries": 12836, "num_deletions": 0, "num_merge_operands": 0, "num_range_deletions": 0, "format_version": 0, "fixed_key_len": 0, "filter_policy": "rocksdb.BuiltinBloomFilter", "column_family_name": "default", "column_family_id": 0, "comparator": "cockroach_comparator", "merge_operator": "cockroach_merge_operator", "prefix_extractor_name": "cockroach_prefix_extractor", "property_collectors": "[TimeBoundTblPropCollectorFactory,DeleteRangeTblPropCollectorFactory]", "compression": "Snappy", "compression_options": "window_bits=-14; level=32767; strategy=0; max_dict_bytes=0; zstd_max_train_bytes=0; enabled=0; ", "creation_time": 1589291891, "oldest_key_time": 0, "file_creation_time": 1589291891}}
I200512 13:58:11.726147 17 storage/engine/rocksdb.go:120  [db/compaction_job.cc:1334] [default] [JOB 3] Generated table #160: 9670 keys, 1417152 bytes
I200512 13:58:11.726203 17 storage/engine/rocksdb.go:120  EVENT_LOG_v1 {"time_micros": 1589291891726167, "cf_name": "default", "job": 3, "event": "table_file_creation", "file_number": 160, "file_size": 1417152, "table_properties": {"data_size": 1410818, "index_size": 16798, "index_partitions": 0, "top_level_index_size": 0, "index_key_is_user_key": 0, "index_value_is_delta_encoded": 0, "filter_size": 0, "raw_key_size": 360475, "raw_average_key_size": 37, "raw_value_size": 7383346, "raw_average_value_size": 763, "num_data_blocks": 244, "num_entries": 9670, "num_deletions": 0, "num_merge_operands": 0, "num_range_deletions": 0, "format_version": 0, "fixed_key_len": 0, "filter_policy": "rocksdb.BuiltinBloomFilter", "column_family_name": "default", "column_family_id": 0, "comparator": "cockroach_comparator", "merge_operator": "cockroach_merge_operator", "prefix_extractor_name": "cockroach_prefix_extractor", "property_collectors": "[TimeBoundTblPropCollectorFactory,DeleteRangeTblPropCollectorFactory]", "compression": "Snappy", "compression_options": "window_bits=-14; level=32767; strategy=0; max_dict_bytes=0; zstd_max_train_bytes=0; enabled=0; ", "creation_time": 1589291891, "oldest_key_time": 0, "file_creation_time": 1589291891}}
I200512 13:58:11.729112 17 storage/engine/rocksdb.go:120  [db/compaction_job.cc:1397] [default] [JOB 3] Compacted 2@0 + 2@6 files to L6 => 5641758 bytes
I200512 13:58:11.729143 17 storage/engine/rocksdb.go:120  [db/version_set.cc:3086] More existing levels in DB than needed. max_bytes_for_level_multiplier may not be guaranteed.
I200512 13:58:11.729507 17 storage/engine/rocksdb.go:120  (Original Log Time 2020/05/12-13:58:11.729396) [db/compaction_job.cc:770] [default] compacted to: base level 6 level multiplier 10.00 max bytes base 67108864 files[0 0 0 0 0 0 2] max score 0.00, MB/sec: 38.0 rd, 37.4 wr, level 6, files in(2, 2) out(2) MB in(0.1, 5.4) out(5.4), read-write-amplify(117.6) write-amplify(58.3) OK, records in: 24255, records dropped: 421 output_compression: Snappy
I200512 13:58:11.729516 17 storage/engine/rocksdb.go:120  (Original Log Time 2020/05/12-13:58:11.729419) EVENT_LOG_v1 {"time_micros": 1589291891729409, "job": 3, "event": "compaction_finished", "compaction_time_micros": 150983, "compaction_time_cpu_micros": 59094, "output_level": 6, "num_output_files": 2, "total_output_size": 5641758, "num_input_records": 22927, "num_output_records": 22506, "num_subcompactions": 1, "output_compression": "Snappy", "num_single_delete_mismatches": 0, "num_single_delete_fallthrough": 0, "lsm_state": [0, 0, 0, 0, 0, 0, 2]}
I200512 13:58:11.730003 17 storage/engine/rocksdb.go:120  EVENT_LOG_v1 {"time_micros": 1589291891729990, "job": 3, "event": "table_file_deletion", "file_number": 154}
I200512 13:58:11.731380 17 storage/engine/rocksdb.go:120  EVENT_LOG_v1 {"time_micros": 1589291891731364, "job": 3, "event": "table_file_deletion", "file_number": 151}
I200512 13:58:11.733456 17 storage/engine/rocksdb.go:120  EVENT_LOG_v1 {"time_micros": 1589291891733429, "job": 3, "event": "table_file_deletion", "file_number": 149}
I200512 13:58:11.734730 17 storage/engine/rocksdb.go:120  EVENT_LOG_v1 {"time_micros": 1589291891734710, "job": 3, "event": "table_file_deletion", "file_number": 148}
I200512 14:43:42.144401 96 storage/engine/rocksdb.go:120  [db/db_impl_write.cc:1437] [default] New memtable created with log file: #161. Immutable memtables: 0.
I200512 14:43:42.145074 17 storage/engine/rocksdb.go:120  (Original Log Time 2020/05/12-14:43:42.145024) [db/db_impl_compaction_flush.cc:2097] Calling FlushMemTableToOutputFile with column family [default], flush slots available 1, compaction slots available 1, flush slots scheduled 1, compaction slots scheduled 0
I200512 14:43:42.145128 17 storage/engine/rocksdb.go:120  [db/flush_job.cc:322] [default] [JOB 4] Flushing memtable with next log file: 161
I200512 14:43:42.145163 17 storage/engine/rocksdb.go:120  EVENT_LOG_v1 {"time_micros": 1589294622145149, "job": 4, "event": "flush_started", "num_memtables": 1, "num_entries": 216454, "num_deletes": 7171, "total_data_size": 60998361, "memory_usage": 65061712, "flush_reason": "Write Buffer Full"}
I200512 14:43:42.145192 17 storage/engine/rocksdb.go:120  [db/flush_job.cc:351] [default] [JOB 4] Level-0 flush table #162: started
I200512 14:43:42.557597 17 storage/engine/rocksdb.go:120  EVENT_LOG_v1 {"time_micros": 1589294622557524, "cf_name": "default", "job": 4, "event": "table_file_creation", "file_number": 162, "file_size": 408536, "table_properties": {"data_size": 394784, "index_size": 4649, "index_partitions": 0, "top_level_index_size": 0, "index_key_is_user_key": 0, "index_value_is_delta_encoded": 0, "filter_size": 10309, "raw_key_size": 294592, "raw_average_key_size": 30, "raw_value_size": 2102787, "raw_average_value_size": 215, "num_data_blocks": 72, "num_entries": 9739, "num_deletions": 7030, "num_merge_operands": 1328, "num_range_deletions": 1328, "format_version": 0, "fixed_key_len": 0, "filter_policy": "rocksdb.BuiltinBloomFilter", "column_family_name": "default", "column_family_id": 0, "comparator": "cockroach_comparator", "merge_operator": "cockroach_merge_operator", "prefix_extractor_name": "cockroach_prefix_extractor", "property_collectors": "[TimeBoundTblPropCollectorFactory,DeleteRangeTblPropCollectorFactory]", "compression": "Snappy", "compression_options": "window_bits=-14; level=32767; strategy=0; max_dict_bytes=0; zstd_max_train_bytes=0; enabled=0; ", "creation_time": 1589294622, "oldest_key_time": 1589291891, "file_creation_time": 1589294622}}
I200512 14:43:42.557618 17 storage/engine/rocksdb.go:120  [db/flush_job.cc:392] [default] [JOB 4] Level-0 flush table #162: 408536 bytes OK
I200512 14:43:42.557669 17 storage/engine/rocksdb.go:120  [db/version_set.cc:3086] More existing levels in DB than needed. max_bytes_for_level_multiplier may not be guaranteed.
I200512 14:43:42.558253 17 storage/engine/rocksdb.go:120  [db/db_impl_files.cc:194] adding log 156 to recycle list
I200512 14:43:42.558266 17 storage/engine/rocksdb.go:120  (Original Log Time 2020/05/12-14:43:42.557646) [db/memtable_list.cc:386] [default] Level-0 commit table #162 started
I200512 14:43:42.558272 17 storage/engine/rocksdb.go:120  (Original Log Time 2020/05/12-14:43:42.557995) [db/memtable_list.cc:434] [default] Level-0 commit table #162: memtable #1 done
I200512 14:43:42.558277 17 storage/engine/rocksdb.go:120  (Original Log Time 2020/05/12-14:43:42.558007) EVENT_LOG_v1 {"time_micros": 1589294622558000, "job": 4, "event": "flush_finished", "output_compression": "Snappy", "lsm_state": [1, 0, 0, 0, 0, 0, 2], "immutable_memtables": 0}
I200512 14:43:42.558283 17 storage/engine/rocksdb.go:120  (Original Log Time 2020/05/12-14:43:42.558018) [db/db_impl_compaction_flush.cc:208] [default] Level summary: base level 6 level multiplier 10.00 max bytes base 67108864 files[1 0 0 0 0 0 2] max score 0.50
I200512 15:29:32.125693 104 storage/engine/rocksdb.go:120  [db/db_impl_open.cc:1125] reusing log 156 from recycle list
I200512 15:29:32.128044 104 storage/engine/rocksdb.go:120  [db/db_impl_write.cc:1437] [default] New memtable created with log file: #163. Immutable memtables: 0.
I200512 15:29:32.128214 17 storage/engine/rocksdb.go:120  (Original Log Time 2020/05/12-15:29:32.128178) [db/db_impl_compaction_flush.cc:2097] Calling FlushMemTableToOutputFile with column family [default], flush slots available 1, compaction slots available 1, flush slots scheduled 1, compaction slots scheduled 0
I200512 15:29:32.128250 17 storage/engine/rocksdb.go:120  [db/flush_job.cc:322] [default] [JOB 5] Flushing memtable with next log file: 163
I200512 15:29:32.128564 17 storage/engine/rocksdb.go:120  EVENT_LOG_v1 {"time_micros": 1589297372128266, "job": 5, "event": "flush_started", "num_memtables": 1, "num_entries": 215840, "num_deletes": 6920, "total_data_size": 61048496, "memory_usage": 65015576, "flush_reason": "Write Buffer Full"}
I200512 15:29:32.128698 17 storage/engine/rocksdb.go:120  [db/flush_job.cc:351] [default] [JOB 5] Level-0 flush table #164: started
I200512 15:29:32.476311 17 storage/engine/rocksdb.go:120  EVENT_LOG_v1 {"time_micros": 1589297372476206, "cf_name": "default", "job": 5, "event": "table_file_creation", "file_number": 164, "file_size": 397493, "table_properties": {"data_size": 384524, "index_size": 4423, "index_partitions": 0, "top_level_index_size": 0, "index_key_is_user_key": 0, "index_value_is_delta_encoded": 0, "filter_size": 9541, "raw_key_size": 275979, "raw_average_key_size": 30, "raw_value_size": 2095868, "raw_average_value_size": 233, "num_data_blocks": 70, "num_entries": 8966, "num_deletions": 6783, "num_merge_operands": 1328, "num_range_deletions": 1328, "format_version": 0, "fixed_key_len": 0, "filter_policy": "rocksdb.BuiltinBloomFilter", "column_family_name": "default", "column_family_id": 0, "comparator": "cockroach_comparator", "merge_operator": "cockroach_merge_operator", "prefix_extractor_name": "cockroach_prefix_extractor", "property_collectors": "[TimeBoundTblPropCollectorFactory,DeleteRangeTblPropCollectorFactory]", "compression": "Snappy", "compression_options": "window_bits=-14; level=32767; strategy=0; max_dict_bytes=0; zstd_max_train_bytes=0; enabled=0; ", "creation_time": 1589297372, "oldest_key_time": 1589294622, "file_creation_time": 1589297372}}
I200512 15:29:32.476335 17 storage/engine/rocksdb.go:120  [db/flush_job.cc:392] [default] [JOB 5] Level-0 flush table #164: 397493 bytes OK
I200512 15:29:32.476360 17 storage/engine/rocksdb.go:120  [db/version_set.cc:3086] More existing levels in DB than needed. max_bytes_for_level_multiplier may not be guaranteed.
I200512 15:29:32.477216 17 storage/engine/rocksdb.go:120  [db/db_impl_files.cc:194] adding log 161 to recycle list
I200512 15:29:32.477282 17 storage/engine/rocksdb.go:120  (Original Log Time 2020/05/12-15:29:32.476344) [db/memtable_list.cc:386] [default] Level-0 commit table #164 started
I200512 15:29:32.477289 17 storage/engine/rocksdb.go:120  (Original Log Time 2020/05/12-15:29:32.476852) [db/memtable_list.cc:434] [default] Level-0 commit table #164: memtable #1 done
I200512 15:29:32.477299 17 storage/engine/rocksdb.go:120  [db/compaction_job.cc:1647] [default] [JOB 6] Compacting 2@0 + 2@6 files to L6, score 1.00
I200512 15:29:32.477308 82 storage/engine/rocksdb.go:120  (Original Log Time 2020/05/12-15:29:32.476863) EVENT_LOG_v1 {"time_micros": 1589297372476858, "job": 5, "event": "flush_finished", "output_compression": "Snappy", "lsm_state": [2, 0, 0, 0, 0, 0, 2], "immutable_memtables": 0}
I200512 15:29:32.477309 17 storage/engine/rocksdb.go:120  [db/compaction_job.cc:1651] [default] Compaction start summary: Base version 5 Base level 0, inputs: [164(388KB) 162(398KB)], [159(4125KB) 160(1383KB)]
I200512 15:29:32.477315 82 storage/engine/rocksdb.go:120  (Original Log Time 2020/05/12-15:29:32.476888) [db/db_impl_compaction_flush.cc:208] [default] Level summary: base level 6 level multiplier 10.00 max bytes base 67108864 files[2 0 0 0 0 0 2] max score 1.00
I200512 15:29:32.477331 82 storage/engine/rocksdb.go:120  EVENT_LOG_v1 {"time_micros": 1589297372477318, "job": 6, "event": "compaction_started", "compaction_reason": "LevelL0FilesNum", "files_L0": [164, 162], "files_L6": [159, 160], "score": 1, "input_data_size": 6447787}
I200512 15:29:32.545577 82 storage/engine/rocksdb.go:120  [db/compaction_job.cc:1334] [default] [JOB 6] Generated table #165: 12384 keys, 4216686 bytes
I200512 15:29:32.545687 82 storage/engine/rocksdb.go:120  EVENT_LOG_v1 {"time_micros": 1589297372545605, "cf_name": "default", "job": 6, "event": "table_file_creation", "file_number": 165, "file_size": 4216686, "table_properties": {"data_size": 4197000, "index_size": 63865, "index_partitions": 0, "top_level_index_size": 0, "index_key_is_user_key": 0, "index_value_is_delta_encoded": 0, "filter_size": 0, "raw_key_size": 613875, "raw_average_key_size": 49, "raw_value_size": 30150139, "raw_average_value_size": 2434, "num_data_blocks": 942, "num_entries": 12384, "num_deletions": 0, "num_merge_operands": 0, "num_range_deletions": 0, "format_version": 0, "fixed_key_len": 0, "filter_policy": "rocksdb.BuiltinBloomFilter", "column_family_name": "default", "column_family_id": 0, "comparator": "cockroach_comparator", "merge_operator": "cockroach_merge_operator", "prefix_extractor_name": "cockroach_prefix_extractor", "property_collectors": "[TimeBoundTblPropCollectorFactory,DeleteRangeTblPropCollectorFactory]", "compression": "Snappy", "compression_options": "window_bits=-14; level=32767; strategy=0; max_dict_bytes=0; zstd_max_train_bytes=0; enabled=0; ", "creation_time": 1589297372, "oldest_key_time": 0, "file_creation_time": 1589297372}}
I200512 15:29:32.594885 82 storage/engine/rocksdb.go:120  [db/compaction_job.cc:1334] [default] [JOB 6] Generated table #166: 11247 keys, 1844370 bytes
I200512 15:29:32.595158 82 storage/engine/rocksdb.go:120  EVENT_LOG_v1 {"time_micros": 1589297372595127, "cf_name": "default", "job": 6, "event": "table_file_creation", "file_number": 166, "file_size": 1844370, "table_properties": {"data_size": 1836298, "index_size": 23380, "index_partitions": 0, "top_level_index_size": 0, "index_key_is_user_key": 0, "index_value_is_delta_encoded": 0, "filter_size": 0, "raw_key_size": 438360, "raw_average_key_size": 38, "raw_value_size": 10587354, "raw_average_value_size": 941, "num_data_blocks": 337, "num_entries": 11247, "num_deletions": 0, "num_merge_operands": 0, "num_range_deletions": 0, "format_version": 0, "fixed_key_len": 0, "filter_policy": "rocksdb.BuiltinBloomFilter", "column_family_name": "default", "column_family_id": 0, "comparator": "cockroach_comparator", "merge_operator": "cockroach_merge_operator", "prefix_extractor_name": "cockroach_prefix_extractor", "property_collectors": "[TimeBoundTblPropCollectorFactory,DeleteRangeTblPropCollectorFactory]", "compression": "Snappy", "compression_options": "window_bits=-14; level=32767; strategy=0; max_dict_bytes=0; zstd_max_train_bytes=0; enabled=0; ", "creation_time": 1589297372, "oldest_key_time": 0, "file_creation_time": 1589297372}}
I200512 15:29:32.598538 82 storage/engine/rocksdb.go:120  [db/compaction_job.cc:1397] [default] [JOB 6] Compacted 2@0 + 2@6 files to L6 => 6061056 bytes
I200512 15:29:32.598564 82 storage/engine/rocksdb.go:120  [db/version_set.cc:3086] More existing levels in DB than needed. max_bytes_for_level_multiplier may not be guaranteed.
I200512 15:29:32.598887 82 storage/engine/rocksdb.go:120  (Original Log Time 2020/05/12-15:29:32.598808) [db/compaction_job.cc:770] [default] compacted to: base level 6 level multiplier 10.00 max bytes base 67108864 files[0 0 0 0 0 0 2] max score 0.00, MB/sec: 54.4 rd, 51.2 wr, level 6, files in(2, 2) out(2) MB in(0.8, 5.4) out(5.8), read-write-amplify(15.5) write-amplify(7.5) OK, records in: 41211, records dropped: 16252 output_compression: Snappy
I200512 15:29:32.598900 82 storage/engine/rocksdb.go:120  (Original Log Time 2020/05/12-15:29:32.598850) EVENT_LOG_v1 {"time_micros": 1589297372598841, "job": 6, "event": "compaction_finished", "compaction_time_micros": 118482, "compaction_time_cpu_micros": 57630, "output_level": 6, "num_output_files": 2, "total_output_size": 6061056, "num_input_records": 39883, "num_output_records": 23631, "num_subcompactions": 1, "output_compression": "Snappy", "num_single_delete_mismatches": 0, "num_single_delete_fallthrough": 0, "lsm_state": [0, 0, 0, 0, 0, 0, 2]}
I200512 15:29:32.599508 82 storage/engine/rocksdb.go:120  EVENT_LOG_v1 {"time_micros": 1589297372599483, "job": 6, "event": "table_file_deletion", "file_number": 164}
I200512 15:29:32.600140 82 storage/engine/rocksdb.go:120  EVENT_LOG_v1 {"time_micros": 1589297372600129, "job": 6, "event": "table_file_deletion", "file_number": 162}
I200512 15:29:32.600980 82 storage/engine/rocksdb.go:120  EVENT_LOG_v1 {"time_micros": 1589297372600968, "job": 6, "event": "table_file_deletion", "file_number": 160}
I200512 15:29:32.602696 82 storage/engine/rocksdb.go:120  EVENT_LOG_v1 {"time_micros": 1589297372602679, "job": 6, "event": "table_file_deletion", "file_number": 159}
I200512 16:15:04.601680 98 storage/engine/rocksdb.go:120  [db/db_impl_open.cc:1125] reusing log 161 from recycle list
I200512 16:15:04.604175 98 storage/engine/rocksdb.go:120  [db/db_impl_write.cc:1437] [default] New memtable created with log file: #167. Immutable memtables: 0.
I200512 16:15:04.604725 82 storage/engine/rocksdb.go:120  (Original Log Time 2020/05/12-16:15:04.604697) [db/db_impl_compaction_flush.cc:2097] Calling FlushMemTableToOutputFile with column family [default], flush slots available 1, compaction slots available 1, flush slots scheduled 1, compaction slots scheduled 0
I200512 16:15:04.604733 82 storage/engine/rocksdb.go:120  [db/flush_job.cc:322] [default] [JOB 7] Flushing memtable with next log file: 167
I200512 16:15:04.604757 82 storage/engine/rocksdb.go:120  EVENT_LOG_v1 {"time_micros": 1589300104604744, "job": 7, "event": "flush_started", "num_memtables": 1, "num_entries": 215124, "num_deletes": 6441, "total_data_size": 60918796, "memory_usage": 65013896, "flush_reason": "Write Buffer Full"}
I200512 16:15:04.604763 82 storage/engine/rocksdb.go:120  [db/flush_job.cc:351] [default] [JOB 7] Level-0 flush table #168: started
I200512 16:15:04.958082 82 storage/engine/rocksdb.go:120  EVENT_LOG_v1 {"time_micros": 1589300104958031, "cf_name": "default", "job": 7, "event": "table_file_creation", "file_number": 168, "file_size": 379795, "table_properties": {"data_size": 367126, "index_size": 4331, "index_partitions": 0, "top_level_index_size": 0, "index_key_is_user_key": 0, "index_value_is_delta_encoded": 0, "filter_size": 9285, "raw_key_size": 262924, "raw_average_key_size": 30, "raw_value_size": 2086641, "raw_average_value_size": 244, "num_data_blocks": 68, "num_entries": 8523, "num_deletions": 6309, "num_merge_operands": 1328, "num_range_deletions": 1328, "format_version": 0, "fixed_key_len": 0, "filter_policy": "rocksdb.BuiltinBloomFilter", "column_family_name": "default", "column_family_id": 0, "comparator": "cockroach_comparator", "merge_operator": "cockroach_merge_operator", "prefix_extractor_name": "cockroach_prefix_extractor", "property_collectors": "[TimeBoundTblPropCollectorFactory,DeleteRangeTblPropCollectorFactory]", "compression": "Snappy", "compression_options": "window_bits=-14; level=32767; strategy=0; max_dict_bytes=0; zstd_max_train_bytes=0; enabled=0; ", "creation_time": 1589300104, "oldest_key_time": 1589297372, "file_creation_time": 1589300104}}
I200512 16:15:04.958099 82 storage/engine/rocksdb.go:120  [db/flush_job.cc:392] [default] [JOB 7] Level-0 flush table #168: 379795 bytes OK
I200512 16:15:04.958127 82 storage/engine/rocksdb.go:120  [db/version_set.cc:3086] More existing levels in DB than needed. max_bytes_for_level_multiplier may not be guaranteed.
I200512 16:15:04.958758 82 storage/engine/rocksdb.go:120  [db/db_impl_files.cc:194] adding log 163 to recycle list
I200512 16:15:04.958774 82 storage/engine/rocksdb.go:120  (Original Log Time 2020/05/12-16:15:04.958108) [db/memtable_list.cc:386] [default] Level-0 commit table #168 started
I200512 16:15:04.958779 82 storage/engine/rocksdb.go:120  (Original Log Time 2020/05/12-16:15:04.958403) [db/memtable_list.cc:434] [default] Level-0 commit table #168: memtable #1 done
I200512 16:15:04.958784 82 storage/engine/rocksdb.go:120  (Original Log Time 2020/05/12-16:15:04.958415) EVENT_LOG_v1 {"time_micros": 1589300104958409, "job": 7, "event": "flush_finished", "output_compression": "Snappy", "lsm_state": [1, 0, 0, 0, 0, 0, 2], "immutable_memtables": 0}
I200512 16:15:04.958790 82 storage/engine/rocksdb.go:120  (Original Log Time 2020/05/12-16:15:04.958426) [db/db_impl_compaction_flush.cc:208] [default] Level summary: base level 6 level multiplier 10.00 max bytes base 67108864 files[1 0 0 0 0 0 2] max score 0.50
I200512 17:00:42.128543 93 storage/engine/rocksdb.go:120  [db/db_impl_open.cc:1125] reusing log 163 from recycle list
I200512 17:00:42.130701 93 storage/engine/rocksdb.go:120  [db/db_impl_write.cc:1437] [default] New memtable created with log file: #169. Immutable memtables: 0.
I200512 17:00:42.131707 82 storage/engine/rocksdb.go:120  (Original Log Time 2020/05/12-17:00:42.131654) [db/db_impl_compaction_flush.cc:2097] Calling FlushMemTableToOutputFile with column family [default], flush slots available 1, compaction slots available 1, flush slots scheduled 1, compaction slots scheduled 0
I200512 17:00:42.131716 82 storage/engine/rocksdb.go:120  [db/flush_job.cc:322] [default] [JOB 8] Flushing memtable with next log file: 169
I200512 17:00:42.131739 82 storage/engine/rocksdb.go:120  EVENT_LOG_v1 {"time_micros": 1589302842131728, "job": 8, "event": "flush_started", "num_memtables": 1, "num_entries": 215512, "num_deletes": 6725, "total_data_size": 61085633, "memory_usage": 65078592, "flush_reason": "Write Buffer Full"}
I200512 17:00:42.131745 82 storage/engine/rocksdb.go:120  [db/flush_job.cc:351] [default] [JOB 8] Level-0 flush table #170: started
I200512 17:00:42.568361 82 storage/engine/rocksdb.go:120  EVENT_LOG_v1 {"time_micros": 1589302842568288, "cf_name": "default", "job": 8, "event": "table_file_creation", "file_number": 170, "file_size": 407542, "table_properties": {"data_size": 394850, "index_size": 4705, "index_partitions": 0, "top_level_index_size": 0, "index_key_is_user_key": 0, "index_value_is_delta_encoded": 0, "filter_size": 9157, "raw_key_size": 267592, "raw_average_key_size": 30, "raw_value_size": 2225919, "raw_average_value_size": 257, "num_data_blocks": 73, "num_entries": 8650, "num_deletions": 6590, "num_merge_operands": 1328, "num_range_deletions": 1328, "format_version": 0, "fixed_key_len": 0, "filter_policy": "rocksdb.BuiltinBloomFilter", "column_family_name": "default", "column_family_id": 0, "comparator": "cockroach_comparator", "merge_operator": "cockroach_merge_operator", "prefix_extractor_name": "cockroach_prefix_extractor", "property_collectors": "[TimeBoundTblPropCollectorFactory,DeleteRangeTblPropCollectorFactory]", "compression": "Snappy", "compression_options": "window_bits=-14; level=32767; strategy=0; max_dict_bytes=0; zstd_max_train_bytes=0; enabled=0; ", "creation_time": 1589302842, "oldest_key_time": 1589300104, "file_creation_time": 1589302842}}
I200512 17:00:42.568383 82 storage/engine/rocksdb.go:120  [db/flush_job.cc:392] [default] [JOB 8] Level-0 flush table #170: 407542 bytes OK
I200512 17:00:42.568411 82 storage/engine/rocksdb.go:120  [db/version_set.cc:3086] More existing levels in DB than needed. max_bytes_for_level_multiplier may not be guaranteed.
I200512 17:00:42.569108 82 storage/engine/rocksdb.go:120  [db/db_impl_files.cc:194] adding log 167 to recycle list
I200512 17:00:42.569129 82 storage/engine/rocksdb.go:120  (Original Log Time 2020/05/12-17:00:42.568393) [db/memtable_list.cc:386] [default] Level-0 commit table #170 started
I200512 17:00:42.569135 82 storage/engine/rocksdb.go:120  (Original Log Time 2020/05/12-17:00:42.568675) [db/memtable_list.cc:434] [default] Level-0 commit table #170: memtable #1 done
I200512 17:00:42.569140 82 storage/engine/rocksdb.go:120  (Original Log Time 2020/05/12-17:00:42.568704) EVENT_LOG_v1 {"time_micros": 1589302842568696, "job": 8, "event": "flush_finished", "output_compression": "Snappy", "lsm_state": [2, 0, 0, 0, 0, 0, 2], "immutable_memtables": 0}
I200512 17:00:42.569148 82 storage/engine/rocksdb.go:120  (Original Log Time 2020/05/12-17:00:42.568729) [db/db_impl_compaction_flush.cc:208] [default] Level summary: base level 6 level multiplier 10.00 max bytes base 67108864 files[2 0 0 0 0 0 2] max score 1.00
I200512 17:00:42.569172 82 storage/engine/rocksdb.go:120  [db/compaction_job.cc:1647] [default] [JOB 9] Compacting 2@0 + 2@6 files to L6, score 1.00
I200512 17:00:42.569182 82 storage/engine/rocksdb.go:120  [db/compaction_job.cc:1651] [default] Compaction start summary: Base version 8 Base level 0, inputs: [170(397KB) 168(370KB)], [165(4117KB) 166(1801KB)]
I200512 17:00:42.569234 82 storage/engine/rocksdb.go:120  EVENT_LOG_v1 {"time_micros": 1589302842569187, "job": 9, "event": "compaction_started", "compaction_reason": "LevelL0FilesNum", "files_L0": [170, 168], "files_L6": [165, 166], "score": 1, "input_data_size": 6848393}
I200512 17:00:42.719295 82 storage/engine/rocksdb.go:120  [db/compaction_job.cc:1334] [default] [JOB 9] Generated table #171: 12491 keys, 4229274 bytes
I200512 17:00:42.719441 82 storage/engine/rocksdb.go:120  EVENT_LOG_v1 {"time_micros": 1589302842719337, "cf_name": "default", "job": 9, "event": "table_file_creation", "file_number": 171, "file_size": 4229274, "table_properties": {"data_size": 4209491, "index_size": 66375, "index_partitions": 0, "top_level_index_size": 0, "index_key_is_user_key": 0, "index_value_is_delta_encoded": 0, "filter_size": 0, "raw_key_size": 622596, "raw_average_key_size": 49, "raw_value_size": 30613359, "raw_average_value_size": 2450, "num_data_blocks": 980, "num_entries": 12491, "num_deletions": 0, "num_merge_operands": 0, "num_range_deletions": 0, "format_version": 0, "fixed_key_len": 0, "filter_policy": "rocksdb.BuiltinBloomFilter", "column_family_name": "default", "column_family_id": 0, "comparator": "cockroach_comparator", "merge_operator": "cockroach_merge_operator", "prefix_extractor_name": "cockroach_prefix_extractor", "property_collectors": "[TimeBoundTblPropCollectorFactory,DeleteRangeTblPropCollectorFactory]", "compression": "Snappy", "compression_options": "window_bits=-14; level=32767; strategy=0; max_dict_bytes=0; zstd_max_train_bytes=0; enabled=0; ", "creation_time": 1589302842, "oldest_key_time": 0, "file_creation_time": 1589302842}}
I200512 17:00:42.767695 82 storage/engine/rocksdb.go:120  [db/compaction_job.cc:1334] [default] [JOB 9] Generated table #172: 12864 keys, 2382620 bytes
I200512 17:00:42.767740 82 storage/engine/rocksdb.go:120  EVENT_LOG_v1 {"time_micros": 1589302842767715, "cf_name": "default", "job": 9, "event": "table_file_creation", "file_number": 172, "file_size": 2382620, "table_properties": {"data_size": 2372499, "index_size": 31064, "index_partitions": 0, "top_level_index_size": 0, "index_key_is_user_key": 0, "index_value_is_delta_encoded": 0, "filter_size": 0, "raw_key_size": 515663, "raw_average_key_size": 40, "raw_value_size": 13813929, "raw_average_value_size": 1073, "num_data_blocks": 449, "num_entries": 12864, "num_deletions": 0, "num_merge_operands": 0, "num_range_deletions": 0, "format_version": 0, "fixed_key_len": 0, "filter_policy": "rocksdb.BuiltinBloomFilter", "column_family_name": "default", "column_family_id": 0, "comparator": "cockroach_comparator", "merge_operator": "cockroach_merge_operator", "prefix_extractor_name": "cockroach_prefix_extractor", "property_collectors": "[TimeBoundTblPropCollectorFactory,DeleteRangeTblPropCollectorFactory]", "compression": "Snappy", "compression_options": "window_bits=-14; level=32767; strategy=0; max_dict_bytes=0; zstd_max_train_bytes=0; enabled=0; ", "creation_time": 1589302842, "oldest_key_time": 0, "file_creation_time": 1589302842}}
I200512 17:00:42.770605 82 storage/engine/rocksdb.go:120  [db/compaction_job.cc:1397] [default] [JOB 9] Compacted 2@0 + 2@6 files to L6 => 6611894 bytes
I200512 17:00:42.770632 82 storage/engine/rocksdb.go:120  [db/version_set.cc:3086] More existing levels in DB than needed. max_bytes_for_level_multiplier may not be guaranteed.
I200512 17:00:42.770981 82 storage/engine/rocksdb.go:120  (Original Log Time 2020/05/12-17:00:42.770892) [db/compaction_job.cc:770] [default] compacted to: base level 6 level multiplier 10.00 max bytes base 67108864 files[0 0 0 0 0 0 2] max score 0.00, MB/sec: 34.4 rd, 33.2 wr, level 6, files in(2, 2) out(2) MB in(0.8, 5.8) out(6.3), read-write-amplify(17.1) write-amplify(8.4) OK, records in: 40804, records dropped: 14121 output_compression: Snappy
I200512 17:00:42.770989 82 storage/engine/rocksdb.go:120  (Original Log Time 2020/05/12-17:00:42.770931) EVENT_LOG_v1 {"time_micros": 1589302842770922, "job": 9, "event": "compaction_finished", "compaction_time_micros": 198952, "compaction_time_cpu_micros": 77009, "output_level": 6, "num_output_files": 2, "total_output_size": 6611894, "num_input_records": 39476, "num_output_records": 25355, "num_subcompactions": 1, "output_compression": "Snappy", "num_single_delete_mismatches": 0, "num_single_delete_fallthrough": 0, "lsm_state": [0, 0, 0, 0, 0, 0, 2]}
I200512 17:00:42.771806 82 storage/engine/rocksdb.go:120  EVENT_LOG_v1 {"time_micros": 1589302842771792, "job": 9, "event": "table_file_deletion", "file_number": 170}
I200512 17:00:42.772471 82 storage/engine/rocksdb.go:120  EVENT_LOG_v1 {"time_micros": 1589302842772425, "job": 9, "event": "table_file_deletion", "file_number": 168}
I200512 17:00:42.773729 82 storage/engine/rocksdb.go:120  EVENT_LOG_v1 {"time_micros": 1589302842773668, "job": 9, "event": "table_file_deletion", "file_number": 166}
I200512 17:00:42.775270 82 storage/engine/rocksdb.go:120  EVENT_LOG_v1 {"time_micros": 1589302842775236, "job": 9, "event": "table_file_deletion", "file_number": 165}
I200512 17:46:32.126012 98 storage/engine/rocksdb.go:120  [db/db_impl_open.cc:1125] reusing log 167 from recycle list
I200512 17:46:32.128302 98 storage/engine/rocksdb.go:120  [db/db_impl_write.cc:1437] [default] New memtable created with log file: #173. Immutable memtables: 0.
I200512 17:46:32.128612 82 storage/engine/rocksdb.go:120  (Original Log Time 2020/05/12-17:46:32.128558) [db/db_impl_compaction_flush.cc:2097] Calling FlushMemTableToOutputFile with column family [default], flush slots available 1, compaction slots available 1, flush slots scheduled 1, compaction slots scheduled 0
I200512 17:46:32.128651 82 storage/engine/rocksdb.go:120  [db/flush_job.cc:322] [default] [JOB 10] Flushing memtable with next log file: 173
I200512 17:46:32.129010 82 storage/engine/rocksdb.go:120  EVENT_LOG_v1 {"time_micros": 1589305592128990, "job": 10, "event": "flush_started", "num_memtables": 1, "num_entries": 215355, "num_deletes": 6428, "total_data_size": 61039922, "memory_usage": 65023624, "flush_reason": "Write Buffer Full"}
I200512 17:46:32.129021 82 storage/engine/rocksdb.go:120  [db/flush_job.cc:351] [default] [JOB 10] Level-0 flush table #174: started
I200512 17:46:32.570260 82 storage/engine/rocksdb.go:120  EVENT_LOG_v1 {"time_micros": 1589305592570189, "cf_name": "default", "job": 10, "event": "table_file_creation", "file_number": 174, "file_size": 387827, "table_properties": {"data_size": 375841, "index_size": 4357, "index_partitions": 0, "top_level_index_size": 0, "index_key_is_user_key": 0, "index_value_is_delta_encoded": 0, "filter_size": 8645, "raw_key_size": 228292, "raw_average_key_size": 28, "raw_value_size": 2121907, "raw_average_value_size": 267, "num_data_blocks": 68, "num_entries": 7945, "num_deletions": 6293, "num_merge_operands": 664, "num_range_deletions": 664, "format_version": 0, "fixed_key_len": 0, "filter_policy": "rocksdb.BuiltinBloomFilter", "column_family_name": "default", "column_family_id": 0, "comparator": "cockroach_comparator", "merge_operator": "cockroach_merge_operator", "prefix_extractor_name": "cockroach_prefix_extractor", "property_collectors": "[TimeBoundTblPropCollectorFactory,DeleteRangeTblPropCollectorFactory]", "compression": "Snappy", "compression_options": "window_bits=-14; level=32767; strategy=0; max_dict_bytes=0; zstd_max_train_bytes=0; enabled=0; ", "creation_time": 1589305592, "oldest_key_time": 1589302842, "file_creation_time": 1589305592}}
I200512 17:46:32.570280 82 storage/engine/rocksdb.go:120  [db/flush_job.cc:392] [default] [JOB 10] Level-0 flush table #174: 387827 bytes OK
I200512 17:46:32.570304 82 storage/engine/rocksdb.go:120  [db/version_set.cc:3086] More existing levels in DB than needed. max_bytes_for_level_multiplier may not be guaranteed.
I200512 17:46:32.570890 82 storage/engine/rocksdb.go:120  [db/db_impl_files.cc:194] adding log 169 to recycle list
I200512 17:46:32.570918 82 storage/engine/rocksdb.go:120  (Original Log Time 2020/05/12-17:46:32.570288) [db/memtable_list.cc:386] [default] Level-0 commit table #174 started
I200512 17:46:32.570923 82 storage/engine/rocksdb.go:120  (Original Log Time 2020/05/12-17:46:32.570559) [db/memtable_list.cc:434] [default] Level-0 commit table #174: memtable #1 done
I200512 17:46:32.570929 82 storage/engine/rocksdb.go:120  (Original Log Time 2020/05/12-17:46:32.570571) EVENT_LOG_v1 {"time_micros": 1589305592570565, "job": 10, "event": "flush_finished", "output_compression": "Snappy", "lsm_state": [1, 0, 0, 0, 0, 0, 2], "immutable_memtables": 0}
I200512 17:46:32.570936 82 storage/engine/rocksdb.go:120  (Original Log Time 2020/05/12-17:46:32.570582) [db/db_impl_compaction_flush.cc:208] [default] Level summary: base level 6 level multiplier 10.00 max bytes base 67108864 files[1 0 0 0 0 0 2] max score 0.50
I200512 18:32:12.130317 104 storage/engine/rocksdb.go:120  [db/db_impl_open.cc:1125] reusing log 169 from recycle list
I200512 18:32:12.132779 104 storage/engine/rocksdb.go:120  [db/db_impl_write.cc:1437] [default] New memtable created with log file: #175. Immutable memtables: 0.
I200512 18:32:12.133000 82 storage/engine/rocksdb.go:120  (Original Log Time 2020/05/12-18:32:12.132885) [db/db_impl_compaction_flush.cc:2097] Calling FlushMemTableToOutputFile with column family [default], flush slots available 1, compaction slots available 1, flush slots scheduled 1, compaction slots scheduled 0
I200512 18:32:12.133015 82 storage/engine/rocksdb.go:120  [db/flush_job.cc:322] [default] [JOB 11] Flushing memtable with next log file: 175
I200512 18:32:12.133066 82 storage/engine/rocksdb.go:120  EVENT_LOG_v1 {"time_micros": 1589308332133049, "job": 11, "event": "flush_started", "num_memtables": 1, "num_entries": 215688, "num_deletes": 6843, "total_data_size": 61073013, "memory_usage": 65024136, "flush_reason": "Write Buffer Full"}
I200512 18:32:12.133074 82 storage/engine/rocksdb.go:120  [db/flush_job.cc:351] [default] [JOB 11] Level-0 flush table #176: started
I200512 18:32:12.489386 82 storage/engine/rocksdb.go:120  EVENT_LOG_v1 {"time_micros": 1589308332489311, "cf_name": "default", "job": 11, "event": "table_file_creation", "file_number": 176, "file_size": 402466, "table_properties": {"data_size": 389556, "index_size": 4610, "index_partitions": 0, "top_level_index_size": 0, "index_key_is_user_key": 0, "index_value_is_delta_encoded": 0, "filter_size": 9413, "raw_key_size": 271823, "raw_average_key_size": 30, "raw_value_size": 2163223, "raw_average_value_size": 246, "num_data_blocks": 71, "num_entries": 8792, "num_deletions": 6709, "num_merge_operands": 1328, "num_range_deletions": 1328, "format_version": 0, "fixed_key_len": 0, "filter_policy": "rocksdb.BuiltinBloomFilter", "column_family_name": "default", "column_family_id": 0, "comparator": "cockroach_comparator", "merge_operator": "cockroach_merge_operator", "prefix_extractor_name": "cockroach_prefix_extractor", "property_collectors": "[TimeBoundTblPropCollectorFactory,DeleteRangeTblPropCollectorFactory]", "compression": "Snappy", "compression_options": "window_bits=-14; level=32767; strategy=0; max_dict_bytes=0; zstd_max_train_bytes=0; enabled=0; ", "creation_time": 1589308332, "oldest_key_time": 1589305592, "file_creation_time": 1589308332}}
I200512 18:32:12.489425 82 storage/engine/rocksdb.go:120  [db/flush_job.cc:392] [default] [JOB 11] Level-0 flush table #176: 402466 bytes OK
I200512 18:32:12.489452 82 storage/engine/rocksdb.go:120  [db/version_set.cc:3086] More existing levels in DB than needed. max_bytes_for_level_multiplier may not be guaranteed.
I200512 18:32:12.490021 82 storage/engine/rocksdb.go:120  [db/db_impl_files.cc:194] adding log 173 to recycle list
I200512 18:32:12.490096 82 storage/engine/rocksdb.go:120  [db/compaction_job.cc:1647] [default] [JOB 12] Compacting 2@0 + 2@6 files to L6, score 1.00
I200512 18:32:12.490104 82 storage/engine/rocksdb.go:120  [db/compaction_job.cc:1651] [default] Compaction start summary: Base version 11 Base level 0, inputs: [176(393KB) 174(378KB)], [171(4130KB) 172(2326KB)]
I200512 18:32:12.490121 82 storage/engine/rocksdb.go:120  EVENT_LOG_v1 {"time_micros": 1589308332490110, "job": 12, "event": "compaction_started", "compaction_reason": "LevelL0FilesNum", "files_L0": [176, 174], "files_L6": [171, 172], "score": 1, "input_data_size": 7402187}
I200512 18:32:12.490195 82 storage/engine/rocksdb.go:120  (Original Log Time 2020/05/12-18:32:12.489434) [db/memtable_list.cc:386] [default] Level-0 commit table #176 started
I200512 18:32:12.490203 82 storage/engine/rocksdb.go:120  (Original Log Time 2020/05/12-18:32:12.489698) [db/memtable_list.cc:434] [default] Level-0 commit table #176: memtable #1 done
I200512 18:32:12.490208 82 storage/engine/rocksdb.go:120  (Original Log Time 2020/05/12-18:32:12.489710) EVENT_LOG_v1 {"time_micros": 1589308332489704, "job": 11, "event": "flush_finished", "output_compression": "Snappy", "lsm_state": [2, 0, 0, 0, 0, 0, 2], "immutable_memtables": 0}
I200512 18:32:12.490215 82 storage/engine/rocksdb.go:120  (Original Log Time 2020/05/12-18:32:12.489762) [db/db_impl_compaction_flush.cc:208] [default] Level summary: base level 6 level multiplier 10.00 max bytes base 67108864 files[2 0 0 0 0 0 2] max score 1.00
I200512 18:32:12.568337 82 storage/engine/rocksdb.go:120  [db/compaction_job.cc:1334] [default] [JOB 12] Generated table #177: 11934 keys, 4215801 bytes
I200512 18:32:12.568464 82 storage/engine/rocksdb.go:120  EVENT_LOG_v1 {"time_micros": 1589308332568399, "cf_name": "default", "job": 12, "event": "table_file_creation", "file_number": 177, "file_size": 4215801, "table_properties": {"data_size": 4197005, "index_size": 64337, "index_partitions": 0, "top_level_index_size": 0, "index_key_is_user_key": 0, "index_value_is_delta_encoded": 0, "filter_size": 0, "raw_key_size": 595274, "raw_average_key_size": 49, "raw_value_size": 29876321, "raw_average_value_size": 2503, "num_data_blocks": 944, "num_entries": 11934, "num_deletions": 0, "num_merge_operands": 0, "num_range_deletions": 0, "format_version": 0, "fixed_key_len": 0, "filter_policy": "rocksdb.BuiltinBloomFilter", "column_family_name": "default", "column_family_id": 0, "comparator": "cockroach_comparator", "merge_operator": "cockroach_merge_operator", "prefix_extractor_name": "cockroach_prefix_extractor", "property_collectors": "[TimeBoundTblPropCollectorFactory,DeleteRangeTblPropCollectorFactory]", "compression": "Snappy", "compression_options": "window_bits=-14; level=32767; strategy=0; max_dict_bytes=0; zstd_max_train_bytes=0; enabled=0; ", "creation_time": 1589308332, "oldest_key_time": 0, "file_creation_time": 1589308332}}
I200512 18:32:12.613698 82 storage/engine/rocksdb.go:120  [db/compaction_job.cc:1334] [default] [JOB 12] Generated table #178: 14668 keys, 2895698 bytes
I200512 18:32:12.613745 82 storage/engine/rocksdb.go:120  EVENT_LOG_v1 {"time_micros": 1589308332613720, "cf_name": "default", "job": 12, "event": "table_file_creation", "file_number": 178, "file_size": 2895698, "table_properties": {"data_size": 2882859, "index_size": 39527, "index_partitions": 0, "top_level_index_size": 0, "index_key_is_user_key": 0, "index_value_is_delta_encoded": 0, "filter_size": 0, "raw_key_size": 597384, "raw_average_key_size": 40, "raw_value_size": 18057531, "raw_average_value_size": 1231, "num_data_blocks": 577, "num_entries": 14668, "num_deletions": 0, "num_merge_operands": 0, "num_range_deletions": 0, "format_version": 0, "fixed_key_len": 0, "filter_policy": "rocksdb.BuiltinBloomFilter", "column_family_name": "default", "column_family_id": 0, "comparator": "cockroach_comparator", "merge_operator": "cockroach_merge_operator", "prefix_extractor_name": "cockroach_prefix_extractor", "property_collectors": "[TimeBoundTblPropCollectorFactory,DeleteRangeTblPropCollectorFactory]", "compression": "Snappy", "compression_options": "window_bits=-14; level=32767; strategy=0; max_dict_bytes=0; zstd_max_train_bytes=0; enabled=0; ", "creation_time": 1589308332, "oldest_key_time": 0, "file_creation_time": 1589308332}}
I200512 18:32:12.630568 82 storage/engine/rocksdb.go:120  [db/compaction_job.cc:1397] [default] [JOB 12] Compacted 2@0 + 2@6 files to L6 => 7111499 bytes
I200512 18:32:12.630956 82 storage/engine/rocksdb.go:120  (Original Log Time 2020/05/12-18:32:12.630895) [db/compaction_job.cc:770] [default] compacted to: base level 6 level multiplier 10.00 max bytes base 67108864 files[0 0 0 0 0 0 2] max score 0.00, MB/sec: 53.7 rd, 51.6 wr, level 6, files in(2, 2) out(2) MB in(0.8, 6.3) out(6.8), read-write-amplify(18.4) write-amplify(9.0) OK, records in: 42092, records dropped: 14162 output_compression: Snappy
I200512 18:32:12.630964 82 storage/engine/rocksdb.go:120  (Original Log Time 2020/05/12-18:32:12.630917) EVENT_LOG_v1 {"time_micros": 1589308332630908, "job": 12, "event": "compaction_finished", "compaction_time_micros": 137770, "compaction_time_cpu_micros": 60971, "output_level": 6, "num_output_files": 2, "total_output_size": 7111499, "num_input_records": 40764, "num_output_records": 26602, "num_subcompactions": 1, "output_compression": "Snappy", "num_single_delete_mismatches": 0, "num_single_delete_fallthrough": 0, "lsm_state": [0, 0, 0, 0, 0, 0, 2]}
I200512 18:32:12.631576 82 storage/engine/rocksdb.go:120  EVENT_LOG_v1 {"time_micros": 1589308332631564, "job": 12, "event": "table_file_deletion", "file_number": 176}
I200512 18:32:12.632282 82 storage/engine/rocksdb.go:120  EVENT_LOG_v1 {"time_micros": 1589308332632270, "job": 12, "event": "table_file_deletion", "file_number": 174}
I200512 18:32:12.633309 82 storage/engine/rocksdb.go:120  EVENT_LOG_v1 {"time_micros": 1589308332633296, "job": 12, "event": "table_file_deletion", "file_number": 172}
I200512 18:32:12.634685 82 storage/engine/rocksdb.go:120  EVENT_LOG_v1 {"time_micros": 1589308332634665, "job": 12, "event": "table_file_deletion", "file_number": 171}
I200512 18:39:43.153776 188255 storage/engine/rocksdb.go:120  bloom filter utility:    -nan%
I200512 18:39:43.154074 188255 storage/engine/rocksdb.go:120  [db/db_impl.cc:392] Shutdown: canceling all background work
I200512 18:39:43.156736 188255 storage/engine/rocksdb.go:120  [db/db_impl.cc:565] Shutdown complete
I200512 18:39:43.167218 188255 storage/engine/rocksdb.go:120  bloom filter utility:    69.7%
I200512 18:39:43.167649 188255 storage/engine/rocksdb.go:120  [db/db_impl.cc:392] Shutdown: canceling all background work
I200512 18:39:43.179810 188255 storage/engine/rocksdb.go:120  [db/db_impl.cc:565] Shutdown complete
