I200520 23:58:38.487779 1 util/log/clog.go:1196  [config] file created at: 2020/05/20 23:58:38
I200520 23:58:38.487779 1 util/log/clog.go:1196  [config] running on machine: 4b93edbe0f22
I200520 23:58:38.487779 1 util/log/clog.go:1196  [config] binary: CockroachDB CCL v19.2.5 (x86_64-unknown-linux-gnu, built 2020/03/16 18:27:12, go1.12.12)
I200520 23:58:38.487779 1 util/log/clog.go:1196  [config] arguments: [/cockroach/cockroach start --insecure --store=attrs=ssd,path=/var/lib/cockroach/]
I200520 23:58:38.487779 1 util/log/clog.go:1196  line format: [IWEF]yymmdd hh:mm:ss.uuuuuu goid file:line msg utf8=✓
I200520 23:58:38.487778 1 cli/start.go:1144  logging to directory /var/lib/cockroach/logs
W200520 23:58:38.497533 1 cli/start.go:1182  RUNNING IN INSECURE MODE!

- Your cluster is open for any client that can access <all your IP addresses>.
- Any user, even root, can log in without providing a password.
- Any user, connecting as root, can read or write any data in your cluster.
- There is no network encryption nor authentication, and thus no confidentiality.

Check out how to secure your cluster: https://www.cockroachlabs.com/docs/v19.2/secure-a-cluster.html
I200520 23:58:38.497830 1 server/status/recorder.go:597  available memory from cgroups (8.0 EiB) is unsupported, using system memory 1.9 GiB instead: 
W200520 23:58:38.497891 1 cli/start.go:1052  Using the default setting for --cache (128 MiB).
  A significantly larger value is usually needed for good performance.
  If you have a dedicated server a reasonable setting is --cache=.25 (497 MiB).
I200520 23:58:38.498227 1 server/status/recorder.go:597  available memory from cgroups (8.0 EiB) is unsupported, using system memory 1.9 GiB instead: 
W200520 23:58:38.498238 1 cli/start.go:1065  Using the default setting for --max-sql-memory (128 MiB).
  A significantly larger value is usually needed in production.
  If you have a dedicated server a reasonable setting is --max-sql-memory=.25 (497 MiB).
I200520 23:58:38.498699 1 server/status/recorder.go:597  available memory from cgroups (8.0 EiB) is unsupported, using system memory 1.9 GiB instead: 
I200520 23:58:38.498736 1 cli/start.go:1196  CockroachDB CCL v19.2.5 (x86_64-unknown-linux-gnu, built 2020/03/16 18:27:12, go1.12.12)
W200520 23:58:39.751885 1 cli/start.go:511  running 'cockroach start' without --join is deprecated.
Consider using 'cockroach start-single-node' or 'cockroach init' instead.
I200520 23:58:39.778911 1 server/status/recorder.go:597  available memory from cgroups (8.0 EiB) is unsupported, using system memory 1.9 GiB instead: 
I200520 23:58:39.778929 1 server/config.go:394  system total memory: 1.9 GiB
I200520 23:58:39.778958 1 server/config.go:396  server configuration:
max offset             500000000
cache size             128 MiB
SQL memory pool size   128 MiB
scan interval          10m0s
scan min idle time     10ms
scan max idle time     1s
event log enabled      true
I200520 23:58:39.778970 1 cli/start.go:1030  using local environment variables: COCKROACH_CHANNEL=official-docker
I200520 23:58:39.778979 1 cli/start.go:1037  process identity: uid 0 euid 0 gid 0 egid 0
I200520 23:58:39.779016 1 cli/start.go:644  starting cockroach node
I200520 23:58:39.782371 34 storage/engine/rocksdb.go:622  opening rocksdb instance at "/var/lib/cockroach/cockroach-temp782124641"
I200520 23:58:40.101363 34 server/server.go:928  [n?] monitoring forward clock jumps based on server.clock.forward_jump_check_enabled
I200520 23:58:40.102077 34 storage/engine/rocksdb.go:622  opening rocksdb instance at "/var/lib/cockroach"
I200520 23:58:40.196965 34 server/config.go:502  [n?] 1 storage engine initialized
I200520 23:58:40.196972 34 server/config.go:505  [n?] RocksDB cache size: 128 MiB
I200520 23:58:40.196976 34 server/config.go:505  [n?] store 0: RocksDB, max size 0 B, max open file limit 1043576
W200520 23:58:40.224387 34 cli/start.go:996  neither --listen-addr nor --advertise-addr was specified.
The server will advertise "4b93edbe0f22" to other nodes, is this routable?

Consider using:
- for local-only servers:  --listen-addr=localhost
- for multi-node clusters: --advertise-addr=<host/IP addr>
I200520 23:58:40.225517 34 server/server.go:978  [n?] Sleeping till wall time 1590019120225499009 to catches up to 1590019120601336210 to ensure monotonicity. Delta: 375.837201ms
I200520 23:58:40.601808 34 gossip/gossip.go:394  [n1] NodeDescriptor set to node_id:1 address:<network_field:"tcp" address_field:"4b93edbe0f22:26257" > attrs:<> locality:<> ServerVersion:<major_val:19 minor_val:2 patch:0 unstable:0 > build_tag:"v19.2.5" started_at:1590019120601711310 cluster_name:"" sql_address:<network_field:"tcp" address_field:"4b93edbe0f22:26257" > 
W200520 23:58:40.650277 101 storage/replica_range_lease.go:554  can't determine lease status due to node liveness error: node not in the liveness table
github.com/cockroachdb/cockroach/pkg/storage.init.ializers
	/go/src/github.com/cockroachdb/cockroach/pkg/storage/node_liveness.go:44
runtime.main
	/usr/local/go/src/runtime/proc.go:188
runtime.goexit
	/usr/local/go/src/runtime/asm_amd64.s:1337
W200520 23:58:40.650301 101 storage/store.go:1530  [n1,s1,r6/1:/Table/{SystemCon…-11}] could not gossip system config: [NotLeaseHolderError] r6: replica (n1,s1):1 not lease holder; lease holder unknown
I200520 23:58:41.040153 34 server/node.go:431  [n1] initialized store [n1,s1]: disk (capacity=894 GiB, available=562 GiB, used=38 MiB, logicalBytes=156 MiB), ranges=42, leases=3, queries=0.00, writes=0.00, bytesPerReplica={p10=0.00 p25=0.00 p50=209.00 p75=22764.00 p90=13139114.00 pMax=45150090.00}, writesPerReplica={p10=0.00 p25=0.00 p50=0.00 p75=0.00 p90=0.00 pMax=0.00}
I200520 23:58:41.040245 34 storage/stores.go:240  [n1] read 0 node addresses from persistent storage
I200520 23:58:41.040319 34 server/node.go:645  [n1] connecting to gossip network to verify cluster ID...
I200520 23:58:41.040332 34 server/node.go:665  [n1] node connected via gossip and verified as part of cluster "3d423bb5-5d67-4ebf-947b-999bec430444"
I200520 23:58:41.040360 34 server/node.go:512  [n1] node=1: started with [ssd=/var/lib/cockroach] engine(s) and attributes []
I200520 23:58:41.043224 34 server/server.go:1514  [n1] starting http server at [::]:8080 (use: 4b93edbe0f22:8080)
I200520 23:58:41.043234 34 server/server.go:1521  [n1] starting grpc/postgres server at [::]:26257
I200520 23:58:41.043243 34 server/server.go:1522  [n1] advertising CockroachDB node at 4b93edbe0f22:26257
I200520 23:58:41.208741 34 server/server.go:1590  [n1] done ensuring all necessary migrations have run
I200520 23:58:41.208791 34 server/server.go:1841  [n1] serving sql connections
I200520 23:58:41.208842 34 cli/start.go:803  [config] clusterID: 3d423bb5-5d67-4ebf-947b-999bec430444
I200520 23:58:41.208882 34 cli/start.go:812  node startup completed:
CockroachDB node starting at 2020-05-20 23:58:41.20880621 +0000 UTC (took 2.7s)
build:               CCL v19.2.5 @ 2020/03/16 18:27:12 (go1.12.12)
webui:               http://4b93edbe0f22:8080
sql:                 postgresql://root@4b93edbe0f22:26257?sslmode=disable
RPC client flags:    /cockroach/cockroach <client cmd> --host=4b93edbe0f22:26257 --insecure
logs:                /var/lib/cockroach/logs
temp dir:            /var/lib/cockroach/cockroach-temp782124641
external I/O path:   /var/lib/cockroach/extern
store[0]:            path=/var/lib/cockroach,attrs=ssd
status:              restarted pre-existing node
clusterID:           3d423bb5-5d67-4ebf-947b-999bec430444
nodeID:              1
I200520 23:58:41.211667 310 server/server_update.go:53  [n1] no need to upgrade, cluster already at the newest version
I200520 23:58:41.217761 312 sql/event_log.go:130  [n1] Event: "node_restart", target: 1, info: {Descriptor:{NodeID:1 Address:4b93edbe0f22:26257 Attrs: Locality: ServerVersion:19.2 BuildTag:v19.2.5 StartedAt:1590019120601711310 LocalityAddress:[] ClusterName: SQLAddress:4b93edbe0f22:26257} ClusterID:3d423bb5-5d67-4ebf-947b-999bec430444 StartedAt:1590019120601711310 LastUp:1590019117282273907}
I200520 23:58:42.207709 42 gossip/gossip.go:1531  [n1] node has connected to cluster via gossip
I200520 23:58:42.207793 42 storage/stores.go:259  [n1] wrote 0 node addresses to persistent storage
I200520 23:58:43.224500 314 server/updates.go:267  [n1] A new version is available: 20.1.0, details: https://www.cockroachlabs.com/docs/releases/v20.1.0.html
I200520 23:58:51.045459 231 server/status/runtime.go:498  [n1] runtime stats: 119 MiB RSS, 117 goroutines, 103 MiB/21 MiB/135 MiB GO alloc/idle/total, 16 MiB/18 MiB CGO alloc/total, 0.0 CGO/sec, 0.0/0.0 %(u/s)time, 0.0 %gc (9x), 35 KiB/43 KiB (r/w)net
I200520 23:58:56.332547 1 cli/start.go:865  received signal 'terminated'
I200520 23:58:56.332765 1 cli/start.go:930  initiating graceful shutdown of server
I200520 23:58:56.352128 671 util/stop/stopper.go:542  [server drain process] quiescing; tasks left:
1      [async] intent_resolver_ir_batcher
1      [async] intent_resolver_gc_batcher
1      [async] closedts-rangefeed-subscriber
W200520 23:58:56.352391 72 vendor/google.golang.org/grpc/clientconn.go:1206  grpc: addrConn.createTransport failed to connect to {4b93edbe0f22:26257 0  <nil>}. Err :connection error: desc = "transport: failed to write client preface: io: read/write on closed pipe". Reconnecting...
I200520 23:58:56.353034 671 storage/engine/rocksdb.go:762  closing rocksdb instance at "/var/lib/cockroach/cockroach-temp782124641"
I200520 23:58:56.362371 671 storage/engine/rocksdb.go:762  closing rocksdb instance at "/var/lib/cockroach"
I200520 23:58:56.371261 1 cli/start.go:976  server drained and shutdown completed
