I200512 19:29:33.531878 1 util/log/clog.go:1196  [config] file created at: 2020/05/12 19:29:33
I200512 19:29:33.531878 1 util/log/clog.go:1196  [config] running on machine: 05d2a1ec0c4c
I200512 19:29:33.531878 1 util/log/clog.go:1196  [config] binary: CockroachDB CCL v19.2.5 (x86_64-unknown-linux-gnu, built 2020/03/16 18:27:12, go1.12.12)
I200512 19:29:33.531878 1 util/log/clog.go:1196  [config] arguments: [/cockroach/cockroach start --insecure --store=attrs=ssd,path=/var/lib/cockroach/]
I200512 19:29:33.531878 1 util/log/clog.go:1196  line format: [IWEF]yymmdd hh:mm:ss.uuuuuu goid file:line msg utf8=✓
I200512 19:29:33.531877 1 cli/start.go:1144  logging to directory /var/lib/cockroach/logs
W200512 19:29:33.552297 1 cli/start.go:1182  RUNNING IN INSECURE MODE!

- Your cluster is open for any client that can access <all your IP addresses>.
- Any user, even root, can log in without providing a password.
- Any user, connecting as root, can read or write any data in your cluster.
- There is no network encryption nor authentication, and thus no confidentiality.

Check out how to secure your cluster: https://www.cockroachlabs.com/docs/v19.2/secure-a-cluster.html
I200512 19:29:33.552577 1 server/status/recorder.go:597  available memory from cgroups (8.0 EiB) is unsupported, using system memory 1.9 GiB instead: 
W200512 19:29:33.552665 1 cli/start.go:1052  Using the default setting for --cache (128 MiB).
  A significantly larger value is usually needed for good performance.
  If you have a dedicated server a reasonable setting is --cache=.25 (497 MiB).
I200512 19:29:33.552888 1 server/status/recorder.go:597  available memory from cgroups (8.0 EiB) is unsupported, using system memory 1.9 GiB instead: 
W200512 19:29:33.552898 1 cli/start.go:1065  Using the default setting for --max-sql-memory (128 MiB).
  A significantly larger value is usually needed in production.
  If you have a dedicated server a reasonable setting is --max-sql-memory=.25 (497 MiB).
I200512 19:29:33.553161 1 server/status/recorder.go:597  available memory from cgroups (8.0 EiB) is unsupported, using system memory 1.9 GiB instead: 
I200512 19:29:33.553172 1 cli/start.go:1196  CockroachDB CCL v19.2.5 (x86_64-unknown-linux-gnu, built 2020/03/16 18:27:12, go1.12.12)
W200512 19:29:33.790725 1 cli/start.go:511  running 'cockroach start' without --join is deprecated.
Consider using 'cockroach start-single-node' or 'cockroach init' instead.
I200512 19:29:33.800308 1 server/status/recorder.go:597  available memory from cgroups (8.0 EiB) is unsupported, using system memory 1.9 GiB instead: 
I200512 19:29:33.800352 1 server/config.go:394  system total memory: 1.9 GiB
I200512 19:29:33.800380 1 server/config.go:396  server configuration:
max offset             500000000
cache size             128 MiB
SQL memory pool size   128 MiB
scan interval          10m0s
scan min idle time     10ms
scan max idle time     1s
event log enabled      true
I200512 19:29:33.800389 1 cli/start.go:1030  using local environment variables: COCKROACH_CHANNEL=official-docker
I200512 19:29:33.800398 1 cli/start.go:1037  process identity: uid 0 euid 0 gid 0 egid 0
I200512 19:29:33.800474 1 cli/start.go:644  starting cockroach node
I200512 19:29:33.803765 24 storage/engine/rocksdb.go:622  opening rocksdb instance at "/var/lib/cockroach/cockroach-temp336178999"
I200512 19:29:33.953001 24 server/server.go:928  [n?] monitoring forward clock jumps based on server.clock.forward_jump_check_enabled
I200512 19:29:33.954920 24 storage/engine/rocksdb.go:622  opening rocksdb instance at "/var/lib/cockroach"
I200512 19:29:34.085284 24 server/config.go:502  [n?] 1 storage engine initialized
I200512 19:29:34.085291 24 server/config.go:505  [n?] RocksDB cache size: 128 MiB
I200512 19:29:34.085295 24 server/config.go:505  [n?] store 0: RocksDB, max size 0 B, max open file limit 1043576
W200512 19:29:34.101484 24 cli/start.go:996  neither --listen-addr nor --advertise-addr was specified.
The server will advertise "05d2a1ec0c4c" to other nodes, is this routable?

Consider using:
- for local-only servers:  --listen-addr=localhost
- for multi-node clusters: --advertise-addr=<host/IP addr>
I200512 19:29:34.102488 24 server/server.go:978  [n?] Sleeping till wall time 1589311774102459711 to catches up to 1589311774452968812 to ensure monotonicity. Delta: 350.509101ms
I200512 19:29:34.453398 24 gossip/gossip.go:394  [n1] NodeDescriptor set to node_id:1 address:<network_field:"tcp" address_field:"05d2a1ec0c4c:26257" > attrs:<> locality:<> ServerVersion:<major_val:19 minor_val:2 patch:0 unstable:0 > build_tag:"v19.2.5" started_at:1589311774453298511 cluster_name:"" sql_address:<network_field:"tcp" address_field:"05d2a1ec0c4c:26257" > 
W200512 19:29:34.483393 112 storage/replica_range_lease.go:554  can't determine lease status due to node liveness error: node not in the liveness table
github.com/cockroachdb/cockroach/pkg/storage.init.ializers
	/go/src/github.com/cockroachdb/cockroach/pkg/storage/node_liveness.go:44
runtime.main
	/usr/local/go/src/runtime/proc.go:188
runtime.goexit
	/usr/local/go/src/runtime/asm_amd64.s:1337
W200512 19:29:34.483414 112 storage/store.go:1530  [n1,s1,r6/1:/Table/{SystemCon…-11}] could not gossip system config: [NotLeaseHolderError] r6: replica (n1,s1):1 not lease holder; lease holder unknown
I200512 19:29:34.556250 24 server/node.go:431  [n1] initialized store [n1,s1]: disk (capacity=894 GiB, available=593 GiB, used=12 MiB, logicalBytes=57 MiB), ranges=38, leases=2, queries=0.00, writes=0.00, bytesPerReplica={p10=0.00 p25=0.00 p50=0.00 p75=13779.00 p90=104344.00 pMax=42608836.00}, writesPerReplica={p10=0.00 p25=0.00 p50=0.00 p75=0.00 p90=0.00 pMax=0.00}
I200512 19:29:34.556338 24 storage/stores.go:240  [n1] read 0 node addresses from persistent storage
I200512 19:29:34.556407 24 server/node.go:645  [n1] connecting to gossip network to verify cluster ID...
I200512 19:29:34.556420 24 server/node.go:665  [n1] node connected via gossip and verified as part of cluster "3d423bb5-5d67-4ebf-947b-999bec430444"
I200512 19:29:34.556513 24 server/node.go:512  [n1] node=1: started with [ssd=/var/lib/cockroach] engine(s) and attributes []
I200512 19:29:34.557289 24 server/server.go:1514  [n1] starting http server at [::]:8080 (use: 05d2a1ec0c4c:8080)
I200512 19:29:34.557299 24 server/server.go:1521  [n1] starting grpc/postgres server at [::]:26257
I200512 19:29:34.557307 24 server/server.go:1522  [n1] advertising CockroachDB node at 05d2a1ec0c4c:26257
I200512 19:29:34.583961 147 storage/node_liveness.go:474  [n1,liveness-hb] heartbeat failed on epoch increment; retrying
I200512 19:29:34.587708 24 server/server.go:1590  [n1] done ensuring all necessary migrations have run
I200512 19:29:34.587755 24 server/server.go:1841  [n1] serving sql connections
I200512 19:29:34.587810 24 cli/start.go:803  [config] clusterID: 3d423bb5-5d67-4ebf-947b-999bec430444
I200512 19:29:34.587836 24 cli/start.go:812  node startup completed:
CockroachDB node starting at 2020-05-12 19:29:34.587774011 +0000 UTC (took 1.1s)
build:               CCL v19.2.5 @ 2020/03/16 18:27:12 (go1.12.12)
webui:               http://05d2a1ec0c4c:8080
sql:                 postgresql://root@05d2a1ec0c4c:26257?sslmode=disable
RPC client flags:    /cockroach/cockroach <client cmd> --host=05d2a1ec0c4c:26257 --insecure
logs:                /var/lib/cockroach/logs
temp dir:            /var/lib/cockroach/cockroach-temp336178999
external I/O path:   /var/lib/cockroach/extern
store[0]:            path=/var/lib/cockroach,attrs=ssd
status:              restarted pre-existing node
clusterID:           3d423bb5-5d67-4ebf-947b-999bec430444
nodeID:              1
I200512 19:29:34.590268 159 server/server_update.go:50  [n1] failed attempt to upgrade cluster version, error: node 1 not running (UNAVAILABLE), cannot determine version
I200512 19:29:34.598970 161 sql/event_log.go:130  [n1] Event: "node_restart", target: 1, info: {Descriptor:{NodeID:1 Address:05d2a1ec0c4c:26257 Attrs: Locality: ServerVersion:19.2 BuildTag:v19.2.5 StartedAt:1589311774453298511 LocalityAddress:[] ClusterName: SQLAddress:05d2a1ec0c4c:26257} ClusterID:3d423bb5-5d67-4ebf-947b-999bec430444 StartedAt:1589311774453298511 LastUp:1589311752114513843}
I200512 19:29:35.653573 159 server/server_update.go:53  [n1] no need to upgrade, cluster already at the newest version
I200512 19:29:36.185928 85 gossip/gossip.go:1531  [n1] node has connected to cluster via gossip
I200512 19:29:36.186020 85 storage/stores.go:259  [n1] wrote 0 node addresses to persistent storage
I200512 19:29:44.562106 125 server/status/runtime.go:498  [n1] runtime stats: 101 MiB RSS, 117 goroutines, 86 MiB/39 MiB/128 MiB GO alloc/idle/total, 14 MiB/17 MiB CGO alloc/total, 0.0 CGO/sec, 0.0/0.0 %(u/s)time, 0.0 %gc (9x), 10 KiB/14 KiB (r/w)net
I200512 19:29:54.560526 120 storage/store.go:2364  [n1,s1] sstables (read amplification = 2):
0 [ 104K 1 ]: 104K
6 [   7M 2 ]: 4M 3M
I200512 19:29:54.560598 120 storage/store.go:2365  [n1,s1] 
** Compaction Stats [default] **
Level    Files   Size     Score Read(GB)  Rn(GB) Rnp1(GB) Write(GB) Wnew(GB) Moved(GB) W-Amp Rd(MB/s) Wr(MB/s) Comp(sec) CompMergeCPU(sec) Comp(cnt) Avg(sec) KeyIn KeyDrop
----------------------------------------------------------------------------------------------------------------------------------------------------------------------------
  L0      1/0   104.42 KB   0.5      0.0     0.0      0.0       0.0      0.0       0.0   1.0      0.0      4.0      0.03              0.00         1    0.025       0      0
  L6      2/0    7.05 MB   0.0      0.0     0.0      0.0       0.0      0.0       0.0   0.0      0.0      0.0      0.00              0.00         0    0.000       0      0
 Sum      3/0    7.15 MB   0.0      0.0     0.0      0.0       0.0      0.0       0.0   1.0      0.0      4.0      0.03              0.00         1    0.025       0      0
 Int      0/0    0.00 KB   0.0      0.0     0.0      0.0       0.0      0.0       0.0   1.0      0.0      4.0      0.03              0.00         1    0.025       0      0

** Compaction Stats [default] **
Priority    Files   Size     Score Read(GB)  Rn(GB) Rnp1(GB) Write(GB) Wnew(GB) Moved(GB) W-Amp Rd(MB/s) Wr(MB/s) Comp(sec) CompMergeCPU(sec) Comp(cnt) Avg(sec) KeyIn KeyDrop
-------------------------------------------------------------------------------------------------------------------------------------------------------------------------------
User      0/0    0.00 KB   0.0      0.0     0.0      0.0       0.0      0.0       0.0   0.0      0.0      4.0      0.03              0.00         1    0.025       0      0
Uptime(secs): 20.6 total, 20.6 interval
Flush(GB): cumulative 0.000, interval 0.000
AddFile(GB): cumulative 0.000, interval 0.000
AddFile(Total Files): cumulative 0, interval 0
AddFile(L0 Files): cumulative 0, interval 0
AddFile(Keys): cumulative 0, interval 0
Cumulative compaction: 0.00 GB write, 0.00 MB/s write, 0.00 GB read, 0.00 MB/s read, 0.0 seconds
Interval compaction: 0.00 GB write, 0.00 MB/s write, 0.00 GB read, 0.00 MB/s read, 0.0 seconds
Stalls(count): 0 level0_slowdown, 0 level0_slowdown_with_compaction, 0 level0_numfiles, 0 level0_numfiles_with_compaction, 0 stop for pending_compaction_bytes, 0 slowdown for pending_compaction_bytes, 0 memtable_compaction, 0 memtable_slowdown, interval 0 total count
estimated_pending_compaction_bytes: 0 B
I200512 19:29:54.562247 125 server/status/runtime.go:498  [n1] runtime stats: 108 MiB RSS, 117 goroutines, 94 MiB/30 MiB/135 MiB GO alloc/idle/total, 14 MiB/17 MiB CGO alloc/total, 73.8 CGO/sec, 0.6/0.3 %(u/s)time, 0.0 %gc (0x), 140 B/0 B (r/w)net
I200512 19:30:04.562495 125 server/status/runtime.go:498  [n1] runtime stats: 118 MiB RSS, 117 goroutines, 103 MiB/22 MiB/135 MiB GO alloc/idle/total, 14 MiB/17 MiB CGO alloc/total, 67.7 CGO/sec, 0.5/0.4 %(u/s)time, 0.0 %gc (0x), 140 B/0 B (r/w)net
I200512 19:30:14.562434 125 server/status/runtime.go:498  [n1] runtime stats: 127 MiB RSS, 118 goroutines, 111 MiB/13 MiB/135 MiB GO alloc/idle/total, 14 MiB/17 MiB CGO alloc/total, 56.3 CGO/sec, 0.5/0.4 %(u/s)time, 0.0 %gc (0x), 464 B/468 B (r/w)net
I200512 19:30:19.367787 1 cli/start.go:865  received signal 'terminated'
I200512 19:30:19.368167 1 cli/start.go:930  initiating graceful shutdown of server
I200512 19:30:19.388495 929 util/stop/stopper.go:542  [server drain process] quiescing; tasks left:
1      [async] stats.Refresher: maybeRefreshStats
1      [async] intent_resolver_ir_batcher
1      [async] intent_resolver_gc_batcher
1      [async] closedts-rangefeed-subscriber
I200512 19:30:19.396523 929 util/stop/stopper.go:542  [server drain process] quiescing; tasks left:
1      [async] stats.Refresher: maybeRefreshStats
1      [async] intent_resolver_gc_batcher
1      [async] closedts-rangefeed-subscriber
I200512 19:30:19.396760 929 util/stop/stopper.go:542  [server drain process] quiescing; tasks left:
1      [async] stats.Refresher: maybeRefreshStats
1      [async] closedts-rangefeed-subscriber
W200512 19:30:19.397137 75 vendor/google.golang.org/grpc/clientconn.go:1206  grpc: addrConn.createTransport failed to connect to {05d2a1ec0c4c:26257 0  <nil>}. Err :connection error: desc = "transport: failed to write client preface: io: read/write on closed pipe". Reconnecting...
I200512 19:30:19.397459 929 util/stop/stopper.go:542  [server drain process] quiescing; tasks left:
1      [async] closedts-rangefeed-subscriber
I200512 19:30:19.398282 929 storage/engine/rocksdb.go:762  closing rocksdb instance at "/var/lib/cockroach/cockroach-temp336178999"
I200512 19:30:19.418720 929 storage/engine/rocksdb.go:762  closing rocksdb instance at "/var/lib/cockroach"
I200512 19:30:19.426581 1 cli/start.go:976  server drained and shutdown completed
