I200514 19:18:46.932502 31 util/log/clog.go:1196  [config] file created at: 2020/05/14 19:18:46
I200514 19:18:46.932502 31 util/log/clog.go:1196  [config] running on machine: a50e76b36232
I200514 19:18:46.932502 31 util/log/clog.go:1196  [config] binary: CockroachDB CCL v19.2.5 (x86_64-unknown-linux-gnu, built 2020/03/16 18:27:12, go1.12.12)
I200514 19:18:46.932502 31 util/log/clog.go:1196  [config] arguments: [/cockroach/cockroach start --insecure --store=attrs=ssd,path=/var/lib/cockroach/]
I200514 19:18:46.932502 31 util/log/clog.go:1196  line format: [IWEF]yymmdd hh:mm:ss.uuuuuu goid file:line msg utf8=✓
I200514 19:18:46.932501 31 storage/engine/rocksdb.go:120  RocksDB version: 6.2.1
I200514 19:18:46.938533 31 storage/engine/rocksdb.go:120  Git sha rocksdb_build_git_sha:@b7009236531fa784872f4823eabf393501e41bf2@
I200514 19:18:46.938537 31 storage/engine/rocksdb.go:120  Compile date Mar 16 2020
I200514 19:18:46.938540 31 storage/engine/rocksdb.go:120  DB SUMMARY
I200514 19:18:46.938919 31 storage/engine/rocksdb.go:120  SST files in /var/lib/cockroach/cockroach-temp151918782 dir, Total Num: 0, files: 
I200514 19:18:47.118071 31 storage/engine/rocksdb.go:120  Write Ahead Log file in /var/lib/cockroach/cockroach-temp151918782: 
I200514 19:18:47.118366 31 storage/engine/rocksdb.go:120                          Options.error_if_exists: 0
I200514 19:18:47.118369 31 storage/engine/rocksdb.go:120                        Options.create_if_missing: 1
I200514 19:18:47.118372 31 storage/engine/rocksdb.go:120                          Options.paranoid_checks: 1
I200514 19:18:47.118375 31 storage/engine/rocksdb.go:120                                      Options.env: 0x75757a0
I200514 19:18:47.118378 31 storage/engine/rocksdb.go:120                                 Options.info_log: 0x7fb3a5287fa0
I200514 19:18:47.118381 31 storage/engine/rocksdb.go:120                 Options.max_file_opening_threads: 16
I200514 19:18:47.118383 31 storage/engine/rocksdb.go:120                               Options.statistics: 0x7fb3a521d8d0
I200514 19:18:47.118386 31 storage/engine/rocksdb.go:120                                Options.use_fsync: 0
I200514 19:18:47.118388 31 storage/engine/rocksdb.go:120                        Options.max_log_file_size: 0
I200514 19:18:47.118399 31 storage/engine/rocksdb.go:120                   Options.max_manifest_file_size: 134217728
I200514 19:18:47.118402 31 storage/engine/rocksdb.go:120                    Options.log_file_time_to_roll: 0
I200514 19:18:47.118404 31 storage/engine/rocksdb.go:120                        Options.keep_log_file_num: 1000
I200514 19:18:47.118407 31 storage/engine/rocksdb.go:120                     Options.recycle_log_file_num: 1
I200514 19:18:47.118410 31 storage/engine/rocksdb.go:120                          Options.allow_fallocate: 1
I200514 19:18:47.118413 31 storage/engine/rocksdb.go:120                         Options.allow_mmap_reads: 0
I200514 19:18:47.118415 31 storage/engine/rocksdb.go:120                        Options.allow_mmap_writes: 0
I200514 19:18:47.118418 31 storage/engine/rocksdb.go:120                         Options.use_direct_reads: 0
I200514 19:18:47.118421 31 storage/engine/rocksdb.go:120                         Options.use_direct_io_for_flush_and_compaction: 0
I200514 19:18:47.118425 31 storage/engine/rocksdb.go:120           Options.create_missing_column_families: 0
I200514 19:18:47.118428 31 storage/engine/rocksdb.go:120                               Options.db_log_dir: 
I200514 19:18:47.118431 31 storage/engine/rocksdb.go:120                                  Options.wal_dir: /var/lib/cockroach/cockroach-temp151918782
I200514 19:18:47.118433 31 storage/engine/rocksdb.go:120                 Options.table_cache_numshardbits: 6
I200514 19:18:47.118436 31 storage/engine/rocksdb.go:120                       Options.max_subcompactions: 1
I200514 19:18:47.118439 31 storage/engine/rocksdb.go:120                   Options.max_background_flushes: -1
I200514 19:18:47.118452 31 storage/engine/rocksdb.go:120                          Options.WAL_ttl_seconds: 0
I200514 19:18:47.118459 31 storage/engine/rocksdb.go:120                        Options.WAL_size_limit_MB: 0
I200514 19:18:47.118461 31 storage/engine/rocksdb.go:120              Options.manifest_preallocation_size: 4194304
I200514 19:18:47.118464 31 storage/engine/rocksdb.go:120                      Options.is_fd_close_on_exec: 1
I200514 19:18:47.118467 31 storage/engine/rocksdb.go:120                    Options.advise_random_on_open: 1
I200514 19:18:47.118469 31 storage/engine/rocksdb.go:120                     Options.db_write_buffer_size: 0
I200514 19:18:47.118472 31 storage/engine/rocksdb.go:120                     Options.write_buffer_manager: 0x7fb3a5260d70
I200514 19:18:47.118475 31 storage/engine/rocksdb.go:120          Options.access_hint_on_compaction_start: 1
I200514 19:18:47.118477 31 storage/engine/rocksdb.go:120   Options.new_table_reader_for_compaction_inputs: 0
I200514 19:18:47.118480 31 storage/engine/rocksdb.go:120            Options.random_access_max_buffer_size: 1048576
I200514 19:18:47.118483 31 storage/engine/rocksdb.go:120                       Options.use_adaptive_mutex: 0
I200514 19:18:47.118486 31 storage/engine/rocksdb.go:120                             Options.rate_limiter: (nil)
I200514 19:18:47.118489 31 storage/engine/rocksdb.go:120      Options.sst_file_manager.rate_bytes_per_sec: 0
I200514 19:18:47.118492 31 storage/engine/rocksdb.go:120                        Options.wal_recovery_mode: 0
I200514 19:18:47.118495 31 storage/engine/rocksdb.go:120                   Options.enable_thread_tracking: 0
I200514 19:18:47.118497 31 storage/engine/rocksdb.go:120                   Options.enable_pipelined_write: 0
I200514 19:18:47.118500 31 storage/engine/rocksdb.go:120          Options.allow_concurrent_memtable_write: 1
I200514 19:18:47.118502 31 storage/engine/rocksdb.go:120       Options.enable_write_thread_adaptive_yield: 1
I200514 19:18:47.118505 31 storage/engine/rocksdb.go:120              Options.write_thread_max_yield_usec: 100
I200514 19:18:47.118507 31 storage/engine/rocksdb.go:120             Options.write_thread_slow_yield_usec: 3
I200514 19:18:47.118510 31 storage/engine/rocksdb.go:120                                Options.row_cache: None
I200514 19:18:47.118513 31 storage/engine/rocksdb.go:120                               Options.wal_filter: None
I200514 19:18:47.118515 31 storage/engine/rocksdb.go:120              Options.avoid_flush_during_recovery: 0
I200514 19:18:47.118518 31 storage/engine/rocksdb.go:120              Options.allow_ingest_behind: 0
I200514 19:18:47.118520 31 storage/engine/rocksdb.go:120              Options.preserve_deletes: 0
I200514 19:18:47.118523 31 storage/engine/rocksdb.go:120              Options.two_write_queues: 0
I200514 19:18:47.118526 31 storage/engine/rocksdb.go:120              Options.manual_wal_flush: 1
I200514 19:18:47.118528 31 storage/engine/rocksdb.go:120              Options.atomic_flush: 0
I200514 19:18:47.118531 31 storage/engine/rocksdb.go:120              Options.avoid_unnecessary_blocking_io: 0
I200514 19:18:47.118533 31 storage/engine/rocksdb.go:120              Options.max_background_jobs: 2
I200514 19:18:47.118536 31 storage/engine/rocksdb.go:120              Options.max_background_compactions: -1
I200514 19:18:47.118538 31 storage/engine/rocksdb.go:120              Options.avoid_flush_during_shutdown: 0
I200514 19:18:47.118541 31 storage/engine/rocksdb.go:120            Options.writable_file_max_buffer_size: 1048576
I200514 19:18:47.118543 31 storage/engine/rocksdb.go:120              Options.delayed_write_rate : 16777216
I200514 19:18:47.118546 31 storage/engine/rocksdb.go:120              Options.max_total_wal_size: 0
I200514 19:18:47.118548 31 storage/engine/rocksdb.go:120              Options.delete_obsolete_files_period_micros: 21600000000
I200514 19:18:47.118551 31 storage/engine/rocksdb.go:120                    Options.stats_dump_period_sec: 0
I200514 19:18:47.118553 31 storage/engine/rocksdb.go:120                  Options.stats_persist_period_sec: 600
I200514 19:18:47.118556 31 storage/engine/rocksdb.go:120                  Options.stats_history_buffer_size: 1048576
I200514 19:18:47.118558 31 storage/engine/rocksdb.go:120                           Options.max_open_files: 128
I200514 19:18:47.118563 31 storage/engine/rocksdb.go:120                           Options.bytes_per_sync: 524288
I200514 19:18:47.118565 31 storage/engine/rocksdb.go:120                       Options.wal_bytes_per_sync: 0
I200514 19:18:47.118568 31 storage/engine/rocksdb.go:120                    Options.strict_bytes_per_sync: 1
I200514 19:18:47.118571 31 storage/engine/rocksdb.go:120        Options.compaction_readahead_size: 0
I200514 19:18:47.118573 31 storage/engine/rocksdb.go:120  Compression algorithms supported:
I200514 19:18:47.118576 31 storage/engine/rocksdb.go:120  	kZSTDNotFinalCompression supported: 0
I200514 19:18:47.118579 31 storage/engine/rocksdb.go:120  	kZSTD supported: 0
I200514 19:18:47.118582 31 storage/engine/rocksdb.go:120  	kXpressCompression supported: 0
I200514 19:18:47.118585 31 storage/engine/rocksdb.go:120  	kLZ4HCCompression supported: 0
I200514 19:18:47.118587 31 storage/engine/rocksdb.go:120  	kLZ4Compression supported: 0
I200514 19:18:47.118590 31 storage/engine/rocksdb.go:120  	kBZip2Compression supported: 0
I200514 19:18:47.118593 31 storage/engine/rocksdb.go:120  	kZlibCompression supported: 0
I200514 19:18:47.118595 31 storage/engine/rocksdb.go:120  	kSnappyCompression supported: 1
I200514 19:18:47.118603 31 storage/engine/rocksdb.go:120  Fast CRC32 supported: Supported on x86
I200514 19:18:47.120513 31 storage/engine/rocksdb.go:120  [db/db_impl_open.cc:242] Creating manifest 1 
I200514 19:18:47.135594 31 storage/engine/rocksdb.go:120  [db/version_set.cc:4072] Recovering from manifest file: /var/lib/cockroach/cockroach-temp151918782/MANIFEST-000001
I200514 19:18:47.136683 31 storage/engine/rocksdb.go:120  [db/column_family.cc:488] --------------- Options for column family [default]:
I200514 19:18:47.136689 31 storage/engine/rocksdb.go:120                Options.comparator: cockroach_comparator
I200514 19:18:47.136693 31 storage/engine/rocksdb.go:120            Options.merge_operator: cockroach_merge_operator
I200514 19:18:47.136696 31 storage/engine/rocksdb.go:120         Options.compaction_filter: None
I200514 19:18:47.136698 31 storage/engine/rocksdb.go:120         Options.compaction_filter_factory: None
I200514 19:18:47.136701 31 storage/engine/rocksdb.go:120          Options.memtable_factory: SkipListFactory
I200514 19:18:47.136704 31 storage/engine/rocksdb.go:120             Options.table_factory: BlockBasedTable
I200514 19:18:47.136726 31 storage/engine/rocksdb.go:120             table_factory options:   flush_block_policy_factory: FlushBlockBySizePolicyFactory (0x7fb3a5224040)
  cache_index_and_filter_blocks: 0
  cache_index_and_filter_blocks_with_high_priority: 0
  pin_l0_filter_and_index_blocks_in_cache: 0
  pin_top_level_index_and_filter: 1
  index_type: 0
  data_block_index_type: 0
  index_shortening: 1
  data_block_hash_table_util_ratio: 0.750000
  hash_index_allow_collision: 1
  checksum: 1
  no_block_cache: 0
  block_cache: 0x7fb3a527a190
  block_cache_name: LRUCache
  block_cache_options:
    capacity : 1048576
    num_shard_bits : 4
    strict_capacity_limit : 0
    memory_allocator : None
    high_pri_pool_ratio: 0.000
  block_cache_compressed: (nil)
  persistent_cache: (nil)
  block_size: 32768
  block_size_deviation: 10
  block_restart_interval: 16
  index_block_restart_interval: 1
  metadata_block_size: 4096
  partition_filters: 0
  use_delta_encoding: 1
  filter_policy: rocksdb.BuiltinBloomFilter
  whole_key_filtering: 0
  verify_compression: 0
  read_amp_bytes_per_bit: 0
  format_version: 2
  enable_index_compression: 1
  block_align: 0
I200514 19:18:47.136731 31 storage/engine/rocksdb.go:120         Options.write_buffer_size: 67108864
I200514 19:18:47.136735 31 storage/engine/rocksdb.go:120   Options.max_write_buffer_number: 4
I200514 19:18:47.136737 31 storage/engine/rocksdb.go:120           Options.compression: Snappy
I200514 19:18:47.136740 31 storage/engine/rocksdb.go:120                   Options.bottommost_compression: Disabled
I200514 19:18:47.136743 31 storage/engine/rocksdb.go:120        Options.prefix_extractor: cockroach_prefix_extractor
I200514 19:18:47.136746 31 storage/engine/rocksdb.go:120    Options.memtable_insert_with_hint_prefix_extractor: nullptr
I200514 19:18:47.136748 31 storage/engine/rocksdb.go:120              Options.num_levels: 7
I200514 19:18:47.136751 31 storage/engine/rocksdb.go:120         Options.min_write_buffer_number_to_merge: 1
I200514 19:18:47.136753 31 storage/engine/rocksdb.go:120      Options.max_write_buffer_number_to_maintain: 0
I200514 19:18:47.136756 31 storage/engine/rocksdb.go:120             Options.bottommost_compression_opts.window_bits: -14
I200514 19:18:47.136759 31 storage/engine/rocksdb.go:120                   Options.bottommost_compression_opts.level: 32767
I200514 19:18:47.136761 31 storage/engine/rocksdb.go:120                Options.bottommost_compression_opts.strategy: 0
I200514 19:18:47.136764 31 storage/engine/rocksdb.go:120          Options.bottommost_compression_opts.max_dict_bytes: 0
I200514 19:18:47.136767 31 storage/engine/rocksdb.go:120          Options.bottommost_compression_opts.zstd_max_train_bytes: 0
I200514 19:18:47.136769 31 storage/engine/rocksdb.go:120                   Options.bottommost_compression_opts.enabled: false
I200514 19:18:47.136772 31 storage/engine/rocksdb.go:120             Options.compression_opts.window_bits: -14
I200514 19:18:47.136775 31 storage/engine/rocksdb.go:120                   Options.compression_opts.level: 32767
I200514 19:18:47.136777 31 storage/engine/rocksdb.go:120                Options.compression_opts.strategy: 0
I200514 19:18:47.136780 31 storage/engine/rocksdb.go:120          Options.compression_opts.max_dict_bytes: 0
I200514 19:18:47.136782 31 storage/engine/rocksdb.go:120          Options.compression_opts.zstd_max_train_bytes: 0
I200514 19:18:47.136785 31 storage/engine/rocksdb.go:120                   Options.compression_opts.enabled: false
I200514 19:18:47.136787 31 storage/engine/rocksdb.go:120       Options.level0_file_num_compaction_trigger: 2
I200514 19:18:47.136793 31 storage/engine/rocksdb.go:120           Options.level0_slowdown_writes_trigger: 950
I200514 19:18:47.136796 31 storage/engine/rocksdb.go:120               Options.level0_stop_writes_trigger: 1000
I200514 19:18:47.136798 31 storage/engine/rocksdb.go:120                    Options.target_file_size_base: 4194304
I200514 19:18:47.136801 31 storage/engine/rocksdb.go:120              Options.target_file_size_multiplier: 2
I200514 19:18:47.136804 31 storage/engine/rocksdb.go:120                 Options.max_bytes_for_level_base: 67108864
I200514 19:18:47.136806 31 storage/engine/rocksdb.go:120  Options.level_compaction_dynamic_level_bytes: 1
I200514 19:18:47.136810 31 storage/engine/rocksdb.go:120           Options.max_bytes_for_level_multiplier: 10.000000
I200514 19:18:47.136812 31 storage/engine/rocksdb.go:120  Options.max_bytes_for_level_multiplier_addtl[0]: 1
I200514 19:18:47.136815 31 storage/engine/rocksdb.go:120  Options.max_bytes_for_level_multiplier_addtl[1]: 1
I200514 19:18:47.136818 31 storage/engine/rocksdb.go:120  Options.max_bytes_for_level_multiplier_addtl[2]: 1
I200514 19:18:47.136820 31 storage/engine/rocksdb.go:120  Options.max_bytes_for_level_multiplier_addtl[3]: 1
I200514 19:18:47.136823 31 storage/engine/rocksdb.go:120  Options.max_bytes_for_level_multiplier_addtl[4]: 1
I200514 19:18:47.136825 31 storage/engine/rocksdb.go:120  Options.max_bytes_for_level_multiplier_addtl[5]: 1
I200514 19:18:47.136828 31 storage/engine/rocksdb.go:120  Options.max_bytes_for_level_multiplier_addtl[6]: 1
I200514 19:18:47.136831 31 storage/engine/rocksdb.go:120        Options.max_sequential_skip_in_iterations: 8
I200514 19:18:47.136833 31 storage/engine/rocksdb.go:120                     Options.max_compaction_bytes: 104857600
I200514 19:18:47.136836 31 storage/engine/rocksdb.go:120                         Options.arena_block_size: 8388608
I200514 19:18:47.136838 31 storage/engine/rocksdb.go:120    Options.soft_pending_compaction_bytes_limit: 2199023255552
I200514 19:18:47.136841 31 storage/engine/rocksdb.go:120    Options.hard_pending_compaction_bytes_limit: 4400193994752
I200514 19:18:47.136843 31 storage/engine/rocksdb.go:120        Options.rate_limit_delay_max_milliseconds: 100
I200514 19:18:47.136846 31 storage/engine/rocksdb.go:120                 Options.disable_auto_compactions: 0
I200514 19:18:47.136850 31 storage/engine/rocksdb.go:120                         Options.compaction_style: kCompactionStyleLevel
I200514 19:18:47.136853 31 storage/engine/rocksdb.go:120                           Options.compaction_pri: kMinOverlappingRatio
I200514 19:18:47.136855 31 storage/engine/rocksdb.go:120  Options.compaction_options_universal.size_ratio: 1
I200514 19:18:47.136858 31 storage/engine/rocksdb.go:120  Options.compaction_options_universal.min_merge_width: 2
I200514 19:18:47.136860 31 storage/engine/rocksdb.go:120  Options.compaction_options_universal.max_merge_width: 4294967295
I200514 19:18:47.136863 31 storage/engine/rocksdb.go:120  Options.compaction_options_universal.max_size_amplification_percent: 200
I200514 19:18:47.136866 31 storage/engine/rocksdb.go:120  Options.compaction_options_universal.compression_size_percent: -1
I200514 19:18:47.136868 31 storage/engine/rocksdb.go:120  Options.compaction_options_universal.stop_style: kCompactionStopStyleTotalSize
I200514 19:18:47.136871 31 storage/engine/rocksdb.go:120  Options.compaction_options_fifo.max_table_files_size: 1073741824
I200514 19:18:47.136874 31 storage/engine/rocksdb.go:120  Options.compaction_options_fifo.allow_compaction: 0
I200514 19:18:47.136877 31 storage/engine/rocksdb.go:120                    Options.table_properties_collectors: TimeBoundTblPropCollectorFactory; DeleteRangeTblPropCollectorFactory; 
I200514 19:18:47.136880 31 storage/engine/rocksdb.go:120                    Options.inplace_update_support: 0
I200514 19:18:47.136883 31 storage/engine/rocksdb.go:120                  Options.inplace_update_num_locks: 10000
I200514 19:18:47.136886 31 storage/engine/rocksdb.go:120                Options.memtable_prefix_bloom_size_ratio: 0.000000
I200514 19:18:47.136889 31 storage/engine/rocksdb.go:120                Options.memtable_whole_key_filtering: 0
I200514 19:18:47.136891 31 storage/engine/rocksdb.go:120    Options.memtable_huge_page_size: 0
I200514 19:18:47.136894 31 storage/engine/rocksdb.go:120                            Options.bloom_locality: 0
I200514 19:18:47.136896 31 storage/engine/rocksdb.go:120                     Options.max_successive_merges: 0
I200514 19:18:47.136899 31 storage/engine/rocksdb.go:120                 Options.optimize_filters_for_hits: 1
I200514 19:18:47.136902 31 storage/engine/rocksdb.go:120                 Options.paranoid_file_checks: 0
I200514 19:18:47.136904 31 storage/engine/rocksdb.go:120                 Options.force_consistency_checks: 0
I200514 19:18:47.136907 31 storage/engine/rocksdb.go:120                 Options.report_bg_io_stats: 0
I200514 19:18:47.136909 31 storage/engine/rocksdb.go:120                                Options.ttl: 0
I200514 19:18:47.136912 31 storage/engine/rocksdb.go:120           Options.periodic_compaction_seconds: 0
I200514 19:18:47.137648 31 storage/engine/rocksdb.go:120  [db/version_set.cc:4286] Recovered from manifest file:/var/lib/cockroach/cockroach-temp151918782/MANIFEST-000001 succeeded,manifest_file_number is 1, next_file_number is 3, last_sequence is 0, log_number is 0,prev_log_number is 0,max_column_family is 0,min_log_number_to_keep is 0
I200514 19:18:47.137655 31 storage/engine/rocksdb.go:120  [db/version_set.cc:4295] Column family [default] (ID 0), log number is 0
I200514 19:18:47.154801 31 storage/engine/rocksdb.go:120  DB pointer 0x7fb3a5357000
I200514 19:18:47.176144 31 storage/engine/rocksdb.go:120  RocksDB version: 6.2.1
I200514 19:18:47.176149 31 storage/engine/rocksdb.go:120  Git sha rocksdb_build_git_sha:@b7009236531fa784872f4823eabf393501e41bf2@
I200514 19:18:47.176152 31 storage/engine/rocksdb.go:120  Compile date Mar 16 2020
I200514 19:18:47.176155 31 storage/engine/rocksdb.go:120  DB SUMMARY
I200514 19:18:47.177120 31 storage/engine/rocksdb.go:120  CURRENT file:  CURRENT
I200514 19:18:47.177125 31 storage/engine/rocksdb.go:120  IDENTITY file:  IDENTITY
I200514 19:18:47.177546 31 storage/engine/rocksdb.go:120  MANIFEST file:  MANIFEST-000562 size: 516 Bytes
I200514 19:18:47.177552 31 storage/engine/rocksdb.go:120  SST files in /var/lib/cockroach dir, Total Num: 4, files: 000557.sst 000558.sst 000559.sst 000561.sst 
I200514 19:18:47.177555 31 storage/engine/rocksdb.go:120  Write Ahead Log file in /var/lib/cockroach: 000563.log size: 709734 ; 
I200514 19:18:47.177558 31 storage/engine/rocksdb.go:120                          Options.error_if_exists: 0
I200514 19:18:47.177561 31 storage/engine/rocksdb.go:120                        Options.create_if_missing: 1
I200514 19:18:47.177563 31 storage/engine/rocksdb.go:120                          Options.paranoid_checks: 1
I200514 19:18:47.177566 31 storage/engine/rocksdb.go:120                                      Options.env: 0x75757a0
I200514 19:18:47.177569 31 storage/engine/rocksdb.go:120                                 Options.info_log: 0x7fb3a5287e60
I200514 19:18:47.177571 31 storage/engine/rocksdb.go:120                 Options.max_file_opening_threads: 16
I200514 19:18:47.177598 31 storage/engine/rocksdb.go:120                               Options.statistics: 0x7fb3a521d940
I200514 19:18:47.177604 31 storage/engine/rocksdb.go:120                                Options.use_fsync: 0
I200514 19:18:47.177607 31 storage/engine/rocksdb.go:120                        Options.max_log_file_size: 0
I200514 19:18:47.177610 31 storage/engine/rocksdb.go:120                   Options.max_manifest_file_size: 134217728
I200514 19:18:47.177613 31 storage/engine/rocksdb.go:120                    Options.log_file_time_to_roll: 0
I200514 19:18:47.177637 31 storage/engine/rocksdb.go:120                        Options.keep_log_file_num: 1000
I200514 19:18:47.177641 31 storage/engine/rocksdb.go:120                     Options.recycle_log_file_num: 1
I200514 19:18:47.177644 31 storage/engine/rocksdb.go:120                          Options.allow_fallocate: 1
I200514 19:18:47.177646 31 storage/engine/rocksdb.go:120                         Options.allow_mmap_reads: 0
I200514 19:18:47.177668 31 storage/engine/rocksdb.go:120                        Options.allow_mmap_writes: 0
I200514 19:18:47.177677 31 storage/engine/rocksdb.go:120                         Options.use_direct_reads: 0
I200514 19:18:47.177679 31 storage/engine/rocksdb.go:120                         Options.use_direct_io_for_flush_and_compaction: 0
I200514 19:18:47.177682 31 storage/engine/rocksdb.go:120           Options.create_missing_column_families: 0
I200514 19:18:47.177685 31 storage/engine/rocksdb.go:120                               Options.db_log_dir: 
I200514 19:18:47.177688 31 storage/engine/rocksdb.go:120                                  Options.wal_dir: /var/lib/cockroach
I200514 19:18:47.177691 31 storage/engine/rocksdb.go:120                 Options.table_cache_numshardbits: 6
I200514 19:18:47.177694 31 storage/engine/rocksdb.go:120                       Options.max_subcompactions: 1
I200514 19:18:47.177696 31 storage/engine/rocksdb.go:120                   Options.max_background_flushes: -1
I200514 19:18:47.177699 31 storage/engine/rocksdb.go:120                          Options.WAL_ttl_seconds: 0
I200514 19:18:47.177702 31 storage/engine/rocksdb.go:120                        Options.WAL_size_limit_MB: 0
I200514 19:18:47.177704 31 storage/engine/rocksdb.go:120              Options.manifest_preallocation_size: 4194304
I200514 19:18:47.177707 31 storage/engine/rocksdb.go:120                      Options.is_fd_close_on_exec: 1
I200514 19:18:47.177709 31 storage/engine/rocksdb.go:120                    Options.advise_random_on_open: 1
I200514 19:18:47.177712 31 storage/engine/rocksdb.go:120                     Options.db_write_buffer_size: 0
I200514 19:18:47.177715 31 storage/engine/rocksdb.go:120                     Options.write_buffer_manager: 0x7fb3a5260d10
I200514 19:18:47.177717 31 storage/engine/rocksdb.go:120          Options.access_hint_on_compaction_start: 1
I200514 19:18:47.177720 31 storage/engine/rocksdb.go:120   Options.new_table_reader_for_compaction_inputs: 0
I200514 19:18:47.177722 31 storage/engine/rocksdb.go:120            Options.random_access_max_buffer_size: 1048576
I200514 19:18:47.177725 31 storage/engine/rocksdb.go:120                       Options.use_adaptive_mutex: 0
I200514 19:18:47.177728 31 storage/engine/rocksdb.go:120                             Options.rate_limiter: (nil)
I200514 19:18:47.177731 31 storage/engine/rocksdb.go:120      Options.sst_file_manager.rate_bytes_per_sec: 0
I200514 19:18:47.177733 31 storage/engine/rocksdb.go:120                        Options.wal_recovery_mode: 0
I200514 19:18:47.177736 31 storage/engine/rocksdb.go:120                   Options.enable_thread_tracking: 0
I200514 19:18:47.177738 31 storage/engine/rocksdb.go:120                   Options.enable_pipelined_write: 0
I200514 19:18:47.177741 31 storage/engine/rocksdb.go:120          Options.allow_concurrent_memtable_write: 1
I200514 19:18:47.177743 31 storage/engine/rocksdb.go:120       Options.enable_write_thread_adaptive_yield: 1
I200514 19:18:47.177746 31 storage/engine/rocksdb.go:120              Options.write_thread_max_yield_usec: 100
I200514 19:18:47.177748 31 storage/engine/rocksdb.go:120             Options.write_thread_slow_yield_usec: 3
I200514 19:18:47.177751 31 storage/engine/rocksdb.go:120                                Options.row_cache: None
I200514 19:18:47.177754 31 storage/engine/rocksdb.go:120                               Options.wal_filter: None
I200514 19:18:47.177756 31 storage/engine/rocksdb.go:120              Options.avoid_flush_during_recovery: 0
I200514 19:18:47.177759 31 storage/engine/rocksdb.go:120              Options.allow_ingest_behind: 0
I200514 19:18:47.177761 31 storage/engine/rocksdb.go:120              Options.preserve_deletes: 0
I200514 19:18:47.177764 31 storage/engine/rocksdb.go:120              Options.two_write_queues: 0
I200514 19:18:47.177766 31 storage/engine/rocksdb.go:120              Options.manual_wal_flush: 1
I200514 19:18:47.177769 31 storage/engine/rocksdb.go:120              Options.atomic_flush: 0
I200514 19:18:47.177771 31 storage/engine/rocksdb.go:120              Options.avoid_unnecessary_blocking_io: 0
I200514 19:18:47.177774 31 storage/engine/rocksdb.go:120              Options.max_background_jobs: 2
I200514 19:18:47.177776 31 storage/engine/rocksdb.go:120              Options.max_background_compactions: -1
I200514 19:18:47.177779 31 storage/engine/rocksdb.go:120              Options.avoid_flush_during_shutdown: 0
I200514 19:18:47.177781 31 storage/engine/rocksdb.go:120            Options.writable_file_max_buffer_size: 1048576
I200514 19:18:47.177784 31 storage/engine/rocksdb.go:120              Options.delayed_write_rate : 16777216
I200514 19:18:47.177787 31 storage/engine/rocksdb.go:120              Options.max_total_wal_size: 0
I200514 19:18:47.177789 31 storage/engine/rocksdb.go:120              Options.delete_obsolete_files_period_micros: 21600000000
I200514 19:18:47.177792 31 storage/engine/rocksdb.go:120                    Options.stats_dump_period_sec: 0
I200514 19:18:47.177795 31 storage/engine/rocksdb.go:120                  Options.stats_persist_period_sec: 600
I200514 19:18:47.177797 31 storage/engine/rocksdb.go:120                  Options.stats_history_buffer_size: 1048576
I200514 19:18:47.177800 31 storage/engine/rocksdb.go:120                           Options.max_open_files: 1043576
I200514 19:18:47.177802 31 storage/engine/rocksdb.go:120                           Options.bytes_per_sync: 524288
I200514 19:18:47.177805 31 storage/engine/rocksdb.go:120                       Options.wal_bytes_per_sync: 0
I200514 19:18:47.177807 31 storage/engine/rocksdb.go:120                    Options.strict_bytes_per_sync: 1
I200514 19:18:47.177810 31 storage/engine/rocksdb.go:120        Options.compaction_readahead_size: 0
I200514 19:18:47.177813 31 storage/engine/rocksdb.go:120  Compression algorithms supported:
I200514 19:18:47.177816 31 storage/engine/rocksdb.go:120  	kZSTDNotFinalCompression supported: 0
I200514 19:18:47.177818 31 storage/engine/rocksdb.go:120  	kZSTD supported: 0
I200514 19:18:47.177821 31 storage/engine/rocksdb.go:120  	kXpressCompression supported: 0
I200514 19:18:47.177824 31 storage/engine/rocksdb.go:120  	kLZ4HCCompression supported: 0
I200514 19:18:47.177828 31 storage/engine/rocksdb.go:120  	kLZ4Compression supported: 0
I200514 19:18:47.177831 31 storage/engine/rocksdb.go:120  	kBZip2Compression supported: 0
I200514 19:18:47.177834 31 storage/engine/rocksdb.go:120  	kZlibCompression supported: 0
I200514 19:18:47.177836 31 storage/engine/rocksdb.go:120  	kSnappyCompression supported: 1
I200514 19:18:47.177842 31 storage/engine/rocksdb.go:120  Fast CRC32 supported: Supported on x86
I200514 19:18:47.179781 31 storage/engine/rocksdb.go:120  [db/version_set.cc:4072] Recovering from manifest file: /var/lib/cockroach/MANIFEST-000562
I200514 19:18:47.180132 31 storage/engine/rocksdb.go:120  [db/column_family.cc:488] --------------- Options for column family [default]:
I200514 19:18:47.180160 31 storage/engine/rocksdb.go:120                Options.comparator: cockroach_comparator
I200514 19:18:47.180166 31 storage/engine/rocksdb.go:120            Options.merge_operator: cockroach_merge_operator
I200514 19:18:47.180169 31 storage/engine/rocksdb.go:120         Options.compaction_filter: None
I200514 19:18:47.180172 31 storage/engine/rocksdb.go:120         Options.compaction_filter_factory: None
I200514 19:18:47.180175 31 storage/engine/rocksdb.go:120          Options.memtable_factory: SkipListFactory
I200514 19:18:47.180177 31 storage/engine/rocksdb.go:120             Options.table_factory: BlockBasedTable
I200514 19:18:47.180196 31 storage/engine/rocksdb.go:120             table_factory options:   flush_block_policy_factory: FlushBlockBySizePolicyFactory (0x7fb3a52240a0)
  cache_index_and_filter_blocks: 0
  cache_index_and_filter_blocks_with_high_priority: 0
  pin_l0_filter_and_index_blocks_in_cache: 0
  pin_top_level_index_and_filter: 1
  index_type: 0
  data_block_index_type: 0
  index_shortening: 1
  data_block_hash_table_util_ratio: 0.750000
  hash_index_allow_collision: 1
  checksum: 1
  no_block_cache: 0
  block_cache: 0x7fb3a5370390
  block_cache_name: LRUCache
  block_cache_options:
    capacity : 67108864
    num_shard_bits : 4
    strict_capacity_limit : 0
    memory_allocator : None
    high_pri_pool_ratio: 0.000
  block_cache_compressed: (nil)
  persistent_cache: (nil)
  block_size: 32768
  block_size_deviation: 10
  block_restart_interval: 16
  index_block_restart_interval: 1
  metadata_block_size: 4096
  partition_filters: 0
  use_delta_encoding: 1
  filter_policy: rocksdb.BuiltinBloomFilter
  whole_key_filtering: 0
  verify_compression: 0
  read_amp_bytes_per_bit: 0
  format_version: 2
  enable_index_compression: 1
  block_align: 0
I200514 19:18:47.180200 31 storage/engine/rocksdb.go:120         Options.write_buffer_size: 67108864
I200514 19:18:47.180204 31 storage/engine/rocksdb.go:120   Options.max_write_buffer_number: 4
I200514 19:18:47.180207 31 storage/engine/rocksdb.go:120           Options.compression: Snappy
I200514 19:18:47.180209 31 storage/engine/rocksdb.go:120                   Options.bottommost_compression: Disabled
I200514 19:18:47.180212 31 storage/engine/rocksdb.go:120        Options.prefix_extractor: cockroach_prefix_extractor
I200514 19:18:47.180215 31 storage/engine/rocksdb.go:120    Options.memtable_insert_with_hint_prefix_extractor: nullptr
I200514 19:18:47.180217 31 storage/engine/rocksdb.go:120              Options.num_levels: 7
I200514 19:18:47.180220 31 storage/engine/rocksdb.go:120         Options.min_write_buffer_number_to_merge: 1
I200514 19:18:47.180222 31 storage/engine/rocksdb.go:120      Options.max_write_buffer_number_to_maintain: 0
I200514 19:18:47.180225 31 storage/engine/rocksdb.go:120             Options.bottommost_compression_opts.window_bits: -14
I200514 19:18:47.180228 31 storage/engine/rocksdb.go:120                   Options.bottommost_compression_opts.level: 32767
I200514 19:18:47.180230 31 storage/engine/rocksdb.go:120                Options.bottommost_compression_opts.strategy: 0
I200514 19:18:47.180233 31 storage/engine/rocksdb.go:120          Options.bottommost_compression_opts.max_dict_bytes: 0
I200514 19:18:47.180235 31 storage/engine/rocksdb.go:120          Options.bottommost_compression_opts.zstd_max_train_bytes: 0
I200514 19:18:47.180238 31 storage/engine/rocksdb.go:120                   Options.bottommost_compression_opts.enabled: false
I200514 19:18:47.180240 31 storage/engine/rocksdb.go:120             Options.compression_opts.window_bits: -14
I200514 19:18:47.180243 31 storage/engine/rocksdb.go:120                   Options.compression_opts.level: 32767
I200514 19:18:47.180245 31 storage/engine/rocksdb.go:120                Options.compression_opts.strategy: 0
I200514 19:18:47.180248 31 storage/engine/rocksdb.go:120          Options.compression_opts.max_dict_bytes: 0
I200514 19:18:47.180250 31 storage/engine/rocksdb.go:120          Options.compression_opts.zstd_max_train_bytes: 0
I200514 19:18:47.180253 31 storage/engine/rocksdb.go:120                   Options.compression_opts.enabled: false
I200514 19:18:47.180256 31 storage/engine/rocksdb.go:120       Options.level0_file_num_compaction_trigger: 2
I200514 19:18:47.180258 31 storage/engine/rocksdb.go:120           Options.level0_slowdown_writes_trigger: 950
I200514 19:18:47.180261 31 storage/engine/rocksdb.go:120               Options.level0_stop_writes_trigger: 1000
I200514 19:18:47.180264 31 storage/engine/rocksdb.go:120                    Options.target_file_size_base: 4194304
I200514 19:18:47.180266 31 storage/engine/rocksdb.go:120              Options.target_file_size_multiplier: 2
I200514 19:18:47.180269 31 storage/engine/rocksdb.go:120                 Options.max_bytes_for_level_base: 67108864
I200514 19:18:47.180272 31 storage/engine/rocksdb.go:120  Options.level_compaction_dynamic_level_bytes: 1
I200514 19:18:47.180275 31 storage/engine/rocksdb.go:120           Options.max_bytes_for_level_multiplier: 10.000000
I200514 19:18:47.180278 31 storage/engine/rocksdb.go:120  Options.max_bytes_for_level_multiplier_addtl[0]: 1
I200514 19:18:47.180280 31 storage/engine/rocksdb.go:120  Options.max_bytes_for_level_multiplier_addtl[1]: 1
I200514 19:18:47.180283 31 storage/engine/rocksdb.go:120  Options.max_bytes_for_level_multiplier_addtl[2]: 1
I200514 19:18:47.180287 31 storage/engine/rocksdb.go:120  Options.max_bytes_for_level_multiplier_addtl[3]: 1
I200514 19:18:47.180290 31 storage/engine/rocksdb.go:120  Options.max_bytes_for_level_multiplier_addtl[4]: 1
I200514 19:18:47.180293 31 storage/engine/rocksdb.go:120  Options.max_bytes_for_level_multiplier_addtl[5]: 1
I200514 19:18:47.180295 31 storage/engine/rocksdb.go:120  Options.max_bytes_for_level_multiplier_addtl[6]: 1
I200514 19:18:47.180298 31 storage/engine/rocksdb.go:120        Options.max_sequential_skip_in_iterations: 8
I200514 19:18:47.180300 31 storage/engine/rocksdb.go:120                     Options.max_compaction_bytes: 104857600
I200514 19:18:47.180303 31 storage/engine/rocksdb.go:120                         Options.arena_block_size: 8388608
I200514 19:18:47.180305 31 storage/engine/rocksdb.go:120    Options.soft_pending_compaction_bytes_limit: 2199023255552
I200514 19:18:47.180308 31 storage/engine/rocksdb.go:120    Options.hard_pending_compaction_bytes_limit: 4400193994752
I200514 19:18:47.180311 31 storage/engine/rocksdb.go:120        Options.rate_limit_delay_max_milliseconds: 100
I200514 19:18:47.180313 31 storage/engine/rocksdb.go:120                 Options.disable_auto_compactions: 0
I200514 19:18:47.180316 31 storage/engine/rocksdb.go:120                         Options.compaction_style: kCompactionStyleLevel
I200514 19:18:47.180319 31 storage/engine/rocksdb.go:120                           Options.compaction_pri: kMinOverlappingRatio
I200514 19:18:47.180322 31 storage/engine/rocksdb.go:120  Options.compaction_options_universal.size_ratio: 1
I200514 19:18:47.180324 31 storage/engine/rocksdb.go:120  Options.compaction_options_universal.min_merge_width: 2
I200514 19:18:47.180327 31 storage/engine/rocksdb.go:120  Options.compaction_options_universal.max_merge_width: 4294967295
I200514 19:18:47.180330 31 storage/engine/rocksdb.go:120  Options.compaction_options_universal.max_size_amplification_percent: 200
I200514 19:18:47.180332 31 storage/engine/rocksdb.go:120  Options.compaction_options_universal.compression_size_percent: -1
I200514 19:18:47.180335 31 storage/engine/rocksdb.go:120  Options.compaction_options_universal.stop_style: kCompactionStopStyleTotalSize
I200514 19:18:47.180338 31 storage/engine/rocksdb.go:120  Options.compaction_options_fifo.max_table_files_size: 1073741824
I200514 19:18:47.180340 31 storage/engine/rocksdb.go:120  Options.compaction_options_fifo.allow_compaction: 0
I200514 19:18:47.180344 31 storage/engine/rocksdb.go:120                    Options.table_properties_collectors: TimeBoundTblPropCollectorFactory; DeleteRangeTblPropCollectorFactory; 
I200514 19:18:47.180347 31 storage/engine/rocksdb.go:120                    Options.inplace_update_support: 0
I200514 19:18:47.180349 31 storage/engine/rocksdb.go:120                  Options.inplace_update_num_locks: 10000
I200514 19:18:47.180352 31 storage/engine/rocksdb.go:120                Options.memtable_prefix_bloom_size_ratio: 0.000000
I200514 19:18:47.180355 31 storage/engine/rocksdb.go:120                Options.memtable_whole_key_filtering: 0
I200514 19:18:47.180357 31 storage/engine/rocksdb.go:120    Options.memtable_huge_page_size: 0
I200514 19:18:47.180360 31 storage/engine/rocksdb.go:120                            Options.bloom_locality: 0
I200514 19:18:47.180363 31 storage/engine/rocksdb.go:120                     Options.max_successive_merges: 0
I200514 19:18:47.180365 31 storage/engine/rocksdb.go:120                 Options.optimize_filters_for_hits: 1
I200514 19:18:47.180368 31 storage/engine/rocksdb.go:120                 Options.paranoid_file_checks: 0
I200514 19:18:47.180370 31 storage/engine/rocksdb.go:120                 Options.force_consistency_checks: 0
I200514 19:18:47.180373 31 storage/engine/rocksdb.go:120                 Options.report_bg_io_stats: 0
I200514 19:18:47.180375 31 storage/engine/rocksdb.go:120                                Options.ttl: 0
I200514 19:18:47.180378 31 storage/engine/rocksdb.go:120           Options.periodic_compaction_seconds: 0
I200514 19:18:47.194920 31 storage/engine/rocksdb.go:120  [db/version_set.cc:4286] Recovered from manifest file:/var/lib/cockroach/MANIFEST-000562 succeeded,manifest_file_number is 562, next_file_number is 564, last_sequence is 9496144, log_number is 555,prev_log_number is 0,max_column_family is 0,min_log_number_to_keep is 0
I200514 19:18:47.194927 31 storage/engine/rocksdb.go:120  [db/version_set.cc:4295] Column family [default] (ID 0), log number is 555
I200514 19:18:47.200365 31 storage/engine/rocksdb.go:120  EVENT_LOG_v1 {"time_micros": 1589483927200338, "job": 1, "event": "recovery_started", "log_files": [563]}
I200514 19:18:47.200377 31 storage/engine/rocksdb.go:120  [db/db_impl_open.cc:598] Recovering log #563 mode 0
I200514 19:18:47.235535 31 storage/engine/rocksdb.go:120  EVENT_LOG_v1 {"time_micros": 1589483927235429, "cf_name": "default", "job": 1, "event": "table_file_creation", "file_number": 564, "file_size": 79716, "table_properties": {"data_size": 76947, "index_size": 411, "index_partitions": 0, "top_level_index_size": 0, "index_key_is_user_key": 0, "index_value_is_delta_encoded": 0, "filter_size": 1477, "raw_key_size": 50997, "raw_average_key_size": 41, "raw_value_size": 285092, "raw_average_value_size": 234, "num_data_blocks": 9, "num_entries": 1217, "num_deletions": 167, "num_merge_operands": 664, "num_range_deletions": 664, "format_version": 0, "fixed_key_len": 0, "filter_policy": "rocksdb.BuiltinBloomFilter", "column_family_name": "default", "column_family_id": 0, "comparator": "cockroach_comparator", "merge_operator": "cockroach_merge_operator", "prefix_extractor_name": "cockroach_prefix_extractor", "property_collectors": "[TimeBoundTblPropCollectorFactory,DeleteRangeTblPropCollectorFactory]", "compression": "Snappy", "compression_options": "window_bits=-14; level=32767; strategy=0; max_dict_bytes=0; zstd_max_train_bytes=0; enabled=0; ", "creation_time": 1589483927, "oldest_key_time": 3, "file_creation_time": 0}}
I200514 19:18:47.235830 31 storage/engine/rocksdb.go:120  [db/version_set.cc:3560] Creating manifest 565
I200514 19:18:47.246477 31 storage/engine/rocksdb.go:120  EVENT_LOG_v1 {"time_micros": 1589483927246440, "job": 1, "event": "recovery_finished"}
I200514 19:18:47.272480 17 storage/engine/rocksdb.go:120  [db/compaction_job.cc:1647] [default] [JOB 3] Compacting 2@0 + 3@6 files to L6, score 1.00
I200514 19:18:47.272496 17 storage/engine/rocksdb.go:120  [db/compaction_job.cc:1651] [default] Compaction start summary: Base version 2 Base level 0, inputs: [564(77KB) 561(70KB)], [557(4118KB) 558(4112KB) 559(2926KB)]
I200514 19:18:47.272531 17 storage/engine/rocksdb.go:120  EVENT_LOG_v1 {"time_micros": 1589483927272511, "job": 3, "event": "compaction_started", "compaction_reason": "LevelL0FilesNum", "files_L0": [564, 561], "files_L6": [557, 558, 559], "score": 1, "input_data_size": 11577793}
I200514 19:18:47.283536 31 storage/engine/rocksdb.go:120  DB pointer 0x7fb3a5253000
I200514 19:18:47.370137 17 storage/engine/rocksdb.go:120  [db/compaction_job.cc:1334] [default] [JOB 3] Generated table #569: 14551 keys, 4218586 bytes
I200514 19:18:47.370179 17 storage/engine/rocksdb.go:120  EVENT_LOG_v1 {"time_micros": 1589483927370154, "cf_name": "default", "job": 3, "event": "table_file_creation", "file_number": 569, "file_size": 4218586, "table_properties": {"data_size": 4197110, "index_size": 78919, "index_partitions": 0, "top_level_index_size": 0, "index_key_is_user_key": 0, "index_value_is_delta_encoded": 0, "filter_size": 0, "raw_key_size": 739708, "raw_average_key_size": 50, "raw_value_size": 35889834, "raw_average_value_size": 2466, "num_data_blocks": 1148, "num_entries": 14551, "num_deletions": 0, "num_merge_operands": 0, "num_range_deletions": 0, "format_version": 0, "fixed_key_len": 0, "filter_policy": "rocksdb.BuiltinBloomFilter", "column_family_name": "default", "column_family_id": 0, "comparator": "cockroach_comparator", "merge_operator": "cockroach_merge_operator", "prefix_extractor_name": "cockroach_prefix_extractor", "property_collectors": "[TimeBoundTblPropCollectorFactory,DeleteRangeTblPropCollectorFactory]", "compression": "Snappy", "compression_options": "window_bits=-14; level=32767; strategy=0; max_dict_bytes=0; zstd_max_train_bytes=0; enabled=0; ", "creation_time": 1589483927, "oldest_key_time": 0, "file_creation_time": 1589483927}}
I200514 19:18:47.443648 17 storage/engine/rocksdb.go:120  [db/compaction_job.cc:1334] [default] [JOB 3] Generated table #570: 8112 keys, 4210675 bytes
I200514 19:18:47.443693 17 storage/engine/rocksdb.go:120  EVENT_LOG_v1 {"time_micros": 1589483927443668, "cf_name": "default", "job": 3, "event": "table_file_creation", "file_number": 570, "file_size": 4210675, "table_properties": {"data_size": 4195274, "index_size": 52651, "index_partitions": 0, "top_level_index_size": 0, "index_key_is_user_key": 0, "index_value_is_delta_encoded": 0, "filter_size": 0, "raw_key_size": 445278, "raw_average_key_size": 54, "raw_value_size": 24394656, "raw_average_value_size": 3007, "num_data_blocks": 781, "num_entries": 8112, "num_deletions": 0, "num_merge_operands": 0, "num_range_deletions": 0, "format_version": 0, "fixed_key_len": 0, "filter_policy": "rocksdb.BuiltinBloomFilter", "column_family_name": "default", "column_family_id": 0, "comparator": "cockroach_comparator", "merge_operator": "cockroach_merge_operator", "prefix_extractor_name": "cockroach_prefix_extractor", "property_collectors": "[TimeBoundTblPropCollectorFactory,DeleteRangeTblPropCollectorFactory]", "compression": "Snappy", "compression_options": "window_bits=-14; level=32767; strategy=0; max_dict_bytes=0; zstd_max_train_bytes=0; enabled=0; ", "creation_time": 1589483927, "oldest_key_time": 0, "file_creation_time": 1589483927}}
I200514 19:18:47.496151 17 storage/engine/rocksdb.go:120  [db/compaction_job.cc:1334] [default] [JOB 3] Generated table #571: 9804 keys, 3021392 bytes
I200514 19:18:47.496224 17 storage/engine/rocksdb.go:120  EVENT_LOG_v1 {"time_micros": 1589483927496196, "cf_name": "default", "job": 3, "event": "table_file_creation", "file_number": 571, "file_size": 3021392, "table_properties": {"data_size": 3009467, "index_size": 41142, "index_partitions": 0, "top_level_index_size": 0, "index_key_is_user_key": 0, "index_value_is_delta_encoded": 0, "filter_size": 0, "raw_key_size": 474542, "raw_average_key_size": 48, "raw_value_size": 18213034, "raw_average_value_size": 1857, "num_data_blocks": 585, "num_entries": 9804, "num_deletions": 0, "num_merge_operands": 0, "num_range_deletions": 0, "format_version": 0, "fixed_key_len": 0, "filter_policy": "rocksdb.BuiltinBloomFilter", "column_family_name": "default", "column_family_id": 0, "comparator": "cockroach_comparator", "merge_operator": "cockroach_merge_operator", "prefix_extractor_name": "cockroach_prefix_extractor", "property_collectors": "[TimeBoundTblPropCollectorFactory,DeleteRangeTblPropCollectorFactory]", "compression": "Snappy", "compression_options": "window_bits=-14; level=32767; strategy=0; max_dict_bytes=0; zstd_max_train_bytes=0; enabled=0; ", "creation_time": 1589483927, "oldest_key_time": 0, "file_creation_time": 1589483927}}
I200514 19:18:47.501342 17 storage/engine/rocksdb.go:120  [db/compaction_job.cc:1397] [default] [JOB 3] Compacted 2@0 + 3@6 files to L6 => 11450653 bytes
I200514 19:18:47.502007 17 storage/engine/rocksdb.go:120  (Original Log Time 2020/05/14-19:18:47.501908) [db/compaction_job.cc:770] [default] compacted to: base level 6 level multiplier 10.00 max bytes base 67108864 files[0 0 0 0 0 0 3] max score 0.00, MB/sec: 51.5 rd, 51.0 wr, level 6, files in(2, 3) out(3) MB in(0.1, 10.9) out(10.9), read-write-amplify(151.5) write-amplify(75.3) OK, records in: 34600, records dropped: 805 output_compression: Snappy
I200514 19:18:47.502016 17 storage/engine/rocksdb.go:120  (Original Log Time 2020/05/14-19:18:47.501927) EVENT_LOG_v1 {"time_micros": 1589483927501918, "job": 3, "event": "compaction_finished", "compaction_time_micros": 224738, "compaction_time_cpu_micros": 101420, "output_level": 6, "num_output_files": 3, "total_output_size": 11450653, "num_input_records": 33272, "num_output_records": 32467, "num_subcompactions": 1, "output_compression": "Snappy", "num_single_delete_mismatches": 0, "num_single_delete_fallthrough": 0, "lsm_state": [0, 0, 0, 0, 0, 0, 3]}
I200514 19:18:47.502530 17 storage/engine/rocksdb.go:120  EVENT_LOG_v1 {"time_micros": 1589483927502518, "job": 3, "event": "table_file_deletion", "file_number": 564}
I200514 19:18:47.503301 17 storage/engine/rocksdb.go:120  EVENT_LOG_v1 {"time_micros": 1589483927503271, "job": 3, "event": "table_file_deletion", "file_number": 561}
I200514 19:18:47.504287 17 storage/engine/rocksdb.go:120  EVENT_LOG_v1 {"time_micros": 1589483927504274, "job": 3, "event": "table_file_deletion", "file_number": 559}
I200514 19:18:47.505554 17 storage/engine/rocksdb.go:120  EVENT_LOG_v1 {"time_micros": 1589483927505539, "job": 3, "event": "table_file_deletion", "file_number": 558}
I200514 19:18:47.506806 17 storage/engine/rocksdb.go:120  EVENT_LOG_v1 {"time_micros": 1589483927506793, "job": 3, "event": "table_file_deletion", "file_number": 557}
I200514 19:19:07.735123 744 storage/engine/rocksdb.go:120  bloom filter utility:    -nan%
I200514 19:19:07.735417 744 storage/engine/rocksdb.go:120  [db/db_impl.cc:392] Shutdown: canceling all background work
I200514 19:19:07.735967 744 storage/engine/rocksdb.go:120  [db/db_impl.cc:565] Shutdown complete
I200514 19:19:07.746049 744 storage/engine/rocksdb.go:120  bloom filter utility:    66.7%
I200514 19:19:07.746546 744 storage/engine/rocksdb.go:120  [db/db_impl.cc:392] Shutdown: canceling all background work
I200514 19:19:07.755348 744 storage/engine/rocksdb.go:120  [db/db_impl.cc:565] Shutdown complete
