I200514 20:13:30.333326 12 util/log/clog.go:1196  [config] file created at: 2020/05/14 20:13:30
I200514 20:13:30.333326 12 util/log/clog.go:1196  [config] running on machine: ee0c57974d95
I200514 20:13:30.333326 12 util/log/clog.go:1196  [config] binary: CockroachDB CCL v19.2.5 (x86_64-unknown-linux-gnu, built 2020/03/16 18:27:12, go1.12.12)
I200514 20:13:30.333326 12 util/log/clog.go:1196  [config] arguments: [/cockroach/cockroach start --insecure --store=attrs=ssd,path=/var/lib/cockroach/]
I200514 20:13:30.333326 12 util/log/clog.go:1196  line format: [IWEF]yymmdd hh:mm:ss.uuuuuu goid file:line msg utf8=✓
I200514 20:13:30.333325 12 storage/engine/rocksdb.go:120  RocksDB version: 6.2.1
I200514 20:13:30.340514 12 storage/engine/rocksdb.go:120  Git sha rocksdb_build_git_sha:@b7009236531fa784872f4823eabf393501e41bf2@
I200514 20:13:30.340518 12 storage/engine/rocksdb.go:120  Compile date Mar 16 2020
I200514 20:13:30.340521 12 storage/engine/rocksdb.go:120  DB SUMMARY
I200514 20:13:30.341671 12 storage/engine/rocksdb.go:120  SST files in /var/lib/cockroach/cockroach-temp789628444 dir, Total Num: 0, files: 
I200514 20:13:30.581524 12 storage/engine/rocksdb.go:120  Write Ahead Log file in /var/lib/cockroach/cockroach-temp789628444: 
I200514 20:13:30.581529 12 storage/engine/rocksdb.go:120                          Options.error_if_exists: 0
I200514 20:13:30.581534 12 storage/engine/rocksdb.go:120                        Options.create_if_missing: 1
I200514 20:13:30.581537 12 storage/engine/rocksdb.go:120                          Options.paranoid_checks: 1
I200514 20:13:30.581540 12 storage/engine/rocksdb.go:120                                      Options.env: 0x75757a0
I200514 20:13:30.581542 12 storage/engine/rocksdb.go:120                                 Options.info_log: 0x7fbf900270e0
I200514 20:13:30.581545 12 storage/engine/rocksdb.go:120                 Options.max_file_opening_threads: 16
I200514 20:13:30.581548 12 storage/engine/rocksdb.go:120                               Options.statistics: 0x7fbf90034010
I200514 20:13:30.581551 12 storage/engine/rocksdb.go:120                                Options.use_fsync: 0
I200514 20:13:30.581553 12 storage/engine/rocksdb.go:120                        Options.max_log_file_size: 0
I200514 20:13:30.581557 12 storage/engine/rocksdb.go:120                   Options.max_manifest_file_size: 134217728
I200514 20:13:30.581560 12 storage/engine/rocksdb.go:120                    Options.log_file_time_to_roll: 0
I200514 20:13:30.581563 12 storage/engine/rocksdb.go:120                        Options.keep_log_file_num: 1000
I200514 20:13:30.581566 12 storage/engine/rocksdb.go:120                     Options.recycle_log_file_num: 1
I200514 20:13:30.581568 12 storage/engine/rocksdb.go:120                          Options.allow_fallocate: 1
I200514 20:13:30.581571 12 storage/engine/rocksdb.go:120                         Options.allow_mmap_reads: 0
I200514 20:13:30.581573 12 storage/engine/rocksdb.go:120                        Options.allow_mmap_writes: 0
I200514 20:13:30.581576 12 storage/engine/rocksdb.go:120                         Options.use_direct_reads: 0
I200514 20:13:30.581578 12 storage/engine/rocksdb.go:120                         Options.use_direct_io_for_flush_and_compaction: 0
I200514 20:13:30.581581 12 storage/engine/rocksdb.go:120           Options.create_missing_column_families: 0
I200514 20:13:30.581584 12 storage/engine/rocksdb.go:120                               Options.db_log_dir: 
I200514 20:13:30.581586 12 storage/engine/rocksdb.go:120                                  Options.wal_dir: /var/lib/cockroach/cockroach-temp789628444
I200514 20:13:30.581589 12 storage/engine/rocksdb.go:120                 Options.table_cache_numshardbits: 6
I200514 20:13:30.581592 12 storage/engine/rocksdb.go:120                       Options.max_subcompactions: 1
I200514 20:13:30.581594 12 storage/engine/rocksdb.go:120                   Options.max_background_flushes: -1
I200514 20:13:30.581598 12 storage/engine/rocksdb.go:120                          Options.WAL_ttl_seconds: 0
I200514 20:13:30.581600 12 storage/engine/rocksdb.go:120                        Options.WAL_size_limit_MB: 0
I200514 20:13:30.581603 12 storage/engine/rocksdb.go:120              Options.manifest_preallocation_size: 4194304
I200514 20:13:30.581605 12 storage/engine/rocksdb.go:120                      Options.is_fd_close_on_exec: 1
I200514 20:13:30.581608 12 storage/engine/rocksdb.go:120                    Options.advise_random_on_open: 1
I200514 20:13:30.581610 12 storage/engine/rocksdb.go:120                     Options.db_write_buffer_size: 0
I200514 20:13:30.581613 12 storage/engine/rocksdb.go:120                     Options.write_buffer_manager: 0x7fbf900190f0
I200514 20:13:30.581624 12 storage/engine/rocksdb.go:120          Options.access_hint_on_compaction_start: 1
I200514 20:13:30.581627 12 storage/engine/rocksdb.go:120   Options.new_table_reader_for_compaction_inputs: 0
I200514 20:13:30.581630 12 storage/engine/rocksdb.go:120            Options.random_access_max_buffer_size: 1048576
I200514 20:13:30.581632 12 storage/engine/rocksdb.go:120                       Options.use_adaptive_mutex: 0
I200514 20:13:30.581635 12 storage/engine/rocksdb.go:120                             Options.rate_limiter: (nil)
I200514 20:13:30.581638 12 storage/engine/rocksdb.go:120      Options.sst_file_manager.rate_bytes_per_sec: 0
I200514 20:13:30.581640 12 storage/engine/rocksdb.go:120                        Options.wal_recovery_mode: 0
I200514 20:13:30.581643 12 storage/engine/rocksdb.go:120                   Options.enable_thread_tracking: 0
I200514 20:13:30.581645 12 storage/engine/rocksdb.go:120                   Options.enable_pipelined_write: 0
I200514 20:13:30.581648 12 storage/engine/rocksdb.go:120          Options.allow_concurrent_memtable_write: 1
I200514 20:13:30.581650 12 storage/engine/rocksdb.go:120       Options.enable_write_thread_adaptive_yield: 1
I200514 20:13:30.581653 12 storage/engine/rocksdb.go:120              Options.write_thread_max_yield_usec: 100
I200514 20:13:30.581659 12 storage/engine/rocksdb.go:120             Options.write_thread_slow_yield_usec: 3
I200514 20:13:30.581661 12 storage/engine/rocksdb.go:120                                Options.row_cache: None
I200514 20:13:30.581664 12 storage/engine/rocksdb.go:120                               Options.wal_filter: None
I200514 20:13:30.581667 12 storage/engine/rocksdb.go:120              Options.avoid_flush_during_recovery: 0
I200514 20:13:30.581670 12 storage/engine/rocksdb.go:120              Options.allow_ingest_behind: 0
I200514 20:13:30.581673 12 storage/engine/rocksdb.go:120              Options.preserve_deletes: 0
I200514 20:13:30.581675 12 storage/engine/rocksdb.go:120              Options.two_write_queues: 0
I200514 20:13:30.581678 12 storage/engine/rocksdb.go:120              Options.manual_wal_flush: 1
I200514 20:13:30.581681 12 storage/engine/rocksdb.go:120              Options.atomic_flush: 0
I200514 20:13:30.581683 12 storage/engine/rocksdb.go:120              Options.avoid_unnecessary_blocking_io: 0
I200514 20:13:30.581686 12 storage/engine/rocksdb.go:120              Options.max_background_jobs: 2
I200514 20:13:30.581688 12 storage/engine/rocksdb.go:120              Options.max_background_compactions: -1
I200514 20:13:30.581691 12 storage/engine/rocksdb.go:120              Options.avoid_flush_during_shutdown: 0
I200514 20:13:30.581693 12 storage/engine/rocksdb.go:120            Options.writable_file_max_buffer_size: 1048576
I200514 20:13:30.581696 12 storage/engine/rocksdb.go:120              Options.delayed_write_rate : 16777216
I200514 20:13:30.581698 12 storage/engine/rocksdb.go:120              Options.max_total_wal_size: 0
I200514 20:13:30.581701 12 storage/engine/rocksdb.go:120              Options.delete_obsolete_files_period_micros: 21600000000
I200514 20:13:30.581704 12 storage/engine/rocksdb.go:120                    Options.stats_dump_period_sec: 0
I200514 20:13:30.581706 12 storage/engine/rocksdb.go:120                  Options.stats_persist_period_sec: 600
I200514 20:13:30.581709 12 storage/engine/rocksdb.go:120                  Options.stats_history_buffer_size: 1048576
I200514 20:13:30.581712 12 storage/engine/rocksdb.go:120                           Options.max_open_files: 128
I200514 20:13:30.581714 12 storage/engine/rocksdb.go:120                           Options.bytes_per_sync: 524288
I200514 20:13:30.581717 12 storage/engine/rocksdb.go:120                       Options.wal_bytes_per_sync: 0
I200514 20:13:30.581731 12 storage/engine/rocksdb.go:120                    Options.strict_bytes_per_sync: 1
I200514 20:13:30.581737 12 storage/engine/rocksdb.go:120        Options.compaction_readahead_size: 0
I200514 20:13:30.581740 12 storage/engine/rocksdb.go:120  Compression algorithms supported:
I200514 20:13:30.581746 12 storage/engine/rocksdb.go:120  	kZSTDNotFinalCompression supported: 0
I200514 20:13:30.581751 12 storage/engine/rocksdb.go:120  	kZSTD supported: 0
I200514 20:13:30.581754 12 storage/engine/rocksdb.go:120  	kXpressCompression supported: 0
I200514 20:13:30.581756 12 storage/engine/rocksdb.go:120  	kLZ4HCCompression supported: 0
I200514 20:13:30.581759 12 storage/engine/rocksdb.go:120  	kLZ4Compression supported: 0
I200514 20:13:30.581762 12 storage/engine/rocksdb.go:120  	kBZip2Compression supported: 0
I200514 20:13:30.581765 12 storage/engine/rocksdb.go:120  	kZlibCompression supported: 0
I200514 20:13:30.581768 12 storage/engine/rocksdb.go:120  	kSnappyCompression supported: 1
I200514 20:13:30.581776 12 storage/engine/rocksdb.go:120  Fast CRC32 supported: Supported on x86
I200514 20:13:30.583770 12 storage/engine/rocksdb.go:120  [db/db_impl_open.cc:242] Creating manifest 1 
I200514 20:13:30.602943 12 storage/engine/rocksdb.go:120  [db/version_set.cc:4072] Recovering from manifest file: /var/lib/cockroach/cockroach-temp789628444/MANIFEST-000001
I200514 20:13:30.604578 12 storage/engine/rocksdb.go:120  [db/column_family.cc:488] --------------- Options for column family [default]:
I200514 20:13:30.604583 12 storage/engine/rocksdb.go:120                Options.comparator: cockroach_comparator
I200514 20:13:30.604587 12 storage/engine/rocksdb.go:120            Options.merge_operator: cockroach_merge_operator
I200514 20:13:30.604589 12 storage/engine/rocksdb.go:120         Options.compaction_filter: None
I200514 20:13:30.604592 12 storage/engine/rocksdb.go:120         Options.compaction_filter_factory: None
I200514 20:13:30.604595 12 storage/engine/rocksdb.go:120          Options.memtable_factory: SkipListFactory
I200514 20:13:30.604598 12 storage/engine/rocksdb.go:120             Options.table_factory: BlockBasedTable
I200514 20:13:30.604625 12 storage/engine/rocksdb.go:120             table_factory options:   flush_block_policy_factory: FlushBlockBySizePolicyFactory (0x7fbf90028030)
  cache_index_and_filter_blocks: 0
  cache_index_and_filter_blocks_with_high_priority: 0
  pin_l0_filter_and_index_blocks_in_cache: 0
  pin_top_level_index_and_filter: 1
  index_type: 0
  data_block_index_type: 0
  index_shortening: 1
  data_block_hash_table_util_ratio: 0.750000
  hash_index_allow_collision: 1
  checksum: 1
  no_block_cache: 0
  block_cache: 0x7fbf9001c010
  block_cache_name: LRUCache
  block_cache_options:
    capacity : 1048576
    num_shard_bits : 4
    strict_capacity_limit : 0
    memory_allocator : None
    high_pri_pool_ratio: 0.000
  block_cache_compressed: (nil)
  persistent_cache: (nil)
  block_size: 32768
  block_size_deviation: 10
  block_restart_interval: 16
  index_block_restart_interval: 1
  metadata_block_size: 4096
  partition_filters: 0
  use_delta_encoding: 1
  filter_policy: rocksdb.BuiltinBloomFilter
  whole_key_filtering: 0
  verify_compression: 0
  read_amp_bytes_per_bit: 0
  format_version: 2
  enable_index_compression: 1
  block_align: 0
I200514 20:13:30.604630 12 storage/engine/rocksdb.go:120         Options.write_buffer_size: 67108864
I200514 20:13:30.604634 12 storage/engine/rocksdb.go:120   Options.max_write_buffer_number: 4
I200514 20:13:30.604636 12 storage/engine/rocksdb.go:120           Options.compression: Snappy
I200514 20:13:30.604639 12 storage/engine/rocksdb.go:120                   Options.bottommost_compression: Disabled
I200514 20:13:30.604642 12 storage/engine/rocksdb.go:120        Options.prefix_extractor: cockroach_prefix_extractor
I200514 20:13:30.604651 12 storage/engine/rocksdb.go:120    Options.memtable_insert_with_hint_prefix_extractor: nullptr
I200514 20:13:30.604654 12 storage/engine/rocksdb.go:120              Options.num_levels: 7
I200514 20:13:30.604656 12 storage/engine/rocksdb.go:120         Options.min_write_buffer_number_to_merge: 1
I200514 20:13:30.604659 12 storage/engine/rocksdb.go:120      Options.max_write_buffer_number_to_maintain: 0
I200514 20:13:30.604662 12 storage/engine/rocksdb.go:120             Options.bottommost_compression_opts.window_bits: -14
I200514 20:13:30.605017 12 storage/engine/rocksdb.go:120                   Options.bottommost_compression_opts.level: 32767
I200514 20:13:30.605024 12 storage/engine/rocksdb.go:120                Options.bottommost_compression_opts.strategy: 0
I200514 20:13:30.605027 12 storage/engine/rocksdb.go:120          Options.bottommost_compression_opts.max_dict_bytes: 0
I200514 20:13:30.605030 12 storage/engine/rocksdb.go:120          Options.bottommost_compression_opts.zstd_max_train_bytes: 0
I200514 20:13:30.605033 12 storage/engine/rocksdb.go:120                   Options.bottommost_compression_opts.enabled: false
I200514 20:13:30.605036 12 storage/engine/rocksdb.go:120             Options.compression_opts.window_bits: -14
I200514 20:13:30.605042 12 storage/engine/rocksdb.go:120                   Options.compression_opts.level: 32767
I200514 20:13:30.605045 12 storage/engine/rocksdb.go:120                Options.compression_opts.strategy: 0
I200514 20:13:30.605048 12 storage/engine/rocksdb.go:120          Options.compression_opts.max_dict_bytes: 0
I200514 20:13:30.605054 12 storage/engine/rocksdb.go:120          Options.compression_opts.zstd_max_train_bytes: 0
I200514 20:13:30.605057 12 storage/engine/rocksdb.go:120                   Options.compression_opts.enabled: false
I200514 20:13:30.605060 12 storage/engine/rocksdb.go:120       Options.level0_file_num_compaction_trigger: 2
I200514 20:13:30.605065 12 storage/engine/rocksdb.go:120           Options.level0_slowdown_writes_trigger: 950
I200514 20:13:30.605068 12 storage/engine/rocksdb.go:120               Options.level0_stop_writes_trigger: 1000
I200514 20:13:30.605071 12 storage/engine/rocksdb.go:120                    Options.target_file_size_base: 4194304
I200514 20:13:30.605074 12 storage/engine/rocksdb.go:120              Options.target_file_size_multiplier: 2
I200514 20:13:30.605077 12 storage/engine/rocksdb.go:120                 Options.max_bytes_for_level_base: 67108864
I200514 20:13:30.605080 12 storage/engine/rocksdb.go:120  Options.level_compaction_dynamic_level_bytes: 1
I200514 20:13:30.605094 12 storage/engine/rocksdb.go:120           Options.max_bytes_for_level_multiplier: 10.000000
I200514 20:13:30.605099 12 storage/engine/rocksdb.go:120  Options.max_bytes_for_level_multiplier_addtl[0]: 1
I200514 20:13:30.605102 12 storage/engine/rocksdb.go:120  Options.max_bytes_for_level_multiplier_addtl[1]: 1
I200514 20:13:30.605105 12 storage/engine/rocksdb.go:120  Options.max_bytes_for_level_multiplier_addtl[2]: 1
I200514 20:13:30.605108 12 storage/engine/rocksdb.go:120  Options.max_bytes_for_level_multiplier_addtl[3]: 1
I200514 20:13:30.605111 12 storage/engine/rocksdb.go:120  Options.max_bytes_for_level_multiplier_addtl[4]: 1
I200514 20:13:30.605113 12 storage/engine/rocksdb.go:120  Options.max_bytes_for_level_multiplier_addtl[5]: 1
I200514 20:13:30.605118 12 storage/engine/rocksdb.go:120  Options.max_bytes_for_level_multiplier_addtl[6]: 1
I200514 20:13:30.605121 12 storage/engine/rocksdb.go:120        Options.max_sequential_skip_in_iterations: 8
I200514 20:13:30.605124 12 storage/engine/rocksdb.go:120                     Options.max_compaction_bytes: 104857600
I200514 20:13:30.605127 12 storage/engine/rocksdb.go:120                         Options.arena_block_size: 8388608
I200514 20:13:30.605130 12 storage/engine/rocksdb.go:120    Options.soft_pending_compaction_bytes_limit: 2199023255552
I200514 20:13:30.605133 12 storage/engine/rocksdb.go:120    Options.hard_pending_compaction_bytes_limit: 4400193994752
I200514 20:13:30.605138 12 storage/engine/rocksdb.go:120        Options.rate_limit_delay_max_milliseconds: 100
I200514 20:13:30.605140 12 storage/engine/rocksdb.go:120                 Options.disable_auto_compactions: 0
I200514 20:13:30.605145 12 storage/engine/rocksdb.go:120                         Options.compaction_style: kCompactionStyleLevel
I200514 20:13:30.605148 12 storage/engine/rocksdb.go:120                           Options.compaction_pri: kMinOverlappingRatio
I200514 20:13:30.605151 12 storage/engine/rocksdb.go:120  Options.compaction_options_universal.size_ratio: 1
I200514 20:13:30.605155 12 storage/engine/rocksdb.go:120  Options.compaction_options_universal.min_merge_width: 2
I200514 20:13:30.605157 12 storage/engine/rocksdb.go:120  Options.compaction_options_universal.max_merge_width: 4294967295
I200514 20:13:30.605162 12 storage/engine/rocksdb.go:120  Options.compaction_options_universal.max_size_amplification_percent: 200
I200514 20:13:30.605165 12 storage/engine/rocksdb.go:120  Options.compaction_options_universal.compression_size_percent: -1
I200514 20:13:30.605168 12 storage/engine/rocksdb.go:120  Options.compaction_options_universal.stop_style: kCompactionStopStyleTotalSize
I200514 20:13:30.605187 12 storage/engine/rocksdb.go:120  Options.compaction_options_fifo.max_table_files_size: 1073741824
I200514 20:13:30.605190 12 storage/engine/rocksdb.go:120  Options.compaction_options_fifo.allow_compaction: 0
I200514 20:13:30.605195 12 storage/engine/rocksdb.go:120                    Options.table_properties_collectors: TimeBoundTblPropCollectorFactory; DeleteRangeTblPropCollectorFactory; 
I200514 20:13:30.605201 12 storage/engine/rocksdb.go:120                    Options.inplace_update_support: 0
I200514 20:13:30.605204 12 storage/engine/rocksdb.go:120                  Options.inplace_update_num_locks: 10000
I200514 20:13:30.605207 12 storage/engine/rocksdb.go:120                Options.memtable_prefix_bloom_size_ratio: 0.000000
I200514 20:13:30.605210 12 storage/engine/rocksdb.go:120                Options.memtable_whole_key_filtering: 0
I200514 20:13:30.605213 12 storage/engine/rocksdb.go:120    Options.memtable_huge_page_size: 0
I200514 20:13:30.605217 12 storage/engine/rocksdb.go:120                            Options.bloom_locality: 0
I200514 20:13:30.605237 12 storage/engine/rocksdb.go:120                     Options.max_successive_merges: 0
I200514 20:13:30.605242 12 storage/engine/rocksdb.go:120                 Options.optimize_filters_for_hits: 1
I200514 20:13:30.605245 12 storage/engine/rocksdb.go:120                 Options.paranoid_file_checks: 0
I200514 20:13:30.605248 12 storage/engine/rocksdb.go:120                 Options.force_consistency_checks: 0
I200514 20:13:30.605251 12 storage/engine/rocksdb.go:120                 Options.report_bg_io_stats: 0
I200514 20:13:30.605254 12 storage/engine/rocksdb.go:120                                Options.ttl: 0
I200514 20:13:30.605257 12 storage/engine/rocksdb.go:120           Options.periodic_compaction_seconds: 0
I200514 20:13:30.608205 12 storage/engine/rocksdb.go:120  [db/version_set.cc:4286] Recovered from manifest file:/var/lib/cockroach/cockroach-temp789628444/MANIFEST-000001 succeeded,manifest_file_number is 1, next_file_number is 3, last_sequence is 0, log_number is 0,prev_log_number is 0,max_column_family is 0,min_log_number_to_keep is 0
I200514 20:13:30.608213 12 storage/engine/rocksdb.go:120  [db/version_set.cc:4295] Column family [default] (ID 0), log number is 0
I200514 20:13:30.627186 12 storage/engine/rocksdb.go:120  DB pointer 0x7fbf900a4000
I200514 20:13:30.643749 12 storage/engine/rocksdb.go:120  RocksDB version: 6.2.1
I200514 20:13:30.643810 12 storage/engine/rocksdb.go:120  Git sha rocksdb_build_git_sha:@b7009236531fa784872f4823eabf393501e41bf2@
I200514 20:13:30.643820 12 storage/engine/rocksdb.go:120  Compile date Mar 16 2020
I200514 20:13:30.643824 12 storage/engine/rocksdb.go:120  DB SUMMARY
I200514 20:13:30.644928 12 storage/engine/rocksdb.go:120  CURRENT file:  CURRENT
I200514 20:13:30.644935 12 storage/engine/rocksdb.go:120  IDENTITY file:  IDENTITY
I200514 20:13:30.645352 12 storage/engine/rocksdb.go:120  MANIFEST file:  MANIFEST-000721 size: 972 Bytes
I200514 20:13:30.645359 12 storage/engine/rocksdb.go:120  SST files in /var/lib/cockroach dir, Total Num: 3, files: 000725.sst 000726.sst 000727.sst 
I200514 20:13:30.645367 12 storage/engine/rocksdb.go:120  Write Ahead Log file in /var/lib/cockroach: 000722.log size: 14089515 ; 
I200514 20:13:30.645371 12 storage/engine/rocksdb.go:120                          Options.error_if_exists: 0
I200514 20:13:30.645379 12 storage/engine/rocksdb.go:120                        Options.create_if_missing: 1
I200514 20:13:30.645382 12 storage/engine/rocksdb.go:120                          Options.paranoid_checks: 1
I200514 20:13:30.645385 12 storage/engine/rocksdb.go:120                                      Options.env: 0x75757a0
I200514 20:13:30.645388 12 storage/engine/rocksdb.go:120                                 Options.info_log: 0x7fbf90027260
I200514 20:13:30.645393 12 storage/engine/rocksdb.go:120                 Options.max_file_opening_threads: 16
I200514 20:13:30.645396 12 storage/engine/rocksdb.go:120                               Options.statistics: 0x7fbf90034080
I200514 20:13:30.645400 12 storage/engine/rocksdb.go:120                                Options.use_fsync: 0
I200514 20:13:30.645403 12 storage/engine/rocksdb.go:120                        Options.max_log_file_size: 0
I200514 20:13:30.645406 12 storage/engine/rocksdb.go:120                   Options.max_manifest_file_size: 134217728
I200514 20:13:30.645409 12 storage/engine/rocksdb.go:120                    Options.log_file_time_to_roll: 0
I200514 20:13:30.645414 12 storage/engine/rocksdb.go:120                        Options.keep_log_file_num: 1000
I200514 20:13:30.645417 12 storage/engine/rocksdb.go:120                     Options.recycle_log_file_num: 1
I200514 20:13:30.645420 12 storage/engine/rocksdb.go:120                          Options.allow_fallocate: 1
I200514 20:13:30.645423 12 storage/engine/rocksdb.go:120                         Options.allow_mmap_reads: 0
I200514 20:13:30.645426 12 storage/engine/rocksdb.go:120                        Options.allow_mmap_writes: 0
I200514 20:13:30.645492 12 storage/engine/rocksdb.go:120                         Options.use_direct_reads: 0
I200514 20:13:30.645500 12 storage/engine/rocksdb.go:120                         Options.use_direct_io_for_flush_and_compaction: 0
I200514 20:13:30.645508 12 storage/engine/rocksdb.go:120           Options.create_missing_column_families: 0
I200514 20:13:30.645511 12 storage/engine/rocksdb.go:120                               Options.db_log_dir: 
I200514 20:13:30.645514 12 storage/engine/rocksdb.go:120                                  Options.wal_dir: /var/lib/cockroach
I200514 20:13:30.645517 12 storage/engine/rocksdb.go:120                 Options.table_cache_numshardbits: 6
I200514 20:13:30.645520 12 storage/engine/rocksdb.go:120                       Options.max_subcompactions: 1
I200514 20:13:30.645523 12 storage/engine/rocksdb.go:120                   Options.max_background_flushes: -1
I200514 20:13:30.645528 12 storage/engine/rocksdb.go:120                          Options.WAL_ttl_seconds: 0
I200514 20:13:30.645531 12 storage/engine/rocksdb.go:120                        Options.WAL_size_limit_MB: 0
I200514 20:13:30.645534 12 storage/engine/rocksdb.go:120              Options.manifest_preallocation_size: 4194304
I200514 20:13:30.645537 12 storage/engine/rocksdb.go:120                      Options.is_fd_close_on_exec: 1
I200514 20:13:30.645540 12 storage/engine/rocksdb.go:120                    Options.advise_random_on_open: 1
I200514 20:13:30.645542 12 storage/engine/rocksdb.go:120                     Options.db_write_buffer_size: 0
I200514 20:13:30.645545 12 storage/engine/rocksdb.go:120                     Options.write_buffer_manager: 0x7fbf90019090
I200514 20:13:30.645550 12 storage/engine/rocksdb.go:120          Options.access_hint_on_compaction_start: 1
I200514 20:13:30.645553 12 storage/engine/rocksdb.go:120   Options.new_table_reader_for_compaction_inputs: 0
I200514 20:13:30.645559 12 storage/engine/rocksdb.go:120            Options.random_access_max_buffer_size: 1048576
I200514 20:13:30.645562 12 storage/engine/rocksdb.go:120                       Options.use_adaptive_mutex: 0
I200514 20:13:30.645565 12 storage/engine/rocksdb.go:120                             Options.rate_limiter: (nil)
I200514 20:13:30.645568 12 storage/engine/rocksdb.go:120      Options.sst_file_manager.rate_bytes_per_sec: 0
I200514 20:13:30.645573 12 storage/engine/rocksdb.go:120                        Options.wal_recovery_mode: 0
I200514 20:13:30.645576 12 storage/engine/rocksdb.go:120                   Options.enable_thread_tracking: 0
I200514 20:13:30.645579 12 storage/engine/rocksdb.go:120                   Options.enable_pipelined_write: 0
I200514 20:13:30.645582 12 storage/engine/rocksdb.go:120          Options.allow_concurrent_memtable_write: 1
I200514 20:13:30.645585 12 storage/engine/rocksdb.go:120       Options.enable_write_thread_adaptive_yield: 1
I200514 20:13:30.645588 12 storage/engine/rocksdb.go:120              Options.write_thread_max_yield_usec: 100
I200514 20:13:30.645592 12 storage/engine/rocksdb.go:120             Options.write_thread_slow_yield_usec: 3
I200514 20:13:30.645595 12 storage/engine/rocksdb.go:120                                Options.row_cache: None
I200514 20:13:30.645598 12 storage/engine/rocksdb.go:120                               Options.wal_filter: None
I200514 20:13:30.645601 12 storage/engine/rocksdb.go:120              Options.avoid_flush_during_recovery: 0
I200514 20:13:30.645604 12 storage/engine/rocksdb.go:120              Options.allow_ingest_behind: 0
I200514 20:13:30.645607 12 storage/engine/rocksdb.go:120              Options.preserve_deletes: 0
I200514 20:13:30.645609 12 storage/engine/rocksdb.go:120              Options.two_write_queues: 0
I200514 20:13:30.645629 12 storage/engine/rocksdb.go:120              Options.manual_wal_flush: 1
I200514 20:13:30.645632 12 storage/engine/rocksdb.go:120              Options.atomic_flush: 0
I200514 20:13:30.645635 12 storage/engine/rocksdb.go:120              Options.avoid_unnecessary_blocking_io: 0
I200514 20:13:30.645638 12 storage/engine/rocksdb.go:120              Options.max_background_jobs: 2
I200514 20:13:30.645640 12 storage/engine/rocksdb.go:120              Options.max_background_compactions: -1
I200514 20:13:30.645643 12 storage/engine/rocksdb.go:120              Options.avoid_flush_during_shutdown: 0
I200514 20:13:30.645648 12 storage/engine/rocksdb.go:120            Options.writable_file_max_buffer_size: 1048576
I200514 20:13:30.645651 12 storage/engine/rocksdb.go:120              Options.delayed_write_rate : 16777216
I200514 20:13:30.645654 12 storage/engine/rocksdb.go:120              Options.max_total_wal_size: 0
I200514 20:13:30.645657 12 storage/engine/rocksdb.go:120              Options.delete_obsolete_files_period_micros: 21600000000
I200514 20:13:30.645660 12 storage/engine/rocksdb.go:120                    Options.stats_dump_period_sec: 0
I200514 20:13:30.645664 12 storage/engine/rocksdb.go:120                  Options.stats_persist_period_sec: 600
I200514 20:13:30.645667 12 storage/engine/rocksdb.go:120                  Options.stats_history_buffer_size: 1048576
I200514 20:13:30.645674 12 storage/engine/rocksdb.go:120                           Options.max_open_files: 1043576
I200514 20:13:30.645677 12 storage/engine/rocksdb.go:120                           Options.bytes_per_sync: 524288
I200514 20:13:30.645680 12 storage/engine/rocksdb.go:120                       Options.wal_bytes_per_sync: 0
I200514 20:13:30.645682 12 storage/engine/rocksdb.go:120                    Options.strict_bytes_per_sync: 1
I200514 20:13:30.645685 12 storage/engine/rocksdb.go:120        Options.compaction_readahead_size: 0
I200514 20:13:30.645688 12 storage/engine/rocksdb.go:120  Compression algorithms supported:
I200514 20:13:30.645693 12 storage/engine/rocksdb.go:120  	kZSTDNotFinalCompression supported: 0
I200514 20:13:30.645696 12 storage/engine/rocksdb.go:120  	kZSTD supported: 0
I200514 20:13:30.645699 12 storage/engine/rocksdb.go:120  	kXpressCompression supported: 0
I200514 20:13:30.645702 12 storage/engine/rocksdb.go:120  	kLZ4HCCompression supported: 0
I200514 20:13:30.645705 12 storage/engine/rocksdb.go:120  	kLZ4Compression supported: 0
I200514 20:13:30.645708 12 storage/engine/rocksdb.go:120  	kBZip2Compression supported: 0
I200514 20:13:30.645712 12 storage/engine/rocksdb.go:120  	kZlibCompression supported: 0
I200514 20:13:30.645715 12 storage/engine/rocksdb.go:120  	kSnappyCompression supported: 1
I200514 20:13:30.645746 12 storage/engine/rocksdb.go:120  Fast CRC32 supported: Supported on x86
I200514 20:13:30.647980 12 storage/engine/rocksdb.go:120  [db/version_set.cc:4072] Recovering from manifest file: /var/lib/cockroach/MANIFEST-000721
I200514 20:13:30.648582 12 storage/engine/rocksdb.go:120  [db/column_family.cc:488] --------------- Options for column family [default]:
I200514 20:13:30.648587 12 storage/engine/rocksdb.go:120                Options.comparator: cockroach_comparator
I200514 20:13:30.648590 12 storage/engine/rocksdb.go:120            Options.merge_operator: cockroach_merge_operator
I200514 20:13:30.648597 12 storage/engine/rocksdb.go:120         Options.compaction_filter: None
I200514 20:13:30.648600 12 storage/engine/rocksdb.go:120         Options.compaction_filter_factory: None
I200514 20:13:30.648603 12 storage/engine/rocksdb.go:120          Options.memtable_factory: SkipListFactory
I200514 20:13:30.648606 12 storage/engine/rocksdb.go:120             Options.table_factory: BlockBasedTable
I200514 20:13:30.648640 12 storage/engine/rocksdb.go:120             table_factory options:   flush_block_policy_factory: FlushBlockBySizePolicyFactory (0x7fbf90028090)
  cache_index_and_filter_blocks: 0
  cache_index_and_filter_blocks_with_high_priority: 0
  pin_l0_filter_and_index_blocks_in_cache: 0
  pin_top_level_index_and_filter: 1
  index_type: 0
  data_block_index_type: 0
  index_shortening: 1
  data_block_hash_table_util_ratio: 0.750000
  hash_index_allow_collision: 1
  checksum: 1
  no_block_cache: 0
  block_cache: 0x7fbf900bc210
  block_cache_name: LRUCache
  block_cache_options:
    capacity : 67108864
    num_shard_bits : 4
    strict_capacity_limit : 0
    memory_allocator : None
    high_pri_pool_ratio: 0.000
  block_cache_compressed: (nil)
  persistent_cache: (nil)
  block_size: 32768
  block_size_deviation: 10
  block_restart_interval: 16
  index_block_restart_interval: 1
  metadata_block_size: 4096
  partition_filters: 0
  use_delta_encoding: 1
  filter_policy: rocksdb.BuiltinBloomFilter
  whole_key_filtering: 0
  verify_compression: 0
  read_amp_bytes_per_bit: 0
  format_version: 2
  enable_index_compression: 1
  block_align: 0
I200514 20:13:30.648645 12 storage/engine/rocksdb.go:120         Options.write_buffer_size: 67108864
I200514 20:13:30.648653 12 storage/engine/rocksdb.go:120   Options.max_write_buffer_number: 4
I200514 20:13:30.648656 12 storage/engine/rocksdb.go:120           Options.compression: Snappy
I200514 20:13:30.648659 12 storage/engine/rocksdb.go:120                   Options.bottommost_compression: Disabled
I200514 20:13:30.648662 12 storage/engine/rocksdb.go:120        Options.prefix_extractor: cockroach_prefix_extractor
I200514 20:13:30.648665 12 storage/engine/rocksdb.go:120    Options.memtable_insert_with_hint_prefix_extractor: nullptr
I200514 20:13:30.648668 12 storage/engine/rocksdb.go:120              Options.num_levels: 7
I200514 20:13:30.648673 12 storage/engine/rocksdb.go:120         Options.min_write_buffer_number_to_merge: 1
I200514 20:13:30.648676 12 storage/engine/rocksdb.go:120      Options.max_write_buffer_number_to_maintain: 0
I200514 20:13:30.648679 12 storage/engine/rocksdb.go:120             Options.bottommost_compression_opts.window_bits: -14
I200514 20:13:30.648682 12 storage/engine/rocksdb.go:120                   Options.bottommost_compression_opts.level: 32767
I200514 20:13:30.648685 12 storage/engine/rocksdb.go:120                Options.bottommost_compression_opts.strategy: 0
I200514 20:13:30.648688 12 storage/engine/rocksdb.go:120          Options.bottommost_compression_opts.max_dict_bytes: 0
I200514 20:13:30.648691 12 storage/engine/rocksdb.go:120          Options.bottommost_compression_opts.zstd_max_train_bytes: 0
I200514 20:13:30.648695 12 storage/engine/rocksdb.go:120                   Options.bottommost_compression_opts.enabled: false
I200514 20:13:30.648698 12 storage/engine/rocksdb.go:120             Options.compression_opts.window_bits: -14
I200514 20:13:30.648701 12 storage/engine/rocksdb.go:120                   Options.compression_opts.level: 32767
I200514 20:13:30.648705 12 storage/engine/rocksdb.go:120                Options.compression_opts.strategy: 0
I200514 20:13:30.648708 12 storage/engine/rocksdb.go:120          Options.compression_opts.max_dict_bytes: 0
I200514 20:13:30.648711 12 storage/engine/rocksdb.go:120          Options.compression_opts.zstd_max_train_bytes: 0
I200514 20:13:30.648715 12 storage/engine/rocksdb.go:120                   Options.compression_opts.enabled: false
I200514 20:13:30.648731 12 storage/engine/rocksdb.go:120       Options.level0_file_num_compaction_trigger: 2
I200514 20:13:30.648737 12 storage/engine/rocksdb.go:120           Options.level0_slowdown_writes_trigger: 950
I200514 20:13:30.648740 12 storage/engine/rocksdb.go:120               Options.level0_stop_writes_trigger: 1000
I200514 20:13:30.648743 12 storage/engine/rocksdb.go:120                    Options.target_file_size_base: 4194304
I200514 20:13:30.648746 12 storage/engine/rocksdb.go:120              Options.target_file_size_multiplier: 2
I200514 20:13:30.648767 12 storage/engine/rocksdb.go:120                 Options.max_bytes_for_level_base: 67108864
I200514 20:13:30.648770 12 storage/engine/rocksdb.go:120  Options.level_compaction_dynamic_level_bytes: 1
I200514 20:13:30.648774 12 storage/engine/rocksdb.go:120           Options.max_bytes_for_level_multiplier: 10.000000
I200514 20:13:30.648777 12 storage/engine/rocksdb.go:120  Options.max_bytes_for_level_multiplier_addtl[0]: 1
I200514 20:13:30.648780 12 storage/engine/rocksdb.go:120  Options.max_bytes_for_level_multiplier_addtl[1]: 1
I200514 20:13:30.648783 12 storage/engine/rocksdb.go:120  Options.max_bytes_for_level_multiplier_addtl[2]: 1
I200514 20:13:30.648786 12 storage/engine/rocksdb.go:120  Options.max_bytes_for_level_multiplier_addtl[3]: 1
I200514 20:13:30.648792 12 storage/engine/rocksdb.go:120  Options.max_bytes_for_level_multiplier_addtl[4]: 1
I200514 20:13:30.648794 12 storage/engine/rocksdb.go:120  Options.max_bytes_for_level_multiplier_addtl[5]: 1
I200514 20:13:30.648797 12 storage/engine/rocksdb.go:120  Options.max_bytes_for_level_multiplier_addtl[6]: 1
I200514 20:13:30.648800 12 storage/engine/rocksdb.go:120        Options.max_sequential_skip_in_iterations: 8
I200514 20:13:30.648803 12 storage/engine/rocksdb.go:120                     Options.max_compaction_bytes: 104857600
I200514 20:13:30.648806 12 storage/engine/rocksdb.go:120                         Options.arena_block_size: 8388608
I200514 20:13:30.648810 12 storage/engine/rocksdb.go:120    Options.soft_pending_compaction_bytes_limit: 2199023255552
I200514 20:13:30.648813 12 storage/engine/rocksdb.go:120    Options.hard_pending_compaction_bytes_limit: 4400193994752
I200514 20:13:30.648816 12 storage/engine/rocksdb.go:120        Options.rate_limit_delay_max_milliseconds: 100
I200514 20:13:30.648819 12 storage/engine/rocksdb.go:120                 Options.disable_auto_compactions: 0
I200514 20:13:30.648823 12 storage/engine/rocksdb.go:120                         Options.compaction_style: kCompactionStyleLevel
I200514 20:13:30.648826 12 storage/engine/rocksdb.go:120                           Options.compaction_pri: kMinOverlappingRatio
I200514 20:13:30.648830 12 storage/engine/rocksdb.go:120  Options.compaction_options_universal.size_ratio: 1
I200514 20:13:30.648835 12 storage/engine/rocksdb.go:120  Options.compaction_options_universal.min_merge_width: 2
I200514 20:13:30.648838 12 storage/engine/rocksdb.go:120  Options.compaction_options_universal.max_merge_width: 4294967295
I200514 20:13:30.648841 12 storage/engine/rocksdb.go:120  Options.compaction_options_universal.max_size_amplification_percent: 200
I200514 20:13:30.648844 12 storage/engine/rocksdb.go:120  Options.compaction_options_universal.compression_size_percent: -1
I200514 20:13:30.648847 12 storage/engine/rocksdb.go:120  Options.compaction_options_universal.stop_style: kCompactionStopStyleTotalSize
I200514 20:13:30.648850 12 storage/engine/rocksdb.go:120  Options.compaction_options_fifo.max_table_files_size: 1073741824
I200514 20:13:30.648855 12 storage/engine/rocksdb.go:120  Options.compaction_options_fifo.allow_compaction: 0
I200514 20:13:30.648860 12 storage/engine/rocksdb.go:120                    Options.table_properties_collectors: TimeBoundTblPropCollectorFactory; DeleteRangeTblPropCollectorFactory; 
I200514 20:13:30.648864 12 storage/engine/rocksdb.go:120                    Options.inplace_update_support: 0
I200514 20:13:30.648867 12 storage/engine/rocksdb.go:120                  Options.inplace_update_num_locks: 10000
I200514 20:13:30.648870 12 storage/engine/rocksdb.go:120                Options.memtable_prefix_bloom_size_ratio: 0.000000
I200514 20:13:30.648873 12 storage/engine/rocksdb.go:120                Options.memtable_whole_key_filtering: 0
I200514 20:13:30.648877 12 storage/engine/rocksdb.go:120    Options.memtable_huge_page_size: 0
I200514 20:13:30.648880 12 storage/engine/rocksdb.go:120                            Options.bloom_locality: 0
I200514 20:13:30.648883 12 storage/engine/rocksdb.go:120                     Options.max_successive_merges: 0
I200514 20:13:30.648886 12 storage/engine/rocksdb.go:120                 Options.optimize_filters_for_hits: 1
I200514 20:13:30.648888 12 storage/engine/rocksdb.go:120                 Options.paranoid_file_checks: 0
I200514 20:13:30.648891 12 storage/engine/rocksdb.go:120                 Options.force_consistency_checks: 0
I200514 20:13:30.648894 12 storage/engine/rocksdb.go:120                 Options.report_bg_io_stats: 0
I200514 20:13:30.648899 12 storage/engine/rocksdb.go:120                                Options.ttl: 0
I200514 20:13:30.648901 12 storage/engine/rocksdb.go:120           Options.periodic_compaction_seconds: 0
I200514 20:13:30.654367 12 storage/engine/rocksdb.go:120  [db/version_set.cc:4286] Recovered from manifest file:/var/lib/cockroach/MANIFEST-000721 succeeded,manifest_file_number is 721, next_file_number is 729, last_sequence is 9736932, log_number is 720,prev_log_number is 0,max_column_family is 0,min_log_number_to_keep is 0
I200514 20:13:30.654376 12 storage/engine/rocksdb.go:120  [db/version_set.cc:4295] Column family [default] (ID 0), log number is 720
I200514 20:13:30.655948 12 storage/engine/rocksdb.go:120  EVENT_LOG_v1 {"time_micros": 1589487210655917, "job": 1, "event": "recovery_started", "log_files": [722]}
I200514 20:13:30.655957 12 storage/engine/rocksdb.go:120  [db/db_impl_open.cc:598] Recovering log #722 mode 0
I200514 20:13:30.841191 12 storage/engine/rocksdb.go:120  EVENT_LOG_v1 {"time_micros": 1589487210841152, "cf_name": "default", "job": 1, "event": "table_file_creation", "file_number": 729, "file_size": 199043, "table_properties": {"data_size": 193073, "index_size": 1470, "index_partitions": 0, "top_level_index_size": 0, "index_key_is_user_key": 0, "index_value_is_delta_encoded": 0, "filter_size": 4037, "raw_key_size": 144272, "raw_average_key_size": 31, "raw_value_size": 820316, "raw_average_value_size": 177, "num_data_blocks": 27, "num_entries": 4618, "num_deletions": 3065, "num_merge_operands": 664, "num_range_deletions": 664, "format_version": 0, "fixed_key_len": 0, "filter_policy": "rocksdb.BuiltinBloomFilter", "column_family_name": "default", "column_family_id": 0, "comparator": "cockroach_comparator", "merge_operator": "cockroach_merge_operator", "prefix_extractor_name": "cockroach_prefix_extractor", "property_collectors": "[TimeBoundTblPropCollectorFactory,DeleteRangeTblPropCollectorFactory]", "compression": "Snappy", "compression_options": "window_bits=-14; level=32767; strategy=0; max_dict_bytes=0; zstd_max_train_bytes=0; enabled=0; ", "creation_time": 1589487210, "oldest_key_time": 3, "file_creation_time": 0}}
I200514 20:13:30.843093 12 storage/engine/rocksdb.go:120  [db/version_set.cc:3560] Creating manifest 730
I200514 20:13:30.854539 12 storage/engine/rocksdb.go:120  EVENT_LOG_v1 {"time_micros": 1589487210854510, "job": 1, "event": "recovery_finished"}
I200514 20:13:30.881319 12 storage/engine/rocksdb.go:120  DB pointer 0x7fbf90134000
I200514 20:13:58.311110 842 storage/engine/rocksdb.go:120  bloom filter utility:    -nan%
I200514 20:13:58.311657 842 storage/engine/rocksdb.go:120  [db/db_impl.cc:392] Shutdown: canceling all background work
I200514 20:13:58.313860 842 storage/engine/rocksdb.go:120  [db/db_impl.cc:565] Shutdown complete
I200514 20:13:58.325764 842 storage/engine/rocksdb.go:120  bloom filter utility:    55.5%
I200514 20:13:58.326221 842 storage/engine/rocksdb.go:120  [db/db_impl.cc:392] Shutdown: canceling all background work
I200514 20:13:58.333831 842 storage/engine/rocksdb.go:120  [db/db_impl.cc:565] Shutdown complete
