I200515 00:26:47.237660 14 util/log/clog.go:1196  [config] file created at: 2020/05/15 00:26:47
I200515 00:26:47.237660 14 util/log/clog.go:1196  [config] running on machine: 50c334c45c1a
I200515 00:26:47.237660 14 util/log/clog.go:1196  [config] binary: CockroachDB CCL v19.2.5 (x86_64-unknown-linux-gnu, built 2020/03/16 18:27:12, go1.12.12)
I200515 00:26:47.237660 14 util/log/clog.go:1196  [config] arguments: [/cockroach/cockroach start --insecure --store=attrs=ssd,path=/var/lib/cockroach/]
I200515 00:26:47.237660 14 util/log/clog.go:1196  line format: [IWEF]yymmdd hh:mm:ss.uuuuuu goid file:line msg utf8=✓
I200515 00:26:47.237648 14 storage/engine/rocksdb.go:120  RocksDB version: 6.2.1
I200515 00:26:47.244384 14 storage/engine/rocksdb.go:120  Git sha rocksdb_build_git_sha:@b7009236531fa784872f4823eabf393501e41bf2@
I200515 00:26:47.244388 14 storage/engine/rocksdb.go:120  Compile date Mar 16 2020
I200515 00:26:47.244398 14 storage/engine/rocksdb.go:120  DB SUMMARY
I200515 00:26:47.247184 14 storage/engine/rocksdb.go:120  SST files in /var/lib/cockroach/cockroach-temp975763206 dir, Total Num: 0, files: 
I200515 00:26:47.496995 14 storage/engine/rocksdb.go:120  Write Ahead Log file in /var/lib/cockroach/cockroach-temp975763206: 
I200515 00:26:47.497000 14 storage/engine/rocksdb.go:120                          Options.error_if_exists: 0
I200515 00:26:47.497004 14 storage/engine/rocksdb.go:120                        Options.create_if_missing: 1
I200515 00:26:47.497006 14 storage/engine/rocksdb.go:120                          Options.paranoid_checks: 1
I200515 00:26:47.497009 14 storage/engine/rocksdb.go:120                                      Options.env: 0x75757a0
I200515 00:26:47.497012 14 storage/engine/rocksdb.go:120                                 Options.info_log: 0x7f83550270e0
I200515 00:26:47.497015 14 storage/engine/rocksdb.go:120                 Options.max_file_opening_threads: 16
I200515 00:26:47.497017 14 storage/engine/rocksdb.go:120                               Options.statistics: 0x7f8355034010
I200515 00:26:47.497020 14 storage/engine/rocksdb.go:120                                Options.use_fsync: 0
I200515 00:26:47.497023 14 storage/engine/rocksdb.go:120                        Options.max_log_file_size: 0
I200515 00:26:47.497026 14 storage/engine/rocksdb.go:120                   Options.max_manifest_file_size: 134217728
I200515 00:26:47.497029 14 storage/engine/rocksdb.go:120                    Options.log_file_time_to_roll: 0
I200515 00:26:47.497032 14 storage/engine/rocksdb.go:120                        Options.keep_log_file_num: 1000
I200515 00:26:47.497035 14 storage/engine/rocksdb.go:120                     Options.recycle_log_file_num: 1
I200515 00:26:47.497037 14 storage/engine/rocksdb.go:120                          Options.allow_fallocate: 1
I200515 00:26:47.497040 14 storage/engine/rocksdb.go:120                         Options.allow_mmap_reads: 0
I200515 00:26:47.497043 14 storage/engine/rocksdb.go:120                        Options.allow_mmap_writes: 0
I200515 00:26:47.497046 14 storage/engine/rocksdb.go:120                         Options.use_direct_reads: 0
I200515 00:26:47.497048 14 storage/engine/rocksdb.go:120                         Options.use_direct_io_for_flush_and_compaction: 0
I200515 00:26:47.497051 14 storage/engine/rocksdb.go:120           Options.create_missing_column_families: 0
I200515 00:26:47.497055 14 storage/engine/rocksdb.go:120                               Options.db_log_dir: 
I200515 00:26:47.497058 14 storage/engine/rocksdb.go:120                                  Options.wal_dir: /var/lib/cockroach/cockroach-temp975763206
I200515 00:26:47.497060 14 storage/engine/rocksdb.go:120                 Options.table_cache_numshardbits: 6
I200515 00:26:47.497063 14 storage/engine/rocksdb.go:120                       Options.max_subcompactions: 1
I200515 00:26:47.497066 14 storage/engine/rocksdb.go:120                   Options.max_background_flushes: -1
I200515 00:26:47.497068 14 storage/engine/rocksdb.go:120                          Options.WAL_ttl_seconds: 0
I200515 00:26:47.497071 14 storage/engine/rocksdb.go:120                        Options.WAL_size_limit_MB: 0
I200515 00:26:47.497073 14 storage/engine/rocksdb.go:120              Options.manifest_preallocation_size: 4194304
I200515 00:26:47.497076 14 storage/engine/rocksdb.go:120                      Options.is_fd_close_on_exec: 1
I200515 00:26:47.497079 14 storage/engine/rocksdb.go:120                    Options.advise_random_on_open: 1
I200515 00:26:47.497081 14 storage/engine/rocksdb.go:120                     Options.db_write_buffer_size: 0
I200515 00:26:47.497084 14 storage/engine/rocksdb.go:120                     Options.write_buffer_manager: 0x7f83550190f0
I200515 00:26:47.497086 14 storage/engine/rocksdb.go:120          Options.access_hint_on_compaction_start: 1
I200515 00:26:47.497089 14 storage/engine/rocksdb.go:120   Options.new_table_reader_for_compaction_inputs: 0
I200515 00:26:47.497092 14 storage/engine/rocksdb.go:120            Options.random_access_max_buffer_size: 1048576
I200515 00:26:47.497094 14 storage/engine/rocksdb.go:120                       Options.use_adaptive_mutex: 0
I200515 00:26:47.497097 14 storage/engine/rocksdb.go:120                             Options.rate_limiter: (nil)
I200515 00:26:47.497100 14 storage/engine/rocksdb.go:120      Options.sst_file_manager.rate_bytes_per_sec: 0
I200515 00:26:47.497103 14 storage/engine/rocksdb.go:120                        Options.wal_recovery_mode: 0
I200515 00:26:47.497105 14 storage/engine/rocksdb.go:120                   Options.enable_thread_tracking: 0
I200515 00:26:47.497108 14 storage/engine/rocksdb.go:120                   Options.enable_pipelined_write: 0
I200515 00:26:47.497111 14 storage/engine/rocksdb.go:120          Options.allow_concurrent_memtable_write: 1
I200515 00:26:47.497113 14 storage/engine/rocksdb.go:120       Options.enable_write_thread_adaptive_yield: 1
I200515 00:26:47.497116 14 storage/engine/rocksdb.go:120              Options.write_thread_max_yield_usec: 100
I200515 00:26:47.497118 14 storage/engine/rocksdb.go:120             Options.write_thread_slow_yield_usec: 3
I200515 00:26:47.497121 14 storage/engine/rocksdb.go:120                                Options.row_cache: None
I200515 00:26:47.497124 14 storage/engine/rocksdb.go:120                               Options.wal_filter: None
I200515 00:26:47.497126 14 storage/engine/rocksdb.go:120              Options.avoid_flush_during_recovery: 0
I200515 00:26:47.497129 14 storage/engine/rocksdb.go:120              Options.allow_ingest_behind: 0
I200515 00:26:47.497132 14 storage/engine/rocksdb.go:120              Options.preserve_deletes: 0
I200515 00:26:47.497134 14 storage/engine/rocksdb.go:120              Options.two_write_queues: 0
I200515 00:26:47.497137 14 storage/engine/rocksdb.go:120              Options.manual_wal_flush: 1
I200515 00:26:47.497139 14 storage/engine/rocksdb.go:120              Options.atomic_flush: 0
I200515 00:26:47.497142 14 storage/engine/rocksdb.go:120              Options.avoid_unnecessary_blocking_io: 0
I200515 00:26:47.497144 14 storage/engine/rocksdb.go:120              Options.max_background_jobs: 2
I200515 00:26:47.497147 14 storage/engine/rocksdb.go:120              Options.max_background_compactions: -1
I200515 00:26:47.497164 14 storage/engine/rocksdb.go:120              Options.avoid_flush_during_shutdown: 0
I200515 00:26:47.497168 14 storage/engine/rocksdb.go:120            Options.writable_file_max_buffer_size: 1048576
I200515 00:26:47.497170 14 storage/engine/rocksdb.go:120              Options.delayed_write_rate : 16777216
I200515 00:26:47.497173 14 storage/engine/rocksdb.go:120              Options.max_total_wal_size: 0
I200515 00:26:47.497176 14 storage/engine/rocksdb.go:120              Options.delete_obsolete_files_period_micros: 21600000000
I200515 00:26:47.497178 14 storage/engine/rocksdb.go:120                    Options.stats_dump_period_sec: 0
I200515 00:26:47.497181 14 storage/engine/rocksdb.go:120                  Options.stats_persist_period_sec: 600
I200515 00:26:47.497184 14 storage/engine/rocksdb.go:120                  Options.stats_history_buffer_size: 1048576
I200515 00:26:47.497186 14 storage/engine/rocksdb.go:120                           Options.max_open_files: 128
I200515 00:26:47.497189 14 storage/engine/rocksdb.go:120                           Options.bytes_per_sync: 524288
I200515 00:26:47.497193 14 storage/engine/rocksdb.go:120                       Options.wal_bytes_per_sync: 0
I200515 00:26:47.497195 14 storage/engine/rocksdb.go:120                    Options.strict_bytes_per_sync: 1
I200515 00:26:47.497198 14 storage/engine/rocksdb.go:120        Options.compaction_readahead_size: 0
I200515 00:26:47.497201 14 storage/engine/rocksdb.go:120  Compression algorithms supported:
I200515 00:26:47.497204 14 storage/engine/rocksdb.go:120  	kZSTDNotFinalCompression supported: 0
I200515 00:26:47.497207 14 storage/engine/rocksdb.go:120  	kZSTD supported: 0
I200515 00:26:47.497209 14 storage/engine/rocksdb.go:120  	kXpressCompression supported: 0
I200515 00:26:47.497212 14 storage/engine/rocksdb.go:120  	kLZ4HCCompression supported: 0
I200515 00:26:47.497215 14 storage/engine/rocksdb.go:120  	kLZ4Compression supported: 0
I200515 00:26:47.497217 14 storage/engine/rocksdb.go:120  	kBZip2Compression supported: 0
I200515 00:26:47.497220 14 storage/engine/rocksdb.go:120  	kZlibCompression supported: 0
I200515 00:26:47.497223 14 storage/engine/rocksdb.go:120  	kSnappyCompression supported: 1
I200515 00:26:47.497230 14 storage/engine/rocksdb.go:120  Fast CRC32 supported: Supported on x86
I200515 00:26:47.517893 14 storage/engine/rocksdb.go:120  [db/db_impl_open.cc:242] Creating manifest 1 
I200515 00:26:47.535399 14 storage/engine/rocksdb.go:120  [db/version_set.cc:4072] Recovering from manifest file: /var/lib/cockroach/cockroach-temp975763206/MANIFEST-000001
I200515 00:26:47.536519 14 storage/engine/rocksdb.go:120  [db/column_family.cc:488] --------------- Options for column family [default]:
I200515 00:26:47.536524 14 storage/engine/rocksdb.go:120                Options.comparator: cockroach_comparator
I200515 00:26:47.536527 14 storage/engine/rocksdb.go:120            Options.merge_operator: cockroach_merge_operator
I200515 00:26:47.536530 14 storage/engine/rocksdb.go:120         Options.compaction_filter: None
I200515 00:26:47.536533 14 storage/engine/rocksdb.go:120         Options.compaction_filter_factory: None
I200515 00:26:47.536536 14 storage/engine/rocksdb.go:120          Options.memtable_factory: SkipListFactory
I200515 00:26:47.536539 14 storage/engine/rocksdb.go:120             Options.table_factory: BlockBasedTable
I200515 00:26:47.536558 14 storage/engine/rocksdb.go:120             table_factory options:   flush_block_policy_factory: FlushBlockBySizePolicyFactory (0x7f8355028030)
  cache_index_and_filter_blocks: 0
  cache_index_and_filter_blocks_with_high_priority: 0
  pin_l0_filter_and_index_blocks_in_cache: 0
  pin_top_level_index_and_filter: 1
  index_type: 0
  data_block_index_type: 0
  index_shortening: 1
  data_block_hash_table_util_ratio: 0.750000
  hash_index_allow_collision: 1
  checksum: 1
  no_block_cache: 0
  block_cache: 0x7f835501c010
  block_cache_name: LRUCache
  block_cache_options:
    capacity : 1048576
    num_shard_bits : 4
    strict_capacity_limit : 0
    memory_allocator : None
    high_pri_pool_ratio: 0.000
  block_cache_compressed: (nil)
  persistent_cache: (nil)
  block_size: 32768
  block_size_deviation: 10
  block_restart_interval: 16
  index_block_restart_interval: 1
  metadata_block_size: 4096
  partition_filters: 0
  use_delta_encoding: 1
  filter_policy: rocksdb.BuiltinBloomFilter
  whole_key_filtering: 0
  verify_compression: 0
  read_amp_bytes_per_bit: 0
  format_version: 2
  enable_index_compression: 1
  block_align: 0
I200515 00:26:47.536563 14 storage/engine/rocksdb.go:120         Options.write_buffer_size: 67108864
I200515 00:26:47.536567 14 storage/engine/rocksdb.go:120   Options.max_write_buffer_number: 4
I200515 00:26:47.536569 14 storage/engine/rocksdb.go:120           Options.compression: Snappy
I200515 00:26:47.536572 14 storage/engine/rocksdb.go:120                   Options.bottommost_compression: Disabled
I200515 00:26:47.536575 14 storage/engine/rocksdb.go:120        Options.prefix_extractor: cockroach_prefix_extractor
I200515 00:26:47.536578 14 storage/engine/rocksdb.go:120    Options.memtable_insert_with_hint_prefix_extractor: nullptr
I200515 00:26:47.536581 14 storage/engine/rocksdb.go:120              Options.num_levels: 7
I200515 00:26:47.536583 14 storage/engine/rocksdb.go:120         Options.min_write_buffer_number_to_merge: 1
I200515 00:26:47.536586 14 storage/engine/rocksdb.go:120      Options.max_write_buffer_number_to_maintain: 0
I200515 00:26:47.536588 14 storage/engine/rocksdb.go:120             Options.bottommost_compression_opts.window_bits: -14
I200515 00:26:47.536591 14 storage/engine/rocksdb.go:120                   Options.bottommost_compression_opts.level: 32767
I200515 00:26:47.536594 14 storage/engine/rocksdb.go:120                Options.bottommost_compression_opts.strategy: 0
I200515 00:26:47.536596 14 storage/engine/rocksdb.go:120          Options.bottommost_compression_opts.max_dict_bytes: 0
I200515 00:26:47.536599 14 storage/engine/rocksdb.go:120          Options.bottommost_compression_opts.zstd_max_train_bytes: 0
I200515 00:26:47.536601 14 storage/engine/rocksdb.go:120                   Options.bottommost_compression_opts.enabled: false
I200515 00:26:47.536604 14 storage/engine/rocksdb.go:120             Options.compression_opts.window_bits: -14
I200515 00:26:47.536607 14 storage/engine/rocksdb.go:120                   Options.compression_opts.level: 32767
I200515 00:26:47.536609 14 storage/engine/rocksdb.go:120                Options.compression_opts.strategy: 0
I200515 00:26:47.536612 14 storage/engine/rocksdb.go:120          Options.compression_opts.max_dict_bytes: 0
I200515 00:26:47.536626 14 storage/engine/rocksdb.go:120          Options.compression_opts.zstd_max_train_bytes: 0
I200515 00:26:47.536629 14 storage/engine/rocksdb.go:120                   Options.compression_opts.enabled: false
I200515 00:26:47.536632 14 storage/engine/rocksdb.go:120       Options.level0_file_num_compaction_trigger: 2
I200515 00:26:47.536634 14 storage/engine/rocksdb.go:120           Options.level0_slowdown_writes_trigger: 950
I200515 00:26:47.536640 14 storage/engine/rocksdb.go:120               Options.level0_stop_writes_trigger: 1000
I200515 00:26:47.536643 14 storage/engine/rocksdb.go:120                    Options.target_file_size_base: 4194304
I200515 00:26:47.536646 14 storage/engine/rocksdb.go:120              Options.target_file_size_multiplier: 2
I200515 00:26:47.536648 14 storage/engine/rocksdb.go:120                 Options.max_bytes_for_level_base: 67108864
I200515 00:26:47.536671 14 storage/engine/rocksdb.go:120  Options.level_compaction_dynamic_level_bytes: 1
I200515 00:26:47.536679 14 storage/engine/rocksdb.go:120           Options.max_bytes_for_level_multiplier: 10.000000
I200515 00:26:47.536683 14 storage/engine/rocksdb.go:120  Options.max_bytes_for_level_multiplier_addtl[0]: 1
I200515 00:26:47.536686 14 storage/engine/rocksdb.go:120  Options.max_bytes_for_level_multiplier_addtl[1]: 1
I200515 00:26:47.536689 14 storage/engine/rocksdb.go:120  Options.max_bytes_for_level_multiplier_addtl[2]: 1
I200515 00:26:47.536692 14 storage/engine/rocksdb.go:120  Options.max_bytes_for_level_multiplier_addtl[3]: 1
I200515 00:26:47.536694 14 storage/engine/rocksdb.go:120  Options.max_bytes_for_level_multiplier_addtl[4]: 1
I200515 00:26:47.536697 14 storage/engine/rocksdb.go:120  Options.max_bytes_for_level_multiplier_addtl[5]: 1
I200515 00:26:47.536699 14 storage/engine/rocksdb.go:120  Options.max_bytes_for_level_multiplier_addtl[6]: 1
I200515 00:26:47.536702 14 storage/engine/rocksdb.go:120        Options.max_sequential_skip_in_iterations: 8
I200515 00:26:47.536705 14 storage/engine/rocksdb.go:120                     Options.max_compaction_bytes: 104857600
I200515 00:26:47.536707 14 storage/engine/rocksdb.go:120                         Options.arena_block_size: 8388608
I200515 00:26:47.536710 14 storage/engine/rocksdb.go:120    Options.soft_pending_compaction_bytes_limit: 2199023255552
I200515 00:26:47.536712 14 storage/engine/rocksdb.go:120    Options.hard_pending_compaction_bytes_limit: 4400193994752
I200515 00:26:47.536715 14 storage/engine/rocksdb.go:120        Options.rate_limit_delay_max_milliseconds: 100
I200515 00:26:47.536718 14 storage/engine/rocksdb.go:120                 Options.disable_auto_compactions: 0
I200515 00:26:47.536721 14 storage/engine/rocksdb.go:120                         Options.compaction_style: kCompactionStyleLevel
I200515 00:26:47.536724 14 storage/engine/rocksdb.go:120                           Options.compaction_pri: kMinOverlappingRatio
I200515 00:26:47.536727 14 storage/engine/rocksdb.go:120  Options.compaction_options_universal.size_ratio: 1
I200515 00:26:47.536730 14 storage/engine/rocksdb.go:120  Options.compaction_options_universal.min_merge_width: 2
I200515 00:26:47.536732 14 storage/engine/rocksdb.go:120  Options.compaction_options_universal.max_merge_width: 4294967295
I200515 00:26:47.536735 14 storage/engine/rocksdb.go:120  Options.compaction_options_universal.max_size_amplification_percent: 200
I200515 00:26:47.536738 14 storage/engine/rocksdb.go:120  Options.compaction_options_universal.compression_size_percent: -1
I200515 00:26:47.536741 14 storage/engine/rocksdb.go:120  Options.compaction_options_universal.stop_style: kCompactionStopStyleTotalSize
I200515 00:26:47.536744 14 storage/engine/rocksdb.go:120  Options.compaction_options_fifo.max_table_files_size: 1073741824
I200515 00:26:47.536746 14 storage/engine/rocksdb.go:120  Options.compaction_options_fifo.allow_compaction: 0
I200515 00:26:47.536750 14 storage/engine/rocksdb.go:120                    Options.table_properties_collectors: TimeBoundTblPropCollectorFactory; DeleteRangeTblPropCollectorFactory; 
I200515 00:26:47.536754 14 storage/engine/rocksdb.go:120                    Options.inplace_update_support: 0
I200515 00:26:47.536756 14 storage/engine/rocksdb.go:120                  Options.inplace_update_num_locks: 10000
I200515 00:26:47.536759 14 storage/engine/rocksdb.go:120                Options.memtable_prefix_bloom_size_ratio: 0.000000
I200515 00:26:47.536762 14 storage/engine/rocksdb.go:120                Options.memtable_whole_key_filtering: 0
I200515 00:26:47.536764 14 storage/engine/rocksdb.go:120    Options.memtable_huge_page_size: 0
I200515 00:26:47.536767 14 storage/engine/rocksdb.go:120                            Options.bloom_locality: 0
I200515 00:26:47.536769 14 storage/engine/rocksdb.go:120                     Options.max_successive_merges: 0
I200515 00:26:47.536772 14 storage/engine/rocksdb.go:120                 Options.optimize_filters_for_hits: 1
I200515 00:26:47.536775 14 storage/engine/rocksdb.go:120                 Options.paranoid_file_checks: 0
I200515 00:26:47.536777 14 storage/engine/rocksdb.go:120                 Options.force_consistency_checks: 0
I200515 00:26:47.536780 14 storage/engine/rocksdb.go:120                 Options.report_bg_io_stats: 0
I200515 00:26:47.536782 14 storage/engine/rocksdb.go:120                                Options.ttl: 0
I200515 00:26:47.536785 14 storage/engine/rocksdb.go:120           Options.periodic_compaction_seconds: 0
I200515 00:26:47.537682 14 storage/engine/rocksdb.go:120  [db/version_set.cc:4286] Recovered from manifest file:/var/lib/cockroach/cockroach-temp975763206/MANIFEST-000001 succeeded,manifest_file_number is 1, next_file_number is 3, last_sequence is 0, log_number is 0,prev_log_number is 0,max_column_family is 0,min_log_number_to_keep is 0
I200515 00:26:47.537687 14 storage/engine/rocksdb.go:120  [db/version_set.cc:4295] Column family [default] (ID 0), log number is 0
I200515 00:26:47.556834 14 storage/engine/rocksdb.go:120  DB pointer 0x7f83550a4000
I200515 00:26:47.573855 14 storage/engine/rocksdb.go:120  RocksDB version: 6.2.1
I200515 00:26:47.573862 14 storage/engine/rocksdb.go:120  Git sha rocksdb_build_git_sha:@b7009236531fa784872f4823eabf393501e41bf2@
I200515 00:26:47.573865 14 storage/engine/rocksdb.go:120  Compile date Mar 16 2020
I200515 00:26:47.573868 14 storage/engine/rocksdb.go:120  DB SUMMARY
I200515 00:26:47.575790 14 storage/engine/rocksdb.go:120  CURRENT file:  CURRENT
I200515 00:26:47.575795 14 storage/engine/rocksdb.go:120  IDENTITY file:  IDENTITY
I200515 00:26:47.576199 14 storage/engine/rocksdb.go:120  MANIFEST file:  MANIFEST-000813 size: 1309 Bytes
I200515 00:26:47.576206 14 storage/engine/rocksdb.go:120  SST files in /var/lib/cockroach dir, Total Num: 6, files: 000795.sst 000817.sst 000818.sst 000819.sst 000820.sst 000822.sst 
I200515 00:26:47.576209 14 storage/engine/rocksdb.go:120  Write Ahead Log file in /var/lib/cockroach: 000814.log size: 59727991 ; 000821.log size: 48857985 ; 
I200515 00:26:47.576213 14 storage/engine/rocksdb.go:120                          Options.error_if_exists: 0
I200515 00:26:47.576215 14 storage/engine/rocksdb.go:120                        Options.create_if_missing: 1
I200515 00:26:47.576218 14 storage/engine/rocksdb.go:120                          Options.paranoid_checks: 1
I200515 00:26:47.576221 14 storage/engine/rocksdb.go:120                                      Options.env: 0x75757a0
I200515 00:26:47.576223 14 storage/engine/rocksdb.go:120                                 Options.info_log: 0x7f835780dce0
I200515 00:26:47.576226 14 storage/engine/rocksdb.go:120                 Options.max_file_opening_threads: 16
I200515 00:26:47.576229 14 storage/engine/rocksdb.go:120                               Options.statistics: 0x7f8357825010
I200515 00:26:47.576232 14 storage/engine/rocksdb.go:120                                Options.use_fsync: 0
I200515 00:26:47.576234 14 storage/engine/rocksdb.go:120                        Options.max_log_file_size: 0
I200515 00:26:47.576237 14 storage/engine/rocksdb.go:120                   Options.max_manifest_file_size: 134217728
I200515 00:26:47.576240 14 storage/engine/rocksdb.go:120                    Options.log_file_time_to_roll: 0
I200515 00:26:47.576242 14 storage/engine/rocksdb.go:120                        Options.keep_log_file_num: 1000
I200515 00:26:47.576245 14 storage/engine/rocksdb.go:120                     Options.recycle_log_file_num: 1
I200515 00:26:47.576248 14 storage/engine/rocksdb.go:120                          Options.allow_fallocate: 1
I200515 00:26:47.576250 14 storage/engine/rocksdb.go:120                         Options.allow_mmap_reads: 0
I200515 00:26:47.576253 14 storage/engine/rocksdb.go:120                        Options.allow_mmap_writes: 0
I200515 00:26:47.576256 14 storage/engine/rocksdb.go:120                         Options.use_direct_reads: 0
I200515 00:26:47.576258 14 storage/engine/rocksdb.go:120                         Options.use_direct_io_for_flush_and_compaction: 0
I200515 00:26:47.576261 14 storage/engine/rocksdb.go:120           Options.create_missing_column_families: 0
I200515 00:26:47.576263 14 storage/engine/rocksdb.go:120                               Options.db_log_dir: 
I200515 00:26:47.576266 14 storage/engine/rocksdb.go:120                                  Options.wal_dir: /var/lib/cockroach
I200515 00:26:47.576269 14 storage/engine/rocksdb.go:120                 Options.table_cache_numshardbits: 6
I200515 00:26:47.576271 14 storage/engine/rocksdb.go:120                       Options.max_subcompactions: 1
I200515 00:26:47.576274 14 storage/engine/rocksdb.go:120                   Options.max_background_flushes: -1
I200515 00:26:47.576277 14 storage/engine/rocksdb.go:120                          Options.WAL_ttl_seconds: 0
I200515 00:26:47.576279 14 storage/engine/rocksdb.go:120                        Options.WAL_size_limit_MB: 0
I200515 00:26:47.576282 14 storage/engine/rocksdb.go:120              Options.manifest_preallocation_size: 4194304
I200515 00:26:47.576285 14 storage/engine/rocksdb.go:120                      Options.is_fd_close_on_exec: 1
I200515 00:26:47.576287 14 storage/engine/rocksdb.go:120                    Options.advise_random_on_open: 1
I200515 00:26:47.576290 14 storage/engine/rocksdb.go:120                     Options.db_write_buffer_size: 0
I200515 00:26:47.576292 14 storage/engine/rocksdb.go:120                     Options.write_buffer_manager: 0x7f835788d030
I200515 00:26:47.576295 14 storage/engine/rocksdb.go:120          Options.access_hint_on_compaction_start: 1
I200515 00:26:47.576297 14 storage/engine/rocksdb.go:120   Options.new_table_reader_for_compaction_inputs: 0
I200515 00:26:47.576300 14 storage/engine/rocksdb.go:120            Options.random_access_max_buffer_size: 1048576
I200515 00:26:47.576302 14 storage/engine/rocksdb.go:120                       Options.use_adaptive_mutex: 0
I200515 00:26:47.576306 14 storage/engine/rocksdb.go:120                             Options.rate_limiter: (nil)
I200515 00:26:47.576310 14 storage/engine/rocksdb.go:120      Options.sst_file_manager.rate_bytes_per_sec: 0
I200515 00:26:47.576314 14 storage/engine/rocksdb.go:120                        Options.wal_recovery_mode: 0
I200515 00:26:47.576317 14 storage/engine/rocksdb.go:120                   Options.enable_thread_tracking: 0
I200515 00:26:47.576320 14 storage/engine/rocksdb.go:120                   Options.enable_pipelined_write: 0
I200515 00:26:47.576323 14 storage/engine/rocksdb.go:120          Options.allow_concurrent_memtable_write: 1
I200515 00:26:47.576326 14 storage/engine/rocksdb.go:120       Options.enable_write_thread_adaptive_yield: 1
I200515 00:26:47.576329 14 storage/engine/rocksdb.go:120              Options.write_thread_max_yield_usec: 100
I200515 00:26:47.576331 14 storage/engine/rocksdb.go:120             Options.write_thread_slow_yield_usec: 3
I200515 00:26:47.576334 14 storage/engine/rocksdb.go:120                                Options.row_cache: None
I200515 00:26:47.576337 14 storage/engine/rocksdb.go:120                               Options.wal_filter: None
I200515 00:26:47.576339 14 storage/engine/rocksdb.go:120              Options.avoid_flush_during_recovery: 0
I200515 00:26:47.576342 14 storage/engine/rocksdb.go:120              Options.allow_ingest_behind: 0
I200515 00:26:47.576344 14 storage/engine/rocksdb.go:120              Options.preserve_deletes: 0
I200515 00:26:47.576347 14 storage/engine/rocksdb.go:120              Options.two_write_queues: 0
I200515 00:26:47.576349 14 storage/engine/rocksdb.go:120              Options.manual_wal_flush: 1
I200515 00:26:47.576352 14 storage/engine/rocksdb.go:120              Options.atomic_flush: 0
I200515 00:26:47.576355 14 storage/engine/rocksdb.go:120              Options.avoid_unnecessary_blocking_io: 0
I200515 00:26:47.576357 14 storage/engine/rocksdb.go:120              Options.max_background_jobs: 2
I200515 00:26:47.576360 14 storage/engine/rocksdb.go:120              Options.max_background_compactions: -1
I200515 00:26:47.576362 14 storage/engine/rocksdb.go:120              Options.avoid_flush_during_shutdown: 0
I200515 00:26:47.576365 14 storage/engine/rocksdb.go:120            Options.writable_file_max_buffer_size: 1048576
I200515 00:26:47.576368 14 storage/engine/rocksdb.go:120              Options.delayed_write_rate : 16777216
I200515 00:26:47.576370 14 storage/engine/rocksdb.go:120              Options.max_total_wal_size: 0
I200515 00:26:47.576373 14 storage/engine/rocksdb.go:120              Options.delete_obsolete_files_period_micros: 21600000000
I200515 00:26:47.576375 14 storage/engine/rocksdb.go:120                    Options.stats_dump_period_sec: 0
I200515 00:26:47.576378 14 storage/engine/rocksdb.go:120                  Options.stats_persist_period_sec: 600
I200515 00:26:47.576381 14 storage/engine/rocksdb.go:120                  Options.stats_history_buffer_size: 1048576
I200515 00:26:47.576383 14 storage/engine/rocksdb.go:120                           Options.max_open_files: 1043576
I200515 00:26:47.576386 14 storage/engine/rocksdb.go:120                           Options.bytes_per_sync: 524288
I200515 00:26:47.576389 14 storage/engine/rocksdb.go:120                       Options.wal_bytes_per_sync: 0
I200515 00:26:47.576392 14 storage/engine/rocksdb.go:120                    Options.strict_bytes_per_sync: 1
I200515 00:26:47.576394 14 storage/engine/rocksdb.go:120        Options.compaction_readahead_size: 0
I200515 00:26:47.576397 14 storage/engine/rocksdb.go:120  Compression algorithms supported:
I200515 00:26:47.576400 14 storage/engine/rocksdb.go:120  	kZSTDNotFinalCompression supported: 0
I200515 00:26:47.576403 14 storage/engine/rocksdb.go:120  	kZSTD supported: 0
I200515 00:26:47.576405 14 storage/engine/rocksdb.go:120  	kXpressCompression supported: 0
I200515 00:26:47.576408 14 storage/engine/rocksdb.go:120  	kLZ4HCCompression supported: 0
I200515 00:26:47.576411 14 storage/engine/rocksdb.go:120  	kLZ4Compression supported: 0
I200515 00:26:47.576413 14 storage/engine/rocksdb.go:120  	kBZip2Compression supported: 0
I200515 00:26:47.576418 14 storage/engine/rocksdb.go:120  	kZlibCompression supported: 0
I200515 00:26:47.576420 14 storage/engine/rocksdb.go:120  	kSnappyCompression supported: 1
I200515 00:26:47.576426 14 storage/engine/rocksdb.go:120  Fast CRC32 supported: Supported on x86
I200515 00:26:47.578536 14 storage/engine/rocksdb.go:120  [db/version_set.cc:4072] Recovering from manifest file: /var/lib/cockroach/MANIFEST-000813
I200515 00:26:47.578917 14 storage/engine/rocksdb.go:120  [db/column_family.cc:488] --------------- Options for column family [default]:
I200515 00:26:47.578921 14 storage/engine/rocksdb.go:120                Options.comparator: cockroach_comparator
I200515 00:26:47.578925 14 storage/engine/rocksdb.go:120            Options.merge_operator: cockroach_merge_operator
I200515 00:26:47.578928 14 storage/engine/rocksdb.go:120         Options.compaction_filter: None
I200515 00:26:47.578930 14 storage/engine/rocksdb.go:120         Options.compaction_filter_factory: None
I200515 00:26:47.578957 14 storage/engine/rocksdb.go:120          Options.memtable_factory: SkipListFactory
I200515 00:26:47.578963 14 storage/engine/rocksdb.go:120             Options.table_factory: BlockBasedTable
I200515 00:26:47.578987 14 storage/engine/rocksdb.go:120             table_factory options:   flush_block_policy_factory: FlushBlockBySizePolicyFactory (0x7f8357823028)
  cache_index_and_filter_blocks: 0
  cache_index_and_filter_blocks_with_high_priority: 0
  pin_l0_filter_and_index_blocks_in_cache: 0
  pin_top_level_index_and_filter: 1
  index_type: 0
  data_block_index_type: 0
  index_shortening: 1
  data_block_hash_table_util_ratio: 0.750000
  hash_index_allow_collision: 1
  checksum: 1
  no_block_cache: 0
  block_cache: 0x7f8357814010
  block_cache_name: LRUCache
  block_cache_options:
    capacity : 67108864
    num_shard_bits : 4
    strict_capacity_limit : 0
    memory_allocator : None
    high_pri_pool_ratio: 0.000
  block_cache_compressed: (nil)
  persistent_cache: (nil)
  block_size: 32768
  block_size_deviation: 10
  block_restart_interval: 16
  index_block_restart_interval: 1
  metadata_block_size: 4096
  partition_filters: 0
  use_delta_encoding: 1
  filter_policy: rocksdb.BuiltinBloomFilter
  whole_key_filtering: 0
  verify_compression: 0
  read_amp_bytes_per_bit: 0
  format_version: 2
  enable_index_compression: 1
  block_align: 0
I200515 00:26:47.578991 14 storage/engine/rocksdb.go:120         Options.write_buffer_size: 67108864
I200515 00:26:47.578995 14 storage/engine/rocksdb.go:120   Options.max_write_buffer_number: 4
I200515 00:26:47.578998 14 storage/engine/rocksdb.go:120           Options.compression: Snappy
I200515 00:26:47.579001 14 storage/engine/rocksdb.go:120                   Options.bottommost_compression: Disabled
I200515 00:26:47.579004 14 storage/engine/rocksdb.go:120        Options.prefix_extractor: cockroach_prefix_extractor
I200515 00:26:47.579006 14 storage/engine/rocksdb.go:120    Options.memtable_insert_with_hint_prefix_extractor: nullptr
I200515 00:26:47.579009 14 storage/engine/rocksdb.go:120              Options.num_levels: 7
I200515 00:26:47.579012 14 storage/engine/rocksdb.go:120         Options.min_write_buffer_number_to_merge: 1
I200515 00:26:47.579014 14 storage/engine/rocksdb.go:120      Options.max_write_buffer_number_to_maintain: 0
I200515 00:26:47.579017 14 storage/engine/rocksdb.go:120             Options.bottommost_compression_opts.window_bits: -14
I200515 00:26:47.579020 14 storage/engine/rocksdb.go:120                   Options.bottommost_compression_opts.level: 32767
I200515 00:26:47.579022 14 storage/engine/rocksdb.go:120                Options.bottommost_compression_opts.strategy: 0
I200515 00:26:47.579025 14 storage/engine/rocksdb.go:120          Options.bottommost_compression_opts.max_dict_bytes: 0
I200515 00:26:47.579028 14 storage/engine/rocksdb.go:120          Options.bottommost_compression_opts.zstd_max_train_bytes: 0
I200515 00:26:47.579030 14 storage/engine/rocksdb.go:120                   Options.bottommost_compression_opts.enabled: false
I200515 00:26:47.579033 14 storage/engine/rocksdb.go:120             Options.compression_opts.window_bits: -14
I200515 00:26:47.579035 14 storage/engine/rocksdb.go:120                   Options.compression_opts.level: 32767
I200515 00:26:47.579038 14 storage/engine/rocksdb.go:120                Options.compression_opts.strategy: 0
I200515 00:26:47.579041 14 storage/engine/rocksdb.go:120          Options.compression_opts.max_dict_bytes: 0
I200515 00:26:47.579043 14 storage/engine/rocksdb.go:120          Options.compression_opts.zstd_max_train_bytes: 0
I200515 00:26:47.579046 14 storage/engine/rocksdb.go:120                   Options.compression_opts.enabled: false
I200515 00:26:47.579048 14 storage/engine/rocksdb.go:120       Options.level0_file_num_compaction_trigger: 2
I200515 00:26:47.579051 14 storage/engine/rocksdb.go:120           Options.level0_slowdown_writes_trigger: 950
I200515 00:26:47.579054 14 storage/engine/rocksdb.go:120               Options.level0_stop_writes_trigger: 1000
I200515 00:26:47.579057 14 storage/engine/rocksdb.go:120                    Options.target_file_size_base: 4194304
I200515 00:26:47.579060 14 storage/engine/rocksdb.go:120              Options.target_file_size_multiplier: 2
I200515 00:26:47.579062 14 storage/engine/rocksdb.go:120                 Options.max_bytes_for_level_base: 67108864
I200515 00:26:47.579065 14 storage/engine/rocksdb.go:120  Options.level_compaction_dynamic_level_bytes: 1
I200515 00:26:47.579068 14 storage/engine/rocksdb.go:120           Options.max_bytes_for_level_multiplier: 10.000000
I200515 00:26:47.579071 14 storage/engine/rocksdb.go:120  Options.max_bytes_for_level_multiplier_addtl[0]: 1
I200515 00:26:47.579074 14 storage/engine/rocksdb.go:120  Options.max_bytes_for_level_multiplier_addtl[1]: 1
I200515 00:26:47.579076 14 storage/engine/rocksdb.go:120  Options.max_bytes_for_level_multiplier_addtl[2]: 1
I200515 00:26:47.579079 14 storage/engine/rocksdb.go:120  Options.max_bytes_for_level_multiplier_addtl[3]: 1
I200515 00:26:47.579081 14 storage/engine/rocksdb.go:120  Options.max_bytes_for_level_multiplier_addtl[4]: 1
I200515 00:26:47.579086 14 storage/engine/rocksdb.go:120  Options.max_bytes_for_level_multiplier_addtl[5]: 1
I200515 00:26:47.579089 14 storage/engine/rocksdb.go:120  Options.max_bytes_for_level_multiplier_addtl[6]: 1
I200515 00:26:47.579092 14 storage/engine/rocksdb.go:120        Options.max_sequential_skip_in_iterations: 8
I200515 00:26:47.579094 14 storage/engine/rocksdb.go:120                     Options.max_compaction_bytes: 104857600
I200515 00:26:47.579097 14 storage/engine/rocksdb.go:120                         Options.arena_block_size: 8388608
I200515 00:26:47.579099 14 storage/engine/rocksdb.go:120    Options.soft_pending_compaction_bytes_limit: 2199023255552
I200515 00:26:47.579102 14 storage/engine/rocksdb.go:120    Options.hard_pending_compaction_bytes_limit: 4400193994752
I200515 00:26:47.579105 14 storage/engine/rocksdb.go:120        Options.rate_limit_delay_max_milliseconds: 100
I200515 00:26:47.579107 14 storage/engine/rocksdb.go:120                 Options.disable_auto_compactions: 0
I200515 00:26:47.579111 14 storage/engine/rocksdb.go:120                         Options.compaction_style: kCompactionStyleLevel
I200515 00:26:47.579114 14 storage/engine/rocksdb.go:120                           Options.compaction_pri: kMinOverlappingRatio
I200515 00:26:47.579116 14 storage/engine/rocksdb.go:120  Options.compaction_options_universal.size_ratio: 1
I200515 00:26:47.579119 14 storage/engine/rocksdb.go:120  Options.compaction_options_universal.min_merge_width: 2
I200515 00:26:47.579121 14 storage/engine/rocksdb.go:120  Options.compaction_options_universal.max_merge_width: 4294967295
I200515 00:26:47.579124 14 storage/engine/rocksdb.go:120  Options.compaction_options_universal.max_size_amplification_percent: 200
I200515 00:26:47.579127 14 storage/engine/rocksdb.go:120  Options.compaction_options_universal.compression_size_percent: -1
I200515 00:26:47.579130 14 storage/engine/rocksdb.go:120  Options.compaction_options_universal.stop_style: kCompactionStopStyleTotalSize
I200515 00:26:47.579132 14 storage/engine/rocksdb.go:120  Options.compaction_options_fifo.max_table_files_size: 1073741824
I200515 00:26:47.579135 14 storage/engine/rocksdb.go:120  Options.compaction_options_fifo.allow_compaction: 0
I200515 00:26:47.579139 14 storage/engine/rocksdb.go:120                    Options.table_properties_collectors: TimeBoundTblPropCollectorFactory; DeleteRangeTblPropCollectorFactory; 
I200515 00:26:47.579142 14 storage/engine/rocksdb.go:120                    Options.inplace_update_support: 0
I200515 00:26:47.579145 14 storage/engine/rocksdb.go:120                  Options.inplace_update_num_locks: 10000
I200515 00:26:47.579148 14 storage/engine/rocksdb.go:120                Options.memtable_prefix_bloom_size_ratio: 0.000000
I200515 00:26:47.579163 14 storage/engine/rocksdb.go:120                Options.memtable_whole_key_filtering: 0
I200515 00:26:47.579169 14 storage/engine/rocksdb.go:120    Options.memtable_huge_page_size: 0
I200515 00:26:47.579171 14 storage/engine/rocksdb.go:120                            Options.bloom_locality: 0
I200515 00:26:47.579174 14 storage/engine/rocksdb.go:120                     Options.max_successive_merges: 0
I200515 00:26:47.579177 14 storage/engine/rocksdb.go:120                 Options.optimize_filters_for_hits: 1
I200515 00:26:47.579179 14 storage/engine/rocksdb.go:120                 Options.paranoid_file_checks: 0
I200515 00:26:47.579182 14 storage/engine/rocksdb.go:120                 Options.force_consistency_checks: 0
I200515 00:26:47.579185 14 storage/engine/rocksdb.go:120                 Options.report_bg_io_stats: 0
I200515 00:26:47.579187 14 storage/engine/rocksdb.go:120                                Options.ttl: 0
I200515 00:26:47.579190 14 storage/engine/rocksdb.go:120           Options.periodic_compaction_seconds: 0
I200515 00:26:47.584875 14 storage/engine/rocksdb.go:120  [db/version_set.cc:4286] Recovered from manifest file:/var/lib/cockroach/MANIFEST-000813 succeeded,manifest_file_number is 813, next_file_number is 824, last_sequence is 10855220, log_number is 821,prev_log_number is 0,max_column_family is 0,min_log_number_to_keep is 0
I200515 00:26:47.584883 14 storage/engine/rocksdb.go:120  [db/version_set.cc:4295] Column family [default] (ID 0), log number is 821
I200515 00:26:47.586976 14 storage/engine/rocksdb.go:120  EVENT_LOG_v1 {"time_micros": 1589502407586959, "job": 1, "event": "recovery_started", "log_files": [814, 821]}
I200515 00:26:47.586982 14 storage/engine/rocksdb.go:120  [db/db_impl_open.cc:586] Skipping log #814 since it is older than min log to keep #821
I200515 00:26:47.586987 14 storage/engine/rocksdb.go:120  [db/db_impl_open.cc:598] Recovering log #821 mode 0
I200515 00:26:48.394541 14 storage/engine/rocksdb.go:120  EVENT_LOG_v1 {"time_micros": 1589502408394422, "cf_name": "default", "job": 1, "event": "table_file_creation", "file_number": 824, "file_size": 365274, "table_properties": {"data_size": 352623, "index_size": 3833, "index_partitions": 0, "top_level_index_size": 0, "index_key_is_user_key": 0, "index_value_is_delta_encoded": 0, "filter_size": 9541, "raw_key_size": 277512, "raw_average_key_size": 31, "raw_value_size": 1880797, "raw_average_value_size": 210, "num_data_blocks": 62, "num_entries": 8943, "num_deletions": 6793, "num_merge_operands": 1328, "num_range_deletions": 1328, "format_version": 0, "fixed_key_len": 0, "filter_policy": "rocksdb.BuiltinBloomFilter", "column_family_name": "default", "column_family_id": 0, "comparator": "cockroach_comparator", "merge_operator": "cockroach_merge_operator", "prefix_extractor_name": "cockroach_prefix_extractor", "property_collectors": "[TimeBoundTblPropCollectorFactory,DeleteRangeTblPropCollectorFactory]", "compression": "Snappy", "compression_options": "window_bits=-14; level=32767; strategy=0; max_dict_bytes=0; zstd_max_train_bytes=0; enabled=0; ", "creation_time": 1589502408, "oldest_key_time": 3, "file_creation_time": 0}}
I200515 00:26:48.401239 14 storage/engine/rocksdb.go:120  [db/version_set.cc:3560] Creating manifest 825
I200515 00:26:48.417342 14 storage/engine/rocksdb.go:120  EVENT_LOG_v1 {"time_micros": 1589502408417318, "job": 1, "event": "recovery_finished"}
I200515 00:26:48.445127 17 storage/engine/rocksdb.go:120  [db/compaction_job.cc:1647] [default] [JOB 3] Compacting 2@0 + 4@6 files to L6, score 1.00
I200515 00:26:48.445139 17 storage/engine/rocksdb.go:120  [db/compaction_job.cc:1651] [default] Compaction start summary: Base version 2 Base level 0, inputs: [824(356KB) 822(400KB)], [817(4119KB) 818(4116KB) 819(4125KB) 820(184KB)]
I200515 00:26:48.445207 17 storage/engine/rocksdb.go:120  EVENT_LOG_v1 {"time_micros": 1589502408445163, "job": 3, "event": "compaction_started", "compaction_reason": "LevelL0FilesNum", "files_L0": [824, 822], "files_L6": [817, 818, 819, 820], "score": 1, "input_data_size": 13622836}
I200515 00:26:48.461924 14 storage/engine/rocksdb.go:120  DB pointer 0x7f835789f000
I200515 00:26:48.551032 17 storage/engine/rocksdb.go:120  [db/compaction_job.cc:1334] [default] [JOB 3] Generated table #829: 13283 keys, 4216650 bytes
I200515 00:26:48.551071 17 storage/engine/rocksdb.go:120  EVENT_LOG_v1 {"time_micros": 1589502408551047, "cf_name": "default", "job": 3, "event": "table_file_creation", "file_number": 829, "file_size": 4216650, "table_properties": {"data_size": 4196041, "index_size": 77430, "index_partitions": 0, "top_level_index_size": 0, "index_key_is_user_key": 0, "index_value_is_delta_encoded": 0, "filter_size": 0, "raw_key_size": 690208, "raw_average_key_size": 51, "raw_value_size": 35133344, "raw_average_value_size": 2644, "num_data_blocks": 1125, "num_entries": 13283, "num_deletions": 0, "num_merge_operands": 0, "num_range_deletions": 0, "format_version": 0, "fixed_key_len": 0, "filter_policy": "rocksdb.BuiltinBloomFilter", "column_family_name": "default", "column_family_id": 0, "comparator": "cockroach_comparator", "merge_operator": "cockroach_merge_operator", "prefix_extractor_name": "cockroach_prefix_extractor", "property_collectors": "[TimeBoundTblPropCollectorFactory,DeleteRangeTblPropCollectorFactory]", "compression": "Snappy", "compression_options": "window_bits=-14; level=32767; strategy=0; max_dict_bytes=0; zstd_max_train_bytes=0; enabled=0; ", "creation_time": 1589502408, "oldest_key_time": 0, "file_creation_time": 1589502408}}
I200515 00:26:48.627104 17 storage/engine/rocksdb.go:120  [db/compaction_job.cc:1334] [default] [JOB 3] Generated table #830: 8267 keys, 4210583 bytes
I200515 00:26:48.627185 17 storage/engine/rocksdb.go:120  EVENT_LOG_v1 {"time_micros": 1589502408627125, "cf_name": "default", "job": 3, "event": "table_file_creation", "file_number": 830, "file_size": 4210583, "table_properties": {"data_size": 4195300, "index_size": 54631, "index_partitions": 0, "top_level_index_size": 0, "index_key_is_user_key": 0, "index_value_is_delta_encoded": 0, "filter_size": 0, "raw_key_size": 451118, "raw_average_key_size": 54, "raw_value_size": 25418501, "raw_average_value_size": 3074, "num_data_blocks": 815, "num_entries": 8267, "num_deletions": 0, "num_merge_operands": 0, "num_range_deletions": 0, "format_version": 0, "fixed_key_len": 0, "filter_policy": "rocksdb.BuiltinBloomFilter", "column_family_name": "default", "column_family_id": 0, "comparator": "cockroach_comparator", "merge_operator": "cockroach_merge_operator", "prefix_extractor_name": "cockroach_prefix_extractor", "property_collectors": "[TimeBoundTblPropCollectorFactory,DeleteRangeTblPropCollectorFactory]", "compression": "Snappy", "compression_options": "window_bits=-14; level=32767; strategy=0; max_dict_bytes=0; zstd_max_train_bytes=0; enabled=0; ", "creation_time": 1589502408, "oldest_key_time": 0, "file_creation_time": 1589502408}}
I200515 00:26:48.698312 17 storage/engine/rocksdb.go:120  [db/compaction_job.cc:1334] [default] [JOB 3] Generated table #831: 8348 keys, 4211649 bytes
I200515 00:26:48.698436 17 storage/engine/rocksdb.go:120  EVENT_LOG_v1 {"time_micros": 1589502408698368, "cf_name": "default", "job": 3, "event": "table_file_creation", "file_number": 831, "file_size": 4211649, "table_properties": {"data_size": 4195728, "index_size": 57364, "index_partitions": 0, "top_level_index_size": 0, "index_key_is_user_key": 0, "index_value_is_delta_encoded": 0, "filter_size": 0, "raw_key_size": 477366, "raw_average_key_size": 57, "raw_value_size": 25672464, "raw_average_value_size": 3075, "num_data_blocks": 823, "num_entries": 8348, "num_deletions": 0, "num_merge_operands": 0, "num_range_deletions": 0, "format_version": 0, "fixed_key_len": 0, "filter_policy": "rocksdb.BuiltinBloomFilter", "column_family_name": "default", "column_family_id": 0, "comparator": "cockroach_comparator", "merge_operator": "cockroach_merge_operator", "prefix_extractor_name": "cockroach_prefix_extractor", "property_collectors": "[TimeBoundTblPropCollectorFactory,DeleteRangeTblPropCollectorFactory]", "compression": "Snappy", "compression_options": "window_bits=-14; level=32767; strategy=0; max_dict_bytes=0; zstd_max_train_bytes=0; enabled=0; ", "creation_time": 1589502408, "oldest_key_time": 0, "file_creation_time": 1589502408}}
I200515 00:26:48.721427 17 storage/engine/rocksdb.go:120  [db/compaction_job.cc:1334] [default] [JOB 3] Generated table #832: 8587 keys, 652202 bytes
I200515 00:26:48.721469 17 storage/engine/rocksdb.go:120  EVENT_LOG_v1 {"time_micros": 1589502408721445, "cf_name": "default", "job": 3, "event": "table_file_creation", "file_number": 832, "file_size": 652202, "table_properties": {"data_size": 648371, "index_size": 10177, "index_partitions": 0, "top_level_index_size": 0, "index_key_is_user_key": 0, "index_value_is_delta_encoded": 0, "filter_size": 0, "raw_key_size": 320543, "raw_average_key_size": 37, "raw_value_size": 4360456, "raw_average_value_size": 507, "num_data_blocks": 145, "num_entries": 8587, "num_deletions": 0, "num_merge_operands": 0, "num_range_deletions": 0, "format_version": 0, "fixed_key_len": 0, "filter_policy": "rocksdb.BuiltinBloomFilter", "column_family_name": "default", "column_family_id": 0, "comparator": "cockroach_comparator", "merge_operator": "cockroach_merge_operator", "prefix_extractor_name": "cockroach_prefix_extractor", "property_collectors": "[TimeBoundTblPropCollectorFactory,DeleteRangeTblPropCollectorFactory]", "compression": "Snappy", "compression_options": "window_bits=-14; level=32767; strategy=0; max_dict_bytes=0; zstd_max_train_bytes=0; enabled=0; ", "creation_time": 1589502408, "oldest_key_time": 0, "file_creation_time": 1589502408}}
I200515 00:26:48.727441 17 storage/engine/rocksdb.go:120  [db/compaction_job.cc:1397] [default] [JOB 3] Compacted 2@0 + 4@6 files to L6 => 13291084 bytes
I200515 00:26:48.727941 17 storage/engine/rocksdb.go:120  (Original Log Time 2020/05/15-00:26:48.727846) [db/compaction_job.cc:770] [default] compacted to: base level 6 level multiplier 10.00 max bytes base 67108864 files[0 0 0 0 0 0 5] max score 0.00, MB/sec: 49.2 rd, 48.0 wr, level 6, files in(2, 4) out(4) MB in(0.7, 12.3) out(12.7), read-write-amplify(34.7) write-amplify(17.1) OK, records in: 56271, records dropped: 16458 output_compression: Snappy
I200515 00:26:48.727949 17 storage/engine/rocksdb.go:120  (Original Log Time 2020/05/15-00:26:48.727868) EVENT_LOG_v1 {"time_micros": 1589502408727858, "job": 3, "event": "compaction_finished", "compaction_time_micros": 276927, "compaction_time_cpu_micros": 135600, "output_level": 6, "num_output_files": 4, "total_output_size": 13291084, "num_input_records": 54943, "num_output_records": 38485, "num_subcompactions": 1, "output_compression": "Snappy", "num_single_delete_mismatches": 0, "num_single_delete_fallthrough": 0, "lsm_state": [0, 0, 0, 0, 0, 0, 5]}
I200515 00:26:48.728729 17 storage/engine/rocksdb.go:120  EVENT_LOG_v1 {"time_micros": 1589502408728713, "job": 3, "event": "table_file_deletion", "file_number": 824}
I200515 00:26:48.729742 17 storage/engine/rocksdb.go:120  EVENT_LOG_v1 {"time_micros": 1589502408729706, "job": 3, "event": "table_file_deletion", "file_number": 822}
I200515 00:26:48.730434 17 storage/engine/rocksdb.go:120  EVENT_LOG_v1 {"time_micros": 1589502408730423, "job": 3, "event": "table_file_deletion", "file_number": 820}
I200515 00:26:48.731765 17 storage/engine/rocksdb.go:120  EVENT_LOG_v1 {"time_micros": 1589502408731749, "job": 3, "event": "table_file_deletion", "file_number": 819}
I200515 00:26:48.733072 17 storage/engine/rocksdb.go:120  EVENT_LOG_v1 {"time_micros": 1589502408733055, "job": 3, "event": "table_file_deletion", "file_number": 818}
I200515 00:26:48.734535 17 storage/engine/rocksdb.go:120  EVENT_LOG_v1 {"time_micros": 1589502408734516, "job": 3, "event": "table_file_deletion", "file_number": 817}
I200515 01:11:58.927499 86 storage/engine/rocksdb.go:120  [db/db_impl_write.cc:1437] [default] New memtable created with log file: #833. Immutable memtables: 0.
I200515 01:11:58.928104 17 storage/engine/rocksdb.go:120  (Original Log Time 2020/05/15-01:11:58.928068) [db/db_impl_compaction_flush.cc:2097] Calling FlushMemTableToOutputFile with column family [default], flush slots available 1, compaction slots available 1, flush slots scheduled 1, compaction slots scheduled 0
I200515 01:11:58.928114 17 storage/engine/rocksdb.go:120  [db/flush_job.cc:322] [default] [JOB 4] Flushing memtable with next log file: 833
I200515 01:11:58.928166 17 storage/engine/rocksdb.go:120  EVENT_LOG_v1 {"time_micros": 1589505118928143, "job": 4, "event": "flush_started", "num_memtables": 1, "num_entries": 219158, "num_deletes": 7799, "total_data_size": 60965177, "memory_usage": 65018752, "flush_reason": "Write Buffer Full"}
I200515 01:11:58.928187 17 storage/engine/rocksdb.go:120  [db/flush_job.cc:351] [default] [JOB 4] Level-0 flush table #834: started
I200515 01:11:59.305345 17 storage/engine/rocksdb.go:120  EVENT_LOG_v1 {"time_micros": 1589505119305287, "cf_name": "default", "job": 4, "event": "table_file_creation", "file_number": 834, "file_size": 452317, "table_properties": {"data_size": 437364, "index_size": 4853, "index_partitions": 0, "top_level_index_size": 0, "index_key_is_user_key": 0, "index_value_is_delta_encoded": 0, "filter_size": 11333, "raw_key_size": 307028, "raw_average_key_size": 30, "raw_value_size": 2300392, "raw_average_value_size": 225, "num_data_blocks": 78, "num_entries": 10188, "num_deletions": 7631, "num_merge_operands": 1328, "num_range_deletions": 1328, "format_version": 0, "fixed_key_len": 0, "filter_policy": "rocksdb.BuiltinBloomFilter", "column_family_name": "default", "column_family_id": 0, "comparator": "cockroach_comparator", "merge_operator": "cockroach_merge_operator", "prefix_extractor_name": "cockroach_prefix_extractor", "property_collectors": "[TimeBoundTblPropCollectorFactory,DeleteRangeTblPropCollectorFactory]", "compression": "Snappy", "compression_options": "window_bits=-14; level=32767; strategy=0; max_dict_bytes=0; zstd_max_train_bytes=0; enabled=0; ", "creation_time": 1589505118, "oldest_key_time": 1589502408, "file_creation_time": 1589505118}}
I200515 01:11:59.305364 17 storage/engine/rocksdb.go:120  [db/flush_job.cc:392] [default] [JOB 4] Level-0 flush table #834: 452317 bytes OK
I200515 01:11:59.306124 17 storage/engine/rocksdb.go:120  [db/db_impl_files.cc:194] adding log 826 to recycle list
I200515 01:11:59.306167 17 storage/engine/rocksdb.go:120  (Original Log Time 2020/05/15-01:11:59.305374) [db/memtable_list.cc:386] [default] Level-0 commit table #834 started
I200515 01:11:59.306176 17 storage/engine/rocksdb.go:120  (Original Log Time 2020/05/15-01:11:59.305694) [db/memtable_list.cc:434] [default] Level-0 commit table #834: memtable #1 done
I200515 01:11:59.306183 17 storage/engine/rocksdb.go:120  (Original Log Time 2020/05/15-01:11:59.305709) EVENT_LOG_v1 {"time_micros": 1589505119305701, "job": 4, "event": "flush_finished", "output_compression": "Snappy", "lsm_state": [1, 0, 0, 0, 0, 0, 5], "immutable_memtables": 0}
I200515 01:11:59.306193 17 storage/engine/rocksdb.go:120  (Original Log Time 2020/05/15-01:11:59.305723) [db/db_impl_compaction_flush.cc:208] [default] Level summary: base level 6 level multiplier 10.00 max bytes base 67108864 files[1 0 0 0 0 0 5] max score 0.50
I200515 01:29:21.821114 44242 storage/engine/rocksdb.go:120  bloom filter utility:    -nan%
I200515 01:29:21.821450 44242 storage/engine/rocksdb.go:120  [db/db_impl.cc:392] Shutdown: canceling all background work
I200515 01:29:21.821967 44242 storage/engine/rocksdb.go:120  [db/db_impl.cc:565] Shutdown complete
I200515 01:29:21.830642 44242 storage/engine/rocksdb.go:120  bloom filter utility:    69.4%
I200515 01:29:21.831129 44242 storage/engine/rocksdb.go:120  [db/db_impl.cc:392] Shutdown: canceling all background work
I200515 01:29:21.841731 44242 storage/engine/rocksdb.go:120  [db/db_impl.cc:565] Shutdown complete
