I200512 13:58:06.901025 32 util/log/clog.go:1196  [config] file created at: 2020/05/12 13:58:06
I200512 13:58:06.901025 32 util/log/clog.go:1196  [config] running on machine: d80ff3dce416
I200512 13:58:06.901025 32 util/log/clog.go:1196  [config] binary: CockroachDB CCL v19.2.5 (x86_64-unknown-linux-gnu, built 2020/03/16 18:27:12, go1.12.12)
I200512 13:58:06.901025 32 util/log/clog.go:1196  [config] arguments: [/cockroach/cockroach start --insecure --store=attrs=ssd,path=/var/lib/cockroach/]
I200512 13:58:06.901025 32 util/log/clog.go:1196  line format: [IWEF]yymmdd hh:mm:ss.uuuuuu goid file:line msg utf8=✓
I200512 13:58:06.901024 32 storage/engine/rocksdb.go:120  RocksDB version: 6.2.1
I200512 13:58:06.907693 32 storage/engine/rocksdb.go:120  Git sha rocksdb_build_git_sha:@b7009236531fa784872f4823eabf393501e41bf2@
I200512 13:58:06.907701 32 storage/engine/rocksdb.go:120  Compile date Mar 16 2020
I200512 13:58:06.907705 32 storage/engine/rocksdb.go:120  DB SUMMARY
I200512 13:58:06.908868 32 storage/engine/rocksdb.go:120  SST files in /var/lib/cockroach/cockroach-temp846547432 dir, Total Num: 0, files: 
I200512 13:58:06.923681 32 storage/engine/rocksdb.go:120  Write Ahead Log file in /var/lib/cockroach/cockroach-temp846547432: 
I200512 13:58:06.923685 32 storage/engine/rocksdb.go:120                          Options.error_if_exists: 0
I200512 13:58:06.923688 32 storage/engine/rocksdb.go:120                        Options.create_if_missing: 1
I200512 13:58:06.923691 32 storage/engine/rocksdb.go:120                          Options.paranoid_checks: 1
I200512 13:58:06.923693 32 storage/engine/rocksdb.go:120                                      Options.env: 0x75757a0
I200512 13:58:06.923696 32 storage/engine/rocksdb.go:120                                 Options.info_log: 0x7f785e2270e0
I200512 13:58:06.923699 32 storage/engine/rocksdb.go:120                 Options.max_file_opening_threads: 16
I200512 13:58:06.923701 32 storage/engine/rocksdb.go:120                               Options.statistics: 0x7f785e234010
I200512 13:58:06.923704 32 storage/engine/rocksdb.go:120                                Options.use_fsync: 0
I200512 13:58:06.923707 32 storage/engine/rocksdb.go:120                        Options.max_log_file_size: 0
I200512 13:58:06.923709 32 storage/engine/rocksdb.go:120                   Options.max_manifest_file_size: 134217728
I200512 13:58:06.923712 32 storage/engine/rocksdb.go:120                    Options.log_file_time_to_roll: 0
I200512 13:58:06.923715 32 storage/engine/rocksdb.go:120                        Options.keep_log_file_num: 1000
I200512 13:58:06.923718 32 storage/engine/rocksdb.go:120                     Options.recycle_log_file_num: 1
I200512 13:58:06.923721 32 storage/engine/rocksdb.go:120                          Options.allow_fallocate: 1
I200512 13:58:06.923723 32 storage/engine/rocksdb.go:120                         Options.allow_mmap_reads: 0
I200512 13:58:06.923726 32 storage/engine/rocksdb.go:120                        Options.allow_mmap_writes: 0
I200512 13:58:06.923729 32 storage/engine/rocksdb.go:120                         Options.use_direct_reads: 0
I200512 13:58:06.923731 32 storage/engine/rocksdb.go:120                         Options.use_direct_io_for_flush_and_compaction: 0
I200512 13:58:06.923734 32 storage/engine/rocksdb.go:120           Options.create_missing_column_families: 0
I200512 13:58:06.923738 32 storage/engine/rocksdb.go:120                               Options.db_log_dir: 
I200512 13:58:06.923753 32 storage/engine/rocksdb.go:120                                  Options.wal_dir: /var/lib/cockroach/cockroach-temp846547432
I200512 13:58:06.923759 32 storage/engine/rocksdb.go:120                 Options.table_cache_numshardbits: 6
I200512 13:58:06.923762 32 storage/engine/rocksdb.go:120                       Options.max_subcompactions: 1
I200512 13:58:06.923765 32 storage/engine/rocksdb.go:120                   Options.max_background_flushes: -1
I200512 13:58:06.923767 32 storage/engine/rocksdb.go:120                          Options.WAL_ttl_seconds: 0
I200512 13:58:06.923770 32 storage/engine/rocksdb.go:120                        Options.WAL_size_limit_MB: 0
I200512 13:58:06.923773 32 storage/engine/rocksdb.go:120              Options.manifest_preallocation_size: 4194304
I200512 13:58:06.923776 32 storage/engine/rocksdb.go:120                      Options.is_fd_close_on_exec: 1
I200512 13:58:06.923778 32 storage/engine/rocksdb.go:120                    Options.advise_random_on_open: 1
I200512 13:58:06.923781 32 storage/engine/rocksdb.go:120                     Options.db_write_buffer_size: 0
I200512 13:58:06.923783 32 storage/engine/rocksdb.go:120                     Options.write_buffer_manager: 0x7f785e2190f0
I200512 13:58:06.923786 32 storage/engine/rocksdb.go:120          Options.access_hint_on_compaction_start: 1
I200512 13:58:06.923789 32 storage/engine/rocksdb.go:120   Options.new_table_reader_for_compaction_inputs: 0
I200512 13:58:06.923791 32 storage/engine/rocksdb.go:120            Options.random_access_max_buffer_size: 1048576
I200512 13:58:06.923794 32 storage/engine/rocksdb.go:120                       Options.use_adaptive_mutex: 0
I200512 13:58:06.923797 32 storage/engine/rocksdb.go:120                             Options.rate_limiter: (nil)
I200512 13:58:06.923800 32 storage/engine/rocksdb.go:120      Options.sst_file_manager.rate_bytes_per_sec: 0
I200512 13:58:06.923802 32 storage/engine/rocksdb.go:120                        Options.wal_recovery_mode: 0
I200512 13:58:06.923805 32 storage/engine/rocksdb.go:120                   Options.enable_thread_tracking: 0
I200512 13:58:06.923807 32 storage/engine/rocksdb.go:120                   Options.enable_pipelined_write: 0
I200512 13:58:06.923810 32 storage/engine/rocksdb.go:120          Options.allow_concurrent_memtable_write: 1
I200512 13:58:06.923812 32 storage/engine/rocksdb.go:120       Options.enable_write_thread_adaptive_yield: 1
I200512 13:58:06.923815 32 storage/engine/rocksdb.go:120              Options.write_thread_max_yield_usec: 100
I200512 13:58:06.923817 32 storage/engine/rocksdb.go:120             Options.write_thread_slow_yield_usec: 3
I200512 13:58:06.923820 32 storage/engine/rocksdb.go:120                                Options.row_cache: None
I200512 13:58:06.923822 32 storage/engine/rocksdb.go:120                               Options.wal_filter: None
I200512 13:58:06.923825 32 storage/engine/rocksdb.go:120              Options.avoid_flush_during_recovery: 0
I200512 13:58:06.923828 32 storage/engine/rocksdb.go:120              Options.allow_ingest_behind: 0
I200512 13:58:06.923830 32 storage/engine/rocksdb.go:120              Options.preserve_deletes: 0
I200512 13:58:06.923833 32 storage/engine/rocksdb.go:120              Options.two_write_queues: 0
I200512 13:58:06.923835 32 storage/engine/rocksdb.go:120              Options.manual_wal_flush: 1
I200512 13:58:06.923837 32 storage/engine/rocksdb.go:120              Options.atomic_flush: 0
I200512 13:58:06.923840 32 storage/engine/rocksdb.go:120              Options.avoid_unnecessary_blocking_io: 0
I200512 13:58:06.923843 32 storage/engine/rocksdb.go:120              Options.max_background_jobs: 2
I200512 13:58:06.923845 32 storage/engine/rocksdb.go:120              Options.max_background_compactions: -1
I200512 13:58:06.923848 32 storage/engine/rocksdb.go:120              Options.avoid_flush_during_shutdown: 0
I200512 13:58:06.923850 32 storage/engine/rocksdb.go:120            Options.writable_file_max_buffer_size: 1048576
I200512 13:58:06.923853 32 storage/engine/rocksdb.go:120              Options.delayed_write_rate : 16777216
I200512 13:58:06.923855 32 storage/engine/rocksdb.go:120              Options.max_total_wal_size: 0
I200512 13:58:06.923858 32 storage/engine/rocksdb.go:120              Options.delete_obsolete_files_period_micros: 21600000000
I200512 13:58:06.923862 32 storage/engine/rocksdb.go:120                    Options.stats_dump_period_sec: 0
I200512 13:58:06.923864 32 storage/engine/rocksdb.go:120                  Options.stats_persist_period_sec: 600
I200512 13:58:06.923867 32 storage/engine/rocksdb.go:120                  Options.stats_history_buffer_size: 1048576
I200512 13:58:06.923869 32 storage/engine/rocksdb.go:120                           Options.max_open_files: 128
I200512 13:58:06.923872 32 storage/engine/rocksdb.go:120                           Options.bytes_per_sync: 524288
I200512 13:58:06.923889 32 storage/engine/rocksdb.go:120                       Options.wal_bytes_per_sync: 0
I200512 13:58:06.923892 32 storage/engine/rocksdb.go:120                    Options.strict_bytes_per_sync: 1
I200512 13:58:06.923895 32 storage/engine/rocksdb.go:120        Options.compaction_readahead_size: 0
I200512 13:58:06.923897 32 storage/engine/rocksdb.go:120  Compression algorithms supported:
I200512 13:58:06.923901 32 storage/engine/rocksdb.go:120  	kZSTDNotFinalCompression supported: 0
I200512 13:58:06.923903 32 storage/engine/rocksdb.go:120  	kZSTD supported: 0
I200512 13:58:06.923906 32 storage/engine/rocksdb.go:120  	kXpressCompression supported: 0
I200512 13:58:06.923909 32 storage/engine/rocksdb.go:120  	kLZ4HCCompression supported: 0
I200512 13:58:06.923911 32 storage/engine/rocksdb.go:120  	kLZ4Compression supported: 0
I200512 13:58:06.923914 32 storage/engine/rocksdb.go:120  	kBZip2Compression supported: 0
I200512 13:58:06.923916 32 storage/engine/rocksdb.go:120  	kZlibCompression supported: 0
I200512 13:58:06.923919 32 storage/engine/rocksdb.go:120  	kSnappyCompression supported: 1
I200512 13:58:06.923927 32 storage/engine/rocksdb.go:120  Fast CRC32 supported: Supported on x86
I200512 13:58:06.925923 32 storage/engine/rocksdb.go:120  [db/db_impl_open.cc:242] Creating manifest 1 
I200512 13:58:06.941170 32 storage/engine/rocksdb.go:120  [db/version_set.cc:4072] Recovering from manifest file: /var/lib/cockroach/cockroach-temp846547432/MANIFEST-000001
I200512 13:58:06.943095 32 storage/engine/rocksdb.go:120  [db/column_family.cc:488] --------------- Options for column family [default]:
I200512 13:58:06.943102 32 storage/engine/rocksdb.go:120                Options.comparator: cockroach_comparator
I200512 13:58:06.943126 32 storage/engine/rocksdb.go:120            Options.merge_operator: cockroach_merge_operator
I200512 13:58:06.943133 32 storage/engine/rocksdb.go:120         Options.compaction_filter: None
I200512 13:58:06.943135 32 storage/engine/rocksdb.go:120         Options.compaction_filter_factory: None
I200512 13:58:06.943138 32 storage/engine/rocksdb.go:120          Options.memtable_factory: SkipListFactory
I200512 13:58:06.943141 32 storage/engine/rocksdb.go:120             Options.table_factory: BlockBasedTable
I200512 13:58:06.943186 32 storage/engine/rocksdb.go:120             table_factory options:   flush_block_policy_factory: FlushBlockBySizePolicyFactory (0x7f785e228030)
  cache_index_and_filter_blocks: 0
  cache_index_and_filter_blocks_with_high_priority: 0
  pin_l0_filter_and_index_blocks_in_cache: 0
  pin_top_level_index_and_filter: 1
  index_type: 0
  data_block_index_type: 0
  index_shortening: 1
  data_block_hash_table_util_ratio: 0.750000
  hash_index_allow_collision: 1
  checksum: 1
  no_block_cache: 0
  block_cache: 0x7f785e21c010
  block_cache_name: LRUCache
  block_cache_options:
    capacity : 1048576
    num_shard_bits : 4
    strict_capacity_limit : 0
    memory_allocator : None
    high_pri_pool_ratio: 0.000
  block_cache_compressed: (nil)
  persistent_cache: (nil)
  block_size: 32768
  block_size_deviation: 10
  block_restart_interval: 16
  index_block_restart_interval: 1
  metadata_block_size: 4096
  partition_filters: 0
  use_delta_encoding: 1
  filter_policy: rocksdb.BuiltinBloomFilter
  whole_key_filtering: 0
  verify_compression: 0
  read_amp_bytes_per_bit: 0
  format_version: 2
  enable_index_compression: 1
  block_align: 0
I200512 13:58:06.943191 32 storage/engine/rocksdb.go:120         Options.write_buffer_size: 67108864
I200512 13:58:06.943195 32 storage/engine/rocksdb.go:120   Options.max_write_buffer_number: 4
I200512 13:58:06.943199 32 storage/engine/rocksdb.go:120           Options.compression: Snappy
I200512 13:58:06.943201 32 storage/engine/rocksdb.go:120                   Options.bottommost_compression: Disabled
I200512 13:58:06.943204 32 storage/engine/rocksdb.go:120        Options.prefix_extractor: cockroach_prefix_extractor
I200512 13:58:06.943207 32 storage/engine/rocksdb.go:120    Options.memtable_insert_with_hint_prefix_extractor: nullptr
I200512 13:58:06.943210 32 storage/engine/rocksdb.go:120              Options.num_levels: 7
I200512 13:58:06.943212 32 storage/engine/rocksdb.go:120         Options.min_write_buffer_number_to_merge: 1
I200512 13:58:06.943215 32 storage/engine/rocksdb.go:120      Options.max_write_buffer_number_to_maintain: 0
I200512 13:58:06.943218 32 storage/engine/rocksdb.go:120             Options.bottommost_compression_opts.window_bits: -14
I200512 13:58:06.943220 32 storage/engine/rocksdb.go:120                   Options.bottommost_compression_opts.level: 32767
I200512 13:58:06.943233 32 storage/engine/rocksdb.go:120                Options.bottommost_compression_opts.strategy: 0
I200512 13:58:06.943236 32 storage/engine/rocksdb.go:120          Options.bottommost_compression_opts.max_dict_bytes: 0
I200512 13:58:06.943239 32 storage/engine/rocksdb.go:120          Options.bottommost_compression_opts.zstd_max_train_bytes: 0
I200512 13:58:06.943241 32 storage/engine/rocksdb.go:120                   Options.bottommost_compression_opts.enabled: false
I200512 13:58:06.943257 32 storage/engine/rocksdb.go:120             Options.compression_opts.window_bits: -14
I200512 13:58:06.943261 32 storage/engine/rocksdb.go:120                   Options.compression_opts.level: 32767
I200512 13:58:06.943264 32 storage/engine/rocksdb.go:120                Options.compression_opts.strategy: 0
I200512 13:58:06.943266 32 storage/engine/rocksdb.go:120          Options.compression_opts.max_dict_bytes: 0
I200512 13:58:06.943269 32 storage/engine/rocksdb.go:120          Options.compression_opts.zstd_max_train_bytes: 0
I200512 13:58:06.943271 32 storage/engine/rocksdb.go:120                   Options.compression_opts.enabled: false
I200512 13:58:06.943274 32 storage/engine/rocksdb.go:120       Options.level0_file_num_compaction_trigger: 2
I200512 13:58:06.943277 32 storage/engine/rocksdb.go:120           Options.level0_slowdown_writes_trigger: 950
I200512 13:58:06.943283 32 storage/engine/rocksdb.go:120               Options.level0_stop_writes_trigger: 1000
I200512 13:58:06.943285 32 storage/engine/rocksdb.go:120                    Options.target_file_size_base: 4194304
I200512 13:58:06.943288 32 storage/engine/rocksdb.go:120              Options.target_file_size_multiplier: 2
I200512 13:58:06.943290 32 storage/engine/rocksdb.go:120                 Options.max_bytes_for_level_base: 67108864
I200512 13:58:06.943293 32 storage/engine/rocksdb.go:120  Options.level_compaction_dynamic_level_bytes: 1
I200512 13:58:06.943296 32 storage/engine/rocksdb.go:120           Options.max_bytes_for_level_multiplier: 10.000000
I200512 13:58:06.943299 32 storage/engine/rocksdb.go:120  Options.max_bytes_for_level_multiplier_addtl[0]: 1
I200512 13:58:06.943302 32 storage/engine/rocksdb.go:120  Options.max_bytes_for_level_multiplier_addtl[1]: 1
I200512 13:58:06.943304 32 storage/engine/rocksdb.go:120  Options.max_bytes_for_level_multiplier_addtl[2]: 1
I200512 13:58:06.943307 32 storage/engine/rocksdb.go:120  Options.max_bytes_for_level_multiplier_addtl[3]: 1
I200512 13:58:06.943309 32 storage/engine/rocksdb.go:120  Options.max_bytes_for_level_multiplier_addtl[4]: 1
I200512 13:58:06.943312 32 storage/engine/rocksdb.go:120  Options.max_bytes_for_level_multiplier_addtl[5]: 1
I200512 13:58:06.943314 32 storage/engine/rocksdb.go:120  Options.max_bytes_for_level_multiplier_addtl[6]: 1
I200512 13:58:06.943317 32 storage/engine/rocksdb.go:120        Options.max_sequential_skip_in_iterations: 8
I200512 13:58:06.943320 32 storage/engine/rocksdb.go:120                     Options.max_compaction_bytes: 104857600
I200512 13:58:06.943322 32 storage/engine/rocksdb.go:120                         Options.arena_block_size: 8388608
I200512 13:58:06.943325 32 storage/engine/rocksdb.go:120    Options.soft_pending_compaction_bytes_limit: 2199023255552
I200512 13:58:06.943327 32 storage/engine/rocksdb.go:120    Options.hard_pending_compaction_bytes_limit: 4400193994752
I200512 13:58:06.943330 32 storage/engine/rocksdb.go:120        Options.rate_limit_delay_max_milliseconds: 100
I200512 13:58:06.943332 32 storage/engine/rocksdb.go:120                 Options.disable_auto_compactions: 0
I200512 13:58:06.943336 32 storage/engine/rocksdb.go:120                         Options.compaction_style: kCompactionStyleLevel
I200512 13:58:06.943339 32 storage/engine/rocksdb.go:120                           Options.compaction_pri: kMinOverlappingRatio
I200512 13:58:06.943342 32 storage/engine/rocksdb.go:120  Options.compaction_options_universal.size_ratio: 1
I200512 13:58:06.943344 32 storage/engine/rocksdb.go:120  Options.compaction_options_universal.min_merge_width: 2
I200512 13:58:06.943347 32 storage/engine/rocksdb.go:120  Options.compaction_options_universal.max_merge_width: 4294967295
I200512 13:58:06.943349 32 storage/engine/rocksdb.go:120  Options.compaction_options_universal.max_size_amplification_percent: 200
I200512 13:58:06.943352 32 storage/engine/rocksdb.go:120  Options.compaction_options_universal.compression_size_percent: -1
I200512 13:58:06.943355 32 storage/engine/rocksdb.go:120  Options.compaction_options_universal.stop_style: kCompactionStopStyleTotalSize
I200512 13:58:06.943358 32 storage/engine/rocksdb.go:120  Options.compaction_options_fifo.max_table_files_size: 1073741824
I200512 13:58:06.943360 32 storage/engine/rocksdb.go:120  Options.compaction_options_fifo.allow_compaction: 0
I200512 13:58:06.943364 32 storage/engine/rocksdb.go:120                    Options.table_properties_collectors: TimeBoundTblPropCollectorFactory; DeleteRangeTblPropCollectorFactory; 
I200512 13:58:06.943368 32 storage/engine/rocksdb.go:120                    Options.inplace_update_support: 0
I200512 13:58:06.943371 32 storage/engine/rocksdb.go:120                  Options.inplace_update_num_locks: 10000
I200512 13:58:06.943374 32 storage/engine/rocksdb.go:120                Options.memtable_prefix_bloom_size_ratio: 0.000000
I200512 13:58:06.943376 32 storage/engine/rocksdb.go:120                Options.memtable_whole_key_filtering: 0
I200512 13:58:06.943379 32 storage/engine/rocksdb.go:120    Options.memtable_huge_page_size: 0
I200512 13:58:06.943382 32 storage/engine/rocksdb.go:120                            Options.bloom_locality: 0
I200512 13:58:06.943384 32 storage/engine/rocksdb.go:120                     Options.max_successive_merges: 0
I200512 13:58:06.943387 32 storage/engine/rocksdb.go:120                 Options.optimize_filters_for_hits: 1
I200512 13:58:06.943389 32 storage/engine/rocksdb.go:120                 Options.paranoid_file_checks: 0
I200512 13:58:06.943392 32 storage/engine/rocksdb.go:120                 Options.force_consistency_checks: 0
I200512 13:58:06.943394 32 storage/engine/rocksdb.go:120                 Options.report_bg_io_stats: 0
I200512 13:58:06.943397 32 storage/engine/rocksdb.go:120                                Options.ttl: 0
I200512 13:58:06.943400 32 storage/engine/rocksdb.go:120           Options.periodic_compaction_seconds: 0
I200512 13:58:06.944466 32 storage/engine/rocksdb.go:120  [db/version_set.cc:4286] Recovered from manifest file:/var/lib/cockroach/cockroach-temp846547432/MANIFEST-000001 succeeded,manifest_file_number is 1, next_file_number is 3, last_sequence is 0, log_number is 0,prev_log_number is 0,max_column_family is 0,min_log_number_to_keep is 0
I200512 13:58:06.944472 32 storage/engine/rocksdb.go:120  [db/version_set.cc:4295] Column family [default] (ID 0), log number is 0
I200512 13:58:06.968114 32 storage/engine/rocksdb.go:120  DB pointer 0x7f785e2a4000
I200512 13:58:06.991006 32 storage/engine/rocksdb.go:120  RocksDB version: 6.2.1
I200512 13:58:06.991014 32 storage/engine/rocksdb.go:120  Git sha rocksdb_build_git_sha:@b7009236531fa784872f4823eabf393501e41bf2@
I200512 13:58:06.991018 32 storage/engine/rocksdb.go:120  Compile date Mar 16 2020
I200512 13:58:06.991021 32 storage/engine/rocksdb.go:120  DB SUMMARY
I200512 13:58:06.992142 32 storage/engine/rocksdb.go:120  CURRENT file:  CURRENT
I200512 13:58:06.992152 32 storage/engine/rocksdb.go:120  IDENTITY file:  IDENTITY
I200512 13:58:06.992626 32 storage/engine/rocksdb.go:120  MANIFEST file:  MANIFEST-000144 size: 669 Bytes
I200512 13:58:06.992632 32 storage/engine/rocksdb.go:120  SST files in /var/lib/cockroach dir, Total Num: 2, files: 000148.sst 000149.sst 
I200512 13:58:06.992635 32 storage/engine/rocksdb.go:120  Write Ahead Log file in /var/lib/cockroach: 000145.log size: 691163 ; 
I200512 13:58:06.992639 32 storage/engine/rocksdb.go:120                          Options.error_if_exists: 0
I200512 13:58:06.992641 32 storage/engine/rocksdb.go:120                        Options.create_if_missing: 1
I200512 13:58:06.992644 32 storage/engine/rocksdb.go:120                          Options.paranoid_checks: 1
I200512 13:58:06.992646 32 storage/engine/rocksdb.go:120                                      Options.env: 0x75757a0
I200512 13:58:06.992649 32 storage/engine/rocksdb.go:120                                 Options.info_log: 0x7f786160dce0
I200512 13:58:06.992652 32 storage/engine/rocksdb.go:120                 Options.max_file_opening_threads: 16
I200512 13:58:06.992654 32 storage/engine/rocksdb.go:120                               Options.statistics: 0x7f7861625010
I200512 13:58:06.992657 32 storage/engine/rocksdb.go:120                                Options.use_fsync: 0
I200512 13:58:06.992660 32 storage/engine/rocksdb.go:120                        Options.max_log_file_size: 0
I200512 13:58:06.992662 32 storage/engine/rocksdb.go:120                   Options.max_manifest_file_size: 134217728
I200512 13:58:06.992665 32 storage/engine/rocksdb.go:120                    Options.log_file_time_to_roll: 0
I200512 13:58:06.992668 32 storage/engine/rocksdb.go:120                        Options.keep_log_file_num: 1000
I200512 13:58:06.992670 32 storage/engine/rocksdb.go:120                     Options.recycle_log_file_num: 1
I200512 13:58:06.992673 32 storage/engine/rocksdb.go:120                          Options.allow_fallocate: 1
I200512 13:58:06.992675 32 storage/engine/rocksdb.go:120                         Options.allow_mmap_reads: 0
I200512 13:58:06.992678 32 storage/engine/rocksdb.go:120                        Options.allow_mmap_writes: 0
I200512 13:58:06.992681 32 storage/engine/rocksdb.go:120                         Options.use_direct_reads: 0
I200512 13:58:06.992693 32 storage/engine/rocksdb.go:120                         Options.use_direct_io_for_flush_and_compaction: 0
I200512 13:58:06.992696 32 storage/engine/rocksdb.go:120           Options.create_missing_column_families: 0
I200512 13:58:06.992698 32 storage/engine/rocksdb.go:120                               Options.db_log_dir: 
I200512 13:58:06.992701 32 storage/engine/rocksdb.go:120                                  Options.wal_dir: /var/lib/cockroach
I200512 13:58:06.992704 32 storage/engine/rocksdb.go:120                 Options.table_cache_numshardbits: 6
I200512 13:58:06.992707 32 storage/engine/rocksdb.go:120                       Options.max_subcompactions: 1
I200512 13:58:06.992709 32 storage/engine/rocksdb.go:120                   Options.max_background_flushes: -1
I200512 13:58:06.992712 32 storage/engine/rocksdb.go:120                          Options.WAL_ttl_seconds: 0
I200512 13:58:06.992714 32 storage/engine/rocksdb.go:120                        Options.WAL_size_limit_MB: 0
I200512 13:58:06.992717 32 storage/engine/rocksdb.go:120              Options.manifest_preallocation_size: 4194304
I200512 13:58:06.992719 32 storage/engine/rocksdb.go:120                      Options.is_fd_close_on_exec: 1
I200512 13:58:06.992722 32 storage/engine/rocksdb.go:120                    Options.advise_random_on_open: 1
I200512 13:58:06.992725 32 storage/engine/rocksdb.go:120                     Options.db_write_buffer_size: 0
I200512 13:58:06.992727 32 storage/engine/rocksdb.go:120                     Options.write_buffer_manager: 0x7f786168d030
I200512 13:58:06.992730 32 storage/engine/rocksdb.go:120          Options.access_hint_on_compaction_start: 1
I200512 13:58:06.992732 32 storage/engine/rocksdb.go:120   Options.new_table_reader_for_compaction_inputs: 0
I200512 13:58:06.992735 32 storage/engine/rocksdb.go:120            Options.random_access_max_buffer_size: 1048576
I200512 13:58:06.992737 32 storage/engine/rocksdb.go:120                       Options.use_adaptive_mutex: 0
I200512 13:58:06.992740 32 storage/engine/rocksdb.go:120                             Options.rate_limiter: (nil)
I200512 13:58:06.992758 32 storage/engine/rocksdb.go:120      Options.sst_file_manager.rate_bytes_per_sec: 0
I200512 13:58:06.992761 32 storage/engine/rocksdb.go:120                        Options.wal_recovery_mode: 0
I200512 13:58:06.992764 32 storage/engine/rocksdb.go:120                   Options.enable_thread_tracking: 0
I200512 13:58:06.992766 32 storage/engine/rocksdb.go:120                   Options.enable_pipelined_write: 0
I200512 13:58:06.992769 32 storage/engine/rocksdb.go:120          Options.allow_concurrent_memtable_write: 1
I200512 13:58:06.992772 32 storage/engine/rocksdb.go:120       Options.enable_write_thread_adaptive_yield: 1
I200512 13:58:06.992774 32 storage/engine/rocksdb.go:120              Options.write_thread_max_yield_usec: 100
I200512 13:58:06.992777 32 storage/engine/rocksdb.go:120             Options.write_thread_slow_yield_usec: 3
I200512 13:58:06.992779 32 storage/engine/rocksdb.go:120                                Options.row_cache: None
I200512 13:58:06.992782 32 storage/engine/rocksdb.go:120                               Options.wal_filter: None
I200512 13:58:06.992784 32 storage/engine/rocksdb.go:120              Options.avoid_flush_during_recovery: 0
I200512 13:58:06.992787 32 storage/engine/rocksdb.go:120              Options.allow_ingest_behind: 0
I200512 13:58:06.992789 32 storage/engine/rocksdb.go:120              Options.preserve_deletes: 0
I200512 13:58:06.992792 32 storage/engine/rocksdb.go:120              Options.two_write_queues: 0
I200512 13:58:06.992794 32 storage/engine/rocksdb.go:120              Options.manual_wal_flush: 1
I200512 13:58:06.992797 32 storage/engine/rocksdb.go:120              Options.atomic_flush: 0
I200512 13:58:06.992800 32 storage/engine/rocksdb.go:120              Options.avoid_unnecessary_blocking_io: 0
I200512 13:58:06.992833 32 storage/engine/rocksdb.go:120              Options.max_background_jobs: 2
I200512 13:58:06.992840 32 storage/engine/rocksdb.go:120              Options.max_background_compactions: -1
I200512 13:58:06.992842 32 storage/engine/rocksdb.go:120              Options.avoid_flush_during_shutdown: 0
I200512 13:58:06.992845 32 storage/engine/rocksdb.go:120            Options.writable_file_max_buffer_size: 1048576
I200512 13:58:06.992848 32 storage/engine/rocksdb.go:120              Options.delayed_write_rate : 16777216
I200512 13:58:06.992850 32 storage/engine/rocksdb.go:120              Options.max_total_wal_size: 0
I200512 13:58:06.992853 32 storage/engine/rocksdb.go:120              Options.delete_obsolete_files_period_micros: 21600000000
I200512 13:58:06.992856 32 storage/engine/rocksdb.go:120                    Options.stats_dump_period_sec: 0
I200512 13:58:06.992858 32 storage/engine/rocksdb.go:120                  Options.stats_persist_period_sec: 600
I200512 13:58:06.992861 32 storage/engine/rocksdb.go:120                  Options.stats_history_buffer_size: 1048576
I200512 13:58:06.992863 32 storage/engine/rocksdb.go:120                           Options.max_open_files: 1043576
I200512 13:58:06.992866 32 storage/engine/rocksdb.go:120                           Options.bytes_per_sync: 524288
I200512 13:58:06.992869 32 storage/engine/rocksdb.go:120                       Options.wal_bytes_per_sync: 0
I200512 13:58:06.992871 32 storage/engine/rocksdb.go:120                    Options.strict_bytes_per_sync: 1
I200512 13:58:06.992874 32 storage/engine/rocksdb.go:120        Options.compaction_readahead_size: 0
I200512 13:58:06.992876 32 storage/engine/rocksdb.go:120  Compression algorithms supported:
I200512 13:58:06.992879 32 storage/engine/rocksdb.go:120  	kZSTDNotFinalCompression supported: 0
I200512 13:58:06.992882 32 storage/engine/rocksdb.go:120  	kZSTD supported: 0
I200512 13:58:06.992885 32 storage/engine/rocksdb.go:120  	kXpressCompression supported: 0
I200512 13:58:06.992888 32 storage/engine/rocksdb.go:120  	kLZ4HCCompression supported: 0
I200512 13:58:06.992891 32 storage/engine/rocksdb.go:120  	kLZ4Compression supported: 0
I200512 13:58:06.992894 32 storage/engine/rocksdb.go:120  	kBZip2Compression supported: 0
I200512 13:58:06.992896 32 storage/engine/rocksdb.go:120  	kZlibCompression supported: 0
I200512 13:58:06.992899 32 storage/engine/rocksdb.go:120  	kSnappyCompression supported: 1
I200512 13:58:06.992905 32 storage/engine/rocksdb.go:120  Fast CRC32 supported: Supported on x86
I200512 13:58:06.995194 32 storage/engine/rocksdb.go:120  [db/version_set.cc:4072] Recovering from manifest file: /var/lib/cockroach/MANIFEST-000144
I200512 13:58:06.995686 32 storage/engine/rocksdb.go:120  [db/column_family.cc:488] --------------- Options for column family [default]:
I200512 13:58:06.995692 32 storage/engine/rocksdb.go:120                Options.comparator: cockroach_comparator
I200512 13:58:06.995695 32 storage/engine/rocksdb.go:120            Options.merge_operator: cockroach_merge_operator
I200512 13:58:06.995698 32 storage/engine/rocksdb.go:120         Options.compaction_filter: None
I200512 13:58:06.995700 32 storage/engine/rocksdb.go:120         Options.compaction_filter_factory: None
I200512 13:58:06.995703 32 storage/engine/rocksdb.go:120          Options.memtable_factory: SkipListFactory
I200512 13:58:06.995706 32 storage/engine/rocksdb.go:120             Options.table_factory: BlockBasedTable
I200512 13:58:06.995725 32 storage/engine/rocksdb.go:120             table_factory options:   flush_block_policy_factory: FlushBlockBySizePolicyFactory (0x7f7861623028)
  cache_index_and_filter_blocks: 0
  cache_index_and_filter_blocks_with_high_priority: 0
  pin_l0_filter_and_index_blocks_in_cache: 0
  pin_top_level_index_and_filter: 1
  index_type: 0
  data_block_index_type: 0
  index_shortening: 1
  data_block_hash_table_util_ratio: 0.750000
  hash_index_allow_collision: 1
  checksum: 1
  no_block_cache: 0
  block_cache: 0x7f7861614010
  block_cache_name: LRUCache
  block_cache_options:
    capacity : 67108864
    num_shard_bits : 4
    strict_capacity_limit : 0
    memory_allocator : None
    high_pri_pool_ratio: 0.000
  block_cache_compressed: (nil)
  persistent_cache: (nil)
  block_size: 32768
  block_size_deviation: 10
  block_restart_interval: 16
  index_block_restart_interval: 1
  metadata_block_size: 4096
  partition_filters: 0
  use_delta_encoding: 1
  filter_policy: rocksdb.BuiltinBloomFilter
  whole_key_filtering: 0
  verify_compression: 0
  read_amp_bytes_per_bit: 0
  format_version: 2
  enable_index_compression: 1
  block_align: 0
I200512 13:58:06.995729 32 storage/engine/rocksdb.go:120         Options.write_buffer_size: 67108864
I200512 13:58:06.995733 32 storage/engine/rocksdb.go:120   Options.max_write_buffer_number: 4
I200512 13:58:06.995736 32 storage/engine/rocksdb.go:120           Options.compression: Snappy
I200512 13:58:06.995739 32 storage/engine/rocksdb.go:120                   Options.bottommost_compression: Disabled
I200512 13:58:06.995755 32 storage/engine/rocksdb.go:120        Options.prefix_extractor: cockroach_prefix_extractor
I200512 13:58:06.995760 32 storage/engine/rocksdb.go:120    Options.memtable_insert_with_hint_prefix_extractor: nullptr
I200512 13:58:06.995763 32 storage/engine/rocksdb.go:120              Options.num_levels: 7
I200512 13:58:06.995765 32 storage/engine/rocksdb.go:120         Options.min_write_buffer_number_to_merge: 1
I200512 13:58:06.995768 32 storage/engine/rocksdb.go:120      Options.max_write_buffer_number_to_maintain: 0
I200512 13:58:06.995771 32 storage/engine/rocksdb.go:120             Options.bottommost_compression_opts.window_bits: -14
I200512 13:58:06.995773 32 storage/engine/rocksdb.go:120                   Options.bottommost_compression_opts.level: 32767
I200512 13:58:06.995776 32 storage/engine/rocksdb.go:120                Options.bottommost_compression_opts.strategy: 0
I200512 13:58:06.995787 32 storage/engine/rocksdb.go:120          Options.bottommost_compression_opts.max_dict_bytes: 0
I200512 13:58:06.995789 32 storage/engine/rocksdb.go:120          Options.bottommost_compression_opts.zstd_max_train_bytes: 0
I200512 13:58:06.995792 32 storage/engine/rocksdb.go:120                   Options.bottommost_compression_opts.enabled: false
I200512 13:58:06.995795 32 storage/engine/rocksdb.go:120             Options.compression_opts.window_bits: -14
I200512 13:58:06.995797 32 storage/engine/rocksdb.go:120                   Options.compression_opts.level: 32767
I200512 13:58:06.995800 32 storage/engine/rocksdb.go:120                Options.compression_opts.strategy: 0
I200512 13:58:06.995802 32 storage/engine/rocksdb.go:120          Options.compression_opts.max_dict_bytes: 0
I200512 13:58:06.995805 32 storage/engine/rocksdb.go:120          Options.compression_opts.zstd_max_train_bytes: 0
I200512 13:58:06.995807 32 storage/engine/rocksdb.go:120                   Options.compression_opts.enabled: false
I200512 13:58:06.995810 32 storage/engine/rocksdb.go:120       Options.level0_file_num_compaction_trigger: 2
I200512 13:58:06.995813 32 storage/engine/rocksdb.go:120           Options.level0_slowdown_writes_trigger: 950
I200512 13:58:06.995815 32 storage/engine/rocksdb.go:120               Options.level0_stop_writes_trigger: 1000
I200512 13:58:06.995818 32 storage/engine/rocksdb.go:120                    Options.target_file_size_base: 4194304
I200512 13:58:06.995821 32 storage/engine/rocksdb.go:120              Options.target_file_size_multiplier: 2
I200512 13:58:06.995823 32 storage/engine/rocksdb.go:120                 Options.max_bytes_for_level_base: 67108864
I200512 13:58:06.995826 32 storage/engine/rocksdb.go:120  Options.level_compaction_dynamic_level_bytes: 1
I200512 13:58:06.995830 32 storage/engine/rocksdb.go:120           Options.max_bytes_for_level_multiplier: 10.000000
I200512 13:58:06.995832 32 storage/engine/rocksdb.go:120  Options.max_bytes_for_level_multiplier_addtl[0]: 1
I200512 13:58:06.995835 32 storage/engine/rocksdb.go:120  Options.max_bytes_for_level_multiplier_addtl[1]: 1
I200512 13:58:06.995838 32 storage/engine/rocksdb.go:120  Options.max_bytes_for_level_multiplier_addtl[2]: 1
I200512 13:58:06.995840 32 storage/engine/rocksdb.go:120  Options.max_bytes_for_level_multiplier_addtl[3]: 1
I200512 13:58:06.995843 32 storage/engine/rocksdb.go:120  Options.max_bytes_for_level_multiplier_addtl[4]: 1
I200512 13:58:06.995845 32 storage/engine/rocksdb.go:120  Options.max_bytes_for_level_multiplier_addtl[5]: 1
I200512 13:58:06.995848 32 storage/engine/rocksdb.go:120  Options.max_bytes_for_level_multiplier_addtl[6]: 1
I200512 13:58:06.995850 32 storage/engine/rocksdb.go:120        Options.max_sequential_skip_in_iterations: 8
I200512 13:58:06.995853 32 storage/engine/rocksdb.go:120                     Options.max_compaction_bytes: 104857600
I200512 13:58:06.995856 32 storage/engine/rocksdb.go:120                         Options.arena_block_size: 8388608
I200512 13:58:06.995858 32 storage/engine/rocksdb.go:120    Options.soft_pending_compaction_bytes_limit: 2199023255552
I200512 13:58:06.995861 32 storage/engine/rocksdb.go:120    Options.hard_pending_compaction_bytes_limit: 4400193994752
I200512 13:58:06.995863 32 storage/engine/rocksdb.go:120        Options.rate_limit_delay_max_milliseconds: 100
I200512 13:58:06.995866 32 storage/engine/rocksdb.go:120                 Options.disable_auto_compactions: 0
I200512 13:58:06.995870 32 storage/engine/rocksdb.go:120                         Options.compaction_style: kCompactionStyleLevel
I200512 13:58:06.995872 32 storage/engine/rocksdb.go:120                           Options.compaction_pri: kMinOverlappingRatio
I200512 13:58:06.995875 32 storage/engine/rocksdb.go:120  Options.compaction_options_universal.size_ratio: 1
I200512 13:58:06.995877 32 storage/engine/rocksdb.go:120  Options.compaction_options_universal.min_merge_width: 2
I200512 13:58:06.995880 32 storage/engine/rocksdb.go:120  Options.compaction_options_universal.max_merge_width: 4294967295
I200512 13:58:06.995883 32 storage/engine/rocksdb.go:120  Options.compaction_options_universal.max_size_amplification_percent: 200
I200512 13:58:06.995885 32 storage/engine/rocksdb.go:120  Options.compaction_options_universal.compression_size_percent: -1
I200512 13:58:06.995888 32 storage/engine/rocksdb.go:120  Options.compaction_options_universal.stop_style: kCompactionStopStyleTotalSize
I200512 13:58:06.995890 32 storage/engine/rocksdb.go:120  Options.compaction_options_fifo.max_table_files_size: 1073741824
I200512 13:58:06.995893 32 storage/engine/rocksdb.go:120  Options.compaction_options_fifo.allow_compaction: 0
I200512 13:58:06.995897 32 storage/engine/rocksdb.go:120                    Options.table_properties_collectors: TimeBoundTblPropCollectorFactory; DeleteRangeTblPropCollectorFactory; 
I200512 13:58:06.995900 32 storage/engine/rocksdb.go:120                    Options.inplace_update_support: 0
I200512 13:58:06.995903 32 storage/engine/rocksdb.go:120                  Options.inplace_update_num_locks: 10000
I200512 13:58:06.995906 32 storage/engine/rocksdb.go:120                Options.memtable_prefix_bloom_size_ratio: 0.000000
I200512 13:58:06.995908 32 storage/engine/rocksdb.go:120                Options.memtable_whole_key_filtering: 0
I200512 13:58:06.995914 32 storage/engine/rocksdb.go:120    Options.memtable_huge_page_size: 0
I200512 13:58:06.995916 32 storage/engine/rocksdb.go:120                            Options.bloom_locality: 0
I200512 13:58:06.995919 32 storage/engine/rocksdb.go:120                     Options.max_successive_merges: 0
I200512 13:58:06.995922 32 storage/engine/rocksdb.go:120                 Options.optimize_filters_for_hits: 1
I200512 13:58:06.995924 32 storage/engine/rocksdb.go:120                 Options.paranoid_file_checks: 0
I200512 13:58:06.995927 32 storage/engine/rocksdb.go:120                 Options.force_consistency_checks: 0
I200512 13:58:06.995930 32 storage/engine/rocksdb.go:120                 Options.report_bg_io_stats: 0
I200512 13:58:06.995932 32 storage/engine/rocksdb.go:120                                Options.ttl: 0
I200512 13:58:06.995935 32 storage/engine/rocksdb.go:120           Options.periodic_compaction_seconds: 0
I200512 13:58:07.002296 32 storage/engine/rocksdb.go:120  [db/version_set.cc:3086] More existing levels in DB than needed. max_bytes_for_level_multiplier may not be guaranteed.
I200512 13:58:07.002337 32 storage/engine/rocksdb.go:120  [db/version_set.cc:4286] Recovered from manifest file:/var/lib/cockroach/MANIFEST-000144 succeeded,manifest_file_number is 144, next_file_number is 151, last_sequence is 4413421, log_number is 143,prev_log_number is 0,max_column_family is 0,min_log_number_to_keep is 0
I200512 13:58:07.002342 32 storage/engine/rocksdb.go:120  [db/version_set.cc:4295] Column family [default] (ID 0), log number is 143
I200512 13:58:07.005179 32 storage/engine/rocksdb.go:120  EVENT_LOG_v1 {"time_micros": 1589291887005152, "job": 1, "event": "recovery_started", "log_files": [145]}
I200512 13:58:07.005190 32 storage/engine/rocksdb.go:120  [db/db_impl_open.cc:598] Recovering log #145 mode 0
I200512 13:58:07.031113 32 storage/engine/rocksdb.go:120  EVENT_LOG_v1 {"time_micros": 1589291887031075, "cf_name": "default", "job": 1, "event": "table_file_creation", "file_number": 151, "file_size": 47481, "table_properties": {"data_size": 44897, "index_size": 280, "index_partitions": 0, "top_level_index_size": 0, "index_key_is_user_key": 0, "index_value_is_delta_encoded": 0, "filter_size": 1349, "raw_key_size": 47824, "raw_average_key_size": 43, "raw_value_size": 124611, "raw_average_value_size": 114, "num_data_blocks": 5, "num_entries": 1090, "num_deletions": 144, "num_merge_operands": 664, "num_range_deletions": 664, "format_version": 0, "fixed_key_len": 0, "filter_policy": "rocksdb.BuiltinBloomFilter", "column_family_name": "default", "column_family_id": 0, "comparator": "cockroach_comparator", "merge_operator": "cockroach_merge_operator", "prefix_extractor_name": "cockroach_prefix_extractor", "property_collectors": "[TimeBoundTblPropCollectorFactory,DeleteRangeTblPropCollectorFactory]", "compression": "Snappy", "compression_options": "window_bits=-14; level=32767; strategy=0; max_dict_bytes=0; zstd_max_train_bytes=0; enabled=0; ", "creation_time": 1589291887, "oldest_key_time": 3, "file_creation_time": 0}}
I200512 13:58:07.031355 32 storage/engine/rocksdb.go:120  [db/version_set.cc:3560] Creating manifest 152
I200512 13:58:07.034815 32 storage/engine/rocksdb.go:120  [db/version_set.cc:3086] More existing levels in DB than needed. max_bytes_for_level_multiplier may not be guaranteed.
I200512 13:58:07.044732 32 storage/engine/rocksdb.go:120  EVENT_LOG_v1 {"time_micros": 1589291887044705, "job": 1, "event": "recovery_finished"}
I200512 13:58:07.084168 32 storage/engine/rocksdb.go:120  DB pointer 0x7f786169f000
