I200512 13:57:33.362009 32 util/log/clog.go:1196  [config] file created at: 2020/05/12 13:57:33
I200512 13:57:33.362009 32 util/log/clog.go:1196  [config] running on machine: fbcaf7db951b
I200512 13:57:33.362009 32 util/log/clog.go:1196  [config] binary: CockroachDB CCL v19.2.5 (x86_64-unknown-linux-gnu, built 2020/03/16 18:27:12, go1.12.12)
I200512 13:57:33.362009 32 util/log/clog.go:1196  [config] arguments: [/cockroach/cockroach start --insecure --store=attrs=ssd,path=/var/lib/cockroach/]
I200512 13:57:33.362009 32 util/log/clog.go:1196  line format: [IWEF]yymmdd hh:mm:ss.uuuuuu goid file:line msg utf8=✓
I200512 13:57:33.362008 32 storage/engine/rocksdb.go:120  RocksDB version: 6.2.1
I200512 13:57:33.368156 32 storage/engine/rocksdb.go:120  Git sha rocksdb_build_git_sha:@b7009236531fa784872f4823eabf393501e41bf2@
I200512 13:57:33.368159 32 storage/engine/rocksdb.go:120  Compile date Mar 16 2020
I200512 13:57:33.368162 32 storage/engine/rocksdb.go:120  DB SUMMARY
I200512 13:57:33.368627 32 storage/engine/rocksdb.go:120  SST files in /var/lib/cockroach/cockroach-temp006495494 dir, Total Num: 0, files: 
I200512 13:57:33.382543 32 storage/engine/rocksdb.go:120  Write Ahead Log file in /var/lib/cockroach/cockroach-temp006495494: 
I200512 13:57:33.382548 32 storage/engine/rocksdb.go:120                          Options.error_if_exists: 0
I200512 13:57:33.382551 32 storage/engine/rocksdb.go:120                        Options.create_if_missing: 1
I200512 13:57:33.382554 32 storage/engine/rocksdb.go:120                          Options.paranoid_checks: 1
I200512 13:57:33.382557 32 storage/engine/rocksdb.go:120                                      Options.env: 0x75757a0
I200512 13:57:33.382560 32 storage/engine/rocksdb.go:120                                 Options.info_log: 0x7f8786687f60
I200512 13:57:33.382563 32 storage/engine/rocksdb.go:120                 Options.max_file_opening_threads: 16
I200512 13:57:33.382566 32 storage/engine/rocksdb.go:120                               Options.statistics: 0x7f878661d8d0
I200512 13:57:33.382569 32 storage/engine/rocksdb.go:120                                Options.use_fsync: 0
I200512 13:57:33.382571 32 storage/engine/rocksdb.go:120                        Options.max_log_file_size: 0
I200512 13:57:33.382574 32 storage/engine/rocksdb.go:120                   Options.max_manifest_file_size: 134217728
I200512 13:57:33.382577 32 storage/engine/rocksdb.go:120                    Options.log_file_time_to_roll: 0
I200512 13:57:33.382579 32 storage/engine/rocksdb.go:120                        Options.keep_log_file_num: 1000
I200512 13:57:33.382582 32 storage/engine/rocksdb.go:120                     Options.recycle_log_file_num: 1
I200512 13:57:33.382584 32 storage/engine/rocksdb.go:120                          Options.allow_fallocate: 1
I200512 13:57:33.382587 32 storage/engine/rocksdb.go:120                         Options.allow_mmap_reads: 0
I200512 13:57:33.382590 32 storage/engine/rocksdb.go:120                        Options.allow_mmap_writes: 0
I200512 13:57:33.382593 32 storage/engine/rocksdb.go:120                         Options.use_direct_reads: 0
I200512 13:57:33.382595 32 storage/engine/rocksdb.go:120                         Options.use_direct_io_for_flush_and_compaction: 0
I200512 13:57:33.382598 32 storage/engine/rocksdb.go:120           Options.create_missing_column_families: 0
I200512 13:57:33.382601 32 storage/engine/rocksdb.go:120                               Options.db_log_dir: 
I200512 13:57:33.382604 32 storage/engine/rocksdb.go:120                                  Options.wal_dir: /var/lib/cockroach/cockroach-temp006495494
I200512 13:57:33.382607 32 storage/engine/rocksdb.go:120                 Options.table_cache_numshardbits: 6
I200512 13:57:33.382610 32 storage/engine/rocksdb.go:120                       Options.max_subcompactions: 1
I200512 13:57:33.382613 32 storage/engine/rocksdb.go:120                   Options.max_background_flushes: -1
I200512 13:57:33.382615 32 storage/engine/rocksdb.go:120                          Options.WAL_ttl_seconds: 0
I200512 13:57:33.382618 32 storage/engine/rocksdb.go:120                        Options.WAL_size_limit_MB: 0
I200512 13:57:33.382621 32 storage/engine/rocksdb.go:120              Options.manifest_preallocation_size: 4194304
I200512 13:57:33.382623 32 storage/engine/rocksdb.go:120                      Options.is_fd_close_on_exec: 1
I200512 13:57:33.382626 32 storage/engine/rocksdb.go:120                    Options.advise_random_on_open: 1
I200512 13:57:33.382628 32 storage/engine/rocksdb.go:120                     Options.db_write_buffer_size: 0
I200512 13:57:33.382631 32 storage/engine/rocksdb.go:120                     Options.write_buffer_manager: 0x7f8786660d70
I200512 13:57:33.382633 32 storage/engine/rocksdb.go:120          Options.access_hint_on_compaction_start: 1
I200512 13:57:33.382636 32 storage/engine/rocksdb.go:120   Options.new_table_reader_for_compaction_inputs: 0
I200512 13:57:33.382638 32 storage/engine/rocksdb.go:120            Options.random_access_max_buffer_size: 1048576
I200512 13:57:33.382641 32 storage/engine/rocksdb.go:120                       Options.use_adaptive_mutex: 0
I200512 13:57:33.382644 32 storage/engine/rocksdb.go:120                             Options.rate_limiter: (nil)
I200512 13:57:33.382647 32 storage/engine/rocksdb.go:120      Options.sst_file_manager.rate_bytes_per_sec: 0
I200512 13:57:33.382650 32 storage/engine/rocksdb.go:120                        Options.wal_recovery_mode: 0
I200512 13:57:33.382652 32 storage/engine/rocksdb.go:120                   Options.enable_thread_tracking: 0
I200512 13:57:33.382655 32 storage/engine/rocksdb.go:120                   Options.enable_pipelined_write: 0
I200512 13:57:33.382658 32 storage/engine/rocksdb.go:120          Options.allow_concurrent_memtable_write: 1
I200512 13:57:33.382660 32 storage/engine/rocksdb.go:120       Options.enable_write_thread_adaptive_yield: 1
I200512 13:57:33.382663 32 storage/engine/rocksdb.go:120              Options.write_thread_max_yield_usec: 100
I200512 13:57:33.382665 32 storage/engine/rocksdb.go:120             Options.write_thread_slow_yield_usec: 3
I200512 13:57:33.382668 32 storage/engine/rocksdb.go:120                                Options.row_cache: None
I200512 13:57:33.382671 32 storage/engine/rocksdb.go:120                               Options.wal_filter: None
I200512 13:57:33.382673 32 storage/engine/rocksdb.go:120              Options.avoid_flush_during_recovery: 0
I200512 13:57:33.382676 32 storage/engine/rocksdb.go:120              Options.allow_ingest_behind: 0
I200512 13:57:33.382678 32 storage/engine/rocksdb.go:120              Options.preserve_deletes: 0
I200512 13:57:33.382681 32 storage/engine/rocksdb.go:120              Options.two_write_queues: 0
I200512 13:57:33.382684 32 storage/engine/rocksdb.go:120              Options.manual_wal_flush: 1
I200512 13:57:33.382686 32 storage/engine/rocksdb.go:120              Options.atomic_flush: 0
I200512 13:57:33.382689 32 storage/engine/rocksdb.go:120              Options.avoid_unnecessary_blocking_io: 0
I200512 13:57:33.382691 32 storage/engine/rocksdb.go:120              Options.max_background_jobs: 2
I200512 13:57:33.382694 32 storage/engine/rocksdb.go:120              Options.max_background_compactions: -1
I200512 13:57:33.382696 32 storage/engine/rocksdb.go:120              Options.avoid_flush_during_shutdown: 0
I200512 13:57:33.382699 32 storage/engine/rocksdb.go:120            Options.writable_file_max_buffer_size: 1048576
I200512 13:57:33.382701 32 storage/engine/rocksdb.go:120              Options.delayed_write_rate : 16777216
I200512 13:57:33.382704 32 storage/engine/rocksdb.go:120              Options.max_total_wal_size: 0
I200512 13:57:33.382706 32 storage/engine/rocksdb.go:120              Options.delete_obsolete_files_period_micros: 21600000000
I200512 13:57:33.382709 32 storage/engine/rocksdb.go:120                    Options.stats_dump_period_sec: 0
I200512 13:57:33.382712 32 storage/engine/rocksdb.go:120                  Options.stats_persist_period_sec: 600
I200512 13:57:33.382714 32 storage/engine/rocksdb.go:120                  Options.stats_history_buffer_size: 1048576
I200512 13:57:33.382717 32 storage/engine/rocksdb.go:120                           Options.max_open_files: 128
I200512 13:57:33.382721 32 storage/engine/rocksdb.go:120                           Options.bytes_per_sync: 524288
I200512 13:57:33.382723 32 storage/engine/rocksdb.go:120                       Options.wal_bytes_per_sync: 0
I200512 13:57:33.382726 32 storage/engine/rocksdb.go:120                    Options.strict_bytes_per_sync: 1
I200512 13:57:33.382729 32 storage/engine/rocksdb.go:120        Options.compaction_readahead_size: 0
I200512 13:57:33.382731 32 storage/engine/rocksdb.go:120  Compression algorithms supported:
I200512 13:57:33.382735 32 storage/engine/rocksdb.go:120  	kZSTDNotFinalCompression supported: 0
I200512 13:57:33.382737 32 storage/engine/rocksdb.go:120  	kZSTD supported: 0
I200512 13:57:33.382740 32 storage/engine/rocksdb.go:120  	kXpressCompression supported: 0
I200512 13:57:33.382743 32 storage/engine/rocksdb.go:120  	kLZ4HCCompression supported: 0
I200512 13:57:33.382745 32 storage/engine/rocksdb.go:120  	kLZ4Compression supported: 0
I200512 13:57:33.382748 32 storage/engine/rocksdb.go:120  	kBZip2Compression supported: 0
I200512 13:57:33.382751 32 storage/engine/rocksdb.go:120  	kZlibCompression supported: 0
I200512 13:57:33.382753 32 storage/engine/rocksdb.go:120  	kSnappyCompression supported: 1
I200512 13:57:33.382761 32 storage/engine/rocksdb.go:120  Fast CRC32 supported: Supported on x86
I200512 13:57:33.384221 32 storage/engine/rocksdb.go:120  [db/db_impl_open.cc:242] Creating manifest 1 
I200512 13:57:33.400634 32 storage/engine/rocksdb.go:120  [db/version_set.cc:4072] Recovering from manifest file: /var/lib/cockroach/cockroach-temp006495494/MANIFEST-000001
I200512 13:57:33.401935 32 storage/engine/rocksdb.go:120  [db/column_family.cc:488] --------------- Options for column family [default]:
I200512 13:57:33.401943 32 storage/engine/rocksdb.go:120                Options.comparator: cockroach_comparator
I200512 13:57:33.401953 32 storage/engine/rocksdb.go:120            Options.merge_operator: cockroach_merge_operator
I200512 13:57:33.401956 32 storage/engine/rocksdb.go:120         Options.compaction_filter: None
I200512 13:57:33.401959 32 storage/engine/rocksdb.go:120         Options.compaction_filter_factory: None
I200512 13:57:33.401962 32 storage/engine/rocksdb.go:120          Options.memtable_factory: SkipListFactory
I200512 13:57:33.401964 32 storage/engine/rocksdb.go:120             Options.table_factory: BlockBasedTable
I200512 13:57:33.401985 32 storage/engine/rocksdb.go:120             table_factory options:   flush_block_policy_factory: FlushBlockBySizePolicyFactory (0x7f8786624040)
  cache_index_and_filter_blocks: 0
  cache_index_and_filter_blocks_with_high_priority: 0
  pin_l0_filter_and_index_blocks_in_cache: 0
  pin_top_level_index_and_filter: 1
  index_type: 0
  data_block_index_type: 0
  index_shortening: 1
  data_block_hash_table_util_ratio: 0.750000
  hash_index_allow_collision: 1
  checksum: 1
  no_block_cache: 0
  block_cache: 0x7f878667a190
  block_cache_name: LRUCache
  block_cache_options:
    capacity : 1048576
    num_shard_bits : 4
    strict_capacity_limit : 0
    memory_allocator : None
    high_pri_pool_ratio: 0.000
  block_cache_compressed: (nil)
  persistent_cache: (nil)
  block_size: 32768
  block_size_deviation: 10
  block_restart_interval: 16
  index_block_restart_interval: 1
  metadata_block_size: 4096
  partition_filters: 0
  use_delta_encoding: 1
  filter_policy: rocksdb.BuiltinBloomFilter
  whole_key_filtering: 0
  verify_compression: 0
  read_amp_bytes_per_bit: 0
  format_version: 2
  enable_index_compression: 1
  block_align: 0
I200512 13:57:33.401990 32 storage/engine/rocksdb.go:120         Options.write_buffer_size: 67108864
I200512 13:57:33.401994 32 storage/engine/rocksdb.go:120   Options.max_write_buffer_number: 4
I200512 13:57:33.401997 32 storage/engine/rocksdb.go:120           Options.compression: Snappy
I200512 13:57:33.402000 32 storage/engine/rocksdb.go:120                   Options.bottommost_compression: Disabled
I200512 13:57:33.402003 32 storage/engine/rocksdb.go:120        Options.prefix_extractor: cockroach_prefix_extractor
I200512 13:57:33.402005 32 storage/engine/rocksdb.go:120    Options.memtable_insert_with_hint_prefix_extractor: nullptr
I200512 13:57:33.402008 32 storage/engine/rocksdb.go:120              Options.num_levels: 7
I200512 13:57:33.402011 32 storage/engine/rocksdb.go:120         Options.min_write_buffer_number_to_merge: 1
I200512 13:57:33.402013 32 storage/engine/rocksdb.go:120      Options.max_write_buffer_number_to_maintain: 0
I200512 13:57:33.402016 32 storage/engine/rocksdb.go:120             Options.bottommost_compression_opts.window_bits: -14
I200512 13:57:33.402019 32 storage/engine/rocksdb.go:120                   Options.bottommost_compression_opts.level: 32767
I200512 13:57:33.402021 32 storage/engine/rocksdb.go:120                Options.bottommost_compression_opts.strategy: 0
I200512 13:57:33.402024 32 storage/engine/rocksdb.go:120          Options.bottommost_compression_opts.max_dict_bytes: 0
I200512 13:57:33.402027 32 storage/engine/rocksdb.go:120          Options.bottommost_compression_opts.zstd_max_train_bytes: 0
I200512 13:57:33.402030 32 storage/engine/rocksdb.go:120                   Options.bottommost_compression_opts.enabled: false
I200512 13:57:33.402032 32 storage/engine/rocksdb.go:120             Options.compression_opts.window_bits: -14
I200512 13:57:33.402035 32 storage/engine/rocksdb.go:120                   Options.compression_opts.level: 32767
I200512 13:57:33.402037 32 storage/engine/rocksdb.go:120                Options.compression_opts.strategy: 0
I200512 13:57:33.402040 32 storage/engine/rocksdb.go:120          Options.compression_opts.max_dict_bytes: 0
I200512 13:57:33.402043 32 storage/engine/rocksdb.go:120          Options.compression_opts.zstd_max_train_bytes: 0
I200512 13:57:33.402045 32 storage/engine/rocksdb.go:120                   Options.compression_opts.enabled: false
I200512 13:57:33.402048 32 storage/engine/rocksdb.go:120       Options.level0_file_num_compaction_trigger: 2
I200512 13:57:33.402054 32 storage/engine/rocksdb.go:120           Options.level0_slowdown_writes_trigger: 950
I200512 13:57:33.402057 32 storage/engine/rocksdb.go:120               Options.level0_stop_writes_trigger: 1000
I200512 13:57:33.402059 32 storage/engine/rocksdb.go:120                    Options.target_file_size_base: 4194304
I200512 13:57:33.402062 32 storage/engine/rocksdb.go:120              Options.target_file_size_multiplier: 2
I200512 13:57:33.402065 32 storage/engine/rocksdb.go:120                 Options.max_bytes_for_level_base: 67108864
I200512 13:57:33.402067 32 storage/engine/rocksdb.go:120  Options.level_compaction_dynamic_level_bytes: 1
I200512 13:57:33.402070 32 storage/engine/rocksdb.go:120           Options.max_bytes_for_level_multiplier: 10.000000
I200512 13:57:33.402073 32 storage/engine/rocksdb.go:120  Options.max_bytes_for_level_multiplier_addtl[0]: 1
I200512 13:57:33.402076 32 storage/engine/rocksdb.go:120  Options.max_bytes_for_level_multiplier_addtl[1]: 1
I200512 13:57:33.402079 32 storage/engine/rocksdb.go:120  Options.max_bytes_for_level_multiplier_addtl[2]: 1
I200512 13:57:33.402081 32 storage/engine/rocksdb.go:120  Options.max_bytes_for_level_multiplier_addtl[3]: 1
I200512 13:57:33.402084 32 storage/engine/rocksdb.go:120  Options.max_bytes_for_level_multiplier_addtl[4]: 1
I200512 13:57:33.402086 32 storage/engine/rocksdb.go:120  Options.max_bytes_for_level_multiplier_addtl[5]: 1
I200512 13:57:33.402089 32 storage/engine/rocksdb.go:120  Options.max_bytes_for_level_multiplier_addtl[6]: 1
I200512 13:57:33.402091 32 storage/engine/rocksdb.go:120        Options.max_sequential_skip_in_iterations: 8
I200512 13:57:33.402094 32 storage/engine/rocksdb.go:120                     Options.max_compaction_bytes: 104857600
I200512 13:57:33.402097 32 storage/engine/rocksdb.go:120                         Options.arena_block_size: 8388608
I200512 13:57:33.402099 32 storage/engine/rocksdb.go:120    Options.soft_pending_compaction_bytes_limit: 2199023255552
I200512 13:57:33.402102 32 storage/engine/rocksdb.go:120    Options.hard_pending_compaction_bytes_limit: 4400193994752
I200512 13:57:33.402104 32 storage/engine/rocksdb.go:120        Options.rate_limit_delay_max_milliseconds: 100
I200512 13:57:33.402107 32 storage/engine/rocksdb.go:120                 Options.disable_auto_compactions: 0
I200512 13:57:33.402110 32 storage/engine/rocksdb.go:120                         Options.compaction_style: kCompactionStyleLevel
I200512 13:57:33.402113 32 storage/engine/rocksdb.go:120                           Options.compaction_pri: kMinOverlappingRatio
I200512 13:57:33.402116 32 storage/engine/rocksdb.go:120  Options.compaction_options_universal.size_ratio: 1
I200512 13:57:33.402118 32 storage/engine/rocksdb.go:120  Options.compaction_options_universal.min_merge_width: 2
I200512 13:57:33.402121 32 storage/engine/rocksdb.go:120  Options.compaction_options_universal.max_merge_width: 4294967295
I200512 13:57:33.402123 32 storage/engine/rocksdb.go:120  Options.compaction_options_universal.max_size_amplification_percent: 200
I200512 13:57:33.402126 32 storage/engine/rocksdb.go:120  Options.compaction_options_universal.compression_size_percent: -1
I200512 13:57:33.402129 32 storage/engine/rocksdb.go:120  Options.compaction_options_universal.stop_style: kCompactionStopStyleTotalSize
I200512 13:57:33.402131 32 storage/engine/rocksdb.go:120  Options.compaction_options_fifo.max_table_files_size: 1073741824
I200512 13:57:33.402134 32 storage/engine/rocksdb.go:120  Options.compaction_options_fifo.allow_compaction: 0
I200512 13:57:33.402138 32 storage/engine/rocksdb.go:120                    Options.table_properties_collectors: TimeBoundTblPropCollectorFactory; DeleteRangeTblPropCollectorFactory; 
I200512 13:57:33.402142 32 storage/engine/rocksdb.go:120                    Options.inplace_update_support: 0
I200512 13:57:33.402144 32 storage/engine/rocksdb.go:120                  Options.inplace_update_num_locks: 10000
I200512 13:57:33.402147 32 storage/engine/rocksdb.go:120                Options.memtable_prefix_bloom_size_ratio: 0.000000
I200512 13:57:33.402150 32 storage/engine/rocksdb.go:120                Options.memtable_whole_key_filtering: 0
I200512 13:57:33.402152 32 storage/engine/rocksdb.go:120    Options.memtable_huge_page_size: 0
I200512 13:57:33.402155 32 storage/engine/rocksdb.go:120                            Options.bloom_locality: 0
I200512 13:57:33.402158 32 storage/engine/rocksdb.go:120                     Options.max_successive_merges: 0
I200512 13:57:33.402160 32 storage/engine/rocksdb.go:120                 Options.optimize_filters_for_hits: 1
I200512 13:57:33.402163 32 storage/engine/rocksdb.go:120                 Options.paranoid_file_checks: 0
I200512 13:57:33.402165 32 storage/engine/rocksdb.go:120                 Options.force_consistency_checks: 0
I200512 13:57:33.402168 32 storage/engine/rocksdb.go:120                 Options.report_bg_io_stats: 0
I200512 13:57:33.402170 32 storage/engine/rocksdb.go:120                                Options.ttl: 0
I200512 13:57:33.402173 32 storage/engine/rocksdb.go:120           Options.periodic_compaction_seconds: 0
I200512 13:57:33.403164 32 storage/engine/rocksdb.go:120  [db/version_set.cc:4286] Recovered from manifest file:/var/lib/cockroach/cockroach-temp006495494/MANIFEST-000001 succeeded,manifest_file_number is 1, next_file_number is 3, last_sequence is 0, log_number is 0,prev_log_number is 0,max_column_family is 0,min_log_number_to_keep is 0
I200512 13:57:33.403171 32 storage/engine/rocksdb.go:120  [db/version_set.cc:4295] Column family [default] (ID 0), log number is 0
I200512 13:57:33.423781 32 storage/engine/rocksdb.go:120  DB pointer 0x7f878675f000
I200512 13:57:33.438031 32 storage/engine/rocksdb.go:120  RocksDB version: 6.2.1
I200512 13:57:33.438038 32 storage/engine/rocksdb.go:120  Git sha rocksdb_build_git_sha:@b7009236531fa784872f4823eabf393501e41bf2@
I200512 13:57:33.438040 32 storage/engine/rocksdb.go:120  Compile date Mar 16 2020
I200512 13:57:33.438044 32 storage/engine/rocksdb.go:120  DB SUMMARY
I200512 13:57:33.439321 32 storage/engine/rocksdb.go:120  CURRENT file:  CURRENT
I200512 13:57:33.439358 32 storage/engine/rocksdb.go:120  IDENTITY file:  IDENTITY
I200512 13:57:33.440922 32 storage/engine/rocksdb.go:120  MANIFEST file:  MANIFEST-000133 size: 663 Bytes
I200512 13:57:33.440935 32 storage/engine/rocksdb.go:120  SST files in /var/lib/cockroach dir, Total Num: 2, files: 000137.sst 000138.sst 
I200512 13:57:33.440940 32 storage/engine/rocksdb.go:120  Write Ahead Log file in /var/lib/cockroach: 000134.log size: 240109 ; 
I200512 13:57:33.440946 32 storage/engine/rocksdb.go:120                          Options.error_if_exists: 0
I200512 13:57:33.440950 32 storage/engine/rocksdb.go:120                        Options.create_if_missing: 1
I200512 13:57:33.440954 32 storage/engine/rocksdb.go:120                          Options.paranoid_checks: 1
I200512 13:57:33.440958 32 storage/engine/rocksdb.go:120                                      Options.env: 0x75757a0
I200512 13:57:33.440961 32 storage/engine/rocksdb.go:120                                 Options.info_log: 0x7f8786687980
I200512 13:57:33.440964 32 storage/engine/rocksdb.go:120                 Options.max_file_opening_threads: 16
I200512 13:57:33.440968 32 storage/engine/rocksdb.go:120                               Options.statistics: 0x7f878661d940
I200512 13:57:33.440974 32 storage/engine/rocksdb.go:120                                Options.use_fsync: 0
I200512 13:57:33.440978 32 storage/engine/rocksdb.go:120                        Options.max_log_file_size: 0
I200512 13:57:33.440982 32 storage/engine/rocksdb.go:120                   Options.max_manifest_file_size: 134217728
I200512 13:57:33.440986 32 storage/engine/rocksdb.go:120                    Options.log_file_time_to_roll: 0
I200512 13:57:33.440993 32 storage/engine/rocksdb.go:120                        Options.keep_log_file_num: 1000
I200512 13:57:33.441001 32 storage/engine/rocksdb.go:120                     Options.recycle_log_file_num: 1
I200512 13:57:33.441006 32 storage/engine/rocksdb.go:120                          Options.allow_fallocate: 1
I200512 13:57:33.441010 32 storage/engine/rocksdb.go:120                         Options.allow_mmap_reads: 0
I200512 13:57:33.441014 32 storage/engine/rocksdb.go:120                        Options.allow_mmap_writes: 0
I200512 13:57:33.441021 32 storage/engine/rocksdb.go:120                         Options.use_direct_reads: 0
I200512 13:57:33.441026 32 storage/engine/rocksdb.go:120                         Options.use_direct_io_for_flush_and_compaction: 0
I200512 13:57:33.441029 32 storage/engine/rocksdb.go:120           Options.create_missing_column_families: 0
I200512 13:57:33.441032 32 storage/engine/rocksdb.go:120                               Options.db_log_dir: 
I200512 13:57:33.441035 32 storage/engine/rocksdb.go:120                                  Options.wal_dir: /var/lib/cockroach
I200512 13:57:33.441038 32 storage/engine/rocksdb.go:120                 Options.table_cache_numshardbits: 6
I200512 13:57:33.441041 32 storage/engine/rocksdb.go:120                       Options.max_subcompactions: 1
I200512 13:57:33.441044 32 storage/engine/rocksdb.go:120                   Options.max_background_flushes: -1
I200512 13:57:33.441047 32 storage/engine/rocksdb.go:120                          Options.WAL_ttl_seconds: 0
I200512 13:57:33.441050 32 storage/engine/rocksdb.go:120                        Options.WAL_size_limit_MB: 0
I200512 13:57:33.441053 32 storage/engine/rocksdb.go:120              Options.manifest_preallocation_size: 4194304
I200512 13:57:33.441056 32 storage/engine/rocksdb.go:120                      Options.is_fd_close_on_exec: 1
I200512 13:57:33.441059 32 storage/engine/rocksdb.go:120                    Options.advise_random_on_open: 1
I200512 13:57:33.441063 32 storage/engine/rocksdb.go:120                     Options.db_write_buffer_size: 0
I200512 13:57:33.441066 32 storage/engine/rocksdb.go:120                     Options.write_buffer_manager: 0x7f8786660d10
I200512 13:57:33.441070 32 storage/engine/rocksdb.go:120          Options.access_hint_on_compaction_start: 1
I200512 13:57:33.441073 32 storage/engine/rocksdb.go:120   Options.new_table_reader_for_compaction_inputs: 0
I200512 13:57:33.441076 32 storage/engine/rocksdb.go:120            Options.random_access_max_buffer_size: 1048576
I200512 13:57:33.441079 32 storage/engine/rocksdb.go:120                       Options.use_adaptive_mutex: 0
I200512 13:57:33.441084 32 storage/engine/rocksdb.go:120                             Options.rate_limiter: (nil)
I200512 13:57:33.441088 32 storage/engine/rocksdb.go:120      Options.sst_file_manager.rate_bytes_per_sec: 0
I200512 13:57:33.441093 32 storage/engine/rocksdb.go:120                        Options.wal_recovery_mode: 0
I200512 13:57:33.441096 32 storage/engine/rocksdb.go:120                   Options.enable_thread_tracking: 0
I200512 13:57:33.441099 32 storage/engine/rocksdb.go:120                   Options.enable_pipelined_write: 0
I200512 13:57:33.441102 32 storage/engine/rocksdb.go:120          Options.allow_concurrent_memtable_write: 1
I200512 13:57:33.441105 32 storage/engine/rocksdb.go:120       Options.enable_write_thread_adaptive_yield: 1
I200512 13:57:33.441108 32 storage/engine/rocksdb.go:120              Options.write_thread_max_yield_usec: 100
I200512 13:57:33.441112 32 storage/engine/rocksdb.go:120             Options.write_thread_slow_yield_usec: 3
I200512 13:57:33.441115 32 storage/engine/rocksdb.go:120                                Options.row_cache: None
I200512 13:57:33.441118 32 storage/engine/rocksdb.go:120                               Options.wal_filter: None
I200512 13:57:33.441121 32 storage/engine/rocksdb.go:120              Options.avoid_flush_during_recovery: 0
I200512 13:57:33.441124 32 storage/engine/rocksdb.go:120              Options.allow_ingest_behind: 0
I200512 13:57:33.441127 32 storage/engine/rocksdb.go:120              Options.preserve_deletes: 0
I200512 13:57:33.441130 32 storage/engine/rocksdb.go:120              Options.two_write_queues: 0
I200512 13:57:33.441133 32 storage/engine/rocksdb.go:120              Options.manual_wal_flush: 1
I200512 13:57:33.441136 32 storage/engine/rocksdb.go:120              Options.atomic_flush: 0
I200512 13:57:33.441139 32 storage/engine/rocksdb.go:120              Options.avoid_unnecessary_blocking_io: 0
I200512 13:57:33.441143 32 storage/engine/rocksdb.go:120              Options.max_background_jobs: 2
I200512 13:57:33.441146 32 storage/engine/rocksdb.go:120              Options.max_background_compactions: -1
I200512 13:57:33.441149 32 storage/engine/rocksdb.go:120              Options.avoid_flush_during_shutdown: 0
I200512 13:57:33.441152 32 storage/engine/rocksdb.go:120            Options.writable_file_max_buffer_size: 1048576
I200512 13:57:33.441155 32 storage/engine/rocksdb.go:120              Options.delayed_write_rate : 16777216
I200512 13:57:33.441158 32 storage/engine/rocksdb.go:120              Options.max_total_wal_size: 0
I200512 13:57:33.441160 32 storage/engine/rocksdb.go:120              Options.delete_obsolete_files_period_micros: 21600000000
I200512 13:57:33.441163 32 storage/engine/rocksdb.go:120                    Options.stats_dump_period_sec: 0
I200512 13:57:33.441167 32 storage/engine/rocksdb.go:120                  Options.stats_persist_period_sec: 600
I200512 13:57:33.441170 32 storage/engine/rocksdb.go:120                  Options.stats_history_buffer_size: 1048576
I200512 13:57:33.441173 32 storage/engine/rocksdb.go:120                           Options.max_open_files: 1043576
I200512 13:57:33.441176 32 storage/engine/rocksdb.go:120                           Options.bytes_per_sync: 524288
I200512 13:57:33.441178 32 storage/engine/rocksdb.go:120                       Options.wal_bytes_per_sync: 0
I200512 13:57:33.441181 32 storage/engine/rocksdb.go:120                    Options.strict_bytes_per_sync: 1
I200512 13:57:33.441183 32 storage/engine/rocksdb.go:120        Options.compaction_readahead_size: 0
I200512 13:57:33.441186 32 storage/engine/rocksdb.go:120  Compression algorithms supported:
I200512 13:57:33.441195 32 storage/engine/rocksdb.go:120  	kZSTDNotFinalCompression supported: 0
I200512 13:57:33.441198 32 storage/engine/rocksdb.go:120  	kZSTD supported: 0
I200512 13:57:33.441201 32 storage/engine/rocksdb.go:120  	kXpressCompression supported: 0
I200512 13:57:33.441204 32 storage/engine/rocksdb.go:120  	kLZ4HCCompression supported: 0
I200512 13:57:33.441207 32 storage/engine/rocksdb.go:120  	kLZ4Compression supported: 0
I200512 13:57:33.441210 32 storage/engine/rocksdb.go:120  	kBZip2Compression supported: 0
I200512 13:57:33.441212 32 storage/engine/rocksdb.go:120  	kZlibCompression supported: 0
I200512 13:57:33.441215 32 storage/engine/rocksdb.go:120  	kSnappyCompression supported: 1
I200512 13:57:33.441263 32 storage/engine/rocksdb.go:120  Fast CRC32 supported: Supported on x86
I200512 13:57:33.444046 32 storage/engine/rocksdb.go:120  [db/version_set.cc:4072] Recovering from manifest file: /var/lib/cockroach/MANIFEST-000133
I200512 13:57:33.444612 32 storage/engine/rocksdb.go:120  [db/column_family.cc:488] --------------- Options for column family [default]:
I200512 13:57:33.444638 32 storage/engine/rocksdb.go:120                Options.comparator: cockroach_comparator
I200512 13:57:33.444642 32 storage/engine/rocksdb.go:120            Options.merge_operator: cockroach_merge_operator
I200512 13:57:33.444645 32 storage/engine/rocksdb.go:120         Options.compaction_filter: None
I200512 13:57:33.444648 32 storage/engine/rocksdb.go:120         Options.compaction_filter_factory: None
I200512 13:57:33.444651 32 storage/engine/rocksdb.go:120          Options.memtable_factory: SkipListFactory
I200512 13:57:33.444653 32 storage/engine/rocksdb.go:120             Options.table_factory: BlockBasedTable
I200512 13:57:33.444674 32 storage/engine/rocksdb.go:120             table_factory options:   flush_block_policy_factory: FlushBlockBySizePolicyFactory (0x7f87866240a0)
  cache_index_and_filter_blocks: 0
  cache_index_and_filter_blocks_with_high_priority: 0
  pin_l0_filter_and_index_blocks_in_cache: 0
  pin_top_level_index_and_filter: 1
  index_type: 0
  data_block_index_type: 0
  index_shortening: 1
  data_block_hash_table_util_ratio: 0.750000
  hash_index_allow_collision: 1
  checksum: 1
  no_block_cache: 0
  block_cache: 0x7f8786778390
  block_cache_name: LRUCache
  block_cache_options:
    capacity : 67108864
    num_shard_bits : 4
    strict_capacity_limit : 0
    memory_allocator : None
    high_pri_pool_ratio: 0.000
  block_cache_compressed: (nil)
  persistent_cache: (nil)
  block_size: 32768
  block_size_deviation: 10
  block_restart_interval: 16
  index_block_restart_interval: 1
  metadata_block_size: 4096
  partition_filters: 0
  use_delta_encoding: 1
  filter_policy: rocksdb.BuiltinBloomFilter
  whole_key_filtering: 0
  verify_compression: 0
  read_amp_bytes_per_bit: 0
  format_version: 2
  enable_index_compression: 1
  block_align: 0
I200512 13:57:33.444679 32 storage/engine/rocksdb.go:120         Options.write_buffer_size: 67108864
I200512 13:57:33.444683 32 storage/engine/rocksdb.go:120   Options.max_write_buffer_number: 4
I200512 13:57:33.444686 32 storage/engine/rocksdb.go:120           Options.compression: Snappy
I200512 13:57:33.444689 32 storage/engine/rocksdb.go:120                   Options.bottommost_compression: Disabled
I200512 13:57:33.444692 32 storage/engine/rocksdb.go:120        Options.prefix_extractor: cockroach_prefix_extractor
I200512 13:57:33.444694 32 storage/engine/rocksdb.go:120    Options.memtable_insert_with_hint_prefix_extractor: nullptr
I200512 13:57:33.444698 32 storage/engine/rocksdb.go:120              Options.num_levels: 7
I200512 13:57:33.444700 32 storage/engine/rocksdb.go:120         Options.min_write_buffer_number_to_merge: 1
I200512 13:57:33.444703 32 storage/engine/rocksdb.go:120      Options.max_write_buffer_number_to_maintain: 0
I200512 13:57:33.444706 32 storage/engine/rocksdb.go:120             Options.bottommost_compression_opts.window_bits: -14
I200512 13:57:33.444725 32 storage/engine/rocksdb.go:120                   Options.bottommost_compression_opts.level: 32767
I200512 13:57:33.444730 32 storage/engine/rocksdb.go:120                Options.bottommost_compression_opts.strategy: 0
I200512 13:57:33.444733 32 storage/engine/rocksdb.go:120          Options.bottommost_compression_opts.max_dict_bytes: 0
I200512 13:57:33.444736 32 storage/engine/rocksdb.go:120          Options.bottommost_compression_opts.zstd_max_train_bytes: 0
I200512 13:57:33.444738 32 storage/engine/rocksdb.go:120                   Options.bottommost_compression_opts.enabled: false
I200512 13:57:33.444741 32 storage/engine/rocksdb.go:120             Options.compression_opts.window_bits: -14
I200512 13:57:33.444744 32 storage/engine/rocksdb.go:120                   Options.compression_opts.level: 32767
I200512 13:57:33.444746 32 storage/engine/rocksdb.go:120                Options.compression_opts.strategy: 0
I200512 13:57:33.444749 32 storage/engine/rocksdb.go:120          Options.compression_opts.max_dict_bytes: 0
I200512 13:57:33.444752 32 storage/engine/rocksdb.go:120          Options.compression_opts.zstd_max_train_bytes: 0
I200512 13:57:33.444754 32 storage/engine/rocksdb.go:120                   Options.compression_opts.enabled: false
I200512 13:57:33.444757 32 storage/engine/rocksdb.go:120       Options.level0_file_num_compaction_trigger: 2
I200512 13:57:33.444759 32 storage/engine/rocksdb.go:120           Options.level0_slowdown_writes_trigger: 950
I200512 13:57:33.444762 32 storage/engine/rocksdb.go:120               Options.level0_stop_writes_trigger: 1000
I200512 13:57:33.444765 32 storage/engine/rocksdb.go:120                    Options.target_file_size_base: 4194304
I200512 13:57:33.444767 32 storage/engine/rocksdb.go:120              Options.target_file_size_multiplier: 2
I200512 13:57:33.444770 32 storage/engine/rocksdb.go:120                 Options.max_bytes_for_level_base: 67108864
I200512 13:57:33.444772 32 storage/engine/rocksdb.go:120  Options.level_compaction_dynamic_level_bytes: 1
I200512 13:57:33.444779 32 storage/engine/rocksdb.go:120           Options.max_bytes_for_level_multiplier: 10.000000
I200512 13:57:33.444782 32 storage/engine/rocksdb.go:120  Options.max_bytes_for_level_multiplier_addtl[0]: 1
I200512 13:57:33.444785 32 storage/engine/rocksdb.go:120  Options.max_bytes_for_level_multiplier_addtl[1]: 1
I200512 13:57:33.444787 32 storage/engine/rocksdb.go:120  Options.max_bytes_for_level_multiplier_addtl[2]: 1
I200512 13:57:33.444790 32 storage/engine/rocksdb.go:120  Options.max_bytes_for_level_multiplier_addtl[3]: 1
I200512 13:57:33.444792 32 storage/engine/rocksdb.go:120  Options.max_bytes_for_level_multiplier_addtl[4]: 1
I200512 13:57:33.444795 32 storage/engine/rocksdb.go:120  Options.max_bytes_for_level_multiplier_addtl[5]: 1
I200512 13:57:33.444797 32 storage/engine/rocksdb.go:120  Options.max_bytes_for_level_multiplier_addtl[6]: 1
I200512 13:57:33.444800 32 storage/engine/rocksdb.go:120        Options.max_sequential_skip_in_iterations: 8
I200512 13:57:33.444802 32 storage/engine/rocksdb.go:120                     Options.max_compaction_bytes: 104857600
I200512 13:57:33.444805 32 storage/engine/rocksdb.go:120                         Options.arena_block_size: 8388608
I200512 13:57:33.444808 32 storage/engine/rocksdb.go:120    Options.soft_pending_compaction_bytes_limit: 2199023255552
I200512 13:57:33.444810 32 storage/engine/rocksdb.go:120    Options.hard_pending_compaction_bytes_limit: 4400193994752
I200512 13:57:33.444813 32 storage/engine/rocksdb.go:120        Options.rate_limit_delay_max_milliseconds: 100
I200512 13:57:33.444815 32 storage/engine/rocksdb.go:120                 Options.disable_auto_compactions: 0
I200512 13:57:33.444819 32 storage/engine/rocksdb.go:120                         Options.compaction_style: kCompactionStyleLevel
I200512 13:57:33.444822 32 storage/engine/rocksdb.go:120                           Options.compaction_pri: kMinOverlappingRatio
I200512 13:57:33.444824 32 storage/engine/rocksdb.go:120  Options.compaction_options_universal.size_ratio: 1
I200512 13:57:33.444827 32 storage/engine/rocksdb.go:120  Options.compaction_options_universal.min_merge_width: 2
I200512 13:57:33.444829 32 storage/engine/rocksdb.go:120  Options.compaction_options_universal.max_merge_width: 4294967295
I200512 13:57:33.444832 32 storage/engine/rocksdb.go:120  Options.compaction_options_universal.max_size_amplification_percent: 200
I200512 13:57:33.444835 32 storage/engine/rocksdb.go:120  Options.compaction_options_universal.compression_size_percent: -1
I200512 13:57:33.444837 32 storage/engine/rocksdb.go:120  Options.compaction_options_universal.stop_style: kCompactionStopStyleTotalSize
I200512 13:57:33.444840 32 storage/engine/rocksdb.go:120  Options.compaction_options_fifo.max_table_files_size: 1073741824
I200512 13:57:33.444843 32 storage/engine/rocksdb.go:120  Options.compaction_options_fifo.allow_compaction: 0
I200512 13:57:33.444861 32 storage/engine/rocksdb.go:120                    Options.table_properties_collectors: TimeBoundTblPropCollectorFactory; DeleteRangeTblPropCollectorFactory; 
I200512 13:57:33.444866 32 storage/engine/rocksdb.go:120                    Options.inplace_update_support: 0
I200512 13:57:33.444869 32 storage/engine/rocksdb.go:120                  Options.inplace_update_num_locks: 10000
I200512 13:57:33.444872 32 storage/engine/rocksdb.go:120                Options.memtable_prefix_bloom_size_ratio: 0.000000
I200512 13:57:33.444874 32 storage/engine/rocksdb.go:120                Options.memtable_whole_key_filtering: 0
I200512 13:57:33.444877 32 storage/engine/rocksdb.go:120    Options.memtable_huge_page_size: 0
I200512 13:57:33.444879 32 storage/engine/rocksdb.go:120                            Options.bloom_locality: 0
I200512 13:57:33.444882 32 storage/engine/rocksdb.go:120                     Options.max_successive_merges: 0
I200512 13:57:33.444885 32 storage/engine/rocksdb.go:120                 Options.optimize_filters_for_hits: 1
I200512 13:57:33.444887 32 storage/engine/rocksdb.go:120                 Options.paranoid_file_checks: 0
I200512 13:57:33.444890 32 storage/engine/rocksdb.go:120                 Options.force_consistency_checks: 0
I200512 13:57:33.444892 32 storage/engine/rocksdb.go:120                 Options.report_bg_io_stats: 0
I200512 13:57:33.444895 32 storage/engine/rocksdb.go:120                                Options.ttl: 0
I200512 13:57:33.444898 32 storage/engine/rocksdb.go:120           Options.periodic_compaction_seconds: 0
I200512 13:57:33.451534 32 storage/engine/rocksdb.go:120  [db/version_set.cc:3086] More existing levels in DB than needed. max_bytes_for_level_multiplier may not be guaranteed.
I200512 13:57:33.451553 32 storage/engine/rocksdb.go:120  [db/version_set.cc:4286] Recovered from manifest file:/var/lib/cockroach/MANIFEST-000133 succeeded,manifest_file_number is 133, next_file_number is 140, last_sequence is 4411621, log_number is 132,prev_log_number is 0,max_column_family is 0,min_log_number_to_keep is 0
I200512 13:57:33.451557 32 storage/engine/rocksdb.go:120  [db/version_set.cc:4295] Column family [default] (ID 0), log number is 132
I200512 13:57:33.452588 32 storage/engine/rocksdb.go:120  EVENT_LOG_v1 {"time_micros": 1589291853452571, "job": 1, "event": "recovery_started", "log_files": [134]}
I200512 13:57:33.452596 32 storage/engine/rocksdb.go:120  [db/db_impl_open.cc:598] Recovering log #134 mode 0
I200512 13:57:33.466602 32 storage/engine/rocksdb.go:120  EVENT_LOG_v1 {"time_micros": 1589291853466534, "cf_name": "default", "job": 1, "event": "table_file_creation", "file_number": 140, "file_size": 37185, "table_properties": {"data_size": 34926, "index_size": 212, "index_partitions": 0, "top_level_index_size": 0, "index_key_is_user_key": 0, "index_value_is_delta_encoded": 0, "filter_size": 1093, "raw_key_size": 41472, "raw_average_key_size": 50, "raw_value_size": 108720, "raw_average_value_size": 131, "num_data_blocks": 4, "num_entries": 828, "num_deletions": 13, "num_merge_operands": 664, "num_range_deletions": 664, "format_version": 0, "fixed_key_len": 0, "filter_policy": "rocksdb.BuiltinBloomFilter", "column_family_name": "default", "column_family_id": 0, "comparator": "cockroach_comparator", "merge_operator": "cockroach_merge_operator", "prefix_extractor_name": "cockroach_prefix_extractor", "property_collectors": "[TimeBoundTblPropCollectorFactory,DeleteRangeTblPropCollectorFactory]", "compression": "Snappy", "compression_options": "window_bits=-14; level=32767; strategy=0; max_dict_bytes=0; zstd_max_train_bytes=0; enabled=0; ", "creation_time": 1589291853, "oldest_key_time": 3, "file_creation_time": 0}}
I200512 13:57:33.466737 32 storage/engine/rocksdb.go:120  [db/version_set.cc:3560] Creating manifest 141
I200512 13:57:33.469050 32 storage/engine/rocksdb.go:120  [db/version_set.cc:3086] More existing levels in DB than needed. max_bytes_for_level_multiplier may not be guaranteed.
I200512 13:57:33.478473 32 storage/engine/rocksdb.go:120  EVENT_LOG_v1 {"time_micros": 1589291853478447, "job": 1, "event": "recovery_finished"}
I200512 13:57:33.500137 32 storage/engine/rocksdb.go:120  DB pointer 0x7f87867e7000
I200512 13:57:34.610915 274 storage/engine/rocksdb.go:120  bloom filter utility:    -nan%
I200512 13:57:34.611268 274 storage/engine/rocksdb.go:120  [db/db_impl.cc:392] Shutdown: canceling all background work
I200512 13:57:34.611651 274 storage/engine/rocksdb.go:120  [db/db_impl.cc:565] Shutdown complete
I200512 13:57:34.620170 274 storage/engine/rocksdb.go:120  bloom filter utility:    73.2%
I200512 13:57:34.620557 274 storage/engine/rocksdb.go:120  [db/db_impl.cc:392] Shutdown: canceling all background work
I200512 13:57:34.626753 274 storage/engine/rocksdb.go:120  [db/db_impl.cc:565] Shutdown complete
