I200521 00:13:59.127570 28 util/log/clog.go:1196  [config] file created at: 2020/05/21 00:13:59
I200521 00:13:59.127570 28 util/log/clog.go:1196  [config] running on machine: 713127d8baa0
I200521 00:13:59.127570 28 util/log/clog.go:1196  [config] binary: CockroachDB CCL v19.2.5 (x86_64-unknown-linux-gnu, built 2020/03/16 18:27:12, go1.12.12)
I200521 00:13:59.127570 28 util/log/clog.go:1196  [config] arguments: [/cockroach/cockroach start --insecure --store=attrs=ssd,path=/var/lib/cockroach/]
I200521 00:13:59.127570 28 util/log/clog.go:1196  line format: [IWEF]yymmdd hh:mm:ss.uuuuuu goid file:line msg utf8=✓
I200521 00:13:59.127569 28 storage/engine/rocksdb.go:120  RocksDB version: 6.2.1
I200521 00:13:59.135125 28 storage/engine/rocksdb.go:120  Git sha rocksdb_build_git_sha:@b7009236531fa784872f4823eabf393501e41bf2@
I200521 00:13:59.135129 28 storage/engine/rocksdb.go:120  Compile date Mar 16 2020
I200521 00:13:59.135133 28 storage/engine/rocksdb.go:120  DB SUMMARY
I200521 00:13:59.136332 28 storage/engine/rocksdb.go:120  SST files in /var/lib/cockroach/cockroach-temp410042194 dir, Total Num: 0, files: 
I200521 00:13:59.427371 28 storage/engine/rocksdb.go:120  Write Ahead Log file in /var/lib/cockroach/cockroach-temp410042194: 
I200521 00:13:59.427421 28 storage/engine/rocksdb.go:120                          Options.error_if_exists: 0
I200521 00:13:59.427427 28 storage/engine/rocksdb.go:120                        Options.create_if_missing: 1
I200521 00:13:59.427431 28 storage/engine/rocksdb.go:120                          Options.paranoid_checks: 1
I200521 00:13:59.427434 28 storage/engine/rocksdb.go:120                                      Options.env: 0x75757a0
I200521 00:13:59.427437 28 storage/engine/rocksdb.go:120                                 Options.info_log: 0x7f06e0a270e0
I200521 00:13:59.427440 28 storage/engine/rocksdb.go:120                 Options.max_file_opening_threads: 16
I200521 00:13:59.427446 28 storage/engine/rocksdb.go:120                               Options.statistics: 0x7f06e0a34010
I200521 00:13:59.427449 28 storage/engine/rocksdb.go:120                                Options.use_fsync: 0
I200521 00:13:59.427452 28 storage/engine/rocksdb.go:120                        Options.max_log_file_size: 0
I200521 00:13:59.427480 28 storage/engine/rocksdb.go:120                   Options.max_manifest_file_size: 134217728
I200521 00:13:59.427486 28 storage/engine/rocksdb.go:120                    Options.log_file_time_to_roll: 0
I200521 00:13:59.427489 28 storage/engine/rocksdb.go:120                        Options.keep_log_file_num: 1000
I200521 00:13:59.427495 28 storage/engine/rocksdb.go:120                     Options.recycle_log_file_num: 1
I200521 00:13:59.427497 28 storage/engine/rocksdb.go:120                          Options.allow_fallocate: 1
I200521 00:13:59.427500 28 storage/engine/rocksdb.go:120                         Options.allow_mmap_reads: 0
I200521 00:13:59.427503 28 storage/engine/rocksdb.go:120                        Options.allow_mmap_writes: 0
I200521 00:13:59.427506 28 storage/engine/rocksdb.go:120                         Options.use_direct_reads: 0
I200521 00:13:59.427509 28 storage/engine/rocksdb.go:120                         Options.use_direct_io_for_flush_and_compaction: 0
I200521 00:13:59.427512 28 storage/engine/rocksdb.go:120           Options.create_missing_column_families: 0
I200521 00:13:59.427518 28 storage/engine/rocksdb.go:120                               Options.db_log_dir: 
I200521 00:13:59.427522 28 storage/engine/rocksdb.go:120                                  Options.wal_dir: /var/lib/cockroach/cockroach-temp410042194
I200521 00:13:59.427525 28 storage/engine/rocksdb.go:120                 Options.table_cache_numshardbits: 6
I200521 00:13:59.427528 28 storage/engine/rocksdb.go:120                       Options.max_subcompactions: 1
I200521 00:13:59.427531 28 storage/engine/rocksdb.go:120                   Options.max_background_flushes: -1
I200521 00:13:59.427533 28 storage/engine/rocksdb.go:120                          Options.WAL_ttl_seconds: 0
I200521 00:13:59.427538 28 storage/engine/rocksdb.go:120                        Options.WAL_size_limit_MB: 0
I200521 00:13:59.427541 28 storage/engine/rocksdb.go:120              Options.manifest_preallocation_size: 4194304
I200521 00:13:59.427544 28 storage/engine/rocksdb.go:120                      Options.is_fd_close_on_exec: 1
I200521 00:13:59.427547 28 storage/engine/rocksdb.go:120                    Options.advise_random_on_open: 1
I200521 00:13:59.427550 28 storage/engine/rocksdb.go:120                     Options.db_write_buffer_size: 0
I200521 00:13:59.427553 28 storage/engine/rocksdb.go:120                     Options.write_buffer_manager: 0x7f06e0a190f0
I200521 00:13:59.427556 28 storage/engine/rocksdb.go:120          Options.access_hint_on_compaction_start: 1
I200521 00:13:59.427561 28 storage/engine/rocksdb.go:120   Options.new_table_reader_for_compaction_inputs: 0
I200521 00:13:59.427564 28 storage/engine/rocksdb.go:120            Options.random_access_max_buffer_size: 1048576
I200521 00:13:59.427567 28 storage/engine/rocksdb.go:120                       Options.use_adaptive_mutex: 0
I200521 00:13:59.427570 28 storage/engine/rocksdb.go:120                             Options.rate_limiter: (nil)
I200521 00:13:59.427574 28 storage/engine/rocksdb.go:120      Options.sst_file_manager.rate_bytes_per_sec: 0
I200521 00:13:59.427576 28 storage/engine/rocksdb.go:120                        Options.wal_recovery_mode: 0
I200521 00:13:59.427581 28 storage/engine/rocksdb.go:120                   Options.enable_thread_tracking: 0
I200521 00:13:59.427584 28 storage/engine/rocksdb.go:120                   Options.enable_pipelined_write: 0
I200521 00:13:59.427587 28 storage/engine/rocksdb.go:120          Options.allow_concurrent_memtable_write: 1
I200521 00:13:59.427590 28 storage/engine/rocksdb.go:120       Options.enable_write_thread_adaptive_yield: 1
I200521 00:13:59.427593 28 storage/engine/rocksdb.go:120              Options.write_thread_max_yield_usec: 100
I200521 00:13:59.427595 28 storage/engine/rocksdb.go:120             Options.write_thread_slow_yield_usec: 3
I200521 00:13:59.427600 28 storage/engine/rocksdb.go:120                                Options.row_cache: None
I200521 00:13:59.427603 28 storage/engine/rocksdb.go:120                               Options.wal_filter: None
I200521 00:13:59.427606 28 storage/engine/rocksdb.go:120              Options.avoid_flush_during_recovery: 0
I200521 00:13:59.427609 28 storage/engine/rocksdb.go:120              Options.allow_ingest_behind: 0
I200521 00:13:59.427612 28 storage/engine/rocksdb.go:120              Options.preserve_deletes: 0
I200521 00:13:59.427626 28 storage/engine/rocksdb.go:120              Options.two_write_queues: 0
I200521 00:13:59.427629 28 storage/engine/rocksdb.go:120              Options.manual_wal_flush: 1
I200521 00:13:59.427634 28 storage/engine/rocksdb.go:120              Options.atomic_flush: 0
I200521 00:13:59.427637 28 storage/engine/rocksdb.go:120              Options.avoid_unnecessary_blocking_io: 0
I200521 00:13:59.427640 28 storage/engine/rocksdb.go:120              Options.max_background_jobs: 2
I200521 00:13:59.427643 28 storage/engine/rocksdb.go:120              Options.max_background_compactions: -1
I200521 00:13:59.427646 28 storage/engine/rocksdb.go:120              Options.avoid_flush_during_shutdown: 0
I200521 00:13:59.427649 28 storage/engine/rocksdb.go:120            Options.writable_file_max_buffer_size: 1048576
I200521 00:13:59.427666 28 storage/engine/rocksdb.go:120              Options.delayed_write_rate : 16777216
I200521 00:13:59.427674 28 storage/engine/rocksdb.go:120              Options.max_total_wal_size: 0
I200521 00:13:59.427679 28 storage/engine/rocksdb.go:120              Options.delete_obsolete_files_period_micros: 21600000000
I200521 00:13:59.427682 28 storage/engine/rocksdb.go:120                    Options.stats_dump_period_sec: 0
I200521 00:13:59.427685 28 storage/engine/rocksdb.go:120                  Options.stats_persist_period_sec: 600
I200521 00:13:59.427688 28 storage/engine/rocksdb.go:120                  Options.stats_history_buffer_size: 1048576
I200521 00:13:59.427691 28 storage/engine/rocksdb.go:120                           Options.max_open_files: 128
I200521 00:13:59.427697 28 storage/engine/rocksdb.go:120                           Options.bytes_per_sync: 524288
I200521 00:13:59.427700 28 storage/engine/rocksdb.go:120                       Options.wal_bytes_per_sync: 0
I200521 00:13:59.427702 28 storage/engine/rocksdb.go:120                    Options.strict_bytes_per_sync: 1
I200521 00:13:59.427705 28 storage/engine/rocksdb.go:120        Options.compaction_readahead_size: 0
I200521 00:13:59.427708 28 storage/engine/rocksdb.go:120  Compression algorithms supported:
I200521 00:13:59.427712 28 storage/engine/rocksdb.go:120  	kZSTDNotFinalCompression supported: 0
I200521 00:13:59.427717 28 storage/engine/rocksdb.go:120  	kZSTD supported: 0
I200521 00:13:59.427720 28 storage/engine/rocksdb.go:120  	kXpressCompression supported: 0
I200521 00:13:59.427723 28 storage/engine/rocksdb.go:120  	kLZ4HCCompression supported: 0
I200521 00:13:59.427726 28 storage/engine/rocksdb.go:120  	kLZ4Compression supported: 0
I200521 00:13:59.427729 28 storage/engine/rocksdb.go:120  	kBZip2Compression supported: 0
I200521 00:13:59.427732 28 storage/engine/rocksdb.go:120  	kZlibCompression supported: 0
I200521 00:13:59.427737 28 storage/engine/rocksdb.go:120  	kSnappyCompression supported: 1
I200521 00:13:59.427745 28 storage/engine/rocksdb.go:120  Fast CRC32 supported: Supported on x86
I200521 00:13:59.429992 28 storage/engine/rocksdb.go:120  [db/db_impl_open.cc:242] Creating manifest 1 
I200521 00:13:59.460762 28 storage/engine/rocksdb.go:120  [db/version_set.cc:4072] Recovering from manifest file: /var/lib/cockroach/cockroach-temp410042194/MANIFEST-000001
I200521 00:13:59.462010 28 storage/engine/rocksdb.go:120  [db/column_family.cc:488] --------------- Options for column family [default]:
I200521 00:13:59.462016 28 storage/engine/rocksdb.go:120                Options.comparator: cockroach_comparator
I200521 00:13:59.462019 28 storage/engine/rocksdb.go:120            Options.merge_operator: cockroach_merge_operator
I200521 00:13:59.462023 28 storage/engine/rocksdb.go:120         Options.compaction_filter: None
I200521 00:13:59.462025 28 storage/engine/rocksdb.go:120         Options.compaction_filter_factory: None
I200521 00:13:59.462029 28 storage/engine/rocksdb.go:120          Options.memtable_factory: SkipListFactory
I200521 00:13:59.462031 28 storage/engine/rocksdb.go:120             Options.table_factory: BlockBasedTable
I200521 00:13:59.462078 28 storage/engine/rocksdb.go:120             table_factory options:   flush_block_policy_factory: FlushBlockBySizePolicyFactory (0x7f06e0a28030)
  cache_index_and_filter_blocks: 0
  cache_index_and_filter_blocks_with_high_priority: 0
  pin_l0_filter_and_index_blocks_in_cache: 0
  pin_top_level_index_and_filter: 1
  index_type: 0
  data_block_index_type: 0
  index_shortening: 1
  data_block_hash_table_util_ratio: 0.750000
  hash_index_allow_collision: 1
  checksum: 1
  no_block_cache: 0
  block_cache: 0x7f06e0a1c010
  block_cache_name: LRUCache
  block_cache_options:
    capacity : 1048576
    num_shard_bits : 4
    strict_capacity_limit : 0
    memory_allocator : None
    high_pri_pool_ratio: 0.000
  block_cache_compressed: (nil)
  persistent_cache: (nil)
  block_size: 32768
  block_size_deviation: 10
  block_restart_interval: 16
  index_block_restart_interval: 1
  metadata_block_size: 4096
  partition_filters: 0
  use_delta_encoding: 1
  filter_policy: rocksdb.BuiltinBloomFilter
  whole_key_filtering: 0
  verify_compression: 0
  read_amp_bytes_per_bit: 0
  format_version: 2
  enable_index_compression: 1
  block_align: 0
I200521 00:13:59.462084 28 storage/engine/rocksdb.go:120         Options.write_buffer_size: 67108864
I200521 00:13:59.462089 28 storage/engine/rocksdb.go:120   Options.max_write_buffer_number: 4
I200521 00:13:59.462093 28 storage/engine/rocksdb.go:120           Options.compression: Snappy
I200521 00:13:59.462096 28 storage/engine/rocksdb.go:120                   Options.bottommost_compression: Disabled
I200521 00:13:59.462099 28 storage/engine/rocksdb.go:120        Options.prefix_extractor: cockroach_prefix_extractor
I200521 00:13:59.462102 28 storage/engine/rocksdb.go:120    Options.memtable_insert_with_hint_prefix_extractor: nullptr
I200521 00:13:59.462105 28 storage/engine/rocksdb.go:120              Options.num_levels: 7
I200521 00:13:59.462107 28 storage/engine/rocksdb.go:120         Options.min_write_buffer_number_to_merge: 1
I200521 00:13:59.462110 28 storage/engine/rocksdb.go:120      Options.max_write_buffer_number_to_maintain: 0
I200521 00:13:59.462112 28 storage/engine/rocksdb.go:120             Options.bottommost_compression_opts.window_bits: -14
I200521 00:13:59.462115 28 storage/engine/rocksdb.go:120                   Options.bottommost_compression_opts.level: 32767
I200521 00:13:59.462118 28 storage/engine/rocksdb.go:120                Options.bottommost_compression_opts.strategy: 0
I200521 00:13:59.462120 28 storage/engine/rocksdb.go:120          Options.bottommost_compression_opts.max_dict_bytes: 0
I200521 00:13:59.462123 28 storage/engine/rocksdb.go:120          Options.bottommost_compression_opts.zstd_max_train_bytes: 0
I200521 00:13:59.462126 28 storage/engine/rocksdb.go:120                   Options.bottommost_compression_opts.enabled: false
I200521 00:13:59.462128 28 storage/engine/rocksdb.go:120             Options.compression_opts.window_bits: -14
I200521 00:13:59.462131 28 storage/engine/rocksdb.go:120                   Options.compression_opts.level: 32767
I200521 00:13:59.462134 28 storage/engine/rocksdb.go:120                Options.compression_opts.strategy: 0
I200521 00:13:59.462136 28 storage/engine/rocksdb.go:120          Options.compression_opts.max_dict_bytes: 0
I200521 00:13:59.462139 28 storage/engine/rocksdb.go:120          Options.compression_opts.zstd_max_train_bytes: 0
I200521 00:13:59.462142 28 storage/engine/rocksdb.go:120                   Options.compression_opts.enabled: false
I200521 00:13:59.462144 28 storage/engine/rocksdb.go:120       Options.level0_file_num_compaction_trigger: 2
I200521 00:13:59.462147 28 storage/engine/rocksdb.go:120           Options.level0_slowdown_writes_trigger: 950
I200521 00:13:59.462150 28 storage/engine/rocksdb.go:120               Options.level0_stop_writes_trigger: 1000
I200521 00:13:59.462152 28 storage/engine/rocksdb.go:120                    Options.target_file_size_base: 4194304
I200521 00:13:59.462179 28 storage/engine/rocksdb.go:120              Options.target_file_size_multiplier: 2
I200521 00:13:59.462183 28 storage/engine/rocksdb.go:120                 Options.max_bytes_for_level_base: 67108864
I200521 00:13:59.462186 28 storage/engine/rocksdb.go:120  Options.level_compaction_dynamic_level_bytes: 1
I200521 00:13:59.462190 28 storage/engine/rocksdb.go:120           Options.max_bytes_for_level_multiplier: 10.000000
I200521 00:13:59.462192 28 storage/engine/rocksdb.go:120  Options.max_bytes_for_level_multiplier_addtl[0]: 1
I200521 00:13:59.462195 28 storage/engine/rocksdb.go:120  Options.max_bytes_for_level_multiplier_addtl[1]: 1
I200521 00:13:59.462198 28 storage/engine/rocksdb.go:120  Options.max_bytes_for_level_multiplier_addtl[2]: 1
I200521 00:13:59.462201 28 storage/engine/rocksdb.go:120  Options.max_bytes_for_level_multiplier_addtl[3]: 1
I200521 00:13:59.462203 28 storage/engine/rocksdb.go:120  Options.max_bytes_for_level_multiplier_addtl[4]: 1
I200521 00:13:59.462214 28 storage/engine/rocksdb.go:120  Options.max_bytes_for_level_multiplier_addtl[5]: 1
I200521 00:13:59.462217 28 storage/engine/rocksdb.go:120  Options.max_bytes_for_level_multiplier_addtl[6]: 1
I200521 00:13:59.462219 28 storage/engine/rocksdb.go:120        Options.max_sequential_skip_in_iterations: 8
I200521 00:13:59.462222 28 storage/engine/rocksdb.go:120                     Options.max_compaction_bytes: 104857600
I200521 00:13:59.462225 28 storage/engine/rocksdb.go:120                         Options.arena_block_size: 8388608
I200521 00:13:59.462228 28 storage/engine/rocksdb.go:120    Options.soft_pending_compaction_bytes_limit: 2199023255552
I200521 00:13:59.462230 28 storage/engine/rocksdb.go:120    Options.hard_pending_compaction_bytes_limit: 4400193994752
I200521 00:13:59.462233 28 storage/engine/rocksdb.go:120        Options.rate_limit_delay_max_milliseconds: 100
I200521 00:13:59.462235 28 storage/engine/rocksdb.go:120                 Options.disable_auto_compactions: 0
I200521 00:13:59.462239 28 storage/engine/rocksdb.go:120                         Options.compaction_style: kCompactionStyleLevel
I200521 00:13:59.462242 28 storage/engine/rocksdb.go:120                           Options.compaction_pri: kMinOverlappingRatio
I200521 00:13:59.462245 28 storage/engine/rocksdb.go:120  Options.compaction_options_universal.size_ratio: 1
I200521 00:13:59.462248 28 storage/engine/rocksdb.go:120  Options.compaction_options_universal.min_merge_width: 2
I200521 00:13:59.462250 28 storage/engine/rocksdb.go:120  Options.compaction_options_universal.max_merge_width: 4294967295
I200521 00:13:59.462253 28 storage/engine/rocksdb.go:120  Options.compaction_options_universal.max_size_amplification_percent: 200
I200521 00:13:59.462256 28 storage/engine/rocksdb.go:120  Options.compaction_options_universal.compression_size_percent: -1
I200521 00:13:59.462259 28 storage/engine/rocksdb.go:120  Options.compaction_options_universal.stop_style: kCompactionStopStyleTotalSize
I200521 00:13:59.462261 28 storage/engine/rocksdb.go:120  Options.compaction_options_fifo.max_table_files_size: 1073741824
I200521 00:13:59.462264 28 storage/engine/rocksdb.go:120  Options.compaction_options_fifo.allow_compaction: 0
I200521 00:13:59.462268 28 storage/engine/rocksdb.go:120                    Options.table_properties_collectors: TimeBoundTblPropCollectorFactory; DeleteRangeTblPropCollectorFactory; 
I200521 00:13:59.462272 28 storage/engine/rocksdb.go:120                    Options.inplace_update_support: 0
I200521 00:13:59.462274 28 storage/engine/rocksdb.go:120                  Options.inplace_update_num_locks: 10000
I200521 00:13:59.462277 28 storage/engine/rocksdb.go:120                Options.memtable_prefix_bloom_size_ratio: 0.000000
I200521 00:13:59.462280 28 storage/engine/rocksdb.go:120                Options.memtable_whole_key_filtering: 0
I200521 00:13:59.462283 28 storage/engine/rocksdb.go:120    Options.memtable_huge_page_size: 0
I200521 00:13:59.462285 28 storage/engine/rocksdb.go:120                            Options.bloom_locality: 0
I200521 00:13:59.462288 28 storage/engine/rocksdb.go:120                     Options.max_successive_merges: 0
I200521 00:13:59.462291 28 storage/engine/rocksdb.go:120                 Options.optimize_filters_for_hits: 1
I200521 00:13:59.462293 28 storage/engine/rocksdb.go:120                 Options.paranoid_file_checks: 0
I200521 00:13:59.462299 28 storage/engine/rocksdb.go:120                 Options.force_consistency_checks: 0
I200521 00:13:59.462302 28 storage/engine/rocksdb.go:120                 Options.report_bg_io_stats: 0
I200521 00:13:59.462304 28 storage/engine/rocksdb.go:120                                Options.ttl: 0
I200521 00:13:59.462307 28 storage/engine/rocksdb.go:120           Options.periodic_compaction_seconds: 0
I200521 00:13:59.463480 28 storage/engine/rocksdb.go:120  [db/version_set.cc:4286] Recovered from manifest file:/var/lib/cockroach/cockroach-temp410042194/MANIFEST-000001 succeeded,manifest_file_number is 1, next_file_number is 3, last_sequence is 0, log_number is 0,prev_log_number is 0,max_column_family is 0,min_log_number_to_keep is 0
I200521 00:13:59.463486 28 storage/engine/rocksdb.go:120  [db/version_set.cc:4295] Column family [default] (ID 0), log number is 0
I200521 00:13:59.483239 28 storage/engine/rocksdb.go:120  DB pointer 0x7f06e0aa4000
I200521 00:13:59.504908 28 storage/engine/rocksdb.go:120  RocksDB version: 6.2.1
I200521 00:13:59.504918 28 storage/engine/rocksdb.go:120  Git sha rocksdb_build_git_sha:@b7009236531fa784872f4823eabf393501e41bf2@
I200521 00:13:59.504921 28 storage/engine/rocksdb.go:120  Compile date Mar 16 2020
I200521 00:13:59.504931 28 storage/engine/rocksdb.go:120  DB SUMMARY
I200521 00:13:59.507073 28 storage/engine/rocksdb.go:120  CURRENT file:  CURRENT
I200521 00:13:59.507081 28 storage/engine/rocksdb.go:120  IDENTITY file:  IDENTITY
I200521 00:13:59.507460 28 storage/engine/rocksdb.go:120  MANIFEST file:  MANIFEST-001109 size: 893 Bytes
I200521 00:13:59.507468 28 storage/engine/rocksdb.go:120  SST files in /var/lib/cockroach dir, Total Num: 7, files: 001101.sst 001102.sst 001103.sst 001104.sst 001105.sst 001106.sst 001108.sst 
I200521 00:13:59.507471 28 storage/engine/rocksdb.go:120  Write Ahead Log file in /var/lib/cockroach: 001110.log size: 710853 ; 
I200521 00:13:59.507480 28 storage/engine/rocksdb.go:120                          Options.error_if_exists: 0
I200521 00:13:59.507483 28 storage/engine/rocksdb.go:120                        Options.create_if_missing: 1
I200521 00:13:59.507486 28 storage/engine/rocksdb.go:120                          Options.paranoid_checks: 1
I200521 00:13:59.507489 28 storage/engine/rocksdb.go:120                                      Options.env: 0x75757a0
I200521 00:13:59.507492 28 storage/engine/rocksdb.go:120                                 Options.info_log: 0x7f06e0a27260
I200521 00:13:59.507495 28 storage/engine/rocksdb.go:120                 Options.max_file_opening_threads: 16
I200521 00:13:59.507500 28 storage/engine/rocksdb.go:120                               Options.statistics: 0x7f06e0a34080
I200521 00:13:59.507503 28 storage/engine/rocksdb.go:120                                Options.use_fsync: 0
I200521 00:13:59.507506 28 storage/engine/rocksdb.go:120                        Options.max_log_file_size: 0
I200521 00:13:59.507509 28 storage/engine/rocksdb.go:120                   Options.max_manifest_file_size: 134217728
I200521 00:13:59.507512 28 storage/engine/rocksdb.go:120                    Options.log_file_time_to_roll: 0
I200521 00:13:59.507515 28 storage/engine/rocksdb.go:120                        Options.keep_log_file_num: 1000
I200521 00:13:59.507518 28 storage/engine/rocksdb.go:120                     Options.recycle_log_file_num: 1
I200521 00:13:59.507523 28 storage/engine/rocksdb.go:120                          Options.allow_fallocate: 1
I200521 00:13:59.507526 28 storage/engine/rocksdb.go:120                         Options.allow_mmap_reads: 0
I200521 00:13:59.507529 28 storage/engine/rocksdb.go:120                        Options.allow_mmap_writes: 0
I200521 00:13:59.507532 28 storage/engine/rocksdb.go:120                         Options.use_direct_reads: 0
I200521 00:13:59.507534 28 storage/engine/rocksdb.go:120                         Options.use_direct_io_for_flush_and_compaction: 0
I200521 00:13:59.507537 28 storage/engine/rocksdb.go:120           Options.create_missing_column_families: 0
I200521 00:13:59.507542 28 storage/engine/rocksdb.go:120                               Options.db_log_dir: 
I200521 00:13:59.507545 28 storage/engine/rocksdb.go:120                                  Options.wal_dir: /var/lib/cockroach
I200521 00:13:59.507548 28 storage/engine/rocksdb.go:120                 Options.table_cache_numshardbits: 6
I200521 00:13:59.507551 28 storage/engine/rocksdb.go:120                       Options.max_subcompactions: 1
I200521 00:13:59.507554 28 storage/engine/rocksdb.go:120                   Options.max_background_flushes: -1
I200521 00:13:59.507565 28 storage/engine/rocksdb.go:120                          Options.WAL_ttl_seconds: 0
I200521 00:13:59.507568 28 storage/engine/rocksdb.go:120                        Options.WAL_size_limit_MB: 0
I200521 00:13:59.507573 28 storage/engine/rocksdb.go:120              Options.manifest_preallocation_size: 4194304
I200521 00:13:59.507576 28 storage/engine/rocksdb.go:120                      Options.is_fd_close_on_exec: 1
I200521 00:13:59.507579 28 storage/engine/rocksdb.go:120                    Options.advise_random_on_open: 1
I200521 00:13:59.507582 28 storage/engine/rocksdb.go:120                     Options.db_write_buffer_size: 0
I200521 00:13:59.507585 28 storage/engine/rocksdb.go:120                     Options.write_buffer_manager: 0x7f06e0a19090
I200521 00:13:59.507588 28 storage/engine/rocksdb.go:120          Options.access_hint_on_compaction_start: 1
I200521 00:13:59.507592 28 storage/engine/rocksdb.go:120   Options.new_table_reader_for_compaction_inputs: 0
I200521 00:13:59.507595 28 storage/engine/rocksdb.go:120            Options.random_access_max_buffer_size: 1048576
I200521 00:13:59.507598 28 storage/engine/rocksdb.go:120                       Options.use_adaptive_mutex: 0
I200521 00:13:59.507601 28 storage/engine/rocksdb.go:120                             Options.rate_limiter: (nil)
I200521 00:13:59.507605 28 storage/engine/rocksdb.go:120      Options.sst_file_manager.rate_bytes_per_sec: 0
I200521 00:13:59.507608 28 storage/engine/rocksdb.go:120                        Options.wal_recovery_mode: 0
I200521 00:13:59.507613 28 storage/engine/rocksdb.go:120                   Options.enable_thread_tracking: 0
I200521 00:13:59.507633 28 storage/engine/rocksdb.go:120                   Options.enable_pipelined_write: 0
I200521 00:13:59.507636 28 storage/engine/rocksdb.go:120          Options.allow_concurrent_memtable_write: 1
I200521 00:13:59.507639 28 storage/engine/rocksdb.go:120       Options.enable_write_thread_adaptive_yield: 1
I200521 00:13:59.507642 28 storage/engine/rocksdb.go:120              Options.write_thread_max_yield_usec: 100
I200521 00:13:59.507645 28 storage/engine/rocksdb.go:120             Options.write_thread_slow_yield_usec: 3
I200521 00:13:59.507648 28 storage/engine/rocksdb.go:120                                Options.row_cache: None
I200521 00:13:59.507665 28 storage/engine/rocksdb.go:120                               Options.wal_filter: None
I200521 00:13:59.507672 28 storage/engine/rocksdb.go:120              Options.avoid_flush_during_recovery: 0
I200521 00:13:59.507679 28 storage/engine/rocksdb.go:120              Options.allow_ingest_behind: 0
I200521 00:13:59.507682 28 storage/engine/rocksdb.go:120              Options.preserve_deletes: 0
I200521 00:13:59.507685 28 storage/engine/rocksdb.go:120              Options.two_write_queues: 0
I200521 00:13:59.507688 28 storage/engine/rocksdb.go:120              Options.manual_wal_flush: 1
I200521 00:13:59.507694 28 storage/engine/rocksdb.go:120              Options.atomic_flush: 0
I200521 00:13:59.507697 28 storage/engine/rocksdb.go:120              Options.avoid_unnecessary_blocking_io: 0
I200521 00:13:59.507700 28 storage/engine/rocksdb.go:120              Options.max_background_jobs: 2
I200521 00:13:59.507703 28 storage/engine/rocksdb.go:120              Options.max_background_compactions: -1
I200521 00:13:59.507706 28 storage/engine/rocksdb.go:120              Options.avoid_flush_during_shutdown: 0
I200521 00:13:59.507709 28 storage/engine/rocksdb.go:120            Options.writable_file_max_buffer_size: 1048576
I200521 00:13:59.507712 28 storage/engine/rocksdb.go:120              Options.delayed_write_rate : 16777216
I200521 00:13:59.507717 28 storage/engine/rocksdb.go:120              Options.max_total_wal_size: 0
I200521 00:13:59.507720 28 storage/engine/rocksdb.go:120              Options.delete_obsolete_files_period_micros: 21600000000
I200521 00:13:59.507723 28 storage/engine/rocksdb.go:120                    Options.stats_dump_period_sec: 0
I200521 00:13:59.507726 28 storage/engine/rocksdb.go:120                  Options.stats_persist_period_sec: 600
I200521 00:13:59.507729 28 storage/engine/rocksdb.go:120                  Options.stats_history_buffer_size: 1048576
I200521 00:13:59.507731 28 storage/engine/rocksdb.go:120                           Options.max_open_files: 1043576
I200521 00:13:59.507736 28 storage/engine/rocksdb.go:120                           Options.bytes_per_sync: 524288
I200521 00:13:59.507739 28 storage/engine/rocksdb.go:120                       Options.wal_bytes_per_sync: 0
I200521 00:13:59.507742 28 storage/engine/rocksdb.go:120                    Options.strict_bytes_per_sync: 1
I200521 00:13:59.507745 28 storage/engine/rocksdb.go:120        Options.compaction_readahead_size: 0
I200521 00:13:59.507748 28 storage/engine/rocksdb.go:120  Compression algorithms supported:
I200521 00:13:59.507751 28 storage/engine/rocksdb.go:120  	kZSTDNotFinalCompression supported: 0
I200521 00:13:59.507759 28 storage/engine/rocksdb.go:120  	kZSTD supported: 0
I200521 00:13:59.507762 28 storage/engine/rocksdb.go:120  	kXpressCompression supported: 0
I200521 00:13:59.507766 28 storage/engine/rocksdb.go:120  	kLZ4HCCompression supported: 0
I200521 00:13:59.507769 28 storage/engine/rocksdb.go:120  	kLZ4Compression supported: 0
I200521 00:13:59.507772 28 storage/engine/rocksdb.go:120  	kBZip2Compression supported: 0
I200521 00:13:59.507774 28 storage/engine/rocksdb.go:120  	kZlibCompression supported: 0
I200521 00:13:59.507777 28 storage/engine/rocksdb.go:120  	kSnappyCompression supported: 1
I200521 00:13:59.507786 28 storage/engine/rocksdb.go:120  Fast CRC32 supported: Supported on x86
I200521 00:13:59.510760 28 storage/engine/rocksdb.go:120  [db/version_set.cc:4072] Recovering from manifest file: /var/lib/cockroach/MANIFEST-001109
I200521 00:13:59.511168 28 storage/engine/rocksdb.go:120  [db/column_family.cc:488] --------------- Options for column family [default]:
I200521 00:13:59.511177 28 storage/engine/rocksdb.go:120                Options.comparator: cockroach_comparator
I200521 00:13:59.511195 28 storage/engine/rocksdb.go:120            Options.merge_operator: cockroach_merge_operator
I200521 00:13:59.511202 28 storage/engine/rocksdb.go:120         Options.compaction_filter: None
I200521 00:13:59.511205 28 storage/engine/rocksdb.go:120         Options.compaction_filter_factory: None
I200521 00:13:59.511208 28 storage/engine/rocksdb.go:120          Options.memtable_factory: SkipListFactory
I200521 00:13:59.511210 28 storage/engine/rocksdb.go:120             Options.table_factory: BlockBasedTable
I200521 00:13:59.511232 28 storage/engine/rocksdb.go:120             table_factory options:   flush_block_policy_factory: FlushBlockBySizePolicyFactory (0x7f06e0a28090)
  cache_index_and_filter_blocks: 0
  cache_index_and_filter_blocks_with_high_priority: 0
  pin_l0_filter_and_index_blocks_in_cache: 0
  pin_top_level_index_and_filter: 1
  index_type: 0
  data_block_index_type: 0
  index_shortening: 1
  data_block_hash_table_util_ratio: 0.750000
  hash_index_allow_collision: 1
  checksum: 1
  no_block_cache: 0
  block_cache: 0x7f06e0abc210
  block_cache_name: LRUCache
  block_cache_options:
    capacity : 67108864
    num_shard_bits : 4
    strict_capacity_limit : 0
    memory_allocator : None
    high_pri_pool_ratio: 0.000
  block_cache_compressed: (nil)
  persistent_cache: (nil)
  block_size: 32768
  block_size_deviation: 10
  block_restart_interval: 16
  index_block_restart_interval: 1
  metadata_block_size: 4096
  partition_filters: 0
  use_delta_encoding: 1
  filter_policy: rocksdb.BuiltinBloomFilter
  whole_key_filtering: 0
  verify_compression: 0
  read_amp_bytes_per_bit: 0
  format_version: 2
  enable_index_compression: 1
  block_align: 0
I200521 00:13:59.511236 28 storage/engine/rocksdb.go:120         Options.write_buffer_size: 67108864
I200521 00:13:59.511239 28 storage/engine/rocksdb.go:120   Options.max_write_buffer_number: 4
I200521 00:13:59.511242 28 storage/engine/rocksdb.go:120           Options.compression: Snappy
I200521 00:13:59.511245 28 storage/engine/rocksdb.go:120                   Options.bottommost_compression: Disabled
I200521 00:13:59.511248 28 storage/engine/rocksdb.go:120        Options.prefix_extractor: cockroach_prefix_extractor
I200521 00:13:59.511251 28 storage/engine/rocksdb.go:120    Options.memtable_insert_with_hint_prefix_extractor: nullptr
I200521 00:13:59.511253 28 storage/engine/rocksdb.go:120              Options.num_levels: 7
I200521 00:13:59.511256 28 storage/engine/rocksdb.go:120         Options.min_write_buffer_number_to_merge: 1
I200521 00:13:59.511259 28 storage/engine/rocksdb.go:120      Options.max_write_buffer_number_to_maintain: 0
I200521 00:13:59.511261 28 storage/engine/rocksdb.go:120             Options.bottommost_compression_opts.window_bits: -14
I200521 00:13:59.511264 28 storage/engine/rocksdb.go:120                   Options.bottommost_compression_opts.level: 32767
I200521 00:13:59.511267 28 storage/engine/rocksdb.go:120                Options.bottommost_compression_opts.strategy: 0
I200521 00:13:59.511269 28 storage/engine/rocksdb.go:120          Options.bottommost_compression_opts.max_dict_bytes: 0
I200521 00:13:59.511272 28 storage/engine/rocksdb.go:120          Options.bottommost_compression_opts.zstd_max_train_bytes: 0
I200521 00:13:59.511274 28 storage/engine/rocksdb.go:120                   Options.bottommost_compression_opts.enabled: false
I200521 00:13:59.511277 28 storage/engine/rocksdb.go:120             Options.compression_opts.window_bits: -14
I200521 00:13:59.511280 28 storage/engine/rocksdb.go:120                   Options.compression_opts.level: 32767
I200521 00:13:59.511283 28 storage/engine/rocksdb.go:120                Options.compression_opts.strategy: 0
I200521 00:13:59.511285 28 storage/engine/rocksdb.go:120          Options.compression_opts.max_dict_bytes: 0
I200521 00:13:59.511288 28 storage/engine/rocksdb.go:120          Options.compression_opts.zstd_max_train_bytes: 0
I200521 00:13:59.511290 28 storage/engine/rocksdb.go:120                   Options.compression_opts.enabled: false
I200521 00:13:59.511293 28 storage/engine/rocksdb.go:120       Options.level0_file_num_compaction_trigger: 2
I200521 00:13:59.511296 28 storage/engine/rocksdb.go:120           Options.level0_slowdown_writes_trigger: 950
I200521 00:13:59.511298 28 storage/engine/rocksdb.go:120               Options.level0_stop_writes_trigger: 1000
I200521 00:13:59.511301 28 storage/engine/rocksdb.go:120                    Options.target_file_size_base: 4194304
I200521 00:13:59.511304 28 storage/engine/rocksdb.go:120              Options.target_file_size_multiplier: 2
I200521 00:13:59.511306 28 storage/engine/rocksdb.go:120                 Options.max_bytes_for_level_base: 67108864
I200521 00:13:59.511309 28 storage/engine/rocksdb.go:120  Options.level_compaction_dynamic_level_bytes: 1
I200521 00:13:59.511312 28 storage/engine/rocksdb.go:120           Options.max_bytes_for_level_multiplier: 10.000000
I200521 00:13:59.511315 28 storage/engine/rocksdb.go:120  Options.max_bytes_for_level_multiplier_addtl[0]: 1
I200521 00:13:59.511318 28 storage/engine/rocksdb.go:120  Options.max_bytes_for_level_multiplier_addtl[1]: 1
I200521 00:13:59.511320 28 storage/engine/rocksdb.go:120  Options.max_bytes_for_level_multiplier_addtl[2]: 1
I200521 00:13:59.511323 28 storage/engine/rocksdb.go:120  Options.max_bytes_for_level_multiplier_addtl[3]: 1
I200521 00:13:59.511326 28 storage/engine/rocksdb.go:120  Options.max_bytes_for_level_multiplier_addtl[4]: 1
I200521 00:13:59.511328 28 storage/engine/rocksdb.go:120  Options.max_bytes_for_level_multiplier_addtl[5]: 1
I200521 00:13:59.511331 28 storage/engine/rocksdb.go:120  Options.max_bytes_for_level_multiplier_addtl[6]: 1
I200521 00:13:59.511334 28 storage/engine/rocksdb.go:120        Options.max_sequential_skip_in_iterations: 8
I200521 00:13:59.511337 28 storage/engine/rocksdb.go:120                     Options.max_compaction_bytes: 104857600
I200521 00:13:59.511339 28 storage/engine/rocksdb.go:120                         Options.arena_block_size: 8388608
I200521 00:13:59.511342 28 storage/engine/rocksdb.go:120    Options.soft_pending_compaction_bytes_limit: 2199023255552
I200521 00:13:59.511345 28 storage/engine/rocksdb.go:120    Options.hard_pending_compaction_bytes_limit: 4400193994752
I200521 00:13:59.511347 28 storage/engine/rocksdb.go:120        Options.rate_limit_delay_max_milliseconds: 100
I200521 00:13:59.511350 28 storage/engine/rocksdb.go:120                 Options.disable_auto_compactions: 0
I200521 00:13:59.511353 28 storage/engine/rocksdb.go:120                         Options.compaction_style: kCompactionStyleLevel
I200521 00:13:59.511356 28 storage/engine/rocksdb.go:120                           Options.compaction_pri: kMinOverlappingRatio
I200521 00:13:59.511359 28 storage/engine/rocksdb.go:120  Options.compaction_options_universal.size_ratio: 1
I200521 00:13:59.511361 28 storage/engine/rocksdb.go:120  Options.compaction_options_universal.min_merge_width: 2
I200521 00:13:59.511364 28 storage/engine/rocksdb.go:120  Options.compaction_options_universal.max_merge_width: 4294967295
I200521 00:13:59.511367 28 storage/engine/rocksdb.go:120  Options.compaction_options_universal.max_size_amplification_percent: 200
I200521 00:13:59.511369 28 storage/engine/rocksdb.go:120  Options.compaction_options_universal.compression_size_percent: -1
I200521 00:13:59.511372 28 storage/engine/rocksdb.go:120  Options.compaction_options_universal.stop_style: kCompactionStopStyleTotalSize
I200521 00:13:59.511375 28 storage/engine/rocksdb.go:120  Options.compaction_options_fifo.max_table_files_size: 1073741824
I200521 00:13:59.511378 28 storage/engine/rocksdb.go:120  Options.compaction_options_fifo.allow_compaction: 0
I200521 00:13:59.511382 28 storage/engine/rocksdb.go:120                    Options.table_properties_collectors: TimeBoundTblPropCollectorFactory; DeleteRangeTblPropCollectorFactory; 
I200521 00:13:59.511385 28 storage/engine/rocksdb.go:120                    Options.inplace_update_support: 0
I200521 00:13:59.511388 28 storage/engine/rocksdb.go:120                  Options.inplace_update_num_locks: 10000
I200521 00:13:59.511390 28 storage/engine/rocksdb.go:120                Options.memtable_prefix_bloom_size_ratio: 0.000000
I200521 00:13:59.511393 28 storage/engine/rocksdb.go:120                Options.memtable_whole_key_filtering: 0
I200521 00:13:59.511396 28 storage/engine/rocksdb.go:120    Options.memtable_huge_page_size: 0
I200521 00:13:59.511398 28 storage/engine/rocksdb.go:120                            Options.bloom_locality: 0
I200521 00:13:59.511401 28 storage/engine/rocksdb.go:120                     Options.max_successive_merges: 0
I200521 00:13:59.511404 28 storage/engine/rocksdb.go:120                 Options.optimize_filters_for_hits: 1
I200521 00:13:59.511406 28 storage/engine/rocksdb.go:120                 Options.paranoid_file_checks: 0
I200521 00:13:59.511409 28 storage/engine/rocksdb.go:120                 Options.force_consistency_checks: 0
I200521 00:13:59.511411 28 storage/engine/rocksdb.go:120                 Options.report_bg_io_stats: 0
I200521 00:13:59.511414 28 storage/engine/rocksdb.go:120                                Options.ttl: 0
I200521 00:13:59.511416 28 storage/engine/rocksdb.go:120           Options.periodic_compaction_seconds: 0
I200521 00:13:59.520113 28 storage/engine/rocksdb.go:120  [db/version_set.cc:4286] Recovered from manifest file:/var/lib/cockroach/MANIFEST-001109 succeeded,manifest_file_number is 1109, next_file_number is 1111, last_sequence is 19339167, log_number is 1099,prev_log_number is 0,max_column_family is 0,min_log_number_to_keep is 0
I200521 00:13:59.520122 28 storage/engine/rocksdb.go:120  [db/version_set.cc:4295] Column family [default] (ID 0), log number is 1099
I200521 00:13:59.522515 28 storage/engine/rocksdb.go:120  EVENT_LOG_v1 {"time_micros": 1590020039522499, "job": 1, "event": "recovery_started", "log_files": [1110]}
I200521 00:13:59.522523 28 storage/engine/rocksdb.go:120  [db/db_impl_open.cc:598] Recovering log #1110 mode 0
I200521 00:13:59.578232 28 storage/engine/rocksdb.go:120  EVENT_LOG_v1 {"time_micros": 1590020039578164, "cf_name": "default", "job": 1, "event": "table_file_creation", "file_number": 1111, "file_size": 73959, "table_properties": {"data_size": 71184, "index_size": 439, "index_partitions": 0, "top_level_index_size": 0, "index_key_is_user_key": 0, "index_value_is_delta_encoded": 0, "filter_size": 1477, "raw_key_size": 50723, "raw_average_key_size": 41, "raw_value_size": 323168, "raw_average_value_size": 267, "num_data_blocks": 10, "num_entries": 1209, "num_deletions": 147, "num_merge_operands": 664, "num_range_deletions": 664, "format_version": 0, "fixed_key_len": 0, "filter_policy": "rocksdb.BuiltinBloomFilter", "column_family_name": "default", "column_family_id": 0, "comparator": "cockroach_comparator", "merge_operator": "cockroach_merge_operator", "prefix_extractor_name": "cockroach_prefix_extractor", "property_collectors": "[TimeBoundTblPropCollectorFactory,DeleteRangeTblPropCollectorFactory]", "compression": "Snappy", "compression_options": "window_bits=-14; level=32767; strategy=0; max_dict_bytes=0; zstd_max_train_bytes=0; enabled=0; ", "creation_time": 1590020039, "oldest_key_time": 3, "file_creation_time": 0}}
I200521 00:13:59.578475 28 storage/engine/rocksdb.go:120  [db/version_set.cc:3560] Creating manifest 1112
I200521 00:13:59.588553 28 storage/engine/rocksdb.go:120  EVENT_LOG_v1 {"time_micros": 1590020039588527, "job": 1, "event": "recovery_finished"}
I200521 00:13:59.607142 17 storage/engine/rocksdb.go:120  [db/compaction_job.cc:1647] [default] [JOB 3] Compacting 2@0 + 6@6 files to L6, score 1.00
I200521 00:13:59.607167 17 storage/engine/rocksdb.go:120  [db/compaction_job.cc:1651] [default] Compaction start summary: Base version 2 Base level 0, inputs: [1111(72KB) 1108(83KB)], [1101(4117KB) 1102(4123KB) 1103(4111KB) 1104(4114KB) 1105(4111KB) 1106(1511KB)]
I200521 00:13:59.607199 17 storage/engine/rocksdb.go:120  EVENT_LOG_v1 {"time_micros": 1590020039607182, "job": 3, "event": "compaction_started", "compaction_reason": "LevelL0FilesNum", "files_L0": [1111, 1108], "files_L6": [1101, 1102, 1103, 1104, 1105, 1106], "score": 1, "input_data_size": 22780224}
I200521 00:13:59.617259 28 storage/engine/rocksdb.go:120  DB pointer 0x7f06e0b34000
I200521 00:13:59.704693 17 storage/engine/rocksdb.go:120  [db/compaction_job.cc:1334] [default] [JOB 3] Generated table #1116: 12838 keys, 4219952 bytes
I200521 00:13:59.704735 17 storage/engine/rocksdb.go:120  EVENT_LOG_v1 {"time_micros": 1590020039704710, "cf_name": "default", "job": 3, "event": "table_file_creation", "file_number": 1116, "file_size": 4219952, "table_properties": {"data_size": 4201572, "index_size": 66139, "index_partitions": 0, "top_level_index_size": 0, "index_key_is_user_key": 0, "index_value_is_delta_encoded": 0, "filter_size": 0, "raw_key_size": 622909, "raw_average_key_size": 48, "raw_value_size": 30320394, "raw_average_value_size": 2361, "num_data_blocks": 967, "num_entries": 12838, "num_deletions": 0, "num_merge_operands": 0, "num_range_deletions": 0, "format_version": 0, "fixed_key_len": 0, "filter_policy": "rocksdb.BuiltinBloomFilter", "column_family_name": "default", "column_family_id": 0, "comparator": "cockroach_comparator", "merge_operator": "cockroach_merge_operator", "prefix_extractor_name": "cockroach_prefix_extractor", "property_collectors": "[TimeBoundTblPropCollectorFactory,DeleteRangeTblPropCollectorFactory]", "compression": "Snappy", "compression_options": "window_bits=-14; level=32767; strategy=0; max_dict_bytes=0; zstd_max_train_bytes=0; enabled=0; ", "creation_time": 1590020039, "oldest_key_time": 0, "file_creation_time": 1590020039}}
I200521 00:13:59.815283 17 storage/engine/rocksdb.go:120  [db/compaction_job.cc:1334] [default] [JOB 3] Generated table #1117: 13409 keys, 4220360 bytes
I200521 00:13:59.815357 17 storage/engine/rocksdb.go:120  EVENT_LOG_v1 {"time_micros": 1590020039815303, "cf_name": "default", "job": 3, "event": "table_file_creation", "file_number": 1117, "file_size": 4220360, "table_properties": {"data_size": 4195682, "index_size": 93704, "index_partitions": 0, "top_level_index_size": 0, "index_key_is_user_key": 0, "index_value_is_delta_encoded": 0, "filter_size": 0, "raw_key_size": 764735, "raw_average_key_size": 57, "raw_value_size": 42175608, "raw_average_value_size": 3145, "num_data_blocks": 1347, "num_entries": 13409, "num_deletions": 0, "num_merge_operands": 0, "num_range_deletions": 0, "format_version": 0, "fixed_key_len": 0, "filter_policy": "rocksdb.BuiltinBloomFilter", "column_family_name": "default", "column_family_id": 0, "comparator": "cockroach_comparator", "merge_operator": "cockroach_merge_operator", "prefix_extractor_name": "cockroach_prefix_extractor", "property_collectors": "[TimeBoundTblPropCollectorFactory,DeleteRangeTblPropCollectorFactory]", "compression": "Snappy", "compression_options": "window_bits=-14; level=32767; strategy=0; max_dict_bytes=0; zstd_max_train_bytes=0; enabled=0; ", "creation_time": 1590020039, "oldest_key_time": 0, "file_creation_time": 1590020039}}
I200521 00:13:59.896146 17 storage/engine/rocksdb.go:120  [db/compaction_job.cc:1334] [default] [JOB 3] Generated table #1118: 6553 keys, 4210808 bytes
I200521 00:13:59.896208 17 storage/engine/rocksdb.go:120  EVENT_LOG_v1 {"time_micros": 1590020039896181, "cf_name": "default", "job": 3, "event": "table_file_creation", "file_number": 1118, "file_size": 4210808, "table_properties": {"data_size": 4198280, "index_size": 44525, "index_partitions": 0, "top_level_index_size": 0, "index_key_is_user_key": 0, "index_value_is_delta_encoded": 0, "filter_size": 0, "raw_key_size": 361643, "raw_average_key_size": 55, "raw_value_size": 20614186, "raw_average_value_size": 3145, "num_data_blocks": 659, "num_entries": 6553, "num_deletions": 0, "num_merge_operands": 0, "num_range_deletions": 0, "format_version": 0, "fixed_key_len": 0, "filter_policy": "rocksdb.BuiltinBloomFilter", "column_family_name": "default", "column_family_id": 0, "comparator": "cockroach_comparator", "merge_operator": "cockroach_merge_operator", "prefix_extractor_name": "cockroach_prefix_extractor", "property_collectors": "[TimeBoundTblPropCollectorFactory,DeleteRangeTblPropCollectorFactory]", "compression": "Snappy", "compression_options": "window_bits=-14; level=32767; strategy=0; max_dict_bytes=0; zstd_max_train_bytes=0; enabled=0; ", "creation_time": 1590020039, "oldest_key_time": 0, "file_creation_time": 1590020039}}
I200521 00:13:59.976406 17 storage/engine/rocksdb.go:120  [db/compaction_job.cc:1334] [default] [JOB 3] Generated table #1119: 8611 keys, 4212464 bytes
I200521 00:13:59.976453 17 storage/engine/rocksdb.go:120  EVENT_LOG_v1 {"time_micros": 1590020039976427, "cf_name": "default", "job": 3, "event": "table_file_creation", "file_number": 1119, "file_size": 4212464, "table_properties": {"data_size": 4195836, "index_size": 57309, "index_partitions": 0, "top_level_index_size": 0, "index_key_is_user_key": 0, "index_value_is_delta_encoded": 0, "filter_size": 0, "raw_key_size": 462386, "raw_average_key_size": 53, "raw_value_size": 27076418, "raw_average_value_size": 3144, "num_data_blocks": 865, "num_entries": 8611, "num_deletions": 0, "num_merge_operands": 0, "num_range_deletions": 0, "format_version": 0, "fixed_key_len": 0, "filter_policy": "rocksdb.BuiltinBloomFilter", "column_family_name": "default", "column_family_id": 0, "comparator": "cockroach_comparator", "merge_operator": "cockroach_merge_operator", "prefix_extractor_name": "cockroach_prefix_extractor", "property_collectors": "[TimeBoundTblPropCollectorFactory,DeleteRangeTblPropCollectorFactory]", "compression": "Snappy", "compression_options": "window_bits=-14; level=32767; strategy=0; max_dict_bytes=0; zstd_max_train_bytes=0; enabled=0; ", "creation_time": 1590020039, "oldest_key_time": 0, "file_creation_time": 1590020039}}
I200521 00:14:00.066965 17 storage/engine/rocksdb.go:120  [db/compaction_job.cc:1334] [default] [JOB 3] Generated table #1120: 7590 keys, 4210437 bytes
I200521 00:14:00.067008 17 storage/engine/rocksdb.go:120  EVENT_LOG_v1 {"time_micros": 1590020040066984, "cf_name": "default", "job": 3, "event": "table_file_creation", "file_number": 1120, "file_size": 4210437, "table_properties": {"data_size": 4195731, "index_size": 53946, "index_partitions": 0, "top_level_index_size": 0, "index_key_is_user_key": 0, "index_value_is_delta_encoded": 0, "filter_size": 0, "raw_key_size": 441264, "raw_average_key_size": 58, "raw_value_size": 23876062, "raw_average_value_size": 3145, "num_data_blocks": 763, "num_entries": 7590, "num_deletions": 0, "num_merge_operands": 0, "num_range_deletions": 0, "format_version": 0, "fixed_key_len": 0, "filter_policy": "rocksdb.BuiltinBloomFilter", "column_family_name": "default", "column_family_id": 0, "comparator": "cockroach_comparator", "merge_operator": "cockroach_merge_operator", "prefix_extractor_name": "cockroach_prefix_extractor", "property_collectors": "[TimeBoundTblPropCollectorFactory,DeleteRangeTblPropCollectorFactory]", "compression": "Snappy", "compression_options": "window_bits=-14; level=32767; strategy=0; max_dict_bytes=0; zstd_max_train_bytes=0; enabled=0; ", "creation_time": 1590020039, "oldest_key_time": 0, "file_creation_time": 1590020039}}
I200521 00:14:00.109462 17 storage/engine/rocksdb.go:120  [db/compaction_job.cc:1334] [default] [JOB 3] Generated table #1121: 5740 keys, 1569886 bytes
I200521 00:14:00.109510 17 storage/engine/rocksdb.go:120  EVENT_LOG_v1 {"time_micros": 1590020040109484, "cf_name": "default", "job": 3, "event": "table_file_creation", "file_number": 1121, "file_size": 1569886, "table_properties": {"data_size": 1562195, "index_size": 25619, "index_partitions": 0, "top_level_index_size": 0, "index_key_is_user_key": 0, "index_value_is_delta_encoded": 0, "filter_size": 0, "raw_key_size": 296558, "raw_average_key_size": 51, "raw_value_size": 11434102, "raw_average_value_size": 1992, "num_data_blocks": 367, "num_entries": 5740, "num_deletions": 0, "num_merge_operands": 0, "num_range_deletions": 0, "format_version": 0, "fixed_key_len": 0, "filter_policy": "rocksdb.BuiltinBloomFilter", "column_family_name": "default", "column_family_id": 0, "comparator": "cockroach_comparator", "merge_operator": "cockroach_merge_operator", "prefix_extractor_name": "cockroach_prefix_extractor", "property_collectors": "[TimeBoundTblPropCollectorFactory,DeleteRangeTblPropCollectorFactory]", "compression": "Snappy", "compression_options": "window_bits=-14; level=32767; strategy=0; max_dict_bytes=0; zstd_max_train_bytes=0; enabled=0; ", "creation_time": 1590020039, "oldest_key_time": 0, "file_creation_time": 1590020040}}
I200521 00:14:00.123275 17 storage/engine/rocksdb.go:120  [db/compaction_job.cc:1397] [default] [JOB 3] Compacted 2@0 + 6@6 files to L6 => 22643907 bytes
I200521 00:14:00.124339 17 storage/engine/rocksdb.go:120  (Original Log Time 2020/05/21-00:14:00.124217) [db/compaction_job.cc:770] [default] compacted to: base level 6 level multiplier 10.00 max bytes base 67108864 files[0 0 0 0 0 0 6] max score 0.00, MB/sec: 45.2 rd, 44.9 wr, level 6, files in(2, 6) out(6) MB in(0.2, 21.6) out(21.6), read-write-amplify(284.2) write-amplify(141.7) OK, records in: 57217, records dropped: 1148 output_compression: Snappy
I200521 00:14:00.124349 17 storage/engine/rocksdb.go:120  (Original Log Time 2020/05/21-00:14:00.124242) EVENT_LOG_v1 {"time_micros": 1590020040124230, "job": 3, "event": "compaction_finished", "compaction_time_micros": 504194, "compaction_time_cpu_micros": 196305, "output_level": 6, "num_output_files": 6, "total_output_size": 22643907, "num_input_records": 55889, "num_output_records": 54741, "num_subcompactions": 1, "output_compression": "Snappy", "num_single_delete_mismatches": 0, "num_single_delete_fallthrough": 0, "lsm_state": [0, 0, 0, 0, 0, 0, 6]}
I200521 00:14:00.124901 17 storage/engine/rocksdb.go:120  EVENT_LOG_v1 {"time_micros": 1590020040124889, "job": 3, "event": "table_file_deletion", "file_number": 1111}
I200521 00:14:00.125505 17 storage/engine/rocksdb.go:120  EVENT_LOG_v1 {"time_micros": 1590020040125485, "job": 3, "event": "table_file_deletion", "file_number": 1108}
I200521 00:14:00.126365 17 storage/engine/rocksdb.go:120  EVENT_LOG_v1 {"time_micros": 1590020040126352, "job": 3, "event": "table_file_deletion", "file_number": 1106}
I200521 00:14:00.127564 17 storage/engine/rocksdb.go:120  EVENT_LOG_v1 {"time_micros": 1590020040127550, "job": 3, "event": "table_file_deletion", "file_number": 1105}
I200521 00:14:00.129213 17 storage/engine/rocksdb.go:120  EVENT_LOG_v1 {"time_micros": 1590020040129193, "job": 3, "event": "table_file_deletion", "file_number": 1104}
I200521 00:14:00.131052 17 storage/engine/rocksdb.go:120  EVENT_LOG_v1 {"time_micros": 1590020040131020, "job": 3, "event": "table_file_deletion", "file_number": 1103}
I200521 00:14:00.132264 17 storage/engine/rocksdb.go:120  EVENT_LOG_v1 {"time_micros": 1590020040132245, "job": 3, "event": "table_file_deletion", "file_number": 1102}
I200521 00:14:00.133311 17 storage/engine/rocksdb.go:120  EVENT_LOG_v1 {"time_micros": 1590020040133298, "job": 3, "event": "table_file_deletion", "file_number": 1101}
I200521 00:14:33.882273 983 storage/engine/rocksdb.go:120  bloom filter utility:    -nan%
I200521 00:14:33.882786 983 storage/engine/rocksdb.go:120  [db/db_impl.cc:392] Shutdown: canceling all background work
I200521 00:14:33.884896 983 storage/engine/rocksdb.go:120  [db/db_impl.cc:565] Shutdown complete
I200521 00:14:33.894924 983 storage/engine/rocksdb.go:120  bloom filter utility:    52.1%
I200521 00:14:33.895239 983 storage/engine/rocksdb.go:120  [db/db_impl.cc:392] Shutdown: canceling all background work
I200521 00:14:33.902864 983 storage/engine/rocksdb.go:120  [db/db_impl.cc:565] Shutdown complete
