I200514 19:19:43.915833 34 util/log/clog.go:1196  [config] file created at: 2020/05/14 19:19:43
I200514 19:19:43.915833 34 util/log/clog.go:1196  [config] running on machine: 79c7fa47b535
I200514 19:19:43.915833 34 util/log/clog.go:1196  [config] binary: CockroachDB CCL v19.2.5 (x86_64-unknown-linux-gnu, built 2020/03/16 18:27:12, go1.12.12)
I200514 19:19:43.915833 34 util/log/clog.go:1196  [config] arguments: [/cockroach/cockroach start --insecure --store=attrs=ssd,path=/var/lib/cockroach/]
I200514 19:19:43.915833 34 util/log/clog.go:1196  line format: [IWEF]yymmdd hh:mm:ss.uuuuuu goid file:line msg utf8=✓
I200514 19:19:43.915833 34 storage/engine/rocksdb.go:120  RocksDB version: 6.2.1
I200514 19:19:43.923414 34 storage/engine/rocksdb.go:120  Git sha rocksdb_build_git_sha:@b7009236531fa784872f4823eabf393501e41bf2@
I200514 19:19:43.923425 34 storage/engine/rocksdb.go:120  Compile date Mar 16 2020
I200514 19:19:43.923428 34 storage/engine/rocksdb.go:120  DB SUMMARY
I200514 19:19:43.924487 34 storage/engine/rocksdb.go:120  SST files in /var/lib/cockroach/cockroach-temp935454524 dir, Total Num: 0, files: 
I200514 19:19:44.120564 34 storage/engine/rocksdb.go:120  Write Ahead Log file in /var/lib/cockroach/cockroach-temp935454524: 
I200514 19:19:44.120886 34 storage/engine/rocksdb.go:120                          Options.error_if_exists: 0
I200514 19:19:44.120889 34 storage/engine/rocksdb.go:120                        Options.create_if_missing: 1
I200514 19:19:44.120892 34 storage/engine/rocksdb.go:120                          Options.paranoid_checks: 1
I200514 19:19:44.120895 34 storage/engine/rocksdb.go:120                                      Options.env: 0x75757a0
I200514 19:19:44.120897 34 storage/engine/rocksdb.go:120                                 Options.info_log: 0x7f689b0270e0
I200514 19:19:44.120904 34 storage/engine/rocksdb.go:120                 Options.max_file_opening_threads: 16
I200514 19:19:44.120907 34 storage/engine/rocksdb.go:120                               Options.statistics: 0x7f689b034010
I200514 19:19:44.120909 34 storage/engine/rocksdb.go:120                                Options.use_fsync: 0
I200514 19:19:44.120912 34 storage/engine/rocksdb.go:120                        Options.max_log_file_size: 0
I200514 19:19:44.120915 34 storage/engine/rocksdb.go:120                   Options.max_manifest_file_size: 134217728
I200514 19:19:44.120918 34 storage/engine/rocksdb.go:120                    Options.log_file_time_to_roll: 0
I200514 19:19:44.120920 34 storage/engine/rocksdb.go:120                        Options.keep_log_file_num: 1000
I200514 19:19:44.120923 34 storage/engine/rocksdb.go:120                     Options.recycle_log_file_num: 1
I200514 19:19:44.120926 34 storage/engine/rocksdb.go:120                          Options.allow_fallocate: 1
I200514 19:19:44.120928 34 storage/engine/rocksdb.go:120                         Options.allow_mmap_reads: 0
I200514 19:19:44.120931 34 storage/engine/rocksdb.go:120                        Options.allow_mmap_writes: 0
I200514 19:19:44.120933 34 storage/engine/rocksdb.go:120                         Options.use_direct_reads: 0
I200514 19:19:44.120936 34 storage/engine/rocksdb.go:120                         Options.use_direct_io_for_flush_and_compaction: 0
I200514 19:19:44.120939 34 storage/engine/rocksdb.go:120           Options.create_missing_column_families: 0
I200514 19:19:44.120942 34 storage/engine/rocksdb.go:120                               Options.db_log_dir: 
I200514 19:19:44.120945 34 storage/engine/rocksdb.go:120                                  Options.wal_dir: /var/lib/cockroach/cockroach-temp935454524
I200514 19:19:44.120948 34 storage/engine/rocksdb.go:120                 Options.table_cache_numshardbits: 6
I200514 19:19:44.120951 34 storage/engine/rocksdb.go:120                       Options.max_subcompactions: 1
I200514 19:19:44.120953 34 storage/engine/rocksdb.go:120                   Options.max_background_flushes: -1
I200514 19:19:44.120956 34 storage/engine/rocksdb.go:120                          Options.WAL_ttl_seconds: 0
I200514 19:19:44.120958 34 storage/engine/rocksdb.go:120                        Options.WAL_size_limit_MB: 0
I200514 19:19:44.120961 34 storage/engine/rocksdb.go:120              Options.manifest_preallocation_size: 4194304
I200514 19:19:44.120963 34 storage/engine/rocksdb.go:120                      Options.is_fd_close_on_exec: 1
I200514 19:19:44.120966 34 storage/engine/rocksdb.go:120                    Options.advise_random_on_open: 1
I200514 19:19:44.120969 34 storage/engine/rocksdb.go:120                     Options.db_write_buffer_size: 0
I200514 19:19:44.120971 34 storage/engine/rocksdb.go:120                     Options.write_buffer_manager: 0x7f689b0190f0
I200514 19:19:44.120974 34 storage/engine/rocksdb.go:120          Options.access_hint_on_compaction_start: 1
I200514 19:19:44.120976 34 storage/engine/rocksdb.go:120   Options.new_table_reader_for_compaction_inputs: 0
I200514 19:19:44.120979 34 storage/engine/rocksdb.go:120            Options.random_access_max_buffer_size: 1048576
I200514 19:19:44.120981 34 storage/engine/rocksdb.go:120                       Options.use_adaptive_mutex: 0
I200514 19:19:44.120984 34 storage/engine/rocksdb.go:120                             Options.rate_limiter: (nil)
I200514 19:19:44.120988 34 storage/engine/rocksdb.go:120      Options.sst_file_manager.rate_bytes_per_sec: 0
I200514 19:19:44.120991 34 storage/engine/rocksdb.go:120                        Options.wal_recovery_mode: 0
I200514 19:19:44.120993 34 storage/engine/rocksdb.go:120                   Options.enable_thread_tracking: 0
I200514 19:19:44.120997 34 storage/engine/rocksdb.go:120                   Options.enable_pipelined_write: 0
I200514 19:19:44.121000 34 storage/engine/rocksdb.go:120          Options.allow_concurrent_memtable_write: 1
I200514 19:19:44.121002 34 storage/engine/rocksdb.go:120       Options.enable_write_thread_adaptive_yield: 1
I200514 19:19:44.121018 34 storage/engine/rocksdb.go:120              Options.write_thread_max_yield_usec: 100
I200514 19:19:44.121034 34 storage/engine/rocksdb.go:120             Options.write_thread_slow_yield_usec: 3
I200514 19:19:44.121041 34 storage/engine/rocksdb.go:120                                Options.row_cache: None
I200514 19:19:44.121044 34 storage/engine/rocksdb.go:120                               Options.wal_filter: None
I200514 19:19:44.121047 34 storage/engine/rocksdb.go:120              Options.avoid_flush_during_recovery: 0
I200514 19:19:44.121050 34 storage/engine/rocksdb.go:120              Options.allow_ingest_behind: 0
I200514 19:19:44.121053 34 storage/engine/rocksdb.go:120              Options.preserve_deletes: 0
I200514 19:19:44.121056 34 storage/engine/rocksdb.go:120              Options.two_write_queues: 0
I200514 19:19:44.121059 34 storage/engine/rocksdb.go:120              Options.manual_wal_flush: 1
I200514 19:19:44.121062 34 storage/engine/rocksdb.go:120              Options.atomic_flush: 0
I200514 19:19:44.121064 34 storage/engine/rocksdb.go:120              Options.avoid_unnecessary_blocking_io: 0
I200514 19:19:44.121067 34 storage/engine/rocksdb.go:120              Options.max_background_jobs: 2
I200514 19:19:44.121070 34 storage/engine/rocksdb.go:120              Options.max_background_compactions: -1
I200514 19:19:44.121072 34 storage/engine/rocksdb.go:120              Options.avoid_flush_during_shutdown: 0
I200514 19:19:44.121075 34 storage/engine/rocksdb.go:120            Options.writable_file_max_buffer_size: 1048576
I200514 19:19:44.121077 34 storage/engine/rocksdb.go:120              Options.delayed_write_rate : 16777216
I200514 19:19:44.121080 34 storage/engine/rocksdb.go:120              Options.max_total_wal_size: 0
I200514 19:19:44.121082 34 storage/engine/rocksdb.go:120              Options.delete_obsolete_files_period_micros: 21600000000
I200514 19:19:44.121085 34 storage/engine/rocksdb.go:120                    Options.stats_dump_period_sec: 0
I200514 19:19:44.121088 34 storage/engine/rocksdb.go:120                  Options.stats_persist_period_sec: 600
I200514 19:19:44.121090 34 storage/engine/rocksdb.go:120                  Options.stats_history_buffer_size: 1048576
I200514 19:19:44.121093 34 storage/engine/rocksdb.go:120                           Options.max_open_files: 128
I200514 19:19:44.121095 34 storage/engine/rocksdb.go:120                           Options.bytes_per_sync: 524288
I200514 19:19:44.121098 34 storage/engine/rocksdb.go:120                       Options.wal_bytes_per_sync: 0
I200514 19:19:44.121101 34 storage/engine/rocksdb.go:120                    Options.strict_bytes_per_sync: 1
I200514 19:19:44.121104 34 storage/engine/rocksdb.go:120        Options.compaction_readahead_size: 0
I200514 19:19:44.121106 34 storage/engine/rocksdb.go:120  Compression algorithms supported:
I200514 19:19:44.121110 34 storage/engine/rocksdb.go:120  	kZSTDNotFinalCompression supported: 0
I200514 19:19:44.121113 34 storage/engine/rocksdb.go:120  	kZSTD supported: 0
I200514 19:19:44.121116 34 storage/engine/rocksdb.go:120  	kXpressCompression supported: 0
I200514 19:19:44.121118 34 storage/engine/rocksdb.go:120  	kLZ4HCCompression supported: 0
I200514 19:19:44.121121 34 storage/engine/rocksdb.go:120  	kLZ4Compression supported: 0
I200514 19:19:44.121124 34 storage/engine/rocksdb.go:120  	kBZip2Compression supported: 0
I200514 19:19:44.121127 34 storage/engine/rocksdb.go:120  	kZlibCompression supported: 0
I200514 19:19:44.121129 34 storage/engine/rocksdb.go:120  	kSnappyCompression supported: 1
I200514 19:19:44.121138 34 storage/engine/rocksdb.go:120  Fast CRC32 supported: Supported on x86
I200514 19:19:44.123072 34 storage/engine/rocksdb.go:120  [db/db_impl_open.cc:242] Creating manifest 1 
I200514 19:19:44.138722 34 storage/engine/rocksdb.go:120  [db/version_set.cc:4072] Recovering from manifest file: /var/lib/cockroach/cockroach-temp935454524/MANIFEST-000001
I200514 19:19:44.139832 34 storage/engine/rocksdb.go:120  [db/column_family.cc:488] --------------- Options for column family [default]:
I200514 19:19:44.139837 34 storage/engine/rocksdb.go:120                Options.comparator: cockroach_comparator
I200514 19:19:44.139840 34 storage/engine/rocksdb.go:120            Options.merge_operator: cockroach_merge_operator
I200514 19:19:44.139843 34 storage/engine/rocksdb.go:120         Options.compaction_filter: None
I200514 19:19:44.139845 34 storage/engine/rocksdb.go:120         Options.compaction_filter_factory: None
I200514 19:19:44.139849 34 storage/engine/rocksdb.go:120          Options.memtable_factory: SkipListFactory
I200514 19:19:44.139852 34 storage/engine/rocksdb.go:120             Options.table_factory: BlockBasedTable
I200514 19:19:44.139870 34 storage/engine/rocksdb.go:120             table_factory options:   flush_block_policy_factory: FlushBlockBySizePolicyFactory (0x7f689b028030)
  cache_index_and_filter_blocks: 0
  cache_index_and_filter_blocks_with_high_priority: 0
  pin_l0_filter_and_index_blocks_in_cache: 0
  pin_top_level_index_and_filter: 1
  index_type: 0
  data_block_index_type: 0
  index_shortening: 1
  data_block_hash_table_util_ratio: 0.750000
  hash_index_allow_collision: 1
  checksum: 1
  no_block_cache: 0
  block_cache: 0x7f689b01c010
  block_cache_name: LRUCache
  block_cache_options:
    capacity : 1048576
    num_shard_bits : 4
    strict_capacity_limit : 0
    memory_allocator : None
    high_pri_pool_ratio: 0.000
  block_cache_compressed: (nil)
  persistent_cache: (nil)
  block_size: 32768
  block_size_deviation: 10
  block_restart_interval: 16
  index_block_restart_interval: 1
  metadata_block_size: 4096
  partition_filters: 0
  use_delta_encoding: 1
  filter_policy: rocksdb.BuiltinBloomFilter
  whole_key_filtering: 0
  verify_compression: 0
  read_amp_bytes_per_bit: 0
  format_version: 2
  enable_index_compression: 1
  block_align: 0
I200514 19:19:44.139875 34 storage/engine/rocksdb.go:120         Options.write_buffer_size: 67108864
I200514 19:19:44.139885 34 storage/engine/rocksdb.go:120   Options.max_write_buffer_number: 4
I200514 19:19:44.139888 34 storage/engine/rocksdb.go:120           Options.compression: Snappy
I200514 19:19:44.139891 34 storage/engine/rocksdb.go:120                   Options.bottommost_compression: Disabled
I200514 19:19:44.139894 34 storage/engine/rocksdb.go:120        Options.prefix_extractor: cockroach_prefix_extractor
I200514 19:19:44.139896 34 storage/engine/rocksdb.go:120    Options.memtable_insert_with_hint_prefix_extractor: nullptr
I200514 19:19:44.139899 34 storage/engine/rocksdb.go:120              Options.num_levels: 7
I200514 19:19:44.139902 34 storage/engine/rocksdb.go:120         Options.min_write_buffer_number_to_merge: 1
I200514 19:19:44.139904 34 storage/engine/rocksdb.go:120      Options.max_write_buffer_number_to_maintain: 0
I200514 19:19:44.139907 34 storage/engine/rocksdb.go:120             Options.bottommost_compression_opts.window_bits: -14
I200514 19:19:44.139909 34 storage/engine/rocksdb.go:120                   Options.bottommost_compression_opts.level: 32767
I200514 19:19:44.139912 34 storage/engine/rocksdb.go:120                Options.bottommost_compression_opts.strategy: 0
I200514 19:19:44.139914 34 storage/engine/rocksdb.go:120          Options.bottommost_compression_opts.max_dict_bytes: 0
I200514 19:19:44.139917 34 storage/engine/rocksdb.go:120          Options.bottommost_compression_opts.zstd_max_train_bytes: 0
I200514 19:19:44.139920 34 storage/engine/rocksdb.go:120                   Options.bottommost_compression_opts.enabled: false
I200514 19:19:44.139924 34 storage/engine/rocksdb.go:120             Options.compression_opts.window_bits: -14
I200514 19:19:44.139927 34 storage/engine/rocksdb.go:120                   Options.compression_opts.level: 32767
I200514 19:19:44.139929 34 storage/engine/rocksdb.go:120                Options.compression_opts.strategy: 0
I200514 19:19:44.139932 34 storage/engine/rocksdb.go:120          Options.compression_opts.max_dict_bytes: 0
I200514 19:19:44.139934 34 storage/engine/rocksdb.go:120          Options.compression_opts.zstd_max_train_bytes: 0
I200514 19:19:44.139937 34 storage/engine/rocksdb.go:120                   Options.compression_opts.enabled: false
I200514 19:19:44.139940 34 storage/engine/rocksdb.go:120       Options.level0_file_num_compaction_trigger: 2
I200514 19:19:44.139942 34 storage/engine/rocksdb.go:120           Options.level0_slowdown_writes_trigger: 950
I200514 19:19:44.139945 34 storage/engine/rocksdb.go:120               Options.level0_stop_writes_trigger: 1000
I200514 19:19:44.139948 34 storage/engine/rocksdb.go:120                    Options.target_file_size_base: 4194304
I200514 19:19:44.139951 34 storage/engine/rocksdb.go:120              Options.target_file_size_multiplier: 2
I200514 19:19:44.139953 34 storage/engine/rocksdb.go:120                 Options.max_bytes_for_level_base: 67108864
I200514 19:19:44.139956 34 storage/engine/rocksdb.go:120  Options.level_compaction_dynamic_level_bytes: 1
I200514 19:19:44.139959 34 storage/engine/rocksdb.go:120           Options.max_bytes_for_level_multiplier: 10.000000
I200514 19:19:44.139962 34 storage/engine/rocksdb.go:120  Options.max_bytes_for_level_multiplier_addtl[0]: 1
I200514 19:19:44.139964 34 storage/engine/rocksdb.go:120  Options.max_bytes_for_level_multiplier_addtl[1]: 1
I200514 19:19:44.139967 34 storage/engine/rocksdb.go:120  Options.max_bytes_for_level_multiplier_addtl[2]: 1
I200514 19:19:44.139969 34 storage/engine/rocksdb.go:120  Options.max_bytes_for_level_multiplier_addtl[3]: 1
I200514 19:19:44.139972 34 storage/engine/rocksdb.go:120  Options.max_bytes_for_level_multiplier_addtl[4]: 1
I200514 19:19:44.139975 34 storage/engine/rocksdb.go:120  Options.max_bytes_for_level_multiplier_addtl[5]: 1
I200514 19:19:44.139977 34 storage/engine/rocksdb.go:120  Options.max_bytes_for_level_multiplier_addtl[6]: 1
I200514 19:19:44.139980 34 storage/engine/rocksdb.go:120        Options.max_sequential_skip_in_iterations: 8
I200514 19:19:44.139983 34 storage/engine/rocksdb.go:120                     Options.max_compaction_bytes: 104857600
I200514 19:19:44.139986 34 storage/engine/rocksdb.go:120                         Options.arena_block_size: 8388608
I200514 19:19:44.139990 34 storage/engine/rocksdb.go:120    Options.soft_pending_compaction_bytes_limit: 2199023255552
I200514 19:19:44.139993 34 storage/engine/rocksdb.go:120    Options.hard_pending_compaction_bytes_limit: 4400193994752
I200514 19:19:44.139996 34 storage/engine/rocksdb.go:120        Options.rate_limit_delay_max_milliseconds: 100
I200514 19:19:44.139998 34 storage/engine/rocksdb.go:120                 Options.disable_auto_compactions: 0
I200514 19:19:44.140002 34 storage/engine/rocksdb.go:120                         Options.compaction_style: kCompactionStyleLevel
I200514 19:19:44.140005 34 storage/engine/rocksdb.go:120                           Options.compaction_pri: kMinOverlappingRatio
I200514 19:19:44.140023 34 storage/engine/rocksdb.go:120  Options.compaction_options_universal.size_ratio: 1
I200514 19:19:44.140027 34 storage/engine/rocksdb.go:120  Options.compaction_options_universal.min_merge_width: 2
I200514 19:19:44.140034 34 storage/engine/rocksdb.go:120  Options.compaction_options_universal.max_merge_width: 4294967295
I200514 19:19:44.140036 34 storage/engine/rocksdb.go:120  Options.compaction_options_universal.max_size_amplification_percent: 200
I200514 19:19:44.140039 34 storage/engine/rocksdb.go:120  Options.compaction_options_universal.compression_size_percent: -1
I200514 19:19:44.140045 34 storage/engine/rocksdb.go:120  Options.compaction_options_universal.stop_style: kCompactionStopStyleTotalSize
I200514 19:19:44.140048 34 storage/engine/rocksdb.go:120  Options.compaction_options_fifo.max_table_files_size: 1073741824
I200514 19:19:44.140051 34 storage/engine/rocksdb.go:120  Options.compaction_options_fifo.allow_compaction: 0
I200514 19:19:44.140054 34 storage/engine/rocksdb.go:120                    Options.table_properties_collectors: TimeBoundTblPropCollectorFactory; DeleteRangeTblPropCollectorFactory; 
I200514 19:19:44.140058 34 storage/engine/rocksdb.go:120                    Options.inplace_update_support: 0
I200514 19:19:44.140061 34 storage/engine/rocksdb.go:120                  Options.inplace_update_num_locks: 10000
I200514 19:19:44.140064 34 storage/engine/rocksdb.go:120                Options.memtable_prefix_bloom_size_ratio: 0.000000
I200514 19:19:44.140067 34 storage/engine/rocksdb.go:120                Options.memtable_whole_key_filtering: 0
I200514 19:19:44.140069 34 storage/engine/rocksdb.go:120    Options.memtable_huge_page_size: 0
I200514 19:19:44.140072 34 storage/engine/rocksdb.go:120                            Options.bloom_locality: 0
I200514 19:19:44.140074 34 storage/engine/rocksdb.go:120                     Options.max_successive_merges: 0
I200514 19:19:44.140077 34 storage/engine/rocksdb.go:120                 Options.optimize_filters_for_hits: 1
I200514 19:19:44.140079 34 storage/engine/rocksdb.go:120                 Options.paranoid_file_checks: 0
I200514 19:19:44.140082 34 storage/engine/rocksdb.go:120                 Options.force_consistency_checks: 0
I200514 19:19:44.140084 34 storage/engine/rocksdb.go:120                 Options.report_bg_io_stats: 0
I200514 19:19:44.140087 34 storage/engine/rocksdb.go:120                                Options.ttl: 0
I200514 19:19:44.140089 34 storage/engine/rocksdb.go:120           Options.periodic_compaction_seconds: 0
I200514 19:19:44.141995 34 storage/engine/rocksdb.go:120  [db/version_set.cc:4286] Recovered from manifest file:/var/lib/cockroach/cockroach-temp935454524/MANIFEST-000001 succeeded,manifest_file_number is 1, next_file_number is 3, last_sequence is 0, log_number is 0,prev_log_number is 0,max_column_family is 0,min_log_number_to_keep is 0
I200514 19:19:44.142000 34 storage/engine/rocksdb.go:120  [db/version_set.cc:4295] Column family [default] (ID 0), log number is 0
I200514 19:19:44.170833 34 storage/engine/rocksdb.go:120  DB pointer 0x7f689b0a4000
I200514 19:19:44.189608 34 storage/engine/rocksdb.go:120  RocksDB version: 6.2.1
I200514 19:19:44.189628 34 storage/engine/rocksdb.go:120  Git sha rocksdb_build_git_sha:@b7009236531fa784872f4823eabf393501e41bf2@
I200514 19:19:44.189631 34 storage/engine/rocksdb.go:120  Compile date Mar 16 2020
I200514 19:19:44.189634 34 storage/engine/rocksdb.go:120  DB SUMMARY
I200514 19:19:44.198563 34 storage/engine/rocksdb.go:120  CURRENT file:  CURRENT
I200514 19:19:44.198574 34 storage/engine/rocksdb.go:120  IDENTITY file:  IDENTITY
I200514 19:19:44.198904 34 storage/engine/rocksdb.go:120  MANIFEST file:  MANIFEST-000574 size: 490 Bytes
I200514 19:19:44.198910 34 storage/engine/rocksdb.go:120  SST files in /var/lib/cockroach dir, Total Num: 4, files: 000569.sst 000570.sst 000571.sst 000573.sst 
I200514 19:19:44.198914 34 storage/engine/rocksdb.go:120  Write Ahead Log file in /var/lib/cockroach: 000575.log size: 924891 ; 
I200514 19:19:44.198917 34 storage/engine/rocksdb.go:120                          Options.error_if_exists: 0
I200514 19:19:44.198920 34 storage/engine/rocksdb.go:120                        Options.create_if_missing: 1
I200514 19:19:44.198923 34 storage/engine/rocksdb.go:120                          Options.paranoid_checks: 1
I200514 19:19:44.198925 34 storage/engine/rocksdb.go:120                                      Options.env: 0x75757a0
I200514 19:19:44.198929 34 storage/engine/rocksdb.go:120                                 Options.info_log: 0x7f689b027260
I200514 19:19:44.198932 34 storage/engine/rocksdb.go:120                 Options.max_file_opening_threads: 16
I200514 19:19:44.198939 34 storage/engine/rocksdb.go:120                               Options.statistics: 0x7f689b034080
I200514 19:19:44.198942 34 storage/engine/rocksdb.go:120                                Options.use_fsync: 0
I200514 19:19:44.198944 34 storage/engine/rocksdb.go:120                        Options.max_log_file_size: 0
I200514 19:19:44.198947 34 storage/engine/rocksdb.go:120                   Options.max_manifest_file_size: 134217728
I200514 19:19:44.198949 34 storage/engine/rocksdb.go:120                    Options.log_file_time_to_roll: 0
I200514 19:19:44.198952 34 storage/engine/rocksdb.go:120                        Options.keep_log_file_num: 1000
I200514 19:19:44.198955 34 storage/engine/rocksdb.go:120                     Options.recycle_log_file_num: 1
I200514 19:19:44.198957 34 storage/engine/rocksdb.go:120                          Options.allow_fallocate: 1
I200514 19:19:44.198960 34 storage/engine/rocksdb.go:120                         Options.allow_mmap_reads: 0
I200514 19:19:44.198962 34 storage/engine/rocksdb.go:120                        Options.allow_mmap_writes: 0
I200514 19:19:44.198965 34 storage/engine/rocksdb.go:120                         Options.use_direct_reads: 0
I200514 19:19:44.198967 34 storage/engine/rocksdb.go:120                         Options.use_direct_io_for_flush_and_compaction: 0
I200514 19:19:44.198971 34 storage/engine/rocksdb.go:120           Options.create_missing_column_families: 0
I200514 19:19:44.198973 34 storage/engine/rocksdb.go:120                               Options.db_log_dir: 
I200514 19:19:44.198976 34 storage/engine/rocksdb.go:120                                  Options.wal_dir: /var/lib/cockroach
I200514 19:19:44.198979 34 storage/engine/rocksdb.go:120                 Options.table_cache_numshardbits: 6
I200514 19:19:44.198981 34 storage/engine/rocksdb.go:120                       Options.max_subcompactions: 1
I200514 19:19:44.198984 34 storage/engine/rocksdb.go:120                   Options.max_background_flushes: -1
I200514 19:19:44.198987 34 storage/engine/rocksdb.go:120                          Options.WAL_ttl_seconds: 0
I200514 19:19:44.198989 34 storage/engine/rocksdb.go:120                        Options.WAL_size_limit_MB: 0
I200514 19:19:44.198992 34 storage/engine/rocksdb.go:120              Options.manifest_preallocation_size: 4194304
I200514 19:19:44.198994 34 storage/engine/rocksdb.go:120                      Options.is_fd_close_on_exec: 1
I200514 19:19:44.198997 34 storage/engine/rocksdb.go:120                    Options.advise_random_on_open: 1
I200514 19:19:44.199000 34 storage/engine/rocksdb.go:120                     Options.db_write_buffer_size: 0
I200514 19:19:44.199003 34 storage/engine/rocksdb.go:120                     Options.write_buffer_manager: 0x7f689b019090
I200514 19:19:44.199005 34 storage/engine/rocksdb.go:120          Options.access_hint_on_compaction_start: 1
I200514 19:19:44.199023 34 storage/engine/rocksdb.go:120   Options.new_table_reader_for_compaction_inputs: 0
I200514 19:19:44.199026 34 storage/engine/rocksdb.go:120            Options.random_access_max_buffer_size: 1048576
I200514 19:19:44.199029 34 storage/engine/rocksdb.go:120                       Options.use_adaptive_mutex: 0
I200514 19:19:44.199032 34 storage/engine/rocksdb.go:120                             Options.rate_limiter: (nil)
I200514 19:19:44.199035 34 storage/engine/rocksdb.go:120      Options.sst_file_manager.rate_bytes_per_sec: 0
I200514 19:19:44.199037 34 storage/engine/rocksdb.go:120                        Options.wal_recovery_mode: 0
I200514 19:19:44.199040 34 storage/engine/rocksdb.go:120                   Options.enable_thread_tracking: 0
I200514 19:19:44.199042 34 storage/engine/rocksdb.go:120                   Options.enable_pipelined_write: 0
I200514 19:19:44.199045 34 storage/engine/rocksdb.go:120          Options.allow_concurrent_memtable_write: 1
I200514 19:19:44.199048 34 storage/engine/rocksdb.go:120       Options.enable_write_thread_adaptive_yield: 1
I200514 19:19:44.199053 34 storage/engine/rocksdb.go:120              Options.write_thread_max_yield_usec: 100
I200514 19:19:44.199056 34 storage/engine/rocksdb.go:120             Options.write_thread_slow_yield_usec: 3
I200514 19:19:44.199058 34 storage/engine/rocksdb.go:120                                Options.row_cache: None
I200514 19:19:44.199061 34 storage/engine/rocksdb.go:120                               Options.wal_filter: None
I200514 19:19:44.199085 34 storage/engine/rocksdb.go:120              Options.avoid_flush_during_recovery: 0
I200514 19:19:44.199091 34 storage/engine/rocksdb.go:120              Options.allow_ingest_behind: 0
I200514 19:19:44.199094 34 storage/engine/rocksdb.go:120              Options.preserve_deletes: 0
I200514 19:19:44.199100 34 storage/engine/rocksdb.go:120              Options.two_write_queues: 0
I200514 19:19:44.199103 34 storage/engine/rocksdb.go:120              Options.manual_wal_flush: 1
I200514 19:19:44.199105 34 storage/engine/rocksdb.go:120              Options.atomic_flush: 0
I200514 19:19:44.199108 34 storage/engine/rocksdb.go:120              Options.avoid_unnecessary_blocking_io: 0
I200514 19:19:44.199111 34 storage/engine/rocksdb.go:120              Options.max_background_jobs: 2
I200514 19:19:44.199115 34 storage/engine/rocksdb.go:120              Options.max_background_compactions: -1
I200514 19:19:44.199118 34 storage/engine/rocksdb.go:120              Options.avoid_flush_during_shutdown: 0
I200514 19:19:44.199121 34 storage/engine/rocksdb.go:120            Options.writable_file_max_buffer_size: 1048576
I200514 19:19:44.199124 34 storage/engine/rocksdb.go:120              Options.delayed_write_rate : 16777216
I200514 19:19:44.199128 34 storage/engine/rocksdb.go:120              Options.max_total_wal_size: 0
I200514 19:19:44.199131 34 storage/engine/rocksdb.go:120              Options.delete_obsolete_files_period_micros: 21600000000
I200514 19:19:44.199134 34 storage/engine/rocksdb.go:120                    Options.stats_dump_period_sec: 0
I200514 19:19:44.199138 34 storage/engine/rocksdb.go:120                  Options.stats_persist_period_sec: 600
I200514 19:19:44.199140 34 storage/engine/rocksdb.go:120                  Options.stats_history_buffer_size: 1048576
I200514 19:19:44.199143 34 storage/engine/rocksdb.go:120                           Options.max_open_files: 1043576
I200514 19:19:44.199146 34 storage/engine/rocksdb.go:120                           Options.bytes_per_sync: 524288
I200514 19:19:44.199148 34 storage/engine/rocksdb.go:120                       Options.wal_bytes_per_sync: 0
I200514 19:19:44.199151 34 storage/engine/rocksdb.go:120                    Options.strict_bytes_per_sync: 1
I200514 19:19:44.199154 34 storage/engine/rocksdb.go:120        Options.compaction_readahead_size: 0
I200514 19:19:44.199156 34 storage/engine/rocksdb.go:120  Compression algorithms supported:
I200514 19:19:44.199159 34 storage/engine/rocksdb.go:120  	kZSTDNotFinalCompression supported: 0
I200514 19:19:44.199162 34 storage/engine/rocksdb.go:120  	kZSTD supported: 0
I200514 19:19:44.199165 34 storage/engine/rocksdb.go:120  	kXpressCompression supported: 0
I200514 19:19:44.199167 34 storage/engine/rocksdb.go:120  	kLZ4HCCompression supported: 0
I200514 19:19:44.199170 34 storage/engine/rocksdb.go:120  	kLZ4Compression supported: 0
I200514 19:19:44.199173 34 storage/engine/rocksdb.go:120  	kBZip2Compression supported: 0
I200514 19:19:44.199175 34 storage/engine/rocksdb.go:120  	kZlibCompression supported: 0
I200514 19:19:44.199178 34 storage/engine/rocksdb.go:120  	kSnappyCompression supported: 1
I200514 19:19:44.199184 34 storage/engine/rocksdb.go:120  Fast CRC32 supported: Supported on x86
I200514 19:19:44.204284 34 storage/engine/rocksdb.go:120  [db/version_set.cc:4072] Recovering from manifest file: /var/lib/cockroach/MANIFEST-000574
I200514 19:19:44.204597 34 storage/engine/rocksdb.go:120  [db/column_family.cc:488] --------------- Options for column family [default]:
I200514 19:19:44.204602 34 storage/engine/rocksdb.go:120                Options.comparator: cockroach_comparator
I200514 19:19:44.204608 34 storage/engine/rocksdb.go:120            Options.merge_operator: cockroach_merge_operator
I200514 19:19:44.204611 34 storage/engine/rocksdb.go:120         Options.compaction_filter: None
I200514 19:19:44.204635 34 storage/engine/rocksdb.go:120         Options.compaction_filter_factory: None
I200514 19:19:44.204639 34 storage/engine/rocksdb.go:120          Options.memtable_factory: SkipListFactory
I200514 19:19:44.204641 34 storage/engine/rocksdb.go:120             Options.table_factory: BlockBasedTable
I200514 19:19:44.204661 34 storage/engine/rocksdb.go:120             table_factory options:   flush_block_policy_factory: FlushBlockBySizePolicyFactory (0x7f689b028090)
  cache_index_and_filter_blocks: 0
  cache_index_and_filter_blocks_with_high_priority: 0
  pin_l0_filter_and_index_blocks_in_cache: 0
  pin_top_level_index_and_filter: 1
  index_type: 0
  data_block_index_type: 0
  index_shortening: 1
  data_block_hash_table_util_ratio: 0.750000
  hash_index_allow_collision: 1
  checksum: 1
  no_block_cache: 0
  block_cache: 0x7f689b0bc210
  block_cache_name: LRUCache
  block_cache_options:
    capacity : 67108864
    num_shard_bits : 4
    strict_capacity_limit : 0
    memory_allocator : None
    high_pri_pool_ratio: 0.000
  block_cache_compressed: (nil)
  persistent_cache: (nil)
  block_size: 32768
  block_size_deviation: 10
  block_restart_interval: 16
  index_block_restart_interval: 1
  metadata_block_size: 4096
  partition_filters: 0
  use_delta_encoding: 1
  filter_policy: rocksdb.BuiltinBloomFilter
  whole_key_filtering: 0
  verify_compression: 0
  read_amp_bytes_per_bit: 0
  format_version: 2
  enable_index_compression: 1
  block_align: 0
I200514 19:19:44.204665 34 storage/engine/rocksdb.go:120         Options.write_buffer_size: 67108864
I200514 19:19:44.204669 34 storage/engine/rocksdb.go:120   Options.max_write_buffer_number: 4
I200514 19:19:44.204672 34 storage/engine/rocksdb.go:120           Options.compression: Snappy
I200514 19:19:44.204674 34 storage/engine/rocksdb.go:120                   Options.bottommost_compression: Disabled
I200514 19:19:44.204677 34 storage/engine/rocksdb.go:120        Options.prefix_extractor: cockroach_prefix_extractor
I200514 19:19:44.204680 34 storage/engine/rocksdb.go:120    Options.memtable_insert_with_hint_prefix_extractor: nullptr
I200514 19:19:44.204682 34 storage/engine/rocksdb.go:120              Options.num_levels: 7
I200514 19:19:44.204685 34 storage/engine/rocksdb.go:120         Options.min_write_buffer_number_to_merge: 1
I200514 19:19:44.204688 34 storage/engine/rocksdb.go:120      Options.max_write_buffer_number_to_maintain: 0
I200514 19:19:44.204690 34 storage/engine/rocksdb.go:120             Options.bottommost_compression_opts.window_bits: -14
I200514 19:19:44.204693 34 storage/engine/rocksdb.go:120                   Options.bottommost_compression_opts.level: 32767
I200514 19:19:44.204696 34 storage/engine/rocksdb.go:120                Options.bottommost_compression_opts.strategy: 0
I200514 19:19:44.204698 34 storage/engine/rocksdb.go:120          Options.bottommost_compression_opts.max_dict_bytes: 0
I200514 19:19:44.204701 34 storage/engine/rocksdb.go:120          Options.bottommost_compression_opts.zstd_max_train_bytes: 0
I200514 19:19:44.204711 34 storage/engine/rocksdb.go:120                   Options.bottommost_compression_opts.enabled: false
I200514 19:19:44.204714 34 storage/engine/rocksdb.go:120             Options.compression_opts.window_bits: -14
I200514 19:19:44.204716 34 storage/engine/rocksdb.go:120                   Options.compression_opts.level: 32767
I200514 19:19:44.204719 34 storage/engine/rocksdb.go:120                Options.compression_opts.strategy: 0
I200514 19:19:44.204721 34 storage/engine/rocksdb.go:120          Options.compression_opts.max_dict_bytes: 0
I200514 19:19:44.204724 34 storage/engine/rocksdb.go:120          Options.compression_opts.zstd_max_train_bytes: 0
I200514 19:19:44.204727 34 storage/engine/rocksdb.go:120                   Options.compression_opts.enabled: false
I200514 19:19:44.204729 34 storage/engine/rocksdb.go:120       Options.level0_file_num_compaction_trigger: 2
I200514 19:19:44.204733 34 storage/engine/rocksdb.go:120           Options.level0_slowdown_writes_trigger: 950
I200514 19:19:44.204735 34 storage/engine/rocksdb.go:120               Options.level0_stop_writes_trigger: 1000
I200514 19:19:44.204738 34 storage/engine/rocksdb.go:120                    Options.target_file_size_base: 4194304
I200514 19:19:44.204740 34 storage/engine/rocksdb.go:120              Options.target_file_size_multiplier: 2
I200514 19:19:44.204743 34 storage/engine/rocksdb.go:120                 Options.max_bytes_for_level_base: 67108864
I200514 19:19:44.204745 34 storage/engine/rocksdb.go:120  Options.level_compaction_dynamic_level_bytes: 1
I200514 19:19:44.204749 34 storage/engine/rocksdb.go:120           Options.max_bytes_for_level_multiplier: 10.000000
I200514 19:19:44.204751 34 storage/engine/rocksdb.go:120  Options.max_bytes_for_level_multiplier_addtl[0]: 1
I200514 19:19:44.204754 34 storage/engine/rocksdb.go:120  Options.max_bytes_for_level_multiplier_addtl[1]: 1
I200514 19:19:44.204757 34 storage/engine/rocksdb.go:120  Options.max_bytes_for_level_multiplier_addtl[2]: 1
I200514 19:19:44.204759 34 storage/engine/rocksdb.go:120  Options.max_bytes_for_level_multiplier_addtl[3]: 1
I200514 19:19:44.204762 34 storage/engine/rocksdb.go:120  Options.max_bytes_for_level_multiplier_addtl[4]: 1
I200514 19:19:44.204764 34 storage/engine/rocksdb.go:120  Options.max_bytes_for_level_multiplier_addtl[5]: 1
I200514 19:19:44.204767 34 storage/engine/rocksdb.go:120  Options.max_bytes_for_level_multiplier_addtl[6]: 1
I200514 19:19:44.204770 34 storage/engine/rocksdb.go:120        Options.max_sequential_skip_in_iterations: 8
I200514 19:19:44.204775 34 storage/engine/rocksdb.go:120                     Options.max_compaction_bytes: 104857600
I200514 19:19:44.204785 34 storage/engine/rocksdb.go:120                         Options.arena_block_size: 8388608
I200514 19:19:44.204788 34 storage/engine/rocksdb.go:120    Options.soft_pending_compaction_bytes_limit: 2199023255552
I200514 19:19:44.204790 34 storage/engine/rocksdb.go:120    Options.hard_pending_compaction_bytes_limit: 4400193994752
I200514 19:19:44.204793 34 storage/engine/rocksdb.go:120        Options.rate_limit_delay_max_milliseconds: 100
I200514 19:19:44.204796 34 storage/engine/rocksdb.go:120                 Options.disable_auto_compactions: 0
I200514 19:19:44.204799 34 storage/engine/rocksdb.go:120                         Options.compaction_style: kCompactionStyleLevel
I200514 19:19:44.204802 34 storage/engine/rocksdb.go:120                           Options.compaction_pri: kMinOverlappingRatio
I200514 19:19:44.204805 34 storage/engine/rocksdb.go:120  Options.compaction_options_universal.size_ratio: 1
I200514 19:19:44.204807 34 storage/engine/rocksdb.go:120  Options.compaction_options_universal.min_merge_width: 2
I200514 19:19:44.204810 34 storage/engine/rocksdb.go:120  Options.compaction_options_universal.max_merge_width: 4294967295
I200514 19:19:44.204813 34 storage/engine/rocksdb.go:120  Options.compaction_options_universal.max_size_amplification_percent: 200
I200514 19:19:44.204815 34 storage/engine/rocksdb.go:120  Options.compaction_options_universal.compression_size_percent: -1
I200514 19:19:44.204818 34 storage/engine/rocksdb.go:120  Options.compaction_options_universal.stop_style: kCompactionStopStyleTotalSize
I200514 19:19:44.204821 34 storage/engine/rocksdb.go:120  Options.compaction_options_fifo.max_table_files_size: 1073741824
I200514 19:19:44.204823 34 storage/engine/rocksdb.go:120  Options.compaction_options_fifo.allow_compaction: 0
I200514 19:19:44.204827 34 storage/engine/rocksdb.go:120                    Options.table_properties_collectors: TimeBoundTblPropCollectorFactory; DeleteRangeTblPropCollectorFactory; 
I200514 19:19:44.204831 34 storage/engine/rocksdb.go:120                    Options.inplace_update_support: 0
I200514 19:19:44.204833 34 storage/engine/rocksdb.go:120                  Options.inplace_update_num_locks: 10000
I200514 19:19:44.204836 34 storage/engine/rocksdb.go:120                Options.memtable_prefix_bloom_size_ratio: 0.000000
I200514 19:19:44.204840 34 storage/engine/rocksdb.go:120                Options.memtable_whole_key_filtering: 0
I200514 19:19:44.204842 34 storage/engine/rocksdb.go:120    Options.memtable_huge_page_size: 0
I200514 19:19:44.204845 34 storage/engine/rocksdb.go:120                            Options.bloom_locality: 0
I200514 19:19:44.204847 34 storage/engine/rocksdb.go:120                     Options.max_successive_merges: 0
I200514 19:19:44.204850 34 storage/engine/rocksdb.go:120                 Options.optimize_filters_for_hits: 1
I200514 19:19:44.204852 34 storage/engine/rocksdb.go:120                 Options.paranoid_file_checks: 0
I200514 19:19:44.204862 34 storage/engine/rocksdb.go:120                 Options.force_consistency_checks: 0
I200514 19:19:44.204864 34 storage/engine/rocksdb.go:120                 Options.report_bg_io_stats: 0
I200514 19:19:44.204867 34 storage/engine/rocksdb.go:120                                Options.ttl: 0
I200514 19:19:44.204869 34 storage/engine/rocksdb.go:120           Options.periodic_compaction_seconds: 0
I200514 19:19:44.209184 34 storage/engine/rocksdb.go:120  [db/version_set.cc:4286] Recovered from manifest file:/var/lib/cockroach/MANIFEST-000574 succeeded,manifest_file_number is 574, next_file_number is 576, last_sequence is 9501476, log_number is 567,prev_log_number is 0,max_column_family is 0,min_log_number_to_keep is 0
I200514 19:19:44.209201 34 storage/engine/rocksdb.go:120  [db/version_set.cc:4295] Column family [default] (ID 0), log number is 567
I200514 19:19:44.210547 34 storage/engine/rocksdb.go:120  EVENT_LOG_v1 {"time_micros": 1589483984210532, "job": 1, "event": "recovery_started", "log_files": [575]}
I200514 19:19:44.210561 34 storage/engine/rocksdb.go:120  [db/db_impl_open.cc:598] Recovering log #575 mode 0
I200514 19:19:44.235913 34 storage/engine/rocksdb.go:120  EVENT_LOG_v1 {"time_micros": 1589483984235833, "cf_name": "default", "job": 1, "event": "table_file_creation", "file_number": 576, "file_size": 75473, "table_properties": {"data_size": 72575, "index_size": 409, "index_partitions": 0, "top_level_index_size": 0, "index_key_is_user_key": 0, "index_value_is_delta_encoded": 0, "filter_size": 1605, "raw_key_size": 53555, "raw_average_key_size": 40, "raw_value_size": 279666, "raw_average_value_size": 211, "num_data_blocks": 9, "num_entries": 1322, "num_deletions": 274, "num_merge_operands": 664, "num_range_deletions": 664, "format_version": 0, "fixed_key_len": 0, "filter_policy": "rocksdb.BuiltinBloomFilter", "column_family_name": "default", "column_family_id": 0, "comparator": "cockroach_comparator", "merge_operator": "cockroach_merge_operator", "prefix_extractor_name": "cockroach_prefix_extractor", "property_collectors": "[TimeBoundTblPropCollectorFactory,DeleteRangeTblPropCollectorFactory]", "compression": "Snappy", "compression_options": "window_bits=-14; level=32767; strategy=0; max_dict_bytes=0; zstd_max_train_bytes=0; enabled=0; ", "creation_time": 1589483984, "oldest_key_time": 3, "file_creation_time": 0}}
I200514 19:19:44.236259 34 storage/engine/rocksdb.go:120  [db/version_set.cc:3560] Creating manifest 577
I200514 19:19:44.247326 34 storage/engine/rocksdb.go:120  EVENT_LOG_v1 {"time_micros": 1589483984247297, "job": 1, "event": "recovery_finished"}
I200514 19:19:44.269068 17 storage/engine/rocksdb.go:120  [db/compaction_job.cc:1647] [default] [JOB 3] Compacting 2@0 + 3@6 files to L6, score 1.00
I200514 19:19:44.269094 17 storage/engine/rocksdb.go:120  [db/compaction_job.cc:1651] [default] Compaction start summary: Base version 2 Base level 0, inputs: [576(73KB) 573(70KB)], [569(4119KB) 570(4111KB) 571(2950KB)]
I200514 19:19:44.269134 17 storage/engine/rocksdb.go:120  EVENT_LOG_v1 {"time_micros": 1589483984269113, "job": 3, "event": "compaction_started", "compaction_reason": "LevelL0FilesNum", "files_L0": [576, 573], "files_L6": [569, 570, 571], "score": 1, "input_data_size": 11598060}
I200514 19:19:44.273970 34 storage/engine/rocksdb.go:120  DB pointer 0x7f689b134000
I200514 19:19:44.388190 17 storage/engine/rocksdb.go:120  [db/compaction_job.cc:1334] [default] [JOB 3] Generated table #581: 14496 keys, 4217110 bytes
I200514 19:19:44.388234 17 storage/engine/rocksdb.go:120  EVENT_LOG_v1 {"time_micros": 1589483984388208, "cf_name": "default", "job": 3, "event": "table_file_creation", "file_number": 581, "file_size": 4217110, "table_properties": {"data_size": 4195666, "index_size": 78670, "index_partitions": 0, "top_level_index_size": 0, "index_key_is_user_key": 0, "index_value_is_delta_encoded": 0, "filter_size": 0, "raw_key_size": 736969, "raw_average_key_size": 50, "raw_value_size": 35874643, "raw_average_value_size": 2474, "num_data_blocks": 1147, "num_entries": 14496, "num_deletions": 0, "num_merge_operands": 0, "num_range_deletions": 0, "format_version": 0, "fixed_key_len": 0, "filter_policy": "rocksdb.BuiltinBloomFilter", "column_family_name": "default", "column_family_id": 0, "comparator": "cockroach_comparator", "merge_operator": "cockroach_merge_operator", "prefix_extractor_name": "cockroach_prefix_extractor", "property_collectors": "[TimeBoundTblPropCollectorFactory,DeleteRangeTblPropCollectorFactory]", "compression": "Snappy", "compression_options": "window_bits=-14; level=32767; strategy=0; max_dict_bytes=0; zstd_max_train_bytes=0; enabled=0; ", "creation_time": 1589483984, "oldest_key_time": 0, "file_creation_time": 1589483984}}
I200514 19:19:44.466866 17 storage/engine/rocksdb.go:120  [db/compaction_job.cc:1334] [default] [JOB 3] Generated table #582: 8112 keys, 4213008 bytes
I200514 19:19:44.466909 17 storage/engine/rocksdb.go:120  EVENT_LOG_v1 {"time_micros": 1589483984466884, "cf_name": "default", "job": 3, "event": "table_file_creation", "file_number": 582, "file_size": 4213008, "table_properties": {"data_size": 4197632, "index_size": 52683, "index_partitions": 0, "top_level_index_size": 0, "index_key_is_user_key": 0, "index_value_is_delta_encoded": 0, "filter_size": 0, "raw_key_size": 445555, "raw_average_key_size": 54, "raw_value_size": 24405888, "raw_average_value_size": 3008, "num_data_blocks": 781, "num_entries": 8112, "num_deletions": 0, "num_merge_operands": 0, "num_range_deletions": 0, "format_version": 0, "fixed_key_len": 0, "filter_policy": "rocksdb.BuiltinBloomFilter", "column_family_name": "default", "column_family_id": 0, "comparator": "cockroach_comparator", "merge_operator": "cockroach_merge_operator", "prefix_extractor_name": "cockroach_prefix_extractor", "property_collectors": "[TimeBoundTblPropCollectorFactory,DeleteRangeTblPropCollectorFactory]", "compression": "Snappy", "compression_options": "window_bits=-14; level=32767; strategy=0; max_dict_bytes=0; zstd_max_train_bytes=0; enabled=0; ", "creation_time": 1589483984, "oldest_key_time": 0, "file_creation_time": 1589483984}}
I200514 19:19:44.528169 17 storage/engine/rocksdb.go:120  [db/compaction_job.cc:1334] [default] [JOB 3] Generated table #583: 9873 keys, 3033821 bytes
I200514 19:19:44.528228 17 storage/engine/rocksdb.go:120  EVENT_LOG_v1 {"time_micros": 1589483984528194, "cf_name": "default", "job": 3, "event": "table_file_creation", "file_number": 583, "file_size": 3033821, "table_properties": {"data_size": 3021727, "index_size": 41523, "index_partitions": 0, "top_level_index_size": 0, "index_key_is_user_key": 0, "index_value_is_delta_encoded": 0, "filter_size": 0, "raw_key_size": 478054, "raw_average_key_size": 48, "raw_value_size": 18346898, "raw_average_value_size": 1858, "num_data_blocks": 590, "num_entries": 9873, "num_deletions": 0, "num_merge_operands": 0, "num_range_deletions": 0, "format_version": 0, "fixed_key_len": 0, "filter_policy": "rocksdb.BuiltinBloomFilter", "column_family_name": "default", "column_family_id": 0, "comparator": "cockroach_comparator", "merge_operator": "cockroach_merge_operator", "prefix_extractor_name": "cockroach_prefix_extractor", "property_collectors": "[TimeBoundTblPropCollectorFactory,DeleteRangeTblPropCollectorFactory]", "compression": "Snappy", "compression_options": "window_bits=-14; level=32767; strategy=0; max_dict_bytes=0; zstd_max_train_bytes=0; enabled=0; ", "creation_time": 1589483984, "oldest_key_time": 0, "file_creation_time": 1589483984}}
I200514 19:19:44.533936 17 storage/engine/rocksdb.go:120  [db/compaction_job.cc:1397] [default] [JOB 3] Compacted 2@0 + 3@6 files to L6 => 11463939 bytes
I200514 19:19:44.534495 17 storage/engine/rocksdb.go:120  (Original Log Time 2020/05/14-19:19:44.534399) [db/compaction_job.cc:770] [default] compacted to: base level 6 level multiplier 10.00 max bytes base 67108864 files[0 0 0 0 0 0 3] max score 0.00, MB/sec: 44.6 rd, 44.1 wr, level 6, files in(2, 3) out(3) MB in(0.1, 10.9) out(10.9), read-write-amplify(156.5) write-amplify(77.8) OK, records in: 35053, records dropped: 1244 output_compression: Snappy
I200514 19:19:44.534504 17 storage/engine/rocksdb.go:120  (Original Log Time 2020/05/14-19:19:44.534421) EVENT_LOG_v1 {"time_micros": 1589483984534412, "job": 3, "event": "compaction_finished", "compaction_time_micros": 259890, "compaction_time_cpu_micros": 110852, "output_level": 6, "num_output_files": 3, "total_output_size": 11463939, "num_input_records": 33725, "num_output_records": 32481, "num_subcompactions": 1, "output_compression": "Snappy", "num_single_delete_mismatches": 0, "num_single_delete_fallthrough": 0, "lsm_state": [0, 0, 0, 0, 0, 0, 3]}
I200514 19:19:44.535252 17 storage/engine/rocksdb.go:120  EVENT_LOG_v1 {"time_micros": 1589483984535235, "job": 3, "event": "table_file_deletion", "file_number": 576}
I200514 19:19:44.535965 17 storage/engine/rocksdb.go:120  EVENT_LOG_v1 {"time_micros": 1589483984535952, "job": 3, "event": "table_file_deletion", "file_number": 573}
I200514 19:19:44.537492 17 storage/engine/rocksdb.go:120  EVENT_LOG_v1 {"time_micros": 1589483984537470, "job": 3, "event": "table_file_deletion", "file_number": 571}
I200514 19:19:44.538848 17 storage/engine/rocksdb.go:120  EVENT_LOG_v1 {"time_micros": 1589483984538825, "job": 3, "event": "table_file_deletion", "file_number": 570}
I200514 19:19:44.540036 17 storage/engine/rocksdb.go:120  EVENT_LOG_v1 {"time_micros": 1589483984540005, "job": 3, "event": "table_file_deletion", "file_number": 569}
I200514 19:20:27.375696 1055 storage/engine/rocksdb.go:120  bloom filter utility:    -nan%
I200514 19:20:27.376042 1055 storage/engine/rocksdb.go:120  [db/db_impl.cc:392] Shutdown: canceling all background work
I200514 19:20:27.378154 1055 storage/engine/rocksdb.go:120  [db/db_impl.cc:565] Shutdown complete
I200514 19:20:27.390121 1055 storage/engine/rocksdb.go:120  bloom filter utility:    66.7%
I200514 19:20:27.390687 1055 storage/engine/rocksdb.go:120  [db/db_impl.cc:392] Shutdown: canceling all background work
I200514 19:20:27.396786 1055 storage/engine/rocksdb.go:120  [db/db_impl.cc:565] Shutdown complete
