I200512 20:05:56.308368 35 util/log/clog.go:1196  [config] file created at: 2020/05/12 20:05:56
I200512 20:05:56.308368 35 util/log/clog.go:1196  [config] running on machine: fcee61e469d3
I200512 20:05:56.308368 35 util/log/clog.go:1196  [config] binary: CockroachDB CCL v19.2.5 (x86_64-unknown-linux-gnu, built 2020/03/16 18:27:12, go1.12.12)
I200512 20:05:56.308368 35 util/log/clog.go:1196  [config] arguments: [/cockroach/cockroach start --insecure --store=attrs=ssd,path=/var/lib/cockroach/]
I200512 20:05:56.308368 35 util/log/clog.go:1196  line format: [IWEF]yymmdd hh:mm:ss.uuuuuu goid file:line msg utf8=✓
I200512 20:05:56.308367 35 storage/engine/rocksdb.go:120  RocksDB version: 6.2.1
I200512 20:05:56.314339 35 storage/engine/rocksdb.go:120  Git sha rocksdb_build_git_sha:@b7009236531fa784872f4823eabf393501e41bf2@
I200512 20:05:56.423751 35 storage/engine/rocksdb.go:120  Compile date Mar 16 2020
I200512 20:05:56.423755 35 storage/engine/rocksdb.go:120  DB SUMMARY
I200512 20:05:56.425492 35 storage/engine/rocksdb.go:120  SST files in /var/lib/cockroach/cockroach-temp985954833 dir, Total Num: 0, files: 
I200512 20:05:56.425529 35 storage/engine/rocksdb.go:120  Write Ahead Log file in /var/lib/cockroach/cockroach-temp985954833: 
I200512 20:05:56.425535 35 storage/engine/rocksdb.go:120                          Options.error_if_exists: 0
I200512 20:05:56.425539 35 storage/engine/rocksdb.go:120                        Options.create_if_missing: 1
I200512 20:05:56.425542 35 storage/engine/rocksdb.go:120                          Options.paranoid_checks: 1
I200512 20:05:56.425546 35 storage/engine/rocksdb.go:120                                      Options.env: 0x75757a0
I200512 20:05:56.425549 35 storage/engine/rocksdb.go:120                                 Options.info_log: 0x7f553c887f80
I200512 20:05:56.425553 35 storage/engine/rocksdb.go:120                 Options.max_file_opening_threads: 16
I200512 20:05:56.425557 35 storage/engine/rocksdb.go:120                               Options.statistics: 0x7f553c81d8d0
I200512 20:05:56.425560 35 storage/engine/rocksdb.go:120                                Options.use_fsync: 0
I200512 20:05:56.425565 35 storage/engine/rocksdb.go:120                        Options.max_log_file_size: 0
I200512 20:05:56.425569 35 storage/engine/rocksdb.go:120                   Options.max_manifest_file_size: 134217728
I200512 20:05:56.425572 35 storage/engine/rocksdb.go:120                    Options.log_file_time_to_roll: 0
I200512 20:05:56.425576 35 storage/engine/rocksdb.go:120                        Options.keep_log_file_num: 1000
I200512 20:05:56.425579 35 storage/engine/rocksdb.go:120                     Options.recycle_log_file_num: 1
I200512 20:05:56.425583 35 storage/engine/rocksdb.go:120                          Options.allow_fallocate: 1
I200512 20:05:56.425586 35 storage/engine/rocksdb.go:120                         Options.allow_mmap_reads: 0
I200512 20:05:56.425588 35 storage/engine/rocksdb.go:120                        Options.allow_mmap_writes: 0
I200512 20:05:56.425591 35 storage/engine/rocksdb.go:120                         Options.use_direct_reads: 0
I200512 20:05:56.425594 35 storage/engine/rocksdb.go:120                         Options.use_direct_io_for_flush_and_compaction: 0
I200512 20:05:56.425596 35 storage/engine/rocksdb.go:120           Options.create_missing_column_families: 0
I200512 20:05:56.425599 35 storage/engine/rocksdb.go:120                               Options.db_log_dir: 
I200512 20:05:56.425602 35 storage/engine/rocksdb.go:120                                  Options.wal_dir: /var/lib/cockroach/cockroach-temp985954833
I200512 20:05:56.425605 35 storage/engine/rocksdb.go:120                 Options.table_cache_numshardbits: 6
I200512 20:05:56.425608 35 storage/engine/rocksdb.go:120                       Options.max_subcompactions: 1
I200512 20:05:56.425610 35 storage/engine/rocksdb.go:120                   Options.max_background_flushes: -1
I200512 20:05:56.425613 35 storage/engine/rocksdb.go:120                          Options.WAL_ttl_seconds: 0
I200512 20:05:56.425616 35 storage/engine/rocksdb.go:120                        Options.WAL_size_limit_MB: 0
I200512 20:05:56.425620 35 storage/engine/rocksdb.go:120              Options.manifest_preallocation_size: 4194304
I200512 20:05:56.425623 35 storage/engine/rocksdb.go:120                      Options.is_fd_close_on_exec: 1
I200512 20:05:56.425626 35 storage/engine/rocksdb.go:120                    Options.advise_random_on_open: 1
I200512 20:05:56.425628 35 storage/engine/rocksdb.go:120                     Options.db_write_buffer_size: 0
I200512 20:05:56.425631 35 storage/engine/rocksdb.go:120                     Options.write_buffer_manager: 0x7f553c860d40
I200512 20:05:56.425634 35 storage/engine/rocksdb.go:120          Options.access_hint_on_compaction_start: 1
I200512 20:05:56.425636 35 storage/engine/rocksdb.go:120   Options.new_table_reader_for_compaction_inputs: 0
I200512 20:05:56.425639 35 storage/engine/rocksdb.go:120            Options.random_access_max_buffer_size: 1048576
I200512 20:05:56.425641 35 storage/engine/rocksdb.go:120                       Options.use_adaptive_mutex: 0
I200512 20:05:56.425644 35 storage/engine/rocksdb.go:120                             Options.rate_limiter: (nil)
I200512 20:05:56.425647 35 storage/engine/rocksdb.go:120      Options.sst_file_manager.rate_bytes_per_sec: 0
I200512 20:05:56.425650 35 storage/engine/rocksdb.go:120                        Options.wal_recovery_mode: 0
I200512 20:05:56.425652 35 storage/engine/rocksdb.go:120                   Options.enable_thread_tracking: 0
I200512 20:05:56.425655 35 storage/engine/rocksdb.go:120                   Options.enable_pipelined_write: 0
I200512 20:05:56.425658 35 storage/engine/rocksdb.go:120          Options.allow_concurrent_memtable_write: 1
I200512 20:05:56.425660 35 storage/engine/rocksdb.go:120       Options.enable_write_thread_adaptive_yield: 1
I200512 20:05:56.425663 35 storage/engine/rocksdb.go:120              Options.write_thread_max_yield_usec: 100
I200512 20:05:56.425665 35 storage/engine/rocksdb.go:120             Options.write_thread_slow_yield_usec: 3
I200512 20:05:56.425668 35 storage/engine/rocksdb.go:120                                Options.row_cache: None
I200512 20:05:56.425671 35 storage/engine/rocksdb.go:120                               Options.wal_filter: None
I200512 20:05:56.425673 35 storage/engine/rocksdb.go:120              Options.avoid_flush_during_recovery: 0
I200512 20:05:56.425676 35 storage/engine/rocksdb.go:120              Options.allow_ingest_behind: 0
I200512 20:05:56.425679 35 storage/engine/rocksdb.go:120              Options.preserve_deletes: 0
I200512 20:05:56.425681 35 storage/engine/rocksdb.go:120              Options.two_write_queues: 0
I200512 20:05:56.425684 35 storage/engine/rocksdb.go:120              Options.manual_wal_flush: 1
I200512 20:05:56.425686 35 storage/engine/rocksdb.go:120              Options.atomic_flush: 0
I200512 20:05:56.425689 35 storage/engine/rocksdb.go:120              Options.avoid_unnecessary_blocking_io: 0
I200512 20:05:56.425692 35 storage/engine/rocksdb.go:120              Options.max_background_jobs: 2
I200512 20:05:56.425694 35 storage/engine/rocksdb.go:120              Options.max_background_compactions: -1
I200512 20:05:56.425697 35 storage/engine/rocksdb.go:120              Options.avoid_flush_during_shutdown: 0
I200512 20:05:56.425699 35 storage/engine/rocksdb.go:120            Options.writable_file_max_buffer_size: 1048576
I200512 20:05:56.425702 35 storage/engine/rocksdb.go:120              Options.delayed_write_rate : 16777216
I200512 20:05:56.425704 35 storage/engine/rocksdb.go:120              Options.max_total_wal_size: 0
I200512 20:05:56.425707 35 storage/engine/rocksdb.go:120              Options.delete_obsolete_files_period_micros: 21600000000
I200512 20:05:56.425710 35 storage/engine/rocksdb.go:120                    Options.stats_dump_period_sec: 0
I200512 20:05:56.425713 35 storage/engine/rocksdb.go:120                  Options.stats_persist_period_sec: 600
I200512 20:05:56.425715 35 storage/engine/rocksdb.go:120                  Options.stats_history_buffer_size: 1048576
I200512 20:05:56.425718 35 storage/engine/rocksdb.go:120                           Options.max_open_files: 128
I200512 20:05:56.425720 35 storage/engine/rocksdb.go:120                           Options.bytes_per_sync: 524288
I200512 20:05:56.425723 35 storage/engine/rocksdb.go:120                       Options.wal_bytes_per_sync: 0
I200512 20:05:56.425726 35 storage/engine/rocksdb.go:120                    Options.strict_bytes_per_sync: 1
I200512 20:05:56.425728 35 storage/engine/rocksdb.go:120        Options.compaction_readahead_size: 0
I200512 20:05:56.425731 35 storage/engine/rocksdb.go:120  Compression algorithms supported:
I200512 20:05:56.425734 35 storage/engine/rocksdb.go:120  	kZSTDNotFinalCompression supported: 0
I200512 20:05:56.425737 35 storage/engine/rocksdb.go:120  	kZSTD supported: 0
I200512 20:05:56.425739 35 storage/engine/rocksdb.go:120  	kXpressCompression supported: 0
I200512 20:05:56.425743 35 storage/engine/rocksdb.go:120  	kLZ4HCCompression supported: 0
I200512 20:05:56.425746 35 storage/engine/rocksdb.go:120  	kLZ4Compression supported: 0
I200512 20:05:56.425748 35 storage/engine/rocksdb.go:120  	kBZip2Compression supported: 0
I200512 20:05:56.425751 35 storage/engine/rocksdb.go:120  	kZlibCompression supported: 0
I200512 20:05:56.425754 35 storage/engine/rocksdb.go:120  	kSnappyCompression supported: 1
I200512 20:05:56.425760 35 storage/engine/rocksdb.go:120  Fast CRC32 supported: Supported on x86
I200512 20:05:56.428262 35 storage/engine/rocksdb.go:120  [db/db_impl_open.cc:242] Creating manifest 1 
I200512 20:05:56.445027 35 storage/engine/rocksdb.go:120  [db/version_set.cc:4072] Recovering from manifest file: /var/lib/cockroach/cockroach-temp985954833/MANIFEST-000001
I200512 20:05:56.445791 35 storage/engine/rocksdb.go:120  [db/column_family.cc:488] --------------- Options for column family [default]:
I200512 20:05:56.445796 35 storage/engine/rocksdb.go:120                Options.comparator: cockroach_comparator
I200512 20:05:56.445799 35 storage/engine/rocksdb.go:120            Options.merge_operator: cockroach_merge_operator
I200512 20:05:56.445802 35 storage/engine/rocksdb.go:120         Options.compaction_filter: None
I200512 20:05:56.445805 35 storage/engine/rocksdb.go:120         Options.compaction_filter_factory: None
I200512 20:05:56.445807 35 storage/engine/rocksdb.go:120          Options.memtable_factory: SkipListFactory
I200512 20:05:56.445810 35 storage/engine/rocksdb.go:120             Options.table_factory: BlockBasedTable
I200512 20:05:56.445829 35 storage/engine/rocksdb.go:120             table_factory options:   flush_block_policy_factory: FlushBlockBySizePolicyFactory (0x7f553c824040)
  cache_index_and_filter_blocks: 0
  cache_index_and_filter_blocks_with_high_priority: 0
  pin_l0_filter_and_index_blocks_in_cache: 0
  pin_top_level_index_and_filter: 1
  index_type: 0
  data_block_index_type: 0
  index_shortening: 1
  data_block_hash_table_util_ratio: 0.750000
  hash_index_allow_collision: 1
  checksum: 1
  no_block_cache: 0
  block_cache: 0x7f5533e1c010
  block_cache_name: LRUCache
  block_cache_options:
    capacity : 1048576
    num_shard_bits : 4
    strict_capacity_limit : 0
    memory_allocator : None
    high_pri_pool_ratio: 0.000
  block_cache_compressed: (nil)
  persistent_cache: (nil)
  block_size: 32768
  block_size_deviation: 10
  block_restart_interval: 16
  index_block_restart_interval: 1
  metadata_block_size: 4096
  partition_filters: 0
  use_delta_encoding: 1
  filter_policy: rocksdb.BuiltinBloomFilter
  whole_key_filtering: 0
  verify_compression: 0
  read_amp_bytes_per_bit: 0
  format_version: 2
  enable_index_compression: 1
  block_align: 0
I200512 20:05:56.445834 35 storage/engine/rocksdb.go:120         Options.write_buffer_size: 67108864
I200512 20:05:56.445838 35 storage/engine/rocksdb.go:120   Options.max_write_buffer_number: 4
I200512 20:05:56.445841 35 storage/engine/rocksdb.go:120           Options.compression: Snappy
I200512 20:05:56.445843 35 storage/engine/rocksdb.go:120                   Options.bottommost_compression: Disabled
I200512 20:05:56.445846 35 storage/engine/rocksdb.go:120        Options.prefix_extractor: cockroach_prefix_extractor
I200512 20:05:56.445849 35 storage/engine/rocksdb.go:120    Options.memtable_insert_with_hint_prefix_extractor: nullptr
I200512 20:05:56.445852 35 storage/engine/rocksdb.go:120              Options.num_levels: 7
I200512 20:05:56.445854 35 storage/engine/rocksdb.go:120         Options.min_write_buffer_number_to_merge: 1
I200512 20:05:56.445857 35 storage/engine/rocksdb.go:120      Options.max_write_buffer_number_to_maintain: 0
I200512 20:05:56.445859 35 storage/engine/rocksdb.go:120             Options.bottommost_compression_opts.window_bits: -14
I200512 20:05:56.445862 35 storage/engine/rocksdb.go:120                   Options.bottommost_compression_opts.level: 32767
I200512 20:05:56.445865 35 storage/engine/rocksdb.go:120                Options.bottommost_compression_opts.strategy: 0
I200512 20:05:56.445867 35 storage/engine/rocksdb.go:120          Options.bottommost_compression_opts.max_dict_bytes: 0
I200512 20:05:56.445870 35 storage/engine/rocksdb.go:120          Options.bottommost_compression_opts.zstd_max_train_bytes: 0
I200512 20:05:56.445872 35 storage/engine/rocksdb.go:120                   Options.bottommost_compression_opts.enabled: false
I200512 20:05:56.445875 35 storage/engine/rocksdb.go:120             Options.compression_opts.window_bits: -14
I200512 20:05:56.445877 35 storage/engine/rocksdb.go:120                   Options.compression_opts.level: 32767
I200512 20:05:56.445880 35 storage/engine/rocksdb.go:120                Options.compression_opts.strategy: 0
I200512 20:05:56.445883 35 storage/engine/rocksdb.go:120          Options.compression_opts.max_dict_bytes: 0
I200512 20:05:56.445885 35 storage/engine/rocksdb.go:120          Options.compression_opts.zstd_max_train_bytes: 0
I200512 20:05:56.445888 35 storage/engine/rocksdb.go:120                   Options.compression_opts.enabled: false
I200512 20:05:56.445890 35 storage/engine/rocksdb.go:120       Options.level0_file_num_compaction_trigger: 2
I200512 20:05:56.445893 35 storage/engine/rocksdb.go:120           Options.level0_slowdown_writes_trigger: 950
I200512 20:05:56.445895 35 storage/engine/rocksdb.go:120               Options.level0_stop_writes_trigger: 1000
I200512 20:05:56.445898 35 storage/engine/rocksdb.go:120                    Options.target_file_size_base: 4194304
I200512 20:05:56.445900 35 storage/engine/rocksdb.go:120              Options.target_file_size_multiplier: 2
I200512 20:05:56.445903 35 storage/engine/rocksdb.go:120                 Options.max_bytes_for_level_base: 67108864
I200512 20:05:56.445906 35 storage/engine/rocksdb.go:120  Options.level_compaction_dynamic_level_bytes: 1
I200512 20:05:56.445910 35 storage/engine/rocksdb.go:120           Options.max_bytes_for_level_multiplier: 10.000000
I200512 20:05:56.445912 35 storage/engine/rocksdb.go:120  Options.max_bytes_for_level_multiplier_addtl[0]: 1
I200512 20:05:56.445918 35 storage/engine/rocksdb.go:120  Options.max_bytes_for_level_multiplier_addtl[1]: 1
I200512 20:05:56.445921 35 storage/engine/rocksdb.go:120  Options.max_bytes_for_level_multiplier_addtl[2]: 1
I200512 20:05:56.445923 35 storage/engine/rocksdb.go:120  Options.max_bytes_for_level_multiplier_addtl[3]: 1
I200512 20:05:56.445926 35 storage/engine/rocksdb.go:120  Options.max_bytes_for_level_multiplier_addtl[4]: 1
I200512 20:05:56.445929 35 storage/engine/rocksdb.go:120  Options.max_bytes_for_level_multiplier_addtl[5]: 1
I200512 20:05:56.445931 35 storage/engine/rocksdb.go:120  Options.max_bytes_for_level_multiplier_addtl[6]: 1
I200512 20:05:56.445934 35 storage/engine/rocksdb.go:120        Options.max_sequential_skip_in_iterations: 8
I200512 20:05:56.445937 35 storage/engine/rocksdb.go:120                     Options.max_compaction_bytes: 104857600
I200512 20:05:56.445939 35 storage/engine/rocksdb.go:120                         Options.arena_block_size: 8388608
I200512 20:05:56.445942 35 storage/engine/rocksdb.go:120    Options.soft_pending_compaction_bytes_limit: 2199023255552
I200512 20:05:56.445944 35 storage/engine/rocksdb.go:120    Options.hard_pending_compaction_bytes_limit: 4400193994752
I200512 20:05:56.445947 35 storage/engine/rocksdb.go:120        Options.rate_limit_delay_max_milliseconds: 100
I200512 20:05:56.445949 35 storage/engine/rocksdb.go:120                 Options.disable_auto_compactions: 0
I200512 20:05:56.445953 35 storage/engine/rocksdb.go:120                         Options.compaction_style: kCompactionStyleLevel
I200512 20:05:56.445956 35 storage/engine/rocksdb.go:120                           Options.compaction_pri: kMinOverlappingRatio
I200512 20:05:56.445958 35 storage/engine/rocksdb.go:120  Options.compaction_options_universal.size_ratio: 1
I200512 20:05:56.445961 35 storage/engine/rocksdb.go:120  Options.compaction_options_universal.min_merge_width: 2
I200512 20:05:56.445964 35 storage/engine/rocksdb.go:120  Options.compaction_options_universal.max_merge_width: 4294967295
I200512 20:05:56.445966 35 storage/engine/rocksdb.go:120  Options.compaction_options_universal.max_size_amplification_percent: 200
I200512 20:05:56.445969 35 storage/engine/rocksdb.go:120  Options.compaction_options_universal.compression_size_percent: -1
I200512 20:05:56.445972 35 storage/engine/rocksdb.go:120  Options.compaction_options_universal.stop_style: kCompactionStopStyleTotalSize
I200512 20:05:56.445975 35 storage/engine/rocksdb.go:120  Options.compaction_options_fifo.max_table_files_size: 1073741824
I200512 20:05:56.445992 35 storage/engine/rocksdb.go:120  Options.compaction_options_fifo.allow_compaction: 0
I200512 20:05:56.445999 35 storage/engine/rocksdb.go:120                    Options.table_properties_collectors: TimeBoundTblPropCollectorFactory; DeleteRangeTblPropCollectorFactory; 
I200512 20:05:56.446003 35 storage/engine/rocksdb.go:120                    Options.inplace_update_support: 0
I200512 20:05:56.446006 35 storage/engine/rocksdb.go:120                  Options.inplace_update_num_locks: 10000
I200512 20:05:56.446009 35 storage/engine/rocksdb.go:120                Options.memtable_prefix_bloom_size_ratio: 0.000000
I200512 20:05:56.446012 35 storage/engine/rocksdb.go:120                Options.memtable_whole_key_filtering: 0
I200512 20:05:56.446014 35 storage/engine/rocksdb.go:120    Options.memtable_huge_page_size: 0
I200512 20:05:56.446017 35 storage/engine/rocksdb.go:120                            Options.bloom_locality: 0
I200512 20:05:56.446019 35 storage/engine/rocksdb.go:120                     Options.max_successive_merges: 0
I200512 20:05:56.446022 35 storage/engine/rocksdb.go:120                 Options.optimize_filters_for_hits: 1
I200512 20:05:56.446024 35 storage/engine/rocksdb.go:120                 Options.paranoid_file_checks: 0
I200512 20:05:56.446027 35 storage/engine/rocksdb.go:120                 Options.force_consistency_checks: 0
I200512 20:05:56.446029 35 storage/engine/rocksdb.go:120                 Options.report_bg_io_stats: 0
I200512 20:05:56.446032 35 storage/engine/rocksdb.go:120                                Options.ttl: 0
I200512 20:05:56.446035 35 storage/engine/rocksdb.go:120           Options.periodic_compaction_seconds: 0
I200512 20:05:56.446870 35 storage/engine/rocksdb.go:120  [db/version_set.cc:4286] Recovered from manifest file:/var/lib/cockroach/cockroach-temp985954833/MANIFEST-000001 succeeded,manifest_file_number is 1, next_file_number is 3, last_sequence is 0, log_number is 0,prev_log_number is 0,max_column_family is 0,min_log_number_to_keep is 0
I200512 20:05:56.446898 35 storage/engine/rocksdb.go:120  [db/version_set.cc:4295] Column family [default] (ID 0), log number is 0
I200512 20:05:56.465148 35 storage/engine/rocksdb.go:120  DB pointer 0x7f553c957000
I200512 20:05:56.490112 35 storage/engine/rocksdb.go:120  RocksDB version: 6.2.1
I200512 20:05:56.490120 35 storage/engine/rocksdb.go:120  Git sha rocksdb_build_git_sha:@b7009236531fa784872f4823eabf393501e41bf2@
I200512 20:05:56.490124 35 storage/engine/rocksdb.go:120  Compile date Mar 16 2020
I200512 20:05:56.490127 35 storage/engine/rocksdb.go:120  DB SUMMARY
I200512 20:05:56.490907 35 storage/engine/rocksdb.go:120  CURRENT file:  CURRENT
I200512 20:05:56.490917 35 storage/engine/rocksdb.go:120  IDENTITY file:  IDENTITY
I200512 20:05:56.491155 35 storage/engine/rocksdb.go:120  MANIFEST file:  MANIFEST-000316 size: 618 Bytes
I200512 20:05:56.491168 35 storage/engine/rocksdb.go:120  SST files in /var/lib/cockroach dir, Total Num: 2, files: 000320.sst 000321.sst 
I200512 20:05:56.491172 35 storage/engine/rocksdb.go:120  Write Ahead Log file in /var/lib/cockroach: 000317.log size: 4404864 ; 
I200512 20:05:56.491177 35 storage/engine/rocksdb.go:120                          Options.error_if_exists: 0
I200512 20:05:56.491186 35 storage/engine/rocksdb.go:120                        Options.create_if_missing: 1
I200512 20:05:56.491189 35 storage/engine/rocksdb.go:120                          Options.paranoid_checks: 1
I200512 20:05:56.491192 35 storage/engine/rocksdb.go:120                                      Options.env: 0x75757a0
I200512 20:05:56.491195 35 storage/engine/rocksdb.go:120                                 Options.info_log: 0x7f553c8879a0
I200512 20:05:56.491197 35 storage/engine/rocksdb.go:120                 Options.max_file_opening_threads: 16
I200512 20:05:56.491200 35 storage/engine/rocksdb.go:120                               Options.statistics: 0x7f553c81d940
I200512 20:05:56.491207 35 storage/engine/rocksdb.go:120                                Options.use_fsync: 0
I200512 20:05:56.491212 35 storage/engine/rocksdb.go:120                        Options.max_log_file_size: 0
I200512 20:05:56.491288 35 storage/engine/rocksdb.go:120                   Options.max_manifest_file_size: 134217728
I200512 20:05:56.491291 35 storage/engine/rocksdb.go:120                    Options.log_file_time_to_roll: 0
I200512 20:05:56.491294 35 storage/engine/rocksdb.go:120                        Options.keep_log_file_num: 1000
I200512 20:05:56.491297 35 storage/engine/rocksdb.go:120                     Options.recycle_log_file_num: 1
I200512 20:05:56.491300 35 storage/engine/rocksdb.go:120                          Options.allow_fallocate: 1
I200512 20:05:56.491305 35 storage/engine/rocksdb.go:120                         Options.allow_mmap_reads: 0
I200512 20:05:56.491307 35 storage/engine/rocksdb.go:120                        Options.allow_mmap_writes: 0
I200512 20:05:56.491310 35 storage/engine/rocksdb.go:120                         Options.use_direct_reads: 0
I200512 20:05:56.491313 35 storage/engine/rocksdb.go:120                         Options.use_direct_io_for_flush_and_compaction: 0
I200512 20:05:56.491316 35 storage/engine/rocksdb.go:120           Options.create_missing_column_families: 0
I200512 20:05:56.491319 35 storage/engine/rocksdb.go:120                               Options.db_log_dir: 
I200512 20:05:56.491324 35 storage/engine/rocksdb.go:120                                  Options.wal_dir: /var/lib/cockroach
I200512 20:05:56.491327 35 storage/engine/rocksdb.go:120                 Options.table_cache_numshardbits: 6
I200512 20:05:56.491330 35 storage/engine/rocksdb.go:120                       Options.max_subcompactions: 1
I200512 20:05:56.491332 35 storage/engine/rocksdb.go:120                   Options.max_background_flushes: -1
I200512 20:05:56.491335 35 storage/engine/rocksdb.go:120                          Options.WAL_ttl_seconds: 0
I200512 20:05:56.491338 35 storage/engine/rocksdb.go:120                        Options.WAL_size_limit_MB: 0
I200512 20:05:56.491341 35 storage/engine/rocksdb.go:120              Options.manifest_preallocation_size: 4194304
I200512 20:05:56.491346 35 storage/engine/rocksdb.go:120                      Options.is_fd_close_on_exec: 1
I200512 20:05:56.491348 35 storage/engine/rocksdb.go:120                    Options.advise_random_on_open: 1
I200512 20:05:56.491351 35 storage/engine/rocksdb.go:120                     Options.db_write_buffer_size: 0
I200512 20:05:56.491354 35 storage/engine/rocksdb.go:120                     Options.write_buffer_manager: 0x7f553c860ce0
I200512 20:05:56.491357 35 storage/engine/rocksdb.go:120          Options.access_hint_on_compaction_start: 1
I200512 20:05:56.491360 35 storage/engine/rocksdb.go:120   Options.new_table_reader_for_compaction_inputs: 0
I200512 20:05:56.491364 35 storage/engine/rocksdb.go:120            Options.random_access_max_buffer_size: 1048576
I200512 20:05:56.491368 35 storage/engine/rocksdb.go:120                       Options.use_adaptive_mutex: 0
I200512 20:05:56.491371 35 storage/engine/rocksdb.go:120                             Options.rate_limiter: (nil)
I200512 20:05:56.491374 35 storage/engine/rocksdb.go:120      Options.sst_file_manager.rate_bytes_per_sec: 0
I200512 20:05:56.491377 35 storage/engine/rocksdb.go:120                        Options.wal_recovery_mode: 0
I200512 20:05:56.491380 35 storage/engine/rocksdb.go:120                   Options.enable_thread_tracking: 0
I200512 20:05:56.491382 35 storage/engine/rocksdb.go:120                   Options.enable_pipelined_write: 0
I200512 20:05:56.491387 35 storage/engine/rocksdb.go:120          Options.allow_concurrent_memtable_write: 1
I200512 20:05:56.491390 35 storage/engine/rocksdb.go:120       Options.enable_write_thread_adaptive_yield: 1
I200512 20:05:56.491393 35 storage/engine/rocksdb.go:120              Options.write_thread_max_yield_usec: 100
I200512 20:05:56.491395 35 storage/engine/rocksdb.go:120             Options.write_thread_slow_yield_usec: 3
I200512 20:05:56.491398 35 storage/engine/rocksdb.go:120                                Options.row_cache: None
I200512 20:05:56.491401 35 storage/engine/rocksdb.go:120                               Options.wal_filter: None
I200512 20:05:56.491406 35 storage/engine/rocksdb.go:120              Options.avoid_flush_during_recovery: 0
I200512 20:05:56.491410 35 storage/engine/rocksdb.go:120              Options.allow_ingest_behind: 0
I200512 20:05:56.491413 35 storage/engine/rocksdb.go:120              Options.preserve_deletes: 0
I200512 20:05:56.491416 35 storage/engine/rocksdb.go:120              Options.two_write_queues: 0
I200512 20:05:56.491419 35 storage/engine/rocksdb.go:120              Options.manual_wal_flush: 1
I200512 20:05:56.491422 35 storage/engine/rocksdb.go:120              Options.atomic_flush: 0
I200512 20:05:56.491426 35 storage/engine/rocksdb.go:120              Options.avoid_unnecessary_blocking_io: 0
I200512 20:05:56.491429 35 storage/engine/rocksdb.go:120              Options.max_background_jobs: 2
I200512 20:05:56.491432 35 storage/engine/rocksdb.go:120              Options.max_background_compactions: -1
I200512 20:05:56.491435 35 storage/engine/rocksdb.go:120              Options.avoid_flush_during_shutdown: 0
I200512 20:05:56.491438 35 storage/engine/rocksdb.go:120            Options.writable_file_max_buffer_size: 1048576
I200512 20:05:56.491441 35 storage/engine/rocksdb.go:120              Options.delayed_write_rate : 16777216
I200512 20:05:56.491444 35 storage/engine/rocksdb.go:120              Options.max_total_wal_size: 0
I200512 20:05:56.491448 35 storage/engine/rocksdb.go:120              Options.delete_obsolete_files_period_micros: 21600000000
I200512 20:05:56.491451 35 storage/engine/rocksdb.go:120                    Options.stats_dump_period_sec: 0
I200512 20:05:56.491454 35 storage/engine/rocksdb.go:120                  Options.stats_persist_period_sec: 600
I200512 20:05:56.491457 35 storage/engine/rocksdb.go:120                  Options.stats_history_buffer_size: 1048576
I200512 20:05:56.491460 35 storage/engine/rocksdb.go:120                           Options.max_open_files: 1043576
I200512 20:05:56.491463 35 storage/engine/rocksdb.go:120                           Options.bytes_per_sync: 524288
I200512 20:05:56.491467 35 storage/engine/rocksdb.go:120                       Options.wal_bytes_per_sync: 0
I200512 20:05:56.491470 35 storage/engine/rocksdb.go:120                    Options.strict_bytes_per_sync: 1
I200512 20:05:56.491473 35 storage/engine/rocksdb.go:120        Options.compaction_readahead_size: 0
I200512 20:05:56.491476 35 storage/engine/rocksdb.go:120  Compression algorithms supported:
I200512 20:05:56.491492 35 storage/engine/rocksdb.go:120  	kZSTDNotFinalCompression supported: 0
I200512 20:05:56.491498 35 storage/engine/rocksdb.go:120  	kZSTD supported: 0
I200512 20:05:56.491501 35 storage/engine/rocksdb.go:120  	kXpressCompression supported: 0
I200512 20:05:56.491507 35 storage/engine/rocksdb.go:120  	kLZ4HCCompression supported: 0
I200512 20:05:56.491510 35 storage/engine/rocksdb.go:120  	kLZ4Compression supported: 0
I200512 20:05:56.491513 35 storage/engine/rocksdb.go:120  	kBZip2Compression supported: 0
I200512 20:05:56.491516 35 storage/engine/rocksdb.go:120  	kZlibCompression supported: 0
I200512 20:05:56.491519 35 storage/engine/rocksdb.go:120  	kSnappyCompression supported: 1
I200512 20:05:56.491525 35 storage/engine/rocksdb.go:120  Fast CRC32 supported: Supported on x86
I200512 20:05:56.493624 35 storage/engine/rocksdb.go:120  [db/version_set.cc:4072] Recovering from manifest file: /var/lib/cockroach/MANIFEST-000316
I200512 20:05:56.494004 35 storage/engine/rocksdb.go:120  [db/column_family.cc:488] --------------- Options for column family [default]:
I200512 20:05:56.494013 35 storage/engine/rocksdb.go:120                Options.comparator: cockroach_comparator
I200512 20:05:56.494017 35 storage/engine/rocksdb.go:120            Options.merge_operator: cockroach_merge_operator
I200512 20:05:56.494021 35 storage/engine/rocksdb.go:120         Options.compaction_filter: None
I200512 20:05:56.494097 35 storage/engine/rocksdb.go:120         Options.compaction_filter_factory: None
I200512 20:05:56.494104 35 storage/engine/rocksdb.go:120          Options.memtable_factory: SkipListFactory
I200512 20:05:56.494107 35 storage/engine/rocksdb.go:120             Options.table_factory: BlockBasedTable
I200512 20:05:56.494130 35 storage/engine/rocksdb.go:120             table_factory options:   flush_block_policy_factory: FlushBlockBySizePolicyFactory (0x7f553c8240a0)
  cache_index_and_filter_blocks: 0
  cache_index_and_filter_blocks_with_high_priority: 0
  pin_l0_filter_and_index_blocks_in_cache: 0
  pin_top_level_index_and_filter: 1
  index_type: 0
  data_block_index_type: 0
  index_shortening: 1
  data_block_hash_table_util_ratio: 0.750000
  hash_index_allow_collision: 1
  checksum: 1
  no_block_cache: 0
  block_cache: 0x7f553c970b10
  block_cache_name: LRUCache
  block_cache_options:
    capacity : 67108864
    num_shard_bits : 4
    strict_capacity_limit : 0
    memory_allocator : None
    high_pri_pool_ratio: 0.000
  block_cache_compressed: (nil)
  persistent_cache: (nil)
  block_size: 32768
  block_size_deviation: 10
  block_restart_interval: 16
  index_block_restart_interval: 1
  metadata_block_size: 4096
  partition_filters: 0
  use_delta_encoding: 1
  filter_policy: rocksdb.BuiltinBloomFilter
  whole_key_filtering: 0
  verify_compression: 0
  read_amp_bytes_per_bit: 0
  format_version: 2
  enable_index_compression: 1
  block_align: 0
I200512 20:05:56.494135 35 storage/engine/rocksdb.go:120         Options.write_buffer_size: 67108864
I200512 20:05:56.494139 35 storage/engine/rocksdb.go:120   Options.max_write_buffer_number: 4
I200512 20:05:56.494142 35 storage/engine/rocksdb.go:120           Options.compression: Snappy
I200512 20:05:56.494148 35 storage/engine/rocksdb.go:120                   Options.bottommost_compression: Disabled
I200512 20:05:56.494152 35 storage/engine/rocksdb.go:120        Options.prefix_extractor: cockroach_prefix_extractor
I200512 20:05:56.494155 35 storage/engine/rocksdb.go:120    Options.memtable_insert_with_hint_prefix_extractor: nullptr
I200512 20:05:56.494160 35 storage/engine/rocksdb.go:120              Options.num_levels: 7
I200512 20:05:56.494163 35 storage/engine/rocksdb.go:120         Options.min_write_buffer_number_to_merge: 1
I200512 20:05:56.494166 35 storage/engine/rocksdb.go:120      Options.max_write_buffer_number_to_maintain: 0
I200512 20:05:56.494169 35 storage/engine/rocksdb.go:120             Options.bottommost_compression_opts.window_bits: -14
I200512 20:05:56.494175 35 storage/engine/rocksdb.go:120                   Options.bottommost_compression_opts.level: 32767
I200512 20:05:56.494178 35 storage/engine/rocksdb.go:120                Options.bottommost_compression_opts.strategy: 0
I200512 20:05:56.494181 35 storage/engine/rocksdb.go:120          Options.bottommost_compression_opts.max_dict_bytes: 0
I200512 20:05:56.494184 35 storage/engine/rocksdb.go:120          Options.bottommost_compression_opts.zstd_max_train_bytes: 0
I200512 20:05:56.494187 35 storage/engine/rocksdb.go:120                   Options.bottommost_compression_opts.enabled: false
I200512 20:05:56.494190 35 storage/engine/rocksdb.go:120             Options.compression_opts.window_bits: -14
I200512 20:05:56.494195 35 storage/engine/rocksdb.go:120                   Options.compression_opts.level: 32767
I200512 20:05:56.494198 35 storage/engine/rocksdb.go:120                Options.compression_opts.strategy: 0
I200512 20:05:56.494202 35 storage/engine/rocksdb.go:120          Options.compression_opts.max_dict_bytes: 0
I200512 20:05:56.494205 35 storage/engine/rocksdb.go:120          Options.compression_opts.zstd_max_train_bytes: 0
I200512 20:05:56.494208 35 storage/engine/rocksdb.go:120                   Options.compression_opts.enabled: false
I200512 20:05:56.494211 35 storage/engine/rocksdb.go:120       Options.level0_file_num_compaction_trigger: 2
I200512 20:05:56.494216 35 storage/engine/rocksdb.go:120           Options.level0_slowdown_writes_trigger: 950
I200512 20:05:56.494219 35 storage/engine/rocksdb.go:120               Options.level0_stop_writes_trigger: 1000
I200512 20:05:56.494235 35 storage/engine/rocksdb.go:120                    Options.target_file_size_base: 4194304
I200512 20:05:56.494238 35 storage/engine/rocksdb.go:120              Options.target_file_size_multiplier: 2
I200512 20:05:56.494241 35 storage/engine/rocksdb.go:120                 Options.max_bytes_for_level_base: 67108864
I200512 20:05:56.494244 35 storage/engine/rocksdb.go:120  Options.level_compaction_dynamic_level_bytes: 1
I200512 20:05:56.494247 35 storage/engine/rocksdb.go:120           Options.max_bytes_for_level_multiplier: 10.000000
I200512 20:05:56.494252 35 storage/engine/rocksdb.go:120  Options.max_bytes_for_level_multiplier_addtl[0]: 1
I200512 20:05:56.494255 35 storage/engine/rocksdb.go:120  Options.max_bytes_for_level_multiplier_addtl[1]: 1
I200512 20:05:56.494258 35 storage/engine/rocksdb.go:120  Options.max_bytes_for_level_multiplier_addtl[2]: 1
I200512 20:05:56.494261 35 storage/engine/rocksdb.go:120  Options.max_bytes_for_level_multiplier_addtl[3]: 1
I200512 20:05:56.494264 35 storage/engine/rocksdb.go:120  Options.max_bytes_for_level_multiplier_addtl[4]: 1
I200512 20:05:56.494266 35 storage/engine/rocksdb.go:120  Options.max_bytes_for_level_multiplier_addtl[5]: 1
I200512 20:05:56.494271 35 storage/engine/rocksdb.go:120  Options.max_bytes_for_level_multiplier_addtl[6]: 1
I200512 20:05:56.494274 35 storage/engine/rocksdb.go:120        Options.max_sequential_skip_in_iterations: 8
I200512 20:05:56.494277 35 storage/engine/rocksdb.go:120                     Options.max_compaction_bytes: 104857600
I200512 20:05:56.494280 35 storage/engine/rocksdb.go:120                         Options.arena_block_size: 8388608
I200512 20:05:56.494283 35 storage/engine/rocksdb.go:120    Options.soft_pending_compaction_bytes_limit: 2199023255552
I200512 20:05:56.494286 35 storage/engine/rocksdb.go:120    Options.hard_pending_compaction_bytes_limit: 4400193994752
I200512 20:05:56.494289 35 storage/engine/rocksdb.go:120        Options.rate_limit_delay_max_milliseconds: 100
I200512 20:05:56.494293 35 storage/engine/rocksdb.go:120                 Options.disable_auto_compactions: 0
I200512 20:05:56.494297 35 storage/engine/rocksdb.go:120                         Options.compaction_style: kCompactionStyleLevel
I200512 20:05:56.494301 35 storage/engine/rocksdb.go:120                           Options.compaction_pri: kMinOverlappingRatio
I200512 20:05:56.494303 35 storage/engine/rocksdb.go:120  Options.compaction_options_universal.size_ratio: 1
I200512 20:05:56.494306 35 storage/engine/rocksdb.go:120  Options.compaction_options_universal.min_merge_width: 2
I200512 20:05:56.494309 35 storage/engine/rocksdb.go:120  Options.compaction_options_universal.max_merge_width: 4294967295
I200512 20:05:56.494314 35 storage/engine/rocksdb.go:120  Options.compaction_options_universal.max_size_amplification_percent: 200
I200512 20:05:56.494317 35 storage/engine/rocksdb.go:120  Options.compaction_options_universal.compression_size_percent: -1
I200512 20:05:56.494320 35 storage/engine/rocksdb.go:120  Options.compaction_options_universal.stop_style: kCompactionStopStyleTotalSize
I200512 20:05:56.494323 35 storage/engine/rocksdb.go:120  Options.compaction_options_fifo.max_table_files_size: 1073741824
I200512 20:05:56.494326 35 storage/engine/rocksdb.go:120  Options.compaction_options_fifo.allow_compaction: 0
I200512 20:05:56.494331 35 storage/engine/rocksdb.go:120                    Options.table_properties_collectors: TimeBoundTblPropCollectorFactory; DeleteRangeTblPropCollectorFactory; 
I200512 20:05:56.494410 35 storage/engine/rocksdb.go:120                    Options.inplace_update_support: 0
I200512 20:05:56.494413 35 storage/engine/rocksdb.go:120                  Options.inplace_update_num_locks: 10000
I200512 20:05:56.494416 35 storage/engine/rocksdb.go:120                Options.memtable_prefix_bloom_size_ratio: 0.000000
I200512 20:05:56.494419 35 storage/engine/rocksdb.go:120                Options.memtable_whole_key_filtering: 0
I200512 20:05:56.494422 35 storage/engine/rocksdb.go:120    Options.memtable_huge_page_size: 0
I200512 20:05:56.494425 35 storage/engine/rocksdb.go:120                            Options.bloom_locality: 0
I200512 20:05:56.494427 35 storage/engine/rocksdb.go:120                     Options.max_successive_merges: 0
I200512 20:05:56.494432 35 storage/engine/rocksdb.go:120                 Options.optimize_filters_for_hits: 1
I200512 20:05:56.494435 35 storage/engine/rocksdb.go:120                 Options.paranoid_file_checks: 0
I200512 20:05:56.494438 35 storage/engine/rocksdb.go:120                 Options.force_consistency_checks: 0
I200512 20:05:56.494440 35 storage/engine/rocksdb.go:120                 Options.report_bg_io_stats: 0
I200512 20:05:56.494443 35 storage/engine/rocksdb.go:120                                Options.ttl: 0
I200512 20:05:56.494446 35 storage/engine/rocksdb.go:120           Options.periodic_compaction_seconds: 0
I200512 20:05:56.497863 35 storage/engine/rocksdb.go:120  [db/version_set.cc:4286] Recovered from manifest file:/var/lib/cockroach/MANIFEST-000316 succeeded,manifest_file_number is 316, next_file_number is 323, last_sequence is 6053452, log_number is 315,prev_log_number is 0,max_column_family is 0,min_log_number_to_keep is 0
I200512 20:05:56.497871 35 storage/engine/rocksdb.go:120  [db/version_set.cc:4295] Column family [default] (ID 0), log number is 315
I200512 20:05:56.498414 35 storage/engine/rocksdb.go:120  EVENT_LOG_v1 {"time_micros": 1589313956498400, "job": 1, "event": "recovery_started", "log_files": [317]}
I200512 20:05:56.498420 35 storage/engine/rocksdb.go:120  [db/db_impl_open.cc:598] Recovering log #317 mode 0
I200512 20:05:56.559096 35 storage/engine/rocksdb.go:120  EVENT_LOG_v1 {"time_micros": 1589313956559050, "cf_name": "default", "job": 1, "event": "table_file_creation", "file_number": 323, "file_size": 87724, "table_properties": {"data_size": 83978, "index_size": 538, "index_partitions": 0, "top_level_index_size": 0, "index_key_is_user_key": 0, "index_value_is_delta_encoded": 0, "filter_size": 2373, "raw_key_size": 69667, "raw_average_key_size": 35, "raw_value_size": 326748, "raw_average_value_size": 167, "num_data_blocks": 10, "num_entries": 1956, "num_deletions": 794, "num_merge_operands": 664, "num_range_deletions": 664, "format_version": 0, "fixed_key_len": 0, "filter_policy": "rocksdb.BuiltinBloomFilter", "column_family_name": "default", "column_family_id": 0, "comparator": "cockroach_comparator", "merge_operator": "cockroach_merge_operator", "prefix_extractor_name": "cockroach_prefix_extractor", "property_collectors": "[TimeBoundTblPropCollectorFactory,DeleteRangeTblPropCollectorFactory]", "compression": "Snappy", "compression_options": "window_bits=-14; level=32767; strategy=0; max_dict_bytes=0; zstd_max_train_bytes=0; enabled=0; ", "creation_time": 1589313956, "oldest_key_time": 3, "file_creation_time": 0}}
I200512 20:05:56.559797 35 storage/engine/rocksdb.go:120  [db/version_set.cc:3560] Creating manifest 324
I200512 20:05:56.568890 35 storage/engine/rocksdb.go:120  EVENT_LOG_v1 {"time_micros": 1589313956568862, "job": 1, "event": "recovery_finished"}
I200512 20:05:56.595292 35 storage/engine/rocksdb.go:120  DB pointer 0x7f553c963000
I200512 20:07:44.476128 1747 storage/engine/rocksdb.go:120  bloom filter utility:    -nan%
I200512 20:07:44.476451 1747 storage/engine/rocksdb.go:120  [db/db_impl.cc:392] Shutdown: canceling all background work
I200512 20:07:44.478575 1747 storage/engine/rocksdb.go:120  [db/db_impl.cc:565] Shutdown complete
I200512 20:07:44.488030 1747 storage/engine/rocksdb.go:120  bloom filter utility:    61.4%
I200512 20:07:44.488572 1747 storage/engine/rocksdb.go:120  [db/db_impl.cc:392] Shutdown: canceling all background work
I200512 20:07:44.497637 1747 storage/engine/rocksdb.go:120  [db/db_impl.cc:565] Shutdown complete
