I200512 18:58:11.017183 1 util/log/clog.go:1196  [config] file created at: 2020/05/12 18:58:11
I200512 18:58:11.017183 1 util/log/clog.go:1196  [config] running on machine: 7ad524c371c8
I200512 18:58:11.017183 1 util/log/clog.go:1196  [config] binary: CockroachDB CCL v19.2.5 (x86_64-unknown-linux-gnu, built 2020/03/16 18:27:12, go1.12.12)
I200512 18:58:11.017183 1 util/log/clog.go:1196  [config] arguments: [/cockroach/cockroach start --insecure --store=attrs=ssd,path=/var/lib/cockroach/]
I200512 18:58:11.017183 1 util/log/clog.go:1196  line format: [IWEF]yymmdd hh:mm:ss.uuuuuu goid file:line msg utf8=✓
I200512 18:58:11.017182 1 cli/start.go:1144  logging to directory /var/lib/cockroach/logs
W200512 18:58:11.041964 1 cli/start.go:1182  RUNNING IN INSECURE MODE!

- Your cluster is open for any client that can access <all your IP addresses>.
- Any user, even root, can log in without providing a password.
- Any user, connecting as root, can read or write any data in your cluster.
- There is no network encryption nor authentication, and thus no confidentiality.

Check out how to secure your cluster: https://www.cockroachlabs.com/docs/v19.2/secure-a-cluster.html
I200512 18:58:11.042382 1 server/status/recorder.go:597  available memory from cgroups (8.0 EiB) is unsupported, using system memory 1.9 GiB instead: 
W200512 18:58:11.042434 1 cli/start.go:1052  Using the default setting for --cache (128 MiB).
  A significantly larger value is usually needed for good performance.
  If you have a dedicated server a reasonable setting is --cache=.25 (497 MiB).
I200512 18:58:11.042800 1 server/status/recorder.go:597  available memory from cgroups (8.0 EiB) is unsupported, using system memory 1.9 GiB instead: 
W200512 18:58:11.042814 1 cli/start.go:1065  Using the default setting for --max-sql-memory (128 MiB).
  A significantly larger value is usually needed in production.
  If you have a dedicated server a reasonable setting is --max-sql-memory=.25 (497 MiB).
I200512 18:58:11.043084 1 server/status/recorder.go:597  available memory from cgroups (8.0 EiB) is unsupported, using system memory 1.9 GiB instead: 
I200512 18:58:11.043100 1 cli/start.go:1196  CockroachDB CCL v19.2.5 (x86_64-unknown-linux-gnu, built 2020/03/16 18:27:12, go1.12.12)
W200512 18:58:11.261179 1 cli/start.go:511  running 'cockroach start' without --join is deprecated.
Consider using 'cockroach start-single-node' or 'cockroach init' instead.
I200512 18:58:11.268276 1 server/status/recorder.go:597  available memory from cgroups (8.0 EiB) is unsupported, using system memory 1.9 GiB instead: 
I200512 18:58:11.268293 1 server/config.go:394  system total memory: 1.9 GiB
I200512 18:58:11.268342 1 server/config.go:396  server configuration:
max offset             500000000
cache size             128 MiB
SQL memory pool size   128 MiB
scan interval          10m0s
scan min idle time     10ms
scan max idle time     1s
event log enabled      true
I200512 18:58:11.268355 1 cli/start.go:1030  using local environment variables: COCKROACH_CHANNEL=official-docker
I200512 18:58:11.268364 1 cli/start.go:1037  process identity: uid 0 euid 0 gid 0 egid 0
I200512 18:58:11.268400 1 cli/start.go:644  starting cockroach node
I200512 18:58:11.274402 13 storage/engine/rocksdb.go:622  opening rocksdb instance at "/var/lib/cockroach/cockroach-temp311457251"
I200512 18:58:11.407181 13 server/server.go:928  [n?] monitoring forward clock jumps based on server.clock.forward_jump_check_enabled
I200512 18:58:11.408549 13 storage/engine/rocksdb.go:622  opening rocksdb instance at "/var/lib/cockroach"
I200512 18:58:11.498696 13 server/config.go:502  [n?] 1 storage engine initialized
I200512 18:58:11.498703 13 server/config.go:505  [n?] RocksDB cache size: 128 MiB
I200512 18:58:11.498707 13 server/config.go:505  [n?] store 0: RocksDB, max size 0 B, max open file limit 1043576
W200512 18:58:11.535013 13 cli/start.go:996  neither --listen-addr nor --advertise-addr was specified.
The server will advertise "7ad524c371c8" to other nodes, is this routable?

Consider using:
- for local-only servers:  --listen-addr=localhost
- for multi-node clusters: --advertise-addr=<host/IP addr>
I200512 18:58:11.538713 13 server/server.go:978  [n?] Sleeping till wall time 1589309891538680364 to catches up to 1589309891907149566 to ensure monotonicity. Delta: 368.469202ms
I200512 18:58:11.908595 13 gossip/gossip.go:394  [n1] NodeDescriptor set to node_id:1 address:<network_field:"tcp" address_field:"7ad524c371c8:26257" > attrs:<> locality:<> ServerVersion:<major_val:19 minor_val:2 patch:0 unstable:0 > build_tag:"v19.2.5" started_at:1589309891908449260 cluster_name:"" sql_address:<network_field:"tcp" address_field:"7ad524c371c8:26257" > 
W200512 18:58:11.941028 104 storage/replica_range_lease.go:554  can't determine lease status due to node liveness error: node not in the liveness table
github.com/cockroachdb/cockroach/pkg/storage.init.ializers
	/go/src/github.com/cockroachdb/cockroach/pkg/storage/node_liveness.go:44
runtime.main
	/usr/local/go/src/runtime/proc.go:188
runtime.goexit
	/usr/local/go/src/runtime/asm_amd64.s:1337
W200512 18:58:11.941054 104 storage/store.go:1530  [n1,s1,r6/1:/Table/{SystemCon…-11}] could not gossip system config: [NotLeaseHolderError] r6: replica (n1,s1):1 not lease holder; lease holder unknown
I200512 18:58:12.010018 13 server/node.go:431  [n1] initialized store [n1,s1]: disk (capacity=894 GiB, available=593 GiB, used=11 MiB, logicalBytes=55 MiB), ranges=38, leases=2, queries=0.00, writes=0.00, bytesPerReplica={p10=0.00 p25=0.00 p50=0.00 p75=17808.00 p90=103348.00 pMax=40877881.00}, writesPerReplica={p10=0.00 p25=0.00 p50=0.00 p75=0.00 p90=0.00 pMax=0.00}
I200512 18:58:12.010106 13 storage/stores.go:240  [n1] read 0 node addresses from persistent storage
I200512 18:58:12.010180 13 server/node.go:645  [n1] connecting to gossip network to verify cluster ID...
I200512 18:58:12.010193 13 server/node.go:665  [n1] node connected via gossip and verified as part of cluster "3d423bb5-5d67-4ebf-947b-999bec430444"
I200512 18:58:12.010272 13 server/node.go:512  [n1] node=1: started with [ssd=/var/lib/cockroach] engine(s) and attributes []
I200512 18:58:12.011419 13 server/server.go:1514  [n1] starting http server at [::]:8080 (use: 7ad524c371c8:8080)
I200512 18:58:12.011430 13 server/server.go:1521  [n1] starting grpc/postgres server at [::]:26257
I200512 18:58:12.011439 13 server/server.go:1522  [n1] advertising CockroachDB node at 7ad524c371c8:26257
I200512 18:58:12.047253 139 storage/node_liveness.go:474  [n1,liveness-hb] heartbeat failed on epoch increment; retrying
I200512 18:58:12.051180 13 server/server.go:1590  [n1] done ensuring all necessary migrations have run
I200512 18:58:12.051216 13 server/server.go:1841  [n1] serving sql connections
I200512 18:58:12.051281 13 cli/start.go:803  [config] clusterID: 3d423bb5-5d67-4ebf-947b-999bec430444
I200512 18:58:12.051293 13 cli/start.go:812  node startup completed:
CockroachDB node starting at 2020-05-12 18:58:12.051244759 +0000 UTC (took 1.0s)
build:               CCL v19.2.5 @ 2020/03/16 18:27:12 (go1.12.12)
webui:               http://7ad524c371c8:8080
sql:                 postgresql://root@7ad524c371c8:26257?sslmode=disable
RPC client flags:    /cockroach/cockroach <client cmd> --host=7ad524c371c8:26257 --insecure
logs:                /var/lib/cockroach/logs
temp dir:            /var/lib/cockroach/cockroach-temp311457251
external I/O path:   /var/lib/cockroach/extern
store[0]:            path=/var/lib/cockroach,attrs=ssd
status:              restarted pre-existing node
clusterID:           3d423bb5-5d67-4ebf-947b-999bec430444
nodeID:              1
I200512 18:58:12.057114 170 server/server_update.go:50  [n1] failed attempt to upgrade cluster version, error: node 1 not running (UNAVAILABLE), cannot determine version
I200512 18:58:12.065165 172 sql/event_log.go:130  [n1] Event: "node_restart", target: 1, info: {Descriptor:{NodeID:1 Address:7ad524c371c8:26257 Attrs: Locality: ServerVersion:19.2 BuildTag:v19.2.5 StartedAt:1589309891908449260 LocalityAddress:[] ClusterName: SQLAddress:7ad524c371c8:26257} ClusterID:3d423bb5-5d67-4ebf-947b-999bec430444 StartedAt:1589309891908449260 LastUp:1589309828729974334}
I200512 18:58:13.057151 170 server/server_update.go:53  [n1] no need to upgrade, cluster already at the newest version
I200512 18:58:13.359713 76 gossip/gossip.go:1531  [n1] node has connected to cluster via gossip
I200512 18:58:13.359798 76 storage/stores.go:259  [n1] wrote 0 node addresses to persistent storage
I200512 18:58:13.872001 174 server/updates.go:267  [n1] A new version is available: 20.1.0, details: https://www.cockroachlabs.com/docs/releases/v20.1.0.html
I200512 18:58:22.018975 133 server/status/runtime.go:498  [n1] runtime stats: 117 MiB RSS, 117 goroutines, 101 MiB/23 MiB/135 MiB GO alloc/idle/total, 14 MiB/17 MiB CGO alloc/total, 0.0 CGO/sec, 0.0/0.0 %(u/s)time, 0.0 %gc (9x), 34 KiB/41 KiB (r/w)net
I200512 18:58:32.019104 133 server/status/runtime.go:498  [n1] runtime stats: 127 MiB RSS, 117 goroutines, 110 MiB/15 MiB/135 MiB GO alloc/idle/total, 14 MiB/18 MiB CGO alloc/total, 59.4 CGO/sec, 0.3/0.5 %(u/s)time, 0.0 %gc (0x), 302 B/162 B (r/w)net
I200512 18:58:32.033916 112 storage/store.go:2364  [n1,s1] sstables (read amplification = 1):
6 [ 7M 2 ]: 4M 3M
I200512 18:58:32.034022 112 storage/store.go:2365  [n1,s1] 
** Compaction Stats [default] **
Level    Files   Size     Score Read(GB)  Rn(GB) Rnp1(GB) Write(GB) Wnew(GB) Moved(GB) W-Amp Rd(MB/s) Wr(MB/s) Comp(sec) CompMergeCPU(sec) Comp(cnt) Avg(sec) KeyIn KeyDrop
----------------------------------------------------------------------------------------------------------------------------------------------------------------------------
  L0      0/0    0.00 KB   0.0      0.0     0.0      0.0       0.0      0.0       0.0   1.0      0.0      2.3      0.02              0.00         1    0.024       0      0
  L6      2/0    6.94 MB   0.0      0.0     0.0      0.0       0.0      0.0       0.0  66.0     40.0     39.4      0.18              0.07         1    0.176     29K    507
 Sum      2/0    6.94 MB   0.0      0.0     0.0      0.0       0.0      0.0       0.0 125.1     35.1     34.9      0.20              0.07         2    0.100     29K    507
 Int      0/0    0.00 KB   0.0      0.0     0.0      0.0       0.0      0.0       0.0 125.1     35.1     34.9      0.20              0.07         2    0.100     29K    507

** Compaction Stats [default] **
Priority    Files   Size     Score Read(GB)  Rn(GB) Rnp1(GB) Write(GB) Wnew(GB) Moved(GB) W-Amp Rd(MB/s) Wr(MB/s) Comp(sec) CompMergeCPU(sec) Comp(cnt) Avg(sec) KeyIn KeyDrop
-------------------------------------------------------------------------------------------------------------------------------------------------------------------------------
 Low      0/0    0.00 KB   0.0      0.0     0.0      0.0       0.0      0.0       0.0   0.0     40.0     39.4      0.18              0.07         1    0.176     29K    507
User      0/0    0.00 KB   0.0      0.0     0.0      0.0       0.0      0.0       0.0   0.0      0.0      2.3      0.02              0.00         1    0.024       0      0
Uptime(secs): 20.6 total, 20.6 interval
Flush(GB): cumulative 0.000, interval 0.000
AddFile(GB): cumulative 0.000, interval 0.000
AddFile(Total Files): cumulative 0, interval 0
AddFile(L0 Files): cumulative 0, interval 0
AddFile(Keys): cumulative 0, interval 0
Cumulative compaction: 0.01 GB write, 0.34 MB/s write, 0.01 GB read, 0.34 MB/s read, 0.2 seconds
Interval compaction: 0.01 GB write, 0.34 MB/s write, 0.01 GB read, 0.34 MB/s read, 0.2 seconds
Stalls(count): 0 level0_slowdown, 0 level0_slowdown_with_compaction, 0 level0_numfiles, 0 level0_numfiles_with_compaction, 0 stop for pending_compaction_bytes, 0 slowdown for pending_compaction_bytes, 0 memtable_compaction, 0 memtable_slowdown, interval 0 total count
estimated_pending_compaction_bytes: 0 B
I200512 18:58:42.019274 133 server/status/runtime.go:498  [n1] runtime stats: 136 MiB RSS, 118 goroutines, 118 MiB/6.2 MiB/135 MiB GO alloc/idle/total, 14 MiB/18 MiB CGO alloc/total, 57.3 CGO/sec, 0.4/0.5 %(u/s)time, 0.0 %gc (0x), 70 B/0 B (r/w)net
I200512 18:58:52.019560 133 server/status/runtime.go:498  [n1] runtime stats: 139 MiB RSS, 118 goroutines, 85 MiB/35 MiB/135 MiB GO alloc/idle/total, 15 MiB/18 MiB CGO alloc/total, 60.9 CGO/sec, 0.4/0.4 %(u/s)time, 0.0 %gc (1x), 70 B/0 B (r/w)net
I200512 18:59:02.019436 133 server/status/runtime.go:498  [n1] runtime stats: 139 MiB RSS, 118 goroutines, 92 MiB/29 MiB/135 MiB GO alloc/idle/total, 15 MiB/18 MiB CGO alloc/total, 26.6 CGO/sec, 0.3/0.3 %(u/s)time, 0.0 %gc (0x), 0 B/0 B (r/w)net
I200512 18:59:11.785987 1 cli/start.go:865  received signal 'terminated'
I200512 18:59:11.786437 1 cli/start.go:930  initiating graceful shutdown of server
I200512 18:59:11.792834 1201 util/stop/stopper.go:542  [server drain process] quiescing; tasks left:
1      [async] stats.Refresher: maybeRefreshStats
1      [async] intent_resolver_ir_batcher
1      [async] intent_resolver_gc_batcher
1      [async] closedts-rangefeed-subscriber
W200512 18:59:11.793080 66 vendor/google.golang.org/grpc/clientconn.go:1206  grpc: addrConn.createTransport failed to connect to {7ad524c371c8:26257 0  <nil>}. Err :connection error: desc = "transport: failed to write client preface: io: read/write on closed pipe". Reconnecting...
I200512 18:59:11.793858 1201 storage/engine/rocksdb.go:762  closing rocksdb instance at "/var/lib/cockroach/cockroach-temp311457251"
I200512 18:59:11.826157 1201 storage/engine/rocksdb.go:762  closing rocksdb instance at "/var/lib/cockroach"
I200512 18:59:11.834765 1 cli/start.go:976  server drained and shutdown completed
