I200512 19:24:07.586001 16 util/log/clog.go:1196  [config] file created at: 2020/05/12 19:24:07
I200512 19:24:07.586001 16 util/log/clog.go:1196  [config] running on machine: b786ee0a7bb8
I200512 19:24:07.586001 16 util/log/clog.go:1196  [config] binary: CockroachDB CCL v19.2.5 (x86_64-unknown-linux-gnu, built 2020/03/16 18:27:12, go1.12.12)
I200512 19:24:07.586001 16 util/log/clog.go:1196  [config] arguments: [/cockroach/cockroach start --insecure --store=attrs=ssd,path=/var/lib/cockroach/]
I200512 19:24:07.586001 16 util/log/clog.go:1196  line format: [IWEF]yymmdd hh:mm:ss.uuuuuu goid file:line msg utf8=✓
I200512 19:24:07.586000 16 storage/engine/rocksdb.go:120  RocksDB version: 6.2.1
I200512 19:24:07.594825 16 storage/engine/rocksdb.go:120  Git sha rocksdb_build_git_sha:@b7009236531fa784872f4823eabf393501e41bf2@
I200512 19:24:07.655520 16 storage/engine/rocksdb.go:120  Compile date Mar 16 2020
I200512 19:24:07.655524 16 storage/engine/rocksdb.go:120  DB SUMMARY
I200512 19:24:07.656100 16 storage/engine/rocksdb.go:120  SST files in /var/lib/cockroach/cockroach-temp046934165 dir, Total Num: 0, files: 
I200512 19:24:07.656105 16 storage/engine/rocksdb.go:120  Write Ahead Log file in /var/lib/cockroach/cockroach-temp046934165: 
I200512 19:24:07.656109 16 storage/engine/rocksdb.go:120                          Options.error_if_exists: 0
I200512 19:24:07.656112 16 storage/engine/rocksdb.go:120                        Options.create_if_missing: 1
I200512 19:24:07.656115 16 storage/engine/rocksdb.go:120                          Options.paranoid_checks: 1
I200512 19:24:07.656118 16 storage/engine/rocksdb.go:120                                      Options.env: 0x75757a0
I200512 19:24:07.656120 16 storage/engine/rocksdb.go:120                                 Options.info_log: 0x7f96b2c270e0
I200512 19:24:07.656123 16 storage/engine/rocksdb.go:120                 Options.max_file_opening_threads: 16
I200512 19:24:07.656126 16 storage/engine/rocksdb.go:120                               Options.statistics: 0x7f96b2c34010
I200512 19:24:07.656128 16 storage/engine/rocksdb.go:120                                Options.use_fsync: 0
I200512 19:24:07.656131 16 storage/engine/rocksdb.go:120                        Options.max_log_file_size: 0
I200512 19:24:07.656134 16 storage/engine/rocksdb.go:120                   Options.max_manifest_file_size: 134217728
I200512 19:24:07.656137 16 storage/engine/rocksdb.go:120                    Options.log_file_time_to_roll: 0
I200512 19:24:07.656140 16 storage/engine/rocksdb.go:120                        Options.keep_log_file_num: 1000
I200512 19:24:07.656143 16 storage/engine/rocksdb.go:120                     Options.recycle_log_file_num: 1
I200512 19:24:07.656145 16 storage/engine/rocksdb.go:120                          Options.allow_fallocate: 1
I200512 19:24:07.656148 16 storage/engine/rocksdb.go:120                         Options.allow_mmap_reads: 0
I200512 19:24:07.656150 16 storage/engine/rocksdb.go:120                        Options.allow_mmap_writes: 0
I200512 19:24:07.656153 16 storage/engine/rocksdb.go:120                         Options.use_direct_reads: 0
I200512 19:24:07.656156 16 storage/engine/rocksdb.go:120                         Options.use_direct_io_for_flush_and_compaction: 0
I200512 19:24:07.656158 16 storage/engine/rocksdb.go:120           Options.create_missing_column_families: 0
I200512 19:24:07.656161 16 storage/engine/rocksdb.go:120                               Options.db_log_dir: 
I200512 19:24:07.656164 16 storage/engine/rocksdb.go:120                                  Options.wal_dir: /var/lib/cockroach/cockroach-temp046934165
I200512 19:24:07.656166 16 storage/engine/rocksdb.go:120                 Options.table_cache_numshardbits: 6
I200512 19:24:07.656169 16 storage/engine/rocksdb.go:120                       Options.max_subcompactions: 1
I200512 19:24:07.656171 16 storage/engine/rocksdb.go:120                   Options.max_background_flushes: -1
I200512 19:24:07.656174 16 storage/engine/rocksdb.go:120                          Options.WAL_ttl_seconds: 0
I200512 19:24:07.656176 16 storage/engine/rocksdb.go:120                        Options.WAL_size_limit_MB: 0
I200512 19:24:07.656179 16 storage/engine/rocksdb.go:120              Options.manifest_preallocation_size: 4194304
I200512 19:24:07.656182 16 storage/engine/rocksdb.go:120                      Options.is_fd_close_on_exec: 1
I200512 19:24:07.656184 16 storage/engine/rocksdb.go:120                    Options.advise_random_on_open: 1
I200512 19:24:07.656187 16 storage/engine/rocksdb.go:120                     Options.db_write_buffer_size: 0
I200512 19:24:07.656189 16 storage/engine/rocksdb.go:120                     Options.write_buffer_manager: 0x7f96b2c190f0
I200512 19:24:07.656192 16 storage/engine/rocksdb.go:120          Options.access_hint_on_compaction_start: 1
I200512 19:24:07.656196 16 storage/engine/rocksdb.go:120   Options.new_table_reader_for_compaction_inputs: 0
I200512 19:24:07.656199 16 storage/engine/rocksdb.go:120            Options.random_access_max_buffer_size: 1048576
I200512 19:24:07.656201 16 storage/engine/rocksdb.go:120                       Options.use_adaptive_mutex: 0
I200512 19:24:07.656204 16 storage/engine/rocksdb.go:120                             Options.rate_limiter: (nil)
I200512 19:24:07.656207 16 storage/engine/rocksdb.go:120      Options.sst_file_manager.rate_bytes_per_sec: 0
I200512 19:24:07.656209 16 storage/engine/rocksdb.go:120                        Options.wal_recovery_mode: 0
I200512 19:24:07.656212 16 storage/engine/rocksdb.go:120                   Options.enable_thread_tracking: 0
I200512 19:24:07.656215 16 storage/engine/rocksdb.go:120                   Options.enable_pipelined_write: 0
I200512 19:24:07.656217 16 storage/engine/rocksdb.go:120          Options.allow_concurrent_memtable_write: 1
I200512 19:24:07.656220 16 storage/engine/rocksdb.go:120       Options.enable_write_thread_adaptive_yield: 1
I200512 19:24:07.656222 16 storage/engine/rocksdb.go:120              Options.write_thread_max_yield_usec: 100
I200512 19:24:07.656234 16 storage/engine/rocksdb.go:120             Options.write_thread_slow_yield_usec: 3
I200512 19:24:07.656236 16 storage/engine/rocksdb.go:120                                Options.row_cache: None
I200512 19:24:07.656239 16 storage/engine/rocksdb.go:120                               Options.wal_filter: None
I200512 19:24:07.656242 16 storage/engine/rocksdb.go:120              Options.avoid_flush_during_recovery: 0
I200512 19:24:07.656244 16 storage/engine/rocksdb.go:120              Options.allow_ingest_behind: 0
I200512 19:24:07.656247 16 storage/engine/rocksdb.go:120              Options.preserve_deletes: 0
I200512 19:24:07.656249 16 storage/engine/rocksdb.go:120              Options.two_write_queues: 0
I200512 19:24:07.656252 16 storage/engine/rocksdb.go:120              Options.manual_wal_flush: 1
I200512 19:24:07.656255 16 storage/engine/rocksdb.go:120              Options.atomic_flush: 0
I200512 19:24:07.656257 16 storage/engine/rocksdb.go:120              Options.avoid_unnecessary_blocking_io: 0
I200512 19:24:07.656260 16 storage/engine/rocksdb.go:120              Options.max_background_jobs: 2
I200512 19:24:07.656262 16 storage/engine/rocksdb.go:120              Options.max_background_compactions: -1
I200512 19:24:07.656267 16 storage/engine/rocksdb.go:120              Options.avoid_flush_during_shutdown: 0
I200512 19:24:07.656270 16 storage/engine/rocksdb.go:120            Options.writable_file_max_buffer_size: 1048576
I200512 19:24:07.656272 16 storage/engine/rocksdb.go:120              Options.delayed_write_rate : 16777216
I200512 19:24:07.656275 16 storage/engine/rocksdb.go:120              Options.max_total_wal_size: 0
I200512 19:24:07.656278 16 storage/engine/rocksdb.go:120              Options.delete_obsolete_files_period_micros: 21600000000
I200512 19:24:07.656280 16 storage/engine/rocksdb.go:120                    Options.stats_dump_period_sec: 0
I200512 19:24:07.656283 16 storage/engine/rocksdb.go:120                  Options.stats_persist_period_sec: 600
I200512 19:24:07.656285 16 storage/engine/rocksdb.go:120                  Options.stats_history_buffer_size: 1048576
I200512 19:24:07.656288 16 storage/engine/rocksdb.go:120                           Options.max_open_files: 128
I200512 19:24:07.656290 16 storage/engine/rocksdb.go:120                           Options.bytes_per_sync: 524288
I200512 19:24:07.656293 16 storage/engine/rocksdb.go:120                       Options.wal_bytes_per_sync: 0
I200512 19:24:07.656296 16 storage/engine/rocksdb.go:120                    Options.strict_bytes_per_sync: 1
I200512 19:24:07.656298 16 storage/engine/rocksdb.go:120        Options.compaction_readahead_size: 0
I200512 19:24:07.656301 16 storage/engine/rocksdb.go:120  Compression algorithms supported:
I200512 19:24:07.656304 16 storage/engine/rocksdb.go:120  	kZSTDNotFinalCompression supported: 0
I200512 19:24:07.656307 16 storage/engine/rocksdb.go:120  	kZSTD supported: 0
I200512 19:24:07.656310 16 storage/engine/rocksdb.go:120  	kXpressCompression supported: 0
I200512 19:24:07.656312 16 storage/engine/rocksdb.go:120  	kLZ4HCCompression supported: 0
I200512 19:24:07.656315 16 storage/engine/rocksdb.go:120  	kLZ4Compression supported: 0
I200512 19:24:07.656318 16 storage/engine/rocksdb.go:120  	kBZip2Compression supported: 0
I200512 19:24:07.656320 16 storage/engine/rocksdb.go:120  	kZlibCompression supported: 0
I200512 19:24:07.656323 16 storage/engine/rocksdb.go:120  	kSnappyCompression supported: 1
I200512 19:24:07.656329 16 storage/engine/rocksdb.go:120  Fast CRC32 supported: Supported on x86
I200512 19:24:07.658107 16 storage/engine/rocksdb.go:120  [db/db_impl_open.cc:242] Creating manifest 1 
I200512 19:24:07.676584 16 storage/engine/rocksdb.go:120  [db/version_set.cc:4072] Recovering from manifest file: /var/lib/cockroach/cockroach-temp046934165/MANIFEST-000001
I200512 19:24:07.677747 16 storage/engine/rocksdb.go:120  [db/column_family.cc:488] --------------- Options for column family [default]:
I200512 19:24:07.677755 16 storage/engine/rocksdb.go:120                Options.comparator: cockroach_comparator
I200512 19:24:07.677759 16 storage/engine/rocksdb.go:120            Options.merge_operator: cockroach_merge_operator
I200512 19:24:07.677762 16 storage/engine/rocksdb.go:120         Options.compaction_filter: None
I200512 19:24:07.677765 16 storage/engine/rocksdb.go:120         Options.compaction_filter_factory: None
I200512 19:24:07.677768 16 storage/engine/rocksdb.go:120          Options.memtable_factory: SkipListFactory
I200512 19:24:07.677771 16 storage/engine/rocksdb.go:120             Options.table_factory: BlockBasedTable
I200512 19:24:07.677797 16 storage/engine/rocksdb.go:120             table_factory options:   flush_block_policy_factory: FlushBlockBySizePolicyFactory (0x7f96b2c28030)
  cache_index_and_filter_blocks: 0
  cache_index_and_filter_blocks_with_high_priority: 0
  pin_l0_filter_and_index_blocks_in_cache: 0
  pin_top_level_index_and_filter: 1
  index_type: 0
  data_block_index_type: 0
  index_shortening: 1
  data_block_hash_table_util_ratio: 0.750000
  hash_index_allow_collision: 1
  checksum: 1
  no_block_cache: 0
  block_cache: 0x7f96b2c1c010
  block_cache_name: LRUCache
  block_cache_options:
    capacity : 1048576
    num_shard_bits : 4
    strict_capacity_limit : 0
    memory_allocator : None
    high_pri_pool_ratio: 0.000
  block_cache_compressed: (nil)
  persistent_cache: (nil)
  block_size: 32768
  block_size_deviation: 10
  block_restart_interval: 16
  index_block_restart_interval: 1
  metadata_block_size: 4096
  partition_filters: 0
  use_delta_encoding: 1
  filter_policy: rocksdb.BuiltinBloomFilter
  whole_key_filtering: 0
  verify_compression: 0
  read_amp_bytes_per_bit: 0
  format_version: 2
  enable_index_compression: 1
  block_align: 0
I200512 19:24:07.677809 16 storage/engine/rocksdb.go:120         Options.write_buffer_size: 67108864
I200512 19:24:07.677813 16 storage/engine/rocksdb.go:120   Options.max_write_buffer_number: 4
I200512 19:24:07.677816 16 storage/engine/rocksdb.go:120           Options.compression: Snappy
I200512 19:24:07.677819 16 storage/engine/rocksdb.go:120                   Options.bottommost_compression: Disabled
I200512 19:24:07.677822 16 storage/engine/rocksdb.go:120        Options.prefix_extractor: cockroach_prefix_extractor
I200512 19:24:07.677825 16 storage/engine/rocksdb.go:120    Options.memtable_insert_with_hint_prefix_extractor: nullptr
I200512 19:24:07.677827 16 storage/engine/rocksdb.go:120              Options.num_levels: 7
I200512 19:24:07.677830 16 storage/engine/rocksdb.go:120         Options.min_write_buffer_number_to_merge: 1
I200512 19:24:07.677832 16 storage/engine/rocksdb.go:120      Options.max_write_buffer_number_to_maintain: 0
I200512 19:24:07.677835 16 storage/engine/rocksdb.go:120             Options.bottommost_compression_opts.window_bits: -14
I200512 19:24:07.677838 16 storage/engine/rocksdb.go:120                   Options.bottommost_compression_opts.level: 32767
I200512 19:24:07.677840 16 storage/engine/rocksdb.go:120                Options.bottommost_compression_opts.strategy: 0
I200512 19:24:07.677843 16 storage/engine/rocksdb.go:120          Options.bottommost_compression_opts.max_dict_bytes: 0
I200512 19:24:07.677849 16 storage/engine/rocksdb.go:120          Options.bottommost_compression_opts.zstd_max_train_bytes: 0
I200512 19:24:07.677852 16 storage/engine/rocksdb.go:120                   Options.bottommost_compression_opts.enabled: false
I200512 19:24:07.677854 16 storage/engine/rocksdb.go:120             Options.compression_opts.window_bits: -14
I200512 19:24:07.677857 16 storage/engine/rocksdb.go:120                   Options.compression_opts.level: 32767
I200512 19:24:07.677860 16 storage/engine/rocksdb.go:120                Options.compression_opts.strategy: 0
I200512 19:24:07.677862 16 storage/engine/rocksdb.go:120          Options.compression_opts.max_dict_bytes: 0
I200512 19:24:07.677865 16 storage/engine/rocksdb.go:120          Options.compression_opts.zstd_max_train_bytes: 0
I200512 19:24:07.677867 16 storage/engine/rocksdb.go:120                   Options.compression_opts.enabled: false
I200512 19:24:07.677870 16 storage/engine/rocksdb.go:120       Options.level0_file_num_compaction_trigger: 2
I200512 19:24:07.677873 16 storage/engine/rocksdb.go:120           Options.level0_slowdown_writes_trigger: 950
I200512 19:24:07.677882 16 storage/engine/rocksdb.go:120               Options.level0_stop_writes_trigger: 1000
I200512 19:24:07.677886 16 storage/engine/rocksdb.go:120                    Options.target_file_size_base: 4194304
I200512 19:24:07.677888 16 storage/engine/rocksdb.go:120              Options.target_file_size_multiplier: 2
I200512 19:24:07.677891 16 storage/engine/rocksdb.go:120                 Options.max_bytes_for_level_base: 67108864
I200512 19:24:07.677893 16 storage/engine/rocksdb.go:120  Options.level_compaction_dynamic_level_bytes: 1
I200512 19:24:07.677897 16 storage/engine/rocksdb.go:120           Options.max_bytes_for_level_multiplier: 10.000000
I200512 19:24:07.677899 16 storage/engine/rocksdb.go:120  Options.max_bytes_for_level_multiplier_addtl[0]: 1
I200512 19:24:07.677902 16 storage/engine/rocksdb.go:120  Options.max_bytes_for_level_multiplier_addtl[1]: 1
I200512 19:24:07.677904 16 storage/engine/rocksdb.go:120  Options.max_bytes_for_level_multiplier_addtl[2]: 1
I200512 19:24:07.677907 16 storage/engine/rocksdb.go:120  Options.max_bytes_for_level_multiplier_addtl[3]: 1
I200512 19:24:07.677910 16 storage/engine/rocksdb.go:120  Options.max_bytes_for_level_multiplier_addtl[4]: 1
I200512 19:24:07.677912 16 storage/engine/rocksdb.go:120  Options.max_bytes_for_level_multiplier_addtl[5]: 1
I200512 19:24:07.677915 16 storage/engine/rocksdb.go:120  Options.max_bytes_for_level_multiplier_addtl[6]: 1
I200512 19:24:07.677917 16 storage/engine/rocksdb.go:120        Options.max_sequential_skip_in_iterations: 8
I200512 19:24:07.677920 16 storage/engine/rocksdb.go:120                     Options.max_compaction_bytes: 104857600
I200512 19:24:07.677922 16 storage/engine/rocksdb.go:120                         Options.arena_block_size: 8388608
I200512 19:24:07.677925 16 storage/engine/rocksdb.go:120    Options.soft_pending_compaction_bytes_limit: 2199023255552
I200512 19:24:07.677928 16 storage/engine/rocksdb.go:120    Options.hard_pending_compaction_bytes_limit: 4400193994752
I200512 19:24:07.677931 16 storage/engine/rocksdb.go:120        Options.rate_limit_delay_max_milliseconds: 100
I200512 19:24:07.677933 16 storage/engine/rocksdb.go:120                 Options.disable_auto_compactions: 0
I200512 19:24:07.677936 16 storage/engine/rocksdb.go:120                         Options.compaction_style: kCompactionStyleLevel
I200512 19:24:07.677939 16 storage/engine/rocksdb.go:120                           Options.compaction_pri: kMinOverlappingRatio
I200512 19:24:07.677942 16 storage/engine/rocksdb.go:120  Options.compaction_options_universal.size_ratio: 1
I200512 19:24:07.677945 16 storage/engine/rocksdb.go:120  Options.compaction_options_universal.min_merge_width: 2
I200512 19:24:07.677992 16 storage/engine/rocksdb.go:120  Options.compaction_options_universal.max_merge_width: 4294967295
I200512 19:24:07.678001 16 storage/engine/rocksdb.go:120  Options.compaction_options_universal.max_size_amplification_percent: 200
I200512 19:24:07.678005 16 storage/engine/rocksdb.go:120  Options.compaction_options_universal.compression_size_percent: -1
I200512 19:24:07.678009 16 storage/engine/rocksdb.go:120  Options.compaction_options_universal.stop_style: kCompactionStopStyleTotalSize
I200512 19:24:07.678013 16 storage/engine/rocksdb.go:120  Options.compaction_options_fifo.max_table_files_size: 1073741824
I200512 19:24:07.678015 16 storage/engine/rocksdb.go:120  Options.compaction_options_fifo.allow_compaction: 0
I200512 19:24:07.678020 16 storage/engine/rocksdb.go:120                    Options.table_properties_collectors: TimeBoundTblPropCollectorFactory; DeleteRangeTblPropCollectorFactory; 
I200512 19:24:07.678024 16 storage/engine/rocksdb.go:120                    Options.inplace_update_support: 0
I200512 19:24:07.678026 16 storage/engine/rocksdb.go:120                  Options.inplace_update_num_locks: 10000
I200512 19:24:07.678055 16 storage/engine/rocksdb.go:120                Options.memtable_prefix_bloom_size_ratio: 0.000000
I200512 19:24:07.678059 16 storage/engine/rocksdb.go:120                Options.memtable_whole_key_filtering: 0
I200512 19:24:07.678062 16 storage/engine/rocksdb.go:120    Options.memtable_huge_page_size: 0
I200512 19:24:07.678069 16 storage/engine/rocksdb.go:120                            Options.bloom_locality: 0
I200512 19:24:07.678071 16 storage/engine/rocksdb.go:120                     Options.max_successive_merges: 0
I200512 19:24:07.678074 16 storage/engine/rocksdb.go:120                 Options.optimize_filters_for_hits: 1
I200512 19:24:07.678076 16 storage/engine/rocksdb.go:120                 Options.paranoid_file_checks: 0
I200512 19:24:07.678080 16 storage/engine/rocksdb.go:120                 Options.force_consistency_checks: 0
I200512 19:24:07.678082 16 storage/engine/rocksdb.go:120                 Options.report_bg_io_stats: 0
I200512 19:24:07.678085 16 storage/engine/rocksdb.go:120                                Options.ttl: 0
I200512 19:24:07.678087 16 storage/engine/rocksdb.go:120           Options.periodic_compaction_seconds: 0
I200512 19:24:07.679064 16 storage/engine/rocksdb.go:120  [db/version_set.cc:4286] Recovered from manifest file:/var/lib/cockroach/cockroach-temp046934165/MANIFEST-000001 succeeded,manifest_file_number is 1, next_file_number is 3, last_sequence is 0, log_number is 0,prev_log_number is 0,max_column_family is 0,min_log_number_to_keep is 0
I200512 19:24:07.679069 16 storage/engine/rocksdb.go:120  [db/version_set.cc:4295] Column family [default] (ID 0), log number is 0
I200512 19:24:07.700613 16 storage/engine/rocksdb.go:120  DB pointer 0x7f96b2ca4000
I200512 19:24:07.722019 16 storage/engine/rocksdb.go:120  RocksDB version: 6.2.1
I200512 19:24:07.722028 16 storage/engine/rocksdb.go:120  Git sha rocksdb_build_git_sha:@b7009236531fa784872f4823eabf393501e41bf2@
I200512 19:24:07.722031 16 storage/engine/rocksdb.go:120  Compile date Mar 16 2020
I200512 19:24:07.722035 16 storage/engine/rocksdb.go:120  DB SUMMARY
I200512 19:24:07.722913 16 storage/engine/rocksdb.go:120  CURRENT file:  CURRENT
I200512 19:24:07.722920 16 storage/engine/rocksdb.go:120  IDENTITY file:  IDENTITY
I200512 19:24:07.723195 16 storage/engine/rocksdb.go:120  MANIFEST file:  MANIFEST-000217 size: 612 Bytes
I200512 19:24:07.723201 16 storage/engine/rocksdb.go:120  SST files in /var/lib/cockroach dir, Total Num: 2, files: 000221.sst 000222.sst 
I200512 19:24:07.723204 16 storage/engine/rocksdb.go:120  Write Ahead Log file in /var/lib/cockroach: 000218.log size: 696530 ; 
I200512 19:24:07.723209 16 storage/engine/rocksdb.go:120                          Options.error_if_exists: 0
I200512 19:24:07.723212 16 storage/engine/rocksdb.go:120                        Options.create_if_missing: 1
I200512 19:24:07.723214 16 storage/engine/rocksdb.go:120                          Options.paranoid_checks: 1
I200512 19:24:07.723217 16 storage/engine/rocksdb.go:120                                      Options.env: 0x75757a0
I200512 19:24:07.723220 16 storage/engine/rocksdb.go:120                                 Options.info_log: 0x7f96b2c27260
I200512 19:24:07.723233 16 storage/engine/rocksdb.go:120                 Options.max_file_opening_threads: 16
I200512 19:24:07.723236 16 storage/engine/rocksdb.go:120                               Options.statistics: 0x7f96b2c34080
I200512 19:24:07.723240 16 storage/engine/rocksdb.go:120                                Options.use_fsync: 0
I200512 19:24:07.723243 16 storage/engine/rocksdb.go:120                        Options.max_log_file_size: 0
I200512 19:24:07.723246 16 storage/engine/rocksdb.go:120                   Options.max_manifest_file_size: 134217728
I200512 19:24:07.723249 16 storage/engine/rocksdb.go:120                    Options.log_file_time_to_roll: 0
I200512 19:24:07.723252 16 storage/engine/rocksdb.go:120                        Options.keep_log_file_num: 1000
I200512 19:24:07.723255 16 storage/engine/rocksdb.go:120                     Options.recycle_log_file_num: 1
I200512 19:24:07.723257 16 storage/engine/rocksdb.go:120                          Options.allow_fallocate: 1
I200512 19:24:07.723260 16 storage/engine/rocksdb.go:120                         Options.allow_mmap_reads: 0
I200512 19:24:07.723263 16 storage/engine/rocksdb.go:120                        Options.allow_mmap_writes: 0
I200512 19:24:07.723265 16 storage/engine/rocksdb.go:120                         Options.use_direct_reads: 0
I200512 19:24:07.723268 16 storage/engine/rocksdb.go:120                         Options.use_direct_io_for_flush_and_compaction: 0
I200512 19:24:07.723271 16 storage/engine/rocksdb.go:120           Options.create_missing_column_families: 0
I200512 19:24:07.723273 16 storage/engine/rocksdb.go:120                               Options.db_log_dir: 
I200512 19:24:07.723276 16 storage/engine/rocksdb.go:120                                  Options.wal_dir: /var/lib/cockroach
I200512 19:24:07.723279 16 storage/engine/rocksdb.go:120                 Options.table_cache_numshardbits: 6
I200512 19:24:07.723281 16 storage/engine/rocksdb.go:120                       Options.max_subcompactions: 1
I200512 19:24:07.723284 16 storage/engine/rocksdb.go:120                   Options.max_background_flushes: -1
I200512 19:24:07.723287 16 storage/engine/rocksdb.go:120                          Options.WAL_ttl_seconds: 0
I200512 19:24:07.723290 16 storage/engine/rocksdb.go:120                        Options.WAL_size_limit_MB: 0
I200512 19:24:07.723292 16 storage/engine/rocksdb.go:120              Options.manifest_preallocation_size: 4194304
I200512 19:24:07.723295 16 storage/engine/rocksdb.go:120                      Options.is_fd_close_on_exec: 1
I200512 19:24:07.723297 16 storage/engine/rocksdb.go:120                    Options.advise_random_on_open: 1
I200512 19:24:07.723300 16 storage/engine/rocksdb.go:120                     Options.db_write_buffer_size: 0
I200512 19:24:07.723303 16 storage/engine/rocksdb.go:120                     Options.write_buffer_manager: 0x7f96b2c19090
I200512 19:24:07.723306 16 storage/engine/rocksdb.go:120          Options.access_hint_on_compaction_start: 1
I200512 19:24:07.723308 16 storage/engine/rocksdb.go:120   Options.new_table_reader_for_compaction_inputs: 0
I200512 19:24:07.723311 16 storage/engine/rocksdb.go:120            Options.random_access_max_buffer_size: 1048576
I200512 19:24:07.723314 16 storage/engine/rocksdb.go:120                       Options.use_adaptive_mutex: 0
I200512 19:24:07.723317 16 storage/engine/rocksdb.go:120                             Options.rate_limiter: (nil)
I200512 19:24:07.723320 16 storage/engine/rocksdb.go:120      Options.sst_file_manager.rate_bytes_per_sec: 0
I200512 19:24:07.723322 16 storage/engine/rocksdb.go:120                        Options.wal_recovery_mode: 0
I200512 19:24:07.723325 16 storage/engine/rocksdb.go:120                   Options.enable_thread_tracking: 0
I200512 19:24:07.723327 16 storage/engine/rocksdb.go:120                   Options.enable_pipelined_write: 0
I200512 19:24:07.723330 16 storage/engine/rocksdb.go:120          Options.allow_concurrent_memtable_write: 1
I200512 19:24:07.723332 16 storage/engine/rocksdb.go:120       Options.enable_write_thread_adaptive_yield: 1
I200512 19:24:07.723335 16 storage/engine/rocksdb.go:120              Options.write_thread_max_yield_usec: 100
I200512 19:24:07.723337 16 storage/engine/rocksdb.go:120             Options.write_thread_slow_yield_usec: 3
I200512 19:24:07.723340 16 storage/engine/rocksdb.go:120                                Options.row_cache: None
I200512 19:24:07.723343 16 storage/engine/rocksdb.go:120                               Options.wal_filter: None
I200512 19:24:07.723345 16 storage/engine/rocksdb.go:120              Options.avoid_flush_during_recovery: 0
I200512 19:24:07.723348 16 storage/engine/rocksdb.go:120              Options.allow_ingest_behind: 0
I200512 19:24:07.723350 16 storage/engine/rocksdb.go:120              Options.preserve_deletes: 0
I200512 19:24:07.723353 16 storage/engine/rocksdb.go:120              Options.two_write_queues: 0
I200512 19:24:07.723356 16 storage/engine/rocksdb.go:120              Options.manual_wal_flush: 1
I200512 19:24:07.723358 16 storage/engine/rocksdb.go:120              Options.atomic_flush: 0
I200512 19:24:07.723361 16 storage/engine/rocksdb.go:120              Options.avoid_unnecessary_blocking_io: 0
I200512 19:24:07.723363 16 storage/engine/rocksdb.go:120              Options.max_background_jobs: 2
I200512 19:24:07.723366 16 storage/engine/rocksdb.go:120              Options.max_background_compactions: -1
I200512 19:24:07.723368 16 storage/engine/rocksdb.go:120              Options.avoid_flush_during_shutdown: 0
I200512 19:24:07.723371 16 storage/engine/rocksdb.go:120            Options.writable_file_max_buffer_size: 1048576
I200512 19:24:07.723373 16 storage/engine/rocksdb.go:120              Options.delayed_write_rate : 16777216
I200512 19:24:07.723376 16 storage/engine/rocksdb.go:120              Options.max_total_wal_size: 0
I200512 19:24:07.723379 16 storage/engine/rocksdb.go:120              Options.delete_obsolete_files_period_micros: 21600000000
I200512 19:24:07.723381 16 storage/engine/rocksdb.go:120                    Options.stats_dump_period_sec: 0
I200512 19:24:07.723384 16 storage/engine/rocksdb.go:120                  Options.stats_persist_period_sec: 600
I200512 19:24:07.723386 16 storage/engine/rocksdb.go:120                  Options.stats_history_buffer_size: 1048576
I200512 19:24:07.723389 16 storage/engine/rocksdb.go:120                           Options.max_open_files: 1043576
I200512 19:24:07.723391 16 storage/engine/rocksdb.go:120                           Options.bytes_per_sync: 524288
I200512 19:24:07.723394 16 storage/engine/rocksdb.go:120                       Options.wal_bytes_per_sync: 0
I200512 19:24:07.723400 16 storage/engine/rocksdb.go:120                    Options.strict_bytes_per_sync: 1
I200512 19:24:07.723403 16 storage/engine/rocksdb.go:120        Options.compaction_readahead_size: 0
I200512 19:24:07.723409 16 storage/engine/rocksdb.go:120  Compression algorithms supported:
I200512 19:24:07.723412 16 storage/engine/rocksdb.go:120  	kZSTDNotFinalCompression supported: 0
I200512 19:24:07.723415 16 storage/engine/rocksdb.go:120  	kZSTD supported: 0
I200512 19:24:07.723418 16 storage/engine/rocksdb.go:120  	kXpressCompression supported: 0
I200512 19:24:07.723420 16 storage/engine/rocksdb.go:120  	kLZ4HCCompression supported: 0
I200512 19:24:07.723423 16 storage/engine/rocksdb.go:120  	kLZ4Compression supported: 0
I200512 19:24:07.723426 16 storage/engine/rocksdb.go:120  	kBZip2Compression supported: 0
I200512 19:24:07.723428 16 storage/engine/rocksdb.go:120  	kZlibCompression supported: 0
I200512 19:24:07.723431 16 storage/engine/rocksdb.go:120  	kSnappyCompression supported: 1
I200512 19:24:07.723437 16 storage/engine/rocksdb.go:120  Fast CRC32 supported: Supported on x86
I200512 19:24:07.726246 16 storage/engine/rocksdb.go:120  [db/version_set.cc:4072] Recovering from manifest file: /var/lib/cockroach/MANIFEST-000217
I200512 19:24:07.726696 16 storage/engine/rocksdb.go:120  [db/column_family.cc:488] --------------- Options for column family [default]:
I200512 19:24:07.726701 16 storage/engine/rocksdb.go:120                Options.comparator: cockroach_comparator
I200512 19:24:07.726704 16 storage/engine/rocksdb.go:120            Options.merge_operator: cockroach_merge_operator
I200512 19:24:07.726707 16 storage/engine/rocksdb.go:120         Options.compaction_filter: None
I200512 19:24:07.726710 16 storage/engine/rocksdb.go:120         Options.compaction_filter_factory: None
I200512 19:24:07.726713 16 storage/engine/rocksdb.go:120          Options.memtable_factory: SkipListFactory
I200512 19:24:07.726715 16 storage/engine/rocksdb.go:120             Options.table_factory: BlockBasedTable
I200512 19:24:07.726736 16 storage/engine/rocksdb.go:120             table_factory options:   flush_block_policy_factory: FlushBlockBySizePolicyFactory (0x7f96b2c28090)
  cache_index_and_filter_blocks: 0
  cache_index_and_filter_blocks_with_high_priority: 0
  pin_l0_filter_and_index_blocks_in_cache: 0
  pin_top_level_index_and_filter: 1
  index_type: 0
  data_block_index_type: 0
  index_shortening: 1
  data_block_hash_table_util_ratio: 0.750000
  hash_index_allow_collision: 1
  checksum: 1
  no_block_cache: 0
  block_cache: 0x7f96b2cbc210
  block_cache_name: LRUCache
  block_cache_options:
    capacity : 67108864
    num_shard_bits : 4
    strict_capacity_limit : 0
    memory_allocator : None
    high_pri_pool_ratio: 0.000
  block_cache_compressed: (nil)
  persistent_cache: (nil)
  block_size: 32768
  block_size_deviation: 10
  block_restart_interval: 16
  index_block_restart_interval: 1
  metadata_block_size: 4096
  partition_filters: 0
  use_delta_encoding: 1
  filter_policy: rocksdb.BuiltinBloomFilter
  whole_key_filtering: 0
  verify_compression: 0
  read_amp_bytes_per_bit: 0
  format_version: 2
  enable_index_compression: 1
  block_align: 0
I200512 19:24:07.726740 16 storage/engine/rocksdb.go:120         Options.write_buffer_size: 67108864
I200512 19:24:07.726744 16 storage/engine/rocksdb.go:120   Options.max_write_buffer_number: 4
I200512 19:24:07.726747 16 storage/engine/rocksdb.go:120           Options.compression: Snappy
I200512 19:24:07.726750 16 storage/engine/rocksdb.go:120                   Options.bottommost_compression: Disabled
I200512 19:24:07.726752 16 storage/engine/rocksdb.go:120        Options.prefix_extractor: cockroach_prefix_extractor
I200512 19:24:07.726755 16 storage/engine/rocksdb.go:120    Options.memtable_insert_with_hint_prefix_extractor: nullptr
I200512 19:24:07.726758 16 storage/engine/rocksdb.go:120              Options.num_levels: 7
I200512 19:24:07.726760 16 storage/engine/rocksdb.go:120         Options.min_write_buffer_number_to_merge: 1
I200512 19:24:07.726763 16 storage/engine/rocksdb.go:120      Options.max_write_buffer_number_to_maintain: 0
I200512 19:24:07.726766 16 storage/engine/rocksdb.go:120             Options.bottommost_compression_opts.window_bits: -14
I200512 19:24:07.726768 16 storage/engine/rocksdb.go:120                   Options.bottommost_compression_opts.level: 32767
I200512 19:24:07.726771 16 storage/engine/rocksdb.go:120                Options.bottommost_compression_opts.strategy: 0
I200512 19:24:07.726774 16 storage/engine/rocksdb.go:120          Options.bottommost_compression_opts.max_dict_bytes: 0
I200512 19:24:07.726776 16 storage/engine/rocksdb.go:120          Options.bottommost_compression_opts.zstd_max_train_bytes: 0
I200512 19:24:07.726779 16 storage/engine/rocksdb.go:120                   Options.bottommost_compression_opts.enabled: false
I200512 19:24:07.726782 16 storage/engine/rocksdb.go:120             Options.compression_opts.window_bits: -14
I200512 19:24:07.726784 16 storage/engine/rocksdb.go:120                   Options.compression_opts.level: 32767
I200512 19:24:07.726787 16 storage/engine/rocksdb.go:120                Options.compression_opts.strategy: 0
I200512 19:24:07.726790 16 storage/engine/rocksdb.go:120          Options.compression_opts.max_dict_bytes: 0
I200512 19:24:07.726792 16 storage/engine/rocksdb.go:120          Options.compression_opts.zstd_max_train_bytes: 0
I200512 19:24:07.726795 16 storage/engine/rocksdb.go:120                   Options.compression_opts.enabled: false
I200512 19:24:07.726797 16 storage/engine/rocksdb.go:120       Options.level0_file_num_compaction_trigger: 2
I200512 19:24:07.726800 16 storage/engine/rocksdb.go:120           Options.level0_slowdown_writes_trigger: 950
I200512 19:24:07.726802 16 storage/engine/rocksdb.go:120               Options.level0_stop_writes_trigger: 1000
I200512 19:24:07.726805 16 storage/engine/rocksdb.go:120                    Options.target_file_size_base: 4194304
I200512 19:24:07.726813 16 storage/engine/rocksdb.go:120              Options.target_file_size_multiplier: 2
I200512 19:24:07.726816 16 storage/engine/rocksdb.go:120                 Options.max_bytes_for_level_base: 67108864
I200512 19:24:07.726819 16 storage/engine/rocksdb.go:120  Options.level_compaction_dynamic_level_bytes: 1
I200512 19:24:07.726823 16 storage/engine/rocksdb.go:120           Options.max_bytes_for_level_multiplier: 10.000000
I200512 19:24:07.726825 16 storage/engine/rocksdb.go:120  Options.max_bytes_for_level_multiplier_addtl[0]: 1
I200512 19:24:07.726828 16 storage/engine/rocksdb.go:120  Options.max_bytes_for_level_multiplier_addtl[1]: 1
I200512 19:24:07.726831 16 storage/engine/rocksdb.go:120  Options.max_bytes_for_level_multiplier_addtl[2]: 1
I200512 19:24:07.726833 16 storage/engine/rocksdb.go:120  Options.max_bytes_for_level_multiplier_addtl[3]: 1
I200512 19:24:07.726836 16 storage/engine/rocksdb.go:120  Options.max_bytes_for_level_multiplier_addtl[4]: 1
I200512 19:24:07.726838 16 storage/engine/rocksdb.go:120  Options.max_bytes_for_level_multiplier_addtl[5]: 1
I200512 19:24:07.726841 16 storage/engine/rocksdb.go:120  Options.max_bytes_for_level_multiplier_addtl[6]: 1
I200512 19:24:07.726844 16 storage/engine/rocksdb.go:120        Options.max_sequential_skip_in_iterations: 8
I200512 19:24:07.726846 16 storage/engine/rocksdb.go:120                     Options.max_compaction_bytes: 104857600
I200512 19:24:07.726849 16 storage/engine/rocksdb.go:120                         Options.arena_block_size: 8388608
I200512 19:24:07.726851 16 storage/engine/rocksdb.go:120    Options.soft_pending_compaction_bytes_limit: 2199023255552
I200512 19:24:07.726854 16 storage/engine/rocksdb.go:120    Options.hard_pending_compaction_bytes_limit: 4400193994752
I200512 19:24:07.726857 16 storage/engine/rocksdb.go:120        Options.rate_limit_delay_max_milliseconds: 100
I200512 19:24:07.726859 16 storage/engine/rocksdb.go:120                 Options.disable_auto_compactions: 0
I200512 19:24:07.726863 16 storage/engine/rocksdb.go:120                         Options.compaction_style: kCompactionStyleLevel
I200512 19:24:07.726866 16 storage/engine/rocksdb.go:120                           Options.compaction_pri: kMinOverlappingRatio
I200512 19:24:07.726868 16 storage/engine/rocksdb.go:120  Options.compaction_options_universal.size_ratio: 1
I200512 19:24:07.726871 16 storage/engine/rocksdb.go:120  Options.compaction_options_universal.min_merge_width: 2
I200512 19:24:07.726874 16 storage/engine/rocksdb.go:120  Options.compaction_options_universal.max_merge_width: 4294967295
I200512 19:24:07.726876 16 storage/engine/rocksdb.go:120  Options.compaction_options_universal.max_size_amplification_percent: 200
I200512 19:24:07.726879 16 storage/engine/rocksdb.go:120  Options.compaction_options_universal.compression_size_percent: -1
I200512 19:24:07.726882 16 storage/engine/rocksdb.go:120  Options.compaction_options_universal.stop_style: kCompactionStopStyleTotalSize
I200512 19:24:07.726885 16 storage/engine/rocksdb.go:120  Options.compaction_options_fifo.max_table_files_size: 1073741824
I200512 19:24:07.726887 16 storage/engine/rocksdb.go:120  Options.compaction_options_fifo.allow_compaction: 0
I200512 19:24:07.726891 16 storage/engine/rocksdb.go:120                    Options.table_properties_collectors: TimeBoundTblPropCollectorFactory; DeleteRangeTblPropCollectorFactory; 
I200512 19:24:07.726895 16 storage/engine/rocksdb.go:120                    Options.inplace_update_support: 0
I200512 19:24:07.726897 16 storage/engine/rocksdb.go:120                  Options.inplace_update_num_locks: 10000
I200512 19:24:07.726900 16 storage/engine/rocksdb.go:120                Options.memtable_prefix_bloom_size_ratio: 0.000000
I200512 19:24:07.726903 16 storage/engine/rocksdb.go:120                Options.memtable_whole_key_filtering: 0
I200512 19:24:07.726905 16 storage/engine/rocksdb.go:120    Options.memtable_huge_page_size: 0
I200512 19:24:07.726908 16 storage/engine/rocksdb.go:120                            Options.bloom_locality: 0
I200512 19:24:07.726910 16 storage/engine/rocksdb.go:120                     Options.max_successive_merges: 0
I200512 19:24:07.726913 16 storage/engine/rocksdb.go:120                 Options.optimize_filters_for_hits: 1
I200512 19:24:07.726915 16 storage/engine/rocksdb.go:120                 Options.paranoid_file_checks: 0
I200512 19:24:07.726918 16 storage/engine/rocksdb.go:120                 Options.force_consistency_checks: 0
I200512 19:24:07.726920 16 storage/engine/rocksdb.go:120                 Options.report_bg_io_stats: 0
I200512 19:24:07.726923 16 storage/engine/rocksdb.go:120                                Options.ttl: 0
I200512 19:24:07.726926 16 storage/engine/rocksdb.go:120           Options.periodic_compaction_seconds: 0
I200512 19:24:07.733841 16 storage/engine/rocksdb.go:120  [db/version_set.cc:4286] Recovered from manifest file:/var/lib/cockroach/MANIFEST-000217 succeeded,manifest_file_number is 217, next_file_number is 224, last_sequence is 5865339, log_number is 216,prev_log_number is 0,max_column_family is 0,min_log_number_to_keep is 0
I200512 19:24:07.733848 16 storage/engine/rocksdb.go:120  [db/version_set.cc:4295] Column family [default] (ID 0), log number is 216
I200512 19:24:07.734591 16 storage/engine/rocksdb.go:120  EVENT_LOG_v1 {"time_micros": 1589311447734577, "job": 1, "event": "recovery_started", "log_files": [218]}
I200512 19:24:07.734597 16 storage/engine/rocksdb.go:120  [db/db_impl_open.cc:598] Recovering log #218 mode 0
I200512 19:24:07.753987 16 storage/engine/rocksdb.go:120  EVENT_LOG_v1 {"time_micros": 1589311447753899, "cf_name": "default", "job": 1, "event": "table_file_creation", "file_number": 224, "file_size": 64737, "table_properties": {"data_size": 62081, "index_size": 353, "index_partitions": 0, "top_level_index_size": 0, "index_key_is_user_key": 0, "index_value_is_delta_encoded": 0, "filter_size": 1349, "raw_key_size": 46099, "raw_average_key_size": 45, "raw_value_size": 198629, "raw_average_value_size": 195, "num_data_blocks": 7, "num_entries": 1016, "num_deletions": 45, "num_merge_operands": 664, "num_range_deletions": 664, "format_version": 0, "fixed_key_len": 0, "filter_policy": "rocksdb.BuiltinBloomFilter", "column_family_name": "default", "column_family_id": 0, "comparator": "cockroach_comparator", "merge_operator": "cockroach_merge_operator", "prefix_extractor_name": "cockroach_prefix_extractor", "property_collectors": "[TimeBoundTblPropCollectorFactory,DeleteRangeTblPropCollectorFactory]", "compression": "Snappy", "compression_options": "window_bits=-14; level=32767; strategy=0; max_dict_bytes=0; zstd_max_train_bytes=0; enabled=0; ", "creation_time": 1589311447, "oldest_key_time": 3, "file_creation_time": 0}}
I200512 19:24:07.754251 16 storage/engine/rocksdb.go:120  [db/version_set.cc:3560] Creating manifest 225
I200512 19:24:07.767400 16 storage/engine/rocksdb.go:120  EVENT_LOG_v1 {"time_micros": 1589311447767376, "job": 1, "event": "recovery_finished"}
I200512 19:24:07.794029 16 storage/engine/rocksdb.go:120  DB pointer 0x7f96b2d34000
I200512 19:25:51.675995 1693 storage/engine/rocksdb.go:120  bloom filter utility:    -nan%
I200512 19:25:51.676445 1693 storage/engine/rocksdb.go:120  [db/db_impl.cc:392] Shutdown: canceling all background work
I200512 19:25:51.679003 1693 storage/engine/rocksdb.go:120  [db/db_impl.cc:565] Shutdown complete
I200512 19:25:51.688601 1693 storage/engine/rocksdb.go:120  bloom filter utility:    73.0%
I200512 19:25:51.689026 1693 storage/engine/rocksdb.go:120  [db/db_impl.cc:392] Shutdown: canceling all background work
I200512 19:25:51.695136 1693 storage/engine/rocksdb.go:120  [db/db_impl.cc:565] Shutdown complete
