I200514 16:27:24.780583 11 util/log/clog.go:1196  [config] file created at: 2020/05/14 16:27:24
I200514 16:27:24.780583 11 util/log/clog.go:1196  [config] running on machine: 6aebc0358af2
I200514 16:27:24.780583 11 util/log/clog.go:1196  [config] binary: CockroachDB CCL v19.2.5 (x86_64-unknown-linux-gnu, built 2020/03/16 18:27:12, go1.12.12)
I200514 16:27:24.780583 11 util/log/clog.go:1196  [config] arguments: [/cockroach/cockroach start --insecure --store=attrs=ssd,path=/var/lib/cockroach/]
I200514 16:27:24.780583 11 util/log/clog.go:1196  line format: [IWEF]yymmdd hh:mm:ss.uuuuuu goid file:line msg utf8=✓
I200514 16:27:24.780582 11 storage/engine/rocksdb.go:120  RocksDB version: 6.2.1
I200514 16:27:24.786847 11 storage/engine/rocksdb.go:120  Git sha rocksdb_build_git_sha:@b7009236531fa784872f4823eabf393501e41bf2@
I200514 16:27:24.786853 11 storage/engine/rocksdb.go:120  Compile date Mar 16 2020
I200514 16:27:24.786858 11 storage/engine/rocksdb.go:120  DB SUMMARY
I200514 16:27:24.788563 11 storage/engine/rocksdb.go:120  SST files in /var/lib/cockroach/cockroach-temp745584711 dir, Total Num: 0, files: 
I200514 16:27:24.931434 11 storage/engine/rocksdb.go:120  Write Ahead Log file in /var/lib/cockroach/cockroach-temp745584711: 
I200514 16:27:24.931439 11 storage/engine/rocksdb.go:120                          Options.error_if_exists: 0
I200514 16:27:24.931442 11 storage/engine/rocksdb.go:120                        Options.create_if_missing: 1
I200514 16:27:24.931445 11 storage/engine/rocksdb.go:120                          Options.paranoid_checks: 1
I200514 16:27:24.931448 11 storage/engine/rocksdb.go:120                                      Options.env: 0x75757a0
I200514 16:27:24.931450 11 storage/engine/rocksdb.go:120                                 Options.info_log: 0x7fe0e7887fa0
I200514 16:27:24.931453 11 storage/engine/rocksdb.go:120                 Options.max_file_opening_threads: 16
I200514 16:27:24.931456 11 storage/engine/rocksdb.go:120                               Options.statistics: 0x7fe0e781d8d0
I200514 16:27:24.931458 11 storage/engine/rocksdb.go:120                                Options.use_fsync: 0
I200514 16:27:24.931461 11 storage/engine/rocksdb.go:120                        Options.max_log_file_size: 0
I200514 16:27:24.931464 11 storage/engine/rocksdb.go:120                   Options.max_manifest_file_size: 134217728
I200514 16:27:24.931466 11 storage/engine/rocksdb.go:120                    Options.log_file_time_to_roll: 0
I200514 16:27:24.931469 11 storage/engine/rocksdb.go:120                        Options.keep_log_file_num: 1000
I200514 16:27:24.931472 11 storage/engine/rocksdb.go:120                     Options.recycle_log_file_num: 1
I200514 16:27:24.931474 11 storage/engine/rocksdb.go:120                          Options.allow_fallocate: 1
I200514 16:27:24.931477 11 storage/engine/rocksdb.go:120                         Options.allow_mmap_reads: 0
I200514 16:27:24.931479 11 storage/engine/rocksdb.go:120                        Options.allow_mmap_writes: 0
I200514 16:27:24.931482 11 storage/engine/rocksdb.go:120                         Options.use_direct_reads: 0
I200514 16:27:24.931484 11 storage/engine/rocksdb.go:120                         Options.use_direct_io_for_flush_and_compaction: 0
I200514 16:27:24.931487 11 storage/engine/rocksdb.go:120           Options.create_missing_column_families: 0
I200514 16:27:24.931490 11 storage/engine/rocksdb.go:120                               Options.db_log_dir: 
I200514 16:27:24.931492 11 storage/engine/rocksdb.go:120                                  Options.wal_dir: /var/lib/cockroach/cockroach-temp745584711
I200514 16:27:24.931495 11 storage/engine/rocksdb.go:120                 Options.table_cache_numshardbits: 6
I200514 16:27:24.931497 11 storage/engine/rocksdb.go:120                       Options.max_subcompactions: 1
I200514 16:27:24.931500 11 storage/engine/rocksdb.go:120                   Options.max_background_flushes: -1
I200514 16:27:24.931502 11 storage/engine/rocksdb.go:120                          Options.WAL_ttl_seconds: 0
I200514 16:27:24.931505 11 storage/engine/rocksdb.go:120                        Options.WAL_size_limit_MB: 0
I200514 16:27:24.931508 11 storage/engine/rocksdb.go:120              Options.manifest_preallocation_size: 4194304
I200514 16:27:24.931510 11 storage/engine/rocksdb.go:120                      Options.is_fd_close_on_exec: 1
I200514 16:27:24.931514 11 storage/engine/rocksdb.go:120                    Options.advise_random_on_open: 1
I200514 16:27:24.931517 11 storage/engine/rocksdb.go:120                     Options.db_write_buffer_size: 0
I200514 16:27:24.931520 11 storage/engine/rocksdb.go:120                     Options.write_buffer_manager: 0x7fe0e7860d70
I200514 16:27:24.931522 11 storage/engine/rocksdb.go:120          Options.access_hint_on_compaction_start: 1
I200514 16:27:24.931525 11 storage/engine/rocksdb.go:120   Options.new_table_reader_for_compaction_inputs: 0
I200514 16:27:24.931528 11 storage/engine/rocksdb.go:120            Options.random_access_max_buffer_size: 1048576
I200514 16:27:24.931530 11 storage/engine/rocksdb.go:120                       Options.use_adaptive_mutex: 0
I200514 16:27:24.931533 11 storage/engine/rocksdb.go:120                             Options.rate_limiter: (nil)
I200514 16:27:24.931536 11 storage/engine/rocksdb.go:120      Options.sst_file_manager.rate_bytes_per_sec: 0
I200514 16:27:24.931539 11 storage/engine/rocksdb.go:120                        Options.wal_recovery_mode: 0
I200514 16:27:24.931541 11 storage/engine/rocksdb.go:120                   Options.enable_thread_tracking: 0
I200514 16:27:24.931544 11 storage/engine/rocksdb.go:120                   Options.enable_pipelined_write: 0
I200514 16:27:24.931546 11 storage/engine/rocksdb.go:120          Options.allow_concurrent_memtable_write: 1
I200514 16:27:24.931549 11 storage/engine/rocksdb.go:120       Options.enable_write_thread_adaptive_yield: 1
I200514 16:27:24.931551 11 storage/engine/rocksdb.go:120              Options.write_thread_max_yield_usec: 100
I200514 16:27:24.931554 11 storage/engine/rocksdb.go:120             Options.write_thread_slow_yield_usec: 3
I200514 16:27:24.931556 11 storage/engine/rocksdb.go:120                                Options.row_cache: None
I200514 16:27:24.931559 11 storage/engine/rocksdb.go:120                               Options.wal_filter: None
I200514 16:27:24.931561 11 storage/engine/rocksdb.go:120              Options.avoid_flush_during_recovery: 0
I200514 16:27:24.931564 11 storage/engine/rocksdb.go:120              Options.allow_ingest_behind: 0
I200514 16:27:24.931566 11 storage/engine/rocksdb.go:120              Options.preserve_deletes: 0
I200514 16:27:24.931569 11 storage/engine/rocksdb.go:120              Options.two_write_queues: 0
I200514 16:27:24.931571 11 storage/engine/rocksdb.go:120              Options.manual_wal_flush: 1
I200514 16:27:24.931574 11 storage/engine/rocksdb.go:120              Options.atomic_flush: 0
I200514 16:27:24.931576 11 storage/engine/rocksdb.go:120              Options.avoid_unnecessary_blocking_io: 0
I200514 16:27:24.931579 11 storage/engine/rocksdb.go:120              Options.max_background_jobs: 2
I200514 16:27:24.931581 11 storage/engine/rocksdb.go:120              Options.max_background_compactions: -1
I200514 16:27:24.931584 11 storage/engine/rocksdb.go:120              Options.avoid_flush_during_shutdown: 0
I200514 16:27:24.931586 11 storage/engine/rocksdb.go:120            Options.writable_file_max_buffer_size: 1048576
I200514 16:27:24.931589 11 storage/engine/rocksdb.go:120              Options.delayed_write_rate : 16777216
I200514 16:27:24.931591 11 storage/engine/rocksdb.go:120              Options.max_total_wal_size: 0
I200514 16:27:24.931594 11 storage/engine/rocksdb.go:120              Options.delete_obsolete_files_period_micros: 21600000000
I200514 16:27:24.931596 11 storage/engine/rocksdb.go:120                    Options.stats_dump_period_sec: 0
I200514 16:27:24.931599 11 storage/engine/rocksdb.go:120                  Options.stats_persist_period_sec: 600
I200514 16:27:24.931601 11 storage/engine/rocksdb.go:120                  Options.stats_history_buffer_size: 1048576
I200514 16:27:24.931604 11 storage/engine/rocksdb.go:120                           Options.max_open_files: 128
I200514 16:27:24.931606 11 storage/engine/rocksdb.go:120                           Options.bytes_per_sync: 524288
I200514 16:27:24.931609 11 storage/engine/rocksdb.go:120                       Options.wal_bytes_per_sync: 0
I200514 16:27:24.931611 11 storage/engine/rocksdb.go:120                    Options.strict_bytes_per_sync: 1
I200514 16:27:24.931630 11 storage/engine/rocksdb.go:120        Options.compaction_readahead_size: 0
I200514 16:27:24.931633 11 storage/engine/rocksdb.go:120  Compression algorithms supported:
I200514 16:27:24.931636 11 storage/engine/rocksdb.go:120  	kZSTDNotFinalCompression supported: 0
I200514 16:27:24.931639 11 storage/engine/rocksdb.go:120  	kZSTD supported: 0
I200514 16:27:24.931641 11 storage/engine/rocksdb.go:120  	kXpressCompression supported: 0
I200514 16:27:24.931644 11 storage/engine/rocksdb.go:120  	kLZ4HCCompression supported: 0
I200514 16:27:24.931647 11 storage/engine/rocksdb.go:120  	kLZ4Compression supported: 0
I200514 16:27:24.931650 11 storage/engine/rocksdb.go:120  	kBZip2Compression supported: 0
I200514 16:27:24.931653 11 storage/engine/rocksdb.go:120  	kZlibCompression supported: 0
I200514 16:27:24.931656 11 storage/engine/rocksdb.go:120  	kSnappyCompression supported: 1
I200514 16:27:24.931663 11 storage/engine/rocksdb.go:120  Fast CRC32 supported: Supported on x86
I200514 16:27:24.947058 11 storage/engine/rocksdb.go:120  [db/db_impl_open.cc:242] Creating manifest 1 
I200514 16:27:24.965995 11 storage/engine/rocksdb.go:120  [db/version_set.cc:4072] Recovering from manifest file: /var/lib/cockroach/cockroach-temp745584711/MANIFEST-000001
I200514 16:27:24.966838 11 storage/engine/rocksdb.go:120  [db/column_family.cc:488] --------------- Options for column family [default]:
I200514 16:27:24.966846 11 storage/engine/rocksdb.go:120                Options.comparator: cockroach_comparator
I200514 16:27:24.966849 11 storage/engine/rocksdb.go:120            Options.merge_operator: cockroach_merge_operator
I200514 16:27:24.966852 11 storage/engine/rocksdb.go:120         Options.compaction_filter: None
I200514 16:27:24.966855 11 storage/engine/rocksdb.go:120         Options.compaction_filter_factory: None
I200514 16:27:24.966858 11 storage/engine/rocksdb.go:120          Options.memtable_factory: SkipListFactory
I200514 16:27:24.966861 11 storage/engine/rocksdb.go:120             Options.table_factory: BlockBasedTable
I200514 16:27:24.966892 11 storage/engine/rocksdb.go:120             table_factory options:   flush_block_policy_factory: FlushBlockBySizePolicyFactory (0x7fe0e7824040)
  cache_index_and_filter_blocks: 0
  cache_index_and_filter_blocks_with_high_priority: 0
  pin_l0_filter_and_index_blocks_in_cache: 0
  pin_top_level_index_and_filter: 1
  index_type: 0
  data_block_index_type: 0
  index_shortening: 1
  data_block_hash_table_util_ratio: 0.750000
  hash_index_allow_collision: 1
  checksum: 1
  no_block_cache: 0
  block_cache: 0x7fe0e787a190
  block_cache_name: LRUCache
  block_cache_options:
    capacity : 1048576
    num_shard_bits : 4
    strict_capacity_limit : 0
    memory_allocator : None
    high_pri_pool_ratio: 0.000
  block_cache_compressed: (nil)
  persistent_cache: (nil)
  block_size: 32768
  block_size_deviation: 10
  block_restart_interval: 16
  index_block_restart_interval: 1
  metadata_block_size: 4096
  partition_filters: 0
  use_delta_encoding: 1
  filter_policy: rocksdb.BuiltinBloomFilter
  whole_key_filtering: 0
  verify_compression: 0
  read_amp_bytes_per_bit: 0
  format_version: 2
  enable_index_compression: 1
  block_align: 0
I200514 16:27:24.966896 11 storage/engine/rocksdb.go:120         Options.write_buffer_size: 67108864
I200514 16:27:24.966900 11 storage/engine/rocksdb.go:120   Options.max_write_buffer_number: 4
I200514 16:27:24.966903 11 storage/engine/rocksdb.go:120           Options.compression: Snappy
I200514 16:27:24.966906 11 storage/engine/rocksdb.go:120                   Options.bottommost_compression: Disabled
I200514 16:27:24.966909 11 storage/engine/rocksdb.go:120        Options.prefix_extractor: cockroach_prefix_extractor
I200514 16:27:24.966911 11 storage/engine/rocksdb.go:120    Options.memtable_insert_with_hint_prefix_extractor: nullptr
I200514 16:27:24.966914 11 storage/engine/rocksdb.go:120              Options.num_levels: 7
I200514 16:27:24.966917 11 storage/engine/rocksdb.go:120         Options.min_write_buffer_number_to_merge: 1
I200514 16:27:24.966919 11 storage/engine/rocksdb.go:120      Options.max_write_buffer_number_to_maintain: 0
I200514 16:27:24.966922 11 storage/engine/rocksdb.go:120             Options.bottommost_compression_opts.window_bits: -14
I200514 16:27:24.966924 11 storage/engine/rocksdb.go:120                   Options.bottommost_compression_opts.level: 32767
I200514 16:27:24.966927 11 storage/engine/rocksdb.go:120                Options.bottommost_compression_opts.strategy: 0
I200514 16:27:24.966930 11 storage/engine/rocksdb.go:120          Options.bottommost_compression_opts.max_dict_bytes: 0
I200514 16:27:24.966932 11 storage/engine/rocksdb.go:120          Options.bottommost_compression_opts.zstd_max_train_bytes: 0
I200514 16:27:24.966935 11 storage/engine/rocksdb.go:120                   Options.bottommost_compression_opts.enabled: false
I200514 16:27:24.966937 11 storage/engine/rocksdb.go:120             Options.compression_opts.window_bits: -14
I200514 16:27:24.966941 11 storage/engine/rocksdb.go:120                   Options.compression_opts.level: 32767
I200514 16:27:24.966943 11 storage/engine/rocksdb.go:120                Options.compression_opts.strategy: 0
I200514 16:27:24.966946 11 storage/engine/rocksdb.go:120          Options.compression_opts.max_dict_bytes: 0
I200514 16:27:24.966948 11 storage/engine/rocksdb.go:120          Options.compression_opts.zstd_max_train_bytes: 0
I200514 16:27:24.966951 11 storage/engine/rocksdb.go:120                   Options.compression_opts.enabled: false
I200514 16:27:24.966953 11 storage/engine/rocksdb.go:120       Options.level0_file_num_compaction_trigger: 2
I200514 16:27:24.966956 11 storage/engine/rocksdb.go:120           Options.level0_slowdown_writes_trigger: 950
I200514 16:27:24.966958 11 storage/engine/rocksdb.go:120               Options.level0_stop_writes_trigger: 1000
I200514 16:27:24.966961 11 storage/engine/rocksdb.go:120                    Options.target_file_size_base: 4194304
I200514 16:27:24.966964 11 storage/engine/rocksdb.go:120              Options.target_file_size_multiplier: 2
I200514 16:27:24.966967 11 storage/engine/rocksdb.go:120                 Options.max_bytes_for_level_base: 67108864
I200514 16:27:24.966969 11 storage/engine/rocksdb.go:120  Options.level_compaction_dynamic_level_bytes: 1
I200514 16:27:24.966973 11 storage/engine/rocksdb.go:120           Options.max_bytes_for_level_multiplier: 10.000000
I200514 16:27:24.966975 11 storage/engine/rocksdb.go:120  Options.max_bytes_for_level_multiplier_addtl[0]: 1
I200514 16:27:24.966978 11 storage/engine/rocksdb.go:120  Options.max_bytes_for_level_multiplier_addtl[1]: 1
I200514 16:27:24.966980 11 storage/engine/rocksdb.go:120  Options.max_bytes_for_level_multiplier_addtl[2]: 1
I200514 16:27:24.966987 11 storage/engine/rocksdb.go:120  Options.max_bytes_for_level_multiplier_addtl[3]: 1
I200514 16:27:24.966990 11 storage/engine/rocksdb.go:120  Options.max_bytes_for_level_multiplier_addtl[4]: 1
I200514 16:27:24.966992 11 storage/engine/rocksdb.go:120  Options.max_bytes_for_level_multiplier_addtl[5]: 1
I200514 16:27:24.966995 11 storage/engine/rocksdb.go:120  Options.max_bytes_for_level_multiplier_addtl[6]: 1
I200514 16:27:24.966998 11 storage/engine/rocksdb.go:120        Options.max_sequential_skip_in_iterations: 8
I200514 16:27:24.967000 11 storage/engine/rocksdb.go:120                     Options.max_compaction_bytes: 104857600
I200514 16:27:24.967003 11 storage/engine/rocksdb.go:120                         Options.arena_block_size: 8388608
I200514 16:27:24.967006 11 storage/engine/rocksdb.go:120    Options.soft_pending_compaction_bytes_limit: 2199023255552
I200514 16:27:24.967008 11 storage/engine/rocksdb.go:120    Options.hard_pending_compaction_bytes_limit: 4400193994752
I200514 16:27:24.967011 11 storage/engine/rocksdb.go:120        Options.rate_limit_delay_max_milliseconds: 100
I200514 16:27:24.967014 11 storage/engine/rocksdb.go:120                 Options.disable_auto_compactions: 0
I200514 16:27:24.967017 11 storage/engine/rocksdb.go:120                         Options.compaction_style: kCompactionStyleLevel
I200514 16:27:24.967020 11 storage/engine/rocksdb.go:120                           Options.compaction_pri: kMinOverlappingRatio
I200514 16:27:24.967022 11 storage/engine/rocksdb.go:120  Options.compaction_options_universal.size_ratio: 1
I200514 16:27:24.967025 11 storage/engine/rocksdb.go:120  Options.compaction_options_universal.min_merge_width: 2
I200514 16:27:24.967027 11 storage/engine/rocksdb.go:120  Options.compaction_options_universal.max_merge_width: 4294967295
I200514 16:27:24.967030 11 storage/engine/rocksdb.go:120  Options.compaction_options_universal.max_size_amplification_percent: 200
I200514 16:27:24.967032 11 storage/engine/rocksdb.go:120  Options.compaction_options_universal.compression_size_percent: -1
I200514 16:27:24.967035 11 storage/engine/rocksdb.go:120  Options.compaction_options_universal.stop_style: kCompactionStopStyleTotalSize
I200514 16:27:24.967038 11 storage/engine/rocksdb.go:120  Options.compaction_options_fifo.max_table_files_size: 1073741824
I200514 16:27:24.967040 11 storage/engine/rocksdb.go:120  Options.compaction_options_fifo.allow_compaction: 0
I200514 16:27:24.967044 11 storage/engine/rocksdb.go:120                    Options.table_properties_collectors: TimeBoundTblPropCollectorFactory; DeleteRangeTblPropCollectorFactory; 
I200514 16:27:24.967047 11 storage/engine/rocksdb.go:120                    Options.inplace_update_support: 0
I200514 16:27:24.967049 11 storage/engine/rocksdb.go:120                  Options.inplace_update_num_locks: 10000
I200514 16:27:24.967052 11 storage/engine/rocksdb.go:120                Options.memtable_prefix_bloom_size_ratio: 0.000000
I200514 16:27:24.967055 11 storage/engine/rocksdb.go:120                Options.memtable_whole_key_filtering: 0
I200514 16:27:24.967058 11 storage/engine/rocksdb.go:120    Options.memtable_huge_page_size: 0
I200514 16:27:24.967060 11 storage/engine/rocksdb.go:120                            Options.bloom_locality: 0
I200514 16:27:24.967063 11 storage/engine/rocksdb.go:120                     Options.max_successive_merges: 0
I200514 16:27:24.967065 11 storage/engine/rocksdb.go:120                 Options.optimize_filters_for_hits: 1
I200514 16:27:24.967068 11 storage/engine/rocksdb.go:120                 Options.paranoid_file_checks: 0
I200514 16:27:24.967070 11 storage/engine/rocksdb.go:120                 Options.force_consistency_checks: 0
I200514 16:27:24.967073 11 storage/engine/rocksdb.go:120                 Options.report_bg_io_stats: 0
I200514 16:27:24.967076 11 storage/engine/rocksdb.go:120                                Options.ttl: 0
I200514 16:27:24.967078 11 storage/engine/rocksdb.go:120           Options.periodic_compaction_seconds: 0
I200514 16:27:24.968236 11 storage/engine/rocksdb.go:120  [db/version_set.cc:4286] Recovered from manifest file:/var/lib/cockroach/cockroach-temp745584711/MANIFEST-000001 succeeded,manifest_file_number is 1, next_file_number is 3, last_sequence is 0, log_number is 0,prev_log_number is 0,max_column_family is 0,min_log_number_to_keep is 0
I200514 16:27:24.968243 11 storage/engine/rocksdb.go:120  [db/version_set.cc:4295] Column family [default] (ID 0), log number is 0
I200514 16:27:24.987088 11 storage/engine/rocksdb.go:120  DB pointer 0x7fe0e7957000
I200514 16:27:25.004996 11 storage/engine/rocksdb.go:120  RocksDB version: 6.2.1
I200514 16:27:25.005004 11 storage/engine/rocksdb.go:120  Git sha rocksdb_build_git_sha:@b7009236531fa784872f4823eabf393501e41bf2@
I200514 16:27:25.005007 11 storage/engine/rocksdb.go:120  Compile date Mar 16 2020
I200514 16:27:25.005018 11 storage/engine/rocksdb.go:120  DB SUMMARY
I200514 16:27:25.006019 11 storage/engine/rocksdb.go:120  CURRENT file:  CURRENT
I200514 16:27:25.006026 11 storage/engine/rocksdb.go:120  IDENTITY file:  IDENTITY
I200514 16:27:25.006438 11 storage/engine/rocksdb.go:120  MANIFEST file:  MANIFEST-000435 size: 934 Bytes
I200514 16:27:25.006466 11 storage/engine/rocksdb.go:120  SST files in /var/lib/cockroach dir, Total Num: 3, files: 000439.sst 000440.sst 000441.sst 
I200514 16:27:25.006472 11 storage/engine/rocksdb.go:120  Write Ahead Log file in /var/lib/cockroach: 000436.log size: 42370302 ; 
I200514 16:27:25.006476 11 storage/engine/rocksdb.go:120                          Options.error_if_exists: 0
I200514 16:27:25.006479 11 storage/engine/rocksdb.go:120                        Options.create_if_missing: 1
I200514 16:27:25.006482 11 storage/engine/rocksdb.go:120                          Options.paranoid_checks: 1
I200514 16:27:25.006485 11 storage/engine/rocksdb.go:120                                      Options.env: 0x75757a0
I200514 16:27:25.006487 11 storage/engine/rocksdb.go:120                                 Options.info_log: 0x7fe0e7887e60
I200514 16:27:25.006490 11 storage/engine/rocksdb.go:120                 Options.max_file_opening_threads: 16
I200514 16:27:25.006493 11 storage/engine/rocksdb.go:120                               Options.statistics: 0x7fe0e781d940
I200514 16:27:25.006495 11 storage/engine/rocksdb.go:120                                Options.use_fsync: 0
I200514 16:27:25.006499 11 storage/engine/rocksdb.go:120                        Options.max_log_file_size: 0
I200514 16:27:25.006502 11 storage/engine/rocksdb.go:120                   Options.max_manifest_file_size: 134217728
I200514 16:27:25.006504 11 storage/engine/rocksdb.go:120                    Options.log_file_time_to_roll: 0
I200514 16:27:25.006507 11 storage/engine/rocksdb.go:120                        Options.keep_log_file_num: 1000
I200514 16:27:25.006510 11 storage/engine/rocksdb.go:120                     Options.recycle_log_file_num: 1
I200514 16:27:25.006512 11 storage/engine/rocksdb.go:120                          Options.allow_fallocate: 1
I200514 16:27:25.006515 11 storage/engine/rocksdb.go:120                         Options.allow_mmap_reads: 0
I200514 16:27:25.006518 11 storage/engine/rocksdb.go:120                        Options.allow_mmap_writes: 0
I200514 16:27:25.006520 11 storage/engine/rocksdb.go:120                         Options.use_direct_reads: 0
I200514 16:27:25.006523 11 storage/engine/rocksdb.go:120                         Options.use_direct_io_for_flush_and_compaction: 0
I200514 16:27:25.006525 11 storage/engine/rocksdb.go:120           Options.create_missing_column_families: 0
I200514 16:27:25.006528 11 storage/engine/rocksdb.go:120                               Options.db_log_dir: 
I200514 16:27:25.006531 11 storage/engine/rocksdb.go:120                                  Options.wal_dir: /var/lib/cockroach
I200514 16:27:25.006533 11 storage/engine/rocksdb.go:120                 Options.table_cache_numshardbits: 6
I200514 16:27:25.006536 11 storage/engine/rocksdb.go:120                       Options.max_subcompactions: 1
I200514 16:27:25.006538 11 storage/engine/rocksdb.go:120                   Options.max_background_flushes: -1
I200514 16:27:25.006541 11 storage/engine/rocksdb.go:120                          Options.WAL_ttl_seconds: 0
I200514 16:27:25.006544 11 storage/engine/rocksdb.go:120                        Options.WAL_size_limit_MB: 0
I200514 16:27:25.006547 11 storage/engine/rocksdb.go:120              Options.manifest_preallocation_size: 4194304
I200514 16:27:25.006550 11 storage/engine/rocksdb.go:120                      Options.is_fd_close_on_exec: 1
I200514 16:27:25.006552 11 storage/engine/rocksdb.go:120                    Options.advise_random_on_open: 1
I200514 16:27:25.006555 11 storage/engine/rocksdb.go:120                     Options.db_write_buffer_size: 0
I200514 16:27:25.006558 11 storage/engine/rocksdb.go:120                     Options.write_buffer_manager: 0x7fe0e7860d10
I200514 16:27:25.006581 11 storage/engine/rocksdb.go:120          Options.access_hint_on_compaction_start: 1
I200514 16:27:25.006587 11 storage/engine/rocksdb.go:120   Options.new_table_reader_for_compaction_inputs: 0
I200514 16:27:25.006590 11 storage/engine/rocksdb.go:120            Options.random_access_max_buffer_size: 1048576
I200514 16:27:25.006592 11 storage/engine/rocksdb.go:120                       Options.use_adaptive_mutex: 0
I200514 16:27:25.006595 11 storage/engine/rocksdb.go:120                             Options.rate_limiter: (nil)
I200514 16:27:25.006598 11 storage/engine/rocksdb.go:120      Options.sst_file_manager.rate_bytes_per_sec: 0
I200514 16:27:25.006600 11 storage/engine/rocksdb.go:120                        Options.wal_recovery_mode: 0
I200514 16:27:25.006603 11 storage/engine/rocksdb.go:120                   Options.enable_thread_tracking: 0
I200514 16:27:25.006606 11 storage/engine/rocksdb.go:120                   Options.enable_pipelined_write: 0
I200514 16:27:25.006608 11 storage/engine/rocksdb.go:120          Options.allow_concurrent_memtable_write: 1
I200514 16:27:25.006611 11 storage/engine/rocksdb.go:120       Options.enable_write_thread_adaptive_yield: 1
I200514 16:27:25.006622 11 storage/engine/rocksdb.go:120              Options.write_thread_max_yield_usec: 100
I200514 16:27:25.006625 11 storage/engine/rocksdb.go:120             Options.write_thread_slow_yield_usec: 3
I200514 16:27:25.006627 11 storage/engine/rocksdb.go:120                                Options.row_cache: None
I200514 16:27:25.006630 11 storage/engine/rocksdb.go:120                               Options.wal_filter: None
I200514 16:27:25.006632 11 storage/engine/rocksdb.go:120              Options.avoid_flush_during_recovery: 0
I200514 16:27:25.006635 11 storage/engine/rocksdb.go:120              Options.allow_ingest_behind: 0
I200514 16:27:25.006637 11 storage/engine/rocksdb.go:120              Options.preserve_deletes: 0
I200514 16:27:25.006640 11 storage/engine/rocksdb.go:120              Options.two_write_queues: 0
I200514 16:27:25.006642 11 storage/engine/rocksdb.go:120              Options.manual_wal_flush: 1
I200514 16:27:25.006645 11 storage/engine/rocksdb.go:120              Options.atomic_flush: 0
I200514 16:27:25.006647 11 storage/engine/rocksdb.go:120              Options.avoid_unnecessary_blocking_io: 0
I200514 16:27:25.006650 11 storage/engine/rocksdb.go:120              Options.max_background_jobs: 2
I200514 16:27:25.006652 11 storage/engine/rocksdb.go:120              Options.max_background_compactions: -1
I200514 16:27:25.006655 11 storage/engine/rocksdb.go:120              Options.avoid_flush_during_shutdown: 0
I200514 16:27:25.006658 11 storage/engine/rocksdb.go:120            Options.writable_file_max_buffer_size: 1048576
I200514 16:27:25.006661 11 storage/engine/rocksdb.go:120              Options.delayed_write_rate : 16777216
I200514 16:27:25.006663 11 storage/engine/rocksdb.go:120              Options.max_total_wal_size: 0
I200514 16:27:25.006666 11 storage/engine/rocksdb.go:120              Options.delete_obsolete_files_period_micros: 21600000000
I200514 16:27:25.006669 11 storage/engine/rocksdb.go:120                    Options.stats_dump_period_sec: 0
I200514 16:27:25.006671 11 storage/engine/rocksdb.go:120                  Options.stats_persist_period_sec: 600
I200514 16:27:25.006674 11 storage/engine/rocksdb.go:120                  Options.stats_history_buffer_size: 1048576
I200514 16:27:25.006676 11 storage/engine/rocksdb.go:120                           Options.max_open_files: 1043576
I200514 16:27:25.006679 11 storage/engine/rocksdb.go:120                           Options.bytes_per_sync: 524288
I200514 16:27:25.006702 11 storage/engine/rocksdb.go:120                       Options.wal_bytes_per_sync: 0
I200514 16:27:25.006708 11 storage/engine/rocksdb.go:120                    Options.strict_bytes_per_sync: 1
I200514 16:27:25.006711 11 storage/engine/rocksdb.go:120        Options.compaction_readahead_size: 0
I200514 16:27:25.006714 11 storage/engine/rocksdb.go:120  Compression algorithms supported:
I200514 16:27:25.006717 11 storage/engine/rocksdb.go:120  	kZSTDNotFinalCompression supported: 0
I200514 16:27:25.006734 11 storage/engine/rocksdb.go:120  	kZSTD supported: 0
I200514 16:27:25.006737 11 storage/engine/rocksdb.go:120  	kXpressCompression supported: 0
I200514 16:27:25.006740 11 storage/engine/rocksdb.go:120  	kLZ4HCCompression supported: 0
I200514 16:27:25.006742 11 storage/engine/rocksdb.go:120  	kLZ4Compression supported: 0
I200514 16:27:25.006745 11 storage/engine/rocksdb.go:120  	kBZip2Compression supported: 0
I200514 16:27:25.006748 11 storage/engine/rocksdb.go:120  	kZlibCompression supported: 0
I200514 16:27:25.006750 11 storage/engine/rocksdb.go:120  	kSnappyCompression supported: 1
I200514 16:27:25.006756 11 storage/engine/rocksdb.go:120  Fast CRC32 supported: Supported on x86
I200514 16:27:25.008651 11 storage/engine/rocksdb.go:120  [db/version_set.cc:4072] Recovering from manifest file: /var/lib/cockroach/MANIFEST-000435
I200514 16:27:25.009364 11 storage/engine/rocksdb.go:120  [db/column_family.cc:488] --------------- Options for column family [default]:
I200514 16:27:25.009370 11 storage/engine/rocksdb.go:120                Options.comparator: cockroach_comparator
I200514 16:27:25.009373 11 storage/engine/rocksdb.go:120            Options.merge_operator: cockroach_merge_operator
I200514 16:27:25.009376 11 storage/engine/rocksdb.go:120         Options.compaction_filter: None
I200514 16:27:25.009379 11 storage/engine/rocksdb.go:120         Options.compaction_filter_factory: None
I200514 16:27:25.009382 11 storage/engine/rocksdb.go:120          Options.memtable_factory: SkipListFactory
I200514 16:27:25.009385 11 storage/engine/rocksdb.go:120             Options.table_factory: BlockBasedTable
I200514 16:27:25.009405 11 storage/engine/rocksdb.go:120             table_factory options:   flush_block_policy_factory: FlushBlockBySizePolicyFactory (0x7fe0e78240a0)
  cache_index_and_filter_blocks: 0
  cache_index_and_filter_blocks_with_high_priority: 0
  pin_l0_filter_and_index_blocks_in_cache: 0
  pin_top_level_index_and_filter: 1
  index_type: 0
  data_block_index_type: 0
  index_shortening: 1
  data_block_hash_table_util_ratio: 0.750000
  hash_index_allow_collision: 1
  checksum: 1
  no_block_cache: 0
  block_cache: 0x7fe0e7970390
  block_cache_name: LRUCache
  block_cache_options:
    capacity : 67108864
    num_shard_bits : 4
    strict_capacity_limit : 0
    memory_allocator : None
    high_pri_pool_ratio: 0.000
  block_cache_compressed: (nil)
  persistent_cache: (nil)
  block_size: 32768
  block_size_deviation: 10
  block_restart_interval: 16
  index_block_restart_interval: 1
  metadata_block_size: 4096
  partition_filters: 0
  use_delta_encoding: 1
  filter_policy: rocksdb.BuiltinBloomFilter
  whole_key_filtering: 0
  verify_compression: 0
  read_amp_bytes_per_bit: 0
  format_version: 2
  enable_index_compression: 1
  block_align: 0
I200514 16:27:25.009410 11 storage/engine/rocksdb.go:120         Options.write_buffer_size: 67108864
I200514 16:27:25.009414 11 storage/engine/rocksdb.go:120   Options.max_write_buffer_number: 4
I200514 16:27:25.009417 11 storage/engine/rocksdb.go:120           Options.compression: Snappy
I200514 16:27:25.009420 11 storage/engine/rocksdb.go:120                   Options.bottommost_compression: Disabled
I200514 16:27:25.009423 11 storage/engine/rocksdb.go:120        Options.prefix_extractor: cockroach_prefix_extractor
I200514 16:27:25.009425 11 storage/engine/rocksdb.go:120    Options.memtable_insert_with_hint_prefix_extractor: nullptr
I200514 16:27:25.009428 11 storage/engine/rocksdb.go:120              Options.num_levels: 7
I200514 16:27:25.009431 11 storage/engine/rocksdb.go:120         Options.min_write_buffer_number_to_merge: 1
I200514 16:27:25.009433 11 storage/engine/rocksdb.go:120      Options.max_write_buffer_number_to_maintain: 0
I200514 16:27:25.009436 11 storage/engine/rocksdb.go:120             Options.bottommost_compression_opts.window_bits: -14
I200514 16:27:25.009439 11 storage/engine/rocksdb.go:120                   Options.bottommost_compression_opts.level: 32767
I200514 16:27:25.009441 11 storage/engine/rocksdb.go:120                Options.bottommost_compression_opts.strategy: 0
I200514 16:27:25.009444 11 storage/engine/rocksdb.go:120          Options.bottommost_compression_opts.max_dict_bytes: 0
I200514 16:27:25.009446 11 storage/engine/rocksdb.go:120          Options.bottommost_compression_opts.zstd_max_train_bytes: 0
I200514 16:27:25.009449 11 storage/engine/rocksdb.go:120                   Options.bottommost_compression_opts.enabled: false
I200514 16:27:25.009452 11 storage/engine/rocksdb.go:120             Options.compression_opts.window_bits: -14
I200514 16:27:25.009455 11 storage/engine/rocksdb.go:120                   Options.compression_opts.level: 32767
I200514 16:27:25.009457 11 storage/engine/rocksdb.go:120                Options.compression_opts.strategy: 0
I200514 16:27:25.009460 11 storage/engine/rocksdb.go:120          Options.compression_opts.max_dict_bytes: 0
I200514 16:27:25.009462 11 storage/engine/rocksdb.go:120          Options.compression_opts.zstd_max_train_bytes: 0
I200514 16:27:25.009465 11 storage/engine/rocksdb.go:120                   Options.compression_opts.enabled: false
I200514 16:27:25.009468 11 storage/engine/rocksdb.go:120       Options.level0_file_num_compaction_trigger: 2
I200514 16:27:25.009471 11 storage/engine/rocksdb.go:120           Options.level0_slowdown_writes_trigger: 950
I200514 16:27:25.009474 11 storage/engine/rocksdb.go:120               Options.level0_stop_writes_trigger: 1000
I200514 16:27:25.009476 11 storage/engine/rocksdb.go:120                    Options.target_file_size_base: 4194304
I200514 16:27:25.009484 11 storage/engine/rocksdb.go:120              Options.target_file_size_multiplier: 2
I200514 16:27:25.009487 11 storage/engine/rocksdb.go:120                 Options.max_bytes_for_level_base: 67108864
I200514 16:27:25.009490 11 storage/engine/rocksdb.go:120  Options.level_compaction_dynamic_level_bytes: 1
I200514 16:27:25.009493 11 storage/engine/rocksdb.go:120           Options.max_bytes_for_level_multiplier: 10.000000
I200514 16:27:25.009496 11 storage/engine/rocksdb.go:120  Options.max_bytes_for_level_multiplier_addtl[0]: 1
I200514 16:27:25.009498 11 storage/engine/rocksdb.go:120  Options.max_bytes_for_level_multiplier_addtl[1]: 1
I200514 16:27:25.009501 11 storage/engine/rocksdb.go:120  Options.max_bytes_for_level_multiplier_addtl[2]: 1
I200514 16:27:25.009504 11 storage/engine/rocksdb.go:120  Options.max_bytes_for_level_multiplier_addtl[3]: 1
I200514 16:27:25.009506 11 storage/engine/rocksdb.go:120  Options.max_bytes_for_level_multiplier_addtl[4]: 1
I200514 16:27:25.009509 11 storage/engine/rocksdb.go:120  Options.max_bytes_for_level_multiplier_addtl[5]: 1
I200514 16:27:25.009511 11 storage/engine/rocksdb.go:120  Options.max_bytes_for_level_multiplier_addtl[6]: 1
I200514 16:27:25.009514 11 storage/engine/rocksdb.go:120        Options.max_sequential_skip_in_iterations: 8
I200514 16:27:25.009516 11 storage/engine/rocksdb.go:120                     Options.max_compaction_bytes: 104857600
I200514 16:27:25.009519 11 storage/engine/rocksdb.go:120                         Options.arena_block_size: 8388608
I200514 16:27:25.009521 11 storage/engine/rocksdb.go:120    Options.soft_pending_compaction_bytes_limit: 2199023255552
I200514 16:27:25.009524 11 storage/engine/rocksdb.go:120    Options.hard_pending_compaction_bytes_limit: 4400193994752
I200514 16:27:25.009527 11 storage/engine/rocksdb.go:120        Options.rate_limit_delay_max_milliseconds: 100
I200514 16:27:25.009529 11 storage/engine/rocksdb.go:120                 Options.disable_auto_compactions: 0
I200514 16:27:25.009532 11 storage/engine/rocksdb.go:120                         Options.compaction_style: kCompactionStyleLevel
I200514 16:27:25.009535 11 storage/engine/rocksdb.go:120                           Options.compaction_pri: kMinOverlappingRatio
I200514 16:27:25.009538 11 storage/engine/rocksdb.go:120  Options.compaction_options_universal.size_ratio: 1
I200514 16:27:25.009540 11 storage/engine/rocksdb.go:120  Options.compaction_options_universal.min_merge_width: 2
I200514 16:27:25.009543 11 storage/engine/rocksdb.go:120  Options.compaction_options_universal.max_merge_width: 4294967295
I200514 16:27:25.009547 11 storage/engine/rocksdb.go:120  Options.compaction_options_universal.max_size_amplification_percent: 200
I200514 16:27:25.009549 11 storage/engine/rocksdb.go:120  Options.compaction_options_universal.compression_size_percent: -1
I200514 16:27:25.009552 11 storage/engine/rocksdb.go:120  Options.compaction_options_universal.stop_style: kCompactionStopStyleTotalSize
I200514 16:27:25.009555 11 storage/engine/rocksdb.go:120  Options.compaction_options_fifo.max_table_files_size: 1073741824
I200514 16:27:25.009557 11 storage/engine/rocksdb.go:120  Options.compaction_options_fifo.allow_compaction: 0
I200514 16:27:25.009561 11 storage/engine/rocksdb.go:120                    Options.table_properties_collectors: TimeBoundTblPropCollectorFactory; DeleteRangeTblPropCollectorFactory; 
I200514 16:27:25.009564 11 storage/engine/rocksdb.go:120                    Options.inplace_update_support: 0
I200514 16:27:25.009567 11 storage/engine/rocksdb.go:120                  Options.inplace_update_num_locks: 10000
I200514 16:27:25.009570 11 storage/engine/rocksdb.go:120                Options.memtable_prefix_bloom_size_ratio: 0.000000
I200514 16:27:25.009572 11 storage/engine/rocksdb.go:120                Options.memtable_whole_key_filtering: 0
I200514 16:27:25.009575 11 storage/engine/rocksdb.go:120    Options.memtable_huge_page_size: 0
I200514 16:27:25.009577 11 storage/engine/rocksdb.go:120                            Options.bloom_locality: 0
I200514 16:27:25.009580 11 storage/engine/rocksdb.go:120                     Options.max_successive_merges: 0
I200514 16:27:25.009583 11 storage/engine/rocksdb.go:120                 Options.optimize_filters_for_hits: 1
I200514 16:27:25.009585 11 storage/engine/rocksdb.go:120                 Options.paranoid_file_checks: 0
I200514 16:27:25.009588 11 storage/engine/rocksdb.go:120                 Options.force_consistency_checks: 0
I200514 16:27:25.009591 11 storage/engine/rocksdb.go:120                 Options.report_bg_io_stats: 0
I200514 16:27:25.009593 11 storage/engine/rocksdb.go:120                                Options.ttl: 0
I200514 16:27:25.009596 11 storage/engine/rocksdb.go:120           Options.periodic_compaction_seconds: 0
I200514 16:27:25.019834 11 storage/engine/rocksdb.go:120  [db/version_set.cc:4286] Recovered from manifest file:/var/lib/cockroach/MANIFEST-000435 succeeded,manifest_file_number is 435, next_file_number is 443, last_sequence is 8510836, log_number is 434,prev_log_number is 0,max_column_family is 0,min_log_number_to_keep is 0
I200514 16:27:25.019842 11 storage/engine/rocksdb.go:120  [db/version_set.cc:4295] Column family [default] (ID 0), log number is 434
I200514 16:27:25.024029 11 storage/engine/rocksdb.go:120  EVENT_LOG_v1 {"time_micros": 1589473645024003, "job": 1, "event": "recovery_started", "log_files": [436]}
I200514 16:27:25.024040 11 storage/engine/rocksdb.go:120  [db/db_impl_open.cc:598] Recovering log #436 mode 0
I200514 16:27:25.674815 11 storage/engine/rocksdb.go:120  EVENT_LOG_v1 {"time_micros": 1589473645674753, "cf_name": "default", "job": 1, "event": "table_file_creation", "file_number": 443, "file_size": 304039, "table_properties": {"data_size": 293215, "index_size": 3207, "index_partitions": 0, "top_level_index_size": 0, "index_key_is_user_key": 0, "index_value_is_delta_encoded": 0, "filter_size": 8005, "raw_key_size": 238250, "raw_average_key_size": 31, "raw_value_size": 1531138, "raw_average_value_size": 201, "num_data_blocks": 51, "num_entries": 7587, "num_deletions": 5139, "num_merge_operands": 1328, "num_range_deletions": 1328, "format_version": 0, "fixed_key_len": 0, "filter_policy": "rocksdb.BuiltinBloomFilter", "column_family_name": "default", "column_family_id": 0, "comparator": "cockroach_comparator", "merge_operator": "cockroach_merge_operator", "prefix_extractor_name": "cockroach_prefix_extractor", "property_collectors": "[TimeBoundTblPropCollectorFactory,DeleteRangeTblPropCollectorFactory]", "compression": "Snappy", "compression_options": "window_bits=-14; level=32767; strategy=0; max_dict_bytes=0; zstd_max_train_bytes=0; enabled=0; ", "creation_time": 1589473645, "oldest_key_time": 3, "file_creation_time": 0}}
I200514 16:27:25.680349 11 storage/engine/rocksdb.go:120  [db/version_set.cc:3560] Creating manifest 444
I200514 16:27:25.690215 11 storage/engine/rocksdb.go:120  EVENT_LOG_v1 {"time_micros": 1589473645690172, "job": 1, "event": "recovery_finished"}
I200514 16:27:25.723064 11 storage/engine/rocksdb.go:120  DB pointer 0x7fe0e7853000
I200514 16:31:29.682115 3280 storage/engine/rocksdb.go:120  bloom filter utility:    -nan%
I200514 16:31:29.682449 3280 storage/engine/rocksdb.go:120  [db/db_impl.cc:392] Shutdown: canceling all background work
I200514 16:31:29.684447 3280 storage/engine/rocksdb.go:120  [db/db_impl.cc:565] Shutdown complete
I200514 16:31:29.697610 3280 storage/engine/rocksdb.go:120  bloom filter utility:    63.7%
I200514 16:31:29.698173 3280 storage/engine/rocksdb.go:120  [db/db_impl.cc:392] Shutdown: canceling all background work
I200514 16:31:29.707919 3280 storage/engine/rocksdb.go:120  [db/db_impl.cc:565] Shutdown complete
