I200512 13:57:06.924612 12 util/log/clog.go:1196  [config] file created at: 2020/05/12 13:57:06
I200512 13:57:06.924612 12 util/log/clog.go:1196  [config] running on machine: 4c446e154a58
I200512 13:57:06.924612 12 util/log/clog.go:1196  [config] binary: CockroachDB CCL v19.2.5 (x86_64-unknown-linux-gnu, built 2020/03/16 18:27:12, go1.12.12)
I200512 13:57:06.924612 12 util/log/clog.go:1196  [config] arguments: [/cockroach/cockroach start --insecure --store=attrs=ssd,path=/var/lib/cockroach/]
I200512 13:57:06.924612 12 util/log/clog.go:1196  line format: [IWEF]yymmdd hh:mm:ss.uuuuuu goid file:line msg utf8=✓
I200512 13:57:06.924611 12 storage/engine/rocksdb.go:120  RocksDB version: 6.2.1
I200512 13:57:06.931359 12 storage/engine/rocksdb.go:120  Git sha rocksdb_build_git_sha:@b7009236531fa784872f4823eabf393501e41bf2@
I200512 13:57:06.931363 12 storage/engine/rocksdb.go:120  Compile date Mar 16 2020
I200512 13:57:06.931366 12 storage/engine/rocksdb.go:120  DB SUMMARY
I200512 13:57:06.932431 12 storage/engine/rocksdb.go:120  SST files in /var/lib/cockroach/cockroach-temp874222789 dir, Total Num: 0, files: 
I200512 13:57:06.944436 12 storage/engine/rocksdb.go:120  Write Ahead Log file in /var/lib/cockroach/cockroach-temp874222789: 
I200512 13:57:06.944481 12 storage/engine/rocksdb.go:120                          Options.error_if_exists: 0
I200512 13:57:06.944486 12 storage/engine/rocksdb.go:120                        Options.create_if_missing: 1
I200512 13:57:06.944489 12 storage/engine/rocksdb.go:120                          Options.paranoid_checks: 1
I200512 13:57:06.944492 12 storage/engine/rocksdb.go:120                                      Options.env: 0x75757a0
I200512 13:57:06.944494 12 storage/engine/rocksdb.go:120                                 Options.info_log: 0x7fc3998270e0
I200512 13:57:06.944497 12 storage/engine/rocksdb.go:120                 Options.max_file_opening_threads: 16
I200512 13:57:06.944500 12 storage/engine/rocksdb.go:120                               Options.statistics: 0x7fc399834010
I200512 13:57:06.944502 12 storage/engine/rocksdb.go:120                                Options.use_fsync: 0
I200512 13:57:06.944505 12 storage/engine/rocksdb.go:120                        Options.max_log_file_size: 0
I200512 13:57:06.944508 12 storage/engine/rocksdb.go:120                   Options.max_manifest_file_size: 134217728
I200512 13:57:06.944510 12 storage/engine/rocksdb.go:120                    Options.log_file_time_to_roll: 0
I200512 13:57:06.944513 12 storage/engine/rocksdb.go:120                        Options.keep_log_file_num: 1000
I200512 13:57:06.944516 12 storage/engine/rocksdb.go:120                     Options.recycle_log_file_num: 1
I200512 13:57:06.944519 12 storage/engine/rocksdb.go:120                          Options.allow_fallocate: 1
I200512 13:57:06.944521 12 storage/engine/rocksdb.go:120                         Options.allow_mmap_reads: 0
I200512 13:57:06.944524 12 storage/engine/rocksdb.go:120                        Options.allow_mmap_writes: 0
I200512 13:57:06.944526 12 storage/engine/rocksdb.go:120                         Options.use_direct_reads: 0
I200512 13:57:06.944529 12 storage/engine/rocksdb.go:120                         Options.use_direct_io_for_flush_and_compaction: 0
I200512 13:57:06.944532 12 storage/engine/rocksdb.go:120           Options.create_missing_column_families: 0
I200512 13:57:06.944535 12 storage/engine/rocksdb.go:120                               Options.db_log_dir: 
I200512 13:57:06.944538 12 storage/engine/rocksdb.go:120                                  Options.wal_dir: /var/lib/cockroach/cockroach-temp874222789
I200512 13:57:06.944541 12 storage/engine/rocksdb.go:120                 Options.table_cache_numshardbits: 6
I200512 13:57:06.944544 12 storage/engine/rocksdb.go:120                       Options.max_subcompactions: 1
I200512 13:57:06.944546 12 storage/engine/rocksdb.go:120                   Options.max_background_flushes: -1
I200512 13:57:06.944549 12 storage/engine/rocksdb.go:120                          Options.WAL_ttl_seconds: 0
I200512 13:57:06.944551 12 storage/engine/rocksdb.go:120                        Options.WAL_size_limit_MB: 0
I200512 13:57:06.944554 12 storage/engine/rocksdb.go:120              Options.manifest_preallocation_size: 4194304
I200512 13:57:06.944556 12 storage/engine/rocksdb.go:120                      Options.is_fd_close_on_exec: 1
I200512 13:57:06.944559 12 storage/engine/rocksdb.go:120                    Options.advise_random_on_open: 1
I200512 13:57:06.944561 12 storage/engine/rocksdb.go:120                     Options.db_write_buffer_size: 0
I200512 13:57:06.944564 12 storage/engine/rocksdb.go:120                     Options.write_buffer_manager: 0x7fc3998190f0
I200512 13:57:06.944567 12 storage/engine/rocksdb.go:120          Options.access_hint_on_compaction_start: 1
I200512 13:57:06.944569 12 storage/engine/rocksdb.go:120   Options.new_table_reader_for_compaction_inputs: 0
I200512 13:57:06.944572 12 storage/engine/rocksdb.go:120            Options.random_access_max_buffer_size: 1048576
I200512 13:57:06.944575 12 storage/engine/rocksdb.go:120                       Options.use_adaptive_mutex: 0
I200512 13:57:06.944578 12 storage/engine/rocksdb.go:120                             Options.rate_limiter: (nil)
I200512 13:57:06.944581 12 storage/engine/rocksdb.go:120      Options.sst_file_manager.rate_bytes_per_sec: 0
I200512 13:57:06.944584 12 storage/engine/rocksdb.go:120                        Options.wal_recovery_mode: 0
I200512 13:57:06.944587 12 storage/engine/rocksdb.go:120                   Options.enable_thread_tracking: 0
I200512 13:57:06.944590 12 storage/engine/rocksdb.go:120                   Options.enable_pipelined_write: 0
I200512 13:57:06.944593 12 storage/engine/rocksdb.go:120          Options.allow_concurrent_memtable_write: 1
I200512 13:57:06.944596 12 storage/engine/rocksdb.go:120       Options.enable_write_thread_adaptive_yield: 1
I200512 13:57:06.944599 12 storage/engine/rocksdb.go:120              Options.write_thread_max_yield_usec: 100
I200512 13:57:06.944602 12 storage/engine/rocksdb.go:120             Options.write_thread_slow_yield_usec: 3
I200512 13:57:06.944604 12 storage/engine/rocksdb.go:120                                Options.row_cache: None
I200512 13:57:06.944607 12 storage/engine/rocksdb.go:120                               Options.wal_filter: None
I200512 13:57:06.944610 12 storage/engine/rocksdb.go:120              Options.avoid_flush_during_recovery: 0
I200512 13:57:06.944612 12 storage/engine/rocksdb.go:120              Options.allow_ingest_behind: 0
I200512 13:57:06.944615 12 storage/engine/rocksdb.go:120              Options.preserve_deletes: 0
I200512 13:57:06.944617 12 storage/engine/rocksdb.go:120              Options.two_write_queues: 0
I200512 13:57:06.944620 12 storage/engine/rocksdb.go:120              Options.manual_wal_flush: 1
I200512 13:57:06.944623 12 storage/engine/rocksdb.go:120              Options.atomic_flush: 0
I200512 13:57:06.944625 12 storage/engine/rocksdb.go:120              Options.avoid_unnecessary_blocking_io: 0
I200512 13:57:06.944628 12 storage/engine/rocksdb.go:120              Options.max_background_jobs: 2
I200512 13:57:06.944631 12 storage/engine/rocksdb.go:120              Options.max_background_compactions: -1
I200512 13:57:06.944633 12 storage/engine/rocksdb.go:120              Options.avoid_flush_during_shutdown: 0
I200512 13:57:06.944636 12 storage/engine/rocksdb.go:120            Options.writable_file_max_buffer_size: 1048576
I200512 13:57:06.944638 12 storage/engine/rocksdb.go:120              Options.delayed_write_rate : 16777216
I200512 13:57:06.944641 12 storage/engine/rocksdb.go:120              Options.max_total_wal_size: 0
I200512 13:57:06.944643 12 storage/engine/rocksdb.go:120              Options.delete_obsolete_files_period_micros: 21600000000
I200512 13:57:06.944646 12 storage/engine/rocksdb.go:120                    Options.stats_dump_period_sec: 0
I200512 13:57:06.944649 12 storage/engine/rocksdb.go:120                  Options.stats_persist_period_sec: 600
I200512 13:57:06.944651 12 storage/engine/rocksdb.go:120                  Options.stats_history_buffer_size: 1048576
I200512 13:57:06.944654 12 storage/engine/rocksdb.go:120                           Options.max_open_files: 128
I200512 13:57:06.944656 12 storage/engine/rocksdb.go:120                           Options.bytes_per_sync: 524288
I200512 13:57:06.944659 12 storage/engine/rocksdb.go:120                       Options.wal_bytes_per_sync: 0
I200512 13:57:06.944661 12 storage/engine/rocksdb.go:120                    Options.strict_bytes_per_sync: 1
I200512 13:57:06.944664 12 storage/engine/rocksdb.go:120        Options.compaction_readahead_size: 0
I200512 13:57:06.944667 12 storage/engine/rocksdb.go:120  Compression algorithms supported:
I200512 13:57:06.944670 12 storage/engine/rocksdb.go:120  	kZSTDNotFinalCompression supported: 0
I200512 13:57:06.944673 12 storage/engine/rocksdb.go:120  	kZSTD supported: 0
I200512 13:57:06.944675 12 storage/engine/rocksdb.go:120  	kXpressCompression supported: 0
I200512 13:57:06.944686 12 storage/engine/rocksdb.go:120  	kLZ4HCCompression supported: 0
I200512 13:57:06.944689 12 storage/engine/rocksdb.go:120  	kLZ4Compression supported: 0
I200512 13:57:06.944692 12 storage/engine/rocksdb.go:120  	kBZip2Compression supported: 0
I200512 13:57:06.944694 12 storage/engine/rocksdb.go:120  	kZlibCompression supported: 0
I200512 13:57:06.944697 12 storage/engine/rocksdb.go:120  	kSnappyCompression supported: 1
I200512 13:57:06.944705 12 storage/engine/rocksdb.go:120  Fast CRC32 supported: Supported on x86
I200512 13:57:06.958727 12 storage/engine/rocksdb.go:120  [db/db_impl_open.cc:242] Creating manifest 1 
I200512 13:57:06.977405 12 storage/engine/rocksdb.go:120  [db/version_set.cc:4072] Recovering from manifest file: /var/lib/cockroach/cockroach-temp874222789/MANIFEST-000001
I200512 13:57:06.978384 12 storage/engine/rocksdb.go:120  [db/column_family.cc:488] --------------- Options for column family [default]:
I200512 13:57:06.978389 12 storage/engine/rocksdb.go:120                Options.comparator: cockroach_comparator
I200512 13:57:06.978418 12 storage/engine/rocksdb.go:120            Options.merge_operator: cockroach_merge_operator
I200512 13:57:06.978422 12 storage/engine/rocksdb.go:120         Options.compaction_filter: None
I200512 13:57:06.978425 12 storage/engine/rocksdb.go:120         Options.compaction_filter_factory: None
I200512 13:57:06.978428 12 storage/engine/rocksdb.go:120          Options.memtable_factory: SkipListFactory
I200512 13:57:06.978430 12 storage/engine/rocksdb.go:120             Options.table_factory: BlockBasedTable
I200512 13:57:06.978470 12 storage/engine/rocksdb.go:120             table_factory options:   flush_block_policy_factory: FlushBlockBySizePolicyFactory (0x7fc399828030)
  cache_index_and_filter_blocks: 0
  cache_index_and_filter_blocks_with_high_priority: 0
  pin_l0_filter_and_index_blocks_in_cache: 0
  pin_top_level_index_and_filter: 1
  index_type: 0
  data_block_index_type: 0
  index_shortening: 1
  data_block_hash_table_util_ratio: 0.750000
  hash_index_allow_collision: 1
  checksum: 1
  no_block_cache: 0
  block_cache: 0x7fc39981c010
  block_cache_name: LRUCache
  block_cache_options:
    capacity : 1048576
    num_shard_bits : 4
    strict_capacity_limit : 0
    memory_allocator : None
    high_pri_pool_ratio: 0.000
  block_cache_compressed: (nil)
  persistent_cache: (nil)
  block_size: 32768
  block_size_deviation: 10
  block_restart_interval: 16
  index_block_restart_interval: 1
  metadata_block_size: 4096
  partition_filters: 0
  use_delta_encoding: 1
  filter_policy: rocksdb.BuiltinBloomFilter
  whole_key_filtering: 0
  verify_compression: 0
  read_amp_bytes_per_bit: 0
  format_version: 2
  enable_index_compression: 1
  block_align: 0
I200512 13:57:06.978476 12 storage/engine/rocksdb.go:120         Options.write_buffer_size: 67108864
I200512 13:57:06.978480 12 storage/engine/rocksdb.go:120   Options.max_write_buffer_number: 4
I200512 13:57:06.978483 12 storage/engine/rocksdb.go:120           Options.compression: Snappy
I200512 13:57:06.978486 12 storage/engine/rocksdb.go:120                   Options.bottommost_compression: Disabled
I200512 13:57:06.978489 12 storage/engine/rocksdb.go:120        Options.prefix_extractor: cockroach_prefix_extractor
I200512 13:57:06.978491 12 storage/engine/rocksdb.go:120    Options.memtable_insert_with_hint_prefix_extractor: nullptr
I200512 13:57:06.978494 12 storage/engine/rocksdb.go:120              Options.num_levels: 7
I200512 13:57:06.978500 12 storage/engine/rocksdb.go:120         Options.min_write_buffer_number_to_merge: 1
I200512 13:57:06.978503 12 storage/engine/rocksdb.go:120      Options.max_write_buffer_number_to_maintain: 0
I200512 13:57:06.978506 12 storage/engine/rocksdb.go:120             Options.bottommost_compression_opts.window_bits: -14
I200512 13:57:06.978508 12 storage/engine/rocksdb.go:120                   Options.bottommost_compression_opts.level: 32767
I200512 13:57:06.978511 12 storage/engine/rocksdb.go:120                Options.bottommost_compression_opts.strategy: 0
I200512 13:57:06.978514 12 storage/engine/rocksdb.go:120          Options.bottommost_compression_opts.max_dict_bytes: 0
I200512 13:57:06.978516 12 storage/engine/rocksdb.go:120          Options.bottommost_compression_opts.zstd_max_train_bytes: 0
I200512 13:57:06.978519 12 storage/engine/rocksdb.go:120                   Options.bottommost_compression_opts.enabled: false
I200512 13:57:06.978521 12 storage/engine/rocksdb.go:120             Options.compression_opts.window_bits: -14
I200512 13:57:06.978524 12 storage/engine/rocksdb.go:120                   Options.compression_opts.level: 32767
I200512 13:57:06.978527 12 storage/engine/rocksdb.go:120                Options.compression_opts.strategy: 0
I200512 13:57:06.978529 12 storage/engine/rocksdb.go:120          Options.compression_opts.max_dict_bytes: 0
I200512 13:57:06.978532 12 storage/engine/rocksdb.go:120          Options.compression_opts.zstd_max_train_bytes: 0
I200512 13:57:06.978534 12 storage/engine/rocksdb.go:120                   Options.compression_opts.enabled: false
I200512 13:57:06.978537 12 storage/engine/rocksdb.go:120       Options.level0_file_num_compaction_trigger: 2
I200512 13:57:06.978539 12 storage/engine/rocksdb.go:120           Options.level0_slowdown_writes_trigger: 950
I200512 13:57:06.978542 12 storage/engine/rocksdb.go:120               Options.level0_stop_writes_trigger: 1000
I200512 13:57:06.978544 12 storage/engine/rocksdb.go:120                    Options.target_file_size_base: 4194304
I200512 13:57:06.978547 12 storage/engine/rocksdb.go:120              Options.target_file_size_multiplier: 2
I200512 13:57:06.978550 12 storage/engine/rocksdb.go:120                 Options.max_bytes_for_level_base: 67108864
I200512 13:57:06.978552 12 storage/engine/rocksdb.go:120  Options.level_compaction_dynamic_level_bytes: 1
I200512 13:57:06.978555 12 storage/engine/rocksdb.go:120           Options.max_bytes_for_level_multiplier: 10.000000
I200512 13:57:06.978558 12 storage/engine/rocksdb.go:120  Options.max_bytes_for_level_multiplier_addtl[0]: 1
I200512 13:57:06.978560 12 storage/engine/rocksdb.go:120  Options.max_bytes_for_level_multiplier_addtl[1]: 1
I200512 13:57:06.978563 12 storage/engine/rocksdb.go:120  Options.max_bytes_for_level_multiplier_addtl[2]: 1
I200512 13:57:06.978566 12 storage/engine/rocksdb.go:120  Options.max_bytes_for_level_multiplier_addtl[3]: 1
I200512 13:57:06.978568 12 storage/engine/rocksdb.go:120  Options.max_bytes_for_level_multiplier_addtl[4]: 1
I200512 13:57:06.978571 12 storage/engine/rocksdb.go:120  Options.max_bytes_for_level_multiplier_addtl[5]: 1
I200512 13:57:06.978573 12 storage/engine/rocksdb.go:120  Options.max_bytes_for_level_multiplier_addtl[6]: 1
I200512 13:57:06.978576 12 storage/engine/rocksdb.go:120        Options.max_sequential_skip_in_iterations: 8
I200512 13:57:06.978578 12 storage/engine/rocksdb.go:120                     Options.max_compaction_bytes: 104857600
I200512 13:57:06.978581 12 storage/engine/rocksdb.go:120                         Options.arena_block_size: 8388608
I200512 13:57:06.978584 12 storage/engine/rocksdb.go:120    Options.soft_pending_compaction_bytes_limit: 2199023255552
I200512 13:57:06.978586 12 storage/engine/rocksdb.go:120    Options.hard_pending_compaction_bytes_limit: 4400193994752
I200512 13:57:06.978589 12 storage/engine/rocksdb.go:120        Options.rate_limit_delay_max_milliseconds: 100
I200512 13:57:06.978591 12 storage/engine/rocksdb.go:120                 Options.disable_auto_compactions: 0
I200512 13:57:06.978595 12 storage/engine/rocksdb.go:120                         Options.compaction_style: kCompactionStyleLevel
I200512 13:57:06.978598 12 storage/engine/rocksdb.go:120                           Options.compaction_pri: kMinOverlappingRatio
I200512 13:57:06.978600 12 storage/engine/rocksdb.go:120  Options.compaction_options_universal.size_ratio: 1
I200512 13:57:06.978603 12 storage/engine/rocksdb.go:120  Options.compaction_options_universal.min_merge_width: 2
I200512 13:57:06.978605 12 storage/engine/rocksdb.go:120  Options.compaction_options_universal.max_merge_width: 4294967295
I200512 13:57:06.978608 12 storage/engine/rocksdb.go:120  Options.compaction_options_universal.max_size_amplification_percent: 200
I200512 13:57:06.978610 12 storage/engine/rocksdb.go:120  Options.compaction_options_universal.compression_size_percent: -1
I200512 13:57:06.978613 12 storage/engine/rocksdb.go:120  Options.compaction_options_universal.stop_style: kCompactionStopStyleTotalSize
I200512 13:57:06.978616 12 storage/engine/rocksdb.go:120  Options.compaction_options_fifo.max_table_files_size: 1073741824
I200512 13:57:06.978619 12 storage/engine/rocksdb.go:120  Options.compaction_options_fifo.allow_compaction: 0
I200512 13:57:06.978624 12 storage/engine/rocksdb.go:120                    Options.table_properties_collectors: TimeBoundTblPropCollectorFactory; DeleteRangeTblPropCollectorFactory; 
I200512 13:57:06.978627 12 storage/engine/rocksdb.go:120                    Options.inplace_update_support: 0
I200512 13:57:06.978630 12 storage/engine/rocksdb.go:120                  Options.inplace_update_num_locks: 10000
I200512 13:57:06.978632 12 storage/engine/rocksdb.go:120                Options.memtable_prefix_bloom_size_ratio: 0.000000
I200512 13:57:06.978635 12 storage/engine/rocksdb.go:120                Options.memtable_whole_key_filtering: 0
I200512 13:57:06.978637 12 storage/engine/rocksdb.go:120    Options.memtable_huge_page_size: 0
I200512 13:57:06.978640 12 storage/engine/rocksdb.go:120                            Options.bloom_locality: 0
I200512 13:57:06.978642 12 storage/engine/rocksdb.go:120                     Options.max_successive_merges: 0
I200512 13:57:06.978645 12 storage/engine/rocksdb.go:120                 Options.optimize_filters_for_hits: 1
I200512 13:57:06.978647 12 storage/engine/rocksdb.go:120                 Options.paranoid_file_checks: 0
I200512 13:57:06.978650 12 storage/engine/rocksdb.go:120                 Options.force_consistency_checks: 0
I200512 13:57:06.978652 12 storage/engine/rocksdb.go:120                 Options.report_bg_io_stats: 0
I200512 13:57:06.978655 12 storage/engine/rocksdb.go:120                                Options.ttl: 0
I200512 13:57:06.978658 12 storage/engine/rocksdb.go:120           Options.periodic_compaction_seconds: 0
I200512 13:57:06.979549 12 storage/engine/rocksdb.go:120  [db/version_set.cc:4286] Recovered from manifest file:/var/lib/cockroach/cockroach-temp874222789/MANIFEST-000001 succeeded,manifest_file_number is 1, next_file_number is 3, last_sequence is 0, log_number is 0,prev_log_number is 0,max_column_family is 0,min_log_number_to_keep is 0
I200512 13:57:06.979554 12 storage/engine/rocksdb.go:120  [db/version_set.cc:4295] Column family [default] (ID 0), log number is 0
I200512 13:57:06.997971 12 storage/engine/rocksdb.go:120  DB pointer 0x7fc3998a4000
I200512 13:57:07.015899 12 storage/engine/rocksdb.go:120  RocksDB version: 6.2.1
I200512 13:57:07.015909 12 storage/engine/rocksdb.go:120  Git sha rocksdb_build_git_sha:@b7009236531fa784872f4823eabf393501e41bf2@
I200512 13:57:07.015912 12 storage/engine/rocksdb.go:120  Compile date Mar 16 2020
I200512 13:57:07.015915 12 storage/engine/rocksdb.go:120  DB SUMMARY
I200512 13:57:07.017020 12 storage/engine/rocksdb.go:120  CURRENT file:  CURRENT
I200512 13:57:07.017026 12 storage/engine/rocksdb.go:120  IDENTITY file:  IDENTITY
I200512 13:57:07.017431 12 storage/engine/rocksdb.go:120  MANIFEST file:  MANIFEST-000122 size: 601 Bytes
I200512 13:57:07.017436 12 storage/engine/rocksdb.go:120  SST files in /var/lib/cockroach dir, Total Num: 2, files: 000126.sst 000127.sst 
I200512 13:57:07.017478 12 storage/engine/rocksdb.go:120  Write Ahead Log file in /var/lib/cockroach: 000123.log size: 229828 ; 
I200512 13:57:07.017488 12 storage/engine/rocksdb.go:120                          Options.error_if_exists: 0
I200512 13:57:07.017491 12 storage/engine/rocksdb.go:120                        Options.create_if_missing: 1
I200512 13:57:07.017494 12 storage/engine/rocksdb.go:120                          Options.paranoid_checks: 1
I200512 13:57:07.017496 12 storage/engine/rocksdb.go:120                                      Options.env: 0x75757a0
I200512 13:57:07.017499 12 storage/engine/rocksdb.go:120                                 Options.info_log: 0x7fc399827260
I200512 13:57:07.017502 12 storage/engine/rocksdb.go:120                 Options.max_file_opening_threads: 16
I200512 13:57:07.017504 12 storage/engine/rocksdb.go:120                               Options.statistics: 0x7fc399834080
I200512 13:57:07.017507 12 storage/engine/rocksdb.go:120                                Options.use_fsync: 0
I200512 13:57:07.017510 12 storage/engine/rocksdb.go:120                        Options.max_log_file_size: 0
I200512 13:57:07.017513 12 storage/engine/rocksdb.go:120                   Options.max_manifest_file_size: 134217728
I200512 13:57:07.017516 12 storage/engine/rocksdb.go:120                    Options.log_file_time_to_roll: 0
I200512 13:57:07.017520 12 storage/engine/rocksdb.go:120                        Options.keep_log_file_num: 1000
I200512 13:57:07.017523 12 storage/engine/rocksdb.go:120                     Options.recycle_log_file_num: 1
I200512 13:57:07.017527 12 storage/engine/rocksdb.go:120                          Options.allow_fallocate: 1
I200512 13:57:07.017530 12 storage/engine/rocksdb.go:120                         Options.allow_mmap_reads: 0
I200512 13:57:07.017534 12 storage/engine/rocksdb.go:120                        Options.allow_mmap_writes: 0
I200512 13:57:07.017537 12 storage/engine/rocksdb.go:120                         Options.use_direct_reads: 0
I200512 13:57:07.017540 12 storage/engine/rocksdb.go:120                         Options.use_direct_io_for_flush_and_compaction: 0
I200512 13:57:07.017544 12 storage/engine/rocksdb.go:120           Options.create_missing_column_families: 0
I200512 13:57:07.017547 12 storage/engine/rocksdb.go:120                               Options.db_log_dir: 
I200512 13:57:07.017551 12 storage/engine/rocksdb.go:120                                  Options.wal_dir: /var/lib/cockroach
I200512 13:57:07.017554 12 storage/engine/rocksdb.go:120                 Options.table_cache_numshardbits: 6
I200512 13:57:07.017558 12 storage/engine/rocksdb.go:120                       Options.max_subcompactions: 1
I200512 13:57:07.017561 12 storage/engine/rocksdb.go:120                   Options.max_background_flushes: -1
I200512 13:57:07.017565 12 storage/engine/rocksdb.go:120                          Options.WAL_ttl_seconds: 0
I200512 13:57:07.017569 12 storage/engine/rocksdb.go:120                        Options.WAL_size_limit_MB: 0
I200512 13:57:07.017572 12 storage/engine/rocksdb.go:120              Options.manifest_preallocation_size: 4194304
I200512 13:57:07.017576 12 storage/engine/rocksdb.go:120                      Options.is_fd_close_on_exec: 1
I200512 13:57:07.017578 12 storage/engine/rocksdb.go:120                    Options.advise_random_on_open: 1
I200512 13:57:07.017581 12 storage/engine/rocksdb.go:120                     Options.db_write_buffer_size: 0
I200512 13:57:07.017584 12 storage/engine/rocksdb.go:120                     Options.write_buffer_manager: 0x7fc399819090
I200512 13:57:07.017586 12 storage/engine/rocksdb.go:120          Options.access_hint_on_compaction_start: 1
I200512 13:57:07.017589 12 storage/engine/rocksdb.go:120   Options.new_table_reader_for_compaction_inputs: 0
I200512 13:57:07.017591 12 storage/engine/rocksdb.go:120            Options.random_access_max_buffer_size: 1048576
I200512 13:57:07.017594 12 storage/engine/rocksdb.go:120                       Options.use_adaptive_mutex: 0
I200512 13:57:07.017598 12 storage/engine/rocksdb.go:120                             Options.rate_limiter: (nil)
I200512 13:57:07.017601 12 storage/engine/rocksdb.go:120      Options.sst_file_manager.rate_bytes_per_sec: 0
I200512 13:57:07.017603 12 storage/engine/rocksdb.go:120                        Options.wal_recovery_mode: 0
I200512 13:57:07.017606 12 storage/engine/rocksdb.go:120                   Options.enable_thread_tracking: 0
I200512 13:57:07.017608 12 storage/engine/rocksdb.go:120                   Options.enable_pipelined_write: 0
I200512 13:57:07.017611 12 storage/engine/rocksdb.go:120          Options.allow_concurrent_memtable_write: 1
I200512 13:57:07.017613 12 storage/engine/rocksdb.go:120       Options.enable_write_thread_adaptive_yield: 1
I200512 13:57:07.017616 12 storage/engine/rocksdb.go:120              Options.write_thread_max_yield_usec: 100
I200512 13:57:07.017619 12 storage/engine/rocksdb.go:120             Options.write_thread_slow_yield_usec: 3
I200512 13:57:07.017621 12 storage/engine/rocksdb.go:120                                Options.row_cache: None
I200512 13:57:07.017624 12 storage/engine/rocksdb.go:120                               Options.wal_filter: None
I200512 13:57:07.017627 12 storage/engine/rocksdb.go:120              Options.avoid_flush_during_recovery: 0
I200512 13:57:07.017630 12 storage/engine/rocksdb.go:120              Options.allow_ingest_behind: 0
I200512 13:57:07.017632 12 storage/engine/rocksdb.go:120              Options.preserve_deletes: 0
I200512 13:57:07.017636 12 storage/engine/rocksdb.go:120              Options.two_write_queues: 0
I200512 13:57:07.017639 12 storage/engine/rocksdb.go:120              Options.manual_wal_flush: 1
I200512 13:57:07.017642 12 storage/engine/rocksdb.go:120              Options.atomic_flush: 0
I200512 13:57:07.017644 12 storage/engine/rocksdb.go:120              Options.avoid_unnecessary_blocking_io: 0
I200512 13:57:07.017646 12 storage/engine/rocksdb.go:120              Options.max_background_jobs: 2
I200512 13:57:07.017650 12 storage/engine/rocksdb.go:120              Options.max_background_compactions: -1
I200512 13:57:07.017652 12 storage/engine/rocksdb.go:120              Options.avoid_flush_during_shutdown: 0
I200512 13:57:07.017655 12 storage/engine/rocksdb.go:120            Options.writable_file_max_buffer_size: 1048576
I200512 13:57:07.017657 12 storage/engine/rocksdb.go:120              Options.delayed_write_rate : 16777216
I200512 13:57:07.017660 12 storage/engine/rocksdb.go:120              Options.max_total_wal_size: 0
I200512 13:57:07.017662 12 storage/engine/rocksdb.go:120              Options.delete_obsolete_files_period_micros: 21600000000
I200512 13:57:07.017665 12 storage/engine/rocksdb.go:120                    Options.stats_dump_period_sec: 0
I200512 13:57:07.017668 12 storage/engine/rocksdb.go:120                  Options.stats_persist_period_sec: 600
I200512 13:57:07.017670 12 storage/engine/rocksdb.go:120                  Options.stats_history_buffer_size: 1048576
I200512 13:57:07.017673 12 storage/engine/rocksdb.go:120                           Options.max_open_files: 1043576
I200512 13:57:07.017675 12 storage/engine/rocksdb.go:120                           Options.bytes_per_sync: 524288
I200512 13:57:07.017678 12 storage/engine/rocksdb.go:120                       Options.wal_bytes_per_sync: 0
I200512 13:57:07.017680 12 storage/engine/rocksdb.go:120                    Options.strict_bytes_per_sync: 1
I200512 13:57:07.017683 12 storage/engine/rocksdb.go:120        Options.compaction_readahead_size: 0
I200512 13:57:07.017686 12 storage/engine/rocksdb.go:120  Compression algorithms supported:
I200512 13:57:07.017689 12 storage/engine/rocksdb.go:120  	kZSTDNotFinalCompression supported: 0
I200512 13:57:07.017692 12 storage/engine/rocksdb.go:120  	kZSTD supported: 0
I200512 13:57:07.017694 12 storage/engine/rocksdb.go:120  	kXpressCompression supported: 0
I200512 13:57:07.017697 12 storage/engine/rocksdb.go:120  	kLZ4HCCompression supported: 0
I200512 13:57:07.017699 12 storage/engine/rocksdb.go:120  	kLZ4Compression supported: 0
I200512 13:57:07.017702 12 storage/engine/rocksdb.go:120  	kBZip2Compression supported: 0
I200512 13:57:07.017705 12 storage/engine/rocksdb.go:120  	kZlibCompression supported: 0
I200512 13:57:07.017707 12 storage/engine/rocksdb.go:120  	kSnappyCompression supported: 1
I200512 13:57:07.017713 12 storage/engine/rocksdb.go:120  Fast CRC32 supported: Supported on x86
I200512 13:57:07.019978 12 storage/engine/rocksdb.go:120  [db/version_set.cc:4072] Recovering from manifest file: /var/lib/cockroach/MANIFEST-000122
I200512 13:57:07.020455 12 storage/engine/rocksdb.go:120  [db/column_family.cc:488] --------------- Options for column family [default]:
I200512 13:57:07.020479 12 storage/engine/rocksdb.go:120                Options.comparator: cockroach_comparator
I200512 13:57:07.020485 12 storage/engine/rocksdb.go:120            Options.merge_operator: cockroach_merge_operator
I200512 13:57:07.020488 12 storage/engine/rocksdb.go:120         Options.compaction_filter: None
I200512 13:57:07.020491 12 storage/engine/rocksdb.go:120         Options.compaction_filter_factory: None
I200512 13:57:07.020494 12 storage/engine/rocksdb.go:120          Options.memtable_factory: SkipListFactory
I200512 13:57:07.020497 12 storage/engine/rocksdb.go:120             Options.table_factory: BlockBasedTable
I200512 13:57:07.020519 12 storage/engine/rocksdb.go:120             table_factory options:   flush_block_policy_factory: FlushBlockBySizePolicyFactory (0x7fc399828090)
  cache_index_and_filter_blocks: 0
  cache_index_and_filter_blocks_with_high_priority: 0
  pin_l0_filter_and_index_blocks_in_cache: 0
  pin_top_level_index_and_filter: 1
  index_type: 0
  data_block_index_type: 0
  index_shortening: 1
  data_block_hash_table_util_ratio: 0.750000
  hash_index_allow_collision: 1
  checksum: 1
  no_block_cache: 0
  block_cache: 0x7fc3998bc210
  block_cache_name: LRUCache
  block_cache_options:
    capacity : 67108864
    num_shard_bits : 4
    strict_capacity_limit : 0
    memory_allocator : None
    high_pri_pool_ratio: 0.000
  block_cache_compressed: (nil)
  persistent_cache: (nil)
  block_size: 32768
  block_size_deviation: 10
  block_restart_interval: 16
  index_block_restart_interval: 1
  metadata_block_size: 4096
  partition_filters: 0
  use_delta_encoding: 1
  filter_policy: rocksdb.BuiltinBloomFilter
  whole_key_filtering: 0
  verify_compression: 0
  read_amp_bytes_per_bit: 0
  format_version: 2
  enable_index_compression: 1
  block_align: 0
I200512 13:57:07.020524 12 storage/engine/rocksdb.go:120         Options.write_buffer_size: 67108864
I200512 13:57:07.020528 12 storage/engine/rocksdb.go:120   Options.max_write_buffer_number: 4
I200512 13:57:07.020531 12 storage/engine/rocksdb.go:120           Options.compression: Snappy
I200512 13:57:07.020534 12 storage/engine/rocksdb.go:120                   Options.bottommost_compression: Disabled
I200512 13:57:07.020537 12 storage/engine/rocksdb.go:120        Options.prefix_extractor: cockroach_prefix_extractor
I200512 13:57:07.020539 12 storage/engine/rocksdb.go:120    Options.memtable_insert_with_hint_prefix_extractor: nullptr
I200512 13:57:07.020542 12 storage/engine/rocksdb.go:120              Options.num_levels: 7
I200512 13:57:07.020544 12 storage/engine/rocksdb.go:120         Options.min_write_buffer_number_to_merge: 1
I200512 13:57:07.020547 12 storage/engine/rocksdb.go:120      Options.max_write_buffer_number_to_maintain: 0
I200512 13:57:07.020550 12 storage/engine/rocksdb.go:120             Options.bottommost_compression_opts.window_bits: -14
I200512 13:57:07.020552 12 storage/engine/rocksdb.go:120                   Options.bottommost_compression_opts.level: 32767
I200512 13:57:07.020555 12 storage/engine/rocksdb.go:120                Options.bottommost_compression_opts.strategy: 0
I200512 13:57:07.020557 12 storage/engine/rocksdb.go:120          Options.bottommost_compression_opts.max_dict_bytes: 0
I200512 13:57:07.020560 12 storage/engine/rocksdb.go:120          Options.bottommost_compression_opts.zstd_max_train_bytes: 0
I200512 13:57:07.020563 12 storage/engine/rocksdb.go:120                   Options.bottommost_compression_opts.enabled: false
I200512 13:57:07.020565 12 storage/engine/rocksdb.go:120             Options.compression_opts.window_bits: -14
I200512 13:57:07.020568 12 storage/engine/rocksdb.go:120                   Options.compression_opts.level: 32767
I200512 13:57:07.020571 12 storage/engine/rocksdb.go:120                Options.compression_opts.strategy: 0
I200512 13:57:07.020573 12 storage/engine/rocksdb.go:120          Options.compression_opts.max_dict_bytes: 0
I200512 13:57:07.020576 12 storage/engine/rocksdb.go:120          Options.compression_opts.zstd_max_train_bytes: 0
I200512 13:57:07.020578 12 storage/engine/rocksdb.go:120                   Options.compression_opts.enabled: false
I200512 13:57:07.020581 12 storage/engine/rocksdb.go:120       Options.level0_file_num_compaction_trigger: 2
I200512 13:57:07.020584 12 storage/engine/rocksdb.go:120           Options.level0_slowdown_writes_trigger: 950
I200512 13:57:07.020586 12 storage/engine/rocksdb.go:120               Options.level0_stop_writes_trigger: 1000
I200512 13:57:07.020589 12 storage/engine/rocksdb.go:120                    Options.target_file_size_base: 4194304
I200512 13:57:07.020591 12 storage/engine/rocksdb.go:120              Options.target_file_size_multiplier: 2
I200512 13:57:07.020594 12 storage/engine/rocksdb.go:120                 Options.max_bytes_for_level_base: 67108864
I200512 13:57:07.020597 12 storage/engine/rocksdb.go:120  Options.level_compaction_dynamic_level_bytes: 1
I200512 13:57:07.020600 12 storage/engine/rocksdb.go:120           Options.max_bytes_for_level_multiplier: 10.000000
I200512 13:57:07.020602 12 storage/engine/rocksdb.go:120  Options.max_bytes_for_level_multiplier_addtl[0]: 1
I200512 13:57:07.020605 12 storage/engine/rocksdb.go:120  Options.max_bytes_for_level_multiplier_addtl[1]: 1
I200512 13:57:07.020608 12 storage/engine/rocksdb.go:120  Options.max_bytes_for_level_multiplier_addtl[2]: 1
I200512 13:57:07.020670 12 storage/engine/rocksdb.go:120  Options.max_bytes_for_level_multiplier_addtl[3]: 1
I200512 13:57:07.020676 12 storage/engine/rocksdb.go:120  Options.max_bytes_for_level_multiplier_addtl[4]: 1
I200512 13:57:07.020679 12 storage/engine/rocksdb.go:120  Options.max_bytes_for_level_multiplier_addtl[5]: 1
I200512 13:57:07.020681 12 storage/engine/rocksdb.go:120  Options.max_bytes_for_level_multiplier_addtl[6]: 1
I200512 13:57:07.020684 12 storage/engine/rocksdb.go:120        Options.max_sequential_skip_in_iterations: 8
I200512 13:57:07.020687 12 storage/engine/rocksdb.go:120                     Options.max_compaction_bytes: 104857600
I200512 13:57:07.020689 12 storage/engine/rocksdb.go:120                         Options.arena_block_size: 8388608
I200512 13:57:07.020692 12 storage/engine/rocksdb.go:120    Options.soft_pending_compaction_bytes_limit: 2199023255552
I200512 13:57:07.020694 12 storage/engine/rocksdb.go:120    Options.hard_pending_compaction_bytes_limit: 4400193994752
I200512 13:57:07.020697 12 storage/engine/rocksdb.go:120        Options.rate_limit_delay_max_milliseconds: 100
I200512 13:57:07.020700 12 storage/engine/rocksdb.go:120                 Options.disable_auto_compactions: 0
I200512 13:57:07.020703 12 storage/engine/rocksdb.go:120                         Options.compaction_style: kCompactionStyleLevel
I200512 13:57:07.020706 12 storage/engine/rocksdb.go:120                           Options.compaction_pri: kMinOverlappingRatio
I200512 13:57:07.020709 12 storage/engine/rocksdb.go:120  Options.compaction_options_universal.size_ratio: 1
I200512 13:57:07.020712 12 storage/engine/rocksdb.go:120  Options.compaction_options_universal.min_merge_width: 2
I200512 13:57:07.020715 12 storage/engine/rocksdb.go:120  Options.compaction_options_universal.max_merge_width: 4294967295
I200512 13:57:07.020718 12 storage/engine/rocksdb.go:120  Options.compaction_options_universal.max_size_amplification_percent: 200
I200512 13:57:07.020720 12 storage/engine/rocksdb.go:120  Options.compaction_options_universal.compression_size_percent: -1
I200512 13:57:07.020723 12 storage/engine/rocksdb.go:120  Options.compaction_options_universal.stop_style: kCompactionStopStyleTotalSize
I200512 13:57:07.020726 12 storage/engine/rocksdb.go:120  Options.compaction_options_fifo.max_table_files_size: 1073741824
I200512 13:57:07.020729 12 storage/engine/rocksdb.go:120  Options.compaction_options_fifo.allow_compaction: 0
I200512 13:57:07.020733 12 storage/engine/rocksdb.go:120                    Options.table_properties_collectors: TimeBoundTblPropCollectorFactory; DeleteRangeTblPropCollectorFactory; 
I200512 13:57:07.020736 12 storage/engine/rocksdb.go:120                    Options.inplace_update_support: 0
I200512 13:57:07.020739 12 storage/engine/rocksdb.go:120                  Options.inplace_update_num_locks: 10000
I200512 13:57:07.020743 12 storage/engine/rocksdb.go:120                Options.memtable_prefix_bloom_size_ratio: 0.000000
I200512 13:57:07.020745 12 storage/engine/rocksdb.go:120                Options.memtable_whole_key_filtering: 0
I200512 13:57:07.020748 12 storage/engine/rocksdb.go:120    Options.memtable_huge_page_size: 0
I200512 13:57:07.020750 12 storage/engine/rocksdb.go:120                            Options.bloom_locality: 0
I200512 13:57:07.020753 12 storage/engine/rocksdb.go:120                     Options.max_successive_merges: 0
I200512 13:57:07.020756 12 storage/engine/rocksdb.go:120                 Options.optimize_filters_for_hits: 1
I200512 13:57:07.020811 12 storage/engine/rocksdb.go:120                 Options.paranoid_file_checks: 0
I200512 13:57:07.020815 12 storage/engine/rocksdb.go:120                 Options.force_consistency_checks: 0
I200512 13:57:07.020817 12 storage/engine/rocksdb.go:120                 Options.report_bg_io_stats: 0
I200512 13:57:07.020820 12 storage/engine/rocksdb.go:120                                Options.ttl: 0
I200512 13:57:07.020823 12 storage/engine/rocksdb.go:120           Options.periodic_compaction_seconds: 0
I200512 13:57:07.028086 12 storage/engine/rocksdb.go:120  [db/version_set.cc:3086] More existing levels in DB than needed. max_bytes_for_level_multiplier may not be guaranteed.
I200512 13:57:07.028102 12 storage/engine/rocksdb.go:120  [db/version_set.cc:4286] Recovered from manifest file:/var/lib/cockroach/MANIFEST-000122 succeeded,manifest_file_number is 122, next_file_number is 129, last_sequence is 4409015, log_number is 121,prev_log_number is 0,max_column_family is 0,min_log_number_to_keep is 0
I200512 13:57:07.028106 12 storage/engine/rocksdb.go:120  [db/version_set.cc:4295] Column family [default] (ID 0), log number is 121
I200512 13:57:07.029001 12 storage/engine/rocksdb.go:120  EVENT_LOG_v1 {"time_micros": 1589291827028969, "job": 1, "event": "recovery_started", "log_files": [123]}
I200512 13:57:07.029013 12 storage/engine/rocksdb.go:120  [db/db_impl_open.cc:598] Recovering log #123 mode 0
I200512 13:57:07.047895 12 storage/engine/rocksdb.go:120  EVENT_LOG_v1 {"time_micros": 1589291827047798, "cf_name": "default", "job": 1, "event": "table_file_creation", "file_number": 129, "file_size": 44645, "table_properties": {"data_size": 42477, "index_size": 249, "index_partitions": 0, "top_level_index_size": 0, "index_key_is_user_key": 0, "index_value_is_delta_encoded": 0, "filter_size": 965, "raw_key_size": 40192, "raw_average_key_size": 51, "raw_value_size": 183281, "raw_average_value_size": 237, "num_data_blocks": 5, "num_entries": 773, "num_deletions": 12, "num_merge_operands": 664, "num_range_deletions": 664, "format_version": 0, "fixed_key_len": 0, "filter_policy": "rocksdb.BuiltinBloomFilter", "column_family_name": "default", "column_family_id": 0, "comparator": "cockroach_comparator", "merge_operator": "cockroach_merge_operator", "prefix_extractor_name": "cockroach_prefix_extractor", "property_collectors": "[TimeBoundTblPropCollectorFactory,DeleteRangeTblPropCollectorFactory]", "compression": "Snappy", "compression_options": "window_bits=-14; level=32767; strategy=0; max_dict_bytes=0; zstd_max_train_bytes=0; enabled=0; ", "creation_time": 1589291827, "oldest_key_time": 3, "file_creation_time": 0}}
I200512 13:57:07.048039 12 storage/engine/rocksdb.go:120  [db/version_set.cc:3560] Creating manifest 130
I200512 13:57:07.050214 12 storage/engine/rocksdb.go:120  [db/version_set.cc:3086] More existing levels in DB than needed. max_bytes_for_level_multiplier may not be guaranteed.
I200512 13:57:07.056934 12 storage/engine/rocksdb.go:120  EVENT_LOG_v1 {"time_micros": 1589291827056919, "job": 1, "event": "recovery_finished"}
I200512 13:57:07.079141 12 storage/engine/rocksdb.go:120  DB pointer 0x7fc399934000
I200512 13:57:19.327643 438 storage/engine/rocksdb.go:120  bloom filter utility:    -nan%
I200512 13:57:19.327877 438 storage/engine/rocksdb.go:120  [db/db_impl.cc:392] Shutdown: canceling all background work
I200512 13:57:19.328466 438 storage/engine/rocksdb.go:120  [db/db_impl.cc:565] Shutdown complete
I200512 13:57:19.338628 438 storage/engine/rocksdb.go:120  bloom filter utility:    76.2%
I200512 13:57:19.338897 438 storage/engine/rocksdb.go:120  [db/db_impl.cc:392] Shutdown: canceling all background work
I200512 13:57:19.346089 438 storage/engine/rocksdb.go:120  [db/db_impl.cc:565] Shutdown complete
