I200514 20:14:00.731564 13 util/log/clog.go:1196  [config] file created at: 2020/05/14 20:14:00
I200514 20:14:00.731564 13 util/log/clog.go:1196  [config] running on machine: 39869e5c7b68
I200514 20:14:00.731564 13 util/log/clog.go:1196  [config] binary: CockroachDB CCL v19.2.5 (x86_64-unknown-linux-gnu, built 2020/03/16 18:27:12, go1.12.12)
I200514 20:14:00.731564 13 util/log/clog.go:1196  [config] arguments: [/cockroach/cockroach start --insecure --store=attrs=ssd,path=/var/lib/cockroach/]
I200514 20:14:00.731564 13 util/log/clog.go:1196  line format: [IWEF]yymmdd hh:mm:ss.uuuuuu goid file:line msg utf8=✓
I200514 20:14:00.731563 13 storage/engine/rocksdb.go:120  RocksDB version: 6.2.1
I200514 20:14:00.738228 13 storage/engine/rocksdb.go:120  Git sha rocksdb_build_git_sha:@b7009236531fa784872f4823eabf393501e41bf2@
I200514 20:14:00.738233 13 storage/engine/rocksdb.go:120  Compile date Mar 16 2020
I200514 20:14:00.738237 13 storage/engine/rocksdb.go:120  DB SUMMARY
I200514 20:14:00.738604 13 storage/engine/rocksdb.go:120  SST files in /var/lib/cockroach/cockroach-temp153456200 dir, Total Num: 0, files: 
I200514 20:14:00.738610 13 storage/engine/rocksdb.go:120  Write Ahead Log file in /var/lib/cockroach/cockroach-temp153456200: 
I200514 20:14:00.738631 13 storage/engine/rocksdb.go:120                          Options.error_if_exists: 0
I200514 20:14:00.738636 13 storage/engine/rocksdb.go:120                        Options.create_if_missing: 1
I200514 20:14:00.738640 13 storage/engine/rocksdb.go:120                          Options.paranoid_checks: 1
I200514 20:14:00.738644 13 storage/engine/rocksdb.go:120                                      Options.env: 0x75757a0
I200514 20:14:00.738648 13 storage/engine/rocksdb.go:120                                 Options.info_log: 0x7fe45c287f60
I200514 20:14:00.738653 13 storage/engine/rocksdb.go:120                 Options.max_file_opening_threads: 16
I200514 20:14:00.738657 13 storage/engine/rocksdb.go:120                               Options.statistics: 0x7fe45c21d8d0
I200514 20:14:00.738660 13 storage/engine/rocksdb.go:120                                Options.use_fsync: 0
I200514 20:14:00.738664 13 storage/engine/rocksdb.go:120                        Options.max_log_file_size: 0
I200514 20:14:00.738668 13 storage/engine/rocksdb.go:120                   Options.max_manifest_file_size: 134217728
I200514 20:14:00.738672 13 storage/engine/rocksdb.go:120                    Options.log_file_time_to_roll: 0
I200514 20:14:00.738676 13 storage/engine/rocksdb.go:120                        Options.keep_log_file_num: 1000
I200514 20:14:00.738679 13 storage/engine/rocksdb.go:120                     Options.recycle_log_file_num: 1
I200514 20:14:00.738683 13 storage/engine/rocksdb.go:120                          Options.allow_fallocate: 1
I200514 20:14:00.738701 13 storage/engine/rocksdb.go:120                         Options.allow_mmap_reads: 0
I200514 20:14:00.738709 13 storage/engine/rocksdb.go:120                        Options.allow_mmap_writes: 0
I200514 20:14:00.738713 13 storage/engine/rocksdb.go:120                         Options.use_direct_reads: 0
I200514 20:14:00.738716 13 storage/engine/rocksdb.go:120                         Options.use_direct_io_for_flush_and_compaction: 0
I200514 20:14:00.738721 13 storage/engine/rocksdb.go:120           Options.create_missing_column_families: 0
I200514 20:14:00.738725 13 storage/engine/rocksdb.go:120                               Options.db_log_dir: 
I200514 20:14:00.738729 13 storage/engine/rocksdb.go:120                                  Options.wal_dir: /var/lib/cockroach/cockroach-temp153456200
I200514 20:14:00.738733 13 storage/engine/rocksdb.go:120                 Options.table_cache_numshardbits: 6
I200514 20:14:00.738737 13 storage/engine/rocksdb.go:120                       Options.max_subcompactions: 1
I200514 20:14:00.738740 13 storage/engine/rocksdb.go:120                   Options.max_background_flushes: -1
I200514 20:14:00.738744 13 storage/engine/rocksdb.go:120                          Options.WAL_ttl_seconds: 0
I200514 20:14:00.738748 13 storage/engine/rocksdb.go:120                        Options.WAL_size_limit_MB: 0
I200514 20:14:00.738752 13 storage/engine/rocksdb.go:120              Options.manifest_preallocation_size: 4194304
I200514 20:14:00.738756 13 storage/engine/rocksdb.go:120                      Options.is_fd_close_on_exec: 1
I200514 20:14:00.738760 13 storage/engine/rocksdb.go:120                    Options.advise_random_on_open: 1
I200514 20:14:00.738763 13 storage/engine/rocksdb.go:120                     Options.db_write_buffer_size: 0
I200514 20:14:00.738767 13 storage/engine/rocksdb.go:120                     Options.write_buffer_manager: 0x7fe45c260d70
I200514 20:14:00.738775 13 storage/engine/rocksdb.go:120          Options.access_hint_on_compaction_start: 1
I200514 20:14:00.738778 13 storage/engine/rocksdb.go:120   Options.new_table_reader_for_compaction_inputs: 0
I200514 20:14:00.738782 13 storage/engine/rocksdb.go:120            Options.random_access_max_buffer_size: 1048576
I200514 20:14:00.738785 13 storage/engine/rocksdb.go:120                       Options.use_adaptive_mutex: 0
I200514 20:14:00.738789 13 storage/engine/rocksdb.go:120                             Options.rate_limiter: (nil)
I200514 20:14:00.738793 13 storage/engine/rocksdb.go:120      Options.sst_file_manager.rate_bytes_per_sec: 0
I200514 20:14:00.738797 13 storage/engine/rocksdb.go:120                        Options.wal_recovery_mode: 0
I200514 20:14:00.738801 13 storage/engine/rocksdb.go:120                   Options.enable_thread_tracking: 0
I200514 20:14:00.738804 13 storage/engine/rocksdb.go:120                   Options.enable_pipelined_write: 0
I200514 20:14:00.738808 13 storage/engine/rocksdb.go:120          Options.allow_concurrent_memtable_write: 1
I200514 20:14:00.738811 13 storage/engine/rocksdb.go:120       Options.enable_write_thread_adaptive_yield: 1
I200514 20:14:00.738815 13 storage/engine/rocksdb.go:120              Options.write_thread_max_yield_usec: 100
I200514 20:14:00.738827 13 storage/engine/rocksdb.go:120             Options.write_thread_slow_yield_usec: 3
I200514 20:14:00.738830 13 storage/engine/rocksdb.go:120                                Options.row_cache: None
I200514 20:14:00.738834 13 storage/engine/rocksdb.go:120                               Options.wal_filter: None
I200514 20:14:00.738838 13 storage/engine/rocksdb.go:120              Options.avoid_flush_during_recovery: 0
I200514 20:14:00.738841 13 storage/engine/rocksdb.go:120              Options.allow_ingest_behind: 0
I200514 20:14:00.738845 13 storage/engine/rocksdb.go:120              Options.preserve_deletes: 0
I200514 20:14:00.738848 13 storage/engine/rocksdb.go:120              Options.two_write_queues: 0
I200514 20:14:00.738852 13 storage/engine/rocksdb.go:120              Options.manual_wal_flush: 1
I200514 20:14:00.738855 13 storage/engine/rocksdb.go:120              Options.atomic_flush: 0
I200514 20:14:00.738859 13 storage/engine/rocksdb.go:120              Options.avoid_unnecessary_blocking_io: 0
I200514 20:14:00.738862 13 storage/engine/rocksdb.go:120              Options.max_background_jobs: 2
I200514 20:14:00.738866 13 storage/engine/rocksdb.go:120              Options.max_background_compactions: -1
I200514 20:14:00.738869 13 storage/engine/rocksdb.go:120              Options.avoid_flush_during_shutdown: 0
I200514 20:14:00.738872 13 storage/engine/rocksdb.go:120            Options.writable_file_max_buffer_size: 1048576
I200514 20:14:00.738876 13 storage/engine/rocksdb.go:120              Options.delayed_write_rate : 16777216
I200514 20:14:00.738879 13 storage/engine/rocksdb.go:120              Options.max_total_wal_size: 0
I200514 20:14:00.738883 13 storage/engine/rocksdb.go:120              Options.delete_obsolete_files_period_micros: 21600000000
I200514 20:14:00.738886 13 storage/engine/rocksdb.go:120                    Options.stats_dump_period_sec: 0
I200514 20:14:00.738890 13 storage/engine/rocksdb.go:120                  Options.stats_persist_period_sec: 600
I200514 20:14:00.738893 13 storage/engine/rocksdb.go:120                  Options.stats_history_buffer_size: 1048576
I200514 20:14:00.738897 13 storage/engine/rocksdb.go:120                           Options.max_open_files: 128
I200514 20:14:00.738901 13 storage/engine/rocksdb.go:120                           Options.bytes_per_sync: 524288
I200514 20:14:00.738904 13 storage/engine/rocksdb.go:120                       Options.wal_bytes_per_sync: 0
I200514 20:14:00.738908 13 storage/engine/rocksdb.go:120                    Options.strict_bytes_per_sync: 1
I200514 20:14:00.738912 13 storage/engine/rocksdb.go:120        Options.compaction_readahead_size: 0
I200514 20:14:00.738915 13 storage/engine/rocksdb.go:120  Compression algorithms supported:
I200514 20:14:00.738926 13 storage/engine/rocksdb.go:120  	kZSTDNotFinalCompression supported: 0
I200514 20:14:00.738930 13 storage/engine/rocksdb.go:120  	kZSTD supported: 0
I200514 20:14:00.738934 13 storage/engine/rocksdb.go:120  	kXpressCompression supported: 0
I200514 20:14:00.738938 13 storage/engine/rocksdb.go:120  	kLZ4HCCompression supported: 0
I200514 20:14:00.738942 13 storage/engine/rocksdb.go:120  	kLZ4Compression supported: 0
I200514 20:14:00.738946 13 storage/engine/rocksdb.go:120  	kBZip2Compression supported: 0
I200514 20:14:00.738950 13 storage/engine/rocksdb.go:120  	kZlibCompression supported: 0
I200514 20:14:00.738953 13 storage/engine/rocksdb.go:120  	kSnappyCompression supported: 1
I200514 20:14:00.738962 13 storage/engine/rocksdb.go:120  Fast CRC32 supported: Supported on x86
I200514 20:14:00.740507 13 storage/engine/rocksdb.go:120  [db/db_impl_open.cc:242] Creating manifest 1 
I200514 20:14:01.024679 13 storage/engine/rocksdb.go:120  [db/version_set.cc:4072] Recovering from manifest file: /var/lib/cockroach/cockroach-temp153456200/MANIFEST-000001
I200514 20:14:01.026103 13 storage/engine/rocksdb.go:120  [db/column_family.cc:488] --------------- Options for column family [default]:
I200514 20:14:01.026109 13 storage/engine/rocksdb.go:120                Options.comparator: cockroach_comparator
I200514 20:14:01.026112 13 storage/engine/rocksdb.go:120            Options.merge_operator: cockroach_merge_operator
I200514 20:14:01.026115 13 storage/engine/rocksdb.go:120         Options.compaction_filter: None
I200514 20:14:01.026118 13 storage/engine/rocksdb.go:120         Options.compaction_filter_factory: None
I200514 20:14:01.026120 13 storage/engine/rocksdb.go:120          Options.memtable_factory: SkipListFactory
I200514 20:14:01.026123 13 storage/engine/rocksdb.go:120             Options.table_factory: BlockBasedTable
I200514 20:14:01.026143 13 storage/engine/rocksdb.go:120             table_factory options:   flush_block_policy_factory: FlushBlockBySizePolicyFactory (0x7fe45c224040)
  cache_index_and_filter_blocks: 0
  cache_index_and_filter_blocks_with_high_priority: 0
  pin_l0_filter_and_index_blocks_in_cache: 0
  pin_top_level_index_and_filter: 1
  index_type: 0
  data_block_index_type: 0
  index_shortening: 1
  data_block_hash_table_util_ratio: 0.750000
  hash_index_allow_collision: 1
  checksum: 1
  no_block_cache: 0
  block_cache: 0x7fe45c27a190
  block_cache_name: LRUCache
  block_cache_options:
    capacity : 1048576
    num_shard_bits : 4
    strict_capacity_limit : 0
    memory_allocator : None
    high_pri_pool_ratio: 0.000
  block_cache_compressed: (nil)
  persistent_cache: (nil)
  block_size: 32768
  block_size_deviation: 10
  block_restart_interval: 16
  index_block_restart_interval: 1
  metadata_block_size: 4096
  partition_filters: 0
  use_delta_encoding: 1
  filter_policy: rocksdb.BuiltinBloomFilter
  whole_key_filtering: 0
  verify_compression: 0
  read_amp_bytes_per_bit: 0
  format_version: 2
  enable_index_compression: 1
  block_align: 0
I200514 20:14:01.026148 13 storage/engine/rocksdb.go:120         Options.write_buffer_size: 67108864
I200514 20:14:01.026152 13 storage/engine/rocksdb.go:120   Options.max_write_buffer_number: 4
I200514 20:14:01.026155 13 storage/engine/rocksdb.go:120           Options.compression: Snappy
I200514 20:14:01.026158 13 storage/engine/rocksdb.go:120                   Options.bottommost_compression: Disabled
I200514 20:14:01.026160 13 storage/engine/rocksdb.go:120        Options.prefix_extractor: cockroach_prefix_extractor
I200514 20:14:01.026163 13 storage/engine/rocksdb.go:120    Options.memtable_insert_with_hint_prefix_extractor: nullptr
I200514 20:14:01.026166 13 storage/engine/rocksdb.go:120              Options.num_levels: 7
I200514 20:14:01.026168 13 storage/engine/rocksdb.go:120         Options.min_write_buffer_number_to_merge: 1
I200514 20:14:01.026171 13 storage/engine/rocksdb.go:120      Options.max_write_buffer_number_to_maintain: 0
I200514 20:14:01.026174 13 storage/engine/rocksdb.go:120             Options.bottommost_compression_opts.window_bits: -14
I200514 20:14:01.026179 13 storage/engine/rocksdb.go:120                   Options.bottommost_compression_opts.level: 32767
I200514 20:14:01.026181 13 storage/engine/rocksdb.go:120                Options.bottommost_compression_opts.strategy: 0
I200514 20:14:01.026184 13 storage/engine/rocksdb.go:120          Options.bottommost_compression_opts.max_dict_bytes: 0
I200514 20:14:01.026187 13 storage/engine/rocksdb.go:120          Options.bottommost_compression_opts.zstd_max_train_bytes: 0
I200514 20:14:01.026204 13 storage/engine/rocksdb.go:120                   Options.bottommost_compression_opts.enabled: false
I200514 20:14:01.026208 13 storage/engine/rocksdb.go:120             Options.compression_opts.window_bits: -14
I200514 20:14:01.026211 13 storage/engine/rocksdb.go:120                   Options.compression_opts.level: 32767
I200514 20:14:01.026213 13 storage/engine/rocksdb.go:120                Options.compression_opts.strategy: 0
I200514 20:14:01.026216 13 storage/engine/rocksdb.go:120          Options.compression_opts.max_dict_bytes: 0
I200514 20:14:01.026218 13 storage/engine/rocksdb.go:120          Options.compression_opts.zstd_max_train_bytes: 0
I200514 20:14:01.026221 13 storage/engine/rocksdb.go:120                   Options.compression_opts.enabled: false
I200514 20:14:01.026224 13 storage/engine/rocksdb.go:120       Options.level0_file_num_compaction_trigger: 2
I200514 20:14:01.026227 13 storage/engine/rocksdb.go:120           Options.level0_slowdown_writes_trigger: 950
I200514 20:14:01.026229 13 storage/engine/rocksdb.go:120               Options.level0_stop_writes_trigger: 1000
I200514 20:14:01.026232 13 storage/engine/rocksdb.go:120                    Options.target_file_size_base: 4194304
I200514 20:14:01.026234 13 storage/engine/rocksdb.go:120              Options.target_file_size_multiplier: 2
I200514 20:14:01.026237 13 storage/engine/rocksdb.go:120                 Options.max_bytes_for_level_base: 67108864
I200514 20:14:01.026239 13 storage/engine/rocksdb.go:120  Options.level_compaction_dynamic_level_bytes: 1
I200514 20:14:01.026243 13 storage/engine/rocksdb.go:120           Options.max_bytes_for_level_multiplier: 10.000000
I200514 20:14:01.026246 13 storage/engine/rocksdb.go:120  Options.max_bytes_for_level_multiplier_addtl[0]: 1
I200514 20:14:01.026249 13 storage/engine/rocksdb.go:120  Options.max_bytes_for_level_multiplier_addtl[1]: 1
I200514 20:14:01.026252 13 storage/engine/rocksdb.go:120  Options.max_bytes_for_level_multiplier_addtl[2]: 1
I200514 20:14:01.026254 13 storage/engine/rocksdb.go:120  Options.max_bytes_for_level_multiplier_addtl[3]: 1
I200514 20:14:01.026257 13 storage/engine/rocksdb.go:120  Options.max_bytes_for_level_multiplier_addtl[4]: 1
I200514 20:14:01.026260 13 storage/engine/rocksdb.go:120  Options.max_bytes_for_level_multiplier_addtl[5]: 1
I200514 20:14:01.026262 13 storage/engine/rocksdb.go:120  Options.max_bytes_for_level_multiplier_addtl[6]: 1
I200514 20:14:01.026269 13 storage/engine/rocksdb.go:120        Options.max_sequential_skip_in_iterations: 8
I200514 20:14:01.026272 13 storage/engine/rocksdb.go:120                     Options.max_compaction_bytes: 104857600
I200514 20:14:01.026275 13 storage/engine/rocksdb.go:120                         Options.arena_block_size: 8388608
I200514 20:14:01.026277 13 storage/engine/rocksdb.go:120    Options.soft_pending_compaction_bytes_limit: 2199023255552
I200514 20:14:01.026280 13 storage/engine/rocksdb.go:120    Options.hard_pending_compaction_bytes_limit: 4400193994752
I200514 20:14:01.026283 13 storage/engine/rocksdb.go:120        Options.rate_limit_delay_max_milliseconds: 100
I200514 20:14:01.026285 13 storage/engine/rocksdb.go:120                 Options.disable_auto_compactions: 0
I200514 20:14:01.026289 13 storage/engine/rocksdb.go:120                         Options.compaction_style: kCompactionStyleLevel
I200514 20:14:01.026292 13 storage/engine/rocksdb.go:120                           Options.compaction_pri: kMinOverlappingRatio
I200514 20:14:01.026295 13 storage/engine/rocksdb.go:120  Options.compaction_options_universal.size_ratio: 1
I200514 20:14:01.026302 13 storage/engine/rocksdb.go:120  Options.compaction_options_universal.min_merge_width: 2
I200514 20:14:01.026305 13 storage/engine/rocksdb.go:120  Options.compaction_options_universal.max_merge_width: 4294967295
I200514 20:14:01.026308 13 storage/engine/rocksdb.go:120  Options.compaction_options_universal.max_size_amplification_percent: 200
I200514 20:14:01.026312 13 storage/engine/rocksdb.go:120  Options.compaction_options_universal.compression_size_percent: -1
I200514 20:14:01.026315 13 storage/engine/rocksdb.go:120  Options.compaction_options_universal.stop_style: kCompactionStopStyleTotalSize
I200514 20:14:01.026318 13 storage/engine/rocksdb.go:120  Options.compaction_options_fifo.max_table_files_size: 1073741824
I200514 20:14:01.026321 13 storage/engine/rocksdb.go:120  Options.compaction_options_fifo.allow_compaction: 0
I200514 20:14:01.026325 13 storage/engine/rocksdb.go:120                    Options.table_properties_collectors: TimeBoundTblPropCollectorFactory; DeleteRangeTblPropCollectorFactory; 
I200514 20:14:01.026329 13 storage/engine/rocksdb.go:120                    Options.inplace_update_support: 0
I200514 20:14:01.026331 13 storage/engine/rocksdb.go:120                  Options.inplace_update_num_locks: 10000
I200514 20:14:01.026334 13 storage/engine/rocksdb.go:120                Options.memtable_prefix_bloom_size_ratio: 0.000000
I200514 20:14:01.026337 13 storage/engine/rocksdb.go:120                Options.memtable_whole_key_filtering: 0
I200514 20:14:01.026339 13 storage/engine/rocksdb.go:120    Options.memtable_huge_page_size: 0
I200514 20:14:01.026342 13 storage/engine/rocksdb.go:120                            Options.bloom_locality: 0
I200514 20:14:01.026344 13 storage/engine/rocksdb.go:120                     Options.max_successive_merges: 0
I200514 20:14:01.026347 13 storage/engine/rocksdb.go:120                 Options.optimize_filters_for_hits: 1
I200514 20:14:01.026349 13 storage/engine/rocksdb.go:120                 Options.paranoid_file_checks: 0
I200514 20:14:01.026352 13 storage/engine/rocksdb.go:120                 Options.force_consistency_checks: 0
I200514 20:14:01.026354 13 storage/engine/rocksdb.go:120                 Options.report_bg_io_stats: 0
I200514 20:14:01.026357 13 storage/engine/rocksdb.go:120                                Options.ttl: 0
I200514 20:14:01.026360 13 storage/engine/rocksdb.go:120           Options.periodic_compaction_seconds: 0
I200514 20:14:01.027450 13 storage/engine/rocksdb.go:120  [db/version_set.cc:4286] Recovered from manifest file:/var/lib/cockroach/cockroach-temp153456200/MANIFEST-000001 succeeded,manifest_file_number is 1, next_file_number is 3, last_sequence is 0, log_number is 0,prev_log_number is 0,max_column_family is 0,min_log_number_to_keep is 0
I200514 20:14:01.027457 13 storage/engine/rocksdb.go:120  [db/version_set.cc:4295] Column family [default] (ID 0), log number is 0
I200514 20:14:01.048048 13 storage/engine/rocksdb.go:120  DB pointer 0x7fe45c35f000
I200514 20:14:01.064536 13 storage/engine/rocksdb.go:120  RocksDB version: 6.2.1
I200514 20:14:01.064546 13 storage/engine/rocksdb.go:120  Git sha rocksdb_build_git_sha:@b7009236531fa784872f4823eabf393501e41bf2@
I200514 20:14:01.064552 13 storage/engine/rocksdb.go:120  Compile date Mar 16 2020
I200514 20:14:01.064556 13 storage/engine/rocksdb.go:120  DB SUMMARY
I200514 20:14:01.066220 13 storage/engine/rocksdb.go:120  CURRENT file:  CURRENT
I200514 20:14:01.066227 13 storage/engine/rocksdb.go:120  IDENTITY file:  IDENTITY
I200514 20:14:01.066580 13 storage/engine/rocksdb.go:120  MANIFEST file:  MANIFEST-000730 size: 518 Bytes
I200514 20:14:01.066593 13 storage/engine/rocksdb.go:120  SST files in /var/lib/cockroach dir, Total Num: 4, files: 000725.sst 000726.sst 000727.sst 000729.sst 
I200514 20:14:01.066596 13 storage/engine/rocksdb.go:120  Write Ahead Log file in /var/lib/cockroach: 000731.log size: 714952 ; 
I200514 20:14:01.066600 13 storage/engine/rocksdb.go:120                          Options.error_if_exists: 0
I200514 20:14:01.066607 13 storage/engine/rocksdb.go:120                        Options.create_if_missing: 1
I200514 20:14:01.066609 13 storage/engine/rocksdb.go:120                          Options.paranoid_checks: 1
I200514 20:14:01.066613 13 storage/engine/rocksdb.go:120                                      Options.env: 0x75757a0
I200514 20:14:01.066630 13 storage/engine/rocksdb.go:120                                 Options.info_log: 0x7fe45600dce0
I200514 20:14:01.066633 13 storage/engine/rocksdb.go:120                 Options.max_file_opening_threads: 16
I200514 20:14:01.066636 13 storage/engine/rocksdb.go:120                               Options.statistics: 0x7fe456025010
I200514 20:14:01.066638 13 storage/engine/rocksdb.go:120                                Options.use_fsync: 0
I200514 20:14:01.066641 13 storage/engine/rocksdb.go:120                        Options.max_log_file_size: 0
I200514 20:14:01.066644 13 storage/engine/rocksdb.go:120                   Options.max_manifest_file_size: 134217728
I200514 20:14:01.066647 13 storage/engine/rocksdb.go:120                    Options.log_file_time_to_roll: 0
I200514 20:14:01.066649 13 storage/engine/rocksdb.go:120                        Options.keep_log_file_num: 1000
I200514 20:14:01.066652 13 storage/engine/rocksdb.go:120                     Options.recycle_log_file_num: 1
I200514 20:14:01.066672 13 storage/engine/rocksdb.go:120                          Options.allow_fallocate: 1
I200514 20:14:01.066678 13 storage/engine/rocksdb.go:120                         Options.allow_mmap_reads: 0
I200514 20:14:01.066681 13 storage/engine/rocksdb.go:120                        Options.allow_mmap_writes: 0
I200514 20:14:01.066683 13 storage/engine/rocksdb.go:120                         Options.use_direct_reads: 0
I200514 20:14:01.066686 13 storage/engine/rocksdb.go:120                         Options.use_direct_io_for_flush_and_compaction: 0
I200514 20:14:01.066713 13 storage/engine/rocksdb.go:120           Options.create_missing_column_families: 0
I200514 20:14:01.066720 13 storage/engine/rocksdb.go:120                               Options.db_log_dir: 
I200514 20:14:01.066723 13 storage/engine/rocksdb.go:120                                  Options.wal_dir: /var/lib/cockroach
I200514 20:14:01.066727 13 storage/engine/rocksdb.go:120                 Options.table_cache_numshardbits: 6
I200514 20:14:01.066729 13 storage/engine/rocksdb.go:120                       Options.max_subcompactions: 1
I200514 20:14:01.066732 13 storage/engine/rocksdb.go:120                   Options.max_background_flushes: -1
I200514 20:14:01.066735 13 storage/engine/rocksdb.go:120                          Options.WAL_ttl_seconds: 0
I200514 20:14:01.066737 13 storage/engine/rocksdb.go:120                        Options.WAL_size_limit_MB: 0
I200514 20:14:01.066740 13 storage/engine/rocksdb.go:120              Options.manifest_preallocation_size: 4194304
I200514 20:14:01.066743 13 storage/engine/rocksdb.go:120                      Options.is_fd_close_on_exec: 1
I200514 20:14:01.066745 13 storage/engine/rocksdb.go:120                    Options.advise_random_on_open: 1
I200514 20:14:01.066748 13 storage/engine/rocksdb.go:120                     Options.db_write_buffer_size: 0
I200514 20:14:01.066751 13 storage/engine/rocksdb.go:120                     Options.write_buffer_manager: 0x7fe45608d030
I200514 20:14:01.066753 13 storage/engine/rocksdb.go:120          Options.access_hint_on_compaction_start: 1
I200514 20:14:01.066756 13 storage/engine/rocksdb.go:120   Options.new_table_reader_for_compaction_inputs: 0
I200514 20:14:01.066822 13 storage/engine/rocksdb.go:120            Options.random_access_max_buffer_size: 1048576
I200514 20:14:01.066828 13 storage/engine/rocksdb.go:120                       Options.use_adaptive_mutex: 0
I200514 20:14:01.066831 13 storage/engine/rocksdb.go:120                             Options.rate_limiter: (nil)
I200514 20:14:01.066834 13 storage/engine/rocksdb.go:120      Options.sst_file_manager.rate_bytes_per_sec: 0
I200514 20:14:01.066837 13 storage/engine/rocksdb.go:120                        Options.wal_recovery_mode: 0
I200514 20:14:01.066844 13 storage/engine/rocksdb.go:120                   Options.enable_thread_tracking: 0
I200514 20:14:01.066847 13 storage/engine/rocksdb.go:120                   Options.enable_pipelined_write: 0
I200514 20:14:01.066850 13 storage/engine/rocksdb.go:120          Options.allow_concurrent_memtable_write: 1
I200514 20:14:01.066853 13 storage/engine/rocksdb.go:120       Options.enable_write_thread_adaptive_yield: 1
I200514 20:14:01.066856 13 storage/engine/rocksdb.go:120              Options.write_thread_max_yield_usec: 100
I200514 20:14:01.066858 13 storage/engine/rocksdb.go:120             Options.write_thread_slow_yield_usec: 3
I200514 20:14:01.066861 13 storage/engine/rocksdb.go:120                                Options.row_cache: None
I200514 20:14:01.066863 13 storage/engine/rocksdb.go:120                               Options.wal_filter: None
I200514 20:14:01.066866 13 storage/engine/rocksdb.go:120              Options.avoid_flush_during_recovery: 0
I200514 20:14:01.066869 13 storage/engine/rocksdb.go:120              Options.allow_ingest_behind: 0
I200514 20:14:01.066871 13 storage/engine/rocksdb.go:120              Options.preserve_deletes: 0
I200514 20:14:01.066874 13 storage/engine/rocksdb.go:120              Options.two_write_queues: 0
I200514 20:14:01.066877 13 storage/engine/rocksdb.go:120              Options.manual_wal_flush: 1
I200514 20:14:01.066879 13 storage/engine/rocksdb.go:120              Options.atomic_flush: 0
I200514 20:14:01.066882 13 storage/engine/rocksdb.go:120              Options.avoid_unnecessary_blocking_io: 0
I200514 20:14:01.066884 13 storage/engine/rocksdb.go:120              Options.max_background_jobs: 2
I200514 20:14:01.066887 13 storage/engine/rocksdb.go:120              Options.max_background_compactions: -1
I200514 20:14:01.066889 13 storage/engine/rocksdb.go:120              Options.avoid_flush_during_shutdown: 0
I200514 20:14:01.066892 13 storage/engine/rocksdb.go:120            Options.writable_file_max_buffer_size: 1048576
I200514 20:14:01.066924 13 storage/engine/rocksdb.go:120              Options.delayed_write_rate : 16777216
I200514 20:14:01.066930 13 storage/engine/rocksdb.go:120              Options.max_total_wal_size: 0
I200514 20:14:01.066933 13 storage/engine/rocksdb.go:120              Options.delete_obsolete_files_period_micros: 21600000000
I200514 20:14:01.066935 13 storage/engine/rocksdb.go:120                    Options.stats_dump_period_sec: 0
I200514 20:14:01.066938 13 storage/engine/rocksdb.go:120                  Options.stats_persist_period_sec: 600
I200514 20:14:01.066942 13 storage/engine/rocksdb.go:120                  Options.stats_history_buffer_size: 1048576
I200514 20:14:01.066945 13 storage/engine/rocksdb.go:120                           Options.max_open_files: 1043576
I200514 20:14:01.066949 13 storage/engine/rocksdb.go:120                           Options.bytes_per_sync: 524288
I200514 20:14:01.066952 13 storage/engine/rocksdb.go:120                       Options.wal_bytes_per_sync: 0
I200514 20:14:01.066954 13 storage/engine/rocksdb.go:120                    Options.strict_bytes_per_sync: 1
I200514 20:14:01.066957 13 storage/engine/rocksdb.go:120        Options.compaction_readahead_size: 0
I200514 20:14:01.066960 13 storage/engine/rocksdb.go:120  Compression algorithms supported:
I200514 20:14:01.066963 13 storage/engine/rocksdb.go:120  	kZSTDNotFinalCompression supported: 0
I200514 20:14:01.066966 13 storage/engine/rocksdb.go:120  	kZSTD supported: 0
I200514 20:14:01.066969 13 storage/engine/rocksdb.go:120  	kXpressCompression supported: 0
I200514 20:14:01.066972 13 storage/engine/rocksdb.go:120  	kLZ4HCCompression supported: 0
I200514 20:14:01.066975 13 storage/engine/rocksdb.go:120  	kLZ4Compression supported: 0
I200514 20:14:01.066977 13 storage/engine/rocksdb.go:120  	kBZip2Compression supported: 0
I200514 20:14:01.066980 13 storage/engine/rocksdb.go:120  	kZlibCompression supported: 0
I200514 20:14:01.066983 13 storage/engine/rocksdb.go:120  	kSnappyCompression supported: 1
I200514 20:14:01.066992 13 storage/engine/rocksdb.go:120  Fast CRC32 supported: Supported on x86
I200514 20:14:01.069403 13 storage/engine/rocksdb.go:120  [db/version_set.cc:4072] Recovering from manifest file: /var/lib/cockroach/MANIFEST-000730
I200514 20:14:01.069891 13 storage/engine/rocksdb.go:120  [db/column_family.cc:488] --------------- Options for column family [default]:
I200514 20:14:01.069899 13 storage/engine/rocksdb.go:120                Options.comparator: cockroach_comparator
I200514 20:14:01.069902 13 storage/engine/rocksdb.go:120            Options.merge_operator: cockroach_merge_operator
I200514 20:14:01.069905 13 storage/engine/rocksdb.go:120         Options.compaction_filter: None
I200514 20:14:01.069908 13 storage/engine/rocksdb.go:120         Options.compaction_filter_factory: None
I200514 20:14:01.069911 13 storage/engine/rocksdb.go:120          Options.memtable_factory: SkipListFactory
I200514 20:14:01.069914 13 storage/engine/rocksdb.go:120             Options.table_factory: BlockBasedTable
I200514 20:14:01.069938 13 storage/engine/rocksdb.go:120             table_factory options:   flush_block_policy_factory: FlushBlockBySizePolicyFactory (0x7fe456023028)
  cache_index_and_filter_blocks: 0
  cache_index_and_filter_blocks_with_high_priority: 0
  pin_l0_filter_and_index_blocks_in_cache: 0
  pin_top_level_index_and_filter: 1
  index_type: 0
  data_block_index_type: 0
  index_shortening: 1
  data_block_hash_table_util_ratio: 0.750000
  hash_index_allow_collision: 1
  checksum: 1
  no_block_cache: 0
  block_cache: 0x7fe456014010
  block_cache_name: LRUCache
  block_cache_options:
    capacity : 67108864
    num_shard_bits : 4
    strict_capacity_limit : 0
    memory_allocator : None
    high_pri_pool_ratio: 0.000
  block_cache_compressed: (nil)
  persistent_cache: (nil)
  block_size: 32768
  block_size_deviation: 10
  block_restart_interval: 16
  index_block_restart_interval: 1
  metadata_block_size: 4096
  partition_filters: 0
  use_delta_encoding: 1
  filter_policy: rocksdb.BuiltinBloomFilter
  whole_key_filtering: 0
  verify_compression: 0
  read_amp_bytes_per_bit: 0
  format_version: 2
  enable_index_compression: 1
  block_align: 0
I200514 20:14:01.069942 13 storage/engine/rocksdb.go:120         Options.write_buffer_size: 67108864
I200514 20:14:01.069947 13 storage/engine/rocksdb.go:120   Options.max_write_buffer_number: 4
I200514 20:14:01.069950 13 storage/engine/rocksdb.go:120           Options.compression: Snappy
I200514 20:14:01.069953 13 storage/engine/rocksdb.go:120                   Options.bottommost_compression: Disabled
I200514 20:14:01.069959 13 storage/engine/rocksdb.go:120        Options.prefix_extractor: cockroach_prefix_extractor
I200514 20:14:01.069962 13 storage/engine/rocksdb.go:120    Options.memtable_insert_with_hint_prefix_extractor: nullptr
I200514 20:14:01.069965 13 storage/engine/rocksdb.go:120              Options.num_levels: 7
I200514 20:14:01.069967 13 storage/engine/rocksdb.go:120         Options.min_write_buffer_number_to_merge: 1
I200514 20:14:01.069970 13 storage/engine/rocksdb.go:120      Options.max_write_buffer_number_to_maintain: 0
I200514 20:14:01.069973 13 storage/engine/rocksdb.go:120             Options.bottommost_compression_opts.window_bits: -14
I200514 20:14:01.069975 13 storage/engine/rocksdb.go:120                   Options.bottommost_compression_opts.level: 32767
I200514 20:14:01.069978 13 storage/engine/rocksdb.go:120                Options.bottommost_compression_opts.strategy: 0
I200514 20:14:01.069981 13 storage/engine/rocksdb.go:120          Options.bottommost_compression_opts.max_dict_bytes: 0
I200514 20:14:01.069984 13 storage/engine/rocksdb.go:120          Options.bottommost_compression_opts.zstd_max_train_bytes: 0
I200514 20:14:01.069986 13 storage/engine/rocksdb.go:120                   Options.bottommost_compression_opts.enabled: false
I200514 20:14:01.069989 13 storage/engine/rocksdb.go:120             Options.compression_opts.window_bits: -14
I200514 20:14:01.069992 13 storage/engine/rocksdb.go:120                   Options.compression_opts.level: 32767
I200514 20:14:01.069996 13 storage/engine/rocksdb.go:120                Options.compression_opts.strategy: 0
I200514 20:14:01.069998 13 storage/engine/rocksdb.go:120          Options.compression_opts.max_dict_bytes: 0
I200514 20:14:01.070001 13 storage/engine/rocksdb.go:120          Options.compression_opts.zstd_max_train_bytes: 0
I200514 20:14:01.070003 13 storage/engine/rocksdb.go:120                   Options.compression_opts.enabled: false
I200514 20:14:01.070006 13 storage/engine/rocksdb.go:120       Options.level0_file_num_compaction_trigger: 2
I200514 20:14:01.070009 13 storage/engine/rocksdb.go:120           Options.level0_slowdown_writes_trigger: 950
I200514 20:14:01.070011 13 storage/engine/rocksdb.go:120               Options.level0_stop_writes_trigger: 1000
I200514 20:14:01.070014 13 storage/engine/rocksdb.go:120                    Options.target_file_size_base: 4194304
I200514 20:14:01.070017 13 storage/engine/rocksdb.go:120              Options.target_file_size_multiplier: 2
I200514 20:14:01.070019 13 storage/engine/rocksdb.go:120                 Options.max_bytes_for_level_base: 67108864
I200514 20:14:01.070022 13 storage/engine/rocksdb.go:120  Options.level_compaction_dynamic_level_bytes: 1
I200514 20:14:01.070026 13 storage/engine/rocksdb.go:120           Options.max_bytes_for_level_multiplier: 10.000000
I200514 20:14:01.070029 13 storage/engine/rocksdb.go:120  Options.max_bytes_for_level_multiplier_addtl[0]: 1
I200514 20:14:01.070031 13 storage/engine/rocksdb.go:120  Options.max_bytes_for_level_multiplier_addtl[1]: 1
I200514 20:14:01.070034 13 storage/engine/rocksdb.go:120  Options.max_bytes_for_level_multiplier_addtl[2]: 1
I200514 20:14:01.070036 13 storage/engine/rocksdb.go:120  Options.max_bytes_for_level_multiplier_addtl[3]: 1
I200514 20:14:01.070039 13 storage/engine/rocksdb.go:120  Options.max_bytes_for_level_multiplier_addtl[4]: 1
I200514 20:14:01.070042 13 storage/engine/rocksdb.go:120  Options.max_bytes_for_level_multiplier_addtl[5]: 1
I200514 20:14:01.070044 13 storage/engine/rocksdb.go:120  Options.max_bytes_for_level_multiplier_addtl[6]: 1
I200514 20:14:01.070047 13 storage/engine/rocksdb.go:120        Options.max_sequential_skip_in_iterations: 8
I200514 20:14:01.070049 13 storage/engine/rocksdb.go:120                     Options.max_compaction_bytes: 104857600
I200514 20:14:01.070052 13 storage/engine/rocksdb.go:120                         Options.arena_block_size: 8388608
I200514 20:14:01.070055 13 storage/engine/rocksdb.go:120    Options.soft_pending_compaction_bytes_limit: 2199023255552
I200514 20:14:01.070057 13 storage/engine/rocksdb.go:120    Options.hard_pending_compaction_bytes_limit: 4400193994752
I200514 20:14:01.070060 13 storage/engine/rocksdb.go:120        Options.rate_limit_delay_max_milliseconds: 100
I200514 20:14:01.070063 13 storage/engine/rocksdb.go:120                 Options.disable_auto_compactions: 0
I200514 20:14:01.070066 13 storage/engine/rocksdb.go:120                         Options.compaction_style: kCompactionStyleLevel
I200514 20:14:01.070069 13 storage/engine/rocksdb.go:120                           Options.compaction_pri: kMinOverlappingRatio
I200514 20:14:01.070071 13 storage/engine/rocksdb.go:120  Options.compaction_options_universal.size_ratio: 1
I200514 20:14:01.070074 13 storage/engine/rocksdb.go:120  Options.compaction_options_universal.min_merge_width: 2
I200514 20:14:01.070076 13 storage/engine/rocksdb.go:120  Options.compaction_options_universal.max_merge_width: 4294967295
I200514 20:14:01.070079 13 storage/engine/rocksdb.go:120  Options.compaction_options_universal.max_size_amplification_percent: 200
I200514 20:14:01.070082 13 storage/engine/rocksdb.go:120  Options.compaction_options_universal.compression_size_percent: -1
I200514 20:14:01.070086 13 storage/engine/rocksdb.go:120  Options.compaction_options_universal.stop_style: kCompactionStopStyleTotalSize
I200514 20:14:01.070089 13 storage/engine/rocksdb.go:120  Options.compaction_options_fifo.max_table_files_size: 1073741824
I200514 20:14:01.070091 13 storage/engine/rocksdb.go:120  Options.compaction_options_fifo.allow_compaction: 0
I200514 20:14:01.070096 13 storage/engine/rocksdb.go:120                    Options.table_properties_collectors: TimeBoundTblPropCollectorFactory; DeleteRangeTblPropCollectorFactory; 
I200514 20:14:01.070100 13 storage/engine/rocksdb.go:120                    Options.inplace_update_support: 0
I200514 20:14:01.070102 13 storage/engine/rocksdb.go:120                  Options.inplace_update_num_locks: 10000
I200514 20:14:01.070105 13 storage/engine/rocksdb.go:120                Options.memtable_prefix_bloom_size_ratio: 0.000000
I200514 20:14:01.070108 13 storage/engine/rocksdb.go:120                Options.memtable_whole_key_filtering: 0
I200514 20:14:01.070110 13 storage/engine/rocksdb.go:120    Options.memtable_huge_page_size: 0
I200514 20:14:01.070113 13 storage/engine/rocksdb.go:120                            Options.bloom_locality: 0
I200514 20:14:01.070116 13 storage/engine/rocksdb.go:120                     Options.max_successive_merges: 0
I200514 20:14:01.070118 13 storage/engine/rocksdb.go:120                 Options.optimize_filters_for_hits: 1
I200514 20:14:01.070121 13 storage/engine/rocksdb.go:120                 Options.paranoid_file_checks: 0
I200514 20:14:01.070123 13 storage/engine/rocksdb.go:120                 Options.force_consistency_checks: 0
I200514 20:14:01.070126 13 storage/engine/rocksdb.go:120                 Options.report_bg_io_stats: 0
I200514 20:14:01.070129 13 storage/engine/rocksdb.go:120                                Options.ttl: 0
I200514 20:14:01.070131 13 storage/engine/rocksdb.go:120           Options.periodic_compaction_seconds: 0
I200514 20:14:01.076904 13 storage/engine/rocksdb.go:120  [db/version_set.cc:4286] Recovered from manifest file:/var/lib/cockroach/MANIFEST-000730 succeeded,manifest_file_number is 730, next_file_number is 732, last_sequence is 9790538, log_number is 723,prev_log_number is 0,max_column_family is 0,min_log_number_to_keep is 0
I200514 20:14:01.076913 13 storage/engine/rocksdb.go:120  [db/version_set.cc:4295] Column family [default] (ID 0), log number is 723
I200514 20:14:01.078951 13 storage/engine/rocksdb.go:120  EVENT_LOG_v1 {"time_micros": 1589487241078925, "job": 1, "event": "recovery_started", "log_files": [731]}
I200514 20:14:01.078969 13 storage/engine/rocksdb.go:120  [db/db_impl_open.cc:598] Recovering log #731 mode 0
I200514 20:14:01.097607 13 storage/engine/rocksdb.go:120  EVENT_LOG_v1 {"time_micros": 1589487241097491, "cf_name": "default", "job": 1, "event": "table_file_creation", "file_number": 732, "file_size": 60790, "table_properties": {"data_size": 57851, "index_size": 379, "index_partitions": 0, "top_level_index_size": 0, "index_key_is_user_key": 0, "index_value_is_delta_encoded": 0, "filter_size": 1605, "raw_key_size": 51710, "raw_average_key_size": 41, "raw_value_size": 206230, "raw_average_value_size": 165, "num_data_blocks": 7, "num_entries": 1243, "num_deletions": 204, "num_merge_operands": 664, "num_range_deletions": 664, "format_version": 0, "fixed_key_len": 0, "filter_policy": "rocksdb.BuiltinBloomFilter", "column_family_name": "default", "column_family_id": 0, "comparator": "cockroach_comparator", "merge_operator": "cockroach_merge_operator", "prefix_extractor_name": "cockroach_prefix_extractor", "property_collectors": "[TimeBoundTblPropCollectorFactory,DeleteRangeTblPropCollectorFactory]", "compression": "Snappy", "compression_options": "window_bits=-14; level=32767; strategy=0; max_dict_bytes=0; zstd_max_train_bytes=0; enabled=0; ", "creation_time": 1589487241, "oldest_key_time": 3, "file_creation_time": 0}}
I200514 20:14:01.097884 13 storage/engine/rocksdb.go:120  [db/version_set.cc:3560] Creating manifest 733
I200514 20:14:01.107840 13 storage/engine/rocksdb.go:120  EVENT_LOG_v1 {"time_micros": 1589487241107810, "job": 1, "event": "recovery_finished"}
I200514 20:14:01.130436 17 storage/engine/rocksdb.go:120  [db/compaction_job.cc:1647] [default] [JOB 3] Compacting 2@0 + 3@6 files to L6, score 1.00
I200514 20:14:01.130455 17 storage/engine/rocksdb.go:120  [db/compaction_job.cc:1651] [default] Compaction start summary: Base version 2 Base level 0, inputs: [732(59KB) 729(194KB)], [725(4125KB) 726(4121KB) 727(3309KB)]
I200514 20:14:01.130503 17 storage/engine/rocksdb.go:120  EVENT_LOG_v1 {"time_micros": 1589487241130478, "job": 3, "event": "compaction_started", "compaction_reason": "LevelL0FilesNum", "files_L0": [732, 729], "files_L6": [725, 726, 727], "score": 1, "input_data_size": 12093812}
I200514 20:14:01.134778 13 storage/engine/rocksdb.go:120  DB pointer 0x7fe45609f000
I200514 20:14:01.230795 17 storage/engine/rocksdb.go:120  [db/compaction_job.cc:1334] [default] [JOB 3] Generated table #737: 14982 keys, 4221574 bytes
I200514 20:14:01.230850 17 storage/engine/rocksdb.go:120  EVENT_LOG_v1 {"time_micros": 1589487241230817, "cf_name": "default", "job": 3, "event": "table_file_creation", "file_number": 737, "file_size": 4221574, "table_properties": {"data_size": 4199452, "index_size": 78929, "index_partitions": 0, "top_level_index_size": 0, "index_key_is_user_key": 0, "index_value_is_delta_encoded": 0, "filter_size": 0, "raw_key_size": 745275, "raw_average_key_size": 49, "raw_value_size": 35748492, "raw_average_value_size": 2386, "num_data_blocks": 1150, "num_entries": 14982, "num_deletions": 0, "num_merge_operands": 0, "num_range_deletions": 0, "format_version": 0, "fixed_key_len": 0, "filter_policy": "rocksdb.BuiltinBloomFilter", "column_family_name": "default", "column_family_id": 0, "comparator": "cockroach_comparator", "merge_operator": "cockroach_merge_operator", "prefix_extractor_name": "cockroach_prefix_extractor", "property_collectors": "[TimeBoundTblPropCollectorFactory,DeleteRangeTblPropCollectorFactory]", "compression": "Snappy", "compression_options": "window_bits=-14; level=32767; strategy=0; max_dict_bytes=0; zstd_max_train_bytes=0; enabled=0; ", "creation_time": 1589487241, "oldest_key_time": 0, "file_creation_time": 1589487241}}
I200514 20:14:01.317855 17 storage/engine/rocksdb.go:120  [db/compaction_job.cc:1334] [default] [JOB 3] Generated table #738: 8075 keys, 4216860 bytes
I200514 20:14:01.317904 17 storage/engine/rocksdb.go:120  EVENT_LOG_v1 {"time_micros": 1589487241317874, "cf_name": "default", "job": 3, "event": "table_file_creation", "file_number": 738, "file_size": 4216860, "table_properties": {"data_size": 4201212, "index_size": 52717, "index_partitions": 0, "top_level_index_size": 0, "index_key_is_user_key": 0, "index_value_is_delta_encoded": 0, "filter_size": 0, "raw_key_size": 442049, "raw_average_key_size": 54, "raw_value_size": 24326935, "raw_average_value_size": 3012, "num_data_blocks": 783, "num_entries": 8075, "num_deletions": 0, "num_merge_operands": 0, "num_range_deletions": 0, "format_version": 0, "fixed_key_len": 0, "filter_policy": "rocksdb.BuiltinBloomFilter", "column_family_name": "default", "column_family_id": 0, "comparator": "cockroach_comparator", "merge_operator": "cockroach_merge_operator", "prefix_extractor_name": "cockroach_prefix_extractor", "property_collectors": "[TimeBoundTblPropCollectorFactory,DeleteRangeTblPropCollectorFactory]", "compression": "Snappy", "compression_options": "window_bits=-14; level=32767; strategy=0; max_dict_bytes=0; zstd_max_train_bytes=0; enabled=0; ", "creation_time": 1589487241, "oldest_key_time": 0, "file_creation_time": 1589487241}}
I200514 20:14:01.401745 17 storage/engine/rocksdb.go:120  [db/compaction_job.cc:1334] [default] [JOB 3] Generated table #739: 11364 keys, 3406925 bytes
I200514 20:14:01.401808 17 storage/engine/rocksdb.go:120  EVENT_LOG_v1 {"time_micros": 1589487241401767, "cf_name": "default", "job": 3, "event": "table_file_creation", "file_number": 739, "file_size": 3406925, "table_properties": {"data_size": 3393033, "index_size": 46848, "index_partitions": 0, "top_level_index_size": 0, "index_key_is_user_key": 0, "index_value_is_delta_encoded": 0, "filter_size": 0, "raw_key_size": 551548, "raw_average_key_size": 48, "raw_value_size": 20570129, "raw_average_value_size": 1810, "num_data_blocks": 665, "num_entries": 11364, "num_deletions": 0, "num_merge_operands": 0, "num_range_deletions": 0, "format_version": 0, "fixed_key_len": 0, "filter_policy": "rocksdb.BuiltinBloomFilter", "column_family_name": "default", "column_family_id": 0, "comparator": "cockroach_comparator", "merge_operator": "cockroach_merge_operator", "prefix_extractor_name": "cockroach_prefix_extractor", "property_collectors": "[TimeBoundTblPropCollectorFactory,DeleteRangeTblPropCollectorFactory]", "compression": "Snappy", "compression_options": "window_bits=-14; level=32767; strategy=0; max_dict_bytes=0; zstd_max_train_bytes=0; enabled=0; ", "creation_time": 1589487241, "oldest_key_time": 0, "file_creation_time": 1589487241}}
I200514 20:14:01.407746 17 storage/engine/rocksdb.go:120  [db/compaction_job.cc:1397] [default] [JOB 3] Compacted 2@0 + 3@6 files to L6 => 11845359 bytes
I200514 20:14:01.408905 17 storage/engine/rocksdb.go:120  (Original Log Time 2020/05/14-20:14:01.408812) [db/compaction_job.cc:770] [default] compacted to: base level 6 level multiplier 10.00 max bytes base 67108864 files[0 0 0 0 0 0 3] max score 0.00, MB/sec: 44.4 rd, 43.5 wr, level 6, files in(2, 3) out(3) MB in(0.2, 11.3) out(11.3), read-write-amplify(92.1) write-amplify(45.6) OK, records in: 40962, records dropped: 5213 output_compression: Snappy
I200514 20:14:01.408914 17 storage/engine/rocksdb.go:120  (Original Log Time 2020/05/14-20:14:01.408835) EVENT_LOG_v1 {"time_micros": 1589487241408825, "job": 3, "event": "compaction_finished", "compaction_time_micros": 272214, "compaction_time_cpu_micros": 119241, "output_level": 6, "num_output_files": 3, "total_output_size": 11845359, "num_input_records": 39634, "num_output_records": 34421, "num_subcompactions": 1, "output_compression": "Snappy", "num_single_delete_mismatches": 0, "num_single_delete_fallthrough": 0, "lsm_state": [0, 0, 0, 0, 0, 0, 3]}
I200514 20:14:01.410449 17 storage/engine/rocksdb.go:120  EVENT_LOG_v1 {"time_micros": 1589487241410432, "job": 3, "event": "table_file_deletion", "file_number": 732}
I200514 20:14:01.411060 17 storage/engine/rocksdb.go:120  EVENT_LOG_v1 {"time_micros": 1589487241411048, "job": 3, "event": "table_file_deletion", "file_number": 729}
I200514 20:14:01.412072 17 storage/engine/rocksdb.go:120  EVENT_LOG_v1 {"time_micros": 1589487241412055, "job": 3, "event": "table_file_deletion", "file_number": 727}
I200514 20:14:01.413640 17 storage/engine/rocksdb.go:120  EVENT_LOG_v1 {"time_micros": 1589487241413570, "job": 3, "event": "table_file_deletion", "file_number": 726}
I200514 20:14:01.414916 17 storage/engine/rocksdb.go:120  EVENT_LOG_v1 {"time_micros": 1589487241414898, "job": 3, "event": "table_file_deletion", "file_number": 725}
I200514 20:16:23.519418 2173 storage/engine/rocksdb.go:120  bloom filter utility:    -nan%
I200514 20:16:23.519825 2173 storage/engine/rocksdb.go:120  [db/db_impl.cc:392] Shutdown: canceling all background work
I200514 20:16:23.522349 2173 storage/engine/rocksdb.go:120  [db/db_impl.cc:565] Shutdown complete
I200514 20:16:23.533167 2173 storage/engine/rocksdb.go:120  bloom filter utility:    66.7%
I200514 20:16:23.533650 2173 storage/engine/rocksdb.go:120  [db/db_impl.cc:392] Shutdown: canceling all background work
I200514 20:16:23.541677 2173 storage/engine/rocksdb.go:120  [db/db_impl.cc:565] Shutdown complete
