I200514 22:59:53.564113 29 util/log/clog.go:1196  [config] file created at: 2020/05/14 22:59:53
I200514 22:59:53.564113 29 util/log/clog.go:1196  [config] running on machine: 992920913cb7
I200514 22:59:53.564113 29 util/log/clog.go:1196  [config] binary: CockroachDB CCL v19.2.5 (x86_64-unknown-linux-gnu, built 2020/03/16 18:27:12, go1.12.12)
I200514 22:59:53.564113 29 util/log/clog.go:1196  [config] arguments: [/cockroach/cockroach start --insecure --store=attrs=ssd,path=/var/lib/cockroach/]
I200514 22:59:53.564113 29 util/log/clog.go:1196  line format: [IWEF]yymmdd hh:mm:ss.uuuuuu goid file:line msg utf8=✓
I200514 22:59:53.564112 29 storage/engine/rocksdb.go:120  RocksDB version: 6.2.1
I200514 22:59:53.571767 29 storage/engine/rocksdb.go:120  Git sha rocksdb_build_git_sha:@b7009236531fa784872f4823eabf393501e41bf2@
I200514 22:59:53.571771 29 storage/engine/rocksdb.go:120  Compile date Mar 16 2020
I200514 22:59:53.571775 29 storage/engine/rocksdb.go:120  DB SUMMARY
I200514 22:59:53.572589 29 storage/engine/rocksdb.go:120  SST files in /var/lib/cockroach/cockroach-temp753922549 dir, Total Num: 0, files: 
I200514 22:59:53.830111 29 storage/engine/rocksdb.go:120  Write Ahead Log file in /var/lib/cockroach/cockroach-temp753922549: 
I200514 22:59:53.830116 29 storage/engine/rocksdb.go:120                          Options.error_if_exists: 0
I200514 22:59:53.830119 29 storage/engine/rocksdb.go:120                        Options.create_if_missing: 1
I200514 22:59:53.830122 29 storage/engine/rocksdb.go:120                          Options.paranoid_checks: 1
I200514 22:59:53.830125 29 storage/engine/rocksdb.go:120                                      Options.env: 0x75757a0
I200514 22:59:53.830127 29 storage/engine/rocksdb.go:120                                 Options.info_log: 0x7f268bc270e0
I200514 22:59:53.830130 29 storage/engine/rocksdb.go:120                 Options.max_file_opening_threads: 16
I200514 22:59:53.830132 29 storage/engine/rocksdb.go:120                               Options.statistics: 0x7f268bc34010
I200514 22:59:53.830136 29 storage/engine/rocksdb.go:120                                Options.use_fsync: 0
I200514 22:59:53.830139 29 storage/engine/rocksdb.go:120                        Options.max_log_file_size: 0
I200514 22:59:53.830141 29 storage/engine/rocksdb.go:120                   Options.max_manifest_file_size: 134217728
I200514 22:59:53.830144 29 storage/engine/rocksdb.go:120                    Options.log_file_time_to_roll: 0
I200514 22:59:53.830146 29 storage/engine/rocksdb.go:120                        Options.keep_log_file_num: 1000
I200514 22:59:53.830149 29 storage/engine/rocksdb.go:120                     Options.recycle_log_file_num: 1
I200514 22:59:53.830152 29 storage/engine/rocksdb.go:120                          Options.allow_fallocate: 1
I200514 22:59:53.830154 29 storage/engine/rocksdb.go:120                         Options.allow_mmap_reads: 0
I200514 22:59:53.830157 29 storage/engine/rocksdb.go:120                        Options.allow_mmap_writes: 0
I200514 22:59:53.830160 29 storage/engine/rocksdb.go:120                         Options.use_direct_reads: 0
I200514 22:59:53.830162 29 storage/engine/rocksdb.go:120                         Options.use_direct_io_for_flush_and_compaction: 0
I200514 22:59:53.830165 29 storage/engine/rocksdb.go:120           Options.create_missing_column_families: 0
I200514 22:59:53.830167 29 storage/engine/rocksdb.go:120                               Options.db_log_dir: 
I200514 22:59:53.830170 29 storage/engine/rocksdb.go:120                                  Options.wal_dir: /var/lib/cockroach/cockroach-temp753922549
I200514 22:59:53.830173 29 storage/engine/rocksdb.go:120                 Options.table_cache_numshardbits: 6
I200514 22:59:53.830175 29 storage/engine/rocksdb.go:120                       Options.max_subcompactions: 1
I200514 22:59:53.830178 29 storage/engine/rocksdb.go:120                   Options.max_background_flushes: -1
I200514 22:59:53.830181 29 storage/engine/rocksdb.go:120                          Options.WAL_ttl_seconds: 0
I200514 22:59:53.830183 29 storage/engine/rocksdb.go:120                        Options.WAL_size_limit_MB: 0
I200514 22:59:53.830186 29 storage/engine/rocksdb.go:120              Options.manifest_preallocation_size: 4194304
I200514 22:59:53.830189 29 storage/engine/rocksdb.go:120                      Options.is_fd_close_on_exec: 1
I200514 22:59:53.830192 29 storage/engine/rocksdb.go:120                    Options.advise_random_on_open: 1
I200514 22:59:53.830194 29 storage/engine/rocksdb.go:120                     Options.db_write_buffer_size: 0
I200514 22:59:53.830197 29 storage/engine/rocksdb.go:120                     Options.write_buffer_manager: 0x7f268bc190f0
I200514 22:59:53.830199 29 storage/engine/rocksdb.go:120          Options.access_hint_on_compaction_start: 1
I200514 22:59:53.830202 29 storage/engine/rocksdb.go:120   Options.new_table_reader_for_compaction_inputs: 0
I200514 22:59:53.830205 29 storage/engine/rocksdb.go:120            Options.random_access_max_buffer_size: 1048576
I200514 22:59:53.830221 29 storage/engine/rocksdb.go:120                       Options.use_adaptive_mutex: 0
I200514 22:59:53.830225 29 storage/engine/rocksdb.go:120                             Options.rate_limiter: (nil)
I200514 22:59:53.830229 29 storage/engine/rocksdb.go:120      Options.sst_file_manager.rate_bytes_per_sec: 0
I200514 22:59:53.830231 29 storage/engine/rocksdb.go:120                        Options.wal_recovery_mode: 0
I200514 22:59:53.830234 29 storage/engine/rocksdb.go:120                   Options.enable_thread_tracking: 0
I200514 22:59:53.830236 29 storage/engine/rocksdb.go:120                   Options.enable_pipelined_write: 0
I200514 22:59:53.830239 29 storage/engine/rocksdb.go:120          Options.allow_concurrent_memtable_write: 1
I200514 22:59:53.830242 29 storage/engine/rocksdb.go:120       Options.enable_write_thread_adaptive_yield: 1
I200514 22:59:53.830245 29 storage/engine/rocksdb.go:120              Options.write_thread_max_yield_usec: 100
I200514 22:59:53.830247 29 storage/engine/rocksdb.go:120             Options.write_thread_slow_yield_usec: 3
I200514 22:59:53.830250 29 storage/engine/rocksdb.go:120                                Options.row_cache: None
I200514 22:59:53.830254 29 storage/engine/rocksdb.go:120                               Options.wal_filter: None
I200514 22:59:53.830256 29 storage/engine/rocksdb.go:120              Options.avoid_flush_during_recovery: 0
I200514 22:59:53.830259 29 storage/engine/rocksdb.go:120              Options.allow_ingest_behind: 0
I200514 22:59:53.830262 29 storage/engine/rocksdb.go:120              Options.preserve_deletes: 0
I200514 22:59:53.830264 29 storage/engine/rocksdb.go:120              Options.two_write_queues: 0
I200514 22:59:53.830267 29 storage/engine/rocksdb.go:120              Options.manual_wal_flush: 1
I200514 22:59:53.830270 29 storage/engine/rocksdb.go:120              Options.atomic_flush: 0
I200514 22:59:53.830272 29 storage/engine/rocksdb.go:120              Options.avoid_unnecessary_blocking_io: 0
I200514 22:59:53.830275 29 storage/engine/rocksdb.go:120              Options.max_background_jobs: 2
I200514 22:59:53.830277 29 storage/engine/rocksdb.go:120              Options.max_background_compactions: -1
I200514 22:59:53.830280 29 storage/engine/rocksdb.go:120              Options.avoid_flush_during_shutdown: 0
I200514 22:59:53.830283 29 storage/engine/rocksdb.go:120            Options.writable_file_max_buffer_size: 1048576
I200514 22:59:53.830285 29 storage/engine/rocksdb.go:120              Options.delayed_write_rate : 16777216
I200514 22:59:53.830288 29 storage/engine/rocksdb.go:120              Options.max_total_wal_size: 0
I200514 22:59:53.830291 29 storage/engine/rocksdb.go:120              Options.delete_obsolete_files_period_micros: 21600000000
I200514 22:59:53.830293 29 storage/engine/rocksdb.go:120                    Options.stats_dump_period_sec: 0
I200514 22:59:53.830298 29 storage/engine/rocksdb.go:120                  Options.stats_persist_period_sec: 600
I200514 22:59:53.830300 29 storage/engine/rocksdb.go:120                  Options.stats_history_buffer_size: 1048576
I200514 22:59:53.830303 29 storage/engine/rocksdb.go:120                           Options.max_open_files: 128
I200514 22:59:53.830305 29 storage/engine/rocksdb.go:120                           Options.bytes_per_sync: 524288
I200514 22:59:53.830308 29 storage/engine/rocksdb.go:120                       Options.wal_bytes_per_sync: 0
I200514 22:59:53.830311 29 storage/engine/rocksdb.go:120                    Options.strict_bytes_per_sync: 1
I200514 22:59:53.830313 29 storage/engine/rocksdb.go:120        Options.compaction_readahead_size: 0
I200514 22:59:53.830316 29 storage/engine/rocksdb.go:120  Compression algorithms supported:
I200514 22:59:53.830319 29 storage/engine/rocksdb.go:120  	kZSTDNotFinalCompression supported: 0
I200514 22:59:53.830322 29 storage/engine/rocksdb.go:120  	kZSTD supported: 0
I200514 22:59:53.830325 29 storage/engine/rocksdb.go:120  	kXpressCompression supported: 0
I200514 22:59:53.830328 29 storage/engine/rocksdb.go:120  	kLZ4HCCompression supported: 0
I200514 22:59:53.830330 29 storage/engine/rocksdb.go:120  	kLZ4Compression supported: 0
I200514 22:59:53.830333 29 storage/engine/rocksdb.go:120  	kBZip2Compression supported: 0
I200514 22:59:53.830335 29 storage/engine/rocksdb.go:120  	kZlibCompression supported: 0
I200514 22:59:53.830338 29 storage/engine/rocksdb.go:120  	kSnappyCompression supported: 1
I200514 22:59:53.830346 29 storage/engine/rocksdb.go:120  Fast CRC32 supported: Supported on x86
I200514 22:59:53.832944 29 storage/engine/rocksdb.go:120  [db/db_impl_open.cc:242] Creating manifest 1 
I200514 22:59:53.853036 29 storage/engine/rocksdb.go:120  [db/version_set.cc:4072] Recovering from manifest file: /var/lib/cockroach/cockroach-temp753922549/MANIFEST-000001
I200514 22:59:53.854110 29 storage/engine/rocksdb.go:120  [db/column_family.cc:488] --------------- Options for column family [default]:
I200514 22:59:53.854115 29 storage/engine/rocksdb.go:120                Options.comparator: cockroach_comparator
I200514 22:59:53.854118 29 storage/engine/rocksdb.go:120            Options.merge_operator: cockroach_merge_operator
I200514 22:59:53.854121 29 storage/engine/rocksdb.go:120         Options.compaction_filter: None
I200514 22:59:53.854124 29 storage/engine/rocksdb.go:120         Options.compaction_filter_factory: None
I200514 22:59:53.854127 29 storage/engine/rocksdb.go:120          Options.memtable_factory: SkipListFactory
I200514 22:59:53.854144 29 storage/engine/rocksdb.go:120             Options.table_factory: BlockBasedTable
I200514 22:59:53.854164 29 storage/engine/rocksdb.go:120             table_factory options:   flush_block_policy_factory: FlushBlockBySizePolicyFactory (0x7f268bc28030)
  cache_index_and_filter_blocks: 0
  cache_index_and_filter_blocks_with_high_priority: 0
  pin_l0_filter_and_index_blocks_in_cache: 0
  pin_top_level_index_and_filter: 1
  index_type: 0
  data_block_index_type: 0
  index_shortening: 1
  data_block_hash_table_util_ratio: 0.750000
  hash_index_allow_collision: 1
  checksum: 1
  no_block_cache: 0
  block_cache: 0x7f268bc1c010
  block_cache_name: LRUCache
  block_cache_options:
    capacity : 1048576
    num_shard_bits : 4
    strict_capacity_limit : 0
    memory_allocator : None
    high_pri_pool_ratio: 0.000
  block_cache_compressed: (nil)
  persistent_cache: (nil)
  block_size: 32768
  block_size_deviation: 10
  block_restart_interval: 16
  index_block_restart_interval: 1
  metadata_block_size: 4096
  partition_filters: 0
  use_delta_encoding: 1
  filter_policy: rocksdb.BuiltinBloomFilter
  whole_key_filtering: 0
  verify_compression: 0
  read_amp_bytes_per_bit: 0
  format_version: 2
  enable_index_compression: 1
  block_align: 0
I200514 22:59:53.854168 29 storage/engine/rocksdb.go:120         Options.write_buffer_size: 67108864
I200514 22:59:53.854173 29 storage/engine/rocksdb.go:120   Options.max_write_buffer_number: 4
I200514 22:59:53.854175 29 storage/engine/rocksdb.go:120           Options.compression: Snappy
I200514 22:59:53.854178 29 storage/engine/rocksdb.go:120                   Options.bottommost_compression: Disabled
I200514 22:59:53.854181 29 storage/engine/rocksdb.go:120        Options.prefix_extractor: cockroach_prefix_extractor
I200514 22:59:53.854184 29 storage/engine/rocksdb.go:120    Options.memtable_insert_with_hint_prefix_extractor: nullptr
I200514 22:59:53.854231 29 storage/engine/rocksdb.go:120              Options.num_levels: 7
I200514 22:59:53.854237 29 storage/engine/rocksdb.go:120         Options.min_write_buffer_number_to_merge: 1
I200514 22:59:53.854240 29 storage/engine/rocksdb.go:120      Options.max_write_buffer_number_to_maintain: 0
I200514 22:59:53.854242 29 storage/engine/rocksdb.go:120             Options.bottommost_compression_opts.window_bits: -14
I200514 22:59:53.854245 29 storage/engine/rocksdb.go:120                   Options.bottommost_compression_opts.level: 32767
I200514 22:59:53.854248 29 storage/engine/rocksdb.go:120                Options.bottommost_compression_opts.strategy: 0
I200514 22:59:53.854251 29 storage/engine/rocksdb.go:120          Options.bottommost_compression_opts.max_dict_bytes: 0
I200514 22:59:53.854253 29 storage/engine/rocksdb.go:120          Options.bottommost_compression_opts.zstd_max_train_bytes: 0
I200514 22:59:53.854256 29 storage/engine/rocksdb.go:120                   Options.bottommost_compression_opts.enabled: false
I200514 22:59:53.854258 29 storage/engine/rocksdb.go:120             Options.compression_opts.window_bits: -14
I200514 22:59:53.854261 29 storage/engine/rocksdb.go:120                   Options.compression_opts.level: 32767
I200514 22:59:53.854263 29 storage/engine/rocksdb.go:120                Options.compression_opts.strategy: 0
I200514 22:59:53.854266 29 storage/engine/rocksdb.go:120          Options.compression_opts.max_dict_bytes: 0
I200514 22:59:53.854272 29 storage/engine/rocksdb.go:120          Options.compression_opts.zstd_max_train_bytes: 0
I200514 22:59:53.854275 29 storage/engine/rocksdb.go:120                   Options.compression_opts.enabled: false
I200514 22:59:53.854277 29 storage/engine/rocksdb.go:120       Options.level0_file_num_compaction_trigger: 2
I200514 22:59:53.854280 29 storage/engine/rocksdb.go:120           Options.level0_slowdown_writes_trigger: 950
I200514 22:59:53.854282 29 storage/engine/rocksdb.go:120               Options.level0_stop_writes_trigger: 1000
I200514 22:59:53.854285 29 storage/engine/rocksdb.go:120                    Options.target_file_size_base: 4194304
I200514 22:59:53.854288 29 storage/engine/rocksdb.go:120              Options.target_file_size_multiplier: 2
I200514 22:59:53.854290 29 storage/engine/rocksdb.go:120                 Options.max_bytes_for_level_base: 67108864
I200514 22:59:53.854293 29 storage/engine/rocksdb.go:120  Options.level_compaction_dynamic_level_bytes: 1
I200514 22:59:53.854319 29 storage/engine/rocksdb.go:120           Options.max_bytes_for_level_multiplier: 10.000000
I200514 22:59:53.854324 29 storage/engine/rocksdb.go:120  Options.max_bytes_for_level_multiplier_addtl[0]: 1
I200514 22:59:53.854327 29 storage/engine/rocksdb.go:120  Options.max_bytes_for_level_multiplier_addtl[1]: 1
I200514 22:59:53.854329 29 storage/engine/rocksdb.go:120  Options.max_bytes_for_level_multiplier_addtl[2]: 1
I200514 22:59:53.854332 29 storage/engine/rocksdb.go:120  Options.max_bytes_for_level_multiplier_addtl[3]: 1
I200514 22:59:53.854335 29 storage/engine/rocksdb.go:120  Options.max_bytes_for_level_multiplier_addtl[4]: 1
I200514 22:59:53.854337 29 storage/engine/rocksdb.go:120  Options.max_bytes_for_level_multiplier_addtl[5]: 1
I200514 22:59:53.854340 29 storage/engine/rocksdb.go:120  Options.max_bytes_for_level_multiplier_addtl[6]: 1
I200514 22:59:53.854343 29 storage/engine/rocksdb.go:120        Options.max_sequential_skip_in_iterations: 8
I200514 22:59:53.854345 29 storage/engine/rocksdb.go:120                     Options.max_compaction_bytes: 104857600
I200514 22:59:53.854348 29 storage/engine/rocksdb.go:120                         Options.arena_block_size: 8388608
I200514 22:59:53.854350 29 storage/engine/rocksdb.go:120    Options.soft_pending_compaction_bytes_limit: 2199023255552
I200514 22:59:53.854353 29 storage/engine/rocksdb.go:120    Options.hard_pending_compaction_bytes_limit: 4400193994752
I200514 22:59:53.854356 29 storage/engine/rocksdb.go:120        Options.rate_limit_delay_max_milliseconds: 100
I200514 22:59:53.854358 29 storage/engine/rocksdb.go:120                 Options.disable_auto_compactions: 0
I200514 22:59:53.854362 29 storage/engine/rocksdb.go:120                         Options.compaction_style: kCompactionStyleLevel
I200514 22:59:53.854365 29 storage/engine/rocksdb.go:120                           Options.compaction_pri: kMinOverlappingRatio
I200514 22:59:53.854367 29 storage/engine/rocksdb.go:120  Options.compaction_options_universal.size_ratio: 1
I200514 22:59:53.854370 29 storage/engine/rocksdb.go:120  Options.compaction_options_universal.min_merge_width: 2
I200514 22:59:53.854373 29 storage/engine/rocksdb.go:120  Options.compaction_options_universal.max_merge_width: 4294967295
I200514 22:59:53.854375 29 storage/engine/rocksdb.go:120  Options.compaction_options_universal.max_size_amplification_percent: 200
I200514 22:59:53.854378 29 storage/engine/rocksdb.go:120  Options.compaction_options_universal.compression_size_percent: -1
I200514 22:59:53.854381 29 storage/engine/rocksdb.go:120  Options.compaction_options_universal.stop_style: kCompactionStopStyleTotalSize
I200514 22:59:53.854383 29 storage/engine/rocksdb.go:120  Options.compaction_options_fifo.max_table_files_size: 1073741824
I200514 22:59:53.854386 29 storage/engine/rocksdb.go:120  Options.compaction_options_fifo.allow_compaction: 0
I200514 22:59:53.854390 29 storage/engine/rocksdb.go:120                    Options.table_properties_collectors: TimeBoundTblPropCollectorFactory; DeleteRangeTblPropCollectorFactory; 
I200514 22:59:53.854394 29 storage/engine/rocksdb.go:120                    Options.inplace_update_support: 0
I200514 22:59:53.854396 29 storage/engine/rocksdb.go:120                  Options.inplace_update_num_locks: 10000
I200514 22:59:53.854399 29 storage/engine/rocksdb.go:120                Options.memtable_prefix_bloom_size_ratio: 0.000000
I200514 22:59:53.854402 29 storage/engine/rocksdb.go:120                Options.memtable_whole_key_filtering: 0
I200514 22:59:53.854405 29 storage/engine/rocksdb.go:120    Options.memtable_huge_page_size: 0
I200514 22:59:53.854407 29 storage/engine/rocksdb.go:120                            Options.bloom_locality: 0
I200514 22:59:53.854410 29 storage/engine/rocksdb.go:120                     Options.max_successive_merges: 0
I200514 22:59:53.854412 29 storage/engine/rocksdb.go:120                 Options.optimize_filters_for_hits: 1
I200514 22:59:53.854415 29 storage/engine/rocksdb.go:120                 Options.paranoid_file_checks: 0
I200514 22:59:53.854417 29 storage/engine/rocksdb.go:120                 Options.force_consistency_checks: 0
I200514 22:59:53.854420 29 storage/engine/rocksdb.go:120                 Options.report_bg_io_stats: 0
I200514 22:59:53.854425 29 storage/engine/rocksdb.go:120                                Options.ttl: 0
I200514 22:59:53.854427 29 storage/engine/rocksdb.go:120           Options.periodic_compaction_seconds: 0
I200514 22:59:53.855360 29 storage/engine/rocksdb.go:120  [db/version_set.cc:4286] Recovered from manifest file:/var/lib/cockroach/cockroach-temp753922549/MANIFEST-000001 succeeded,manifest_file_number is 1, next_file_number is 3, last_sequence is 0, log_number is 0,prev_log_number is 0,max_column_family is 0,min_log_number_to_keep is 0
I200514 22:59:53.855365 29 storage/engine/rocksdb.go:120  [db/version_set.cc:4295] Column family [default] (ID 0), log number is 0
I200514 22:59:53.874512 29 storage/engine/rocksdb.go:120  DB pointer 0x7f268bca4000
I200514 22:59:53.891399 29 storage/engine/rocksdb.go:120  RocksDB version: 6.2.1
I200514 22:59:53.891404 29 storage/engine/rocksdb.go:120  Git sha rocksdb_build_git_sha:@b7009236531fa784872f4823eabf393501e41bf2@
I200514 22:59:53.891407 29 storage/engine/rocksdb.go:120  Compile date Mar 16 2020
I200514 22:59:53.891410 29 storage/engine/rocksdb.go:120  DB SUMMARY
I200514 22:59:53.892397 29 storage/engine/rocksdb.go:120  CURRENT file:  CURRENT
I200514 22:59:53.892401 29 storage/engine/rocksdb.go:120  IDENTITY file:  IDENTITY
I200514 22:59:53.892728 29 storage/engine/rocksdb.go:120  MANIFEST file:  MANIFEST-000801 size: 984 Bytes
I200514 22:59:53.892734 29 storage/engine/rocksdb.go:120  SST files in /var/lib/cockroach dir, Total Num: 4, files: 000795.sst 000805.sst 000806.sst 000807.sst 
I200514 22:59:53.892737 29 storage/engine/rocksdb.go:120  Write Ahead Log file in /var/lib/cockroach: 000802.log size: 18563430 ; 
I200514 22:59:53.892740 29 storage/engine/rocksdb.go:120                          Options.error_if_exists: 0
I200514 22:59:53.892743 29 storage/engine/rocksdb.go:120                        Options.create_if_missing: 1
I200514 22:59:53.892746 29 storage/engine/rocksdb.go:120                          Options.paranoid_checks: 1
I200514 22:59:53.892748 29 storage/engine/rocksdb.go:120                                      Options.env: 0x75757a0
I200514 22:59:53.892751 29 storage/engine/rocksdb.go:120                                 Options.info_log: 0x7f268dc0dce0
I200514 22:59:53.892754 29 storage/engine/rocksdb.go:120                 Options.max_file_opening_threads: 16
I200514 22:59:53.892756 29 storage/engine/rocksdb.go:120                               Options.statistics: 0x7f268dc25010
I200514 22:59:53.892759 29 storage/engine/rocksdb.go:120                                Options.use_fsync: 0
I200514 22:59:53.892762 29 storage/engine/rocksdb.go:120                        Options.max_log_file_size: 0
I200514 22:59:53.892764 29 storage/engine/rocksdb.go:120                   Options.max_manifest_file_size: 134217728
I200514 22:59:53.892767 29 storage/engine/rocksdb.go:120                    Options.log_file_time_to_roll: 0
I200514 22:59:53.892769 29 storage/engine/rocksdb.go:120                        Options.keep_log_file_num: 1000
I200514 22:59:53.892772 29 storage/engine/rocksdb.go:120                     Options.recycle_log_file_num: 1
I200514 22:59:53.892775 29 storage/engine/rocksdb.go:120                          Options.allow_fallocate: 1
I200514 22:59:53.892777 29 storage/engine/rocksdb.go:120                         Options.allow_mmap_reads: 0
I200514 22:59:53.892780 29 storage/engine/rocksdb.go:120                        Options.allow_mmap_writes: 0
I200514 22:59:53.892783 29 storage/engine/rocksdb.go:120                         Options.use_direct_reads: 0
I200514 22:59:53.892785 29 storage/engine/rocksdb.go:120                         Options.use_direct_io_for_flush_and_compaction: 0
I200514 22:59:53.892788 29 storage/engine/rocksdb.go:120           Options.create_missing_column_families: 0
I200514 22:59:53.892791 29 storage/engine/rocksdb.go:120                               Options.db_log_dir: 
I200514 22:59:53.892793 29 storage/engine/rocksdb.go:120                                  Options.wal_dir: /var/lib/cockroach
I200514 22:59:53.892796 29 storage/engine/rocksdb.go:120                 Options.table_cache_numshardbits: 6
I200514 22:59:53.892798 29 storage/engine/rocksdb.go:120                       Options.max_subcompactions: 1
I200514 22:59:53.892801 29 storage/engine/rocksdb.go:120                   Options.max_background_flushes: -1
I200514 22:59:53.892804 29 storage/engine/rocksdb.go:120                          Options.WAL_ttl_seconds: 0
I200514 22:59:53.892806 29 storage/engine/rocksdb.go:120                        Options.WAL_size_limit_MB: 0
I200514 22:59:53.892809 29 storage/engine/rocksdb.go:120              Options.manifest_preallocation_size: 4194304
I200514 22:59:53.892811 29 storage/engine/rocksdb.go:120                      Options.is_fd_close_on_exec: 1
I200514 22:59:53.892814 29 storage/engine/rocksdb.go:120                    Options.advise_random_on_open: 1
I200514 22:59:53.892816 29 storage/engine/rocksdb.go:120                     Options.db_write_buffer_size: 0
I200514 22:59:53.892819 29 storage/engine/rocksdb.go:120                     Options.write_buffer_manager: 0x7f268dc8d030
I200514 22:59:53.892822 29 storage/engine/rocksdb.go:120          Options.access_hint_on_compaction_start: 1
I200514 22:59:53.892825 29 storage/engine/rocksdb.go:120   Options.new_table_reader_for_compaction_inputs: 0
I200514 22:59:53.892827 29 storage/engine/rocksdb.go:120            Options.random_access_max_buffer_size: 1048576
I200514 22:59:53.892830 29 storage/engine/rocksdb.go:120                       Options.use_adaptive_mutex: 0
I200514 22:59:53.892833 29 storage/engine/rocksdb.go:120                             Options.rate_limiter: (nil)
I200514 22:59:53.892836 29 storage/engine/rocksdb.go:120      Options.sst_file_manager.rate_bytes_per_sec: 0
I200514 22:59:53.892838 29 storage/engine/rocksdb.go:120                        Options.wal_recovery_mode: 0
I200514 22:59:53.892841 29 storage/engine/rocksdb.go:120                   Options.enable_thread_tracking: 0
I200514 22:59:53.892867 29 storage/engine/rocksdb.go:120                   Options.enable_pipelined_write: 0
I200514 22:59:53.892873 29 storage/engine/rocksdb.go:120          Options.allow_concurrent_memtable_write: 1
I200514 22:59:53.892878 29 storage/engine/rocksdb.go:120       Options.enable_write_thread_adaptive_yield: 1
I200514 22:59:53.892881 29 storage/engine/rocksdb.go:120              Options.write_thread_max_yield_usec: 100
I200514 22:59:53.892883 29 storage/engine/rocksdb.go:120             Options.write_thread_slow_yield_usec: 3
I200514 22:59:53.892886 29 storage/engine/rocksdb.go:120                                Options.row_cache: None
I200514 22:59:53.892889 29 storage/engine/rocksdb.go:120                               Options.wal_filter: None
I200514 22:59:53.892891 29 storage/engine/rocksdb.go:120              Options.avoid_flush_during_recovery: 0
I200514 22:59:53.892894 29 storage/engine/rocksdb.go:120              Options.allow_ingest_behind: 0
I200514 22:59:53.892897 29 storage/engine/rocksdb.go:120              Options.preserve_deletes: 0
I200514 22:59:53.892900 29 storage/engine/rocksdb.go:120              Options.two_write_queues: 0
I200514 22:59:53.892902 29 storage/engine/rocksdb.go:120              Options.manual_wal_flush: 1
I200514 22:59:53.892905 29 storage/engine/rocksdb.go:120              Options.atomic_flush: 0
I200514 22:59:53.892908 29 storage/engine/rocksdb.go:120              Options.avoid_unnecessary_blocking_io: 0
I200514 22:59:53.892910 29 storage/engine/rocksdb.go:120              Options.max_background_jobs: 2
I200514 22:59:53.892913 29 storage/engine/rocksdb.go:120              Options.max_background_compactions: -1
I200514 22:59:53.892915 29 storage/engine/rocksdb.go:120              Options.avoid_flush_during_shutdown: 0
I200514 22:59:53.892918 29 storage/engine/rocksdb.go:120            Options.writable_file_max_buffer_size: 1048576
I200514 22:59:53.892921 29 storage/engine/rocksdb.go:120              Options.delayed_write_rate : 16777216
I200514 22:59:53.892923 29 storage/engine/rocksdb.go:120              Options.max_total_wal_size: 0
I200514 22:59:53.892926 29 storage/engine/rocksdb.go:120              Options.delete_obsolete_files_period_micros: 21600000000
I200514 22:59:53.892929 29 storage/engine/rocksdb.go:120                    Options.stats_dump_period_sec: 0
I200514 22:59:53.892931 29 storage/engine/rocksdb.go:120                  Options.stats_persist_period_sec: 600
I200514 22:59:53.892934 29 storage/engine/rocksdb.go:120                  Options.stats_history_buffer_size: 1048576
I200514 22:59:53.892936 29 storage/engine/rocksdb.go:120                           Options.max_open_files: 1043576
I200514 22:59:53.892939 29 storage/engine/rocksdb.go:120                           Options.bytes_per_sync: 524288
I200514 22:59:53.892941 29 storage/engine/rocksdb.go:120                       Options.wal_bytes_per_sync: 0
I200514 22:59:53.892944 29 storage/engine/rocksdb.go:120                    Options.strict_bytes_per_sync: 1
I200514 22:59:53.892946 29 storage/engine/rocksdb.go:120        Options.compaction_readahead_size: 0
I200514 22:59:53.892949 29 storage/engine/rocksdb.go:120  Compression algorithms supported:
I200514 22:59:53.892952 29 storage/engine/rocksdb.go:120  	kZSTDNotFinalCompression supported: 0
I200514 22:59:53.892955 29 storage/engine/rocksdb.go:120  	kZSTD supported: 0
I200514 22:59:53.892957 29 storage/engine/rocksdb.go:120  	kXpressCompression supported: 0
I200514 22:59:53.892960 29 storage/engine/rocksdb.go:120  	kLZ4HCCompression supported: 0
I200514 22:59:53.892963 29 storage/engine/rocksdb.go:120  	kLZ4Compression supported: 0
I200514 22:59:53.892965 29 storage/engine/rocksdb.go:120  	kBZip2Compression supported: 0
I200514 22:59:53.892968 29 storage/engine/rocksdb.go:120  	kZlibCompression supported: 0
I200514 22:59:53.892971 29 storage/engine/rocksdb.go:120  	kSnappyCompression supported: 1
I200514 22:59:53.892977 29 storage/engine/rocksdb.go:120  Fast CRC32 supported: Supported on x86
I200514 22:59:53.894910 29 storage/engine/rocksdb.go:120  [db/version_set.cc:4072] Recovering from manifest file: /var/lib/cockroach/MANIFEST-000801
I200514 22:59:53.895562 29 storage/engine/rocksdb.go:120  [db/column_family.cc:488] --------------- Options for column family [default]:
I200514 22:59:53.895568 29 storage/engine/rocksdb.go:120                Options.comparator: cockroach_comparator
I200514 22:59:53.895571 29 storage/engine/rocksdb.go:120            Options.merge_operator: cockroach_merge_operator
I200514 22:59:53.895574 29 storage/engine/rocksdb.go:120         Options.compaction_filter: None
I200514 22:59:53.895577 29 storage/engine/rocksdb.go:120         Options.compaction_filter_factory: None
I200514 22:59:53.895580 29 storage/engine/rocksdb.go:120          Options.memtable_factory: SkipListFactory
I200514 22:59:53.895582 29 storage/engine/rocksdb.go:120             Options.table_factory: BlockBasedTable
I200514 22:59:53.895602 29 storage/engine/rocksdb.go:120             table_factory options:   flush_block_policy_factory: FlushBlockBySizePolicyFactory (0x7f268dc23028)
  cache_index_and_filter_blocks: 0
  cache_index_and_filter_blocks_with_high_priority: 0
  pin_l0_filter_and_index_blocks_in_cache: 0
  pin_top_level_index_and_filter: 1
  index_type: 0
  data_block_index_type: 0
  index_shortening: 1
  data_block_hash_table_util_ratio: 0.750000
  hash_index_allow_collision: 1
  checksum: 1
  no_block_cache: 0
  block_cache: 0x7f268dc14010
  block_cache_name: LRUCache
  block_cache_options:
    capacity : 67108864
    num_shard_bits : 4
    strict_capacity_limit : 0
    memory_allocator : None
    high_pri_pool_ratio: 0.000
  block_cache_compressed: (nil)
  persistent_cache: (nil)
  block_size: 32768
  block_size_deviation: 10
  block_restart_interval: 16
  index_block_restart_interval: 1
  metadata_block_size: 4096
  partition_filters: 0
  use_delta_encoding: 1
  filter_policy: rocksdb.BuiltinBloomFilter
  whole_key_filtering: 0
  verify_compression: 0
  read_amp_bytes_per_bit: 0
  format_version: 2
  enable_index_compression: 1
  block_align: 0
I200514 22:59:53.895606 29 storage/engine/rocksdb.go:120         Options.write_buffer_size: 67108864
I200514 22:59:53.895610 29 storage/engine/rocksdb.go:120   Options.max_write_buffer_number: 4
I200514 22:59:53.895613 29 storage/engine/rocksdb.go:120           Options.compression: Snappy
I200514 22:59:53.895624 29 storage/engine/rocksdb.go:120                   Options.bottommost_compression: Disabled
I200514 22:59:53.895626 29 storage/engine/rocksdb.go:120        Options.prefix_extractor: cockroach_prefix_extractor
I200514 22:59:53.895629 29 storage/engine/rocksdb.go:120    Options.memtable_insert_with_hint_prefix_extractor: nullptr
I200514 22:59:53.895632 29 storage/engine/rocksdb.go:120              Options.num_levels: 7
I200514 22:59:53.895634 29 storage/engine/rocksdb.go:120         Options.min_write_buffer_number_to_merge: 1
I200514 22:59:53.895642 29 storage/engine/rocksdb.go:120      Options.max_write_buffer_number_to_maintain: 0
I200514 22:59:53.895648 29 storage/engine/rocksdb.go:120             Options.bottommost_compression_opts.window_bits: -14
I200514 22:59:53.895650 29 storage/engine/rocksdb.go:120                   Options.bottommost_compression_opts.level: 32767
I200514 22:59:53.895653 29 storage/engine/rocksdb.go:120                Options.bottommost_compression_opts.strategy: 0
I200514 22:59:53.895656 29 storage/engine/rocksdb.go:120          Options.bottommost_compression_opts.max_dict_bytes: 0
I200514 22:59:53.895658 29 storage/engine/rocksdb.go:120          Options.bottommost_compression_opts.zstd_max_train_bytes: 0
I200514 22:59:53.895661 29 storage/engine/rocksdb.go:120                   Options.bottommost_compression_opts.enabled: false
I200514 22:59:53.895664 29 storage/engine/rocksdb.go:120             Options.compression_opts.window_bits: -14
I200514 22:59:53.895666 29 storage/engine/rocksdb.go:120                   Options.compression_opts.level: 32767
I200514 22:59:53.895669 29 storage/engine/rocksdb.go:120                Options.compression_opts.strategy: 0
I200514 22:59:53.895671 29 storage/engine/rocksdb.go:120          Options.compression_opts.max_dict_bytes: 0
I200514 22:59:53.895674 29 storage/engine/rocksdb.go:120          Options.compression_opts.zstd_max_train_bytes: 0
I200514 22:59:53.895677 29 storage/engine/rocksdb.go:120                   Options.compression_opts.enabled: false
I200514 22:59:53.895680 29 storage/engine/rocksdb.go:120       Options.level0_file_num_compaction_trigger: 2
I200514 22:59:53.895682 29 storage/engine/rocksdb.go:120           Options.level0_slowdown_writes_trigger: 950
I200514 22:59:53.895685 29 storage/engine/rocksdb.go:120               Options.level0_stop_writes_trigger: 1000
I200514 22:59:53.895687 29 storage/engine/rocksdb.go:120                    Options.target_file_size_base: 4194304
I200514 22:59:53.895690 29 storage/engine/rocksdb.go:120              Options.target_file_size_multiplier: 2
I200514 22:59:53.895693 29 storage/engine/rocksdb.go:120                 Options.max_bytes_for_level_base: 67108864
I200514 22:59:53.895695 29 storage/engine/rocksdb.go:120  Options.level_compaction_dynamic_level_bytes: 1
I200514 22:59:53.895699 29 storage/engine/rocksdb.go:120           Options.max_bytes_for_level_multiplier: 10.000000
I200514 22:59:53.895701 29 storage/engine/rocksdb.go:120  Options.max_bytes_for_level_multiplier_addtl[0]: 1
I200514 22:59:53.895704 29 storage/engine/rocksdb.go:120  Options.max_bytes_for_level_multiplier_addtl[1]: 1
I200514 22:59:53.895707 29 storage/engine/rocksdb.go:120  Options.max_bytes_for_level_multiplier_addtl[2]: 1
I200514 22:59:53.895728 29 storage/engine/rocksdb.go:120  Options.max_bytes_for_level_multiplier_addtl[3]: 1
I200514 22:59:53.895732 29 storage/engine/rocksdb.go:120  Options.max_bytes_for_level_multiplier_addtl[4]: 1
I200514 22:59:53.895735 29 storage/engine/rocksdb.go:120  Options.max_bytes_for_level_multiplier_addtl[5]: 1
I200514 22:59:53.895738 29 storage/engine/rocksdb.go:120  Options.max_bytes_for_level_multiplier_addtl[6]: 1
I200514 22:59:53.895741 29 storage/engine/rocksdb.go:120        Options.max_sequential_skip_in_iterations: 8
I200514 22:59:53.895743 29 storage/engine/rocksdb.go:120                     Options.max_compaction_bytes: 104857600
I200514 22:59:53.895746 29 storage/engine/rocksdb.go:120                         Options.arena_block_size: 8388608
I200514 22:59:53.895749 29 storage/engine/rocksdb.go:120    Options.soft_pending_compaction_bytes_limit: 2199023255552
I200514 22:59:53.895752 29 storage/engine/rocksdb.go:120    Options.hard_pending_compaction_bytes_limit: 4400193994752
I200514 22:59:53.895754 29 storage/engine/rocksdb.go:120        Options.rate_limit_delay_max_milliseconds: 100
I200514 22:59:53.895757 29 storage/engine/rocksdb.go:120                 Options.disable_auto_compactions: 0
I200514 22:59:53.895761 29 storage/engine/rocksdb.go:120                         Options.compaction_style: kCompactionStyleLevel
I200514 22:59:53.895764 29 storage/engine/rocksdb.go:120                           Options.compaction_pri: kMinOverlappingRatio
I200514 22:59:53.895766 29 storage/engine/rocksdb.go:120  Options.compaction_options_universal.size_ratio: 1
I200514 22:59:53.895769 29 storage/engine/rocksdb.go:120  Options.compaction_options_universal.min_merge_width: 2
I200514 22:59:53.895772 29 storage/engine/rocksdb.go:120  Options.compaction_options_universal.max_merge_width: 4294967295
I200514 22:59:53.895775 29 storage/engine/rocksdb.go:120  Options.compaction_options_universal.max_size_amplification_percent: 200
I200514 22:59:53.895777 29 storage/engine/rocksdb.go:120  Options.compaction_options_universal.compression_size_percent: -1
I200514 22:59:53.895780 29 storage/engine/rocksdb.go:120  Options.compaction_options_universal.stop_style: kCompactionStopStyleTotalSize
I200514 22:59:53.895783 29 storage/engine/rocksdb.go:120  Options.compaction_options_fifo.max_table_files_size: 1073741824
I200514 22:59:53.895785 29 storage/engine/rocksdb.go:120  Options.compaction_options_fifo.allow_compaction: 0
I200514 22:59:53.895789 29 storage/engine/rocksdb.go:120                    Options.table_properties_collectors: TimeBoundTblPropCollectorFactory; DeleteRangeTblPropCollectorFactory; 
I200514 22:59:53.895793 29 storage/engine/rocksdb.go:120                    Options.inplace_update_support: 0
I200514 22:59:53.895797 29 storage/engine/rocksdb.go:120                  Options.inplace_update_num_locks: 10000
I200514 22:59:53.895801 29 storage/engine/rocksdb.go:120                Options.memtable_prefix_bloom_size_ratio: 0.000000
I200514 22:59:53.895803 29 storage/engine/rocksdb.go:120                Options.memtable_whole_key_filtering: 0
I200514 22:59:53.895806 29 storage/engine/rocksdb.go:120    Options.memtable_huge_page_size: 0
I200514 22:59:53.895809 29 storage/engine/rocksdb.go:120                            Options.bloom_locality: 0
I200514 22:59:53.895811 29 storage/engine/rocksdb.go:120                     Options.max_successive_merges: 0
I200514 22:59:53.895814 29 storage/engine/rocksdb.go:120                 Options.optimize_filters_for_hits: 1
I200514 22:59:53.895817 29 storage/engine/rocksdb.go:120                 Options.paranoid_file_checks: 0
I200514 22:59:53.895819 29 storage/engine/rocksdb.go:120                 Options.force_consistency_checks: 0
I200514 22:59:53.895822 29 storage/engine/rocksdb.go:120                 Options.report_bg_io_stats: 0
I200514 22:59:53.895824 29 storage/engine/rocksdb.go:120                                Options.ttl: 0
I200514 22:59:53.895827 29 storage/engine/rocksdb.go:120           Options.periodic_compaction_seconds: 0
I200514 22:59:53.901536 29 storage/engine/rocksdb.go:120  [db/version_set.cc:4286] Recovered from manifest file:/var/lib/cockroach/MANIFEST-000801 succeeded,manifest_file_number is 801, next_file_number is 809, last_sequence is 10543980, log_number is 800,prev_log_number is 0,max_column_family is 0,min_log_number_to_keep is 0
I200514 22:59:53.901542 29 storage/engine/rocksdb.go:120  [db/version_set.cc:4295] Column family [default] (ID 0), log number is 800
I200514 22:59:53.905303 29 storage/engine/rocksdb.go:120  EVENT_LOG_v1 {"time_micros": 1589497193905275, "job": 1, "event": "recovery_started", "log_files": [802]}
I200514 22:59:53.905315 29 storage/engine/rocksdb.go:120  [db/db_impl_open.cc:598] Recovering log #802 mode 0
I200514 22:59:54.189845 29 storage/engine/rocksdb.go:120  EVENT_LOG_v1 {"time_micros": 1589497194189804, "cf_name": "default", "job": 1, "event": "table_file_creation", "file_number": 809, "file_size": 206388, "table_properties": {"data_size": 199582, "index_size": 1835, "index_partitions": 0, "top_level_index_size": 0, "index_key_is_user_key": 0, "index_value_is_delta_encoded": 0, "filter_size": 4677, "raw_key_size": 142335, "raw_average_key_size": 30, "raw_value_size": 961161, "raw_average_value_size": 207, "num_data_blocks": 31, "num_entries": 4637, "num_deletions": 3132, "num_merge_operands": 664, "num_range_deletions": 664, "format_version": 0, "fixed_key_len": 0, "filter_policy": "rocksdb.BuiltinBloomFilter", "column_family_name": "default", "column_family_id": 0, "comparator": "cockroach_comparator", "merge_operator": "cockroach_merge_operator", "prefix_extractor_name": "cockroach_prefix_extractor", "property_collectors": "[TimeBoundTblPropCollectorFactory,DeleteRangeTblPropCollectorFactory]", "compression": "Snappy", "compression_options": "window_bits=-14; level=32767; strategy=0; max_dict_bytes=0; zstd_max_train_bytes=0; enabled=0; ", "creation_time": 1589497194, "oldest_key_time": 3, "file_creation_time": 0}}
I200514 22:59:54.192556 29 storage/engine/rocksdb.go:120  [db/version_set.cc:3560] Creating manifest 810
I200514 22:59:54.209961 29 storage/engine/rocksdb.go:120  EVENT_LOG_v1 {"time_micros": 1589497194209930, "job": 1, "event": "recovery_finished"}
I200514 22:59:54.255763 29 storage/engine/rocksdb.go:120  DB pointer 0x7f268dc9f000
I200514 23:04:17.724541 3452 storage/engine/rocksdb.go:120  bloom filter utility:    -nan%
I200514 23:04:17.724958 3452 storage/engine/rocksdb.go:120  [db/db_impl.cc:392] Shutdown: canceling all background work
I200514 23:04:17.727202 3452 storage/engine/rocksdb.go:120  [db/db_impl.cc:565] Shutdown complete
I200514 23:04:17.739364 3452 storage/engine/rocksdb.go:120  bloom filter utility:    63.7%
I200514 23:04:17.739726 3452 storage/engine/rocksdb.go:120  [db/db_impl.cc:392] Shutdown: canceling all background work
I200514 23:04:17.747287 3452 storage/engine/rocksdb.go:120  [db/db_impl.cc:565] Shutdown complete
