I200520 23:55:01.863271 21 util/log/clog.go:1196  [config] file created at: 2020/05/20 23:55:01
I200520 23:55:01.863271 21 util/log/clog.go:1196  [config] running on machine: 14334c3dd068
I200520 23:55:01.863271 21 util/log/clog.go:1196  [config] binary: CockroachDB CCL v19.2.5 (x86_64-unknown-linux-gnu, built 2020/03/16 18:27:12, go1.12.12)
I200520 23:55:01.863271 21 util/log/clog.go:1196  [config] arguments: [/cockroach/cockroach start --insecure --store=attrs=ssd,path=/var/lib/cockroach/]
I200520 23:55:01.863271 21 util/log/clog.go:1196  line format: [IWEF]yymmdd hh:mm:ss.uuuuuu goid file:line msg utf8=✓
I200520 23:55:01.863270 21 storage/engine/rocksdb.go:120  RocksDB version: 6.2.1
I200520 23:55:01.882493 21 storage/engine/rocksdb.go:120  Git sha rocksdb_build_git_sha:@b7009236531fa784872f4823eabf393501e41bf2@
I200520 23:55:01.882500 21 storage/engine/rocksdb.go:120  Compile date Mar 16 2020
I200520 23:55:01.882504 21 storage/engine/rocksdb.go:120  DB SUMMARY
I200520 23:55:01.883152 21 storage/engine/rocksdb.go:120  SST files in /var/lib/cockroach/cockroach-temp688805657 dir, Total Num: 0, files: 
I200520 23:55:02.152461 21 storage/engine/rocksdb.go:120  Write Ahead Log file in /var/lib/cockroach/cockroach-temp688805657: 
I200520 23:55:02.152467 21 storage/engine/rocksdb.go:120                          Options.error_if_exists: 0
I200520 23:55:02.152470 21 storage/engine/rocksdb.go:120                        Options.create_if_missing: 1
I200520 23:55:02.152473 21 storage/engine/rocksdb.go:120                          Options.paranoid_checks: 1
I200520 23:55:02.152475 21 storage/engine/rocksdb.go:120                                      Options.env: 0x75757a0
I200520 23:55:02.152478 21 storage/engine/rocksdb.go:120                                 Options.info_log: 0x7f9e3b0270e0
I200520 23:55:02.152481 21 storage/engine/rocksdb.go:120                 Options.max_file_opening_threads: 16
I200520 23:55:02.152484 21 storage/engine/rocksdb.go:120                               Options.statistics: 0x7f9e3b034010
I200520 23:55:02.152487 21 storage/engine/rocksdb.go:120                                Options.use_fsync: 0
I200520 23:55:02.152490 21 storage/engine/rocksdb.go:120                        Options.max_log_file_size: 0
I200520 23:55:02.152493 21 storage/engine/rocksdb.go:120                   Options.max_manifest_file_size: 134217728
I200520 23:55:02.152496 21 storage/engine/rocksdb.go:120                    Options.log_file_time_to_roll: 0
I200520 23:55:02.152499 21 storage/engine/rocksdb.go:120                        Options.keep_log_file_num: 1000
I200520 23:55:02.152501 21 storage/engine/rocksdb.go:120                     Options.recycle_log_file_num: 1
I200520 23:55:02.152504 21 storage/engine/rocksdb.go:120                          Options.allow_fallocate: 1
I200520 23:55:02.152506 21 storage/engine/rocksdb.go:120                         Options.allow_mmap_reads: 0
I200520 23:55:02.152509 21 storage/engine/rocksdb.go:120                        Options.allow_mmap_writes: 0
I200520 23:55:02.152512 21 storage/engine/rocksdb.go:120                         Options.use_direct_reads: 0
I200520 23:55:02.152515 21 storage/engine/rocksdb.go:120                         Options.use_direct_io_for_flush_and_compaction: 0
I200520 23:55:02.152518 21 storage/engine/rocksdb.go:120           Options.create_missing_column_families: 0
I200520 23:55:02.152521 21 storage/engine/rocksdb.go:120                               Options.db_log_dir: 
I200520 23:55:02.152523 21 storage/engine/rocksdb.go:120                                  Options.wal_dir: /var/lib/cockroach/cockroach-temp688805657
I200520 23:55:02.152526 21 storage/engine/rocksdb.go:120                 Options.table_cache_numshardbits: 6
I200520 23:55:02.152529 21 storage/engine/rocksdb.go:120                       Options.max_subcompactions: 1
I200520 23:55:02.152531 21 storage/engine/rocksdb.go:120                   Options.max_background_flushes: -1
I200520 23:55:02.152534 21 storage/engine/rocksdb.go:120                          Options.WAL_ttl_seconds: 0
I200520 23:55:02.152537 21 storage/engine/rocksdb.go:120                        Options.WAL_size_limit_MB: 0
I200520 23:55:02.152540 21 storage/engine/rocksdb.go:120              Options.manifest_preallocation_size: 4194304
I200520 23:55:02.152543 21 storage/engine/rocksdb.go:120                      Options.is_fd_close_on_exec: 1
I200520 23:55:02.152546 21 storage/engine/rocksdb.go:120                    Options.advise_random_on_open: 1
I200520 23:55:02.152548 21 storage/engine/rocksdb.go:120                     Options.db_write_buffer_size: 0
I200520 23:55:02.152551 21 storage/engine/rocksdb.go:120                     Options.write_buffer_manager: 0x7f9e3b0190f0
I200520 23:55:02.152555 21 storage/engine/rocksdb.go:120          Options.access_hint_on_compaction_start: 1
I200520 23:55:02.152561 21 storage/engine/rocksdb.go:120   Options.new_table_reader_for_compaction_inputs: 0
I200520 23:55:02.152563 21 storage/engine/rocksdb.go:120            Options.random_access_max_buffer_size: 1048576
I200520 23:55:02.152566 21 storage/engine/rocksdb.go:120                       Options.use_adaptive_mutex: 0
I200520 23:55:02.152569 21 storage/engine/rocksdb.go:120                             Options.rate_limiter: (nil)
I200520 23:55:02.152572 21 storage/engine/rocksdb.go:120      Options.sst_file_manager.rate_bytes_per_sec: 0
I200520 23:55:02.152575 21 storage/engine/rocksdb.go:120                        Options.wal_recovery_mode: 0
I200520 23:55:02.152577 21 storage/engine/rocksdb.go:120                   Options.enable_thread_tracking: 0
I200520 23:55:02.152580 21 storage/engine/rocksdb.go:120                   Options.enable_pipelined_write: 0
I200520 23:55:02.152582 21 storage/engine/rocksdb.go:120          Options.allow_concurrent_memtable_write: 1
I200520 23:55:02.152585 21 storage/engine/rocksdb.go:120       Options.enable_write_thread_adaptive_yield: 1
I200520 23:55:02.152588 21 storage/engine/rocksdb.go:120              Options.write_thread_max_yield_usec: 100
I200520 23:55:02.152591 21 storage/engine/rocksdb.go:120             Options.write_thread_slow_yield_usec: 3
I200520 23:55:02.152593 21 storage/engine/rocksdb.go:120                                Options.row_cache: None
I200520 23:55:02.152596 21 storage/engine/rocksdb.go:120                               Options.wal_filter: None
I200520 23:55:02.152598 21 storage/engine/rocksdb.go:120              Options.avoid_flush_during_recovery: 0
I200520 23:55:02.152601 21 storage/engine/rocksdb.go:120              Options.allow_ingest_behind: 0
I200520 23:55:02.152604 21 storage/engine/rocksdb.go:120              Options.preserve_deletes: 0
I200520 23:55:02.152606 21 storage/engine/rocksdb.go:120              Options.two_write_queues: 0
I200520 23:55:02.152609 21 storage/engine/rocksdb.go:120              Options.manual_wal_flush: 1
I200520 23:55:02.152612 21 storage/engine/rocksdb.go:120              Options.atomic_flush: 0
I200520 23:55:02.152614 21 storage/engine/rocksdb.go:120              Options.avoid_unnecessary_blocking_io: 0
I200520 23:55:02.152645 21 storage/engine/rocksdb.go:120              Options.max_background_jobs: 2
I200520 23:55:02.152648 21 storage/engine/rocksdb.go:120              Options.max_background_compactions: -1
I200520 23:55:02.152651 21 storage/engine/rocksdb.go:120              Options.avoid_flush_during_shutdown: 0
I200520 23:55:02.152665 21 storage/engine/rocksdb.go:120            Options.writable_file_max_buffer_size: 1048576
I200520 23:55:02.152671 21 storage/engine/rocksdb.go:120              Options.delayed_write_rate : 16777216
I200520 23:55:02.152674 21 storage/engine/rocksdb.go:120              Options.max_total_wal_size: 0
I200520 23:55:02.152677 21 storage/engine/rocksdb.go:120              Options.delete_obsolete_files_period_micros: 21600000000
I200520 23:55:02.152680 21 storage/engine/rocksdb.go:120                    Options.stats_dump_period_sec: 0
I200520 23:55:02.152683 21 storage/engine/rocksdb.go:120                  Options.stats_persist_period_sec: 600
I200520 23:55:02.152685 21 storage/engine/rocksdb.go:120                  Options.stats_history_buffer_size: 1048576
I200520 23:55:02.152688 21 storage/engine/rocksdb.go:120                           Options.max_open_files: 128
I200520 23:55:02.152690 21 storage/engine/rocksdb.go:120                           Options.bytes_per_sync: 524288
I200520 23:55:02.152693 21 storage/engine/rocksdb.go:120                       Options.wal_bytes_per_sync: 0
I200520 23:55:02.152696 21 storage/engine/rocksdb.go:120                    Options.strict_bytes_per_sync: 1
I200520 23:55:02.152698 21 storage/engine/rocksdb.go:120        Options.compaction_readahead_size: 0
I200520 23:55:02.152701 21 storage/engine/rocksdb.go:120  Compression algorithms supported:
I200520 23:55:02.152707 21 storage/engine/rocksdb.go:120  	kZSTDNotFinalCompression supported: 0
I200520 23:55:02.152711 21 storage/engine/rocksdb.go:120  	kZSTD supported: 0
I200520 23:55:02.152713 21 storage/engine/rocksdb.go:120  	kXpressCompression supported: 0
I200520 23:55:02.152716 21 storage/engine/rocksdb.go:120  	kLZ4HCCompression supported: 0
I200520 23:55:02.152719 21 storage/engine/rocksdb.go:120  	kLZ4Compression supported: 0
I200520 23:55:02.152722 21 storage/engine/rocksdb.go:120  	kBZip2Compression supported: 0
I200520 23:55:02.152724 21 storage/engine/rocksdb.go:120  	kZlibCompression supported: 0
I200520 23:55:02.152727 21 storage/engine/rocksdb.go:120  	kSnappyCompression supported: 1
I200520 23:55:02.152735 21 storage/engine/rocksdb.go:120  Fast CRC32 supported: Supported on x86
I200520 23:55:02.169559 21 storage/engine/rocksdb.go:120  [db/db_impl_open.cc:242] Creating manifest 1 
I200520 23:55:02.208393 21 storage/engine/rocksdb.go:120  [db/version_set.cc:4072] Recovering from manifest file: /var/lib/cockroach/cockroach-temp688805657/MANIFEST-000001
I200520 23:55:02.209354 21 storage/engine/rocksdb.go:120  [db/column_family.cc:488] --------------- Options for column family [default]:
I200520 23:55:02.209360 21 storage/engine/rocksdb.go:120                Options.comparator: cockroach_comparator
I200520 23:55:02.209363 21 storage/engine/rocksdb.go:120            Options.merge_operator: cockroach_merge_operator
I200520 23:55:02.209366 21 storage/engine/rocksdb.go:120         Options.compaction_filter: None
I200520 23:55:02.209369 21 storage/engine/rocksdb.go:120         Options.compaction_filter_factory: None
I200520 23:55:02.209372 21 storage/engine/rocksdb.go:120          Options.memtable_factory: SkipListFactory
I200520 23:55:02.209375 21 storage/engine/rocksdb.go:120             Options.table_factory: BlockBasedTable
I200520 23:55:02.209395 21 storage/engine/rocksdb.go:120             table_factory options:   flush_block_policy_factory: FlushBlockBySizePolicyFactory (0x7f9e3b028030)
  cache_index_and_filter_blocks: 0
  cache_index_and_filter_blocks_with_high_priority: 0
  pin_l0_filter_and_index_blocks_in_cache: 0
  pin_top_level_index_and_filter: 1
  index_type: 0
  data_block_index_type: 0
  index_shortening: 1
  data_block_hash_table_util_ratio: 0.750000
  hash_index_allow_collision: 1
  checksum: 1
  no_block_cache: 0
  block_cache: 0x7f9e3b01c010
  block_cache_name: LRUCache
  block_cache_options:
    capacity : 1048576
    num_shard_bits : 4
    strict_capacity_limit : 0
    memory_allocator : None
    high_pri_pool_ratio: 0.000
  block_cache_compressed: (nil)
  persistent_cache: (nil)
  block_size: 32768
  block_size_deviation: 10
  block_restart_interval: 16
  index_block_restart_interval: 1
  metadata_block_size: 4096
  partition_filters: 0
  use_delta_encoding: 1
  filter_policy: rocksdb.BuiltinBloomFilter
  whole_key_filtering: 0
  verify_compression: 0
  read_amp_bytes_per_bit: 0
  format_version: 2
  enable_index_compression: 1
  block_align: 0
I200520 23:55:02.209399 21 storage/engine/rocksdb.go:120         Options.write_buffer_size: 67108864
I200520 23:55:02.209403 21 storage/engine/rocksdb.go:120   Options.max_write_buffer_number: 4
I200520 23:55:02.209406 21 storage/engine/rocksdb.go:120           Options.compression: Snappy
I200520 23:55:02.209409 21 storage/engine/rocksdb.go:120                   Options.bottommost_compression: Disabled
I200520 23:55:02.209411 21 storage/engine/rocksdb.go:120        Options.prefix_extractor: cockroach_prefix_extractor
I200520 23:55:02.209414 21 storage/engine/rocksdb.go:120    Options.memtable_insert_with_hint_prefix_extractor: nullptr
I200520 23:55:02.209417 21 storage/engine/rocksdb.go:120              Options.num_levels: 7
I200520 23:55:02.209419 21 storage/engine/rocksdb.go:120         Options.min_write_buffer_number_to_merge: 1
I200520 23:55:02.209422 21 storage/engine/rocksdb.go:120      Options.max_write_buffer_number_to_maintain: 0
I200520 23:55:02.209425 21 storage/engine/rocksdb.go:120             Options.bottommost_compression_opts.window_bits: -14
I200520 23:55:02.209430 21 storage/engine/rocksdb.go:120                   Options.bottommost_compression_opts.level: 32767
I200520 23:55:02.209432 21 storage/engine/rocksdb.go:120                Options.bottommost_compression_opts.strategy: 0
I200520 23:55:02.209435 21 storage/engine/rocksdb.go:120          Options.bottommost_compression_opts.max_dict_bytes: 0
I200520 23:55:02.209438 21 storage/engine/rocksdb.go:120          Options.bottommost_compression_opts.zstd_max_train_bytes: 0
I200520 23:55:02.209440 21 storage/engine/rocksdb.go:120                   Options.bottommost_compression_opts.enabled: false
I200520 23:55:02.209443 21 storage/engine/rocksdb.go:120             Options.compression_opts.window_bits: -14
I200520 23:55:02.209446 21 storage/engine/rocksdb.go:120                   Options.compression_opts.level: 32767
I200520 23:55:02.209448 21 storage/engine/rocksdb.go:120                Options.compression_opts.strategy: 0
I200520 23:55:02.209451 21 storage/engine/rocksdb.go:120          Options.compression_opts.max_dict_bytes: 0
I200520 23:55:02.209454 21 storage/engine/rocksdb.go:120          Options.compression_opts.zstd_max_train_bytes: 0
I200520 23:55:02.209456 21 storage/engine/rocksdb.go:120                   Options.compression_opts.enabled: false
I200520 23:55:02.209459 21 storage/engine/rocksdb.go:120       Options.level0_file_num_compaction_trigger: 2
I200520 23:55:02.209461 21 storage/engine/rocksdb.go:120           Options.level0_slowdown_writes_trigger: 950
I200520 23:55:02.209464 21 storage/engine/rocksdb.go:120               Options.level0_stop_writes_trigger: 1000
I200520 23:55:02.209467 21 storage/engine/rocksdb.go:120                    Options.target_file_size_base: 4194304
I200520 23:55:02.209469 21 storage/engine/rocksdb.go:120              Options.target_file_size_multiplier: 2
I200520 23:55:02.209472 21 storage/engine/rocksdb.go:120                 Options.max_bytes_for_level_base: 67108864
I200520 23:55:02.209475 21 storage/engine/rocksdb.go:120  Options.level_compaction_dynamic_level_bytes: 1
I200520 23:55:02.209478 21 storage/engine/rocksdb.go:120           Options.max_bytes_for_level_multiplier: 10.000000
I200520 23:55:02.209481 21 storage/engine/rocksdb.go:120  Options.max_bytes_for_level_multiplier_addtl[0]: 1
I200520 23:55:02.209483 21 storage/engine/rocksdb.go:120  Options.max_bytes_for_level_multiplier_addtl[1]: 1
I200520 23:55:02.209486 21 storage/engine/rocksdb.go:120  Options.max_bytes_for_level_multiplier_addtl[2]: 1
I200520 23:55:02.209489 21 storage/engine/rocksdb.go:120  Options.max_bytes_for_level_multiplier_addtl[3]: 1
I200520 23:55:02.209492 21 storage/engine/rocksdb.go:120  Options.max_bytes_for_level_multiplier_addtl[4]: 1
I200520 23:55:02.209494 21 storage/engine/rocksdb.go:120  Options.max_bytes_for_level_multiplier_addtl[5]: 1
I200520 23:55:02.209497 21 storage/engine/rocksdb.go:120  Options.max_bytes_for_level_multiplier_addtl[6]: 1
I200520 23:55:02.209503 21 storage/engine/rocksdb.go:120        Options.max_sequential_skip_in_iterations: 8
I200520 23:55:02.209505 21 storage/engine/rocksdb.go:120                     Options.max_compaction_bytes: 104857600
I200520 23:55:02.209508 21 storage/engine/rocksdb.go:120                         Options.arena_block_size: 8388608
I200520 23:55:02.209511 21 storage/engine/rocksdb.go:120    Options.soft_pending_compaction_bytes_limit: 2199023255552
I200520 23:55:02.209514 21 storage/engine/rocksdb.go:120    Options.hard_pending_compaction_bytes_limit: 4400193994752
I200520 23:55:02.209516 21 storage/engine/rocksdb.go:120        Options.rate_limit_delay_max_milliseconds: 100
I200520 23:55:02.209519 21 storage/engine/rocksdb.go:120                 Options.disable_auto_compactions: 0
I200520 23:55:02.209522 21 storage/engine/rocksdb.go:120                         Options.compaction_style: kCompactionStyleLevel
I200520 23:55:02.209525 21 storage/engine/rocksdb.go:120                           Options.compaction_pri: kMinOverlappingRatio
I200520 23:55:02.209528 21 storage/engine/rocksdb.go:120  Options.compaction_options_universal.size_ratio: 1
I200520 23:55:02.209531 21 storage/engine/rocksdb.go:120  Options.compaction_options_universal.min_merge_width: 2
I200520 23:55:02.209534 21 storage/engine/rocksdb.go:120  Options.compaction_options_universal.max_merge_width: 4294967295
I200520 23:55:02.209537 21 storage/engine/rocksdb.go:120  Options.compaction_options_universal.max_size_amplification_percent: 200
I200520 23:55:02.209539 21 storage/engine/rocksdb.go:120  Options.compaction_options_universal.compression_size_percent: -1
I200520 23:55:02.209542 21 storage/engine/rocksdb.go:120  Options.compaction_options_universal.stop_style: kCompactionStopStyleTotalSize
I200520 23:55:02.209545 21 storage/engine/rocksdb.go:120  Options.compaction_options_fifo.max_table_files_size: 1073741824
I200520 23:55:02.209548 21 storage/engine/rocksdb.go:120  Options.compaction_options_fifo.allow_compaction: 0
I200520 23:55:02.209551 21 storage/engine/rocksdb.go:120                    Options.table_properties_collectors: TimeBoundTblPropCollectorFactory; DeleteRangeTblPropCollectorFactory; 
I200520 23:55:02.209554 21 storage/engine/rocksdb.go:120                    Options.inplace_update_support: 0
I200520 23:55:02.209557 21 storage/engine/rocksdb.go:120                  Options.inplace_update_num_locks: 10000
I200520 23:55:02.209560 21 storage/engine/rocksdb.go:120                Options.memtable_prefix_bloom_size_ratio: 0.000000
I200520 23:55:02.209562 21 storage/engine/rocksdb.go:120                Options.memtable_whole_key_filtering: 0
I200520 23:55:02.209566 21 storage/engine/rocksdb.go:120    Options.memtable_huge_page_size: 0
I200520 23:55:02.209568 21 storage/engine/rocksdb.go:120                            Options.bloom_locality: 0
I200520 23:55:02.209571 21 storage/engine/rocksdb.go:120                     Options.max_successive_merges: 0
I200520 23:55:02.209573 21 storage/engine/rocksdb.go:120                 Options.optimize_filters_for_hits: 1
I200520 23:55:02.209576 21 storage/engine/rocksdb.go:120                 Options.paranoid_file_checks: 0
I200520 23:55:02.209579 21 storage/engine/rocksdb.go:120                 Options.force_consistency_checks: 0
I200520 23:55:02.209581 21 storage/engine/rocksdb.go:120                 Options.report_bg_io_stats: 0
I200520 23:55:02.209584 21 storage/engine/rocksdb.go:120                                Options.ttl: 0
I200520 23:55:02.209587 21 storage/engine/rocksdb.go:120           Options.periodic_compaction_seconds: 0
I200520 23:55:02.210742 21 storage/engine/rocksdb.go:120  [db/version_set.cc:4286] Recovered from manifest file:/var/lib/cockroach/cockroach-temp688805657/MANIFEST-000001 succeeded,manifest_file_number is 1, next_file_number is 3, last_sequence is 0, log_number is 0,prev_log_number is 0,max_column_family is 0,min_log_number_to_keep is 0
I200520 23:55:02.210747 21 storage/engine/rocksdb.go:120  [db/version_set.cc:4295] Column family [default] (ID 0), log number is 0
I200520 23:55:02.234640 21 storage/engine/rocksdb.go:120  DB pointer 0x7f9e3b0a4000
I200520 23:55:02.255758 21 storage/engine/rocksdb.go:120  RocksDB version: 6.2.1
I200520 23:55:02.255766 21 storage/engine/rocksdb.go:120  Git sha rocksdb_build_git_sha:@b7009236531fa784872f4823eabf393501e41bf2@
I200520 23:55:02.255769 21 storage/engine/rocksdb.go:120  Compile date Mar 16 2020
I200520 23:55:02.255772 21 storage/engine/rocksdb.go:120  DB SUMMARY
I200520 23:55:02.256680 21 storage/engine/rocksdb.go:120  CURRENT file:  CURRENT
I200520 23:55:02.256684 21 storage/engine/rocksdb.go:120  IDENTITY file:  IDENTITY
I200520 23:55:02.257525 21 storage/engine/rocksdb.go:120  MANIFEST file:  MANIFEST-001049 size: 905 Bytes
I200520 23:55:02.257531 21 storage/engine/rocksdb.go:120  SST files in /var/lib/cockroach dir, Total Num: 7, files: 001041.sst 001042.sst 001043.sst 001044.sst 001045.sst 001046.sst 001048.sst 
I200520 23:55:02.257534 21 storage/engine/rocksdb.go:120  Write Ahead Log file in /var/lib/cockroach: 001050.log size: 935295 ; 
I200520 23:55:02.257538 21 storage/engine/rocksdb.go:120                          Options.error_if_exists: 0
I200520 23:55:02.257545 21 storage/engine/rocksdb.go:120                        Options.create_if_missing: 1
I200520 23:55:02.257547 21 storage/engine/rocksdb.go:120                          Options.paranoid_checks: 1
I200520 23:55:02.257550 21 storage/engine/rocksdb.go:120                                      Options.env: 0x75757a0
I200520 23:55:02.257553 21 storage/engine/rocksdb.go:120                                 Options.info_log: 0x7f9e43687f00
I200520 23:55:02.257556 21 storage/engine/rocksdb.go:120                 Options.max_file_opening_threads: 16
I200520 23:55:02.257558 21 storage/engine/rocksdb.go:120                               Options.statistics: 0x7f9e4361d8d0
I200520 23:55:02.257561 21 storage/engine/rocksdb.go:120                                Options.use_fsync: 0
I200520 23:55:02.257611 21 storage/engine/rocksdb.go:120                        Options.max_log_file_size: 0
I200520 23:55:02.257669 21 storage/engine/rocksdb.go:120                   Options.max_manifest_file_size: 134217728
I200520 23:55:02.257675 21 storage/engine/rocksdb.go:120                    Options.log_file_time_to_roll: 0
I200520 23:55:02.257678 21 storage/engine/rocksdb.go:120                        Options.keep_log_file_num: 1000
I200520 23:55:02.257681 21 storage/engine/rocksdb.go:120                     Options.recycle_log_file_num: 1
I200520 23:55:02.257684 21 storage/engine/rocksdb.go:120                          Options.allow_fallocate: 1
I200520 23:55:02.257687 21 storage/engine/rocksdb.go:120                         Options.allow_mmap_reads: 0
I200520 23:55:02.257690 21 storage/engine/rocksdb.go:120                        Options.allow_mmap_writes: 0
I200520 23:55:02.257693 21 storage/engine/rocksdb.go:120                         Options.use_direct_reads: 0
I200520 23:55:02.257695 21 storage/engine/rocksdb.go:120                         Options.use_direct_io_for_flush_and_compaction: 0
I200520 23:55:02.257698 21 storage/engine/rocksdb.go:120           Options.create_missing_column_families: 0
I200520 23:55:02.257701 21 storage/engine/rocksdb.go:120                               Options.db_log_dir: 
I200520 23:55:02.257704 21 storage/engine/rocksdb.go:120                                  Options.wal_dir: /var/lib/cockroach
I200520 23:55:02.257707 21 storage/engine/rocksdb.go:120                 Options.table_cache_numshardbits: 6
I200520 23:55:02.257710 21 storage/engine/rocksdb.go:120                       Options.max_subcompactions: 1
I200520 23:55:02.257712 21 storage/engine/rocksdb.go:120                   Options.max_background_flushes: -1
I200520 23:55:02.257715 21 storage/engine/rocksdb.go:120                          Options.WAL_ttl_seconds: 0
I200520 23:55:02.257718 21 storage/engine/rocksdb.go:120                        Options.WAL_size_limit_MB: 0
I200520 23:55:02.257721 21 storage/engine/rocksdb.go:120              Options.manifest_preallocation_size: 4194304
I200520 23:55:02.257723 21 storage/engine/rocksdb.go:120                      Options.is_fd_close_on_exec: 1
I200520 23:55:02.257726 21 storage/engine/rocksdb.go:120                    Options.advise_random_on_open: 1
I200520 23:55:02.257728 21 storage/engine/rocksdb.go:120                     Options.db_write_buffer_size: 0
I200520 23:55:02.257731 21 storage/engine/rocksdb.go:120                     Options.write_buffer_manager: 0x7f9e43660cb0
I200520 23:55:02.257733 21 storage/engine/rocksdb.go:120          Options.access_hint_on_compaction_start: 1
I200520 23:55:02.257736 21 storage/engine/rocksdb.go:120   Options.new_table_reader_for_compaction_inputs: 0
I200520 23:55:02.257739 21 storage/engine/rocksdb.go:120            Options.random_access_max_buffer_size: 1048576
I200520 23:55:02.257742 21 storage/engine/rocksdb.go:120                       Options.use_adaptive_mutex: 0
I200520 23:55:02.257745 21 storage/engine/rocksdb.go:120                             Options.rate_limiter: (nil)
I200520 23:55:02.257748 21 storage/engine/rocksdb.go:120      Options.sst_file_manager.rate_bytes_per_sec: 0
I200520 23:55:02.257754 21 storage/engine/rocksdb.go:120                        Options.wal_recovery_mode: 0
I200520 23:55:02.257757 21 storage/engine/rocksdb.go:120                   Options.enable_thread_tracking: 0
I200520 23:55:02.257759 21 storage/engine/rocksdb.go:120                   Options.enable_pipelined_write: 0
I200520 23:55:02.257762 21 storage/engine/rocksdb.go:120          Options.allow_concurrent_memtable_write: 1
I200520 23:55:02.257764 21 storage/engine/rocksdb.go:120       Options.enable_write_thread_adaptive_yield: 1
I200520 23:55:02.257767 21 storage/engine/rocksdb.go:120              Options.write_thread_max_yield_usec: 100
I200520 23:55:02.257770 21 storage/engine/rocksdb.go:120             Options.write_thread_slow_yield_usec: 3
I200520 23:55:02.257773 21 storage/engine/rocksdb.go:120                                Options.row_cache: None
I200520 23:55:02.257776 21 storage/engine/rocksdb.go:120                               Options.wal_filter: None
I200520 23:55:02.257778 21 storage/engine/rocksdb.go:120              Options.avoid_flush_during_recovery: 0
I200520 23:55:02.257781 21 storage/engine/rocksdb.go:120              Options.allow_ingest_behind: 0
I200520 23:55:02.257784 21 storage/engine/rocksdb.go:120              Options.preserve_deletes: 0
I200520 23:55:02.257786 21 storage/engine/rocksdb.go:120              Options.two_write_queues: 0
I200520 23:55:02.257789 21 storage/engine/rocksdb.go:120              Options.manual_wal_flush: 1
I200520 23:55:02.257791 21 storage/engine/rocksdb.go:120              Options.atomic_flush: 0
I200520 23:55:02.257794 21 storage/engine/rocksdb.go:120              Options.avoid_unnecessary_blocking_io: 0
I200520 23:55:02.257797 21 storage/engine/rocksdb.go:120              Options.max_background_jobs: 2
I200520 23:55:02.257799 21 storage/engine/rocksdb.go:120              Options.max_background_compactions: -1
I200520 23:55:02.257802 21 storage/engine/rocksdb.go:120              Options.avoid_flush_during_shutdown: 0
I200520 23:55:02.257804 21 storage/engine/rocksdb.go:120            Options.writable_file_max_buffer_size: 1048576
I200520 23:55:02.257807 21 storage/engine/rocksdb.go:120              Options.delayed_write_rate : 16777216
I200520 23:55:02.257809 21 storage/engine/rocksdb.go:120              Options.max_total_wal_size: 0
I200520 23:55:02.257812 21 storage/engine/rocksdb.go:120              Options.delete_obsolete_files_period_micros: 21600000000
I200520 23:55:02.257815 21 storage/engine/rocksdb.go:120                    Options.stats_dump_period_sec: 0
I200520 23:55:02.257818 21 storage/engine/rocksdb.go:120                  Options.stats_persist_period_sec: 600
I200520 23:55:02.257820 21 storage/engine/rocksdb.go:120                  Options.stats_history_buffer_size: 1048576
I200520 23:55:02.257823 21 storage/engine/rocksdb.go:120                           Options.max_open_files: 1043576
I200520 23:55:02.257825 21 storage/engine/rocksdb.go:120                           Options.bytes_per_sync: 524288
I200520 23:55:02.257829 21 storage/engine/rocksdb.go:120                       Options.wal_bytes_per_sync: 0
I200520 23:55:02.257833 21 storage/engine/rocksdb.go:120                    Options.strict_bytes_per_sync: 1
I200520 23:55:02.257836 21 storage/engine/rocksdb.go:120        Options.compaction_readahead_size: 0
I200520 23:55:02.257839 21 storage/engine/rocksdb.go:120  Compression algorithms supported:
I200520 23:55:02.257842 21 storage/engine/rocksdb.go:120  	kZSTDNotFinalCompression supported: 0
I200520 23:55:02.257845 21 storage/engine/rocksdb.go:120  	kZSTD supported: 0
I200520 23:55:02.257848 21 storage/engine/rocksdb.go:120  	kXpressCompression supported: 0
I200520 23:55:02.257850 21 storage/engine/rocksdb.go:120  	kLZ4HCCompression supported: 0
I200520 23:55:02.257853 21 storage/engine/rocksdb.go:120  	kLZ4Compression supported: 0
I200520 23:55:02.257856 21 storage/engine/rocksdb.go:120  	kBZip2Compression supported: 0
I200520 23:55:02.257858 21 storage/engine/rocksdb.go:120  	kZlibCompression supported: 0
I200520 23:55:02.257861 21 storage/engine/rocksdb.go:120  	kSnappyCompression supported: 1
I200520 23:55:02.257869 21 storage/engine/rocksdb.go:120  Fast CRC32 supported: Supported on x86
I200520 23:55:02.259724 21 storage/engine/rocksdb.go:120  [db/version_set.cc:4072] Recovering from manifest file: /var/lib/cockroach/MANIFEST-001049
I200520 23:55:02.260589 21 storage/engine/rocksdb.go:120  [db/column_family.cc:488] --------------- Options for column family [default]:
I200520 23:55:02.260594 21 storage/engine/rocksdb.go:120                Options.comparator: cockroach_comparator
I200520 23:55:02.260718 21 storage/engine/rocksdb.go:120            Options.merge_operator: cockroach_merge_operator
I200520 23:55:02.260725 21 storage/engine/rocksdb.go:120         Options.compaction_filter: None
I200520 23:55:02.260728 21 storage/engine/rocksdb.go:120         Options.compaction_filter_factory: None
I200520 23:55:02.260731 21 storage/engine/rocksdb.go:120          Options.memtable_factory: SkipListFactory
I200520 23:55:02.260733 21 storage/engine/rocksdb.go:120             Options.table_factory: BlockBasedTable
I200520 23:55:02.260754 21 storage/engine/rocksdb.go:120             table_factory options:   flush_block_policy_factory: FlushBlockBySizePolicyFactory (0x7f9e43624038)
  cache_index_and_filter_blocks: 0
  cache_index_and_filter_blocks_with_high_priority: 0
  pin_l0_filter_and_index_blocks_in_cache: 0
  pin_top_level_index_and_filter: 1
  index_type: 0
  data_block_index_type: 0
  index_shortening: 1
  data_block_hash_table_util_ratio: 0.750000
  hash_index_allow_collision: 1
  checksum: 1
  no_block_cache: 0
  block_cache: 0x7f9e4367a190
  block_cache_name: LRUCache
  block_cache_options:
    capacity : 67108864
    num_shard_bits : 4
    strict_capacity_limit : 0
    memory_allocator : None
    high_pri_pool_ratio: 0.000
  block_cache_compressed: (nil)
  persistent_cache: (nil)
  block_size: 32768
  block_size_deviation: 10
  block_restart_interval: 16
  index_block_restart_interval: 1
  metadata_block_size: 4096
  partition_filters: 0
  use_delta_encoding: 1
  filter_policy: rocksdb.BuiltinBloomFilter
  whole_key_filtering: 0
  verify_compression: 0
  read_amp_bytes_per_bit: 0
  format_version: 2
  enable_index_compression: 1
  block_align: 0
I200520 23:55:02.260759 21 storage/engine/rocksdb.go:120         Options.write_buffer_size: 67108864
I200520 23:55:02.260762 21 storage/engine/rocksdb.go:120   Options.max_write_buffer_number: 4
I200520 23:55:02.260765 21 storage/engine/rocksdb.go:120           Options.compression: Snappy
I200520 23:55:02.260768 21 storage/engine/rocksdb.go:120                   Options.bottommost_compression: Disabled
I200520 23:55:02.260771 21 storage/engine/rocksdb.go:120        Options.prefix_extractor: cockroach_prefix_extractor
I200520 23:55:02.260774 21 storage/engine/rocksdb.go:120    Options.memtable_insert_with_hint_prefix_extractor: nullptr
I200520 23:55:02.260803 21 storage/engine/rocksdb.go:120              Options.num_levels: 7
I200520 23:55:02.260807 21 storage/engine/rocksdb.go:120         Options.min_write_buffer_number_to_merge: 1
I200520 23:55:02.260809 21 storage/engine/rocksdb.go:120      Options.max_write_buffer_number_to_maintain: 0
I200520 23:55:02.260812 21 storage/engine/rocksdb.go:120             Options.bottommost_compression_opts.window_bits: -14
I200520 23:55:02.260815 21 storage/engine/rocksdb.go:120                   Options.bottommost_compression_opts.level: 32767
I200520 23:55:02.260818 21 storage/engine/rocksdb.go:120                Options.bottommost_compression_opts.strategy: 0
I200520 23:55:02.260821 21 storage/engine/rocksdb.go:120          Options.bottommost_compression_opts.max_dict_bytes: 0
I200520 23:55:02.260823 21 storage/engine/rocksdb.go:120          Options.bottommost_compression_opts.zstd_max_train_bytes: 0
I200520 23:55:02.260826 21 storage/engine/rocksdb.go:120                   Options.bottommost_compression_opts.enabled: false
I200520 23:55:02.260830 21 storage/engine/rocksdb.go:120             Options.compression_opts.window_bits: -14
I200520 23:55:02.260833 21 storage/engine/rocksdb.go:120                   Options.compression_opts.level: 32767
I200520 23:55:02.260840 21 storage/engine/rocksdb.go:120                Options.compression_opts.strategy: 0
I200520 23:55:02.260843 21 storage/engine/rocksdb.go:120          Options.compression_opts.max_dict_bytes: 0
I200520 23:55:02.260846 21 storage/engine/rocksdb.go:120          Options.compression_opts.zstd_max_train_bytes: 0
I200520 23:55:02.260848 21 storage/engine/rocksdb.go:120                   Options.compression_opts.enabled: false
I200520 23:55:02.260851 21 storage/engine/rocksdb.go:120       Options.level0_file_num_compaction_trigger: 2
I200520 23:55:02.260854 21 storage/engine/rocksdb.go:120           Options.level0_slowdown_writes_trigger: 950
I200520 23:55:02.260856 21 storage/engine/rocksdb.go:120               Options.level0_stop_writes_trigger: 1000
I200520 23:55:02.260882 21 storage/engine/rocksdb.go:120                    Options.target_file_size_base: 4194304
I200520 23:55:02.260888 21 storage/engine/rocksdb.go:120              Options.target_file_size_multiplier: 2
I200520 23:55:02.260890 21 storage/engine/rocksdb.go:120                 Options.max_bytes_for_level_base: 67108864
I200520 23:55:02.260893 21 storage/engine/rocksdb.go:120  Options.level_compaction_dynamic_level_bytes: 1
I200520 23:55:02.260897 21 storage/engine/rocksdb.go:120           Options.max_bytes_for_level_multiplier: 10.000000
I200520 23:55:02.260900 21 storage/engine/rocksdb.go:120  Options.max_bytes_for_level_multiplier_addtl[0]: 1
I200520 23:55:02.260902 21 storage/engine/rocksdb.go:120  Options.max_bytes_for_level_multiplier_addtl[1]: 1
I200520 23:55:02.260905 21 storage/engine/rocksdb.go:120  Options.max_bytes_for_level_multiplier_addtl[2]: 1
I200520 23:55:02.260908 21 storage/engine/rocksdb.go:120  Options.max_bytes_for_level_multiplier_addtl[3]: 1
I200520 23:55:02.260910 21 storage/engine/rocksdb.go:120  Options.max_bytes_for_level_multiplier_addtl[4]: 1
I200520 23:55:02.260913 21 storage/engine/rocksdb.go:120  Options.max_bytes_for_level_multiplier_addtl[5]: 1
I200520 23:55:02.260915 21 storage/engine/rocksdb.go:120  Options.max_bytes_for_level_multiplier_addtl[6]: 1
I200520 23:55:02.260918 21 storage/engine/rocksdb.go:120        Options.max_sequential_skip_in_iterations: 8
I200520 23:55:02.260921 21 storage/engine/rocksdb.go:120                     Options.max_compaction_bytes: 104857600
I200520 23:55:02.260923 21 storage/engine/rocksdb.go:120                         Options.arena_block_size: 8388608
I200520 23:55:02.260926 21 storage/engine/rocksdb.go:120    Options.soft_pending_compaction_bytes_limit: 2199023255552
I200520 23:55:02.260929 21 storage/engine/rocksdb.go:120    Options.hard_pending_compaction_bytes_limit: 4400193994752
I200520 23:55:02.260932 21 storage/engine/rocksdb.go:120        Options.rate_limit_delay_max_milliseconds: 100
I200520 23:55:02.260934 21 storage/engine/rocksdb.go:120                 Options.disable_auto_compactions: 0
I200520 23:55:02.260938 21 storage/engine/rocksdb.go:120                         Options.compaction_style: kCompactionStyleLevel
I200520 23:55:02.260963 21 storage/engine/rocksdb.go:120                           Options.compaction_pri: kMinOverlappingRatio
I200520 23:55:02.260970 21 storage/engine/rocksdb.go:120  Options.compaction_options_universal.size_ratio: 1
I200520 23:55:02.260973 21 storage/engine/rocksdb.go:120  Options.compaction_options_universal.min_merge_width: 2
I200520 23:55:02.260975 21 storage/engine/rocksdb.go:120  Options.compaction_options_universal.max_merge_width: 4294967295
I200520 23:55:02.260978 21 storage/engine/rocksdb.go:120  Options.compaction_options_universal.max_size_amplification_percent: 200
I200520 23:55:02.260980 21 storage/engine/rocksdb.go:120  Options.compaction_options_universal.compression_size_percent: -1
I200520 23:55:02.260984 21 storage/engine/rocksdb.go:120  Options.compaction_options_universal.stop_style: kCompactionStopStyleTotalSize
I200520 23:55:02.260987 21 storage/engine/rocksdb.go:120  Options.compaction_options_fifo.max_table_files_size: 1073741824
I200520 23:55:02.260992 21 storage/engine/rocksdb.go:120  Options.compaction_options_fifo.allow_compaction: 0
I200520 23:55:02.260996 21 storage/engine/rocksdb.go:120                    Options.table_properties_collectors: TimeBoundTblPropCollectorFactory; DeleteRangeTblPropCollectorFactory; 
I200520 23:55:02.261000 21 storage/engine/rocksdb.go:120                    Options.inplace_update_support: 0
I200520 23:55:02.261002 21 storage/engine/rocksdb.go:120                  Options.inplace_update_num_locks: 10000
I200520 23:55:02.261006 21 storage/engine/rocksdb.go:120                Options.memtable_prefix_bloom_size_ratio: 0.000000
I200520 23:55:02.261009 21 storage/engine/rocksdb.go:120                Options.memtable_whole_key_filtering: 0
I200520 23:55:02.261011 21 storage/engine/rocksdb.go:120    Options.memtable_huge_page_size: 0
I200520 23:55:02.261014 21 storage/engine/rocksdb.go:120                            Options.bloom_locality: 0
I200520 23:55:02.261020 21 storage/engine/rocksdb.go:120                     Options.max_successive_merges: 0
I200520 23:55:02.261023 21 storage/engine/rocksdb.go:120                 Options.optimize_filters_for_hits: 1
I200520 23:55:02.261051 21 storage/engine/rocksdb.go:120                 Options.paranoid_file_checks: 0
I200520 23:55:02.261055 21 storage/engine/rocksdb.go:120                 Options.force_consistency_checks: 0
I200520 23:55:02.261058 21 storage/engine/rocksdb.go:120                 Options.report_bg_io_stats: 0
I200520 23:55:02.261060 21 storage/engine/rocksdb.go:120                                Options.ttl: 0
I200520 23:55:02.261063 21 storage/engine/rocksdb.go:120           Options.periodic_compaction_seconds: 0
I200520 23:55:02.267340 21 storage/engine/rocksdb.go:120  [db/version_set.cc:4286] Recovered from manifest file:/var/lib/cockroach/MANIFEST-001049 succeeded,manifest_file_number is 1049, next_file_number is 1051, last_sequence is 19239865, log_number is 1039,prev_log_number is 0,max_column_family is 0,min_log_number_to_keep is 0
I200520 23:55:02.267348 21 storage/engine/rocksdb.go:120  [db/version_set.cc:4295] Column family [default] (ID 0), log number is 1039
I200520 23:55:02.270282 21 storage/engine/rocksdb.go:120  EVENT_LOG_v1 {"time_micros": 1590018902270264, "job": 1, "event": "recovery_started", "log_files": [1050]}
I200520 23:55:02.270291 21 storage/engine/rocksdb.go:120  [db/db_impl_open.cc:598] Recovering log #1050 mode 0
I200520 23:55:02.298765 21 storage/engine/rocksdb.go:120  EVENT_LOG_v1 {"time_micros": 1590018902298601, "cf_name": "default", "job": 1, "event": "table_file_creation", "file_number": 1051, "file_size": 83609, "table_properties": {"data_size": 80677, "index_size": 468, "index_partitions": 0, "top_level_index_size": 0, "index_key_is_user_key": 0, "index_value_is_delta_encoded": 0, "filter_size": 1605, "raw_key_size": 51210, "raw_average_key_size": 41, "raw_value_size": 337191, "raw_average_value_size": 273, "num_data_blocks": 11, "num_entries": 1231, "num_deletions": 133, "num_merge_operands": 664, "num_range_deletions": 664, "format_version": 0, "fixed_key_len": 0, "filter_policy": "rocksdb.BuiltinBloomFilter", "column_family_name": "default", "column_family_id": 0, "comparator": "cockroach_comparator", "merge_operator": "cockroach_merge_operator", "prefix_extractor_name": "cockroach_prefix_extractor", "property_collectors": "[TimeBoundTblPropCollectorFactory,DeleteRangeTblPropCollectorFactory]", "compression": "Snappy", "compression_options": "window_bits=-14; level=32767; strategy=0; max_dict_bytes=0; zstd_max_train_bytes=0; enabled=0; ", "creation_time": 1590018902, "oldest_key_time": 3, "file_creation_time": 0}}
I200520 23:55:02.299103 21 storage/engine/rocksdb.go:120  [db/version_set.cc:3560] Creating manifest 1052
I200520 23:55:02.314022 21 storage/engine/rocksdb.go:120  EVENT_LOG_v1 {"time_micros": 1590018902313978, "job": 1, "event": "recovery_finished"}
I200520 23:55:02.338027 17 storage/engine/rocksdb.go:120  [db/compaction_job.cc:1647] [default] [JOB 3] Compacting 2@0 + 6@6 files to L6, score 1.00
I200520 23:55:02.338041 17 storage/engine/rocksdb.go:120  [db/compaction_job.cc:1651] [default] Compaction start summary: Base version 2 Base level 0, inputs: [1051(81KB) 1048(61KB)], [1041(4116KB) 1042(4122KB) 1043(4117KB) 1044(4114KB) 1045(4116KB) 1046(1424KB)]
I200520 23:55:02.338072 17 storage/engine/rocksdb.go:120  EVENT_LOG_v1 {"time_micros": 1590018902338058, "job": 3, "event": "compaction_started", "compaction_reason": "LevelL0FilesNum", "files_L0": [1051, 1048], "files_L6": [1041, 1042, 1043, 1044, 1045, 1046], "score": 1, "input_data_size": 22687809}
I200520 23:55:02.352439 21 storage/engine/rocksdb.go:120  DB pointer 0x7f9e43770000
I200520 23:55:02.467345 17 storage/engine/rocksdb.go:120  [db/compaction_job.cc:1334] [default] [JOB 3] Generated table #1056: 11960 keys, 4215167 bytes
I200520 23:55:02.467475 17 storage/engine/rocksdb.go:120  EVENT_LOG_v1 {"time_micros": 1590018902467371, "cf_name": "default", "job": 3, "event": "table_file_creation", "file_number": 1056, "file_size": 4215167, "table_properties": {"data_size": 4196738, "index_size": 66451, "index_partitions": 0, "top_level_index_size": 0, "index_key_is_user_key": 0, "index_value_is_delta_encoded": 0, "filter_size": 0, "raw_key_size": 596671, "raw_average_key_size": 49, "raw_value_size": 30258084, "raw_average_value_size": 2529, "num_data_blocks": 970, "num_entries": 11960, "num_deletions": 0, "num_merge_operands": 0, "num_range_deletions": 0, "format_version": 0, "fixed_key_len": 0, "filter_policy": "rocksdb.BuiltinBloomFilter", "column_family_name": "default", "column_family_id": 0, "comparator": "cockroach_comparator", "merge_operator": "cockroach_merge_operator", "prefix_extractor_name": "cockroach_prefix_extractor", "property_collectors": "[TimeBoundTblPropCollectorFactory,DeleteRangeTblPropCollectorFactory]", "compression": "Snappy", "compression_options": "window_bits=-14; level=32767; strategy=0; max_dict_bytes=0; zstd_max_train_bytes=0; enabled=0; ", "creation_time": 1590018902, "oldest_key_time": 0, "file_creation_time": 1590018902}}
I200520 23:55:02.554328 17 storage/engine/rocksdb.go:120  [db/compaction_job.cc:1334] [default] [JOB 3] Generated table #1057: 13405 keys, 4220067 bytes
I200520 23:55:02.554378 17 storage/engine/rocksdb.go:120  EVENT_LOG_v1 {"time_micros": 1590018902554353, "cf_name": "default", "job": 3, "event": "table_file_creation", "file_number": 1057, "file_size": 4220067, "table_properties": {"data_size": 4195028, "index_size": 95123, "index_partitions": 0, "top_level_index_size": 0, "index_key_is_user_key": 0, "index_value_is_delta_encoded": 0, "filter_size": 0, "raw_key_size": 766873, "raw_average_key_size": 57, "raw_value_size": 42535851, "raw_average_value_size": 3173, "num_data_blocks": 1365, "num_entries": 13405, "num_deletions": 0, "num_merge_operands": 0, "num_range_deletions": 0, "format_version": 0, "fixed_key_len": 0, "filter_policy": "rocksdb.BuiltinBloomFilter", "column_family_name": "default", "column_family_id": 0, "comparator": "cockroach_comparator", "merge_operator": "cockroach_merge_operator", "prefix_extractor_name": "cockroach_prefix_extractor", "property_collectors": "[TimeBoundTblPropCollectorFactory,DeleteRangeTblPropCollectorFactory]", "compression": "Snappy", "compression_options": "window_bits=-14; level=32767; strategy=0; max_dict_bytes=0; zstd_max_train_bytes=0; enabled=0; ", "creation_time": 1590018902, "oldest_key_time": 0, "file_creation_time": 1590018902}}
I200520 23:55:02.622851 17 storage/engine/rocksdb.go:120  [db/compaction_job.cc:1334] [default] [JOB 3] Generated table #1058: 6308 keys, 4212884 bytes
I200520 23:55:02.622902 17 storage/engine/rocksdb.go:120  EVENT_LOG_v1 {"time_micros": 1590018902622876, "cf_name": "default", "job": 3, "event": "table_file_creation", "file_number": 1058, "file_size": 4212884, "table_properties": {"data_size": 4200615, "index_size": 43119, "index_partitions": 0, "top_level_index_size": 0, "index_key_is_user_key": 0, "index_value_is_delta_encoded": 0, "filter_size": 0, "raw_key_size": 344674, "raw_average_key_size": 54, "raw_value_size": 20022897, "raw_average_value_size": 3174, "num_data_blocks": 643, "num_entries": 6308, "num_deletions": 0, "num_merge_operands": 0, "num_range_deletions": 0, "format_version": 0, "fixed_key_len": 0, "filter_policy": "rocksdb.BuiltinBloomFilter", "column_family_name": "default", "column_family_id": 0, "comparator": "cockroach_comparator", "merge_operator": "cockroach_merge_operator", "prefix_extractor_name": "cockroach_prefix_extractor", "property_collectors": "[TimeBoundTblPropCollectorFactory,DeleteRangeTblPropCollectorFactory]", "compression": "Snappy", "compression_options": "window_bits=-14; level=32767; strategy=0; max_dict_bytes=0; zstd_max_train_bytes=0; enabled=0; ", "creation_time": 1590018902, "oldest_key_time": 0, "file_creation_time": 1590018902}}
I200520 23:55:02.714433 17 storage/engine/rocksdb.go:120  [db/compaction_job.cc:1334] [default] [JOB 3] Generated table #1059: 8807 keys, 4214561 bytes
I200520 23:55:02.714477 17 storage/engine/rocksdb.go:120  EVENT_LOG_v1 {"time_micros": 1590018902714451, "cf_name": "default", "job": 3, "event": "table_file_creation", "file_number": 1059, "file_size": 4214561, "table_properties": {"data_size": 4197290, "index_size": 59733, "index_partitions": 0, "top_level_index_size": 0, "index_key_is_user_key": 0, "index_value_is_delta_encoded": 0, "filter_size": 0, "raw_key_size": 475937, "raw_average_key_size": 54, "raw_value_size": 27944787, "raw_average_value_size": 3173, "num_data_blocks": 897, "num_entries": 8807, "num_deletions": 0, "num_merge_operands": 0, "num_range_deletions": 0, "format_version": 0, "fixed_key_len": 0, "filter_policy": "rocksdb.BuiltinBloomFilter", "column_family_name": "default", "column_family_id": 0, "comparator": "cockroach_comparator", "merge_operator": "cockroach_merge_operator", "prefix_extractor_name": "cockroach_prefix_extractor", "property_collectors": "[TimeBoundTblPropCollectorFactory,DeleteRangeTblPropCollectorFactory]", "compression": "Snappy", "compression_options": "window_bits=-14; level=32767; strategy=0; max_dict_bytes=0; zstd_max_train_bytes=0; enabled=0; ", "creation_time": 1590018902, "oldest_key_time": 0, "file_creation_time": 1590018902}}
I200520 23:55:02.790311 17 storage/engine/rocksdb.go:120  [db/compaction_job.cc:1334] [default] [JOB 3] Generated table #1060: 7351 keys, 4216106 bytes
I200520 23:55:02.790354 17 storage/engine/rocksdb.go:120  EVENT_LOG_v1 {"time_micros": 1590018902790329, "cf_name": "default", "job": 3, "event": "table_file_creation", "file_number": 1060, "file_size": 4216106, "table_properties": {"data_size": 4201540, "index_size": 52914, "index_partitions": 0, "top_level_index_size": 0, "index_key_is_user_key": 0, "index_value_is_delta_encoded": 0, "filter_size": 0, "raw_key_size": 426773, "raw_average_key_size": 58, "raw_value_size": 23329127, "raw_average_value_size": 3173, "num_data_blocks": 749, "num_entries": 7351, "num_deletions": 0, "num_merge_operands": 0, "num_range_deletions": 0, "format_version": 0, "fixed_key_len": 0, "filter_policy": "rocksdb.BuiltinBloomFilter", "column_family_name": "default", "column_family_id": 0, "comparator": "cockroach_comparator", "merge_operator": "cockroach_merge_operator", "prefix_extractor_name": "cockroach_prefix_extractor", "property_collectors": "[TimeBoundTblPropCollectorFactory,DeleteRangeTblPropCollectorFactory]", "compression": "Snappy", "compression_options": "window_bits=-14; level=32767; strategy=0; max_dict_bytes=0; zstd_max_train_bytes=0; enabled=0; ", "creation_time": 1590018902, "oldest_key_time": 0, "file_creation_time": 1590018902}}
I200520 23:55:02.821541 17 storage/engine/rocksdb.go:120  [db/compaction_job.cc:1334] [default] [JOB 3] Generated table #1061: 5238 keys, 1433028 bytes
I200520 23:55:02.821583 17 storage/engine/rocksdb.go:120  EVENT_LOG_v1 {"time_micros": 1590018902821558, "cf_name": "default", "job": 3, "event": "table_file_creation", "file_number": 1061, "file_size": 1433028, "table_properties": {"data_size": 1425768, "index_size": 23783, "index_partitions": 0, "top_level_index_size": 0, "index_key_is_user_key": 0, "index_value_is_delta_encoded": 0, "filter_size": 0, "raw_key_size": 271917, "raw_average_key_size": 51, "raw_value_size": 10603283, "raw_average_value_size": 2024, "num_data_blocks": 342, "num_entries": 5238, "num_deletions": 0, "num_merge_operands": 0, "num_range_deletions": 0, "format_version": 0, "fixed_key_len": 0, "filter_policy": "rocksdb.BuiltinBloomFilter", "column_family_name": "default", "column_family_id": 0, "comparator": "cockroach_comparator", "merge_operator": "cockroach_merge_operator", "prefix_extractor_name": "cockroach_prefix_extractor", "property_collectors": "[TimeBoundTblPropCollectorFactory,DeleteRangeTblPropCollectorFactory]", "compression": "Snappy", "compression_options": "window_bits=-14; level=32767; strategy=0; max_dict_bytes=0; zstd_max_train_bytes=0; enabled=0; ", "creation_time": 1590018902, "oldest_key_time": 0, "file_creation_time": 1590018902}}
I200520 23:55:02.830778 17 storage/engine/rocksdb.go:120  [db/compaction_job.cc:1397] [default] [JOB 3] Compacted 2@0 + 6@6 files to L6 => 22511813 bytes
I200520 23:55:02.831235 17 storage/engine/rocksdb.go:120  (Original Log Time 2020/05/20-23:55:02.831126) [db/compaction_job.cc:770] [default] compacted to: base level 6 level multiplier 10.00 max bytes base 67108864 files[0 0 0 0 0 0 6] max score 0.00, MB/sec: 46.9 rd, 46.5 wr, level 6, files in(2, 6) out(6) MB in(0.1, 21.5) out(21.5), read-write-amplify(307.4) write-amplify(153.1) OK, records in: 55310, records dropped: 913 output_compression: Snappy
I200520 23:55:02.831245 17 storage/engine/rocksdb.go:120  (Original Log Time 2020/05/20-23:55:02.831147) EVENT_LOG_v1 {"time_micros": 1590018902831137, "job": 3, "event": "compaction_finished", "compaction_time_micros": 483820, "compaction_time_cpu_micros": 190546, "output_level": 6, "num_output_files": 6, "total_output_size": 22511813, "num_input_records": 53982, "num_output_records": 53069, "num_subcompactions": 1, "output_compression": "Snappy", "num_single_delete_mismatches": 0, "num_single_delete_fallthrough": 0, "lsm_state": [0, 0, 0, 0, 0, 0, 6]}
I200520 23:55:02.831826 17 storage/engine/rocksdb.go:120  EVENT_LOG_v1 {"time_micros": 1590018902831814, "job": 3, "event": "table_file_deletion", "file_number": 1051}
I200520 23:55:02.832309 17 storage/engine/rocksdb.go:120  EVENT_LOG_v1 {"time_micros": 1590018902832291, "job": 3, "event": "table_file_deletion", "file_number": 1048}
I200520 23:55:02.833136 17 storage/engine/rocksdb.go:120  EVENT_LOG_v1 {"time_micros": 1590018902833123, "job": 3, "event": "table_file_deletion", "file_number": 1046}
I200520 23:55:02.834404 17 storage/engine/rocksdb.go:120  EVENT_LOG_v1 {"time_micros": 1590018902834387, "job": 3, "event": "table_file_deletion", "file_number": 1045}
I200520 23:55:02.835081 17 storage/engine/rocksdb.go:120  EVENT_LOG_v1 {"time_micros": 1590018902835069, "job": 3, "event": "table_file_deletion", "file_number": 1044}
I200520 23:55:02.835847 17 storage/engine/rocksdb.go:120  EVENT_LOG_v1 {"time_micros": 1590018902835835, "job": 3, "event": "table_file_deletion", "file_number": 1043}
I200520 23:55:02.836545 17 storage/engine/rocksdb.go:120  EVENT_LOG_v1 {"time_micros": 1590018902836533, "job": 3, "event": "table_file_deletion", "file_number": 1042}
I200520 23:55:02.837492 17 storage/engine/rocksdb.go:120  EVENT_LOG_v1 {"time_micros": 1590018902837458, "job": 3, "event": "table_file_deletion", "file_number": 1041}
I200520 23:57:14.205911 2110 storage/engine/rocksdb.go:120  bloom filter utility:    -nan%
I200520 23:57:14.206172 2110 storage/engine/rocksdb.go:120  [db/db_impl.cc:392] Shutdown: canceling all background work
I200520 23:57:14.206876 2110 storage/engine/rocksdb.go:120  [db/db_impl.cc:565] Shutdown complete
I200520 23:57:14.217026 2110 storage/engine/rocksdb.go:120  bloom filter utility:    54.9%
I200520 23:57:14.217338 2110 storage/engine/rocksdb.go:120  [db/db_impl.cc:392] Shutdown: canceling all background work
I200520 23:57:14.224166 2110 storage/engine/rocksdb.go:120  [db/db_impl.cc:565] Shutdown complete
