I200514 19:44:43.931897 14 util/log/clog.go:1196  [config] file created at: 2020/05/14 19:44:43
I200514 19:44:43.931897 14 util/log/clog.go:1196  [config] running on machine: f321e3319515
I200514 19:44:43.931897 14 util/log/clog.go:1196  [config] binary: CockroachDB CCL v19.2.5 (x86_64-unknown-linux-gnu, built 2020/03/16 18:27:12, go1.12.12)
I200514 19:44:43.931897 14 util/log/clog.go:1196  [config] arguments: [/cockroach/cockroach start --insecure --store=attrs=ssd,path=/var/lib/cockroach/]
I200514 19:44:43.931897 14 util/log/clog.go:1196  line format: [IWEF]yymmdd hh:mm:ss.uuuuuu goid file:line msg utf8=✓
I200514 19:44:43.931896 14 storage/engine/rocksdb.go:120  RocksDB version: 6.2.1
I200514 19:44:43.938897 14 storage/engine/rocksdb.go:120  Git sha rocksdb_build_git_sha:@b7009236531fa784872f4823eabf393501e41bf2@
I200514 19:44:43.938901 14 storage/engine/rocksdb.go:120  Compile date Mar 16 2020
I200514 19:44:43.938905 14 storage/engine/rocksdb.go:120  DB SUMMARY
I200514 19:44:43.940201 14 storage/engine/rocksdb.go:120  SST files in /var/lib/cockroach/cockroach-temp837156251 dir, Total Num: 0, files: 
I200514 19:44:44.171629 14 storage/engine/rocksdb.go:120  Write Ahead Log file in /var/lib/cockroach/cockroach-temp837156251: 
I200514 19:44:44.171634 14 storage/engine/rocksdb.go:120                          Options.error_if_exists: 0
I200514 19:44:44.171637 14 storage/engine/rocksdb.go:120                        Options.create_if_missing: 1
I200514 19:44:44.171639 14 storage/engine/rocksdb.go:120                          Options.paranoid_checks: 1
I200514 19:44:44.171642 14 storage/engine/rocksdb.go:120                                      Options.env: 0x75757a0
I200514 19:44:44.171645 14 storage/engine/rocksdb.go:120                                 Options.info_log: 0x7f9720287fc0
I200514 19:44:44.171648 14 storage/engine/rocksdb.go:120                 Options.max_file_opening_threads: 16
I200514 19:44:44.171650 14 storage/engine/rocksdb.go:120                               Options.statistics: 0x7f972021d8d0
I200514 19:44:44.171653 14 storage/engine/rocksdb.go:120                                Options.use_fsync: 0
I200514 19:44:44.171656 14 storage/engine/rocksdb.go:120                        Options.max_log_file_size: 0
I200514 19:44:44.171659 14 storage/engine/rocksdb.go:120                   Options.max_manifest_file_size: 134217728
I200514 19:44:44.171661 14 storage/engine/rocksdb.go:120                    Options.log_file_time_to_roll: 0
I200514 19:44:44.171665 14 storage/engine/rocksdb.go:120                        Options.keep_log_file_num: 1000
I200514 19:44:44.171667 14 storage/engine/rocksdb.go:120                     Options.recycle_log_file_num: 1
I200514 19:44:44.171670 14 storage/engine/rocksdb.go:120                          Options.allow_fallocate: 1
I200514 19:44:44.171673 14 storage/engine/rocksdb.go:120                         Options.allow_mmap_reads: 0
I200514 19:44:44.171677 14 storage/engine/rocksdb.go:120                        Options.allow_mmap_writes: 0
I200514 19:44:44.171680 14 storage/engine/rocksdb.go:120                         Options.use_direct_reads: 0
I200514 19:44:44.171683 14 storage/engine/rocksdb.go:120                         Options.use_direct_io_for_flush_and_compaction: 0
I200514 19:44:44.171685 14 storage/engine/rocksdb.go:120           Options.create_missing_column_families: 0
I200514 19:44:44.171689 14 storage/engine/rocksdb.go:120                               Options.db_log_dir: 
I200514 19:44:44.171691 14 storage/engine/rocksdb.go:120                                  Options.wal_dir: /var/lib/cockroach/cockroach-temp837156251
I200514 19:44:44.171694 14 storage/engine/rocksdb.go:120                 Options.table_cache_numshardbits: 6
I200514 19:44:44.171697 14 storage/engine/rocksdb.go:120                       Options.max_subcompactions: 1
I200514 19:44:44.171700 14 storage/engine/rocksdb.go:120                   Options.max_background_flushes: -1
I200514 19:44:44.171703 14 storage/engine/rocksdb.go:120                          Options.WAL_ttl_seconds: 0
I200514 19:44:44.171706 14 storage/engine/rocksdb.go:120                        Options.WAL_size_limit_MB: 0
I200514 19:44:44.171708 14 storage/engine/rocksdb.go:120              Options.manifest_preallocation_size: 4194304
I200514 19:44:44.171711 14 storage/engine/rocksdb.go:120                      Options.is_fd_close_on_exec: 1
I200514 19:44:44.171714 14 storage/engine/rocksdb.go:120                    Options.advise_random_on_open: 1
I200514 19:44:44.171716 14 storage/engine/rocksdb.go:120                     Options.db_write_buffer_size: 0
I200514 19:44:44.171719 14 storage/engine/rocksdb.go:120                     Options.write_buffer_manager: 0x7f9720260d70
I200514 19:44:44.171736 14 storage/engine/rocksdb.go:120          Options.access_hint_on_compaction_start: 1
I200514 19:44:44.171741 14 storage/engine/rocksdb.go:120   Options.new_table_reader_for_compaction_inputs: 0
I200514 19:44:44.171744 14 storage/engine/rocksdb.go:120            Options.random_access_max_buffer_size: 1048576
I200514 19:44:44.171747 14 storage/engine/rocksdb.go:120                       Options.use_adaptive_mutex: 0
I200514 19:44:44.171751 14 storage/engine/rocksdb.go:120                             Options.rate_limiter: (nil)
I200514 19:44:44.171755 14 storage/engine/rocksdb.go:120      Options.sst_file_manager.rate_bytes_per_sec: 0
I200514 19:44:44.171757 14 storage/engine/rocksdb.go:120                        Options.wal_recovery_mode: 0
I200514 19:44:44.171760 14 storage/engine/rocksdb.go:120                   Options.enable_thread_tracking: 0
I200514 19:44:44.171762 14 storage/engine/rocksdb.go:120                   Options.enable_pipelined_write: 0
I200514 19:44:44.171765 14 storage/engine/rocksdb.go:120          Options.allow_concurrent_memtable_write: 1
I200514 19:44:44.171768 14 storage/engine/rocksdb.go:120       Options.enable_write_thread_adaptive_yield: 1
I200514 19:44:44.171770 14 storage/engine/rocksdb.go:120              Options.write_thread_max_yield_usec: 100
I200514 19:44:44.171773 14 storage/engine/rocksdb.go:120             Options.write_thread_slow_yield_usec: 3
I200514 19:44:44.171775 14 storage/engine/rocksdb.go:120                                Options.row_cache: None
I200514 19:44:44.171778 14 storage/engine/rocksdb.go:120                               Options.wal_filter: None
I200514 19:44:44.171781 14 storage/engine/rocksdb.go:120              Options.avoid_flush_during_recovery: 0
I200514 19:44:44.171784 14 storage/engine/rocksdb.go:120              Options.allow_ingest_behind: 0
I200514 19:44:44.171786 14 storage/engine/rocksdb.go:120              Options.preserve_deletes: 0
I200514 19:44:44.171789 14 storage/engine/rocksdb.go:120              Options.two_write_queues: 0
I200514 19:44:44.171791 14 storage/engine/rocksdb.go:120              Options.manual_wal_flush: 1
I200514 19:44:44.171794 14 storage/engine/rocksdb.go:120              Options.atomic_flush: 0
I200514 19:44:44.171796 14 storage/engine/rocksdb.go:120              Options.avoid_unnecessary_blocking_io: 0
I200514 19:44:44.171799 14 storage/engine/rocksdb.go:120              Options.max_background_jobs: 2
I200514 19:44:44.171801 14 storage/engine/rocksdb.go:120              Options.max_background_compactions: -1
I200514 19:44:44.171808 14 storage/engine/rocksdb.go:120              Options.avoid_flush_during_shutdown: 0
I200514 19:44:44.171810 14 storage/engine/rocksdb.go:120            Options.writable_file_max_buffer_size: 1048576
I200514 19:44:44.171819 14 storage/engine/rocksdb.go:120              Options.delayed_write_rate : 16777216
I200514 19:44:44.171821 14 storage/engine/rocksdb.go:120              Options.max_total_wal_size: 0
I200514 19:44:44.171824 14 storage/engine/rocksdb.go:120              Options.delete_obsolete_files_period_micros: 21600000000
I200514 19:44:44.171827 14 storage/engine/rocksdb.go:120                    Options.stats_dump_period_sec: 0
I200514 19:44:44.171829 14 storage/engine/rocksdb.go:120                  Options.stats_persist_period_sec: 600
I200514 19:44:44.171832 14 storage/engine/rocksdb.go:120                  Options.stats_history_buffer_size: 1048576
I200514 19:44:44.171834 14 storage/engine/rocksdb.go:120                           Options.max_open_files: 128
I200514 19:44:44.171837 14 storage/engine/rocksdb.go:120                           Options.bytes_per_sync: 524288
I200514 19:44:44.171839 14 storage/engine/rocksdb.go:120                       Options.wal_bytes_per_sync: 0
I200514 19:44:44.171842 14 storage/engine/rocksdb.go:120                    Options.strict_bytes_per_sync: 1
I200514 19:44:44.171844 14 storage/engine/rocksdb.go:120        Options.compaction_readahead_size: 0
I200514 19:44:44.171847 14 storage/engine/rocksdb.go:120  Compression algorithms supported:
I200514 19:44:44.171851 14 storage/engine/rocksdb.go:120  	kZSTDNotFinalCompression supported: 0
I200514 19:44:44.171854 14 storage/engine/rocksdb.go:120  	kZSTD supported: 0
I200514 19:44:44.171857 14 storage/engine/rocksdb.go:120  	kXpressCompression supported: 0
I200514 19:44:44.171859 14 storage/engine/rocksdb.go:120  	kLZ4HCCompression supported: 0
I200514 19:44:44.171862 14 storage/engine/rocksdb.go:120  	kLZ4Compression supported: 0
I200514 19:44:44.171865 14 storage/engine/rocksdb.go:120  	kBZip2Compression supported: 0
I200514 19:44:44.171867 14 storage/engine/rocksdb.go:120  	kZlibCompression supported: 0
I200514 19:44:44.171870 14 storage/engine/rocksdb.go:120  	kSnappyCompression supported: 1
I200514 19:44:44.171877 14 storage/engine/rocksdb.go:120  Fast CRC32 supported: Supported on x86
I200514 19:44:44.173684 14 storage/engine/rocksdb.go:120  [db/db_impl_open.cc:242] Creating manifest 1 
I200514 19:44:44.194125 14 storage/engine/rocksdb.go:120  [db/version_set.cc:4072] Recovering from manifest file: /var/lib/cockroach/cockroach-temp837156251/MANIFEST-000001
I200514 19:44:44.195563 14 storage/engine/rocksdb.go:120  [db/column_family.cc:488] --------------- Options for column family [default]:
I200514 19:44:44.195573 14 storage/engine/rocksdb.go:120                Options.comparator: cockroach_comparator
I200514 19:44:44.195577 14 storage/engine/rocksdb.go:120            Options.merge_operator: cockroach_merge_operator
I200514 19:44:44.195580 14 storage/engine/rocksdb.go:120         Options.compaction_filter: None
I200514 19:44:44.195582 14 storage/engine/rocksdb.go:120         Options.compaction_filter_factory: None
I200514 19:44:44.195585 14 storage/engine/rocksdb.go:120          Options.memtable_factory: SkipListFactory
I200514 19:44:44.195588 14 storage/engine/rocksdb.go:120             Options.table_factory: BlockBasedTable
I200514 19:44:44.199904 14 storage/engine/rocksdb.go:120             table_factory options:   flush_block_policy_factory: FlushBlockBySizePolicyFactory (0x7f9720224040)
  cache_index_and_filter_blocks: 0
  cache_index_and_filter_blocks_with_high_priority: 0
  pin_l0_filter_and_index_blocks_in_cache: 0
  pin_top_level_index_and_filter: 1
  index_type: 0
  data_block_index_type: 0
  index_shortening: 1
  data_block_hash_table_util_ratio: 0.750000
  hash_index_allow_collision: 1
  checksum: 1
  no_block_cache: 0
  block_cache: 0x7f972027a190
  block_cache_name: LRUCache
  block_cache_options:
    capacity : 1048576
    num_shard_bits : 4
    strict_capacity_limit : 0
    memory_allocator : None
    high_pri_pool_ratio: 0.000
  block_cache_compressed: (nil)
  persistent_cache: (nil)
  block_size: 32768
  block_size_deviation: 10
  block_restart_interval: 16
  index_block_restart_interval: 1
  metadata_block_size: 4096
  partition_filters: 0
  use_delta_encoding: 1
  filter_policy: rocksdb.BuiltinBloomFilter
  whole_key_filtering: 0
  verify_compression: 0
  read_amp_bytes_per_bit: 0
  format_version: 2
  enable_index_compression: 1
  block_align: 0
I200514 19:44:44.199918 14 storage/engine/rocksdb.go:120         Options.write_buffer_size: 67108864
I200514 19:44:44.199923 14 storage/engine/rocksdb.go:120   Options.max_write_buffer_number: 4
I200514 19:44:44.199927 14 storage/engine/rocksdb.go:120           Options.compression: Snappy
I200514 19:44:44.199930 14 storage/engine/rocksdb.go:120                   Options.bottommost_compression: Disabled
I200514 19:44:44.199933 14 storage/engine/rocksdb.go:120        Options.prefix_extractor: cockroach_prefix_extractor
I200514 19:44:44.199940 14 storage/engine/rocksdb.go:120    Options.memtable_insert_with_hint_prefix_extractor: nullptr
I200514 19:44:44.199943 14 storage/engine/rocksdb.go:120              Options.num_levels: 7
I200514 19:44:44.199946 14 storage/engine/rocksdb.go:120         Options.min_write_buffer_number_to_merge: 1
I200514 19:44:44.199948 14 storage/engine/rocksdb.go:120      Options.max_write_buffer_number_to_maintain: 0
I200514 19:44:44.199951 14 storage/engine/rocksdb.go:120             Options.bottommost_compression_opts.window_bits: -14
I200514 19:44:44.199957 14 storage/engine/rocksdb.go:120                   Options.bottommost_compression_opts.level: 32767
I200514 19:44:44.199962 14 storage/engine/rocksdb.go:120                Options.bottommost_compression_opts.strategy: 0
I200514 19:44:44.199965 14 storage/engine/rocksdb.go:120          Options.bottommost_compression_opts.max_dict_bytes: 0
I200514 19:44:44.199968 14 storage/engine/rocksdb.go:120          Options.bottommost_compression_opts.zstd_max_train_bytes: 0
I200514 19:44:44.199971 14 storage/engine/rocksdb.go:120                   Options.bottommost_compression_opts.enabled: false
I200514 19:44:44.199974 14 storage/engine/rocksdb.go:120             Options.compression_opts.window_bits: -14
I200514 19:44:44.199980 14 storage/engine/rocksdb.go:120                   Options.compression_opts.level: 32767
I200514 19:44:44.199983 14 storage/engine/rocksdb.go:120                Options.compression_opts.strategy: 0
I200514 19:44:44.199987 14 storage/engine/rocksdb.go:120          Options.compression_opts.max_dict_bytes: 0
I200514 19:44:44.199990 14 storage/engine/rocksdb.go:120          Options.compression_opts.zstd_max_train_bytes: 0
I200514 19:44:44.199993 14 storage/engine/rocksdb.go:120                   Options.compression_opts.enabled: false
I200514 19:44:44.199996 14 storage/engine/rocksdb.go:120       Options.level0_file_num_compaction_trigger: 2
I200514 19:44:44.199999 14 storage/engine/rocksdb.go:120           Options.level0_slowdown_writes_trigger: 950
I200514 19:44:44.200002 14 storage/engine/rocksdb.go:120               Options.level0_stop_writes_trigger: 1000
I200514 19:44:44.200006 14 storage/engine/rocksdb.go:120                    Options.target_file_size_base: 4194304
I200514 19:44:44.200010 14 storage/engine/rocksdb.go:120              Options.target_file_size_multiplier: 2
I200514 19:44:44.200013 14 storage/engine/rocksdb.go:120                 Options.max_bytes_for_level_base: 67108864
I200514 19:44:44.200016 14 storage/engine/rocksdb.go:120  Options.level_compaction_dynamic_level_bytes: 1
I200514 19:44:44.200021 14 storage/engine/rocksdb.go:120           Options.max_bytes_for_level_multiplier: 10.000000
I200514 19:44:44.200024 14 storage/engine/rocksdb.go:120  Options.max_bytes_for_level_multiplier_addtl[0]: 1
I200514 19:44:44.200026 14 storage/engine/rocksdb.go:120  Options.max_bytes_for_level_multiplier_addtl[1]: 1
I200514 19:44:44.200031 14 storage/engine/rocksdb.go:120  Options.max_bytes_for_level_multiplier_addtl[2]: 1
I200514 19:44:44.200034 14 storage/engine/rocksdb.go:120  Options.max_bytes_for_level_multiplier_addtl[3]: 1
I200514 19:44:44.200037 14 storage/engine/rocksdb.go:120  Options.max_bytes_for_level_multiplier_addtl[4]: 1
I200514 19:44:44.200040 14 storage/engine/rocksdb.go:120  Options.max_bytes_for_level_multiplier_addtl[5]: 1
I200514 19:44:44.200042 14 storage/engine/rocksdb.go:120  Options.max_bytes_for_level_multiplier_addtl[6]: 1
I200514 19:44:44.200045 14 storage/engine/rocksdb.go:120        Options.max_sequential_skip_in_iterations: 8
I200514 19:44:44.200050 14 storage/engine/rocksdb.go:120                     Options.max_compaction_bytes: 104857600
I200514 19:44:44.200053 14 storage/engine/rocksdb.go:120                         Options.arena_block_size: 8388608
I200514 19:44:44.200072 14 storage/engine/rocksdb.go:120    Options.soft_pending_compaction_bytes_limit: 2199023255552
I200514 19:44:44.200075 14 storage/engine/rocksdb.go:120    Options.hard_pending_compaction_bytes_limit: 4400193994752
I200514 19:44:44.200078 14 storage/engine/rocksdb.go:120        Options.rate_limit_delay_max_milliseconds: 100
I200514 19:44:44.200081 14 storage/engine/rocksdb.go:120                 Options.disable_auto_compactions: 0
I200514 19:44:44.200087 14 storage/engine/rocksdb.go:120                         Options.compaction_style: kCompactionStyleLevel
I200514 19:44:44.200090 14 storage/engine/rocksdb.go:120                           Options.compaction_pri: kMinOverlappingRatio
I200514 19:44:44.200093 14 storage/engine/rocksdb.go:120  Options.compaction_options_universal.size_ratio: 1
I200514 19:44:44.200097 14 storage/engine/rocksdb.go:120  Options.compaction_options_universal.min_merge_width: 2
I200514 19:44:44.200100 14 storage/engine/rocksdb.go:120  Options.compaction_options_universal.max_merge_width: 4294967295
I200514 19:44:44.200103 14 storage/engine/rocksdb.go:120  Options.compaction_options_universal.max_size_amplification_percent: 200
I200514 19:44:44.200106 14 storage/engine/rocksdb.go:120  Options.compaction_options_universal.compression_size_percent: -1
I200514 19:44:44.200111 14 storage/engine/rocksdb.go:120  Options.compaction_options_universal.stop_style: kCompactionStopStyleTotalSize
I200514 19:44:44.200114 14 storage/engine/rocksdb.go:120  Options.compaction_options_fifo.max_table_files_size: 1073741824
I200514 19:44:44.200117 14 storage/engine/rocksdb.go:120  Options.compaction_options_fifo.allow_compaction: 0
I200514 19:44:44.200121 14 storage/engine/rocksdb.go:120                    Options.table_properties_collectors: TimeBoundTblPropCollectorFactory; DeleteRangeTblPropCollectorFactory; 
I200514 19:44:44.200124 14 storage/engine/rocksdb.go:120                    Options.inplace_update_support: 0
I200514 19:44:44.200127 14 storage/engine/rocksdb.go:120                  Options.inplace_update_num_locks: 10000
I200514 19:44:44.200132 14 storage/engine/rocksdb.go:120                Options.memtable_prefix_bloom_size_ratio: 0.000000
I200514 19:44:44.200136 14 storage/engine/rocksdb.go:120                Options.memtable_whole_key_filtering: 0
I200514 19:44:44.200139 14 storage/engine/rocksdb.go:120    Options.memtable_huge_page_size: 0
I200514 19:44:44.200141 14 storage/engine/rocksdb.go:120                            Options.bloom_locality: 0
I200514 19:44:44.200144 14 storage/engine/rocksdb.go:120                     Options.max_successive_merges: 0
I200514 19:44:44.200147 14 storage/engine/rocksdb.go:120                 Options.optimize_filters_for_hits: 1
I200514 19:44:44.200153 14 storage/engine/rocksdb.go:120                 Options.paranoid_file_checks: 0
I200514 19:44:44.200156 14 storage/engine/rocksdb.go:120                 Options.force_consistency_checks: 0
I200514 19:44:44.200159 14 storage/engine/rocksdb.go:120                 Options.report_bg_io_stats: 0
I200514 19:44:44.200162 14 storage/engine/rocksdb.go:120                                Options.ttl: 0
I200514 19:44:44.200165 14 storage/engine/rocksdb.go:120           Options.periodic_compaction_seconds: 0
I200514 19:44:44.206969 14 storage/engine/rocksdb.go:120  [db/version_set.cc:4286] Recovered from manifest file:/var/lib/cockroach/cockroach-temp837156251/MANIFEST-000001 succeeded,manifest_file_number is 1, next_file_number is 3, last_sequence is 0, log_number is 0,prev_log_number is 0,max_column_family is 0,min_log_number_to_keep is 0
I200514 19:44:44.206977 14 storage/engine/rocksdb.go:120  [db/version_set.cc:4295] Column family [default] (ID 0), log number is 0
I200514 19:44:44.227590 14 storage/engine/rocksdb.go:120  DB pointer 0x7f9720347000
I200514 19:44:44.247897 14 storage/engine/rocksdb.go:120  RocksDB version: 6.2.1
I200514 19:44:44.247903 14 storage/engine/rocksdb.go:120  Git sha rocksdb_build_git_sha:@b7009236531fa784872f4823eabf393501e41bf2@
I200514 19:44:44.247906 14 storage/engine/rocksdb.go:120  Compile date Mar 16 2020
I200514 19:44:44.247909 14 storage/engine/rocksdb.go:120  DB SUMMARY
I200514 19:44:44.248897 14 storage/engine/rocksdb.go:120  CURRENT file:  CURRENT
I200514 19:44:44.248901 14 storage/engine/rocksdb.go:120  IDENTITY file:  IDENTITY
I200514 19:44:44.249314 14 storage/engine/rocksdb.go:120  MANIFEST file:  MANIFEST-000658 size: 468 Bytes
I200514 19:44:44.249320 14 storage/engine/rocksdb.go:120  SST files in /var/lib/cockroach dir, Total Num: 4, files: 000653.sst 000654.sst 000655.sst 000657.sst 
I200514 19:44:44.249323 14 storage/engine/rocksdb.go:120  Write Ahead Log file in /var/lib/cockroach: 000659.log size: 9549230 ; 
I200514 19:44:44.249327 14 storage/engine/rocksdb.go:120                          Options.error_if_exists: 0
I200514 19:44:44.249333 14 storage/engine/rocksdb.go:120                        Options.create_if_missing: 1
I200514 19:44:44.249336 14 storage/engine/rocksdb.go:120                          Options.paranoid_checks: 1
I200514 19:44:44.249338 14 storage/engine/rocksdb.go:120                                      Options.env: 0x75757a0
I200514 19:44:44.249341 14 storage/engine/rocksdb.go:120                                 Options.info_log: 0x7f971a40d0a0
I200514 19:44:44.249344 14 storage/engine/rocksdb.go:120                 Options.max_file_opening_threads: 16
I200514 19:44:44.249354 14 storage/engine/rocksdb.go:120                               Options.statistics: 0x7f971a422010
I200514 19:44:44.249357 14 storage/engine/rocksdb.go:120                                Options.use_fsync: 0
I200514 19:44:44.249360 14 storage/engine/rocksdb.go:120                        Options.max_log_file_size: 0
I200514 19:44:44.249362 14 storage/engine/rocksdb.go:120                   Options.max_manifest_file_size: 134217728
I200514 19:44:44.249365 14 storage/engine/rocksdb.go:120                    Options.log_file_time_to_roll: 0
I200514 19:44:44.249368 14 storage/engine/rocksdb.go:120                        Options.keep_log_file_num: 1000
I200514 19:44:44.249370 14 storage/engine/rocksdb.go:120                     Options.recycle_log_file_num: 1
I200514 19:44:44.249373 14 storage/engine/rocksdb.go:120                          Options.allow_fallocate: 1
I200514 19:44:44.249376 14 storage/engine/rocksdb.go:120                         Options.allow_mmap_reads: 0
I200514 19:44:44.249378 14 storage/engine/rocksdb.go:120                        Options.allow_mmap_writes: 0
I200514 19:44:44.249381 14 storage/engine/rocksdb.go:120                         Options.use_direct_reads: 0
I200514 19:44:44.249383 14 storage/engine/rocksdb.go:120                         Options.use_direct_io_for_flush_and_compaction: 0
I200514 19:44:44.249386 14 storage/engine/rocksdb.go:120           Options.create_missing_column_families: 0
I200514 19:44:44.249389 14 storage/engine/rocksdb.go:120                               Options.db_log_dir: 
I200514 19:44:44.249391 14 storage/engine/rocksdb.go:120                                  Options.wal_dir: /var/lib/cockroach
I200514 19:44:44.249394 14 storage/engine/rocksdb.go:120                 Options.table_cache_numshardbits: 6
I200514 19:44:44.249397 14 storage/engine/rocksdb.go:120                       Options.max_subcompactions: 1
I200514 19:44:44.249400 14 storage/engine/rocksdb.go:120                   Options.max_background_flushes: -1
I200514 19:44:44.249402 14 storage/engine/rocksdb.go:120                          Options.WAL_ttl_seconds: 0
I200514 19:44:44.249405 14 storage/engine/rocksdb.go:120                        Options.WAL_size_limit_MB: 0
I200514 19:44:44.249407 14 storage/engine/rocksdb.go:120              Options.manifest_preallocation_size: 4194304
I200514 19:44:44.249410 14 storage/engine/rocksdb.go:120                      Options.is_fd_close_on_exec: 1
I200514 19:44:44.249412 14 storage/engine/rocksdb.go:120                    Options.advise_random_on_open: 1
I200514 19:44:44.249415 14 storage/engine/rocksdb.go:120                     Options.db_write_buffer_size: 0
I200514 19:44:44.249418 14 storage/engine/rocksdb.go:120                     Options.write_buffer_manager: 0x7f971a48a030
I200514 19:44:44.249420 14 storage/engine/rocksdb.go:120          Options.access_hint_on_compaction_start: 1
I200514 19:44:44.249423 14 storage/engine/rocksdb.go:120   Options.new_table_reader_for_compaction_inputs: 0
I200514 19:44:44.249426 14 storage/engine/rocksdb.go:120            Options.random_access_max_buffer_size: 1048576
I200514 19:44:44.249429 14 storage/engine/rocksdb.go:120                       Options.use_adaptive_mutex: 0
I200514 19:44:44.249431 14 storage/engine/rocksdb.go:120                             Options.rate_limiter: (nil)
I200514 19:44:44.249434 14 storage/engine/rocksdb.go:120      Options.sst_file_manager.rate_bytes_per_sec: 0
I200514 19:44:44.249437 14 storage/engine/rocksdb.go:120                        Options.wal_recovery_mode: 0
I200514 19:44:44.249440 14 storage/engine/rocksdb.go:120                   Options.enable_thread_tracking: 0
I200514 19:44:44.249443 14 storage/engine/rocksdb.go:120                   Options.enable_pipelined_write: 0
I200514 19:44:44.249446 14 storage/engine/rocksdb.go:120          Options.allow_concurrent_memtable_write: 1
I200514 19:44:44.249448 14 storage/engine/rocksdb.go:120       Options.enable_write_thread_adaptive_yield: 1
I200514 19:44:44.249451 14 storage/engine/rocksdb.go:120              Options.write_thread_max_yield_usec: 100
I200514 19:44:44.249453 14 storage/engine/rocksdb.go:120             Options.write_thread_slow_yield_usec: 3
I200514 19:44:44.249456 14 storage/engine/rocksdb.go:120                                Options.row_cache: None
I200514 19:44:44.249459 14 storage/engine/rocksdb.go:120                               Options.wal_filter: None
I200514 19:44:44.249461 14 storage/engine/rocksdb.go:120              Options.avoid_flush_during_recovery: 0
I200514 19:44:44.249464 14 storage/engine/rocksdb.go:120              Options.allow_ingest_behind: 0
I200514 19:44:44.249466 14 storage/engine/rocksdb.go:120              Options.preserve_deletes: 0
I200514 19:44:44.249469 14 storage/engine/rocksdb.go:120              Options.two_write_queues: 0
I200514 19:44:44.249471 14 storage/engine/rocksdb.go:120              Options.manual_wal_flush: 1
I200514 19:44:44.249474 14 storage/engine/rocksdb.go:120              Options.atomic_flush: 0
I200514 19:44:44.249477 14 storage/engine/rocksdb.go:120              Options.avoid_unnecessary_blocking_io: 0
I200514 19:44:44.249479 14 storage/engine/rocksdb.go:120              Options.max_background_jobs: 2
I200514 19:44:44.249482 14 storage/engine/rocksdb.go:120              Options.max_background_compactions: -1
I200514 19:44:44.249484 14 storage/engine/rocksdb.go:120              Options.avoid_flush_during_shutdown: 0
I200514 19:44:44.249487 14 storage/engine/rocksdb.go:120            Options.writable_file_max_buffer_size: 1048576
I200514 19:44:44.249490 14 storage/engine/rocksdb.go:120              Options.delayed_write_rate : 16777216
I200514 19:44:44.249492 14 storage/engine/rocksdb.go:120              Options.max_total_wal_size: 0
I200514 19:44:44.249495 14 storage/engine/rocksdb.go:120              Options.delete_obsolete_files_period_micros: 21600000000
I200514 19:44:44.249497 14 storage/engine/rocksdb.go:120                    Options.stats_dump_period_sec: 0
I200514 19:44:44.249500 14 storage/engine/rocksdb.go:120                  Options.stats_persist_period_sec: 600
I200514 19:44:44.249502 14 storage/engine/rocksdb.go:120                  Options.stats_history_buffer_size: 1048576
I200514 19:44:44.249505 14 storage/engine/rocksdb.go:120                           Options.max_open_files: 1043576
I200514 19:44:44.249508 14 storage/engine/rocksdb.go:120                           Options.bytes_per_sync: 524288
I200514 19:44:44.249510 14 storage/engine/rocksdb.go:120                       Options.wal_bytes_per_sync: 0
I200514 19:44:44.249517 14 storage/engine/rocksdb.go:120                    Options.strict_bytes_per_sync: 1
I200514 19:44:44.249520 14 storage/engine/rocksdb.go:120        Options.compaction_readahead_size: 0
I200514 19:44:44.249522 14 storage/engine/rocksdb.go:120  Compression algorithms supported:
I200514 19:44:44.249525 14 storage/engine/rocksdb.go:120  	kZSTDNotFinalCompression supported: 0
I200514 19:44:44.249528 14 storage/engine/rocksdb.go:120  	kZSTD supported: 0
I200514 19:44:44.249530 14 storage/engine/rocksdb.go:120  	kXpressCompression supported: 0
I200514 19:44:44.249533 14 storage/engine/rocksdb.go:120  	kLZ4HCCompression supported: 0
I200514 19:44:44.249536 14 storage/engine/rocksdb.go:120  	kLZ4Compression supported: 0
I200514 19:44:44.249539 14 storage/engine/rocksdb.go:120  	kBZip2Compression supported: 0
I200514 19:44:44.249541 14 storage/engine/rocksdb.go:120  	kZlibCompression supported: 0
I200514 19:44:44.249544 14 storage/engine/rocksdb.go:120  	kSnappyCompression supported: 1
I200514 19:44:44.249551 14 storage/engine/rocksdb.go:120  Fast CRC32 supported: Supported on x86
I200514 19:44:44.257605 14 storage/engine/rocksdb.go:120  [db/version_set.cc:4072] Recovering from manifest file: /var/lib/cockroach/MANIFEST-000658
I200514 19:44:44.258047 14 storage/engine/rocksdb.go:120  [db/column_family.cc:488] --------------- Options for column family [default]:
I200514 19:44:44.258055 14 storage/engine/rocksdb.go:120                Options.comparator: cockroach_comparator
I200514 19:44:44.258058 14 storage/engine/rocksdb.go:120            Options.merge_operator: cockroach_merge_operator
I200514 19:44:44.258061 14 storage/engine/rocksdb.go:120         Options.compaction_filter: None
I200514 19:44:44.258064 14 storage/engine/rocksdb.go:120         Options.compaction_filter_factory: None
I200514 19:44:44.258067 14 storage/engine/rocksdb.go:120          Options.memtable_factory: SkipListFactory
I200514 19:44:44.258069 14 storage/engine/rocksdb.go:120             Options.table_factory: BlockBasedTable
I200514 19:44:44.258094 14 storage/engine/rocksdb.go:120             table_factory options:   flush_block_policy_factory: FlushBlockBySizePolicyFactory (0x7f971a416028)
  cache_index_and_filter_blocks: 0
  cache_index_and_filter_blocks_with_high_priority: 0
  pin_l0_filter_and_index_blocks_in_cache: 0
  pin_top_level_index_and_filter: 1
  index_type: 0
  data_block_index_type: 0
  index_shortening: 1
  data_block_hash_table_util_ratio: 0.750000
  hash_index_allow_collision: 1
  checksum: 1
  no_block_cache: 0
  block_cache: 0x7f9715c0e010
  block_cache_name: LRUCache
  block_cache_options:
    capacity : 67108864
    num_shard_bits : 4
    strict_capacity_limit : 0
    memory_allocator : None
    high_pri_pool_ratio: 0.000
  block_cache_compressed: (nil)
  persistent_cache: (nil)
  block_size: 32768
  block_size_deviation: 10
  block_restart_interval: 16
  index_block_restart_interval: 1
  metadata_block_size: 4096
  partition_filters: 0
  use_delta_encoding: 1
  filter_policy: rocksdb.BuiltinBloomFilter
  whole_key_filtering: 0
  verify_compression: 0
  read_amp_bytes_per_bit: 0
  format_version: 2
  enable_index_compression: 1
  block_align: 0
I200514 19:44:44.258098 14 storage/engine/rocksdb.go:120         Options.write_buffer_size: 67108864
I200514 19:44:44.258102 14 storage/engine/rocksdb.go:120   Options.max_write_buffer_number: 4
I200514 19:44:44.258105 14 storage/engine/rocksdb.go:120           Options.compression: Snappy
I200514 19:44:44.258112 14 storage/engine/rocksdb.go:120                   Options.bottommost_compression: Disabled
I200514 19:44:44.258115 14 storage/engine/rocksdb.go:120        Options.prefix_extractor: cockroach_prefix_extractor
I200514 19:44:44.258117 14 storage/engine/rocksdb.go:120    Options.memtable_insert_with_hint_prefix_extractor: nullptr
I200514 19:44:44.258120 14 storage/engine/rocksdb.go:120              Options.num_levels: 7
I200514 19:44:44.258123 14 storage/engine/rocksdb.go:120         Options.min_write_buffer_number_to_merge: 1
I200514 19:44:44.258125 14 storage/engine/rocksdb.go:120      Options.max_write_buffer_number_to_maintain: 0
I200514 19:44:44.258128 14 storage/engine/rocksdb.go:120             Options.bottommost_compression_opts.window_bits: -14
I200514 19:44:44.258130 14 storage/engine/rocksdb.go:120                   Options.bottommost_compression_opts.level: 32767
I200514 19:44:44.258133 14 storage/engine/rocksdb.go:120                Options.bottommost_compression_opts.strategy: 0
I200514 19:44:44.258136 14 storage/engine/rocksdb.go:120          Options.bottommost_compression_opts.max_dict_bytes: 0
I200514 19:44:44.258138 14 storage/engine/rocksdb.go:120          Options.bottommost_compression_opts.zstd_max_train_bytes: 0
I200514 19:44:44.258141 14 storage/engine/rocksdb.go:120                   Options.bottommost_compression_opts.enabled: false
I200514 19:44:44.258143 14 storage/engine/rocksdb.go:120             Options.compression_opts.window_bits: -14
I200514 19:44:44.258146 14 storage/engine/rocksdb.go:120                   Options.compression_opts.level: 32767
I200514 19:44:44.258150 14 storage/engine/rocksdb.go:120                Options.compression_opts.strategy: 0
I200514 19:44:44.258152 14 storage/engine/rocksdb.go:120          Options.compression_opts.max_dict_bytes: 0
I200514 19:44:44.258155 14 storage/engine/rocksdb.go:120          Options.compression_opts.zstd_max_train_bytes: 0
I200514 19:44:44.258157 14 storage/engine/rocksdb.go:120                   Options.compression_opts.enabled: false
I200514 19:44:44.258160 14 storage/engine/rocksdb.go:120       Options.level0_file_num_compaction_trigger: 2
I200514 19:44:44.258163 14 storage/engine/rocksdb.go:120           Options.level0_slowdown_writes_trigger: 950
I200514 19:44:44.258165 14 storage/engine/rocksdb.go:120               Options.level0_stop_writes_trigger: 1000
I200514 19:44:44.258168 14 storage/engine/rocksdb.go:120                    Options.target_file_size_base: 4194304
I200514 19:44:44.258171 14 storage/engine/rocksdb.go:120              Options.target_file_size_multiplier: 2
I200514 19:44:44.258173 14 storage/engine/rocksdb.go:120                 Options.max_bytes_for_level_base: 67108864
I200514 19:44:44.258176 14 storage/engine/rocksdb.go:120  Options.level_compaction_dynamic_level_bytes: 1
I200514 19:44:44.258179 14 storage/engine/rocksdb.go:120           Options.max_bytes_for_level_multiplier: 10.000000
I200514 19:44:44.258182 14 storage/engine/rocksdb.go:120  Options.max_bytes_for_level_multiplier_addtl[0]: 1
I200514 19:44:44.258185 14 storage/engine/rocksdb.go:120  Options.max_bytes_for_level_multiplier_addtl[1]: 1
I200514 19:44:44.258187 14 storage/engine/rocksdb.go:120  Options.max_bytes_for_level_multiplier_addtl[2]: 1
I200514 19:44:44.258190 14 storage/engine/rocksdb.go:120  Options.max_bytes_for_level_multiplier_addtl[3]: 1
I200514 19:44:44.258192 14 storage/engine/rocksdb.go:120  Options.max_bytes_for_level_multiplier_addtl[4]: 1
I200514 19:44:44.258195 14 storage/engine/rocksdb.go:120  Options.max_bytes_for_level_multiplier_addtl[5]: 1
I200514 19:44:44.258197 14 storage/engine/rocksdb.go:120  Options.max_bytes_for_level_multiplier_addtl[6]: 1
I200514 19:44:44.258200 14 storage/engine/rocksdb.go:120        Options.max_sequential_skip_in_iterations: 8
I200514 19:44:44.258203 14 storage/engine/rocksdb.go:120                     Options.max_compaction_bytes: 104857600
I200514 19:44:44.258205 14 storage/engine/rocksdb.go:120                         Options.arena_block_size: 8388608
I200514 19:44:44.258208 14 storage/engine/rocksdb.go:120    Options.soft_pending_compaction_bytes_limit: 2199023255552
I200514 19:44:44.258211 14 storage/engine/rocksdb.go:120    Options.hard_pending_compaction_bytes_limit: 4400193994752
I200514 19:44:44.258213 14 storage/engine/rocksdb.go:120        Options.rate_limit_delay_max_milliseconds: 100
I200514 19:44:44.258216 14 storage/engine/rocksdb.go:120                 Options.disable_auto_compactions: 0
I200514 19:44:44.258219 14 storage/engine/rocksdb.go:120                         Options.compaction_style: kCompactionStyleLevel
I200514 19:44:44.258238 14 storage/engine/rocksdb.go:120                           Options.compaction_pri: kMinOverlappingRatio
I200514 19:44:44.258242 14 storage/engine/rocksdb.go:120  Options.compaction_options_universal.size_ratio: 1
I200514 19:44:44.258246 14 storage/engine/rocksdb.go:120  Options.compaction_options_universal.min_merge_width: 2
I200514 19:44:44.258249 14 storage/engine/rocksdb.go:120  Options.compaction_options_universal.max_merge_width: 4294967295
I200514 19:44:44.258253 14 storage/engine/rocksdb.go:120  Options.compaction_options_universal.max_size_amplification_percent: 200
I200514 19:44:44.258258 14 storage/engine/rocksdb.go:120  Options.compaction_options_universal.compression_size_percent: -1
I200514 19:44:44.258262 14 storage/engine/rocksdb.go:120  Options.compaction_options_universal.stop_style: kCompactionStopStyleTotalSize
I200514 19:44:44.258265 14 storage/engine/rocksdb.go:120  Options.compaction_options_fifo.max_table_files_size: 1073741824
I200514 19:44:44.258268 14 storage/engine/rocksdb.go:120  Options.compaction_options_fifo.allow_compaction: 0
I200514 19:44:44.258276 14 storage/engine/rocksdb.go:120                    Options.table_properties_collectors: TimeBoundTblPropCollectorFactory; DeleteRangeTblPropCollectorFactory; 
I200514 19:44:44.258279 14 storage/engine/rocksdb.go:120                    Options.inplace_update_support: 0
I200514 19:44:44.258282 14 storage/engine/rocksdb.go:120                  Options.inplace_update_num_locks: 10000
I200514 19:44:44.258285 14 storage/engine/rocksdb.go:120                Options.memtable_prefix_bloom_size_ratio: 0.000000
I200514 19:44:44.258287 14 storage/engine/rocksdb.go:120                Options.memtable_whole_key_filtering: 0
I200514 19:44:44.258290 14 storage/engine/rocksdb.go:120    Options.memtable_huge_page_size: 0
I200514 19:44:44.258309 14 storage/engine/rocksdb.go:120                            Options.bloom_locality: 0
I200514 19:44:44.258315 14 storage/engine/rocksdb.go:120                     Options.max_successive_merges: 0
I200514 19:44:44.258317 14 storage/engine/rocksdb.go:120                 Options.optimize_filters_for_hits: 1
I200514 19:44:44.258320 14 storage/engine/rocksdb.go:120                 Options.paranoid_file_checks: 0
I200514 19:44:44.258323 14 storage/engine/rocksdb.go:120                 Options.force_consistency_checks: 0
I200514 19:44:44.258325 14 storage/engine/rocksdb.go:120                 Options.report_bg_io_stats: 0
I200514 19:44:44.258328 14 storage/engine/rocksdb.go:120                                Options.ttl: 0
I200514 19:44:44.258345 14 storage/engine/rocksdb.go:120           Options.periodic_compaction_seconds: 0
I200514 19:44:44.262448 14 storage/engine/rocksdb.go:120  [db/version_set.cc:4286] Recovered from manifest file:/var/lib/cockroach/MANIFEST-000658 succeeded,manifest_file_number is 658, next_file_number is 660, last_sequence is 9606025, log_number is 651,prev_log_number is 0,max_column_family is 0,min_log_number_to_keep is 0
I200514 19:44:44.262456 14 storage/engine/rocksdb.go:120  [db/version_set.cc:4295] Column family [default] (ID 0), log number is 651
I200514 19:44:44.263776 14 storage/engine/rocksdb.go:120  EVENT_LOG_v1 {"time_micros": 1589485484263739, "job": 1, "event": "recovery_started", "log_files": [659]}
I200514 19:44:44.263783 14 storage/engine/rocksdb.go:120  [db/db_impl_open.cc:598] Recovering log #659 mode 0
I200514 19:44:44.400246 14 storage/engine/rocksdb.go:120  EVENT_LOG_v1 {"time_micros": 1589485484400188, "cf_name": "default", "job": 1, "event": "table_file_creation", "file_number": 660, "file_size": 151527, "table_properties": {"data_size": 146673, "index_size": 1079, "index_partitions": 0, "top_level_index_size": 0, "index_key_is_user_key": 0, "index_value_is_delta_encoded": 0, "filter_size": 3141, "raw_key_size": 90989, "raw_average_key_size": 33, "raw_value_size": 628684, "raw_average_value_size": 229, "num_data_blocks": 19, "num_entries": 2743, "num_deletions": 1352, "num_merge_operands": 664, "num_range_deletions": 664, "format_version": 0, "fixed_key_len": 0, "filter_policy": "rocksdb.BuiltinBloomFilter", "column_family_name": "default", "column_family_id": 0, "comparator": "cockroach_comparator", "merge_operator": "cockroach_merge_operator", "prefix_extractor_name": "cockroach_prefix_extractor", "property_collectors": "[TimeBoundTblPropCollectorFactory,DeleteRangeTblPropCollectorFactory]", "compression": "Snappy", "compression_options": "window_bits=-14; level=32767; strategy=0; max_dict_bytes=0; zstd_max_train_bytes=0; enabled=0; ", "creation_time": 1589485484, "oldest_key_time": 3, "file_creation_time": 0}}
I200514 19:44:44.401740 14 storage/engine/rocksdb.go:120  [db/version_set.cc:3560] Creating manifest 661
I200514 19:44:44.412678 14 storage/engine/rocksdb.go:120  EVENT_LOG_v1 {"time_micros": 1589485484412653, "job": 1, "event": "recovery_finished"}
I200514 19:44:44.435592 17 storage/engine/rocksdb.go:120  [db/compaction_job.cc:1647] [default] [JOB 3] Compacting 2@0 + 3@6 files to L6, score 1.00
I200514 19:44:44.435607 17 storage/engine/rocksdb.go:120  [db/compaction_job.cc:1651] [default] Compaction start summary: Base version 2 Base level 0, inputs: [660(147KB) 657(84KB)], [653(4117KB) 654(4111KB) 655(3038KB)]
I200514 19:44:44.435661 17 storage/engine/rocksdb.go:120  EVENT_LOG_v1 {"time_micros": 1589485484435643, "job": 3, "event": "compaction_started", "compaction_reason": "LevelL0FilesNum", "files_L0": [660, 657], "files_L6": [653, 654, 655], "score": 1, "input_data_size": 11776137}
I200514 19:44:44.445144 14 storage/engine/rocksdb.go:120  DB pointer 0x7f971a49d000
I200514 19:44:44.544425 17 storage/engine/rocksdb.go:120  [db/compaction_job.cc:1334] [default] [JOB 3] Generated table #665: 14501 keys, 4217630 bytes
I200514 19:44:44.544467 17 storage/engine/rocksdb.go:120  EVENT_LOG_v1 {"time_micros": 1589485484544441, "cf_name": "default", "job": 3, "event": "table_file_creation", "file_number": 665, "file_size": 4217630, "table_properties": {"data_size": 4196035, "index_size": 78237, "index_partitions": 0, "top_level_index_size": 0, "index_key_is_user_key": 0, "index_value_is_delta_encoded": 0, "filter_size": 0, "raw_key_size": 729931, "raw_average_key_size": 50, "raw_value_size": 35762806, "raw_average_value_size": 2466, "num_data_blocks": 1140, "num_entries": 14501, "num_deletions": 0, "num_merge_operands": 0, "num_range_deletions": 0, "format_version": 0, "fixed_key_len": 0, "filter_policy": "rocksdb.BuiltinBloomFilter", "column_family_name": "default", "column_family_id": 0, "comparator": "cockroach_comparator", "merge_operator": "cockroach_merge_operator", "prefix_extractor_name": "cockroach_prefix_extractor", "property_collectors": "[TimeBoundTblPropCollectorFactory,DeleteRangeTblPropCollectorFactory]", "compression": "Snappy", "compression_options": "window_bits=-14; level=32767; strategy=0; max_dict_bytes=0; zstd_max_train_bytes=0; enabled=0; ", "creation_time": 1589485484, "oldest_key_time": 0, "file_creation_time": 1589485484}}
I200514 19:44:44.628603 17 storage/engine/rocksdb.go:120  [db/compaction_job.cc:1334] [default] [JOB 3] Generated table #666: 7938 keys, 4221875 bytes
I200514 19:44:44.628774 17 storage/engine/rocksdb.go:120  EVENT_LOG_v1 {"time_micros": 1589485484628745, "cf_name": "default", "job": 3, "event": "table_file_creation", "file_number": 666, "file_size": 4221875, "table_properties": {"data_size": 4206473, "index_size": 52006, "index_partitions": 0, "top_level_index_size": 0, "index_key_is_user_key": 0, "index_value_is_delta_encoded": 0, "filter_size": 0, "raw_key_size": 434565, "raw_average_key_size": 54, "raw_value_size": 24184855, "raw_average_value_size": 3046, "num_data_blocks": 772, "num_entries": 7938, "num_deletions": 0, "num_merge_operands": 0, "num_range_deletions": 0, "format_version": 0, "fixed_key_len": 0, "filter_policy": "rocksdb.BuiltinBloomFilter", "column_family_name": "default", "column_family_id": 0, "comparator": "cockroach_comparator", "merge_operator": "cockroach_merge_operator", "prefix_extractor_name": "cockroach_prefix_extractor", "property_collectors": "[TimeBoundTblPropCollectorFactory,DeleteRangeTblPropCollectorFactory]", "compression": "Snappy", "compression_options": "window_bits=-14; level=32767; strategy=0; max_dict_bytes=0; zstd_max_train_bytes=0; enabled=0; ", "creation_time": 1589485484, "oldest_key_time": 0, "file_creation_time": 1589485484}}
I200514 19:44:44.694741 17 storage/engine/rocksdb.go:120  [db/compaction_job.cc:1334] [default] [JOB 3] Generated table #667: 10641 keys, 3197553 bytes
I200514 19:44:44.694845 17 storage/engine/rocksdb.go:120  EVENT_LOG_v1 {"time_micros": 1589485484694787, "cf_name": "default", "job": 3, "event": "table_file_creation", "file_number": 667, "file_size": 3197553, "table_properties": {"data_size": 3184669, "index_size": 44456, "index_partitions": 0, "top_level_index_size": 0, "index_key_is_user_key": 0, "index_value_is_delta_encoded": 0, "filter_size": 0, "raw_key_size": 516546, "raw_average_key_size": 48, "raw_value_size": 19621150, "raw_average_value_size": 1843, "num_data_blocks": 630, "num_entries": 10641, "num_deletions": 0, "num_merge_operands": 0, "num_range_deletions": 0, "format_version": 0, "fixed_key_len": 0, "filter_policy": "rocksdb.BuiltinBloomFilter", "column_family_name": "default", "column_family_id": 0, "comparator": "cockroach_comparator", "merge_operator": "cockroach_merge_operator", "prefix_extractor_name": "cockroach_prefix_extractor", "property_collectors": "[TimeBoundTblPropCollectorFactory,DeleteRangeTblPropCollectorFactory]", "compression": "Snappy", "compression_options": "window_bits=-14; level=32767; strategy=0; max_dict_bytes=0; zstd_max_train_bytes=0; enabled=0; ", "creation_time": 1589485484, "oldest_key_time": 0, "file_creation_time": 1589485484}}
I200514 19:44:44.700073 17 storage/engine/rocksdb.go:120  [db/compaction_job.cc:1397] [default] [JOB 3] Compacted 2@0 + 3@6 files to L6 => 11637058 bytes
I200514 19:44:44.700834 17 storage/engine/rocksdb.go:120  (Original Log Time 2020/05/14-19:44:44.700735) [db/compaction_job.cc:770] [default] compacted to: base level 6 level multiplier 10.00 max bytes base 67108864 files[0 0 0 0 0 0 3] max score 0.00, MB/sec: 45.3 rd, 44.8 wr, level 6, files in(2, 3) out(3) MB in(0.2, 11.0) out(11.1), read-write-amplify(98.4) write-amplify(48.9) OK, records in: 37097, records dropped: 2689 output_compression: Snappy
I200514 19:44:44.700844 17 storage/engine/rocksdb.go:120  (Original Log Time 2020/05/14-19:44:44.700758) EVENT_LOG_v1 {"time_micros": 1589485484700748, "job": 3, "event": "compaction_finished", "compaction_time_micros": 259770, "compaction_time_cpu_micros": 116249, "output_level": 6, "num_output_files": 3, "total_output_size": 11637058, "num_input_records": 35769, "num_output_records": 33080, "num_subcompactions": 1, "output_compression": "Snappy", "num_single_delete_mismatches": 0, "num_single_delete_fallthrough": 0, "lsm_state": [0, 0, 0, 0, 0, 0, 3]}
I200514 19:44:44.701406 17 storage/engine/rocksdb.go:120  EVENT_LOG_v1 {"time_micros": 1589485484701378, "job": 3, "event": "table_file_deletion", "file_number": 660}
I200514 19:44:44.702279 17 storage/engine/rocksdb.go:120  EVENT_LOG_v1 {"time_micros": 1589485484702264, "job": 3, "event": "table_file_deletion", "file_number": 657}
I200514 19:44:44.703345 17 storage/engine/rocksdb.go:120  EVENT_LOG_v1 {"time_micros": 1589485484703327, "job": 3, "event": "table_file_deletion", "file_number": 655}
I200514 19:44:44.704674 17 storage/engine/rocksdb.go:120  EVENT_LOG_v1 {"time_micros": 1589485484704654, "job": 3, "event": "table_file_deletion", "file_number": 654}
I200514 19:44:44.705972 17 storage/engine/rocksdb.go:120  EVENT_LOG_v1 {"time_micros": 1589485484705952, "job": 3, "event": "table_file_deletion", "file_number": 653}
I200514 19:45:54.518048 1404 storage/engine/rocksdb.go:120  bloom filter utility:    -nan%
I200514 19:45:54.518364 1404 storage/engine/rocksdb.go:120  [db/db_impl.cc:392] Shutdown: canceling all background work
I200514 19:45:54.519019 1404 storage/engine/rocksdb.go:120  [db/db_impl.cc:565] Shutdown complete
I200514 19:45:54.528185 1404 storage/engine/rocksdb.go:120  bloom filter utility:    66.7%
I200514 19:45:54.528734 1404 storage/engine/rocksdb.go:120  [db/db_impl.cc:392] Shutdown: canceling all background work
I200514 19:45:54.536165 1404 storage/engine/rocksdb.go:120  [db/db_impl.cc:565] Shutdown complete
