I200512 20:02:40.922601 1 util/log/clog.go:1196  [config] file created at: 2020/05/12 20:02:40
I200512 20:02:40.922601 1 util/log/clog.go:1196  [config] running on machine: 0636d5bbafa3
I200512 20:02:40.922601 1 util/log/clog.go:1196  [config] binary: CockroachDB CCL v19.2.5 (x86_64-unknown-linux-gnu, built 2020/03/16 18:27:12, go1.12.12)
I200512 20:02:40.922601 1 util/log/clog.go:1196  [config] arguments: [/cockroach/cockroach start --insecure --store=attrs=ssd,path=/var/lib/cockroach/]
I200512 20:02:40.922601 1 util/log/clog.go:1196  line format: [IWEF]yymmdd hh:mm:ss.uuuuuu goid file:line msg utf8=✓
I200512 20:02:40.922600 1 cli/start.go:1144  logging to directory /var/lib/cockroach/logs
W200512 20:02:40.929368 1 cli/start.go:1182  RUNNING IN INSECURE MODE!

- Your cluster is open for any client that can access <all your IP addresses>.
- Any user, even root, can log in without providing a password.
- Any user, connecting as root, can read or write any data in your cluster.
- There is no network encryption nor authentication, and thus no confidentiality.

Check out how to secure your cluster: https://www.cockroachlabs.com/docs/v19.2/secure-a-cluster.html
I200512 20:02:40.929660 1 server/status/recorder.go:597  available memory from cgroups (8.0 EiB) is unsupported, using system memory 1.9 GiB instead: 
W200512 20:02:40.929710 1 cli/start.go:1052  Using the default setting for --cache (128 MiB).
  A significantly larger value is usually needed for good performance.
  If you have a dedicated server a reasonable setting is --cache=.25 (497 MiB).
I200512 20:02:40.929928 1 server/status/recorder.go:597  available memory from cgroups (8.0 EiB) is unsupported, using system memory 1.9 GiB instead: 
W200512 20:02:40.929939 1 cli/start.go:1065  Using the default setting for --max-sql-memory (128 MiB).
  A significantly larger value is usually needed in production.
  If you have a dedicated server a reasonable setting is --max-sql-memory=.25 (497 MiB).
I200512 20:02:40.930110 1 server/status/recorder.go:597  available memory from cgroups (8.0 EiB) is unsupported, using system memory 1.9 GiB instead: 
I200512 20:02:40.930121 1 cli/start.go:1196  CockroachDB CCL v19.2.5 (x86_64-unknown-linux-gnu, built 2020/03/16 18:27:12, go1.12.12)
W200512 20:02:41.262926 1 cli/start.go:511  running 'cockroach start' without --join is deprecated.
Consider using 'cockroach start-single-node' or 'cockroach init' instead.
I200512 20:02:41.284627 1 server/status/recorder.go:597  available memory from cgroups (8.0 EiB) is unsupported, using system memory 1.9 GiB instead: 
I200512 20:02:41.284641 1 server/config.go:394  system total memory: 1.9 GiB
I200512 20:02:41.284670 1 server/config.go:396  server configuration:
max offset             500000000
cache size             128 MiB
SQL memory pool size   128 MiB
scan interval          10m0s
scan min idle time     10ms
scan max idle time     1s
event log enabled      true
I200512 20:02:41.284680 1 cli/start.go:1030  using local environment variables: COCKROACH_CHANNEL=official-docker
I200512 20:02:41.284689 1 cli/start.go:1037  process identity: uid 0 euid 0 gid 0 egid 0
I200512 20:02:41.284724 1 cli/start.go:644  starting cockroach node
I200512 20:02:41.287994 26 storage/engine/rocksdb.go:622  opening rocksdb instance at "/var/lib/cockroach/cockroach-temp421578199"
I200512 20:02:41.476206 26 server/server.go:928  [n?] monitoring forward clock jumps based on server.clock.forward_jump_check_enabled
I200512 20:02:41.479201 26 storage/engine/rocksdb.go:622  opening rocksdb instance at "/var/lib/cockroach"
I200512 20:02:41.567970 26 server/config.go:502  [n?] 1 storage engine initialized
I200512 20:02:41.567981 26 server/config.go:505  [n?] RocksDB cache size: 128 MiB
I200512 20:02:41.567986 26 server/config.go:505  [n?] store 0: RocksDB, max size 0 B, max open file limit 1043576
W200512 20:02:41.614203 26 cli/start.go:996  neither --listen-addr nor --advertise-addr was specified.
The server will advertise "0636d5bbafa3" to other nodes, is this routable?

Consider using:
- for local-only servers:  --listen-addr=localhost
- for multi-node clusters: --advertise-addr=<host/IP addr>
I200512 20:02:41.627667 26 server/server.go:978  [n?] Sleeping till wall time 1589313761627631229 to catches up to 1589313761976172431 to ensure monotonicity. Delta: 348.541202ms
I200512 20:02:41.977056 26 gossip/gossip.go:394  [n1] NodeDescriptor set to node_id:1 address:<network_field:"tcp" address_field:"0636d5bbafa3:26257" > attrs:<> locality:<> ServerVersion:<major_val:19 minor_val:2 patch:0 unstable:0 > build_tag:"v19.2.5" started_at:1589313761976975227 cluster_name:"" sql_address:<network_field:"tcp" address_field:"0636d5bbafa3:26257" > 
W200512 20:02:42.003481 109 storage/replica_range_lease.go:554  can't determine lease status due to node liveness error: node not in the liveness table
github.com/cockroachdb/cockroach/pkg/storage.init.ializers
	/go/src/github.com/cockroachdb/cockroach/pkg/storage/node_liveness.go:44
runtime.main
	/usr/local/go/src/runtime/proc.go:188
runtime.goexit
	/usr/local/go/src/runtime/asm_amd64.s:1337
W200512 20:02:42.003501 109 storage/store.go:1530  [n1,s1,r6/1:/Table/{SystemCon…-11}] could not gossip system config: [NotLeaseHolderError] r6: replica (n1,s1):1 not lease holder; lease holder unknown
I200512 20:02:42.131256 26 server/node.go:431  [n1] initialized store [n1,s1]: disk (capacity=894 GiB, available=592 GiB, used=13 MiB, logicalBytes=53 MiB), ranges=38, leases=3, queries=0.00, writes=0.00, bytesPerReplica={p10=0.00 p25=0.00 p50=0.00 p75=13779.00 p90=107095.00 pMax=36646026.00}, writesPerReplica={p10=0.00 p25=0.00 p50=0.00 p75=0.00 p90=0.00 pMax=0.00}
I200512 20:02:42.131333 26 storage/stores.go:240  [n1] read 0 node addresses from persistent storage
I200512 20:02:42.131411 26 server/node.go:645  [n1] connecting to gossip network to verify cluster ID...
I200512 20:02:42.131423 26 server/node.go:665  [n1] node connected via gossip and verified as part of cluster "3d423bb5-5d67-4ebf-947b-999bec430444"
I200512 20:02:42.131450 26 server/node.go:512  [n1] node=1: started with [ssd=/var/lib/cockroach] engine(s) and attributes []
I200512 20:02:42.133056 26 server/server.go:1514  [n1] starting http server at [::]:8080 (use: 0636d5bbafa3:8080)
I200512 20:02:42.133066 26 server/server.go:1521  [n1] starting grpc/postgres server at [::]:26257
I200512 20:02:42.133075 26 server/server.go:1522  [n1] advertising CockroachDB node at 0636d5bbafa3:26257
I200512 20:02:42.141924 26 server/server.go:1590  [n1] done ensuring all necessary migrations have run
I200512 20:02:42.141945 26 server/server.go:1841  [n1] serving sql connections
I200512 20:02:42.141992 26 cli/start.go:803  [config] clusterID: 3d423bb5-5d67-4ebf-947b-999bec430444
I200512 20:02:42.142007 26 cli/start.go:812  node startup completed:
CockroachDB node starting at 2020-05-12 20:02:42.141960026 +0000 UTC (took 1.2s)
build:               CCL v19.2.5 @ 2020/03/16 18:27:12 (go1.12.12)
webui:               http://0636d5bbafa3:8080
sql:                 postgresql://root@0636d5bbafa3:26257?sslmode=disable
RPC client flags:    /cockroach/cockroach <client cmd> --host=0636d5bbafa3:26257 --insecure
logs:                /var/lib/cockroach/logs
temp dir:            /var/lib/cockroach/cockroach-temp421578199
external I/O path:   /var/lib/cockroach/extern
store[0]:            path=/var/lib/cockroach,attrs=ssd
status:              restarted pre-existing node
clusterID:           3d423bb5-5d67-4ebf-947b-999bec430444
nodeID:              1
I200512 20:02:42.158812 248 server/server_update.go:53  [n1] no need to upgrade, cluster already at the newest version
I200512 20:02:42.178059 250 sql/event_log.go:130  [n1] Event: "node_restart", target: 1, info: {Descriptor:{NodeID:1 Address:0636d5bbafa3:26257 Attrs: Locality: ServerVersion:19.2 BuildTag:v19.2.5 StartedAt:1589313761976975227 LocalityAddress:[] ClusterName: SQLAddress:0636d5bbafa3:26257} ClusterID:3d423bb5-5d67-4ebf-947b-999bec430444 StartedAt:1589313761976975227 LastUp:1589313758701421845}
I200512 20:02:43.962864 84 gossip/gossip.go:1531  [n1] node has connected to cluster via gossip
I200512 20:02:43.962963 84 storage/stores.go:259  [n1] wrote 0 node addresses to persistent storage
I200512 20:02:52.155855 216 server/status/runtime.go:498  [n1] runtime stats: 104 MiB RSS, 117 goroutines, 88 MiB/35 MiB/132 MiB GO alloc/idle/total, 14 MiB/18 MiB CGO alloc/total, 0.0 CGO/sec, 0.0/0.0 %(u/s)time, 0.0 %gc (9x), 10 KiB/14 KiB (r/w)net
I200512 20:03:02.136716 211 storage/store.go:2364  [n1,s1] sstables (read amplification = 1):
6 [ 7M 2 ]: 4M 3M
I200512 20:03:02.136811 211 storage/store.go:2365  [n1,s1] 
** Compaction Stats [default] **
Level    Files   Size     Score Read(GB)  Rn(GB) Rnp1(GB) Write(GB) Wnew(GB) Moved(GB) W-Amp Rd(MB/s) Wr(MB/s) Comp(sec) CompMergeCPU(sec) Comp(cnt) Avg(sec) KeyIn KeyDrop
----------------------------------------------------------------------------------------------------------------------------------------------------------------------------
  L0      0/0    0.00 KB   0.0      0.0     0.0      0.0       0.0      0.0       0.0   1.0      0.0      3.6      0.02              0.00         1    0.023       0      0
  L6      2/0    7.17 MB   0.0      0.0     0.0      0.0       0.0      0.0       0.0  26.2     32.8     31.9      0.22              0.08         1    0.225     34K   5063
 Sum      2/0    7.17 MB   0.0      0.0     0.0      0.0       0.0      0.0       0.0  87.6     29.8     29.3      0.25              0.08         2    0.124     34K   5063
 Int      0/0    0.00 KB   0.0      0.0     0.0      0.0       0.0      0.0       0.0  87.6     29.8     29.3      0.25              0.08         2    0.124     34K   5063

** Compaction Stats [default] **
Priority    Files   Size     Score Read(GB)  Rn(GB) Rnp1(GB) Write(GB) Wnew(GB) Moved(GB) W-Amp Rd(MB/s) Wr(MB/s) Comp(sec) CompMergeCPU(sec) Comp(cnt) Avg(sec) KeyIn KeyDrop
-------------------------------------------------------------------------------------------------------------------------------------------------------------------------------
 Low      0/0    0.00 KB   0.0      0.0     0.0      0.0       0.0      0.0       0.0   0.0     32.8     31.9      0.22              0.08         1    0.225     34K   5063
User      0/0    0.00 KB   0.0      0.0     0.0      0.0       0.0      0.0       0.0   0.0      0.0      3.6      0.02              0.00         1    0.023       0      0
Uptime(secs): 20.6 total, 20.6 interval
Flush(GB): cumulative 0.000, interval 0.000
AddFile(GB): cumulative 0.000, interval 0.000
AddFile(Total Files): cumulative 0, interval 0
AddFile(L0 Files): cumulative 0, interval 0
AddFile(Keys): cumulative 0, interval 0
Cumulative compaction: 0.01 GB write, 0.35 MB/s write, 0.01 GB read, 0.36 MB/s read, 0.2 seconds
Interval compaction: 0.01 GB write, 0.35 MB/s write, 0.01 GB read, 0.36 MB/s read, 0.2 seconds
Stalls(count): 0 level0_slowdown, 0 level0_slowdown_with_compaction, 0 level0_numfiles, 0 level0_numfiles_with_compaction, 0 stop for pending_compaction_bytes, 0 slowdown for pending_compaction_bytes, 0 memtable_compaction, 0 memtable_slowdown, interval 0 total count
estimated_pending_compaction_bytes: 0 B
I200512 20:03:02.155784 216 server/status/runtime.go:498  [n1] runtime stats: 111 MiB RSS, 117 goroutines, 97 MiB/27 MiB/135 MiB GO alloc/idle/total, 15 MiB/18 MiB CGO alloc/total, 58.7 CGO/sec, 0.6/0.2 %(u/s)time, 0.0 %gc (0x), 562 B/426 B (r/w)net
I200512 20:03:12.156110 216 server/status/runtime.go:498  [n1] runtime stats: 120 MiB RSS, 118 goroutines, 105 MiB/19 MiB/135 MiB GO alloc/idle/total, 15 MiB/18 MiB CGO alloc/total, 57.9 CGO/sec, 0.6/0.2 %(u/s)time, 0.0 %gc (0x), 70 B/0 B (r/w)net
I200512 20:03:22.156120 216 server/status/runtime.go:498  [n1] runtime stats: 129 MiB RSS, 118 goroutines, 114 MiB/11 MiB/135 MiB GO alloc/idle/total, 15 MiB/18 MiB CGO alloc/total, 56.5 CGO/sec, 0.6/0.2 %(u/s)time, 0.0 %gc (0x), 70 B/0 B (r/w)net
I200512 20:03:32.156183 216 server/status/runtime.go:498  [n1] runtime stats: 138 MiB RSS, 118 goroutines, 121 MiB/2.9 MiB/135 MiB GO alloc/idle/total, 14 MiB/18 MiB CGO alloc/total, 27.8 CGO/sec, 0.4/0.1 %(u/s)time, 0.0 %gc (0x), 0 B/0 B (r/w)net
I200512 20:03:42.131914 212 gossip/gossip.go:566  [n1] gossip status (ok, 1 node)
gossip client (0/3 cur/max conns)
gossip server (0/3 cur/max conns, infos 0/0 sent/received, bytes 0B/0B sent/received)
gossip connectivity
  n1 [sentinel];
I200512 20:03:42.156294 216 server/status/runtime.go:498  [n1] runtime stats: 140 MiB RSS, 118 goroutines, 86 MiB/35 MiB/135 MiB GO alloc/idle/total, 14 MiB/18 MiB CGO alloc/total, 45.2 CGO/sec, 0.6/0.1 %(u/s)time, 0.0 %gc (1x), 70 B/0 B (r/w)net
I200512 20:03:52.156444 216 server/status/runtime.go:498  [n1] runtime stats: 141 MiB RSS, 117 goroutines, 94 MiB/29 MiB/135 MiB GO alloc/idle/total, 15 MiB/18 MiB CGO alloc/total, 73.4 CGO/sec, 0.4/0.2 %(u/s)time, 0.0 %gc (0x), 70 B/0 B (r/w)net
I200512 20:04:02.156494 216 server/status/runtime.go:498  [n1] runtime stats: 142 MiB RSS, 117 goroutines, 100 MiB/23 MiB/135 MiB GO alloc/idle/total, 15 MiB/18 MiB CGO alloc/total, 24.9 CGO/sec, 0.3/0.1 %(u/s)time, 0.0 %gc (0x), 150 B/150 B (r/w)net
I200512 20:04:12.156615 216 server/status/runtime.go:498  [n1] runtime stats: 144 MiB RSS, 118 goroutines, 107 MiB/17 MiB/135 MiB GO alloc/idle/total, 15 MiB/18 MiB CGO alloc/total, 27.4 CGO/sec, 0.3/0.1 %(u/s)time, 0.0 %gc (0x), 0 B/0 B (r/w)net
I200512 20:04:22.156768 216 server/status/runtime.go:498  [n1] runtime stats: 146 MiB RSS, 118 goroutines, 113 MiB/11 MiB/135 MiB GO alloc/idle/total, 15 MiB/18 MiB CGO alloc/total, 27.3 CGO/sec, 0.3/0.1 %(u/s)time, 0.0 %gc (0x), 0 B/0 B (r/w)net
I200512 20:04:32.156900 216 server/status/runtime.go:498  [n1] runtime stats: 146 MiB RSS, 118 goroutines, 119 MiB/5.1 MiB/135 MiB GO alloc/idle/total, 15 MiB/18 MiB CGO alloc/total, 25.3 CGO/sec, 0.4/0.0 %(u/s)time, 0.0 %gc (0x), 0 B/0 B (r/w)net
I200512 20:04:42.131878 212 gossip/gossip.go:566  [n1] gossip status (ok, 1 node)
gossip client (0/3 cur/max conns)
gossip server (0/3 cur/max conns, infos 0/0 sent/received, bytes 0B/0B sent/received)
I200512 20:04:42.156970 216 server/status/runtime.go:498  [n1] runtime stats: 147 MiB RSS, 117 goroutines, 125 MiB/63 MiB/201 MiB GO alloc/idle/total, 15 MiB/18 MiB CGO alloc/total, 25.5 CGO/sec, 0.3/0.2 %(u/s)time, 0.0 %gc (0x), 70 B/0 B (r/w)net
I200512 20:04:52.157138 216 server/status/runtime.go:498  [n1] runtime stats: 155 MiB RSS, 117 goroutines, 134 MiB/54 MiB/201 MiB GO alloc/idle/total, 15 MiB/18 MiB CGO alloc/total, 45.8 CGO/sec, 0.3/0.1 %(u/s)time, 0.0 %gc (0x), 0 B/0 B (r/w)net
I200512 20:05:02.157259 216 server/status/runtime.go:498  [n1] runtime stats: 161 MiB RSS, 117 goroutines, 82 MiB/101 MiB/201 MiB GO alloc/idle/total, 15 MiB/18 MiB CGO alloc/total, 33.0 CGO/sec, 0.4/0.3 %(u/s)time, 0.0 %gc (1x), 136 B/66 B (r/w)net
I200512 20:05:12.157380 216 server/status/runtime.go:498  [n1] runtime stats: 162 MiB RSS, 118 goroutines, 89 MiB/96 MiB/201 MiB GO alloc/idle/total, 15 MiB/18 MiB CGO alloc/total, 44.4 CGO/sec, 0.4/0.1 %(u/s)time, 0.0 %gc (0x), 84 B/84 B (r/w)net
I200512 20:05:22.157540 216 server/status/runtime.go:498  [n1] runtime stats: 162 MiB RSS, 118 goroutines, 95 MiB/90 MiB/201 MiB GO alloc/idle/total, 15 MiB/18 MiB CGO alloc/total, 23.6 CGO/sec, 0.3/0.1 %(u/s)time, 0.0 %gc (0x), 0 B/0 B (r/w)net
I200512 20:05:32.157599 216 server/status/runtime.go:498  [n1] runtime stats: 162 MiB RSS, 118 goroutines, 101 MiB/85 MiB/202 MiB GO alloc/idle/total, 15 MiB/18 MiB CGO alloc/total, 27.8 CGO/sec, 0.3/0.1 %(u/s)time, 0.0 %gc (0x), 0 B/0 B (r/w)net
I200512 20:05:42.132047 212 gossip/gossip.go:566  [n1] gossip status (ok, 1 node)
gossip client (0/3 cur/max conns)
gossip server (0/3 cur/max conns, infos 0/0 sent/received, bytes 0B/0B sent/received)
I200512 20:05:42.157725 216 server/status/runtime.go:498  [n1] runtime stats: 162 MiB RSS, 117 goroutines, 107 MiB/79 MiB/202 MiB GO alloc/idle/total, 14 MiB/18 MiB CGO alloc/total, 25.8 CGO/sec, 0.3/0.1 %(u/s)time, 0.0 %gc (0x), 0 B/0 B (r/w)net
I200512 20:05:52.157900 216 server/status/runtime.go:498  [n1] runtime stats: 164 MiB RSS, 117 goroutines, 114 MiB/73 MiB/202 MiB GO alloc/idle/total, 14 MiB/18 MiB CGO alloc/total, 54.6 CGO/sec, 0.4/0.1 %(u/s)time, 0.0 %gc (0x), 0 B/0 B (r/w)net
I200512 20:05:54.696565 1 cli/start.go:865  received signal 'terminated'
I200512 20:05:54.696869 1 cli/start.go:930  initiating graceful shutdown of server
I200512 20:05:54.712736 2543 util/stop/stopper.go:542  [server drain process] quiescing; tasks left:
1      [async] intent_resolver_ir_batcher
1      [async] intent_resolver_gc_batcher
1      [async] closedts-rangefeed-subscriber
I200512 20:05:54.720560 2543 util/stop/stopper.go:542  [server drain process] quiescing; tasks left:
1      [async] intent_resolver_ir_batcher
1      [async] closedts-rangefeed-subscriber
I200512 20:05:54.725425 2543 util/stop/stopper.go:542  [server drain process] quiescing; tasks left:
1      [async] closedts-rangefeed-subscriber
W200512 20:05:54.725799 31 vendor/google.golang.org/grpc/clientconn.go:1206  grpc: addrConn.createTransport failed to connect to {0636d5bbafa3:26257 0  <nil>}. Err :connection error: desc = "transport: failed to write client preface: io: read/write on closed pipe". Reconnecting...
I200512 20:05:54.726637 2543 storage/engine/rocksdb.go:762  closing rocksdb instance at "/var/lib/cockroach/cockroach-temp421578199"
I200512 20:05:54.739660 2543 storage/engine/rocksdb.go:762  closing rocksdb instance at "/var/lib/cockroach"
I200512 20:05:54.748309 1 cli/start.go:976  server drained and shutdown completed
