I200514 22:44:30.696514 1 util/log/clog.go:1196  [config] file created at: 2020/05/14 22:44:30
I200514 22:44:30.696514 1 util/log/clog.go:1196  [config] running on machine: ae030f3f3505
I200514 22:44:30.696514 1 util/log/clog.go:1196  [config] binary: CockroachDB CCL v19.2.5 (x86_64-unknown-linux-gnu, built 2020/03/16 18:27:12, go1.12.12)
I200514 22:44:30.696514 1 util/log/clog.go:1196  [config] arguments: [/cockroach/cockroach start --insecure --store=attrs=ssd,path=/var/lib/cockroach/]
I200514 22:44:30.696514 1 util/log/clog.go:1196  line format: [IWEF]yymmdd hh:mm:ss.uuuuuu goid file:line msg utf8=✓
I200514 22:44:30.696513 1 cli/start.go:1144  logging to directory /var/lib/cockroach/logs
W200514 22:44:30.704174 1 cli/start.go:1182  RUNNING IN INSECURE MODE!

- Your cluster is open for any client that can access <all your IP addresses>.
- Any user, even root, can log in without providing a password.
- Any user, connecting as root, can read or write any data in your cluster.
- There is no network encryption nor authentication, and thus no confidentiality.

Check out how to secure your cluster: https://www.cockroachlabs.com/docs/v19.2/secure-a-cluster.html
I200514 22:44:30.704520 1 server/status/recorder.go:597  available memory from cgroups (8.0 EiB) is unsupported, using system memory 1.9 GiB instead: 
W200514 22:44:30.704572 1 cli/start.go:1052  Using the default setting for --cache (128 MiB).
  A significantly larger value is usually needed for good performance.
  If you have a dedicated server a reasonable setting is --cache=.25 (497 MiB).
I200514 22:44:30.704845 1 server/status/recorder.go:597  available memory from cgroups (8.0 EiB) is unsupported, using system memory 1.9 GiB instead: 
W200514 22:44:30.704856 1 cli/start.go:1065  Using the default setting for --max-sql-memory (128 MiB).
  A significantly larger value is usually needed in production.
  If you have a dedicated server a reasonable setting is --max-sql-memory=.25 (497 MiB).
I200514 22:44:30.705124 1 server/status/recorder.go:597  available memory from cgroups (8.0 EiB) is unsupported, using system memory 1.9 GiB instead: 
I200514 22:44:30.705140 1 cli/start.go:1196  CockroachDB CCL v19.2.5 (x86_64-unknown-linux-gnu, built 2020/03/16 18:27:12, go1.12.12)
W200514 22:44:31.793876 1 cli/start.go:511  running 'cockroach start' without --join is deprecated.
Consider using 'cockroach start-single-node' or 'cockroach init' instead.
I200514 22:44:31.821116 1 server/status/recorder.go:597  available memory from cgroups (8.0 EiB) is unsupported, using system memory 1.9 GiB instead: 
I200514 22:44:31.821134 1 server/config.go:394  system total memory: 1.9 GiB
I200514 22:44:31.821166 1 server/config.go:396  server configuration:
max offset             500000000
cache size             128 MiB
SQL memory pool size   128 MiB
scan interval          10m0s
scan min idle time     10ms
scan max idle time     1s
event log enabled      true
I200514 22:44:31.821177 1 cli/start.go:1030  using local environment variables: COCKROACH_CHANNEL=official-docker
I200514 22:44:31.821192 1 cli/start.go:1037  process identity: uid 0 euid 0 gid 0 egid 0
I200514 22:44:31.821229 1 cli/start.go:644  starting cockroach node
I200514 22:44:31.825322 16 storage/engine/rocksdb.go:622  opening rocksdb instance at "/var/lib/cockroach/cockroach-temp087822888"
I200514 22:44:32.137383 16 server/server.go:928  [n?] monitoring forward clock jumps based on server.clock.forward_jump_check_enabled
I200514 22:44:32.139039 16 storage/engine/rocksdb.go:622  opening rocksdb instance at "/var/lib/cockroach"
I200514 22:44:32.292912 16 server/config.go:502  [n?] 1 storage engine initialized
I200514 22:44:32.292918 16 server/config.go:505  [n?] RocksDB cache size: 128 MiB
I200514 22:44:32.292922 16 server/config.go:505  [n?] store 0: RocksDB, max size 0 B, max open file limit 1043576
W200514 22:44:32.315260 16 cli/start.go:996  neither --listen-addr nor --advertise-addr was specified.
The server will advertise "ae030f3f3505" to other nodes, is this routable?

Consider using:
- for local-only servers:  --listen-addr=localhost
- for multi-node clusters: --advertise-addr=<host/IP addr>
I200514 22:44:32.316799 16 server/server.go:978  [n?] Sleeping till wall time 1589496272316745995 to catches up to 1589496272637197197 to ensure monotonicity. Delta: 320.451202ms
I200514 22:44:32.637891 16 gossip/gossip.go:394  [n1] NodeDescriptor set to node_id:1 address:<network_field:"tcp" address_field:"ae030f3f3505:26257" > attrs:<> locality:<> ServerVersion:<major_val:19 minor_val:2 patch:0 unstable:0 > build_tag:"v19.2.5" started_at:1589496272637765995 cluster_name:"" sql_address:<network_field:"tcp" address_field:"ae030f3f3505:26257" > 
W200514 22:44:32.691201 100 storage/replica_range_lease.go:554  can't determine lease status due to node liveness error: node not in the liveness table
github.com/cockroachdb/cockroach/pkg/storage.init.ializers
	/go/src/github.com/cockroachdb/cockroach/pkg/storage/node_liveness.go:44
runtime.main
	/usr/local/go/src/runtime/proc.go:188
runtime.goexit
	/usr/local/go/src/runtime/asm_amd64.s:1337
W200514 22:44:32.691226 100 storage/store.go:1530  [n1,s1,r6/1:/Table/{SystemCon…-11}] could not gossip system config: [NotLeaseHolderError] r6: replica (n1,s1):1 not lease holder; lease holder unknown
I200514 22:44:33.033632 16 server/node.go:431  [n1] initialized store [n1,s1]: disk (capacity=894 GiB, available=579 GiB, used=23 MiB, logicalBytes=131 MiB), ranges=40, leases=3, queries=0.00, writes=0.00, bytesPerReplica={p10=0.00 p25=0.00 p50=146.00 p75=29356.00 p90=16617786.00 pMax=52375572.00}, writesPerReplica={p10=0.00 p25=0.00 p50=0.00 p75=0.00 p90=0.00 pMax=0.00}
I200514 22:44:33.035101 16 storage/stores.go:240  [n1] read 0 node addresses from persistent storage
I200514 22:44:33.035330 16 server/node.go:645  [n1] connecting to gossip network to verify cluster ID...
I200514 22:44:33.035343 16 server/node.go:665  [n1] node connected via gossip and verified as part of cluster "3d423bb5-5d67-4ebf-947b-999bec430444"
I200514 22:44:33.035371 16 server/node.go:512  [n1] node=1: started with [ssd=/var/lib/cockroach] engine(s) and attributes []
I200514 22:44:33.037793 16 server/server.go:1514  [n1] starting http server at [::]:8080 (use: ae030f3f3505:8080)
I200514 22:44:33.037804 16 server/server.go:1521  [n1] starting grpc/postgres server at [::]:26257
I200514 22:44:33.037812 16 server/server.go:1522  [n1] advertising CockroachDB node at ae030f3f3505:26257
I200514 22:44:33.184491 16 server/server.go:1590  [n1] done ensuring all necessary migrations have run
I200514 22:44:33.184524 16 server/server.go:1841  [n1] serving sql connections
I200514 22:44:33.184604 16 cli/start.go:803  [config] clusterID: 3d423bb5-5d67-4ebf-947b-999bec430444
I200514 22:44:33.184643 16 cli/start.go:812  node startup completed:
CockroachDB node starting at 2020-05-14 22:44:33.184536795 +0000 UTC (took 2.5s)
build:               CCL v19.2.5 @ 2020/03/16 18:27:12 (go1.12.12)
webui:               http://ae030f3f3505:8080
sql:                 postgresql://root@ae030f3f3505:26257?sslmode=disable
RPC client flags:    /cockroach/cockroach <client cmd> --host=ae030f3f3505:26257 --insecure
logs:                /var/lib/cockroach/logs
temp dir:            /var/lib/cockroach/cockroach-temp087822888
external I/O path:   /var/lib/cockroach/extern
store[0]:            path=/var/lib/cockroach,attrs=ssd
status:              restarted pre-existing node
clusterID:           3d423bb5-5d67-4ebf-947b-999bec430444
nodeID:              1
I200514 22:44:33.191543 298 server/server_update.go:53  [n1] no need to upgrade, cluster already at the newest version
I200514 22:44:33.192830 300 sql/event_log.go:130  [n1] Event: "node_restart", target: 1, info: {Descriptor:{NodeID:1 Address:ae030f3f3505:26257 Attrs: Locality: ServerVersion:19.2 BuildTag:v19.2.5 StartedAt:1589496272637765995 LocalityAddress:[] ClusterName: SQLAddress:ae030f3f3505:26257} ClusterID:3d423bb5-5d67-4ebf-947b-999bec430444 StartedAt:1589496272637765995 LastUp:1589496269477256697}
I200514 22:44:33.889497 78 gossip/gossip.go:1531  [n1] node has connected to cluster via gossip
I200514 22:44:33.889594 78 storage/stores.go:259  [n1] wrote 0 node addresses to persistent storage
I200514 22:44:34.481882 302 server/updates.go:267  [n1] A new version is available: 20.1.0, details: https://www.cockroachlabs.com/docs/releases/v20.1.0.html
I200514 22:44:43.068168 113 server/status/runtime.go:498  [n1] runtime stats: 121 MiB RSS, 117 goroutines, 104 MiB/20 MiB/135 MiB GO alloc/idle/total, 15 MiB/18 MiB CGO alloc/total, 0.0 CGO/sec, 0.0/0.0 %(u/s)time, 0.0 %gc (9x), 37 KiB/45 KiB (r/w)net
I200514 22:44:48.465509 1 cli/start.go:865  received signal 'terminated'
I200514 22:44:48.465897 1 cli/start.go:930  initiating graceful shutdown of server
I200514 22:44:48.472366 689 util/stop/stopper.go:542  [server drain process] quiescing; tasks left:
1      [async] intent_resolver_ir_batcher
1      [async] intent_resolver_gc_batcher
1      [async] closedts-rangefeed-subscriber
W200514 22:44:48.474847 68 vendor/google.golang.org/grpc/clientconn.go:1206  grpc: addrConn.createTransport failed to connect to {ae030f3f3505:26257 0  <nil>}. Err :connection error: desc = "transport: failed to write client preface: io: read/write on closed pipe". Reconnecting...
I200514 22:44:48.479788 689 util/stop/stopper.go:542  [server drain process] quiescing; tasks left:
1      [async] closedts-rangefeed-subscriber
I200514 22:44:48.480720 689 storage/engine/rocksdb.go:762  closing rocksdb instance at "/var/lib/cockroach/cockroach-temp087822888"
I200514 22:44:48.493533 689 storage/engine/rocksdb.go:762  closing rocksdb instance at "/var/lib/cockroach"
I200514 22:44:48.502687 1 cli/start.go:976  server drained and shutdown completed
