I200511 11:01:31.978369 34 util/log/clog.go:1196  [config] file created at: 2020/05/11 11:01:31
I200511 11:01:31.978369 34 util/log/clog.go:1196  [config] running on machine: d6acc8cf1caa
I200511 11:01:31.978369 34 util/log/clog.go:1196  [config] binary: CockroachDB CCL v19.2.5 (x86_64-unknown-linux-gnu, built 2020/03/16 18:27:12, go1.12.12)
I200511 11:01:31.978369 34 util/log/clog.go:1196  [config] arguments: [/cockroach/cockroach start --insecure --store=attrs=ssd,path=/var/lib/cockroach/]
I200511 11:01:31.978369 34 util/log/clog.go:1196  line format: [IWEF]yymmdd hh:mm:ss.uuuuuu goid file:line msg utf8=✓
I200511 11:01:31.978368 34 storage/engine/rocksdb.go:120  RocksDB version: 6.2.1
I200511 11:01:31.986043 34 storage/engine/rocksdb.go:120  Git sha rocksdb_build_git_sha:@b7009236531fa784872f4823eabf393501e41bf2@
I200511 11:01:31.986047 34 storage/engine/rocksdb.go:120  Compile date Mar 16 2020
I200511 11:01:31.986050 34 storage/engine/rocksdb.go:120  DB SUMMARY
I200511 11:01:31.986541 34 storage/engine/rocksdb.go:120  SST files in /var/lib/cockroach/cockroach-temp180362513 dir, Total Num: 0, files: 
I200511 11:01:31.992019 34 storage/engine/rocksdb.go:120  Write Ahead Log file in /var/lib/cockroach/cockroach-temp180362513: 
I200511 11:01:31.992026 34 storage/engine/rocksdb.go:120                          Options.error_if_exists: 0
I200511 11:01:31.992030 34 storage/engine/rocksdb.go:120                        Options.create_if_missing: 1
I200511 11:01:31.992034 34 storage/engine/rocksdb.go:120                          Options.paranoid_checks: 1
I200511 11:01:31.992037 34 storage/engine/rocksdb.go:120                                      Options.env: 0x75757a0
I200511 11:01:31.992041 34 storage/engine/rocksdb.go:120                                 Options.info_log: 0x7f2168287f60
I200511 11:01:31.992045 34 storage/engine/rocksdb.go:120                 Options.max_file_opening_threads: 16
I200511 11:01:31.992048 34 storage/engine/rocksdb.go:120                               Options.statistics: 0x7f216821d8d0
I200511 11:01:31.992052 34 storage/engine/rocksdb.go:120                                Options.use_fsync: 0
I200511 11:01:31.992056 34 storage/engine/rocksdb.go:120                        Options.max_log_file_size: 0
I200511 11:01:31.992060 34 storage/engine/rocksdb.go:120                   Options.max_manifest_file_size: 134217728
I200511 11:01:31.992065 34 storage/engine/rocksdb.go:120                    Options.log_file_time_to_roll: 0
I200511 11:01:31.992068 34 storage/engine/rocksdb.go:120                        Options.keep_log_file_num: 1000
I200511 11:01:31.992072 34 storage/engine/rocksdb.go:120                     Options.recycle_log_file_num: 1
I200511 11:01:31.992076 34 storage/engine/rocksdb.go:120                          Options.allow_fallocate: 1
I200511 11:01:31.992079 34 storage/engine/rocksdb.go:120                         Options.allow_mmap_reads: 0
I200511 11:01:31.992083 34 storage/engine/rocksdb.go:120                        Options.allow_mmap_writes: 0
I200511 11:01:31.992086 34 storage/engine/rocksdb.go:120                         Options.use_direct_reads: 0
I200511 11:01:31.992091 34 storage/engine/rocksdb.go:120                         Options.use_direct_io_for_flush_and_compaction: 0
I200511 11:01:31.992095 34 storage/engine/rocksdb.go:120           Options.create_missing_column_families: 0
I200511 11:01:31.992098 34 storage/engine/rocksdb.go:120                               Options.db_log_dir: 
I200511 11:01:31.992102 34 storage/engine/rocksdb.go:120                                  Options.wal_dir: /var/lib/cockroach/cockroach-temp180362513
I200511 11:01:31.992106 34 storage/engine/rocksdb.go:120                 Options.table_cache_numshardbits: 6
I200511 11:01:31.992109 34 storage/engine/rocksdb.go:120                       Options.max_subcompactions: 1
I200511 11:01:31.992113 34 storage/engine/rocksdb.go:120                   Options.max_background_flushes: -1
I200511 11:01:31.992116 34 storage/engine/rocksdb.go:120                          Options.WAL_ttl_seconds: 0
I200511 11:01:31.992119 34 storage/engine/rocksdb.go:120                        Options.WAL_size_limit_MB: 0
I200511 11:01:31.992123 34 storage/engine/rocksdb.go:120              Options.manifest_preallocation_size: 4194304
I200511 11:01:31.992126 34 storage/engine/rocksdb.go:120                      Options.is_fd_close_on_exec: 1
I200511 11:01:31.992129 34 storage/engine/rocksdb.go:120                    Options.advise_random_on_open: 1
I200511 11:01:31.992132 34 storage/engine/rocksdb.go:120                     Options.db_write_buffer_size: 0
I200511 11:01:31.992135 34 storage/engine/rocksdb.go:120                     Options.write_buffer_manager: 0x7f2168260d70
I200511 11:01:31.992141 34 storage/engine/rocksdb.go:120          Options.access_hint_on_compaction_start: 1
I200511 11:01:31.992144 34 storage/engine/rocksdb.go:120   Options.new_table_reader_for_compaction_inputs: 0
I200511 11:01:31.992148 34 storage/engine/rocksdb.go:120            Options.random_access_max_buffer_size: 1048576
I200511 11:01:31.992151 34 storage/engine/rocksdb.go:120                       Options.use_adaptive_mutex: 0
I200511 11:01:31.992155 34 storage/engine/rocksdb.go:120                             Options.rate_limiter: (nil)
I200511 11:01:31.992159 34 storage/engine/rocksdb.go:120      Options.sst_file_manager.rate_bytes_per_sec: 0
I200511 11:01:31.992163 34 storage/engine/rocksdb.go:120                        Options.wal_recovery_mode: 0
I200511 11:01:31.992166 34 storage/engine/rocksdb.go:120                   Options.enable_thread_tracking: 0
I200511 11:01:31.992170 34 storage/engine/rocksdb.go:120                   Options.enable_pipelined_write: 0
I200511 11:01:31.992173 34 storage/engine/rocksdb.go:120          Options.allow_concurrent_memtable_write: 1
I200511 11:01:31.992177 34 storage/engine/rocksdb.go:120       Options.enable_write_thread_adaptive_yield: 1
I200511 11:01:31.992181 34 storage/engine/rocksdb.go:120              Options.write_thread_max_yield_usec: 100
I200511 11:01:31.992184 34 storage/engine/rocksdb.go:120             Options.write_thread_slow_yield_usec: 3
I200511 11:01:31.992188 34 storage/engine/rocksdb.go:120                                Options.row_cache: None
I200511 11:01:31.992192 34 storage/engine/rocksdb.go:120                               Options.wal_filter: None
I200511 11:01:31.992195 34 storage/engine/rocksdb.go:120              Options.avoid_flush_during_recovery: 0
I200511 11:01:31.992199 34 storage/engine/rocksdb.go:120              Options.allow_ingest_behind: 0
I200511 11:01:31.992202 34 storage/engine/rocksdb.go:120              Options.preserve_deletes: 0
I200511 11:01:31.992206 34 storage/engine/rocksdb.go:120              Options.two_write_queues: 0
I200511 11:01:31.992210 34 storage/engine/rocksdb.go:120              Options.manual_wal_flush: 1
I200511 11:01:31.992214 34 storage/engine/rocksdb.go:120              Options.atomic_flush: 0
I200511 11:01:31.992217 34 storage/engine/rocksdb.go:120              Options.avoid_unnecessary_blocking_io: 0
I200511 11:01:31.992221 34 storage/engine/rocksdb.go:120              Options.max_background_jobs: 2
I200511 11:01:31.992224 34 storage/engine/rocksdb.go:120              Options.max_background_compactions: -1
I200511 11:01:31.992228 34 storage/engine/rocksdb.go:120              Options.avoid_flush_during_shutdown: 0
I200511 11:01:31.992232 34 storage/engine/rocksdb.go:120            Options.writable_file_max_buffer_size: 1048576
I200511 11:01:31.992235 34 storage/engine/rocksdb.go:120              Options.delayed_write_rate : 16777216
I200511 11:01:31.992242 34 storage/engine/rocksdb.go:120              Options.max_total_wal_size: 0
I200511 11:01:31.992245 34 storage/engine/rocksdb.go:120              Options.delete_obsolete_files_period_micros: 21600000000
I200511 11:01:31.992249 34 storage/engine/rocksdb.go:120                    Options.stats_dump_period_sec: 0
I200511 11:01:31.992252 34 storage/engine/rocksdb.go:120                  Options.stats_persist_period_sec: 600
I200511 11:01:31.992256 34 storage/engine/rocksdb.go:120                  Options.stats_history_buffer_size: 1048576
I200511 11:01:31.992259 34 storage/engine/rocksdb.go:120                           Options.max_open_files: 128
I200511 11:01:31.992263 34 storage/engine/rocksdb.go:120                           Options.bytes_per_sync: 524288
I200511 11:01:31.992267 34 storage/engine/rocksdb.go:120                       Options.wal_bytes_per_sync: 0
I200511 11:01:31.992270 34 storage/engine/rocksdb.go:120                    Options.strict_bytes_per_sync: 1
I200511 11:01:31.992274 34 storage/engine/rocksdb.go:120        Options.compaction_readahead_size: 0
I200511 11:01:31.992277 34 storage/engine/rocksdb.go:120  Compression algorithms supported:
I200511 11:01:31.992282 34 storage/engine/rocksdb.go:120  	kZSTDNotFinalCompression supported: 0
I200511 11:01:31.992286 34 storage/engine/rocksdb.go:120  	kZSTD supported: 0
I200511 11:01:31.992290 34 storage/engine/rocksdb.go:120  	kXpressCompression supported: 0
I200511 11:01:31.992293 34 storage/engine/rocksdb.go:120  	kLZ4HCCompression supported: 0
I200511 11:01:31.992297 34 storage/engine/rocksdb.go:120  	kLZ4Compression supported: 0
I200511 11:01:31.992301 34 storage/engine/rocksdb.go:120  	kBZip2Compression supported: 0
I200511 11:01:31.992304 34 storage/engine/rocksdb.go:120  	kZlibCompression supported: 0
I200511 11:01:31.992308 34 storage/engine/rocksdb.go:120  	kSnappyCompression supported: 1
I200511 11:01:31.992319 34 storage/engine/rocksdb.go:120  Fast CRC32 supported: Supported on x86
I200511 11:01:31.993525 34 storage/engine/rocksdb.go:120  [db/db_impl_open.cc:242] Creating manifest 1 
I200511 11:01:32.011477 34 storage/engine/rocksdb.go:120  [db/version_set.cc:4072] Recovering from manifest file: /var/lib/cockroach/cockroach-temp180362513/MANIFEST-000001
I200511 11:01:32.012932 34 storage/engine/rocksdb.go:120  [db/column_family.cc:488] --------------- Options for column family [default]:
I200511 11:01:32.012946 34 storage/engine/rocksdb.go:120                Options.comparator: cockroach_comparator
I200511 11:01:32.012952 34 storage/engine/rocksdb.go:120            Options.merge_operator: cockroach_merge_operator
I200511 11:01:32.012956 34 storage/engine/rocksdb.go:120         Options.compaction_filter: None
I200511 11:01:32.012959 34 storage/engine/rocksdb.go:120         Options.compaction_filter_factory: None
I200511 11:01:32.012963 34 storage/engine/rocksdb.go:120          Options.memtable_factory: SkipListFactory
I200511 11:01:32.012967 34 storage/engine/rocksdb.go:120             Options.table_factory: BlockBasedTable
I200511 11:01:32.012993 34 storage/engine/rocksdb.go:120             table_factory options:   flush_block_policy_factory: FlushBlockBySizePolicyFactory (0x7f2168224040)
  cache_index_and_filter_blocks: 0
  cache_index_and_filter_blocks_with_high_priority: 0
  pin_l0_filter_and_index_blocks_in_cache: 0
  pin_top_level_index_and_filter: 1
  index_type: 0
  data_block_index_type: 0
  index_shortening: 1
  data_block_hash_table_util_ratio: 0.750000
  hash_index_allow_collision: 1
  checksum: 1
  no_block_cache: 0
  block_cache: 0x7f216827a190
  block_cache_name: LRUCache
  block_cache_options:
    capacity : 1048576
    num_shard_bits : 4
    strict_capacity_limit : 0
    memory_allocator : None
    high_pri_pool_ratio: 0.000
  block_cache_compressed: (nil)
  persistent_cache: (nil)
  block_size: 32768
  block_size_deviation: 10
  block_restart_interval: 16
  index_block_restart_interval: 1
  metadata_block_size: 4096
  partition_filters: 0
  use_delta_encoding: 1
  filter_policy: rocksdb.BuiltinBloomFilter
  whole_key_filtering: 0
  verify_compression: 0
  read_amp_bytes_per_bit: 0
  format_version: 2
  enable_index_compression: 1
  block_align: 0
I200511 11:01:32.012999 34 storage/engine/rocksdb.go:120         Options.write_buffer_size: 67108864
I200511 11:01:32.013004 34 storage/engine/rocksdb.go:120   Options.max_write_buffer_number: 4
I200511 11:01:32.013013 34 storage/engine/rocksdb.go:120           Options.compression: Snappy
I200511 11:01:32.013016 34 storage/engine/rocksdb.go:120                   Options.bottommost_compression: Disabled
I200511 11:01:32.013020 34 storage/engine/rocksdb.go:120        Options.prefix_extractor: cockroach_prefix_extractor
I200511 11:01:32.013023 34 storage/engine/rocksdb.go:120    Options.memtable_insert_with_hint_prefix_extractor: nullptr
I200511 11:01:32.013026 34 storage/engine/rocksdb.go:120              Options.num_levels: 7
I200511 11:01:32.013030 34 storage/engine/rocksdb.go:120         Options.min_write_buffer_number_to_merge: 1
I200511 11:01:32.013033 34 storage/engine/rocksdb.go:120      Options.max_write_buffer_number_to_maintain: 0
I200511 11:01:32.013036 34 storage/engine/rocksdb.go:120             Options.bottommost_compression_opts.window_bits: -14
I200511 11:01:32.013041 34 storage/engine/rocksdb.go:120                   Options.bottommost_compression_opts.level: 32767
I200511 11:01:32.013045 34 storage/engine/rocksdb.go:120                Options.bottommost_compression_opts.strategy: 0
I200511 11:01:32.013048 34 storage/engine/rocksdb.go:120          Options.bottommost_compression_opts.max_dict_bytes: 0
I200511 11:01:32.013051 34 storage/engine/rocksdb.go:120          Options.bottommost_compression_opts.zstd_max_train_bytes: 0
I200511 11:01:32.013054 34 storage/engine/rocksdb.go:120                   Options.bottommost_compression_opts.enabled: false
I200511 11:01:32.013058 34 storage/engine/rocksdb.go:120             Options.compression_opts.window_bits: -14
I200511 11:01:32.013065 34 storage/engine/rocksdb.go:120                   Options.compression_opts.level: 32767
I200511 11:01:32.013068 34 storage/engine/rocksdb.go:120                Options.compression_opts.strategy: 0
I200511 11:01:32.013072 34 storage/engine/rocksdb.go:120          Options.compression_opts.max_dict_bytes: 0
I200511 11:01:32.013075 34 storage/engine/rocksdb.go:120          Options.compression_opts.zstd_max_train_bytes: 0
I200511 11:01:32.013078 34 storage/engine/rocksdb.go:120                   Options.compression_opts.enabled: false
I200511 11:01:32.013082 34 storage/engine/rocksdb.go:120       Options.level0_file_num_compaction_trigger: 2
I200511 11:01:32.013085 34 storage/engine/rocksdb.go:120           Options.level0_slowdown_writes_trigger: 950
I200511 11:01:32.013088 34 storage/engine/rocksdb.go:120               Options.level0_stop_writes_trigger: 1000
I200511 11:01:32.013092 34 storage/engine/rocksdb.go:120                    Options.target_file_size_base: 4194304
I200511 11:01:32.013095 34 storage/engine/rocksdb.go:120              Options.target_file_size_multiplier: 2
I200511 11:01:32.013098 34 storage/engine/rocksdb.go:120                 Options.max_bytes_for_level_base: 67108864
I200511 11:01:32.013101 34 storage/engine/rocksdb.go:120  Options.level_compaction_dynamic_level_bytes: 1
I200511 11:01:32.013105 34 storage/engine/rocksdb.go:120           Options.max_bytes_for_level_multiplier: 10.000000
I200511 11:01:32.013109 34 storage/engine/rocksdb.go:120  Options.max_bytes_for_level_multiplier_addtl[0]: 1
I200511 11:01:32.013112 34 storage/engine/rocksdb.go:120  Options.max_bytes_for_level_multiplier_addtl[1]: 1
I200511 11:01:32.013115 34 storage/engine/rocksdb.go:120  Options.max_bytes_for_level_multiplier_addtl[2]: 1
I200511 11:01:32.013118 34 storage/engine/rocksdb.go:120  Options.max_bytes_for_level_multiplier_addtl[3]: 1
I200511 11:01:32.013121 34 storage/engine/rocksdb.go:120  Options.max_bytes_for_level_multiplier_addtl[4]: 1
I200511 11:01:32.013124 34 storage/engine/rocksdb.go:120  Options.max_bytes_for_level_multiplier_addtl[5]: 1
I200511 11:01:32.013127 34 storage/engine/rocksdb.go:120  Options.max_bytes_for_level_multiplier_addtl[6]: 1
I200511 11:01:32.013131 34 storage/engine/rocksdb.go:120        Options.max_sequential_skip_in_iterations: 8
I200511 11:01:32.013134 34 storage/engine/rocksdb.go:120                     Options.max_compaction_bytes: 104857600
I200511 11:01:32.013137 34 storage/engine/rocksdb.go:120                         Options.arena_block_size: 8388608
I200511 11:01:32.013140 34 storage/engine/rocksdb.go:120    Options.soft_pending_compaction_bytes_limit: 2199023255552
I200511 11:01:32.013143 34 storage/engine/rocksdb.go:120    Options.hard_pending_compaction_bytes_limit: 4400193994752
I200511 11:01:32.013146 34 storage/engine/rocksdb.go:120        Options.rate_limit_delay_max_milliseconds: 100
I200511 11:01:32.013149 34 storage/engine/rocksdb.go:120                 Options.disable_auto_compactions: 0
I200511 11:01:32.013153 34 storage/engine/rocksdb.go:120                         Options.compaction_style: kCompactionStyleLevel
I200511 11:01:32.013157 34 storage/engine/rocksdb.go:120                           Options.compaction_pri: kMinOverlappingRatio
I200511 11:01:32.013160 34 storage/engine/rocksdb.go:120  Options.compaction_options_universal.size_ratio: 1
I200511 11:01:32.013164 34 storage/engine/rocksdb.go:120  Options.compaction_options_universal.min_merge_width: 2
I200511 11:01:32.013168 34 storage/engine/rocksdb.go:120  Options.compaction_options_universal.max_merge_width: 4294967295
I200511 11:01:32.013171 34 storage/engine/rocksdb.go:120  Options.compaction_options_universal.max_size_amplification_percent: 200
I200511 11:01:32.013174 34 storage/engine/rocksdb.go:120  Options.compaction_options_universal.compression_size_percent: -1
I200511 11:01:32.013178 34 storage/engine/rocksdb.go:120  Options.compaction_options_universal.stop_style: kCompactionStopStyleTotalSize
I200511 11:01:32.013181 34 storage/engine/rocksdb.go:120  Options.compaction_options_fifo.max_table_files_size: 1073741824
I200511 11:01:32.013185 34 storage/engine/rocksdb.go:120  Options.compaction_options_fifo.allow_compaction: 0
I200511 11:01:32.013189 34 storage/engine/rocksdb.go:120                    Options.table_properties_collectors: TimeBoundTblPropCollectorFactory; DeleteRangeTblPropCollectorFactory; 
I200511 11:01:32.013193 34 storage/engine/rocksdb.go:120                    Options.inplace_update_support: 0
I200511 11:01:32.013197 34 storage/engine/rocksdb.go:120                  Options.inplace_update_num_locks: 10000
I200511 11:01:32.013200 34 storage/engine/rocksdb.go:120                Options.memtable_prefix_bloom_size_ratio: 0.000000
I200511 11:01:32.013203 34 storage/engine/rocksdb.go:120                Options.memtable_whole_key_filtering: 0
I200511 11:01:32.013206 34 storage/engine/rocksdb.go:120    Options.memtable_huge_page_size: 0
I200511 11:01:32.013209 34 storage/engine/rocksdb.go:120                            Options.bloom_locality: 0
I200511 11:01:32.013213 34 storage/engine/rocksdb.go:120                     Options.max_successive_merges: 0
I200511 11:01:32.013216 34 storage/engine/rocksdb.go:120                 Options.optimize_filters_for_hits: 1
I200511 11:01:32.013220 34 storage/engine/rocksdb.go:120                 Options.paranoid_file_checks: 0
I200511 11:01:32.013223 34 storage/engine/rocksdb.go:120                 Options.force_consistency_checks: 0
I200511 11:01:32.013226 34 storage/engine/rocksdb.go:120                 Options.report_bg_io_stats: 0
I200511 11:01:32.013230 34 storage/engine/rocksdb.go:120                                Options.ttl: 0
I200511 11:01:32.013233 34 storage/engine/rocksdb.go:120           Options.periodic_compaction_seconds: 0
I200511 11:01:32.014724 34 storage/engine/rocksdb.go:120  [db/version_set.cc:4286] Recovered from manifest file:/var/lib/cockroach/cockroach-temp180362513/MANIFEST-000001 succeeded,manifest_file_number is 1, next_file_number is 3, last_sequence is 0, log_number is 0,prev_log_number is 0,max_column_family is 0,min_log_number_to_keep is 0
I200511 11:01:32.014734 34 storage/engine/rocksdb.go:120  [db/version_set.cc:4295] Column family [default] (ID 0), log number is 0
I200511 11:01:32.045656 34 storage/engine/rocksdb.go:120  DB pointer 0x7f2168357000
I200511 11:01:32.105804 34 storage/engine/rocksdb.go:120  RocksDB version: 6.2.1
I200511 11:01:32.105813 34 storage/engine/rocksdb.go:120  Git sha rocksdb_build_git_sha:@b7009236531fa784872f4823eabf393501e41bf2@
I200511 11:01:32.105816 34 storage/engine/rocksdb.go:120  Compile date Mar 16 2020
I200511 11:01:32.105819 34 storage/engine/rocksdb.go:120  DB SUMMARY
I200511 11:01:32.106857 34 storage/engine/rocksdb.go:120  CURRENT file:  CURRENT
I200511 11:01:32.106862 34 storage/engine/rocksdb.go:120  IDENTITY file:  IDENTITY
I200511 11:01:32.107233 34 storage/engine/rocksdb.go:120  MANIFEST file:  MANIFEST-000012 size: 323 Bytes
I200511 11:01:32.107239 34 storage/engine/rocksdb.go:120  SST files in /var/lib/cockroach dir, Total Num: 1, files: 000016.sst 
I200511 11:01:32.107242 34 storage/engine/rocksdb.go:120  Write Ahead Log file in /var/lib/cockroach: 000013.log size: 45538118 ; 
I200511 11:01:32.107246 34 storage/engine/rocksdb.go:120                          Options.error_if_exists: 0
I200511 11:01:32.107249 34 storage/engine/rocksdb.go:120                        Options.create_if_missing: 1
I200511 11:01:32.107255 34 storage/engine/rocksdb.go:120                          Options.paranoid_checks: 1
I200511 11:01:32.107258 34 storage/engine/rocksdb.go:120                                      Options.env: 0x75757a0
I200511 11:01:32.107261 34 storage/engine/rocksdb.go:120                                 Options.info_log: 0x7f216340dce0
I200511 11:01:32.107263 34 storage/engine/rocksdb.go:120                 Options.max_file_opening_threads: 16
I200511 11:01:32.107266 34 storage/engine/rocksdb.go:120                               Options.statistics: 0x7f2163425010
I200511 11:01:32.107269 34 storage/engine/rocksdb.go:120                                Options.use_fsync: 0
I200511 11:01:32.107271 34 storage/engine/rocksdb.go:120                        Options.max_log_file_size: 0
I200511 11:01:32.107274 34 storage/engine/rocksdb.go:120                   Options.max_manifest_file_size: 134217728
I200511 11:01:32.107277 34 storage/engine/rocksdb.go:120                    Options.log_file_time_to_roll: 0
I200511 11:01:32.107279 34 storage/engine/rocksdb.go:120                        Options.keep_log_file_num: 1000
I200511 11:01:32.107282 34 storage/engine/rocksdb.go:120                     Options.recycle_log_file_num: 1
I200511 11:01:32.107284 34 storage/engine/rocksdb.go:120                          Options.allow_fallocate: 1
I200511 11:01:32.107307 34 storage/engine/rocksdb.go:120                         Options.allow_mmap_reads: 0
I200511 11:01:32.107313 34 storage/engine/rocksdb.go:120                        Options.allow_mmap_writes: 0
I200511 11:01:32.107316 34 storage/engine/rocksdb.go:120                         Options.use_direct_reads: 0
I200511 11:01:32.107318 34 storage/engine/rocksdb.go:120                         Options.use_direct_io_for_flush_and_compaction: 0
I200511 11:01:32.107321 34 storage/engine/rocksdb.go:120           Options.create_missing_column_families: 0
I200511 11:01:32.107324 34 storage/engine/rocksdb.go:120                               Options.db_log_dir: 
I200511 11:01:32.107326 34 storage/engine/rocksdb.go:120                                  Options.wal_dir: /var/lib/cockroach
I200511 11:01:32.107329 34 storage/engine/rocksdb.go:120                 Options.table_cache_numshardbits: 6
I200511 11:01:32.107331 34 storage/engine/rocksdb.go:120                       Options.max_subcompactions: 1
I200511 11:01:32.107334 34 storage/engine/rocksdb.go:120                   Options.max_background_flushes: -1
I200511 11:01:32.107336 34 storage/engine/rocksdb.go:120                          Options.WAL_ttl_seconds: 0
I200511 11:01:32.107339 34 storage/engine/rocksdb.go:120                        Options.WAL_size_limit_MB: 0
I200511 11:01:32.107342 34 storage/engine/rocksdb.go:120              Options.manifest_preallocation_size: 4194304
I200511 11:01:32.107344 34 storage/engine/rocksdb.go:120                      Options.is_fd_close_on_exec: 1
I200511 11:01:32.107347 34 storage/engine/rocksdb.go:120                    Options.advise_random_on_open: 1
I200511 11:01:32.107349 34 storage/engine/rocksdb.go:120                     Options.db_write_buffer_size: 0
I200511 11:01:32.107352 34 storage/engine/rocksdb.go:120                     Options.write_buffer_manager: 0x7f216348d030
I200511 11:01:32.107355 34 storage/engine/rocksdb.go:120          Options.access_hint_on_compaction_start: 1
I200511 11:01:32.107357 34 storage/engine/rocksdb.go:120   Options.new_table_reader_for_compaction_inputs: 0
I200511 11:01:32.107360 34 storage/engine/rocksdb.go:120            Options.random_access_max_buffer_size: 1048576
I200511 11:01:32.107362 34 storage/engine/rocksdb.go:120                       Options.use_adaptive_mutex: 0
I200511 11:01:32.107365 34 storage/engine/rocksdb.go:120                             Options.rate_limiter: (nil)
I200511 11:01:32.107368 34 storage/engine/rocksdb.go:120      Options.sst_file_manager.rate_bytes_per_sec: 0
I200511 11:01:32.107371 34 storage/engine/rocksdb.go:120                        Options.wal_recovery_mode: 0
I200511 11:01:32.107376 34 storage/engine/rocksdb.go:120                   Options.enable_thread_tracking: 0
I200511 11:01:32.107379 34 storage/engine/rocksdb.go:120                   Options.enable_pipelined_write: 0
I200511 11:01:32.107385 34 storage/engine/rocksdb.go:120          Options.allow_concurrent_memtable_write: 1
I200511 11:01:32.107388 34 storage/engine/rocksdb.go:120       Options.enable_write_thread_adaptive_yield: 1
I200511 11:01:32.107391 34 storage/engine/rocksdb.go:120              Options.write_thread_max_yield_usec: 100
I200511 11:01:32.107393 34 storage/engine/rocksdb.go:120             Options.write_thread_slow_yield_usec: 3
I200511 11:01:32.107396 34 storage/engine/rocksdb.go:120                                Options.row_cache: None
I200511 11:01:32.107398 34 storage/engine/rocksdb.go:120                               Options.wal_filter: None
I200511 11:01:32.107401 34 storage/engine/rocksdb.go:120              Options.avoid_flush_during_recovery: 0
I200511 11:01:32.107403 34 storage/engine/rocksdb.go:120              Options.allow_ingest_behind: 0
I200511 11:01:32.107406 34 storage/engine/rocksdb.go:120              Options.preserve_deletes: 0
I200511 11:01:32.107408 34 storage/engine/rocksdb.go:120              Options.two_write_queues: 0
I200511 11:01:32.107411 34 storage/engine/rocksdb.go:120              Options.manual_wal_flush: 1
I200511 11:01:32.107413 34 storage/engine/rocksdb.go:120              Options.atomic_flush: 0
I200511 11:01:32.107416 34 storage/engine/rocksdb.go:120              Options.avoid_unnecessary_blocking_io: 0
I200511 11:01:32.107419 34 storage/engine/rocksdb.go:120              Options.max_background_jobs: 2
I200511 11:01:32.107436 34 storage/engine/rocksdb.go:120              Options.max_background_compactions: -1
I200511 11:01:32.107440 34 storage/engine/rocksdb.go:120              Options.avoid_flush_during_shutdown: 0
I200511 11:01:32.107443 34 storage/engine/rocksdb.go:120            Options.writable_file_max_buffer_size: 1048576
I200511 11:01:32.107445 34 storage/engine/rocksdb.go:120              Options.delayed_write_rate : 16777216
I200511 11:01:32.107448 34 storage/engine/rocksdb.go:120              Options.max_total_wal_size: 0
I200511 11:01:32.107451 34 storage/engine/rocksdb.go:120              Options.delete_obsolete_files_period_micros: 21600000000
I200511 11:01:32.107453 34 storage/engine/rocksdb.go:120                    Options.stats_dump_period_sec: 0
I200511 11:01:32.107456 34 storage/engine/rocksdb.go:120                  Options.stats_persist_period_sec: 600
I200511 11:01:32.107458 34 storage/engine/rocksdb.go:120                  Options.stats_history_buffer_size: 1048576
I200511 11:01:32.107461 34 storage/engine/rocksdb.go:120                           Options.max_open_files: 1043576
I200511 11:01:32.107464 34 storage/engine/rocksdb.go:120                           Options.bytes_per_sync: 524288
I200511 11:01:32.107466 34 storage/engine/rocksdb.go:120                       Options.wal_bytes_per_sync: 0
I200511 11:01:32.107469 34 storage/engine/rocksdb.go:120                    Options.strict_bytes_per_sync: 1
I200511 11:01:32.107471 34 storage/engine/rocksdb.go:120        Options.compaction_readahead_size: 0
I200511 11:01:32.107474 34 storage/engine/rocksdb.go:120  Compression algorithms supported:
I200511 11:01:32.107477 34 storage/engine/rocksdb.go:120  	kZSTDNotFinalCompression supported: 0
I200511 11:01:32.107480 34 storage/engine/rocksdb.go:120  	kZSTD supported: 0
I200511 11:01:32.107483 34 storage/engine/rocksdb.go:120  	kXpressCompression supported: 0
I200511 11:01:32.107485 34 storage/engine/rocksdb.go:120  	kLZ4HCCompression supported: 0
I200511 11:01:32.107488 34 storage/engine/rocksdb.go:120  	kLZ4Compression supported: 0
I200511 11:01:32.107491 34 storage/engine/rocksdb.go:120  	kBZip2Compression supported: 0
I200511 11:01:32.107493 34 storage/engine/rocksdb.go:120  	kZlibCompression supported: 0
I200511 11:01:32.107496 34 storage/engine/rocksdb.go:120  	kSnappyCompression supported: 1
I200511 11:01:32.107505 34 storage/engine/rocksdb.go:120  Fast CRC32 supported: Supported on x86
I200511 11:01:32.110155 34 storage/engine/rocksdb.go:120  [db/version_set.cc:4072] Recovering from manifest file: /var/lib/cockroach/MANIFEST-000012
I200511 11:01:32.110548 34 storage/engine/rocksdb.go:120  [db/column_family.cc:488] --------------- Options for column family [default]:
I200511 11:01:32.110553 34 storage/engine/rocksdb.go:120                Options.comparator: cockroach_comparator
I200511 11:01:32.110556 34 storage/engine/rocksdb.go:120            Options.merge_operator: cockroach_merge_operator
I200511 11:01:32.110559 34 storage/engine/rocksdb.go:120         Options.compaction_filter: None
I200511 11:01:32.110561 34 storage/engine/rocksdb.go:120         Options.compaction_filter_factory: None
I200511 11:01:32.110565 34 storage/engine/rocksdb.go:120          Options.memtable_factory: SkipListFactory
I200511 11:01:32.110568 34 storage/engine/rocksdb.go:120             Options.table_factory: BlockBasedTable
I200511 11:01:32.110614 34 storage/engine/rocksdb.go:120             table_factory options:   flush_block_policy_factory: FlushBlockBySizePolicyFactory (0x7f2163423028)
  cache_index_and_filter_blocks: 0
  cache_index_and_filter_blocks_with_high_priority: 0
  pin_l0_filter_and_index_blocks_in_cache: 0
  pin_top_level_index_and_filter: 1
  index_type: 0
  data_block_index_type: 0
  index_shortening: 1
  data_block_hash_table_util_ratio: 0.750000
  hash_index_allow_collision: 1
  checksum: 1
  no_block_cache: 0
  block_cache: 0x7f2163414010
  block_cache_name: LRUCache
  block_cache_options:
    capacity : 67108864
    num_shard_bits : 4
    strict_capacity_limit : 0
    memory_allocator : None
    high_pri_pool_ratio: 0.000
  block_cache_compressed: (nil)
  persistent_cache: (nil)
  block_size: 32768
  block_size_deviation: 10
  block_restart_interval: 16
  index_block_restart_interval: 1
  metadata_block_size: 4096
  partition_filters: 0
  use_delta_encoding: 1
  filter_policy: rocksdb.BuiltinBloomFilter
  whole_key_filtering: 0
  verify_compression: 0
  read_amp_bytes_per_bit: 0
  format_version: 2
  enable_index_compression: 1
  block_align: 0
I200511 11:01:32.110622 34 storage/engine/rocksdb.go:120         Options.write_buffer_size: 67108864
I200511 11:01:32.110626 34 storage/engine/rocksdb.go:120   Options.max_write_buffer_number: 4
I200511 11:01:32.110629 34 storage/engine/rocksdb.go:120           Options.compression: Snappy
I200511 11:01:32.110632 34 storage/engine/rocksdb.go:120                   Options.bottommost_compression: Disabled
I200511 11:01:32.110635 34 storage/engine/rocksdb.go:120        Options.prefix_extractor: cockroach_prefix_extractor
I200511 11:01:32.110637 34 storage/engine/rocksdb.go:120    Options.memtable_insert_with_hint_prefix_extractor: nullptr
I200511 11:01:32.110640 34 storage/engine/rocksdb.go:120              Options.num_levels: 7
I200511 11:01:32.110643 34 storage/engine/rocksdb.go:120         Options.min_write_buffer_number_to_merge: 1
I200511 11:01:32.110646 34 storage/engine/rocksdb.go:120      Options.max_write_buffer_number_to_maintain: 0
I200511 11:01:32.110649 34 storage/engine/rocksdb.go:120             Options.bottommost_compression_opts.window_bits: -14
I200511 11:01:32.110651 34 storage/engine/rocksdb.go:120                   Options.bottommost_compression_opts.level: 32767
I200511 11:01:32.110654 34 storage/engine/rocksdb.go:120                Options.bottommost_compression_opts.strategy: 0
I200511 11:01:32.110656 34 storage/engine/rocksdb.go:120          Options.bottommost_compression_opts.max_dict_bytes: 0
I200511 11:01:32.110659 34 storage/engine/rocksdb.go:120          Options.bottommost_compression_opts.zstd_max_train_bytes: 0
I200511 11:01:32.110662 34 storage/engine/rocksdb.go:120                   Options.bottommost_compression_opts.enabled: false
I200511 11:01:32.110664 34 storage/engine/rocksdb.go:120             Options.compression_opts.window_bits: -14
I200511 11:01:32.110667 34 storage/engine/rocksdb.go:120                   Options.compression_opts.level: 32767
I200511 11:01:32.110673 34 storage/engine/rocksdb.go:120                Options.compression_opts.strategy: 0
I200511 11:01:32.110675 34 storage/engine/rocksdb.go:120          Options.compression_opts.max_dict_bytes: 0
I200511 11:01:32.110678 34 storage/engine/rocksdb.go:120          Options.compression_opts.zstd_max_train_bytes: 0
I200511 11:01:32.110681 34 storage/engine/rocksdb.go:120                   Options.compression_opts.enabled: false
I200511 11:01:32.110683 34 storage/engine/rocksdb.go:120       Options.level0_file_num_compaction_trigger: 2
I200511 11:01:32.110686 34 storage/engine/rocksdb.go:120           Options.level0_slowdown_writes_trigger: 950
I200511 11:01:32.110688 34 storage/engine/rocksdb.go:120               Options.level0_stop_writes_trigger: 1000
I200511 11:01:32.110691 34 storage/engine/rocksdb.go:120                    Options.target_file_size_base: 4194304
I200511 11:01:32.110694 34 storage/engine/rocksdb.go:120              Options.target_file_size_multiplier: 2
I200511 11:01:32.110696 34 storage/engine/rocksdb.go:120                 Options.max_bytes_for_level_base: 67108864
I200511 11:01:32.110699 34 storage/engine/rocksdb.go:120  Options.level_compaction_dynamic_level_bytes: 1
I200511 11:01:32.110702 34 storage/engine/rocksdb.go:120           Options.max_bytes_for_level_multiplier: 10.000000
I200511 11:01:32.110705 34 storage/engine/rocksdb.go:120  Options.max_bytes_for_level_multiplier_addtl[0]: 1
I200511 11:01:32.110707 34 storage/engine/rocksdb.go:120  Options.max_bytes_for_level_multiplier_addtl[1]: 1
I200511 11:01:32.110710 34 storage/engine/rocksdb.go:120  Options.max_bytes_for_level_multiplier_addtl[2]: 1
I200511 11:01:32.110712 34 storage/engine/rocksdb.go:120  Options.max_bytes_for_level_multiplier_addtl[3]: 1
I200511 11:01:32.110715 34 storage/engine/rocksdb.go:120  Options.max_bytes_for_level_multiplier_addtl[4]: 1
I200511 11:01:32.110718 34 storage/engine/rocksdb.go:120  Options.max_bytes_for_level_multiplier_addtl[5]: 1
I200511 11:01:32.110720 34 storage/engine/rocksdb.go:120  Options.max_bytes_for_level_multiplier_addtl[6]: 1
I200511 11:01:32.110723 34 storage/engine/rocksdb.go:120        Options.max_sequential_skip_in_iterations: 8
I200511 11:01:32.110725 34 storage/engine/rocksdb.go:120                     Options.max_compaction_bytes: 104857600
I200511 11:01:32.110728 34 storage/engine/rocksdb.go:120                         Options.arena_block_size: 8388608
I200511 11:01:32.110730 34 storage/engine/rocksdb.go:120    Options.soft_pending_compaction_bytes_limit: 2199023255552
I200511 11:01:32.110733 34 storage/engine/rocksdb.go:120    Options.hard_pending_compaction_bytes_limit: 4400193994752
I200511 11:01:32.110736 34 storage/engine/rocksdb.go:120        Options.rate_limit_delay_max_milliseconds: 100
I200511 11:01:32.110738 34 storage/engine/rocksdb.go:120                 Options.disable_auto_compactions: 0
I200511 11:01:32.110742 34 storage/engine/rocksdb.go:120                         Options.compaction_style: kCompactionStyleLevel
I200511 11:01:32.110745 34 storage/engine/rocksdb.go:120                           Options.compaction_pri: kMinOverlappingRatio
I200511 11:01:32.110748 34 storage/engine/rocksdb.go:120  Options.compaction_options_universal.size_ratio: 1
I200511 11:01:32.110751 34 storage/engine/rocksdb.go:120  Options.compaction_options_universal.min_merge_width: 2
I200511 11:01:32.110754 34 storage/engine/rocksdb.go:120  Options.compaction_options_universal.max_merge_width: 4294967295
I200511 11:01:32.110756 34 storage/engine/rocksdb.go:120  Options.compaction_options_universal.max_size_amplification_percent: 200
I200511 11:01:32.110759 34 storage/engine/rocksdb.go:120  Options.compaction_options_universal.compression_size_percent: -1
I200511 11:01:32.110762 34 storage/engine/rocksdb.go:120  Options.compaction_options_universal.stop_style: kCompactionStopStyleTotalSize
I200511 11:01:32.110765 34 storage/engine/rocksdb.go:120  Options.compaction_options_fifo.max_table_files_size: 1073741824
I200511 11:01:32.110767 34 storage/engine/rocksdb.go:120  Options.compaction_options_fifo.allow_compaction: 0
I200511 11:01:32.110772 34 storage/engine/rocksdb.go:120                    Options.table_properties_collectors: TimeBoundTblPropCollectorFactory; DeleteRangeTblPropCollectorFactory; 
I200511 11:01:32.110775 34 storage/engine/rocksdb.go:120                    Options.inplace_update_support: 0
I200511 11:01:32.110778 34 storage/engine/rocksdb.go:120                  Options.inplace_update_num_locks: 10000
I200511 11:01:32.110781 34 storage/engine/rocksdb.go:120                Options.memtable_prefix_bloom_size_ratio: 0.000000
I200511 11:01:32.110783 34 storage/engine/rocksdb.go:120                Options.memtable_whole_key_filtering: 0
I200511 11:01:32.110786 34 storage/engine/rocksdb.go:120    Options.memtable_huge_page_size: 0
I200511 11:01:32.110788 34 storage/engine/rocksdb.go:120                            Options.bloom_locality: 0
I200511 11:01:32.110791 34 storage/engine/rocksdb.go:120                     Options.max_successive_merges: 0
I200511 11:01:32.110793 34 storage/engine/rocksdb.go:120                 Options.optimize_filters_for_hits: 1
I200511 11:01:32.110796 34 storage/engine/rocksdb.go:120                 Options.paranoid_file_checks: 0
I200511 11:01:32.110799 34 storage/engine/rocksdb.go:120                 Options.force_consistency_checks: 0
I200511 11:01:32.110801 34 storage/engine/rocksdb.go:120                 Options.report_bg_io_stats: 0
I200511 11:01:32.110804 34 storage/engine/rocksdb.go:120                                Options.ttl: 0
I200511 11:01:32.110806 34 storage/engine/rocksdb.go:120           Options.periodic_compaction_seconds: 0
I200511 11:01:32.113582 34 storage/engine/rocksdb.go:120  [db/version_set.cc:3086] More existing levels in DB than needed. max_bytes_for_level_multiplier may not be guaranteed.
I200511 11:01:32.113595 34 storage/engine/rocksdb.go:120  [db/version_set.cc:4286] Recovered from manifest file:/var/lib/cockroach/MANIFEST-000012 succeeded,manifest_file_number is 12, next_file_number is 18, last_sequence is 11221, log_number is 7,prev_log_number is 0,max_column_family is 0,min_log_number_to_keep is 0
I200511 11:01:32.113599 34 storage/engine/rocksdb.go:120  [db/version_set.cc:4295] Column family [default] (ID 0), log number is 7
I200511 11:01:32.113995 34 storage/engine/rocksdb.go:120  EVENT_LOG_v1 {"time_micros": 1589194892113982, "job": 1, "event": "recovery_started", "log_files": [13]}
I200511 11:01:32.114001 34 storage/engine/rocksdb.go:120  [db/db_impl_open.cc:598] Recovering log #13 mode 0
I200511 11:01:32.883837 34 storage/engine/rocksdb.go:120  EVENT_LOG_v1 {"time_micros": 1589194892883773, "cf_name": "default", "job": 1, "event": "table_file_creation", "file_number": 18, "file_size": 329413, "table_properties": {"data_size": 318048, "index_size": 3304, "index_partitions": 0, "top_level_index_size": 0, "index_key_is_user_key": 0, "index_value_is_delta_encoded": 0, "filter_size": 8517, "raw_key_size": 237712, "raw_average_key_size": 29, "raw_value_size": 1604112, "raw_average_value_size": 200, "num_data_blocks": 52, "num_entries": 8008, "num_deletions": 5743, "num_merge_operands": 664, "num_range_deletions": 664, "format_version": 0, "fixed_key_len": 0, "filter_policy": "rocksdb.BuiltinBloomFilter", "column_family_name": "default", "column_family_id": 0, "comparator": "cockroach_comparator", "merge_operator": "cockroach_merge_operator", "prefix_extractor_name": "cockroach_prefix_extractor", "property_collectors": "[TimeBoundTblPropCollectorFactory,DeleteRangeTblPropCollectorFactory]", "compression": "Snappy", "compression_options": "window_bits=-14; level=32767; strategy=0; max_dict_bytes=0; zstd_max_train_bytes=0; enabled=0; ", "creation_time": 1589194892, "oldest_key_time": 3, "file_creation_time": 0}}
I200511 11:01:32.889470 34 storage/engine/rocksdb.go:120  [db/version_set.cc:3560] Creating manifest 19
I200511 11:01:32.894826 34 storage/engine/rocksdb.go:120  [db/version_set.cc:3086] More existing levels in DB than needed. max_bytes_for_level_multiplier may not be guaranteed.
I200511 11:01:32.901673 34 storage/engine/rocksdb.go:120  EVENT_LOG_v1 {"time_micros": 1589194892901618, "job": 1, "event": "recovery_finished"}
I200511 11:01:32.932384 34 storage/engine/rocksdb.go:120  DB pointer 0x7f216349f000
I200511 11:27:14.713776 17457 storage/engine/rocksdb.go:120  bloom filter utility:    -nan%
I200511 11:27:14.714040 17457 storage/engine/rocksdb.go:120  [db/db_impl.cc:392] Shutdown: canceling all background work
I200511 11:27:14.716262 17457 storage/engine/rocksdb.go:120  [db/db_impl.cc:565] Shutdown complete
I200511 11:27:14.726344 17457 storage/engine/rocksdb.go:120  bloom filter utility:    67.6%
I200511 11:27:14.726781 17457 storage/engine/rocksdb.go:120  [db/db_impl.cc:392] Shutdown: canceling all background work
I200511 11:27:14.740161 17457 storage/engine/rocksdb.go:120  [db/db_impl.cc:565] Shutdown complete
