I200514 15:55:03.045495 22 util/log/clog.go:1196  [config] file created at: 2020/05/14 15:55:03
I200514 15:55:03.045495 22 util/log/clog.go:1196  [config] running on machine: 4a7b342f54c6
I200514 15:55:03.045495 22 util/log/clog.go:1196  [config] binary: CockroachDB CCL v19.2.5 (x86_64-unknown-linux-gnu, built 2020/03/16 18:27:12, go1.12.12)
I200514 15:55:03.045495 22 util/log/clog.go:1196  [config] arguments: [/cockroach/cockroach start --insecure --store=attrs=ssd,path=/var/lib/cockroach/]
I200514 15:55:03.045495 22 util/log/clog.go:1196  line format: [IWEF]yymmdd hh:mm:ss.uuuuuu goid file:line msg utf8=✓
I200514 15:55:03.045494 22 storage/engine/rocksdb.go:120  RocksDB version: 6.2.1
I200514 15:55:03.051734 22 storage/engine/rocksdb.go:120  Git sha rocksdb_build_git_sha:@b7009236531fa784872f4823eabf393501e41bf2@
I200514 15:55:03.176407 22 storage/engine/rocksdb.go:120  Compile date Mar 16 2020
I200514 15:55:03.176412 22 storage/engine/rocksdb.go:120  DB SUMMARY
I200514 15:55:03.177658 22 storage/engine/rocksdb.go:120  SST files in /var/lib/cockroach/cockroach-temp664660129 dir, Total Num: 0, files: 
I200514 15:55:03.177663 22 storage/engine/rocksdb.go:120  Write Ahead Log file in /var/lib/cockroach/cockroach-temp664660129: 
I200514 15:55:03.177667 22 storage/engine/rocksdb.go:120                          Options.error_if_exists: 0
I200514 15:55:03.177670 22 storage/engine/rocksdb.go:120                        Options.create_if_missing: 1
I200514 15:55:03.177672 22 storage/engine/rocksdb.go:120                          Options.paranoid_checks: 1
I200514 15:55:03.177675 22 storage/engine/rocksdb.go:120                                      Options.env: 0x75757a0
I200514 15:55:03.177678 22 storage/engine/rocksdb.go:120                                 Options.info_log: 0x7f8011a270e0
I200514 15:55:03.177681 22 storage/engine/rocksdb.go:120                 Options.max_file_opening_threads: 16
I200514 15:55:03.177684 22 storage/engine/rocksdb.go:120                               Options.statistics: 0x7f8011a34010
I200514 15:55:03.177686 22 storage/engine/rocksdb.go:120                                Options.use_fsync: 0
I200514 15:55:03.177689 22 storage/engine/rocksdb.go:120                        Options.max_log_file_size: 0
I200514 15:55:03.177698 22 storage/engine/rocksdb.go:120                   Options.max_manifest_file_size: 134217728
I200514 15:55:03.177701 22 storage/engine/rocksdb.go:120                    Options.log_file_time_to_roll: 0
I200514 15:55:03.177703 22 storage/engine/rocksdb.go:120                        Options.keep_log_file_num: 1000
I200514 15:55:03.177706 22 storage/engine/rocksdb.go:120                     Options.recycle_log_file_num: 1
I200514 15:55:03.177709 22 storage/engine/rocksdb.go:120                          Options.allow_fallocate: 1
I200514 15:55:03.177726 22 storage/engine/rocksdb.go:120                         Options.allow_mmap_reads: 0
I200514 15:55:03.177732 22 storage/engine/rocksdb.go:120                        Options.allow_mmap_writes: 0
I200514 15:55:03.177734 22 storage/engine/rocksdb.go:120                         Options.use_direct_reads: 0
I200514 15:55:03.177737 22 storage/engine/rocksdb.go:120                         Options.use_direct_io_for_flush_and_compaction: 0
I200514 15:55:03.177740 22 storage/engine/rocksdb.go:120           Options.create_missing_column_families: 0
I200514 15:55:03.177742 22 storage/engine/rocksdb.go:120                               Options.db_log_dir: 
I200514 15:55:03.177745 22 storage/engine/rocksdb.go:120                                  Options.wal_dir: /var/lib/cockroach/cockroach-temp664660129
I200514 15:55:03.177749 22 storage/engine/rocksdb.go:120                 Options.table_cache_numshardbits: 6
I200514 15:55:03.177752 22 storage/engine/rocksdb.go:120                       Options.max_subcompactions: 1
I200514 15:55:03.177755 22 storage/engine/rocksdb.go:120                   Options.max_background_flushes: -1
I200514 15:55:03.177759 22 storage/engine/rocksdb.go:120                          Options.WAL_ttl_seconds: 0
I200514 15:55:03.177762 22 storage/engine/rocksdb.go:120                        Options.WAL_size_limit_MB: 0
I200514 15:55:03.177765 22 storage/engine/rocksdb.go:120              Options.manifest_preallocation_size: 4194304
I200514 15:55:03.177768 22 storage/engine/rocksdb.go:120                      Options.is_fd_close_on_exec: 1
I200514 15:55:03.177771 22 storage/engine/rocksdb.go:120                    Options.advise_random_on_open: 1
I200514 15:55:03.177773 22 storage/engine/rocksdb.go:120                     Options.db_write_buffer_size: 0
I200514 15:55:03.177776 22 storage/engine/rocksdb.go:120                     Options.write_buffer_manager: 0x7f8011a190f0
I200514 15:55:03.177782 22 storage/engine/rocksdb.go:120          Options.access_hint_on_compaction_start: 1
I200514 15:55:03.177785 22 storage/engine/rocksdb.go:120   Options.new_table_reader_for_compaction_inputs: 0
I200514 15:55:03.177789 22 storage/engine/rocksdb.go:120            Options.random_access_max_buffer_size: 1048576
I200514 15:55:03.177792 22 storage/engine/rocksdb.go:120                       Options.use_adaptive_mutex: 0
I200514 15:55:03.177796 22 storage/engine/rocksdb.go:120                             Options.rate_limiter: (nil)
I200514 15:55:03.177799 22 storage/engine/rocksdb.go:120      Options.sst_file_manager.rate_bytes_per_sec: 0
I200514 15:55:03.177802 22 storage/engine/rocksdb.go:120                        Options.wal_recovery_mode: 0
I200514 15:55:03.177804 22 storage/engine/rocksdb.go:120                   Options.enable_thread_tracking: 0
I200514 15:55:03.177807 22 storage/engine/rocksdb.go:120                   Options.enable_pipelined_write: 0
I200514 15:55:03.177810 22 storage/engine/rocksdb.go:120          Options.allow_concurrent_memtable_write: 1
I200514 15:55:03.177812 22 storage/engine/rocksdb.go:120       Options.enable_write_thread_adaptive_yield: 1
I200514 15:55:03.177815 22 storage/engine/rocksdb.go:120              Options.write_thread_max_yield_usec: 100
I200514 15:55:03.177818 22 storage/engine/rocksdb.go:120             Options.write_thread_slow_yield_usec: 3
I200514 15:55:03.177820 22 storage/engine/rocksdb.go:120                                Options.row_cache: None
I200514 15:55:03.177823 22 storage/engine/rocksdb.go:120                               Options.wal_filter: None
I200514 15:55:03.177826 22 storage/engine/rocksdb.go:120              Options.avoid_flush_during_recovery: 0
I200514 15:55:03.177828 22 storage/engine/rocksdb.go:120              Options.allow_ingest_behind: 0
I200514 15:55:03.177831 22 storage/engine/rocksdb.go:120              Options.preserve_deletes: 0
I200514 15:55:03.177834 22 storage/engine/rocksdb.go:120              Options.two_write_queues: 0
I200514 15:55:03.177837 22 storage/engine/rocksdb.go:120              Options.manual_wal_flush: 1
I200514 15:55:03.177839 22 storage/engine/rocksdb.go:120              Options.atomic_flush: 0
I200514 15:55:03.177842 22 storage/engine/rocksdb.go:120              Options.avoid_unnecessary_blocking_io: 0
I200514 15:55:03.177845 22 storage/engine/rocksdb.go:120              Options.max_background_jobs: 2
I200514 15:55:03.177847 22 storage/engine/rocksdb.go:120              Options.max_background_compactions: -1
I200514 15:55:03.177852 22 storage/engine/rocksdb.go:120              Options.avoid_flush_during_shutdown: 0
I200514 15:55:03.177855 22 storage/engine/rocksdb.go:120            Options.writable_file_max_buffer_size: 1048576
I200514 15:55:03.177858 22 storage/engine/rocksdb.go:120              Options.delayed_write_rate : 16777216
I200514 15:55:03.177860 22 storage/engine/rocksdb.go:120              Options.max_total_wal_size: 0
I200514 15:55:03.177863 22 storage/engine/rocksdb.go:120              Options.delete_obsolete_files_period_micros: 21600000000
I200514 15:55:03.177866 22 storage/engine/rocksdb.go:120                    Options.stats_dump_period_sec: 0
I200514 15:55:03.177869 22 storage/engine/rocksdb.go:120                  Options.stats_persist_period_sec: 600
I200514 15:55:03.177871 22 storage/engine/rocksdb.go:120                  Options.stats_history_buffer_size: 1048576
I200514 15:55:03.177874 22 storage/engine/rocksdb.go:120                           Options.max_open_files: 128
I200514 15:55:03.177877 22 storage/engine/rocksdb.go:120                           Options.bytes_per_sync: 524288
I200514 15:55:03.177879 22 storage/engine/rocksdb.go:120                       Options.wal_bytes_per_sync: 0
I200514 15:55:03.177882 22 storage/engine/rocksdb.go:120                    Options.strict_bytes_per_sync: 1
I200514 15:55:03.177884 22 storage/engine/rocksdb.go:120        Options.compaction_readahead_size: 0
I200514 15:55:03.177887 22 storage/engine/rocksdb.go:120  Compression algorithms supported:
I200514 15:55:03.177891 22 storage/engine/rocksdb.go:120  	kZSTDNotFinalCompression supported: 0
I200514 15:55:03.177894 22 storage/engine/rocksdb.go:120  	kZSTD supported: 0
I200514 15:55:03.177897 22 storage/engine/rocksdb.go:120  	kXpressCompression supported: 0
I200514 15:55:03.177899 22 storage/engine/rocksdb.go:120  	kLZ4HCCompression supported: 0
I200514 15:55:03.177902 22 storage/engine/rocksdb.go:120  	kLZ4Compression supported: 0
I200514 15:55:03.177905 22 storage/engine/rocksdb.go:120  	kBZip2Compression supported: 0
I200514 15:55:03.177908 22 storage/engine/rocksdb.go:120  	kZlibCompression supported: 0
I200514 15:55:03.177910 22 storage/engine/rocksdb.go:120  	kSnappyCompression supported: 1
I200514 15:55:03.177917 22 storage/engine/rocksdb.go:120  Fast CRC32 supported: Supported on x86
I200514 15:55:03.180288 22 storage/engine/rocksdb.go:120  [db/db_impl_open.cc:242] Creating manifest 1 
I200514 15:55:03.201972 22 storage/engine/rocksdb.go:120  [db/version_set.cc:4072] Recovering from manifest file: /var/lib/cockroach/cockroach-temp664660129/MANIFEST-000001
I200514 15:55:03.203080 22 storage/engine/rocksdb.go:120  [db/column_family.cc:488] --------------- Options for column family [default]:
I200514 15:55:03.203085 22 storage/engine/rocksdb.go:120                Options.comparator: cockroach_comparator
I200514 15:55:03.203088 22 storage/engine/rocksdb.go:120            Options.merge_operator: cockroach_merge_operator
I200514 15:55:03.203091 22 storage/engine/rocksdb.go:120         Options.compaction_filter: None
I200514 15:55:03.203093 22 storage/engine/rocksdb.go:120         Options.compaction_filter_factory: None
I200514 15:55:03.203097 22 storage/engine/rocksdb.go:120          Options.memtable_factory: SkipListFactory
I200514 15:55:03.203099 22 storage/engine/rocksdb.go:120             Options.table_factory: BlockBasedTable
I200514 15:55:03.203135 22 storage/engine/rocksdb.go:120             table_factory options:   flush_block_policy_factory: FlushBlockBySizePolicyFactory (0x7f8011a28030)
  cache_index_and_filter_blocks: 0
  cache_index_and_filter_blocks_with_high_priority: 0
  pin_l0_filter_and_index_blocks_in_cache: 0
  pin_top_level_index_and_filter: 1
  index_type: 0
  data_block_index_type: 0
  index_shortening: 1
  data_block_hash_table_util_ratio: 0.750000
  hash_index_allow_collision: 1
  checksum: 1
  no_block_cache: 0
  block_cache: 0x7f8011a1c010
  block_cache_name: LRUCache
  block_cache_options:
    capacity : 1048576
    num_shard_bits : 4
    strict_capacity_limit : 0
    memory_allocator : None
    high_pri_pool_ratio: 0.000
  block_cache_compressed: (nil)
  persistent_cache: (nil)
  block_size: 32768
  block_size_deviation: 10
  block_restart_interval: 16
  index_block_restart_interval: 1
  metadata_block_size: 4096
  partition_filters: 0
  use_delta_encoding: 1
  filter_policy: rocksdb.BuiltinBloomFilter
  whole_key_filtering: 0
  verify_compression: 0
  read_amp_bytes_per_bit: 0
  format_version: 2
  enable_index_compression: 1
  block_align: 0
I200514 15:55:03.203140 22 storage/engine/rocksdb.go:120         Options.write_buffer_size: 67108864
I200514 15:55:03.203144 22 storage/engine/rocksdb.go:120   Options.max_write_buffer_number: 4
I200514 15:55:03.203147 22 storage/engine/rocksdb.go:120           Options.compression: Snappy
I200514 15:55:03.203150 22 storage/engine/rocksdb.go:120                   Options.bottommost_compression: Disabled
I200514 15:55:03.203162 22 storage/engine/rocksdb.go:120        Options.prefix_extractor: cockroach_prefix_extractor
I200514 15:55:03.203166 22 storage/engine/rocksdb.go:120    Options.memtable_insert_with_hint_prefix_extractor: nullptr
I200514 15:55:03.203170 22 storage/engine/rocksdb.go:120              Options.num_levels: 7
I200514 15:55:03.203173 22 storage/engine/rocksdb.go:120         Options.min_write_buffer_number_to_merge: 1
I200514 15:55:03.203177 22 storage/engine/rocksdb.go:120      Options.max_write_buffer_number_to_maintain: 0
I200514 15:55:03.203180 22 storage/engine/rocksdb.go:120             Options.bottommost_compression_opts.window_bits: -14
I200514 15:55:03.203185 22 storage/engine/rocksdb.go:120                   Options.bottommost_compression_opts.level: 32767
I200514 15:55:03.203189 22 storage/engine/rocksdb.go:120                Options.bottommost_compression_opts.strategy: 0
I200514 15:55:03.203192 22 storage/engine/rocksdb.go:120          Options.bottommost_compression_opts.max_dict_bytes: 0
I200514 15:55:03.203197 22 storage/engine/rocksdb.go:120          Options.bottommost_compression_opts.zstd_max_train_bytes: 0
I200514 15:55:03.203201 22 storage/engine/rocksdb.go:120                   Options.bottommost_compression_opts.enabled: false
I200514 15:55:03.203205 22 storage/engine/rocksdb.go:120             Options.compression_opts.window_bits: -14
I200514 15:55:03.203208 22 storage/engine/rocksdb.go:120                   Options.compression_opts.level: 32767
I200514 15:55:03.203226 22 storage/engine/rocksdb.go:120                Options.compression_opts.strategy: 0
I200514 15:55:03.203233 22 storage/engine/rocksdb.go:120          Options.compression_opts.max_dict_bytes: 0
I200514 15:55:03.203237 22 storage/engine/rocksdb.go:120          Options.compression_opts.zstd_max_train_bytes: 0
I200514 15:55:03.203240 22 storage/engine/rocksdb.go:120                   Options.compression_opts.enabled: false
I200514 15:55:03.203245 22 storage/engine/rocksdb.go:120       Options.level0_file_num_compaction_trigger: 2
I200514 15:55:03.203249 22 storage/engine/rocksdb.go:120           Options.level0_slowdown_writes_trigger: 950
I200514 15:55:03.203252 22 storage/engine/rocksdb.go:120               Options.level0_stop_writes_trigger: 1000
I200514 15:55:03.203256 22 storage/engine/rocksdb.go:120                    Options.target_file_size_base: 4194304
I200514 15:55:03.203259 22 storage/engine/rocksdb.go:120              Options.target_file_size_multiplier: 2
I200514 15:55:03.203263 22 storage/engine/rocksdb.go:120                 Options.max_bytes_for_level_base: 67108864
I200514 15:55:03.203266 22 storage/engine/rocksdb.go:120  Options.level_compaction_dynamic_level_bytes: 1
I200514 15:55:03.203271 22 storage/engine/rocksdb.go:120           Options.max_bytes_for_level_multiplier: 10.000000
I200514 15:55:03.203275 22 storage/engine/rocksdb.go:120  Options.max_bytes_for_level_multiplier_addtl[0]: 1
I200514 15:55:03.203278 22 storage/engine/rocksdb.go:120  Options.max_bytes_for_level_multiplier_addtl[1]: 1
I200514 15:55:03.203282 22 storage/engine/rocksdb.go:120  Options.max_bytes_for_level_multiplier_addtl[2]: 1
I200514 15:55:03.203285 22 storage/engine/rocksdb.go:120  Options.max_bytes_for_level_multiplier_addtl[3]: 1
I200514 15:55:03.203288 22 storage/engine/rocksdb.go:120  Options.max_bytes_for_level_multiplier_addtl[4]: 1
I200514 15:55:03.203292 22 storage/engine/rocksdb.go:120  Options.max_bytes_for_level_multiplier_addtl[5]: 1
I200514 15:55:03.203295 22 storage/engine/rocksdb.go:120  Options.max_bytes_for_level_multiplier_addtl[6]: 1
I200514 15:55:03.203305 22 storage/engine/rocksdb.go:120        Options.max_sequential_skip_in_iterations: 8
I200514 15:55:03.203309 22 storage/engine/rocksdb.go:120                     Options.max_compaction_bytes: 104857600
I200514 15:55:03.203312 22 storage/engine/rocksdb.go:120                         Options.arena_block_size: 8388608
I200514 15:55:03.203316 22 storage/engine/rocksdb.go:120    Options.soft_pending_compaction_bytes_limit: 2199023255552
I200514 15:55:03.203319 22 storage/engine/rocksdb.go:120    Options.hard_pending_compaction_bytes_limit: 4400193994752
I200514 15:55:03.203323 22 storage/engine/rocksdb.go:120        Options.rate_limit_delay_max_milliseconds: 100
I200514 15:55:03.203327 22 storage/engine/rocksdb.go:120                 Options.disable_auto_compactions: 0
I200514 15:55:03.203332 22 storage/engine/rocksdb.go:120                         Options.compaction_style: kCompactionStyleLevel
I200514 15:55:03.203336 22 storage/engine/rocksdb.go:120                           Options.compaction_pri: kMinOverlappingRatio
I200514 15:55:03.203339 22 storage/engine/rocksdb.go:120  Options.compaction_options_universal.size_ratio: 1
I200514 15:55:03.203343 22 storage/engine/rocksdb.go:120  Options.compaction_options_universal.min_merge_width: 2
I200514 15:55:03.203347 22 storage/engine/rocksdb.go:120  Options.compaction_options_universal.max_merge_width: 4294967295
I200514 15:55:03.203351 22 storage/engine/rocksdb.go:120  Options.compaction_options_universal.max_size_amplification_percent: 200
I200514 15:55:03.203354 22 storage/engine/rocksdb.go:120  Options.compaction_options_universal.compression_size_percent: -1
I200514 15:55:03.203358 22 storage/engine/rocksdb.go:120  Options.compaction_options_universal.stop_style: kCompactionStopStyleTotalSize
I200514 15:55:03.203361 22 storage/engine/rocksdb.go:120  Options.compaction_options_fifo.max_table_files_size: 1073741824
I200514 15:55:03.203365 22 storage/engine/rocksdb.go:120  Options.compaction_options_fifo.allow_compaction: 0
I200514 15:55:03.203370 22 storage/engine/rocksdb.go:120                    Options.table_properties_collectors: TimeBoundTblPropCollectorFactory; DeleteRangeTblPropCollectorFactory; 
I200514 15:55:03.203374 22 storage/engine/rocksdb.go:120                    Options.inplace_update_support: 0
I200514 15:55:03.203377 22 storage/engine/rocksdb.go:120                  Options.inplace_update_num_locks: 10000
I200514 15:55:03.203381 22 storage/engine/rocksdb.go:120                Options.memtable_prefix_bloom_size_ratio: 0.000000
I200514 15:55:03.203384 22 storage/engine/rocksdb.go:120                Options.memtable_whole_key_filtering: 0
I200514 15:55:03.203388 22 storage/engine/rocksdb.go:120    Options.memtable_huge_page_size: 0
I200514 15:55:03.203394 22 storage/engine/rocksdb.go:120                            Options.bloom_locality: 0
I200514 15:55:03.203398 22 storage/engine/rocksdb.go:120                     Options.max_successive_merges: 0
I200514 15:55:03.203401 22 storage/engine/rocksdb.go:120                 Options.optimize_filters_for_hits: 1
I200514 15:55:03.203405 22 storage/engine/rocksdb.go:120                 Options.paranoid_file_checks: 0
I200514 15:55:03.203408 22 storage/engine/rocksdb.go:120                 Options.force_consistency_checks: 0
I200514 15:55:03.203412 22 storage/engine/rocksdb.go:120                 Options.report_bg_io_stats: 0
I200514 15:55:03.203415 22 storage/engine/rocksdb.go:120                                Options.ttl: 0
I200514 15:55:03.203418 22 storage/engine/rocksdb.go:120           Options.periodic_compaction_seconds: 0
I200514 15:55:03.204490 22 storage/engine/rocksdb.go:120  [db/version_set.cc:4286] Recovered from manifest file:/var/lib/cockroach/cockroach-temp664660129/MANIFEST-000001 succeeded,manifest_file_number is 1, next_file_number is 3, last_sequence is 0, log_number is 0,prev_log_number is 0,max_column_family is 0,min_log_number_to_keep is 0
I200514 15:55:03.204495 22 storage/engine/rocksdb.go:120  [db/version_set.cc:4295] Column family [default] (ID 0), log number is 0
I200514 15:55:03.224355 22 storage/engine/rocksdb.go:120  DB pointer 0x7f8011aa4000
I200514 15:55:03.245764 22 storage/engine/rocksdb.go:120  RocksDB version: 6.2.1
I200514 15:55:03.245771 22 storage/engine/rocksdb.go:120  Git sha rocksdb_build_git_sha:@b7009236531fa784872f4823eabf393501e41bf2@
I200514 15:55:03.245774 22 storage/engine/rocksdb.go:120  Compile date Mar 16 2020
I200514 15:55:03.245778 22 storage/engine/rocksdb.go:120  DB SUMMARY
I200514 15:55:03.246830 22 storage/engine/rocksdb.go:120  CURRENT file:  CURRENT
I200514 15:55:03.246835 22 storage/engine/rocksdb.go:120  IDENTITY file:  IDENTITY
I200514 15:55:03.247239 22 storage/engine/rocksdb.go:120  MANIFEST file:  MANIFEST-000432 size: 465 Bytes
I200514 15:55:03.247245 22 storage/engine/rocksdb.go:120  SST files in /var/lib/cockroach dir, Total Num: 4, files: 000427.sst 000428.sst 000429.sst 000431.sst 
I200514 15:55:03.247248 22 storage/engine/rocksdb.go:120  Write Ahead Log file in /var/lib/cockroach: 000433.log size: 8170756 ; 
I200514 15:55:03.247251 22 storage/engine/rocksdb.go:120                          Options.error_if_exists: 0
I200514 15:55:03.247257 22 storage/engine/rocksdb.go:120                        Options.create_if_missing: 1
I200514 15:55:03.247260 22 storage/engine/rocksdb.go:120                          Options.paranoid_checks: 1
I200514 15:55:03.247263 22 storage/engine/rocksdb.go:120                                      Options.env: 0x75757a0
I200514 15:55:03.247265 22 storage/engine/rocksdb.go:120                                 Options.info_log: 0x7f8014a0dce0
I200514 15:55:03.247268 22 storage/engine/rocksdb.go:120                 Options.max_file_opening_threads: 16
I200514 15:55:03.247271 22 storage/engine/rocksdb.go:120                               Options.statistics: 0x7f8014a25010
I200514 15:55:03.247273 22 storage/engine/rocksdb.go:120                                Options.use_fsync: 0
I200514 15:55:03.247277 22 storage/engine/rocksdb.go:120                        Options.max_log_file_size: 0
I200514 15:55:03.247280 22 storage/engine/rocksdb.go:120                   Options.max_manifest_file_size: 134217728
I200514 15:55:03.247282 22 storage/engine/rocksdb.go:120                    Options.log_file_time_to_roll: 0
I200514 15:55:03.247285 22 storage/engine/rocksdb.go:120                        Options.keep_log_file_num: 1000
I200514 15:55:03.247287 22 storage/engine/rocksdb.go:120                     Options.recycle_log_file_num: 1
I200514 15:55:03.247290 22 storage/engine/rocksdb.go:120                          Options.allow_fallocate: 1
I200514 15:55:03.247292 22 storage/engine/rocksdb.go:120                         Options.allow_mmap_reads: 0
I200514 15:55:03.247295 22 storage/engine/rocksdb.go:120                        Options.allow_mmap_writes: 0
I200514 15:55:03.247297 22 storage/engine/rocksdb.go:120                         Options.use_direct_reads: 0
I200514 15:55:03.247300 22 storage/engine/rocksdb.go:120                         Options.use_direct_io_for_flush_and_compaction: 0
I200514 15:55:03.247303 22 storage/engine/rocksdb.go:120           Options.create_missing_column_families: 0
I200514 15:55:03.247306 22 storage/engine/rocksdb.go:120                               Options.db_log_dir: 
I200514 15:55:03.247309 22 storage/engine/rocksdb.go:120                                  Options.wal_dir: /var/lib/cockroach
I200514 15:55:03.247311 22 storage/engine/rocksdb.go:120                 Options.table_cache_numshardbits: 6
I200514 15:55:03.247314 22 storage/engine/rocksdb.go:120                       Options.max_subcompactions: 1
I200514 15:55:03.247317 22 storage/engine/rocksdb.go:120                   Options.max_background_flushes: -1
I200514 15:55:03.247319 22 storage/engine/rocksdb.go:120                          Options.WAL_ttl_seconds: 0
I200514 15:55:03.247322 22 storage/engine/rocksdb.go:120                        Options.WAL_size_limit_MB: 0
I200514 15:55:03.247324 22 storage/engine/rocksdb.go:120              Options.manifest_preallocation_size: 4194304
I200514 15:55:03.247327 22 storage/engine/rocksdb.go:120                      Options.is_fd_close_on_exec: 1
I200514 15:55:03.247330 22 storage/engine/rocksdb.go:120                    Options.advise_random_on_open: 1
I200514 15:55:03.247332 22 storage/engine/rocksdb.go:120                     Options.db_write_buffer_size: 0
I200514 15:55:03.247335 22 storage/engine/rocksdb.go:120                     Options.write_buffer_manager: 0x7f8014a8d030
I200514 15:55:03.247337 22 storage/engine/rocksdb.go:120          Options.access_hint_on_compaction_start: 1
I200514 15:55:03.247340 22 storage/engine/rocksdb.go:120   Options.new_table_reader_for_compaction_inputs: 0
I200514 15:55:03.247342 22 storage/engine/rocksdb.go:120            Options.random_access_max_buffer_size: 1048576
I200514 15:55:03.247345 22 storage/engine/rocksdb.go:120                       Options.use_adaptive_mutex: 0
I200514 15:55:03.247348 22 storage/engine/rocksdb.go:120                             Options.rate_limiter: (nil)
I200514 15:55:03.247351 22 storage/engine/rocksdb.go:120      Options.sst_file_manager.rate_bytes_per_sec: 0
I200514 15:55:03.247353 22 storage/engine/rocksdb.go:120                        Options.wal_recovery_mode: 0
I200514 15:55:03.247356 22 storage/engine/rocksdb.go:120                   Options.enable_thread_tracking: 0
I200514 15:55:03.247359 22 storage/engine/rocksdb.go:120                   Options.enable_pipelined_write: 0
I200514 15:55:03.247362 22 storage/engine/rocksdb.go:120          Options.allow_concurrent_memtable_write: 1
I200514 15:55:03.247364 22 storage/engine/rocksdb.go:120       Options.enable_write_thread_adaptive_yield: 1
I200514 15:55:03.247367 22 storage/engine/rocksdb.go:120              Options.write_thread_max_yield_usec: 100
I200514 15:55:03.247369 22 storage/engine/rocksdb.go:120             Options.write_thread_slow_yield_usec: 3
I200514 15:55:03.247372 22 storage/engine/rocksdb.go:120                                Options.row_cache: None
I200514 15:55:03.247374 22 storage/engine/rocksdb.go:120                               Options.wal_filter: None
I200514 15:55:03.247377 22 storage/engine/rocksdb.go:120              Options.avoid_flush_during_recovery: 0
I200514 15:55:03.247379 22 storage/engine/rocksdb.go:120              Options.allow_ingest_behind: 0
I200514 15:55:03.247382 22 storage/engine/rocksdb.go:120              Options.preserve_deletes: 0
I200514 15:55:03.247384 22 storage/engine/rocksdb.go:120              Options.two_write_queues: 0
I200514 15:55:03.247387 22 storage/engine/rocksdb.go:120              Options.manual_wal_flush: 1
I200514 15:55:03.247389 22 storage/engine/rocksdb.go:120              Options.atomic_flush: 0
I200514 15:55:03.247392 22 storage/engine/rocksdb.go:120              Options.avoid_unnecessary_blocking_io: 0
I200514 15:55:03.247394 22 storage/engine/rocksdb.go:120              Options.max_background_jobs: 2
I200514 15:55:03.247397 22 storage/engine/rocksdb.go:120              Options.max_background_compactions: -1
I200514 15:55:03.247399 22 storage/engine/rocksdb.go:120              Options.avoid_flush_during_shutdown: 0
I200514 15:55:03.247403 22 storage/engine/rocksdb.go:120            Options.writable_file_max_buffer_size: 1048576
I200514 15:55:03.247405 22 storage/engine/rocksdb.go:120              Options.delayed_write_rate : 16777216
I200514 15:55:03.247408 22 storage/engine/rocksdb.go:120              Options.max_total_wal_size: 0
I200514 15:55:03.247411 22 storage/engine/rocksdb.go:120              Options.delete_obsolete_files_period_micros: 21600000000
I200514 15:55:03.247414 22 storage/engine/rocksdb.go:120                    Options.stats_dump_period_sec: 0
I200514 15:55:03.247417 22 storage/engine/rocksdb.go:120                  Options.stats_persist_period_sec: 600
I200514 15:55:03.247419 22 storage/engine/rocksdb.go:120                  Options.stats_history_buffer_size: 1048576
I200514 15:55:03.247422 22 storage/engine/rocksdb.go:120                           Options.max_open_files: 1043576
I200514 15:55:03.247425 22 storage/engine/rocksdb.go:120                           Options.bytes_per_sync: 524288
I200514 15:55:03.247428 22 storage/engine/rocksdb.go:120                       Options.wal_bytes_per_sync: 0
I200514 15:55:03.247431 22 storage/engine/rocksdb.go:120                    Options.strict_bytes_per_sync: 1
I200514 15:55:03.247435 22 storage/engine/rocksdb.go:120        Options.compaction_readahead_size: 0
I200514 15:55:03.247437 22 storage/engine/rocksdb.go:120  Compression algorithms supported:
I200514 15:55:03.247441 22 storage/engine/rocksdb.go:120  	kZSTDNotFinalCompression supported: 0
I200514 15:55:03.247445 22 storage/engine/rocksdb.go:120  	kZSTD supported: 0
I200514 15:55:03.247448 22 storage/engine/rocksdb.go:120  	kXpressCompression supported: 0
I200514 15:55:03.247452 22 storage/engine/rocksdb.go:120  	kLZ4HCCompression supported: 0
I200514 15:55:03.247455 22 storage/engine/rocksdb.go:120  	kLZ4Compression supported: 0
I200514 15:55:03.247458 22 storage/engine/rocksdb.go:120  	kBZip2Compression supported: 0
I200514 15:55:03.247460 22 storage/engine/rocksdb.go:120  	kZlibCompression supported: 0
I200514 15:55:03.247463 22 storage/engine/rocksdb.go:120  	kSnappyCompression supported: 1
I200514 15:55:03.247469 22 storage/engine/rocksdb.go:120  Fast CRC32 supported: Supported on x86
I200514 15:55:03.249644 22 storage/engine/rocksdb.go:120  [db/version_set.cc:4072] Recovering from manifest file: /var/lib/cockroach/MANIFEST-000432
I200514 15:55:03.250257 22 storage/engine/rocksdb.go:120  [db/column_family.cc:488] --------------- Options for column family [default]:
I200514 15:55:03.250262 22 storage/engine/rocksdb.go:120                Options.comparator: cockroach_comparator
I200514 15:55:03.250265 22 storage/engine/rocksdb.go:120            Options.merge_operator: cockroach_merge_operator
I200514 15:55:03.250268 22 storage/engine/rocksdb.go:120         Options.compaction_filter: None
I200514 15:55:03.250292 22 storage/engine/rocksdb.go:120         Options.compaction_filter_factory: None
I200514 15:55:03.250298 22 storage/engine/rocksdb.go:120          Options.memtable_factory: SkipListFactory
I200514 15:55:03.250301 22 storage/engine/rocksdb.go:120             Options.table_factory: BlockBasedTable
I200514 15:55:03.250320 22 storage/engine/rocksdb.go:120             table_factory options:   flush_block_policy_factory: FlushBlockBySizePolicyFactory (0x7f8014a23028)
  cache_index_and_filter_blocks: 0
  cache_index_and_filter_blocks_with_high_priority: 0
  pin_l0_filter_and_index_blocks_in_cache: 0
  pin_top_level_index_and_filter: 1
  index_type: 0
  data_block_index_type: 0
  index_shortening: 1
  data_block_hash_table_util_ratio: 0.750000
  hash_index_allow_collision: 1
  checksum: 1
  no_block_cache: 0
  block_cache: 0x7f8014a14010
  block_cache_name: LRUCache
  block_cache_options:
    capacity : 67108864
    num_shard_bits : 4
    strict_capacity_limit : 0
    memory_allocator : None
    high_pri_pool_ratio: 0.000
  block_cache_compressed: (nil)
  persistent_cache: (nil)
  block_size: 32768
  block_size_deviation: 10
  block_restart_interval: 16
  index_block_restart_interval: 1
  metadata_block_size: 4096
  partition_filters: 0
  use_delta_encoding: 1
  filter_policy: rocksdb.BuiltinBloomFilter
  whole_key_filtering: 0
  verify_compression: 0
  read_amp_bytes_per_bit: 0
  format_version: 2
  enable_index_compression: 1
  block_align: 0
I200514 15:55:03.250324 22 storage/engine/rocksdb.go:120         Options.write_buffer_size: 67108864
I200514 15:55:03.250328 22 storage/engine/rocksdb.go:120   Options.max_write_buffer_number: 4
I200514 15:55:03.250331 22 storage/engine/rocksdb.go:120           Options.compression: Snappy
I200514 15:55:03.250333 22 storage/engine/rocksdb.go:120                   Options.bottommost_compression: Disabled
I200514 15:55:03.250336 22 storage/engine/rocksdb.go:120        Options.prefix_extractor: cockroach_prefix_extractor
I200514 15:55:03.250339 22 storage/engine/rocksdb.go:120    Options.memtable_insert_with_hint_prefix_extractor: nullptr
I200514 15:55:03.250342 22 storage/engine/rocksdb.go:120              Options.num_levels: 7
I200514 15:55:03.250344 22 storage/engine/rocksdb.go:120         Options.min_write_buffer_number_to_merge: 1
I200514 15:55:03.250347 22 storage/engine/rocksdb.go:120      Options.max_write_buffer_number_to_maintain: 0
I200514 15:55:03.250349 22 storage/engine/rocksdb.go:120             Options.bottommost_compression_opts.window_bits: -14
I200514 15:55:03.250352 22 storage/engine/rocksdb.go:120                   Options.bottommost_compression_opts.level: 32767
I200514 15:55:03.250355 22 storage/engine/rocksdb.go:120                Options.bottommost_compression_opts.strategy: 0
I200514 15:55:03.250357 22 storage/engine/rocksdb.go:120          Options.bottommost_compression_opts.max_dict_bytes: 0
I200514 15:55:03.250360 22 storage/engine/rocksdb.go:120          Options.bottommost_compression_opts.zstd_max_train_bytes: 0
I200514 15:55:03.250362 22 storage/engine/rocksdb.go:120                   Options.bottommost_compression_opts.enabled: false
I200514 15:55:03.250365 22 storage/engine/rocksdb.go:120             Options.compression_opts.window_bits: -14
I200514 15:55:03.250368 22 storage/engine/rocksdb.go:120                   Options.compression_opts.level: 32767
I200514 15:55:03.250371 22 storage/engine/rocksdb.go:120                Options.compression_opts.strategy: 0
I200514 15:55:03.250374 22 storage/engine/rocksdb.go:120          Options.compression_opts.max_dict_bytes: 0
I200514 15:55:03.250381 22 storage/engine/rocksdb.go:120          Options.compression_opts.zstd_max_train_bytes: 0
I200514 15:55:03.250383 22 storage/engine/rocksdb.go:120                   Options.compression_opts.enabled: false
I200514 15:55:03.250386 22 storage/engine/rocksdb.go:120       Options.level0_file_num_compaction_trigger: 2
I200514 15:55:03.250388 22 storage/engine/rocksdb.go:120           Options.level0_slowdown_writes_trigger: 950
I200514 15:55:03.250391 22 storage/engine/rocksdb.go:120               Options.level0_stop_writes_trigger: 1000
I200514 15:55:03.250394 22 storage/engine/rocksdb.go:120                    Options.target_file_size_base: 4194304
I200514 15:55:03.250396 22 storage/engine/rocksdb.go:120              Options.target_file_size_multiplier: 2
I200514 15:55:03.250399 22 storage/engine/rocksdb.go:120                 Options.max_bytes_for_level_base: 67108864
I200514 15:55:03.250402 22 storage/engine/rocksdb.go:120  Options.level_compaction_dynamic_level_bytes: 1
I200514 15:55:03.250405 22 storage/engine/rocksdb.go:120           Options.max_bytes_for_level_multiplier: 10.000000
I200514 15:55:03.250408 22 storage/engine/rocksdb.go:120  Options.max_bytes_for_level_multiplier_addtl[0]: 1
I200514 15:55:03.250411 22 storage/engine/rocksdb.go:120  Options.max_bytes_for_level_multiplier_addtl[1]: 1
I200514 15:55:03.250413 22 storage/engine/rocksdb.go:120  Options.max_bytes_for_level_multiplier_addtl[2]: 1
I200514 15:55:03.250416 22 storage/engine/rocksdb.go:120  Options.max_bytes_for_level_multiplier_addtl[3]: 1
I200514 15:55:03.250418 22 storage/engine/rocksdb.go:120  Options.max_bytes_for_level_multiplier_addtl[4]: 1
I200514 15:55:03.250421 22 storage/engine/rocksdb.go:120  Options.max_bytes_for_level_multiplier_addtl[5]: 1
I200514 15:55:03.250424 22 storage/engine/rocksdb.go:120  Options.max_bytes_for_level_multiplier_addtl[6]: 1
I200514 15:55:03.250426 22 storage/engine/rocksdb.go:120        Options.max_sequential_skip_in_iterations: 8
I200514 15:55:03.250429 22 storage/engine/rocksdb.go:120                     Options.max_compaction_bytes: 104857600
I200514 15:55:03.250432 22 storage/engine/rocksdb.go:120                         Options.arena_block_size: 8388608
I200514 15:55:03.250434 22 storage/engine/rocksdb.go:120    Options.soft_pending_compaction_bytes_limit: 2199023255552
I200514 15:55:03.250437 22 storage/engine/rocksdb.go:120    Options.hard_pending_compaction_bytes_limit: 4400193994752
I200514 15:55:03.250439 22 storage/engine/rocksdb.go:120        Options.rate_limit_delay_max_milliseconds: 100
I200514 15:55:03.250442 22 storage/engine/rocksdb.go:120                 Options.disable_auto_compactions: 0
I200514 15:55:03.250445 22 storage/engine/rocksdb.go:120                         Options.compaction_style: kCompactionStyleLevel
I200514 15:55:03.250448 22 storage/engine/rocksdb.go:120                           Options.compaction_pri: kMinOverlappingRatio
I200514 15:55:03.250450 22 storage/engine/rocksdb.go:120  Options.compaction_options_universal.size_ratio: 1
I200514 15:55:03.250453 22 storage/engine/rocksdb.go:120  Options.compaction_options_universal.min_merge_width: 2
I200514 15:55:03.250456 22 storage/engine/rocksdb.go:120  Options.compaction_options_universal.max_merge_width: 4294967295
I200514 15:55:03.250458 22 storage/engine/rocksdb.go:120  Options.compaction_options_universal.max_size_amplification_percent: 200
I200514 15:55:03.250461 22 storage/engine/rocksdb.go:120  Options.compaction_options_universal.compression_size_percent: -1
I200514 15:55:03.250464 22 storage/engine/rocksdb.go:120  Options.compaction_options_universal.stop_style: kCompactionStopStyleTotalSize
I200514 15:55:03.250466 22 storage/engine/rocksdb.go:120  Options.compaction_options_fifo.max_table_files_size: 1073741824
I200514 15:55:03.250469 22 storage/engine/rocksdb.go:120  Options.compaction_options_fifo.allow_compaction: 0
I200514 15:55:03.250474 22 storage/engine/rocksdb.go:120                    Options.table_properties_collectors: TimeBoundTblPropCollectorFactory; DeleteRangeTblPropCollectorFactory; 
I200514 15:55:03.250477 22 storage/engine/rocksdb.go:120                    Options.inplace_update_support: 0
I200514 15:55:03.250479 22 storage/engine/rocksdb.go:120                  Options.inplace_update_num_locks: 10000
I200514 15:55:03.250482 22 storage/engine/rocksdb.go:120                Options.memtable_prefix_bloom_size_ratio: 0.000000
I200514 15:55:03.250484 22 storage/engine/rocksdb.go:120                Options.memtable_whole_key_filtering: 0
I200514 15:55:03.250487 22 storage/engine/rocksdb.go:120    Options.memtable_huge_page_size: 0
I200514 15:55:03.250490 22 storage/engine/rocksdb.go:120                            Options.bloom_locality: 0
I200514 15:55:03.250492 22 storage/engine/rocksdb.go:120                     Options.max_successive_merges: 0
I200514 15:55:03.250495 22 storage/engine/rocksdb.go:120                 Options.optimize_filters_for_hits: 1
I200514 15:55:03.250497 22 storage/engine/rocksdb.go:120                 Options.paranoid_file_checks: 0
I200514 15:55:03.250500 22 storage/engine/rocksdb.go:120                 Options.force_consistency_checks: 0
I200514 15:55:03.250502 22 storage/engine/rocksdb.go:120                 Options.report_bg_io_stats: 0
I200514 15:55:03.250506 22 storage/engine/rocksdb.go:120                                Options.ttl: 0
I200514 15:55:03.250508 22 storage/engine/rocksdb.go:120           Options.periodic_compaction_seconds: 0
I200514 15:55:03.255535 22 storage/engine/rocksdb.go:120  [db/version_set.cc:4286] Recovered from manifest file:/var/lib/cockroach/MANIFEST-000432 succeeded,manifest_file_number is 432, next_file_number is 434, last_sequence is 8480549, log_number is 425,prev_log_number is 0,max_column_family is 0,min_log_number_to_keep is 0
I200514 15:55:03.255543 22 storage/engine/rocksdb.go:120  [db/version_set.cc:4295] Column family [default] (ID 0), log number is 425
I200514 15:55:03.256924 22 storage/engine/rocksdb.go:120  EVENT_LOG_v1 {"time_micros": 1589471703256910, "job": 1, "event": "recovery_started", "log_files": [433]}
I200514 15:55:03.256931 22 storage/engine/rocksdb.go:120  [db/db_impl_open.cc:598] Recovering log #433 mode 0
I200514 15:55:03.393084 22 storage/engine/rocksdb.go:120  EVENT_LOG_v1 {"time_micros": 1589471703393045, "cf_name": "default", "job": 1, "event": "table_file_creation", "file_number": 434, "file_size": 116144, "table_properties": {"data_size": 111684, "index_size": 867, "index_partitions": 0, "top_level_index_size": 0, "index_key_is_user_key": 0, "index_value_is_delta_encoded": 0, "filter_size": 2885, "raw_key_size": 81767, "raw_average_key_size": 33, "raw_value_size": 513169, "raw_average_value_size": 211, "num_data_blocks": 16, "num_entries": 2424, "num_deletions": 1214, "num_merge_operands": 664, "num_range_deletions": 664, "format_version": 0, "fixed_key_len": 0, "filter_policy": "rocksdb.BuiltinBloomFilter", "column_family_name": "default", "column_family_id": 0, "comparator": "cockroach_comparator", "merge_operator": "cockroach_merge_operator", "prefix_extractor_name": "cockroach_prefix_extractor", "property_collectors": "[TimeBoundTblPropCollectorFactory,DeleteRangeTblPropCollectorFactory]", "compression": "Snappy", "compression_options": "window_bits=-14; level=32767; strategy=0; max_dict_bytes=0; zstd_max_train_bytes=0; enabled=0; ", "creation_time": 1589471703, "oldest_key_time": 3, "file_creation_time": 0}}
I200514 15:55:03.394171 22 storage/engine/rocksdb.go:120  [db/version_set.cc:3560] Creating manifest 435
I200514 15:55:03.405184 22 storage/engine/rocksdb.go:120  EVENT_LOG_v1 {"time_micros": 1589471703404804, "job": 1, "event": "recovery_finished"}
I200514 15:55:03.426002 17 storage/engine/rocksdb.go:120  [db/compaction_job.cc:1647] [default] [JOB 3] Compacting 2@0 + 3@6 files to L6, score 1.00
I200514 15:55:03.426015 17 storage/engine/rocksdb.go:120  [db/compaction_job.cc:1651] [default] Compaction start summary: Base version 2 Base level 0, inputs: [434(113KB) 431(134KB)], [427(4117KB) 428(4117KB) 429(1761KB)]
I200514 15:55:03.426047 17 storage/engine/rocksdb.go:120  EVENT_LOG_v1 {"time_micros": 1589471703426029, "job": 3, "event": "compaction_started", "compaction_reason": "LevelL0FilesNum", "files_L0": [434, 431], "files_L6": [427, 428, 429], "score": 1, "input_data_size": 10490647}
I200514 15:55:03.440916 22 storage/engine/rocksdb.go:120  DB pointer 0x7f8014a9f000
I200514 15:55:03.569296 17 storage/engine/rocksdb.go:120  [db/compaction_job.cc:1334] [default] [JOB 3] Generated table #439: 14748 keys, 4223170 bytes
I200514 15:55:03.569347 17 storage/engine/rocksdb.go:120  EVENT_LOG_v1 {"time_micros": 1589471703569319, "cf_name": "default", "job": 3, "event": "table_file_creation", "file_number": 439, "file_size": 4223170, "table_properties": {"data_size": 4201047, "index_size": 79870, "index_partitions": 0, "top_level_index_size": 0, "index_key_is_user_key": 0, "index_value_is_delta_encoded": 0, "filter_size": 0, "raw_key_size": 746273, "raw_average_key_size": 50, "raw_value_size": 35635734, "raw_average_value_size": 2416, "num_data_blocks": 1153, "num_entries": 14748, "num_deletions": 0, "num_merge_operands": 0, "num_range_deletions": 0, "format_version": 0, "fixed_key_len": 0, "filter_policy": "rocksdb.BuiltinBloomFilter", "column_family_name": "default", "column_family_id": 0, "comparator": "cockroach_comparator", "merge_operator": "cockroach_merge_operator", "prefix_extractor_name": "cockroach_prefix_extractor", "property_collectors": "[TimeBoundTblPropCollectorFactory,DeleteRangeTblPropCollectorFactory]", "compression": "Snappy", "compression_options": "window_bits=-14; level=32767; strategy=0; max_dict_bytes=0; zstd_max_train_bytes=0; enabled=0; ", "creation_time": 1589471703, "oldest_key_time": 0, "file_creation_time": 1589471703}}
I200514 15:55:03.640879 17 storage/engine/rocksdb.go:120  [db/compaction_job.cc:1334] [default] [JOB 3] Generated table #440: 7766 keys, 4216663 bytes
I200514 15:55:03.640947 17 storage/engine/rocksdb.go:120  EVENT_LOG_v1 {"time_micros": 1589471703640899, "cf_name": "default", "job": 3, "event": "table_file_creation", "file_number": 440, "file_size": 4216663, "table_properties": {"data_size": 4201202, "index_size": 51823, "index_partitions": 0, "top_level_index_size": 0, "index_key_is_user_key": 0, "index_value_is_delta_encoded": 0, "filter_size": 0, "raw_key_size": 431278, "raw_average_key_size": 55, "raw_value_size": 23387378, "raw_average_value_size": 3011, "num_data_blocks": 759, "num_entries": 7766, "num_deletions": 0, "num_merge_operands": 0, "num_range_deletions": 0, "format_version": 0, "fixed_key_len": 0, "filter_policy": "rocksdb.BuiltinBloomFilter", "column_family_name": "default", "column_family_id": 0, "comparator": "cockroach_comparator", "merge_operator": "cockroach_merge_operator", "prefix_extractor_name": "cockroach_prefix_extractor", "property_collectors": "[TimeBoundTblPropCollectorFactory,DeleteRangeTblPropCollectorFactory]", "compression": "Snappy", "compression_options": "window_bits=-14; level=32767; strategy=0; max_dict_bytes=0; zstd_max_train_bytes=0; enabled=0; ", "creation_time": 1589471703, "oldest_key_time": 0, "file_creation_time": 1589471703}}
I200514 15:55:03.680955 17 storage/engine/rocksdb.go:120  [db/compaction_job.cc:1334] [default] [JOB 3] Generated table #441: 6262 keys, 1902899 bytes
I200514 15:55:03.681002 17 storage/engine/rocksdb.go:120  EVENT_LOG_v1 {"time_micros": 1589471703680977, "cf_name": "default", "job": 3, "event": "table_file_creation", "file_number": 441, "file_size": 1902899, "table_properties": {"data_size": 1894744, "index_size": 25539, "index_partitions": 0, "top_level_index_size": 0, "index_key_is_user_key": 0, "index_value_is_delta_encoded": 0, "filter_size": 0, "raw_key_size": 298383, "raw_average_key_size": 47, "raw_value_size": 11546565, "raw_average_value_size": 1843, "num_data_blocks": 376, "num_entries": 6262, "num_deletions": 0, "num_merge_operands": 0, "num_range_deletions": 0, "format_version": 0, "fixed_key_len": 0, "filter_policy": "rocksdb.BuiltinBloomFilter", "column_family_name": "default", "column_family_id": 0, "comparator": "cockroach_comparator", "merge_operator": "cockroach_merge_operator", "prefix_extractor_name": "cockroach_prefix_extractor", "property_collectors": "[TimeBoundTblPropCollectorFactory,DeleteRangeTblPropCollectorFactory]", "compression": "Snappy", "compression_options": "window_bits=-14; level=32767; strategy=0; max_dict_bytes=0; zstd_max_train_bytes=0; enabled=0; ", "creation_time": 1589471703, "oldest_key_time": 0, "file_creation_time": 1589471703}}
I200514 15:55:03.686091 17 storage/engine/rocksdb.go:120  [db/compaction_job.cc:1397] [default] [JOB 3] Compacted 2@0 + 3@6 files to L6 => 10342732 bytes
I200514 15:55:03.686765 17 storage/engine/rocksdb.go:120  (Original Log Time 2020/05/14-15:55:03.686647) [db/compaction_job.cc:770] [default] compacted to: base level 6 level multiplier 10.00 max bytes base 67108864 files[0 0 0 0 0 0 3] max score 0.00, MB/sec: 41.0 rd, 40.4 wr, level 6, files in(2, 3) out(3) MB in(0.2, 9.8) out(9.9), read-write-amplify(82.0) write-amplify(40.7) OK, records in: 33290, records dropped: 3186 output_compression: Snappy
I200514 15:55:03.686774 17 storage/engine/rocksdb.go:120  (Original Log Time 2020/05/14-15:55:03.686668) EVENT_LOG_v1 {"time_micros": 1589471703686659, "job": 3, "event": "compaction_finished", "compaction_time_micros": 255856, "compaction_time_cpu_micros": 98189, "output_level": 6, "num_output_files": 3, "total_output_size": 10342732, "num_input_records": 31962, "num_output_records": 28776, "num_subcompactions": 1, "output_compression": "Snappy", "num_single_delete_mismatches": 0, "num_single_delete_fallthrough": 0, "lsm_state": [0, 0, 0, 0, 0, 0, 3]}
I200514 15:55:03.687304 17 storage/engine/rocksdb.go:120  EVENT_LOG_v1 {"time_micros": 1589471703687288, "job": 3, "event": "table_file_deletion", "file_number": 434}
I200514 15:55:03.687937 17 storage/engine/rocksdb.go:120  EVENT_LOG_v1 {"time_micros": 1589471703687926, "job": 3, "event": "table_file_deletion", "file_number": 431}
I200514 15:55:03.688739 17 storage/engine/rocksdb.go:120  EVENT_LOG_v1 {"time_micros": 1589471703688724, "job": 3, "event": "table_file_deletion", "file_number": 429}
I200514 15:55:03.690144 17 storage/engine/rocksdb.go:120  EVENT_LOG_v1 {"time_micros": 1589471703690127, "job": 3, "event": "table_file_deletion", "file_number": 428}
I200514 15:55:03.691120 17 storage/engine/rocksdb.go:120  EVENT_LOG_v1 {"time_micros": 1589471703691102, "job": 3, "event": "table_file_deletion", "file_number": 427}
I200514 16:27:22.924914 21864 storage/engine/rocksdb.go:120  bloom filter utility:    -nan%
I200514 16:27:22.925183 21864 storage/engine/rocksdb.go:120  [db/db_impl.cc:392] Shutdown: canceling all background work
I200514 16:27:22.927133 21864 storage/engine/rocksdb.go:120  [db/db_impl.cc:565] Shutdown complete
I200514 16:27:22.937934 21864 storage/engine/rocksdb.go:120  bloom filter utility:    66.7%
I200514 16:27:22.938394 21864 storage/engine/rocksdb.go:120  [db/db_impl.cc:392] Shutdown: canceling all background work
I200514 16:27:22.951694 21864 storage/engine/rocksdb.go:120  [db/db_impl.cc:565] Shutdown complete
