I200514 15:48:54.601112 25 util/log/clog.go:1196  [config] file created at: 2020/05/14 15:48:54
I200514 15:48:54.601112 25 util/log/clog.go:1196  [config] running on machine: aa9e30ec793f
I200514 15:48:54.601112 25 util/log/clog.go:1196  [config] binary: CockroachDB CCL v19.2.5 (x86_64-unknown-linux-gnu, built 2020/03/16 18:27:12, go1.12.12)
I200514 15:48:54.601112 25 util/log/clog.go:1196  [config] arguments: [/cockroach/cockroach start --insecure --store=attrs=ssd,path=/var/lib/cockroach/]
I200514 15:48:54.601112 25 util/log/clog.go:1196  line format: [IWEF]yymmdd hh:mm:ss.uuuuuu goid file:line msg utf8=✓
I200514 15:48:54.601112 25 storage/engine/rocksdb.go:120  RocksDB version: 6.2.1
I200514 15:48:54.607558 25 storage/engine/rocksdb.go:120  Git sha rocksdb_build_git_sha:@b7009236531fa784872f4823eabf393501e41bf2@
I200514 15:48:54.607561 25 storage/engine/rocksdb.go:120  Compile date Mar 16 2020
I200514 15:48:54.607565 25 storage/engine/rocksdb.go:120  DB SUMMARY
I200514 15:48:54.608727 25 storage/engine/rocksdb.go:120  SST files in /var/lib/cockroach/cockroach-temp513973219 dir, Total Num: 0, files: 
I200514 15:48:54.762377 25 storage/engine/rocksdb.go:120  Write Ahead Log file in /var/lib/cockroach/cockroach-temp513973219: 
I200514 15:48:54.762386 25 storage/engine/rocksdb.go:120                          Options.error_if_exists: 0
I200514 15:48:54.762389 25 storage/engine/rocksdb.go:120                        Options.create_if_missing: 1
I200514 15:48:54.762393 25 storage/engine/rocksdb.go:120                          Options.paranoid_checks: 1
I200514 15:48:54.762395 25 storage/engine/rocksdb.go:120                                      Options.env: 0x75757a0
I200514 15:48:54.762398 25 storage/engine/rocksdb.go:120                                 Options.info_log: 0x7fc4088270e0
I200514 15:48:54.762401 25 storage/engine/rocksdb.go:120                 Options.max_file_opening_threads: 16
I200514 15:48:54.762404 25 storage/engine/rocksdb.go:120                               Options.statistics: 0x7fc408834010
I200514 15:48:54.762406 25 storage/engine/rocksdb.go:120                                Options.use_fsync: 0
I200514 15:48:54.762409 25 storage/engine/rocksdb.go:120                        Options.max_log_file_size: 0
I200514 15:48:54.762412 25 storage/engine/rocksdb.go:120                   Options.max_manifest_file_size: 134217728
I200514 15:48:54.762415 25 storage/engine/rocksdb.go:120                    Options.log_file_time_to_roll: 0
I200514 15:48:54.762418 25 storage/engine/rocksdb.go:120                        Options.keep_log_file_num: 1000
I200514 15:48:54.762420 25 storage/engine/rocksdb.go:120                     Options.recycle_log_file_num: 1
I200514 15:48:54.762423 25 storage/engine/rocksdb.go:120                          Options.allow_fallocate: 1
I200514 15:48:54.762425 25 storage/engine/rocksdb.go:120                         Options.allow_mmap_reads: 0
I200514 15:48:54.762428 25 storage/engine/rocksdb.go:120                        Options.allow_mmap_writes: 0
I200514 15:48:54.762431 25 storage/engine/rocksdb.go:120                         Options.use_direct_reads: 0
I200514 15:48:54.762433 25 storage/engine/rocksdb.go:120                         Options.use_direct_io_for_flush_and_compaction: 0
I200514 15:48:54.762436 25 storage/engine/rocksdb.go:120           Options.create_missing_column_families: 0
I200514 15:48:54.762438 25 storage/engine/rocksdb.go:120                               Options.db_log_dir: 
I200514 15:48:54.762441 25 storage/engine/rocksdb.go:120                                  Options.wal_dir: /var/lib/cockroach/cockroach-temp513973219
I200514 15:48:54.762444 25 storage/engine/rocksdb.go:120                 Options.table_cache_numshardbits: 6
I200514 15:48:54.762447 25 storage/engine/rocksdb.go:120                       Options.max_subcompactions: 1
I200514 15:48:54.762449 25 storage/engine/rocksdb.go:120                   Options.max_background_flushes: -1
I200514 15:48:54.762452 25 storage/engine/rocksdb.go:120                          Options.WAL_ttl_seconds: 0
I200514 15:48:54.762454 25 storage/engine/rocksdb.go:120                        Options.WAL_size_limit_MB: 0
I200514 15:48:54.762457 25 storage/engine/rocksdb.go:120              Options.manifest_preallocation_size: 4194304
I200514 15:48:54.762459 25 storage/engine/rocksdb.go:120                      Options.is_fd_close_on_exec: 1
I200514 15:48:54.762462 25 storage/engine/rocksdb.go:120                    Options.advise_random_on_open: 1
I200514 15:48:54.762465 25 storage/engine/rocksdb.go:120                     Options.db_write_buffer_size: 0
I200514 15:48:54.762468 25 storage/engine/rocksdb.go:120                     Options.write_buffer_manager: 0x7fc4088190f0
I200514 15:48:54.762474 25 storage/engine/rocksdb.go:120          Options.access_hint_on_compaction_start: 1
I200514 15:48:54.762476 25 storage/engine/rocksdb.go:120   Options.new_table_reader_for_compaction_inputs: 0
I200514 15:48:54.762479 25 storage/engine/rocksdb.go:120            Options.random_access_max_buffer_size: 1048576
I200514 15:48:54.762482 25 storage/engine/rocksdb.go:120                       Options.use_adaptive_mutex: 0
I200514 15:48:54.762484 25 storage/engine/rocksdb.go:120                             Options.rate_limiter: (nil)
I200514 15:48:54.762488 25 storage/engine/rocksdb.go:120      Options.sst_file_manager.rate_bytes_per_sec: 0
I200514 15:48:54.762491 25 storage/engine/rocksdb.go:120                        Options.wal_recovery_mode: 0
I200514 15:48:54.762493 25 storage/engine/rocksdb.go:120                   Options.enable_thread_tracking: 0
I200514 15:48:54.762496 25 storage/engine/rocksdb.go:120                   Options.enable_pipelined_write: 0
I200514 15:48:54.762498 25 storage/engine/rocksdb.go:120          Options.allow_concurrent_memtable_write: 1
I200514 15:48:54.762501 25 storage/engine/rocksdb.go:120       Options.enable_write_thread_adaptive_yield: 1
I200514 15:48:54.762503 25 storage/engine/rocksdb.go:120              Options.write_thread_max_yield_usec: 100
I200514 15:48:54.762506 25 storage/engine/rocksdb.go:120             Options.write_thread_slow_yield_usec: 3
I200514 15:48:54.762509 25 storage/engine/rocksdb.go:120                                Options.row_cache: None
I200514 15:48:54.762511 25 storage/engine/rocksdb.go:120                               Options.wal_filter: None
I200514 15:48:54.762514 25 storage/engine/rocksdb.go:120              Options.avoid_flush_during_recovery: 0
I200514 15:48:54.762516 25 storage/engine/rocksdb.go:120              Options.allow_ingest_behind: 0
I200514 15:48:54.762519 25 storage/engine/rocksdb.go:120              Options.preserve_deletes: 0
I200514 15:48:54.762522 25 storage/engine/rocksdb.go:120              Options.two_write_queues: 0
I200514 15:48:54.762525 25 storage/engine/rocksdb.go:120              Options.manual_wal_flush: 1
I200514 15:48:54.762528 25 storage/engine/rocksdb.go:120              Options.atomic_flush: 0
I200514 15:48:54.762530 25 storage/engine/rocksdb.go:120              Options.avoid_unnecessary_blocking_io: 0
I200514 15:48:54.762533 25 storage/engine/rocksdb.go:120              Options.max_background_jobs: 2
I200514 15:48:54.762536 25 storage/engine/rocksdb.go:120              Options.max_background_compactions: -1
I200514 15:48:54.762538 25 storage/engine/rocksdb.go:120              Options.avoid_flush_during_shutdown: 0
I200514 15:48:54.762541 25 storage/engine/rocksdb.go:120            Options.writable_file_max_buffer_size: 1048576
I200514 15:48:54.762544 25 storage/engine/rocksdb.go:120              Options.delayed_write_rate : 16777216
I200514 15:48:54.762546 25 storage/engine/rocksdb.go:120              Options.max_total_wal_size: 0
I200514 15:48:54.762549 25 storage/engine/rocksdb.go:120              Options.delete_obsolete_files_period_micros: 21600000000
I200514 15:48:54.762551 25 storage/engine/rocksdb.go:120                    Options.stats_dump_period_sec: 0
I200514 15:48:54.762554 25 storage/engine/rocksdb.go:120                  Options.stats_persist_period_sec: 600
I200514 15:48:54.762556 25 storage/engine/rocksdb.go:120                  Options.stats_history_buffer_size: 1048576
I200514 15:48:54.762559 25 storage/engine/rocksdb.go:120                           Options.max_open_files: 128
I200514 15:48:54.762562 25 storage/engine/rocksdb.go:120                           Options.bytes_per_sync: 524288
I200514 15:48:54.762564 25 storage/engine/rocksdb.go:120                       Options.wal_bytes_per_sync: 0
I200514 15:48:54.762567 25 storage/engine/rocksdb.go:120                    Options.strict_bytes_per_sync: 1
I200514 15:48:54.762570 25 storage/engine/rocksdb.go:120        Options.compaction_readahead_size: 0
I200514 15:48:54.762572 25 storage/engine/rocksdb.go:120  Compression algorithms supported:
I200514 15:48:54.762577 25 storage/engine/rocksdb.go:120  	kZSTDNotFinalCompression supported: 0
I200514 15:48:54.762580 25 storage/engine/rocksdb.go:120  	kZSTD supported: 0
I200514 15:48:54.762583 25 storage/engine/rocksdb.go:120  	kXpressCompression supported: 0
I200514 15:48:54.762585 25 storage/engine/rocksdb.go:120  	kLZ4HCCompression supported: 0
I200514 15:48:54.762588 25 storage/engine/rocksdb.go:120  	kLZ4Compression supported: 0
I200514 15:48:54.762591 25 storage/engine/rocksdb.go:120  	kBZip2Compression supported: 0
I200514 15:48:54.762594 25 storage/engine/rocksdb.go:120  	kZlibCompression supported: 0
I200514 15:48:54.762597 25 storage/engine/rocksdb.go:120  	kSnappyCompression supported: 1
I200514 15:48:54.762606 25 storage/engine/rocksdb.go:120  Fast CRC32 supported: Supported on x86
I200514 15:48:54.764750 25 storage/engine/rocksdb.go:120  [db/db_impl_open.cc:242] Creating manifest 1 
I200514 15:48:54.782891 25 storage/engine/rocksdb.go:120  [db/version_set.cc:4072] Recovering from manifest file: /var/lib/cockroach/cockroach-temp513973219/MANIFEST-000001
I200514 15:48:54.783951 25 storage/engine/rocksdb.go:120  [db/column_family.cc:488] --------------- Options for column family [default]:
I200514 15:48:54.783955 25 storage/engine/rocksdb.go:120                Options.comparator: cockroach_comparator
I200514 15:48:54.783959 25 storage/engine/rocksdb.go:120            Options.merge_operator: cockroach_merge_operator
I200514 15:48:54.783962 25 storage/engine/rocksdb.go:120         Options.compaction_filter: None
I200514 15:48:54.783965 25 storage/engine/rocksdb.go:120         Options.compaction_filter_factory: None
I200514 15:48:54.783967 25 storage/engine/rocksdb.go:120          Options.memtable_factory: SkipListFactory
I200514 15:48:54.783971 25 storage/engine/rocksdb.go:120             Options.table_factory: BlockBasedTable
I200514 15:48:54.783990 25 storage/engine/rocksdb.go:120             table_factory options:   flush_block_policy_factory: FlushBlockBySizePolicyFactory (0x7fc408828030)
  cache_index_and_filter_blocks: 0
  cache_index_and_filter_blocks_with_high_priority: 0
  pin_l0_filter_and_index_blocks_in_cache: 0
  pin_top_level_index_and_filter: 1
  index_type: 0
  data_block_index_type: 0
  index_shortening: 1
  data_block_hash_table_util_ratio: 0.750000
  hash_index_allow_collision: 1
  checksum: 1
  no_block_cache: 0
  block_cache: 0x7fc40881c010
  block_cache_name: LRUCache
  block_cache_options:
    capacity : 1048576
    num_shard_bits : 4
    strict_capacity_limit : 0
    memory_allocator : None
    high_pri_pool_ratio: 0.000
  block_cache_compressed: (nil)
  persistent_cache: (nil)
  block_size: 32768
  block_size_deviation: 10
  block_restart_interval: 16
  index_block_restart_interval: 1
  metadata_block_size: 4096
  partition_filters: 0
  use_delta_encoding: 1
  filter_policy: rocksdb.BuiltinBloomFilter
  whole_key_filtering: 0
  verify_compression: 0
  read_amp_bytes_per_bit: 0
  format_version: 2
  enable_index_compression: 1
  block_align: 0
I200514 15:48:54.783995 25 storage/engine/rocksdb.go:120         Options.write_buffer_size: 67108864
I200514 15:48:54.783999 25 storage/engine/rocksdb.go:120   Options.max_write_buffer_number: 4
I200514 15:48:54.784002 25 storage/engine/rocksdb.go:120           Options.compression: Snappy
I200514 15:48:54.784005 25 storage/engine/rocksdb.go:120                   Options.bottommost_compression: Disabled
I200514 15:48:54.784008 25 storage/engine/rocksdb.go:120        Options.prefix_extractor: cockroach_prefix_extractor
I200514 15:48:54.784011 25 storage/engine/rocksdb.go:120    Options.memtable_insert_with_hint_prefix_extractor: nullptr
I200514 15:48:54.784014 25 storage/engine/rocksdb.go:120              Options.num_levels: 7
I200514 15:48:54.784016 25 storage/engine/rocksdb.go:120         Options.min_write_buffer_number_to_merge: 1
I200514 15:48:54.784022 25 storage/engine/rocksdb.go:120      Options.max_write_buffer_number_to_maintain: 0
I200514 15:48:54.784025 25 storage/engine/rocksdb.go:120             Options.bottommost_compression_opts.window_bits: -14
I200514 15:48:54.784029 25 storage/engine/rocksdb.go:120                   Options.bottommost_compression_opts.level: 32767
I200514 15:48:54.784032 25 storage/engine/rocksdb.go:120                Options.bottommost_compression_opts.strategy: 0
I200514 15:48:54.784035 25 storage/engine/rocksdb.go:120          Options.bottommost_compression_opts.max_dict_bytes: 0
I200514 15:48:54.784037 25 storage/engine/rocksdb.go:120          Options.bottommost_compression_opts.zstd_max_train_bytes: 0
I200514 15:48:54.784040 25 storage/engine/rocksdb.go:120                   Options.bottommost_compression_opts.enabled: false
I200514 15:48:54.784042 25 storage/engine/rocksdb.go:120             Options.compression_opts.window_bits: -14
I200514 15:48:54.784045 25 storage/engine/rocksdb.go:120                   Options.compression_opts.level: 32767
I200514 15:48:54.784047 25 storage/engine/rocksdb.go:120                Options.compression_opts.strategy: 0
I200514 15:48:54.784050 25 storage/engine/rocksdb.go:120          Options.compression_opts.max_dict_bytes: 0
I200514 15:48:54.784052 25 storage/engine/rocksdb.go:120          Options.compression_opts.zstd_max_train_bytes: 0
I200514 15:48:54.784055 25 storage/engine/rocksdb.go:120                   Options.compression_opts.enabled: false
I200514 15:48:54.784058 25 storage/engine/rocksdb.go:120       Options.level0_file_num_compaction_trigger: 2
I200514 15:48:54.784060 25 storage/engine/rocksdb.go:120           Options.level0_slowdown_writes_trigger: 950
I200514 15:48:54.784063 25 storage/engine/rocksdb.go:120               Options.level0_stop_writes_trigger: 1000
I200514 15:48:54.784066 25 storage/engine/rocksdb.go:120                    Options.target_file_size_base: 4194304
I200514 15:48:54.784068 25 storage/engine/rocksdb.go:120              Options.target_file_size_multiplier: 2
I200514 15:48:54.784071 25 storage/engine/rocksdb.go:120                 Options.max_bytes_for_level_base: 67108864
I200514 15:48:54.784073 25 storage/engine/rocksdb.go:120  Options.level_compaction_dynamic_level_bytes: 1
I200514 15:48:54.784076 25 storage/engine/rocksdb.go:120           Options.max_bytes_for_level_multiplier: 10.000000
I200514 15:48:54.784079 25 storage/engine/rocksdb.go:120  Options.max_bytes_for_level_multiplier_addtl[0]: 1
I200514 15:48:54.784082 25 storage/engine/rocksdb.go:120  Options.max_bytes_for_level_multiplier_addtl[1]: 1
I200514 15:48:54.784084 25 storage/engine/rocksdb.go:120  Options.max_bytes_for_level_multiplier_addtl[2]: 1
I200514 15:48:54.784087 25 storage/engine/rocksdb.go:120  Options.max_bytes_for_level_multiplier_addtl[3]: 1
I200514 15:48:54.784090 25 storage/engine/rocksdb.go:120  Options.max_bytes_for_level_multiplier_addtl[4]: 1
I200514 15:48:54.784092 25 storage/engine/rocksdb.go:120  Options.max_bytes_for_level_multiplier_addtl[5]: 1
I200514 15:48:54.784095 25 storage/engine/rocksdb.go:120  Options.max_bytes_for_level_multiplier_addtl[6]: 1
I200514 15:48:54.784098 25 storage/engine/rocksdb.go:120        Options.max_sequential_skip_in_iterations: 8
I200514 15:48:54.784100 25 storage/engine/rocksdb.go:120                     Options.max_compaction_bytes: 104857600
I200514 15:48:54.784103 25 storage/engine/rocksdb.go:120                         Options.arena_block_size: 8388608
I200514 15:48:54.784106 25 storage/engine/rocksdb.go:120    Options.soft_pending_compaction_bytes_limit: 2199023255552
I200514 15:48:54.784108 25 storage/engine/rocksdb.go:120    Options.hard_pending_compaction_bytes_limit: 4400193994752
I200514 15:48:54.784111 25 storage/engine/rocksdb.go:120        Options.rate_limit_delay_max_milliseconds: 100
I200514 15:48:54.784113 25 storage/engine/rocksdb.go:120                 Options.disable_auto_compactions: 0
I200514 15:48:54.784117 25 storage/engine/rocksdb.go:120                         Options.compaction_style: kCompactionStyleLevel
I200514 15:48:54.784120 25 storage/engine/rocksdb.go:120                           Options.compaction_pri: kMinOverlappingRatio
I200514 15:48:54.784122 25 storage/engine/rocksdb.go:120  Options.compaction_options_universal.size_ratio: 1
I200514 15:48:54.784126 25 storage/engine/rocksdb.go:120  Options.compaction_options_universal.min_merge_width: 2
I200514 15:48:54.784128 25 storage/engine/rocksdb.go:120  Options.compaction_options_universal.max_merge_width: 4294967295
I200514 15:48:54.784131 25 storage/engine/rocksdb.go:120  Options.compaction_options_universal.max_size_amplification_percent: 200
I200514 15:48:54.784133 25 storage/engine/rocksdb.go:120  Options.compaction_options_universal.compression_size_percent: -1
I200514 15:48:54.784136 25 storage/engine/rocksdb.go:120  Options.compaction_options_universal.stop_style: kCompactionStopStyleTotalSize
I200514 15:48:54.784139 25 storage/engine/rocksdb.go:120  Options.compaction_options_fifo.max_table_files_size: 1073741824
I200514 15:48:54.784141 25 storage/engine/rocksdb.go:120  Options.compaction_options_fifo.allow_compaction: 0
I200514 15:48:54.784145 25 storage/engine/rocksdb.go:120                    Options.table_properties_collectors: TimeBoundTblPropCollectorFactory; DeleteRangeTblPropCollectorFactory; 
I200514 15:48:54.784149 25 storage/engine/rocksdb.go:120                    Options.inplace_update_support: 0
I200514 15:48:54.784152 25 storage/engine/rocksdb.go:120                  Options.inplace_update_num_locks: 10000
I200514 15:48:54.784155 25 storage/engine/rocksdb.go:120                Options.memtable_prefix_bloom_size_ratio: 0.000000
I200514 15:48:54.784157 25 storage/engine/rocksdb.go:120                Options.memtable_whole_key_filtering: 0
I200514 15:48:54.784160 25 storage/engine/rocksdb.go:120    Options.memtable_huge_page_size: 0
I200514 15:48:54.784163 25 storage/engine/rocksdb.go:120                            Options.bloom_locality: 0
I200514 15:48:54.784165 25 storage/engine/rocksdb.go:120                     Options.max_successive_merges: 0
I200514 15:48:54.784168 25 storage/engine/rocksdb.go:120                 Options.optimize_filters_for_hits: 1
I200514 15:48:54.784170 25 storage/engine/rocksdb.go:120                 Options.paranoid_file_checks: 0
I200514 15:48:54.784173 25 storage/engine/rocksdb.go:120                 Options.force_consistency_checks: 0
I200514 15:48:54.784175 25 storage/engine/rocksdb.go:120                 Options.report_bg_io_stats: 0
I200514 15:48:54.784178 25 storage/engine/rocksdb.go:120                                Options.ttl: 0
I200514 15:48:54.784181 25 storage/engine/rocksdb.go:120           Options.periodic_compaction_seconds: 0
I200514 15:48:54.785351 25 storage/engine/rocksdb.go:120  [db/version_set.cc:4286] Recovered from manifest file:/var/lib/cockroach/cockroach-temp513973219/MANIFEST-000001 succeeded,manifest_file_number is 1, next_file_number is 3, last_sequence is 0, log_number is 0,prev_log_number is 0,max_column_family is 0,min_log_number_to_keep is 0
I200514 15:48:54.785359 25 storage/engine/rocksdb.go:120  [db/version_set.cc:4295] Column family [default] (ID 0), log number is 0
I200514 15:48:54.806206 25 storage/engine/rocksdb.go:120  DB pointer 0x7fc4088a4000
I200514 15:48:54.822547 25 storage/engine/rocksdb.go:120  RocksDB version: 6.2.1
I200514 15:48:54.822552 25 storage/engine/rocksdb.go:120  Git sha rocksdb_build_git_sha:@b7009236531fa784872f4823eabf393501e41bf2@
I200514 15:48:54.822555 25 storage/engine/rocksdb.go:120  Compile date Mar 16 2020
I200514 15:48:54.822559 25 storage/engine/rocksdb.go:120  DB SUMMARY
I200514 15:48:54.823782 25 storage/engine/rocksdb.go:120  CURRENT file:  CURRENT
I200514 15:48:54.823790 25 storage/engine/rocksdb.go:120  IDENTITY file:  IDENTITY
I200514 15:48:54.824107 25 storage/engine/rocksdb.go:120  MANIFEST file:  MANIFEST-000423 size: 926 Bytes
I200514 15:48:54.824113 25 storage/engine/rocksdb.go:120  SST files in /var/lib/cockroach dir, Total Num: 3, files: 000427.sst 000428.sst 000429.sst 
I200514 15:48:54.824116 25 storage/engine/rocksdb.go:120  Write Ahead Log file in /var/lib/cockroach: 000424.log size: 9470622 ; 
I200514 15:48:54.824120 25 storage/engine/rocksdb.go:120                          Options.error_if_exists: 0
I200514 15:48:54.824126 25 storage/engine/rocksdb.go:120                        Options.create_if_missing: 1
I200514 15:48:54.824129 25 storage/engine/rocksdb.go:120                          Options.paranoid_checks: 1
I200514 15:48:54.824132 25 storage/engine/rocksdb.go:120                                      Options.env: 0x75757a0
I200514 15:48:54.824134 25 storage/engine/rocksdb.go:120                                 Options.info_log: 0x7fc40940dce0
I200514 15:48:54.824137 25 storage/engine/rocksdb.go:120                 Options.max_file_opening_threads: 16
I200514 15:48:54.824140 25 storage/engine/rocksdb.go:120                               Options.statistics: 0x7fc409423010
I200514 15:48:54.824142 25 storage/engine/rocksdb.go:120                                Options.use_fsync: 0
I200514 15:48:54.824145 25 storage/engine/rocksdb.go:120                        Options.max_log_file_size: 0
I200514 15:48:54.824147 25 storage/engine/rocksdb.go:120                   Options.max_manifest_file_size: 134217728
I200514 15:48:54.824150 25 storage/engine/rocksdb.go:120                    Options.log_file_time_to_roll: 0
I200514 15:48:54.824153 25 storage/engine/rocksdb.go:120                        Options.keep_log_file_num: 1000
I200514 15:48:54.824156 25 storage/engine/rocksdb.go:120                     Options.recycle_log_file_num: 1
I200514 15:48:54.824158 25 storage/engine/rocksdb.go:120                          Options.allow_fallocate: 1
I200514 15:48:54.824161 25 storage/engine/rocksdb.go:120                         Options.allow_mmap_reads: 0
I200514 15:48:54.824163 25 storage/engine/rocksdb.go:120                        Options.allow_mmap_writes: 0
I200514 15:48:54.824166 25 storage/engine/rocksdb.go:120                         Options.use_direct_reads: 0
I200514 15:48:54.824169 25 storage/engine/rocksdb.go:120                         Options.use_direct_io_for_flush_and_compaction: 0
I200514 15:48:54.824171 25 storage/engine/rocksdb.go:120           Options.create_missing_column_families: 0
I200514 15:48:54.824174 25 storage/engine/rocksdb.go:120                               Options.db_log_dir: 
I200514 15:48:54.824177 25 storage/engine/rocksdb.go:120                                  Options.wal_dir: /var/lib/cockroach
I200514 15:48:54.824179 25 storage/engine/rocksdb.go:120                 Options.table_cache_numshardbits: 6
I200514 15:48:54.824182 25 storage/engine/rocksdb.go:120                       Options.max_subcompactions: 1
I200514 15:48:54.824185 25 storage/engine/rocksdb.go:120                   Options.max_background_flushes: -1
I200514 15:48:54.824187 25 storage/engine/rocksdb.go:120                          Options.WAL_ttl_seconds: 0
I200514 15:48:54.824202 25 storage/engine/rocksdb.go:120                        Options.WAL_size_limit_MB: 0
I200514 15:48:54.824208 25 storage/engine/rocksdb.go:120              Options.manifest_preallocation_size: 4194304
I200514 15:48:54.824211 25 storage/engine/rocksdb.go:120                      Options.is_fd_close_on_exec: 1
I200514 15:48:54.824214 25 storage/engine/rocksdb.go:120                    Options.advise_random_on_open: 1
I200514 15:48:54.824217 25 storage/engine/rocksdb.go:120                     Options.db_write_buffer_size: 0
I200514 15:48:54.824219 25 storage/engine/rocksdb.go:120                     Options.write_buffer_manager: 0x7fc40948b030
I200514 15:48:54.824222 25 storage/engine/rocksdb.go:120          Options.access_hint_on_compaction_start: 1
I200514 15:48:54.824225 25 storage/engine/rocksdb.go:120   Options.new_table_reader_for_compaction_inputs: 0
I200514 15:48:54.824227 25 storage/engine/rocksdb.go:120            Options.random_access_max_buffer_size: 1048576
I200514 15:48:54.824230 25 storage/engine/rocksdb.go:120                       Options.use_adaptive_mutex: 0
I200514 15:48:54.824233 25 storage/engine/rocksdb.go:120                             Options.rate_limiter: (nil)
I200514 15:48:54.824236 25 storage/engine/rocksdb.go:120      Options.sst_file_manager.rate_bytes_per_sec: 0
I200514 15:48:54.824238 25 storage/engine/rocksdb.go:120                        Options.wal_recovery_mode: 0
I200514 15:48:54.824244 25 storage/engine/rocksdb.go:120                   Options.enable_thread_tracking: 0
I200514 15:48:54.824246 25 storage/engine/rocksdb.go:120                   Options.enable_pipelined_write: 0
I200514 15:48:54.824249 25 storage/engine/rocksdb.go:120          Options.allow_concurrent_memtable_write: 1
I200514 15:48:54.824252 25 storage/engine/rocksdb.go:120       Options.enable_write_thread_adaptive_yield: 1
I200514 15:48:54.824254 25 storage/engine/rocksdb.go:120              Options.write_thread_max_yield_usec: 100
I200514 15:48:54.824257 25 storage/engine/rocksdb.go:120             Options.write_thread_slow_yield_usec: 3
I200514 15:48:54.824260 25 storage/engine/rocksdb.go:120                                Options.row_cache: None
I200514 15:48:54.824262 25 storage/engine/rocksdb.go:120                               Options.wal_filter: None
I200514 15:48:54.824265 25 storage/engine/rocksdb.go:120              Options.avoid_flush_during_recovery: 0
I200514 15:48:54.824268 25 storage/engine/rocksdb.go:120              Options.allow_ingest_behind: 0
I200514 15:48:54.824270 25 storage/engine/rocksdb.go:120              Options.preserve_deletes: 0
I200514 15:48:54.824273 25 storage/engine/rocksdb.go:120              Options.two_write_queues: 0
I200514 15:48:54.824275 25 storage/engine/rocksdb.go:120              Options.manual_wal_flush: 1
I200514 15:48:54.824278 25 storage/engine/rocksdb.go:120              Options.atomic_flush: 0
I200514 15:48:54.824280 25 storage/engine/rocksdb.go:120              Options.avoid_unnecessary_blocking_io: 0
I200514 15:48:54.824283 25 storage/engine/rocksdb.go:120              Options.max_background_jobs: 2
I200514 15:48:54.824285 25 storage/engine/rocksdb.go:120              Options.max_background_compactions: -1
I200514 15:48:54.824288 25 storage/engine/rocksdb.go:120              Options.avoid_flush_during_shutdown: 0
I200514 15:48:54.824290 25 storage/engine/rocksdb.go:120            Options.writable_file_max_buffer_size: 1048576
I200514 15:48:54.824293 25 storage/engine/rocksdb.go:120              Options.delayed_write_rate : 16777216
I200514 15:48:54.824296 25 storage/engine/rocksdb.go:120              Options.max_total_wal_size: 0
I200514 15:48:54.824298 25 storage/engine/rocksdb.go:120              Options.delete_obsolete_files_period_micros: 21600000000
I200514 15:48:54.824301 25 storage/engine/rocksdb.go:120                    Options.stats_dump_period_sec: 0
I200514 15:48:54.824304 25 storage/engine/rocksdb.go:120                  Options.stats_persist_period_sec: 600
I200514 15:48:54.824306 25 storage/engine/rocksdb.go:120                  Options.stats_history_buffer_size: 1048576
I200514 15:48:54.824309 25 storage/engine/rocksdb.go:120                           Options.max_open_files: 1043576
I200514 15:48:54.824312 25 storage/engine/rocksdb.go:120                           Options.bytes_per_sync: 524288
I200514 15:48:54.824314 25 storage/engine/rocksdb.go:120                       Options.wal_bytes_per_sync: 0
I200514 15:48:54.824317 25 storage/engine/rocksdb.go:120                    Options.strict_bytes_per_sync: 1
I200514 15:48:54.824320 25 storage/engine/rocksdb.go:120        Options.compaction_readahead_size: 0
I200514 15:48:54.824322 25 storage/engine/rocksdb.go:120  Compression algorithms supported:
I200514 15:48:54.824325 25 storage/engine/rocksdb.go:120  	kZSTDNotFinalCompression supported: 0
I200514 15:48:54.824328 25 storage/engine/rocksdb.go:120  	kZSTD supported: 0
I200514 15:48:54.824331 25 storage/engine/rocksdb.go:120  	kXpressCompression supported: 0
I200514 15:48:54.824334 25 storage/engine/rocksdb.go:120  	kLZ4HCCompression supported: 0
I200514 15:48:54.824336 25 storage/engine/rocksdb.go:120  	kLZ4Compression supported: 0
I200514 15:48:54.824339 25 storage/engine/rocksdb.go:120  	kBZip2Compression supported: 0
I200514 15:48:54.824342 25 storage/engine/rocksdb.go:120  	kZlibCompression supported: 0
I200514 15:48:54.824344 25 storage/engine/rocksdb.go:120  	kSnappyCompression supported: 1
I200514 15:48:54.824352 25 storage/engine/rocksdb.go:120  Fast CRC32 supported: Supported on x86
I200514 15:48:54.826413 25 storage/engine/rocksdb.go:120  [db/version_set.cc:4072] Recovering from manifest file: /var/lib/cockroach/MANIFEST-000423
I200514 15:48:54.827058 25 storage/engine/rocksdb.go:120  [db/column_family.cc:488] --------------- Options for column family [default]:
I200514 15:48:54.827063 25 storage/engine/rocksdb.go:120                Options.comparator: cockroach_comparator
I200514 15:48:54.827066 25 storage/engine/rocksdb.go:120            Options.merge_operator: cockroach_merge_operator
I200514 15:48:54.827069 25 storage/engine/rocksdb.go:120         Options.compaction_filter: None
I200514 15:48:54.827071 25 storage/engine/rocksdb.go:120         Options.compaction_filter_factory: None
I200514 15:48:54.827074 25 storage/engine/rocksdb.go:120          Options.memtable_factory: SkipListFactory
I200514 15:48:54.827077 25 storage/engine/rocksdb.go:120             Options.table_factory: BlockBasedTable
I200514 15:48:54.827097 25 storage/engine/rocksdb.go:120             table_factory options:   flush_block_policy_factory: FlushBlockBySizePolicyFactory (0x7fc409417028)
  cache_index_and_filter_blocks: 0
  cache_index_and_filter_blocks_with_high_priority: 0
  pin_l0_filter_and_index_blocks_in_cache: 0
  pin_top_level_index_and_filter: 1
  index_type: 0
  data_block_index_type: 0
  index_shortening: 1
  data_block_hash_table_util_ratio: 0.750000
  hash_index_allow_collision: 1
  checksum: 1
  no_block_cache: 0
  block_cache: 0x7fc4088bc210
  block_cache_name: LRUCache
  block_cache_options:
    capacity : 67108864
    num_shard_bits : 4
    strict_capacity_limit : 0
    memory_allocator : None
    high_pri_pool_ratio: 0.000
  block_cache_compressed: (nil)
  persistent_cache: (nil)
  block_size: 32768
  block_size_deviation: 10
  block_restart_interval: 16
  index_block_restart_interval: 1
  metadata_block_size: 4096
  partition_filters: 0
  use_delta_encoding: 1
  filter_policy: rocksdb.BuiltinBloomFilter
  whole_key_filtering: 0
  verify_compression: 0
  read_amp_bytes_per_bit: 0
  format_version: 2
  enable_index_compression: 1
  block_align: 0
I200514 15:48:54.827101 25 storage/engine/rocksdb.go:120         Options.write_buffer_size: 67108864
I200514 15:48:54.827106 25 storage/engine/rocksdb.go:120   Options.max_write_buffer_number: 4
I200514 15:48:54.827109 25 storage/engine/rocksdb.go:120           Options.compression: Snappy
I200514 15:48:54.827113 25 storage/engine/rocksdb.go:120                   Options.bottommost_compression: Disabled
I200514 15:48:54.827116 25 storage/engine/rocksdb.go:120        Options.prefix_extractor: cockroach_prefix_extractor
I200514 15:48:54.827120 25 storage/engine/rocksdb.go:120    Options.memtable_insert_with_hint_prefix_extractor: nullptr
I200514 15:48:54.827123 25 storage/engine/rocksdb.go:120              Options.num_levels: 7
I200514 15:48:54.827126 25 storage/engine/rocksdb.go:120         Options.min_write_buffer_number_to_merge: 1
I200514 15:48:54.827128 25 storage/engine/rocksdb.go:120      Options.max_write_buffer_number_to_maintain: 0
I200514 15:48:54.827131 25 storage/engine/rocksdb.go:120             Options.bottommost_compression_opts.window_bits: -14
I200514 15:48:54.827134 25 storage/engine/rocksdb.go:120                   Options.bottommost_compression_opts.level: 32767
I200514 15:48:54.827137 25 storage/engine/rocksdb.go:120                Options.bottommost_compression_opts.strategy: 0
I200514 15:48:54.827139 25 storage/engine/rocksdb.go:120          Options.bottommost_compression_opts.max_dict_bytes: 0
I200514 15:48:54.827142 25 storage/engine/rocksdb.go:120          Options.bottommost_compression_opts.zstd_max_train_bytes: 0
I200514 15:48:54.827145 25 storage/engine/rocksdb.go:120                   Options.bottommost_compression_opts.enabled: false
I200514 15:48:54.827147 25 storage/engine/rocksdb.go:120             Options.compression_opts.window_bits: -14
I200514 15:48:54.827150 25 storage/engine/rocksdb.go:120                   Options.compression_opts.level: 32767
I200514 15:48:54.827154 25 storage/engine/rocksdb.go:120                Options.compression_opts.strategy: 0
I200514 15:48:54.827157 25 storage/engine/rocksdb.go:120          Options.compression_opts.max_dict_bytes: 0
I200514 15:48:54.827159 25 storage/engine/rocksdb.go:120          Options.compression_opts.zstd_max_train_bytes: 0
I200514 15:48:54.827162 25 storage/engine/rocksdb.go:120                   Options.compression_opts.enabled: false
I200514 15:48:54.827165 25 storage/engine/rocksdb.go:120       Options.level0_file_num_compaction_trigger: 2
I200514 15:48:54.827167 25 storage/engine/rocksdb.go:120           Options.level0_slowdown_writes_trigger: 950
I200514 15:48:54.827170 25 storage/engine/rocksdb.go:120               Options.level0_stop_writes_trigger: 1000
I200514 15:48:54.827173 25 storage/engine/rocksdb.go:120                    Options.target_file_size_base: 4194304
I200514 15:48:54.827175 25 storage/engine/rocksdb.go:120              Options.target_file_size_multiplier: 2
I200514 15:48:54.827178 25 storage/engine/rocksdb.go:120                 Options.max_bytes_for_level_base: 67108864
I200514 15:48:54.827180 25 storage/engine/rocksdb.go:120  Options.level_compaction_dynamic_level_bytes: 1
I200514 15:48:54.827184 25 storage/engine/rocksdb.go:120           Options.max_bytes_for_level_multiplier: 10.000000
I200514 15:48:54.827187 25 storage/engine/rocksdb.go:120  Options.max_bytes_for_level_multiplier_addtl[0]: 1
I200514 15:48:54.827203 25 storage/engine/rocksdb.go:120  Options.max_bytes_for_level_multiplier_addtl[1]: 1
I200514 15:48:54.827209 25 storage/engine/rocksdb.go:120  Options.max_bytes_for_level_multiplier_addtl[2]: 1
I200514 15:48:54.827212 25 storage/engine/rocksdb.go:120  Options.max_bytes_for_level_multiplier_addtl[3]: 1
I200514 15:48:54.827214 25 storage/engine/rocksdb.go:120  Options.max_bytes_for_level_multiplier_addtl[4]: 1
I200514 15:48:54.827217 25 storage/engine/rocksdb.go:120  Options.max_bytes_for_level_multiplier_addtl[5]: 1
I200514 15:48:54.827220 25 storage/engine/rocksdb.go:120  Options.max_bytes_for_level_multiplier_addtl[6]: 1
I200514 15:48:54.827222 25 storage/engine/rocksdb.go:120        Options.max_sequential_skip_in_iterations: 8
I200514 15:48:54.827225 25 storage/engine/rocksdb.go:120                     Options.max_compaction_bytes: 104857600
I200514 15:48:54.827227 25 storage/engine/rocksdb.go:120                         Options.arena_block_size: 8388608
I200514 15:48:54.827230 25 storage/engine/rocksdb.go:120    Options.soft_pending_compaction_bytes_limit: 2199023255552
I200514 15:48:54.827233 25 storage/engine/rocksdb.go:120    Options.hard_pending_compaction_bytes_limit: 4400193994752
I200514 15:48:54.827235 25 storage/engine/rocksdb.go:120        Options.rate_limit_delay_max_milliseconds: 100
I200514 15:48:54.827238 25 storage/engine/rocksdb.go:120                 Options.disable_auto_compactions: 0
I200514 15:48:54.827241 25 storage/engine/rocksdb.go:120                         Options.compaction_style: kCompactionStyleLevel
I200514 15:48:54.827245 25 storage/engine/rocksdb.go:120                           Options.compaction_pri: kMinOverlappingRatio
I200514 15:48:54.827247 25 storage/engine/rocksdb.go:120  Options.compaction_options_universal.size_ratio: 1
I200514 15:48:54.827250 25 storage/engine/rocksdb.go:120  Options.compaction_options_universal.min_merge_width: 2
I200514 15:48:54.827253 25 storage/engine/rocksdb.go:120  Options.compaction_options_universal.max_merge_width: 4294967295
I200514 15:48:54.827255 25 storage/engine/rocksdb.go:120  Options.compaction_options_universal.max_size_amplification_percent: 200
I200514 15:48:54.827258 25 storage/engine/rocksdb.go:120  Options.compaction_options_universal.compression_size_percent: -1
I200514 15:48:54.827261 25 storage/engine/rocksdb.go:120  Options.compaction_options_universal.stop_style: kCompactionStopStyleTotalSize
I200514 15:48:54.827264 25 storage/engine/rocksdb.go:120  Options.compaction_options_fifo.max_table_files_size: 1073741824
I200514 15:48:54.827266 25 storage/engine/rocksdb.go:120  Options.compaction_options_fifo.allow_compaction: 0
I200514 15:48:54.827277 25 storage/engine/rocksdb.go:120                    Options.table_properties_collectors: TimeBoundTblPropCollectorFactory; DeleteRangeTblPropCollectorFactory; 
I200514 15:48:54.827280 25 storage/engine/rocksdb.go:120                    Options.inplace_update_support: 0
I200514 15:48:54.827283 25 storage/engine/rocksdb.go:120                  Options.inplace_update_num_locks: 10000
I200514 15:48:54.827286 25 storage/engine/rocksdb.go:120                Options.memtable_prefix_bloom_size_ratio: 0.000000
I200514 15:48:54.827288 25 storage/engine/rocksdb.go:120                Options.memtable_whole_key_filtering: 0
I200514 15:48:54.827291 25 storage/engine/rocksdb.go:120    Options.memtable_huge_page_size: 0
I200514 15:48:54.827294 25 storage/engine/rocksdb.go:120                            Options.bloom_locality: 0
I200514 15:48:54.827296 25 storage/engine/rocksdb.go:120                     Options.max_successive_merges: 0
I200514 15:48:54.827299 25 storage/engine/rocksdb.go:120                 Options.optimize_filters_for_hits: 1
I200514 15:48:54.827301 25 storage/engine/rocksdb.go:120                 Options.paranoid_file_checks: 0
I200514 15:48:54.827304 25 storage/engine/rocksdb.go:120                 Options.force_consistency_checks: 0
I200514 15:48:54.827307 25 storage/engine/rocksdb.go:120                 Options.report_bg_io_stats: 0
I200514 15:48:54.827309 25 storage/engine/rocksdb.go:120                                Options.ttl: 0
I200514 15:48:54.827312 25 storage/engine/rocksdb.go:120           Options.periodic_compaction_seconds: 0
I200514 15:48:54.831059 25 storage/engine/rocksdb.go:120  [db/version_set.cc:4286] Recovered from manifest file:/var/lib/cockroach/MANIFEST-000423 succeeded,manifest_file_number is 423, next_file_number is 431, last_sequence is 8445904, log_number is 422,prev_log_number is 0,max_column_family is 0,min_log_number_to_keep is 0
I200514 15:48:54.831064 25 storage/engine/rocksdb.go:120  [db/version_set.cc:4295] Column family [default] (ID 0), log number is 422
I200514 15:48:54.832079 25 storage/engine/rocksdb.go:120  EVENT_LOG_v1 {"time_micros": 1589471334832065, "job": 1, "event": "recovery_started", "log_files": [424]}
I200514 15:48:54.832085 25 storage/engine/rocksdb.go:120  [db/db_impl_open.cc:598] Recovering log #424 mode 0
I200514 15:48:54.989073 25 storage/engine/rocksdb.go:120  EVENT_LOG_v1 {"time_micros": 1589471334989034, "cf_name": "default", "job": 1, "event": "table_file_creation", "file_number": 431, "file_size": 137948, "table_properties": {"data_size": 133411, "index_size": 998, "index_partitions": 0, "top_level_index_size": 0, "index_key_is_user_key": 0, "index_value_is_delta_encoded": 0, "filter_size": 2885, "raw_key_size": 82639, "raw_average_key_size": 33, "raw_value_size": 587078, "raw_average_value_size": 239, "num_data_blocks": 18, "num_entries": 2455, "num_deletions": 1048, "num_merge_operands": 664, "num_range_deletions": 664, "format_version": 0, "fixed_key_len": 0, "filter_policy": "rocksdb.BuiltinBloomFilter", "column_family_name": "default", "column_family_id": 0, "comparator": "cockroach_comparator", "merge_operator": "cockroach_merge_operator", "prefix_extractor_name": "cockroach_prefix_extractor", "property_collectors": "[TimeBoundTblPropCollectorFactory,DeleteRangeTblPropCollectorFactory]", "compression": "Snappy", "compression_options": "window_bits=-14; level=32767; strategy=0; max_dict_bytes=0; zstd_max_train_bytes=0; enabled=0; ", "creation_time": 1589471334, "oldest_key_time": 3, "file_creation_time": 0}}
I200514 15:48:54.990349 25 storage/engine/rocksdb.go:120  [db/version_set.cc:3560] Creating manifest 432
I200514 15:48:55.001644 25 storage/engine/rocksdb.go:120  EVENT_LOG_v1 {"time_micros": 1589471335001608, "job": 1, "event": "recovery_finished"}
I200514 15:48:55.028735 25 storage/engine/rocksdb.go:120  DB pointer 0x7fc40949e000
I200514 15:55:01.203804 4650 storage/engine/rocksdb.go:120  bloom filter utility:    -nan%
I200514 15:55:01.204083 4650 storage/engine/rocksdb.go:120  [db/db_impl.cc:392] Shutdown: canceling all background work
I200514 15:55:01.206186 4650 storage/engine/rocksdb.go:120  [db/db_impl.cc:565] Shutdown complete
I200514 15:55:01.218588 4650 storage/engine/rocksdb.go:120  bloom filter utility:    66.4%
I200514 15:55:01.219088 4650 storage/engine/rocksdb.go:120  [db/db_impl.cc:392] Shutdown: canceling all background work
I200514 15:55:01.226828 4650 storage/engine/rocksdb.go:120  [db/db_impl.cc:565] Shutdown complete
