I200512 13:57:38.909026 16 util/log/clog.go:1196  [config] file created at: 2020/05/12 13:57:38
I200512 13:57:38.909026 16 util/log/clog.go:1196  [config] running on machine: d80ff3dce416
I200512 13:57:38.909026 16 util/log/clog.go:1196  [config] binary: CockroachDB CCL v19.2.5 (x86_64-unknown-linux-gnu, built 2020/03/16 18:27:12, go1.12.12)
I200512 13:57:38.909026 16 util/log/clog.go:1196  [config] arguments: [/cockroach/cockroach start --insecure --store=attrs=ssd,path=/var/lib/cockroach/]
I200512 13:57:38.909026 16 util/log/clog.go:1196  line format: [IWEF]yymmdd hh:mm:ss.uuuuuu goid file:line msg utf8=✓
I200512 13:57:38.909025 16 storage/engine/rocksdb.go:120  RocksDB version: 6.2.1
I200512 13:57:38.915516 16 storage/engine/rocksdb.go:120  Git sha rocksdb_build_git_sha:@b7009236531fa784872f4823eabf393501e41bf2@
I200512 13:57:38.928267 16 storage/engine/rocksdb.go:120  Compile date Mar 16 2020
I200512 13:57:38.928271 16 storage/engine/rocksdb.go:120  DB SUMMARY
I200512 13:57:38.928708 16 storage/engine/rocksdb.go:120  SST files in /var/lib/cockroach/cockroach-temp991632342 dir, Total Num: 0, files: 
I200512 13:57:38.928715 16 storage/engine/rocksdb.go:120  Write Ahead Log file in /var/lib/cockroach/cockroach-temp991632342: 
I200512 13:57:38.928719 16 storage/engine/rocksdb.go:120                          Options.error_if_exists: 0
I200512 13:57:38.928722 16 storage/engine/rocksdb.go:120                        Options.create_if_missing: 1
I200512 13:57:38.928725 16 storage/engine/rocksdb.go:120                          Options.paranoid_checks: 1
I200512 13:57:38.928728 16 storage/engine/rocksdb.go:120                                      Options.env: 0x75757a0
I200512 13:57:38.928730 16 storage/engine/rocksdb.go:120                                 Options.info_log: 0x7f47b0e87f60
I200512 13:57:38.928733 16 storage/engine/rocksdb.go:120                 Options.max_file_opening_threads: 16
I200512 13:57:38.928736 16 storage/engine/rocksdb.go:120                               Options.statistics: 0x7f47b0e1d8d0
I200512 13:57:38.928739 16 storage/engine/rocksdb.go:120                                Options.use_fsync: 0
I200512 13:57:38.928741 16 storage/engine/rocksdb.go:120                        Options.max_log_file_size: 0
I200512 13:57:38.928744 16 storage/engine/rocksdb.go:120                   Options.max_manifest_file_size: 134217728
I200512 13:57:38.928746 16 storage/engine/rocksdb.go:120                    Options.log_file_time_to_roll: 0
I200512 13:57:38.928749 16 storage/engine/rocksdb.go:120                        Options.keep_log_file_num: 1000
I200512 13:57:38.928751 16 storage/engine/rocksdb.go:120                     Options.recycle_log_file_num: 1
I200512 13:57:38.928754 16 storage/engine/rocksdb.go:120                          Options.allow_fallocate: 1
I200512 13:57:38.928756 16 storage/engine/rocksdb.go:120                         Options.allow_mmap_reads: 0
I200512 13:57:38.928759 16 storage/engine/rocksdb.go:120                        Options.allow_mmap_writes: 0
I200512 13:57:38.928765 16 storage/engine/rocksdb.go:120                         Options.use_direct_reads: 0
I200512 13:57:38.928767 16 storage/engine/rocksdb.go:120                         Options.use_direct_io_for_flush_and_compaction: 0
I200512 13:57:38.928770 16 storage/engine/rocksdb.go:120           Options.create_missing_column_families: 0
I200512 13:57:38.928772 16 storage/engine/rocksdb.go:120                               Options.db_log_dir: 
I200512 13:57:38.928775 16 storage/engine/rocksdb.go:120                                  Options.wal_dir: /var/lib/cockroach/cockroach-temp991632342
I200512 13:57:38.928778 16 storage/engine/rocksdb.go:120                 Options.table_cache_numshardbits: 6
I200512 13:57:38.928780 16 storage/engine/rocksdb.go:120                       Options.max_subcompactions: 1
I200512 13:57:38.928783 16 storage/engine/rocksdb.go:120                   Options.max_background_flushes: -1
I200512 13:57:38.928785 16 storage/engine/rocksdb.go:120                          Options.WAL_ttl_seconds: 0
I200512 13:57:38.928788 16 storage/engine/rocksdb.go:120                        Options.WAL_size_limit_MB: 0
I200512 13:57:38.928790 16 storage/engine/rocksdb.go:120              Options.manifest_preallocation_size: 4194304
I200512 13:57:38.928793 16 storage/engine/rocksdb.go:120                      Options.is_fd_close_on_exec: 1
I200512 13:57:38.928796 16 storage/engine/rocksdb.go:120                    Options.advise_random_on_open: 1
I200512 13:57:38.928800 16 storage/engine/rocksdb.go:120                     Options.db_write_buffer_size: 0
I200512 13:57:38.928803 16 storage/engine/rocksdb.go:120                     Options.write_buffer_manager: 0x7f47b0e60d70
I200512 13:57:38.928806 16 storage/engine/rocksdb.go:120          Options.access_hint_on_compaction_start: 1
I200512 13:57:38.928809 16 storage/engine/rocksdb.go:120   Options.new_table_reader_for_compaction_inputs: 0
I200512 13:57:38.928811 16 storage/engine/rocksdb.go:120            Options.random_access_max_buffer_size: 1048576
I200512 13:57:38.928814 16 storage/engine/rocksdb.go:120                       Options.use_adaptive_mutex: 0
I200512 13:57:38.928817 16 storage/engine/rocksdb.go:120                             Options.rate_limiter: (nil)
I200512 13:57:38.928820 16 storage/engine/rocksdb.go:120      Options.sst_file_manager.rate_bytes_per_sec: 0
I200512 13:57:38.928822 16 storage/engine/rocksdb.go:120                        Options.wal_recovery_mode: 0
I200512 13:57:38.928825 16 storage/engine/rocksdb.go:120                   Options.enable_thread_tracking: 0
I200512 13:57:38.928829 16 storage/engine/rocksdb.go:120                   Options.enable_pipelined_write: 0
I200512 13:57:38.928831 16 storage/engine/rocksdb.go:120          Options.allow_concurrent_memtable_write: 1
I200512 13:57:38.928834 16 storage/engine/rocksdb.go:120       Options.enable_write_thread_adaptive_yield: 1
I200512 13:57:38.928836 16 storage/engine/rocksdb.go:120              Options.write_thread_max_yield_usec: 100
I200512 13:57:38.928839 16 storage/engine/rocksdb.go:120             Options.write_thread_slow_yield_usec: 3
I200512 13:57:38.928861 16 storage/engine/rocksdb.go:120                                Options.row_cache: None
I200512 13:57:38.928868 16 storage/engine/rocksdb.go:120                               Options.wal_filter: None
I200512 13:57:38.928871 16 storage/engine/rocksdb.go:120              Options.avoid_flush_during_recovery: 0
I200512 13:57:38.928874 16 storage/engine/rocksdb.go:120              Options.allow_ingest_behind: 0
I200512 13:57:38.928876 16 storage/engine/rocksdb.go:120              Options.preserve_deletes: 0
I200512 13:57:38.928879 16 storage/engine/rocksdb.go:120              Options.two_write_queues: 0
I200512 13:57:38.928882 16 storage/engine/rocksdb.go:120              Options.manual_wal_flush: 1
I200512 13:57:38.928884 16 storage/engine/rocksdb.go:120              Options.atomic_flush: 0
I200512 13:57:38.928887 16 storage/engine/rocksdb.go:120              Options.avoid_unnecessary_blocking_io: 0
I200512 13:57:38.928889 16 storage/engine/rocksdb.go:120              Options.max_background_jobs: 2
I200512 13:57:38.928892 16 storage/engine/rocksdb.go:120              Options.max_background_compactions: -1
I200512 13:57:38.928894 16 storage/engine/rocksdb.go:120              Options.avoid_flush_during_shutdown: 0
I200512 13:57:38.928897 16 storage/engine/rocksdb.go:120            Options.writable_file_max_buffer_size: 1048576
I200512 13:57:38.928899 16 storage/engine/rocksdb.go:120              Options.delayed_write_rate : 16777216
I200512 13:57:38.928902 16 storage/engine/rocksdb.go:120              Options.max_total_wal_size: 0
I200512 13:57:38.928904 16 storage/engine/rocksdb.go:120              Options.delete_obsolete_files_period_micros: 21600000000
I200512 13:57:38.928907 16 storage/engine/rocksdb.go:120                    Options.stats_dump_period_sec: 0
I200512 13:57:38.928910 16 storage/engine/rocksdb.go:120                  Options.stats_persist_period_sec: 600
I200512 13:57:38.928915 16 storage/engine/rocksdb.go:120                  Options.stats_history_buffer_size: 1048576
I200512 13:57:38.928917 16 storage/engine/rocksdb.go:120                           Options.max_open_files: 128
I200512 13:57:38.928920 16 storage/engine/rocksdb.go:120                           Options.bytes_per_sync: 524288
I200512 13:57:38.928922 16 storage/engine/rocksdb.go:120                       Options.wal_bytes_per_sync: 0
I200512 13:57:38.928925 16 storage/engine/rocksdb.go:120                    Options.strict_bytes_per_sync: 1
I200512 13:57:38.928928 16 storage/engine/rocksdb.go:120        Options.compaction_readahead_size: 0
I200512 13:57:38.928930 16 storage/engine/rocksdb.go:120  Compression algorithms supported:
I200512 13:57:38.928934 16 storage/engine/rocksdb.go:120  	kZSTDNotFinalCompression supported: 0
I200512 13:57:38.928937 16 storage/engine/rocksdb.go:120  	kZSTD supported: 0
I200512 13:57:38.928940 16 storage/engine/rocksdb.go:120  	kXpressCompression supported: 0
I200512 13:57:38.928942 16 storage/engine/rocksdb.go:120  	kLZ4HCCompression supported: 0
I200512 13:57:38.928945 16 storage/engine/rocksdb.go:120  	kLZ4Compression supported: 0
I200512 13:57:38.928948 16 storage/engine/rocksdb.go:120  	kBZip2Compression supported: 0
I200512 13:57:38.928950 16 storage/engine/rocksdb.go:120  	kZlibCompression supported: 0
I200512 13:57:38.928953 16 storage/engine/rocksdb.go:120  	kSnappyCompression supported: 1
I200512 13:57:38.928959 16 storage/engine/rocksdb.go:120  Fast CRC32 supported: Supported on x86
I200512 13:57:38.930511 16 storage/engine/rocksdb.go:120  [db/db_impl_open.cc:242] Creating manifest 1 
I200512 13:57:38.945916 16 storage/engine/rocksdb.go:120  [db/version_set.cc:4072] Recovering from manifest file: /var/lib/cockroach/cockroach-temp991632342/MANIFEST-000001
I200512 13:57:38.947173 16 storage/engine/rocksdb.go:120  [db/column_family.cc:488] --------------- Options for column family [default]:
I200512 13:57:38.947178 16 storage/engine/rocksdb.go:120                Options.comparator: cockroach_comparator
I200512 13:57:38.947182 16 storage/engine/rocksdb.go:120            Options.merge_operator: cockroach_merge_operator
I200512 13:57:38.947186 16 storage/engine/rocksdb.go:120         Options.compaction_filter: None
I200512 13:57:38.947190 16 storage/engine/rocksdb.go:120         Options.compaction_filter_factory: None
I200512 13:57:38.947202 16 storage/engine/rocksdb.go:120          Options.memtable_factory: SkipListFactory
I200512 13:57:38.947205 16 storage/engine/rocksdb.go:120             Options.table_factory: BlockBasedTable
I200512 13:57:38.947240 16 storage/engine/rocksdb.go:120             table_factory options:   flush_block_policy_factory: FlushBlockBySizePolicyFactory (0x7f47b0e24040)
  cache_index_and_filter_blocks: 0
  cache_index_and_filter_blocks_with_high_priority: 0
  pin_l0_filter_and_index_blocks_in_cache: 0
  pin_top_level_index_and_filter: 1
  index_type: 0
  data_block_index_type: 0
  index_shortening: 1
  data_block_hash_table_util_ratio: 0.750000
  hash_index_allow_collision: 1
  checksum: 1
  no_block_cache: 0
  block_cache: 0x7f47b0e7a190
  block_cache_name: LRUCache
  block_cache_options:
    capacity : 1048576
    num_shard_bits : 4
    strict_capacity_limit : 0
    memory_allocator : None
    high_pri_pool_ratio: 0.000
  block_cache_compressed: (nil)
  persistent_cache: (nil)
  block_size: 32768
  block_size_deviation: 10
  block_restart_interval: 16
  index_block_restart_interval: 1
  metadata_block_size: 4096
  partition_filters: 0
  use_delta_encoding: 1
  filter_policy: rocksdb.BuiltinBloomFilter
  whole_key_filtering: 0
  verify_compression: 0
  read_amp_bytes_per_bit: 0
  format_version: 2
  enable_index_compression: 1
  block_align: 0
I200512 13:57:38.947245 16 storage/engine/rocksdb.go:120         Options.write_buffer_size: 67108864
I200512 13:57:38.947249 16 storage/engine/rocksdb.go:120   Options.max_write_buffer_number: 4
I200512 13:57:38.947252 16 storage/engine/rocksdb.go:120           Options.compression: Snappy
I200512 13:57:38.947254 16 storage/engine/rocksdb.go:120                   Options.bottommost_compression: Disabled
I200512 13:57:38.947257 16 storage/engine/rocksdb.go:120        Options.prefix_extractor: cockroach_prefix_extractor
I200512 13:57:38.947260 16 storage/engine/rocksdb.go:120    Options.memtable_insert_with_hint_prefix_extractor: nullptr
I200512 13:57:38.947263 16 storage/engine/rocksdb.go:120              Options.num_levels: 7
I200512 13:57:38.947265 16 storage/engine/rocksdb.go:120         Options.min_write_buffer_number_to_merge: 1
I200512 13:57:38.947268 16 storage/engine/rocksdb.go:120      Options.max_write_buffer_number_to_maintain: 0
I200512 13:57:38.947270 16 storage/engine/rocksdb.go:120             Options.bottommost_compression_opts.window_bits: -14
I200512 13:57:38.947274 16 storage/engine/rocksdb.go:120                   Options.bottommost_compression_opts.level: 32767
I200512 13:57:38.947277 16 storage/engine/rocksdb.go:120                Options.bottommost_compression_opts.strategy: 0
I200512 13:57:38.947279 16 storage/engine/rocksdb.go:120          Options.bottommost_compression_opts.max_dict_bytes: 0
I200512 13:57:38.947282 16 storage/engine/rocksdb.go:120          Options.bottommost_compression_opts.zstd_max_train_bytes: 0
I200512 13:57:38.947285 16 storage/engine/rocksdb.go:120                   Options.bottommost_compression_opts.enabled: false
I200512 13:57:38.947287 16 storage/engine/rocksdb.go:120             Options.compression_opts.window_bits: -14
I200512 13:57:38.947290 16 storage/engine/rocksdb.go:120                   Options.compression_opts.level: 32767
I200512 13:57:38.947292 16 storage/engine/rocksdb.go:120                Options.compression_opts.strategy: 0
I200512 13:57:38.947295 16 storage/engine/rocksdb.go:120          Options.compression_opts.max_dict_bytes: 0
I200512 13:57:38.947297 16 storage/engine/rocksdb.go:120          Options.compression_opts.zstd_max_train_bytes: 0
I200512 13:57:38.947304 16 storage/engine/rocksdb.go:120                   Options.compression_opts.enabled: false
I200512 13:57:38.947307 16 storage/engine/rocksdb.go:120       Options.level0_file_num_compaction_trigger: 2
I200512 13:57:38.947309 16 storage/engine/rocksdb.go:120           Options.level0_slowdown_writes_trigger: 950
I200512 13:57:38.947312 16 storage/engine/rocksdb.go:120               Options.level0_stop_writes_trigger: 1000
I200512 13:57:38.947314 16 storage/engine/rocksdb.go:120                    Options.target_file_size_base: 4194304
I200512 13:57:38.947317 16 storage/engine/rocksdb.go:120              Options.target_file_size_multiplier: 2
I200512 13:57:38.947320 16 storage/engine/rocksdb.go:120                 Options.max_bytes_for_level_base: 67108864
I200512 13:57:38.947322 16 storage/engine/rocksdb.go:120  Options.level_compaction_dynamic_level_bytes: 1
I200512 13:57:38.947325 16 storage/engine/rocksdb.go:120           Options.max_bytes_for_level_multiplier: 10.000000
I200512 13:57:38.947328 16 storage/engine/rocksdb.go:120  Options.max_bytes_for_level_multiplier_addtl[0]: 1
I200512 13:57:38.947331 16 storage/engine/rocksdb.go:120  Options.max_bytes_for_level_multiplier_addtl[1]: 1
I200512 13:57:38.947334 16 storage/engine/rocksdb.go:120  Options.max_bytes_for_level_multiplier_addtl[2]: 1
I200512 13:57:38.947336 16 storage/engine/rocksdb.go:120  Options.max_bytes_for_level_multiplier_addtl[3]: 1
I200512 13:57:38.947339 16 storage/engine/rocksdb.go:120  Options.max_bytes_for_level_multiplier_addtl[4]: 1
I200512 13:57:38.947342 16 storage/engine/rocksdb.go:120  Options.max_bytes_for_level_multiplier_addtl[5]: 1
I200512 13:57:38.947344 16 storage/engine/rocksdb.go:120  Options.max_bytes_for_level_multiplier_addtl[6]: 1
I200512 13:57:38.947347 16 storage/engine/rocksdb.go:120        Options.max_sequential_skip_in_iterations: 8
I200512 13:57:38.947349 16 storage/engine/rocksdb.go:120                     Options.max_compaction_bytes: 104857600
I200512 13:57:38.947353 16 storage/engine/rocksdb.go:120                         Options.arena_block_size: 8388608
I200512 13:57:38.947356 16 storage/engine/rocksdb.go:120    Options.soft_pending_compaction_bytes_limit: 2199023255552
I200512 13:57:38.947359 16 storage/engine/rocksdb.go:120    Options.hard_pending_compaction_bytes_limit: 4400193994752
I200512 13:57:38.947361 16 storage/engine/rocksdb.go:120        Options.rate_limit_delay_max_milliseconds: 100
I200512 13:57:38.947364 16 storage/engine/rocksdb.go:120                 Options.disable_auto_compactions: 0
I200512 13:57:38.947368 16 storage/engine/rocksdb.go:120                         Options.compaction_style: kCompactionStyleLevel
I200512 13:57:38.947371 16 storage/engine/rocksdb.go:120                           Options.compaction_pri: kMinOverlappingRatio
I200512 13:57:38.947374 16 storage/engine/rocksdb.go:120  Options.compaction_options_universal.size_ratio: 1
I200512 13:57:38.947377 16 storage/engine/rocksdb.go:120  Options.compaction_options_universal.min_merge_width: 2
I200512 13:57:38.947380 16 storage/engine/rocksdb.go:120  Options.compaction_options_universal.max_merge_width: 4294967295
I200512 13:57:38.947382 16 storage/engine/rocksdb.go:120  Options.compaction_options_universal.max_size_amplification_percent: 200
I200512 13:57:38.947385 16 storage/engine/rocksdb.go:120  Options.compaction_options_universal.compression_size_percent: -1
I200512 13:57:38.947388 16 storage/engine/rocksdb.go:120  Options.compaction_options_universal.stop_style: kCompactionStopStyleTotalSize
I200512 13:57:38.947390 16 storage/engine/rocksdb.go:120  Options.compaction_options_fifo.max_table_files_size: 1073741824
I200512 13:57:38.947393 16 storage/engine/rocksdb.go:120  Options.compaction_options_fifo.allow_compaction: 0
I200512 13:57:38.947397 16 storage/engine/rocksdb.go:120                    Options.table_properties_collectors: TimeBoundTblPropCollectorFactory; DeleteRangeTblPropCollectorFactory; 
I200512 13:57:38.947399 16 storage/engine/rocksdb.go:120                    Options.inplace_update_support: 0
I200512 13:57:38.947402 16 storage/engine/rocksdb.go:120                  Options.inplace_update_num_locks: 10000
I200512 13:57:38.947405 16 storage/engine/rocksdb.go:120                Options.memtable_prefix_bloom_size_ratio: 0.000000
I200512 13:57:38.947407 16 storage/engine/rocksdb.go:120                Options.memtable_whole_key_filtering: 0
I200512 13:57:38.947409 16 storage/engine/rocksdb.go:120    Options.memtable_huge_page_size: 0
I200512 13:57:38.947412 16 storage/engine/rocksdb.go:120                            Options.bloom_locality: 0
I200512 13:57:38.947414 16 storage/engine/rocksdb.go:120                     Options.max_successive_merges: 0
I200512 13:57:38.947417 16 storage/engine/rocksdb.go:120                 Options.optimize_filters_for_hits: 1
I200512 13:57:38.947419 16 storage/engine/rocksdb.go:120                 Options.paranoid_file_checks: 0
I200512 13:57:38.947422 16 storage/engine/rocksdb.go:120                 Options.force_consistency_checks: 0
I200512 13:57:38.947424 16 storage/engine/rocksdb.go:120                 Options.report_bg_io_stats: 0
I200512 13:57:38.947427 16 storage/engine/rocksdb.go:120                                Options.ttl: 0
I200512 13:57:38.947430 16 storage/engine/rocksdb.go:120           Options.periodic_compaction_seconds: 0
I200512 13:57:38.948294 16 storage/engine/rocksdb.go:120  [db/version_set.cc:4286] Recovered from manifest file:/var/lib/cockroach/cockroach-temp991632342/MANIFEST-000001 succeeded,manifest_file_number is 1, next_file_number is 3, last_sequence is 0, log_number is 0,prev_log_number is 0,max_column_family is 0,min_log_number_to_keep is 0
I200512 13:57:38.948298 16 storage/engine/rocksdb.go:120  [db/version_set.cc:4295] Column family [default] (ID 0), log number is 0
I200512 13:57:38.966290 16 storage/engine/rocksdb.go:120  DB pointer 0x7f47b0f5f000
I200512 13:57:38.986093 16 storage/engine/rocksdb.go:120  RocksDB version: 6.2.1
I200512 13:57:38.986102 16 storage/engine/rocksdb.go:120  Git sha rocksdb_build_git_sha:@b7009236531fa784872f4823eabf393501e41bf2@
I200512 13:57:38.986105 16 storage/engine/rocksdb.go:120  Compile date Mar 16 2020
I200512 13:57:38.986108 16 storage/engine/rocksdb.go:120  DB SUMMARY
I200512 13:57:38.987199 16 storage/engine/rocksdb.go:120  CURRENT file:  CURRENT
I200512 13:57:38.987207 16 storage/engine/rocksdb.go:120  IDENTITY file:  IDENTITY
I200512 13:57:38.987517 16 storage/engine/rocksdb.go:120  MANIFEST file:  MANIFEST-000141 size: 347 Bytes
I200512 13:57:38.987523 16 storage/engine/rocksdb.go:120  SST files in /var/lib/cockroach dir, Total Num: 3, files: 000137.sst 000138.sst 000140.sst 
I200512 13:57:38.987550 16 storage/engine/rocksdb.go:120  Write Ahead Log file in /var/lib/cockroach: 000142.log size: 224709 ; 
I200512 13:57:38.987557 16 storage/engine/rocksdb.go:120                          Options.error_if_exists: 0
I200512 13:57:38.987563 16 storage/engine/rocksdb.go:120                        Options.create_if_missing: 1
I200512 13:57:38.987566 16 storage/engine/rocksdb.go:120                          Options.paranoid_checks: 1
I200512 13:57:38.987569 16 storage/engine/rocksdb.go:120                                      Options.env: 0x75757a0
I200512 13:57:38.987572 16 storage/engine/rocksdb.go:120                                 Options.info_log: 0x7f47b0e87980
I200512 13:57:38.987574 16 storage/engine/rocksdb.go:120                 Options.max_file_opening_threads: 16
I200512 13:57:38.987577 16 storage/engine/rocksdb.go:120                               Options.statistics: 0x7f47b0e1d940
I200512 13:57:38.987579 16 storage/engine/rocksdb.go:120                                Options.use_fsync: 0
I200512 13:57:38.987582 16 storage/engine/rocksdb.go:120                        Options.max_log_file_size: 0
I200512 13:57:38.987585 16 storage/engine/rocksdb.go:120                   Options.max_manifest_file_size: 134217728
I200512 13:57:38.987587 16 storage/engine/rocksdb.go:120                    Options.log_file_time_to_roll: 0
I200512 13:57:38.987590 16 storage/engine/rocksdb.go:120                        Options.keep_log_file_num: 1000
I200512 13:57:38.987593 16 storage/engine/rocksdb.go:120                     Options.recycle_log_file_num: 1
I200512 13:57:38.987595 16 storage/engine/rocksdb.go:120                          Options.allow_fallocate: 1
I200512 13:57:38.987598 16 storage/engine/rocksdb.go:120                         Options.allow_mmap_reads: 0
I200512 13:57:38.987600 16 storage/engine/rocksdb.go:120                        Options.allow_mmap_writes: 0
I200512 13:57:38.987603 16 storage/engine/rocksdb.go:120                         Options.use_direct_reads: 0
I200512 13:57:38.987606 16 storage/engine/rocksdb.go:120                         Options.use_direct_io_for_flush_and_compaction: 0
I200512 13:57:38.987608 16 storage/engine/rocksdb.go:120           Options.create_missing_column_families: 0
I200512 13:57:38.987611 16 storage/engine/rocksdb.go:120                               Options.db_log_dir: 
I200512 13:57:38.987613 16 storage/engine/rocksdb.go:120                                  Options.wal_dir: /var/lib/cockroach
I200512 13:57:38.987616 16 storage/engine/rocksdb.go:120                 Options.table_cache_numshardbits: 6
I200512 13:57:38.987618 16 storage/engine/rocksdb.go:120                       Options.max_subcompactions: 1
I200512 13:57:38.987621 16 storage/engine/rocksdb.go:120                   Options.max_background_flushes: -1
I200512 13:57:38.987623 16 storage/engine/rocksdb.go:120                          Options.WAL_ttl_seconds: 0
I200512 13:57:38.987626 16 storage/engine/rocksdb.go:120                        Options.WAL_size_limit_MB: 0
I200512 13:57:38.987628 16 storage/engine/rocksdb.go:120              Options.manifest_preallocation_size: 4194304
I200512 13:57:38.987631 16 storage/engine/rocksdb.go:120                      Options.is_fd_close_on_exec: 1
I200512 13:57:38.987633 16 storage/engine/rocksdb.go:120                    Options.advise_random_on_open: 1
I200512 13:57:38.987636 16 storage/engine/rocksdb.go:120                     Options.db_write_buffer_size: 0
I200512 13:57:38.987638 16 storage/engine/rocksdb.go:120                     Options.write_buffer_manager: 0x7f47b0e60d10
I200512 13:57:38.987641 16 storage/engine/rocksdb.go:120          Options.access_hint_on_compaction_start: 1
I200512 13:57:38.987661 16 storage/engine/rocksdb.go:120   Options.new_table_reader_for_compaction_inputs: 0
I200512 13:57:38.987669 16 storage/engine/rocksdb.go:120            Options.random_access_max_buffer_size: 1048576
I200512 13:57:38.987672 16 storage/engine/rocksdb.go:120                       Options.use_adaptive_mutex: 0
I200512 13:57:38.987675 16 storage/engine/rocksdb.go:120                             Options.rate_limiter: (nil)
I200512 13:57:38.987678 16 storage/engine/rocksdb.go:120      Options.sst_file_manager.rate_bytes_per_sec: 0
I200512 13:57:38.987680 16 storage/engine/rocksdb.go:120                        Options.wal_recovery_mode: 0
I200512 13:57:38.987687 16 storage/engine/rocksdb.go:120                   Options.enable_thread_tracking: 0
I200512 13:57:38.987689 16 storage/engine/rocksdb.go:120                   Options.enable_pipelined_write: 0
I200512 13:57:38.987692 16 storage/engine/rocksdb.go:120          Options.allow_concurrent_memtable_write: 1
I200512 13:57:38.987694 16 storage/engine/rocksdb.go:120       Options.enable_write_thread_adaptive_yield: 1
I200512 13:57:38.987697 16 storage/engine/rocksdb.go:120              Options.write_thread_max_yield_usec: 100
I200512 13:57:38.987700 16 storage/engine/rocksdb.go:120             Options.write_thread_slow_yield_usec: 3
I200512 13:57:38.987703 16 storage/engine/rocksdb.go:120                                Options.row_cache: None
I200512 13:57:38.987706 16 storage/engine/rocksdb.go:120                               Options.wal_filter: None
I200512 13:57:38.987708 16 storage/engine/rocksdb.go:120              Options.avoid_flush_during_recovery: 0
I200512 13:57:38.987711 16 storage/engine/rocksdb.go:120              Options.allow_ingest_behind: 0
I200512 13:57:38.987714 16 storage/engine/rocksdb.go:120              Options.preserve_deletes: 0
I200512 13:57:38.987716 16 storage/engine/rocksdb.go:120              Options.two_write_queues: 0
I200512 13:57:38.987719 16 storage/engine/rocksdb.go:120              Options.manual_wal_flush: 1
I200512 13:57:38.987722 16 storage/engine/rocksdb.go:120              Options.atomic_flush: 0
I200512 13:57:38.987724 16 storage/engine/rocksdb.go:120              Options.avoid_unnecessary_blocking_io: 0
I200512 13:57:38.987727 16 storage/engine/rocksdb.go:120              Options.max_background_jobs: 2
I200512 13:57:38.987729 16 storage/engine/rocksdb.go:120              Options.max_background_compactions: -1
I200512 13:57:38.987732 16 storage/engine/rocksdb.go:120              Options.avoid_flush_during_shutdown: 0
I200512 13:57:38.987735 16 storage/engine/rocksdb.go:120            Options.writable_file_max_buffer_size: 1048576
I200512 13:57:38.987737 16 storage/engine/rocksdb.go:120              Options.delayed_write_rate : 16777216
I200512 13:57:38.987740 16 storage/engine/rocksdb.go:120              Options.max_total_wal_size: 0
I200512 13:57:38.987743 16 storage/engine/rocksdb.go:120              Options.delete_obsolete_files_period_micros: 21600000000
I200512 13:57:38.987746 16 storage/engine/rocksdb.go:120                    Options.stats_dump_period_sec: 0
I200512 13:57:38.987748 16 storage/engine/rocksdb.go:120                  Options.stats_persist_period_sec: 600
I200512 13:57:38.987751 16 storage/engine/rocksdb.go:120                  Options.stats_history_buffer_size: 1048576
I200512 13:57:38.987753 16 storage/engine/rocksdb.go:120                           Options.max_open_files: 1043576
I200512 13:57:38.987756 16 storage/engine/rocksdb.go:120                           Options.bytes_per_sync: 524288
I200512 13:57:38.987758 16 storage/engine/rocksdb.go:120                       Options.wal_bytes_per_sync: 0
I200512 13:57:38.987761 16 storage/engine/rocksdb.go:120                    Options.strict_bytes_per_sync: 1
I200512 13:57:38.987763 16 storage/engine/rocksdb.go:120        Options.compaction_readahead_size: 0
I200512 13:57:38.987766 16 storage/engine/rocksdb.go:120  Compression algorithms supported:
I200512 13:57:38.987769 16 storage/engine/rocksdb.go:120  	kZSTDNotFinalCompression supported: 0
I200512 13:57:38.987772 16 storage/engine/rocksdb.go:120  	kZSTD supported: 0
I200512 13:57:38.987775 16 storage/engine/rocksdb.go:120  	kXpressCompression supported: 0
I200512 13:57:38.987777 16 storage/engine/rocksdb.go:120  	kLZ4HCCompression supported: 0
I200512 13:57:38.987780 16 storage/engine/rocksdb.go:120  	kLZ4Compression supported: 0
I200512 13:57:38.987783 16 storage/engine/rocksdb.go:120  	kBZip2Compression supported: 0
I200512 13:57:38.987785 16 storage/engine/rocksdb.go:120  	kZlibCompression supported: 0
I200512 13:57:38.987788 16 storage/engine/rocksdb.go:120  	kSnappyCompression supported: 1
I200512 13:57:38.987795 16 storage/engine/rocksdb.go:120  Fast CRC32 supported: Supported on x86
I200512 13:57:38.990014 16 storage/engine/rocksdb.go:120  [db/version_set.cc:4072] Recovering from manifest file: /var/lib/cockroach/MANIFEST-000141
I200512 13:57:38.990401 16 storage/engine/rocksdb.go:120  [db/column_family.cc:488] --------------- Options for column family [default]:
I200512 13:57:38.990407 16 storage/engine/rocksdb.go:120                Options.comparator: cockroach_comparator
I200512 13:57:38.990411 16 storage/engine/rocksdb.go:120            Options.merge_operator: cockroach_merge_operator
I200512 13:57:38.990413 16 storage/engine/rocksdb.go:120         Options.compaction_filter: None
I200512 13:57:38.990416 16 storage/engine/rocksdb.go:120         Options.compaction_filter_factory: None
I200512 13:57:38.990419 16 storage/engine/rocksdb.go:120          Options.memtable_factory: SkipListFactory
I200512 13:57:38.990421 16 storage/engine/rocksdb.go:120             Options.table_factory: BlockBasedTable
I200512 13:57:38.990515 16 storage/engine/rocksdb.go:120             table_factory options:   flush_block_policy_factory: FlushBlockBySizePolicyFactory (0x7f47b0e240a0)
  cache_index_and_filter_blocks: 0
  cache_index_and_filter_blocks_with_high_priority: 0
  pin_l0_filter_and_index_blocks_in_cache: 0
  pin_top_level_index_and_filter: 1
  index_type: 0
  data_block_index_type: 0
  index_shortening: 1
  data_block_hash_table_util_ratio: 0.750000
  hash_index_allow_collision: 1
  checksum: 1
  no_block_cache: 0
  block_cache: 0x7f47b0f8d390
  block_cache_name: LRUCache
  block_cache_options:
    capacity : 67108864
    num_shard_bits : 4
    strict_capacity_limit : 0
    memory_allocator : None
    high_pri_pool_ratio: 0.000
  block_cache_compressed: (nil)
  persistent_cache: (nil)
  block_size: 32768
  block_size_deviation: 10
  block_restart_interval: 16
  index_block_restart_interval: 1
  metadata_block_size: 4096
  partition_filters: 0
  use_delta_encoding: 1
  filter_policy: rocksdb.BuiltinBloomFilter
  whole_key_filtering: 0
  verify_compression: 0
  read_amp_bytes_per_bit: 0
  format_version: 2
  enable_index_compression: 1
  block_align: 0
I200512 13:57:38.990523 16 storage/engine/rocksdb.go:120         Options.write_buffer_size: 67108864
I200512 13:57:38.990527 16 storage/engine/rocksdb.go:120   Options.max_write_buffer_number: 4
I200512 13:57:38.990531 16 storage/engine/rocksdb.go:120           Options.compression: Snappy
I200512 13:57:38.990533 16 storage/engine/rocksdb.go:120                   Options.bottommost_compression: Disabled
I200512 13:57:38.990536 16 storage/engine/rocksdb.go:120        Options.prefix_extractor: cockroach_prefix_extractor
I200512 13:57:38.990538 16 storage/engine/rocksdb.go:120    Options.memtable_insert_with_hint_prefix_extractor: nullptr
I200512 13:57:38.990541 16 storage/engine/rocksdb.go:120              Options.num_levels: 7
I200512 13:57:38.990544 16 storage/engine/rocksdb.go:120         Options.min_write_buffer_number_to_merge: 1
I200512 13:57:38.990546 16 storage/engine/rocksdb.go:120      Options.max_write_buffer_number_to_maintain: 0
I200512 13:57:38.990549 16 storage/engine/rocksdb.go:120             Options.bottommost_compression_opts.window_bits: -14
I200512 13:57:38.990552 16 storage/engine/rocksdb.go:120                   Options.bottommost_compression_opts.level: 32767
I200512 13:57:38.990555 16 storage/engine/rocksdb.go:120                Options.bottommost_compression_opts.strategy: 0
I200512 13:57:38.990557 16 storage/engine/rocksdb.go:120          Options.bottommost_compression_opts.max_dict_bytes: 0
I200512 13:57:38.990560 16 storage/engine/rocksdb.go:120          Options.bottommost_compression_opts.zstd_max_train_bytes: 0
I200512 13:57:38.990562 16 storage/engine/rocksdb.go:120                   Options.bottommost_compression_opts.enabled: false
I200512 13:57:38.990565 16 storage/engine/rocksdb.go:120             Options.compression_opts.window_bits: -14
I200512 13:57:38.990571 16 storage/engine/rocksdb.go:120                   Options.compression_opts.level: 32767
I200512 13:57:38.990577 16 storage/engine/rocksdb.go:120                Options.compression_opts.strategy: 0
I200512 13:57:38.990580 16 storage/engine/rocksdb.go:120          Options.compression_opts.max_dict_bytes: 0
I200512 13:57:38.990582 16 storage/engine/rocksdb.go:120          Options.compression_opts.zstd_max_train_bytes: 0
I200512 13:57:38.990585 16 storage/engine/rocksdb.go:120                   Options.compression_opts.enabled: false
I200512 13:57:38.990588 16 storage/engine/rocksdb.go:120       Options.level0_file_num_compaction_trigger: 2
I200512 13:57:38.990590 16 storage/engine/rocksdb.go:120           Options.level0_slowdown_writes_trigger: 950
I200512 13:57:38.990593 16 storage/engine/rocksdb.go:120               Options.level0_stop_writes_trigger: 1000
I200512 13:57:38.990595 16 storage/engine/rocksdb.go:120                    Options.target_file_size_base: 4194304
I200512 13:57:38.990598 16 storage/engine/rocksdb.go:120              Options.target_file_size_multiplier: 2
I200512 13:57:38.990601 16 storage/engine/rocksdb.go:120                 Options.max_bytes_for_level_base: 67108864
I200512 13:57:38.990603 16 storage/engine/rocksdb.go:120  Options.level_compaction_dynamic_level_bytes: 1
I200512 13:57:38.990607 16 storage/engine/rocksdb.go:120           Options.max_bytes_for_level_multiplier: 10.000000
I200512 13:57:38.990609 16 storage/engine/rocksdb.go:120  Options.max_bytes_for_level_multiplier_addtl[0]: 1
I200512 13:57:38.990612 16 storage/engine/rocksdb.go:120  Options.max_bytes_for_level_multiplier_addtl[1]: 1
I200512 13:57:38.990615 16 storage/engine/rocksdb.go:120  Options.max_bytes_for_level_multiplier_addtl[2]: 1
I200512 13:57:38.990617 16 storage/engine/rocksdb.go:120  Options.max_bytes_for_level_multiplier_addtl[3]: 1
I200512 13:57:38.990620 16 storage/engine/rocksdb.go:120  Options.max_bytes_for_level_multiplier_addtl[4]: 1
I200512 13:57:38.990622 16 storage/engine/rocksdb.go:120  Options.max_bytes_for_level_multiplier_addtl[5]: 1
I200512 13:57:38.990625 16 storage/engine/rocksdb.go:120  Options.max_bytes_for_level_multiplier_addtl[6]: 1
I200512 13:57:38.990627 16 storage/engine/rocksdb.go:120        Options.max_sequential_skip_in_iterations: 8
I200512 13:57:38.990630 16 storage/engine/rocksdb.go:120                     Options.max_compaction_bytes: 104857600
I200512 13:57:38.990632 16 storage/engine/rocksdb.go:120                         Options.arena_block_size: 8388608
I200512 13:57:38.990635 16 storage/engine/rocksdb.go:120    Options.soft_pending_compaction_bytes_limit: 2199023255552
I200512 13:57:38.990637 16 storage/engine/rocksdb.go:120    Options.hard_pending_compaction_bytes_limit: 4400193994752
I200512 13:57:38.990640 16 storage/engine/rocksdb.go:120        Options.rate_limit_delay_max_milliseconds: 100
I200512 13:57:38.990643 16 storage/engine/rocksdb.go:120                 Options.disable_auto_compactions: 0
I200512 13:57:38.990646 16 storage/engine/rocksdb.go:120                         Options.compaction_style: kCompactionStyleLevel
I200512 13:57:38.990649 16 storage/engine/rocksdb.go:120                           Options.compaction_pri: kMinOverlappingRatio
I200512 13:57:38.990652 16 storage/engine/rocksdb.go:120  Options.compaction_options_universal.size_ratio: 1
I200512 13:57:38.990654 16 storage/engine/rocksdb.go:120  Options.compaction_options_universal.min_merge_width: 2
I200512 13:57:38.990657 16 storage/engine/rocksdb.go:120  Options.compaction_options_universal.max_merge_width: 4294967295
I200512 13:57:38.990659 16 storage/engine/rocksdb.go:120  Options.compaction_options_universal.max_size_amplification_percent: 200
I200512 13:57:38.990662 16 storage/engine/rocksdb.go:120  Options.compaction_options_universal.compression_size_percent: -1
I200512 13:57:38.990665 16 storage/engine/rocksdb.go:120  Options.compaction_options_universal.stop_style: kCompactionStopStyleTotalSize
I200512 13:57:38.990667 16 storage/engine/rocksdb.go:120  Options.compaction_options_fifo.max_table_files_size: 1073741824
I200512 13:57:38.990670 16 storage/engine/rocksdb.go:120  Options.compaction_options_fifo.allow_compaction: 0
I200512 13:57:38.990675 16 storage/engine/rocksdb.go:120                    Options.table_properties_collectors: TimeBoundTblPropCollectorFactory; DeleteRangeTblPropCollectorFactory; 
I200512 13:57:38.990678 16 storage/engine/rocksdb.go:120                    Options.inplace_update_support: 0
I200512 13:57:38.990680 16 storage/engine/rocksdb.go:120                  Options.inplace_update_num_locks: 10000
I200512 13:57:38.990684 16 storage/engine/rocksdb.go:120                Options.memtable_prefix_bloom_size_ratio: 0.000000
I200512 13:57:38.990686 16 storage/engine/rocksdb.go:120                Options.memtable_whole_key_filtering: 0
I200512 13:57:38.990689 16 storage/engine/rocksdb.go:120    Options.memtable_huge_page_size: 0
I200512 13:57:38.990691 16 storage/engine/rocksdb.go:120                            Options.bloom_locality: 0
I200512 13:57:38.990694 16 storage/engine/rocksdb.go:120                     Options.max_successive_merges: 0
I200512 13:57:38.990697 16 storage/engine/rocksdb.go:120                 Options.optimize_filters_for_hits: 1
I200512 13:57:38.990700 16 storage/engine/rocksdb.go:120                 Options.paranoid_file_checks: 0
I200512 13:57:38.990703 16 storage/engine/rocksdb.go:120                 Options.force_consistency_checks: 0
I200512 13:57:38.990705 16 storage/engine/rocksdb.go:120                 Options.report_bg_io_stats: 0
I200512 13:57:38.990708 16 storage/engine/rocksdb.go:120                                Options.ttl: 0
I200512 13:57:38.990710 16 storage/engine/rocksdb.go:120           Options.periodic_compaction_seconds: 0
I200512 13:57:38.997043 16 storage/engine/rocksdb.go:120  [db/version_set.cc:3086] More existing levels in DB than needed. max_bytes_for_level_multiplier may not be guaranteed.
I200512 13:57:38.997059 16 storage/engine/rocksdb.go:120  [db/version_set.cc:4286] Recovered from manifest file:/var/lib/cockroach/MANIFEST-000141 succeeded,manifest_file_number is 141, next_file_number is 143, last_sequence is 4412605, log_number is 135,prev_log_number is 0,max_column_family is 0,min_log_number_to_keep is 0
I200512 13:57:38.997063 16 storage/engine/rocksdb.go:120  [db/version_set.cc:4295] Column family [default] (ID 0), log number is 135
I200512 13:57:38.998279 16 storage/engine/rocksdb.go:120  EVENT_LOG_v1 {"time_micros": 1589291858998264, "job": 1, "event": "recovery_started", "log_files": [142]}
I200512 13:57:38.998285 16 storage/engine/rocksdb.go:120  [db/db_impl_open.cc:598] Recovering log #142 mode 0
I200512 13:57:39.016184 16 storage/engine/rocksdb.go:120  EVENT_LOG_v1 {"time_micros": 1589291859016138, "cf_name": "default", "job": 1, "event": "table_file_creation", "file_number": 143, "file_size": 42784, "table_properties": {"data_size": 40635, "index_size": 230, "index_partitions": 0, "top_level_index_size": 0, "index_key_is_user_key": 0, "index_value_is_delta_encoded": 0, "filter_size": 965, "raw_key_size": 39494, "raw_average_key_size": 53, "raw_value_size": 181205, "raw_average_value_size": 243, "num_data_blocks": 4, "num_entries": 745, "num_deletions": 12, "num_merge_operands": 664, "num_range_deletions": 664, "format_version": 0, "fixed_key_len": 0, "filter_policy": "rocksdb.BuiltinBloomFilter", "column_family_name": "default", "column_family_id": 0, "comparator": "cockroach_comparator", "merge_operator": "cockroach_merge_operator", "prefix_extractor_name": "cockroach_prefix_extractor", "property_collectors": "[TimeBoundTblPropCollectorFactory,DeleteRangeTblPropCollectorFactory]", "compression": "Snappy", "compression_options": "window_bits=-14; level=32767; strategy=0; max_dict_bytes=0; zstd_max_train_bytes=0; enabled=0; ", "creation_time": 1589291858, "oldest_key_time": 3, "file_creation_time": 0}}
I200512 13:57:39.016368 16 storage/engine/rocksdb.go:120  [db/version_set.cc:3560] Creating manifest 144
I200512 13:57:39.020645 16 storage/engine/rocksdb.go:120  [db/version_set.cc:3086] More existing levels in DB than needed. max_bytes_for_level_multiplier may not be guaranteed.
I200512 13:57:39.027823 16 storage/engine/rocksdb.go:120  EVENT_LOG_v1 {"time_micros": 1589291859027793, "job": 1, "event": "recovery_finished"}
I200512 13:57:39.044823 17 storage/engine/rocksdb.go:120  [db/compaction_job.cc:1647] [default] [JOB 3] Compacting 2@0 + 2@6 files to L6, score 1.00
I200512 13:57:39.044835 17 storage/engine/rocksdb.go:120  [db/compaction_job.cc:1651] [default] Compaction start summary: Base version 2 Base level 0, inputs: [143(41KB) 140(36KB)], [137(4131KB) 138(1354KB)]
I200512 13:57:39.044862 17 storage/engine/rocksdb.go:120  EVENT_LOG_v1 {"time_micros": 1589291859044846, "job": 3, "event": "compaction_started", "compaction_reason": "LevelL0FilesNum", "files_L0": [143, 140], "files_L6": [137, 138], "score": 1, "input_data_size": 5697302}
I200512 13:57:39.052878 16 storage/engine/rocksdb.go:120  DB pointer 0x7f47b0fe7000
I200512 13:57:39.125357 17 storage/engine/rocksdb.go:120  [db/compaction_job.cc:1334] [default] [JOB 3] Generated table #148: 12665 keys, 4227204 bytes
I200512 13:57:39.125400 17 storage/engine/rocksdb.go:120  EVENT_LOG_v1 {"time_micros": 1589291859125375, "cf_name": "default", "job": 3, "event": "table_file_creation", "file_number": 148, "file_size": 4227204, "table_properties": {"data_size": 4206710, "index_size": 65631, "index_partitions": 0, "top_level_index_size": 0, "index_key_is_user_key": 0, "index_value_is_delta_encoded": 0, "filter_size": 0, "raw_key_size": 617127, "raw_average_key_size": 48, "raw_value_size": 29928437, "raw_average_value_size": 2363, "num_data_blocks": 965, "num_entries": 12665, "num_deletions": 0, "num_merge_operands": 0, "num_range_deletions": 0, "format_version": 0, "fixed_key_len": 0, "filter_policy": "rocksdb.BuiltinBloomFilter", "column_family_name": "default", "column_family_id": 0, "comparator": "cockroach_comparator", "merge_operator": "cockroach_merge_operator", "prefix_extractor_name": "cockroach_prefix_extractor", "property_collectors": "[TimeBoundTblPropCollectorFactory,DeleteRangeTblPropCollectorFactory]", "compression": "Snappy", "compression_options": "window_bits=-14; level=32767; strategy=0; max_dict_bytes=0; zstd_max_train_bytes=0; enabled=0; ", "creation_time": 1589291858, "oldest_key_time": 0, "file_creation_time": 1589291859}}
I200512 13:57:39.158720 17 storage/engine/rocksdb.go:120  [db/compaction_job.cc:1334] [default] [JOB 3] Generated table #149: 9652 keys, 1409138 bytes
I200512 13:57:39.158776 17 storage/engine/rocksdb.go:120  EVENT_LOG_v1 {"time_micros": 1589291859158747, "cf_name": "default", "job": 3, "event": "table_file_creation", "file_number": 149, "file_size": 1409138, "table_properties": {"data_size": 1402850, "index_size": 16720, "index_partitions": 0, "top_level_index_size": 0, "index_key_is_user_key": 0, "index_value_is_delta_encoded": 0, "filter_size": 0, "raw_key_size": 359696, "raw_average_key_size": 37, "raw_value_size": 7374788, "raw_average_value_size": 764, "num_data_blocks": 243, "num_entries": 9652, "num_deletions": 0, "num_merge_operands": 0, "num_range_deletions": 0, "format_version": 0, "fixed_key_len": 0, "filter_policy": "rocksdb.BuiltinBloomFilter", "column_family_name": "default", "column_family_id": 0, "comparator": "cockroach_comparator", "merge_operator": "cockroach_merge_operator", "prefix_extractor_name": "cockroach_prefix_extractor", "property_collectors": "[TimeBoundTblPropCollectorFactory,DeleteRangeTblPropCollectorFactory]", "compression": "Snappy", "compression_options": "window_bits=-14; level=32767; strategy=0; max_dict_bytes=0; zstd_max_train_bytes=0; enabled=0; ", "creation_time": 1589291858, "oldest_key_time": 0, "file_creation_time": 1589291859}}
I200512 13:57:39.162931 17 storage/engine/rocksdb.go:120  [db/compaction_job.cc:1397] [default] [JOB 3] Compacted 2@0 + 2@6 files to L6 => 5636342 bytes
I200512 13:57:39.162972 17 storage/engine/rocksdb.go:120  [db/version_set.cc:3086] More existing levels in DB than needed. max_bytes_for_level_multiplier may not be guaranteed.
I200512 13:57:39.163499 17 storage/engine/rocksdb.go:120  (Original Log Time 2020/05/12-13:57:39.163335) [db/compaction_job.cc:770] [default] compacted to: base level 6 level multiplier 10.00 max bytes base 67108864 files[0 0 0 0 0 0 2] max score 0.00, MB/sec: 49.5 rd, 49.0 wr, level 6, files in(2, 2) out(2) MB in(0.1, 5.4) out(5.4), read-write-amplify(141.7) write-amplify(70.5) OK, records in: 23754, records dropped: 109 output_compression: Snappy
I200512 13:57:39.163531 17 storage/engine/rocksdb.go:120  (Original Log Time 2020/05/12-13:57:39.163357) EVENT_LOG_v1 {"time_micros": 1589291859163347, "job": 3, "event": "compaction_finished", "compaction_time_micros": 115000, "compaction_time_cpu_micros": 57247, "output_level": 6, "num_output_files": 2, "total_output_size": 5636342, "num_input_records": 22426, "num_output_records": 22317, "num_subcompactions": 1, "output_compression": "Snappy", "num_single_delete_mismatches": 0, "num_single_delete_fallthrough": 0, "lsm_state": [0, 0, 0, 0, 0, 0, 2]}
I200512 13:57:39.164017 17 storage/engine/rocksdb.go:120  EVENT_LOG_v1 {"time_micros": 1589291859164005, "job": 3, "event": "table_file_deletion", "file_number": 143}
I200512 13:57:39.164604 17 storage/engine/rocksdb.go:120  EVENT_LOG_v1 {"time_micros": 1589291859164592, "job": 3, "event": "table_file_deletion", "file_number": 140}
I200512 13:57:39.165515 17 storage/engine/rocksdb.go:120  EVENT_LOG_v1 {"time_micros": 1589291859165448, "job": 3, "event": "table_file_deletion", "file_number": 138}
I200512 13:57:39.166845 17 storage/engine/rocksdb.go:120  EVENT_LOG_v1 {"time_micros": 1589291859166829, "job": 3, "event": "table_file_deletion", "file_number": 137}
