I200512 20:05:55.933168 1 util/log/clog.go:1196  [config] file created at: 2020/05/12 20:05:55
I200512 20:05:55.933168 1 util/log/clog.go:1196  [config] running on machine: fcee61e469d3
I200512 20:05:55.933168 1 util/log/clog.go:1196  [config] binary: CockroachDB CCL v19.2.5 (x86_64-unknown-linux-gnu, built 2020/03/16 18:27:12, go1.12.12)
I200512 20:05:55.933168 1 util/log/clog.go:1196  [config] arguments: [/cockroach/cockroach start --insecure --store=attrs=ssd,path=/var/lib/cockroach/]
I200512 20:05:55.933168 1 util/log/clog.go:1196  line format: [IWEF]yymmdd hh:mm:ss.uuuuuu goid file:line msg utf8=✓
I200512 20:05:55.933167 1 cli/start.go:1144  logging to directory /var/lib/cockroach/logs
W200512 20:05:55.939744 1 cli/start.go:1182  RUNNING IN INSECURE MODE!

- Your cluster is open for any client that can access <all your IP addresses>.
- Any user, even root, can log in without providing a password.
- Any user, connecting as root, can read or write any data in your cluster.
- There is no network encryption nor authentication, and thus no confidentiality.

Check out how to secure your cluster: https://www.cockroachlabs.com/docs/v19.2/secure-a-cluster.html
I200512 20:05:55.940094 1 server/status/recorder.go:597  available memory from cgroups (8.0 EiB) is unsupported, using system memory 1.9 GiB instead: 
W200512 20:05:55.940145 1 cli/start.go:1052  Using the default setting for --cache (128 MiB).
  A significantly larger value is usually needed for good performance.
  If you have a dedicated server a reasonable setting is --cache=.25 (497 MiB).
I200512 20:05:55.940383 1 server/status/recorder.go:597  available memory from cgroups (8.0 EiB) is unsupported, using system memory 1.9 GiB instead: 
W200512 20:05:55.940396 1 cli/start.go:1065  Using the default setting for --max-sql-memory (128 MiB).
  A significantly larger value is usually needed in production.
  If you have a dedicated server a reasonable setting is --max-sql-memory=.25 (497 MiB).
I200512 20:05:55.940601 1 server/status/recorder.go:597  available memory from cgroups (8.0 EiB) is unsupported, using system memory 1.9 GiB instead: 
I200512 20:05:55.940613 1 cli/start.go:1196  CockroachDB CCL v19.2.5 (x86_64-unknown-linux-gnu, built 2020/03/16 18:27:12, go1.12.12)
W200512 20:05:56.271277 1 cli/start.go:511  running 'cockroach start' without --join is deprecated.
Consider using 'cockroach start-single-node' or 'cockroach init' instead.
I200512 20:05:56.298149 1 server/status/recorder.go:597  available memory from cgroups (8.0 EiB) is unsupported, using system memory 1.9 GiB instead: 
I200512 20:05:56.298166 1 server/config.go:394  system total memory: 1.9 GiB
I200512 20:05:56.298192 1 server/config.go:396  server configuration:
max offset             500000000
cache size             128 MiB
SQL memory pool size   128 MiB
scan interval          10m0s
scan min idle time     10ms
scan max idle time     1s
event log enabled      true
I200512 20:05:56.298200 1 cli/start.go:1030  using local environment variables: COCKROACH_CHANNEL=official-docker
I200512 20:05:56.298208 1 cli/start.go:1037  process identity: uid 0 euid 0 gid 0 egid 0
I200512 20:05:56.298288 1 cli/start.go:644  starting cockroach node
I200512 20:05:56.302531 35 storage/engine/rocksdb.go:622  opening rocksdb instance at "/var/lib/cockroach/cockroach-temp985954833"
I200512 20:05:56.482938 35 server/server.go:928  [n?] monitoring forward clock jumps based on server.clock.forward_jump_check_enabled
I200512 20:05:56.484663 35 storage/engine/rocksdb.go:622  opening rocksdb instance at "/var/lib/cockroach"
I200512 20:05:56.595389 35 server/config.go:502  [n?] 1 storage engine initialized
I200512 20:05:56.595396 35 server/config.go:505  [n?] RocksDB cache size: 128 MiB
I200512 20:05:56.595401 35 server/config.go:505  [n?] store 0: RocksDB, max size 0 B, max open file limit 1043576
W200512 20:05:56.624744 35 cli/start.go:996  neither --listen-addr nor --advertise-addr was specified.
The server will advertise "fcee61e469d3" to other nodes, is this routable?

Consider using:
- for local-only servers:  --listen-addr=localhost
- for multi-node clusters: --advertise-addr=<host/IP addr>
I200512 20:05:56.626326 35 server/server.go:978  [n?] Sleeping till wall time 1589313956626301255 to catches up to 1589313956982754553 to ensure monotonicity. Delta: 356.453298ms
I200512 20:05:56.983298 35 gossip/gossip.go:394  [n1] NodeDescriptor set to node_id:1 address:<network_field:"tcp" address_field:"fcee61e469d3:26257" > attrs:<> locality:<> ServerVersion:<major_val:19 minor_val:2 patch:0 unstable:0 > build_tag:"v19.2.5" started_at:1589313956983054561 cluster_name:"" sql_address:<network_field:"tcp" address_field:"fcee61e469d3:26257" > 
W200512 20:05:57.010656 104 storage/replica_range_lease.go:554  can't determine lease status due to node liveness error: node not in the liveness table
github.com/cockroachdb/cockroach/pkg/storage.init.ializers
	/go/src/github.com/cockroachdb/cockroach/pkg/storage/node_liveness.go:44
runtime.main
	/usr/local/go/src/runtime/proc.go:188
runtime.goexit
	/usr/local/go/src/runtime/asm_amd64.s:1337
W200512 20:05:57.010678 104 storage/store.go:1530  [n1,s1,r6/1:/Table/{SystemCon…-11}] could not gossip system config: [NotLeaseHolderError] r6: replica (n1,s1):1 not lease holder; lease holder unknown
I200512 20:05:57.116634 35 server/node.go:431  [n1] initialized store [n1,s1]: disk (capacity=894 GiB, available=592 GiB, used=13 MiB, logicalBytes=54 MiB), ranges=38, leases=3, queries=0.00, writes=0.00, bytesPerReplica={p10=0.00 p25=0.00 p50=0.00 p75=13779.00 p90=107431.00 pMax=37106946.00}, writesPerReplica={p10=0.00 p25=0.00 p50=0.00 p75=0.00 p90=0.00 pMax=0.00}
I200512 20:05:57.116725 35 storage/stores.go:240  [n1] read 0 node addresses from persistent storage
I200512 20:05:57.116796 35 server/node.go:645  [n1] connecting to gossip network to verify cluster ID...
I200512 20:05:57.116811 35 server/node.go:665  [n1] node connected via gossip and verified as part of cluster "3d423bb5-5d67-4ebf-947b-999bec430444"
I200512 20:05:57.116848 35 server/node.go:512  [n1] node=1: started with [ssd=/var/lib/cockroach] engine(s) and attributes []
I200512 20:05:57.117483 35 server/server.go:1514  [n1] starting http server at [::]:8080 (use: fcee61e469d3:8080)
I200512 20:05:57.117492 35 server/server.go:1521  [n1] starting grpc/postgres server at [::]:26257
I200512 20:05:57.117500 35 server/server.go:1522  [n1] advertising CockroachDB node at fcee61e469d3:26257
I200512 20:05:57.129959 35 server/server.go:1590  [n1] done ensuring all necessary migrations have run
I200512 20:05:57.129980 35 server/server.go:1841  [n1] serving sql connections
I200512 20:05:57.130025 35 cli/start.go:803  [config] clusterID: 3d423bb5-5d67-4ebf-947b-999bec430444
I200512 20:05:57.130037 35 cli/start.go:812  node startup completed:
CockroachDB node starting at 2020-05-12 20:05:57.129990664 +0000 UTC (took 1.2s)
build:               CCL v19.2.5 @ 2020/03/16 18:27:12 (go1.12.12)
webui:               http://fcee61e469d3:8080
sql:                 postgresql://root@fcee61e469d3:26257?sslmode=disable
RPC client flags:    /cockroach/cockroach <client cmd> --host=fcee61e469d3:26257 --insecure
logs:                /var/lib/cockroach/logs
temp dir:            /var/lib/cockroach/cockroach-temp985954833
external I/O path:   /var/lib/cockroach/extern
store[0]:            path=/var/lib/cockroach,attrs=ssd
status:              restarted pre-existing node
clusterID:           3d423bb5-5d67-4ebf-947b-999bec430444
nodeID:              1
I200512 20:05:57.144381 255 server/server_update.go:53  [n1] no need to upgrade, cluster already at the newest version
I200512 20:05:57.152352 257 sql/event_log.go:130  [n1] Event: "node_restart", target: 1, info: {Descriptor:{NodeID:1 Address:fcee61e469d3:26257 Attrs: Locality: ServerVersion:19.2 BuildTag:v19.2.5 StartedAt:1589313956983054561 LocalityAddress:[] ClusterName: SQLAddress:fcee61e469d3:26257} ClusterID:3d423bb5-5d67-4ebf-947b-999bec430444 StartedAt:1589313956983054561 LastUp:1589313954712287321}
I200512 20:05:58.614584 74 gossip/gossip.go:1531  [n1] node has connected to cluster via gossip
I200512 20:05:58.614664 74 storage/stores.go:259  [n1] wrote 0 node addresses to persistent storage
I200512 20:05:58.885899 259 server/updates.go:267  [n1] A new version is available: 20.1.0, details: https://www.cockroachlabs.com/docs/releases/v20.1.0.html
I200512 20:06:07.119485 133 server/status/runtime.go:498  [n1] runtime stats: 120 MiB RSS, 117 goroutines, 104 MiB/20 MiB/135 MiB GO alloc/idle/total, 14 MiB/17 MiB CGO alloc/total, 0.0 CGO/sec, 0.0/0.0 %(u/s)time, 0.0 %gc (9x), 31 KiB/42 KiB (r/w)net
I200512 20:06:17.119485 133 server/status/runtime.go:498  [n1] runtime stats: 131 MiB RSS, 117 goroutines, 113 MiB/11 MiB/135 MiB GO alloc/idle/total, 15 MiB/17 MiB CGO alloc/total, 65.4 CGO/sec, 0.5/0.3 %(u/s)time, 0.0 %gc (0x), 634 B/486 B (r/w)net
I200512 20:06:17.126579 112 storage/store.go:2364  [n1,s1] sstables (read amplification = 2):
0 [ 86K 1 ]: 86K
6 [  7M 2 ]: 4M 3M
I200512 20:06:17.126669 112 storage/store.go:2365  [n1,s1] 
** Compaction Stats [default] **
Level    Files   Size     Score Read(GB)  Rn(GB) Rnp1(GB) Write(GB) Wnew(GB) Moved(GB) W-Amp Rd(MB/s) Wr(MB/s) Comp(sec) CompMergeCPU(sec) Comp(cnt) Avg(sec) KeyIn KeyDrop
----------------------------------------------------------------------------------------------------------------------------------------------------------------------------
  L0      1/0   85.67 KB   0.5      0.0     0.0      0.0       0.0      0.0       0.0   1.0      0.0      3.0      0.03              0.00         1    0.028       0      0
  L6      2/0    7.17 MB   0.0      0.0     0.0      0.0       0.0      0.0       0.0   0.0      0.0      0.0      0.00              0.00         0    0.000       0      0
 Sum      3/0    7.25 MB   0.0      0.0     0.0      0.0       0.0      0.0       0.0   1.0      0.0      3.0      0.03              0.00         1    0.028       0      0
 Int      0/0    0.00 KB   0.0      0.0     0.0      0.0       0.0      0.0       0.0   1.0      0.0      3.0      0.03              0.00         1    0.028       0      0

** Compaction Stats [default] **
Priority    Files   Size     Score Read(GB)  Rn(GB) Rnp1(GB) Write(GB) Wnew(GB) Moved(GB) W-Amp Rd(MB/s) Wr(MB/s) Comp(sec) CompMergeCPU(sec) Comp(cnt) Avg(sec) KeyIn KeyDrop
-------------------------------------------------------------------------------------------------------------------------------------------------------------------------------
User      0/0    0.00 KB   0.0      0.0     0.0      0.0       0.0      0.0       0.0   0.0      0.0      3.0      0.03              0.00         1    0.028       0      0
Uptime(secs): 20.6 total, 20.6 interval
Flush(GB): cumulative 0.000, interval 0.000
AddFile(GB): cumulative 0.000, interval 0.000
AddFile(Total Files): cumulative 0, interval 0
AddFile(L0 Files): cumulative 0, interval 0
AddFile(Keys): cumulative 0, interval 0
Cumulative compaction: 0.00 GB write, 0.00 MB/s write, 0.00 GB read, 0.00 MB/s read, 0.0 seconds
Interval compaction: 0.00 GB write, 0.00 MB/s write, 0.00 GB read, 0.00 MB/s read, 0.0 seconds
Stalls(count): 0 level0_slowdown, 0 level0_slowdown_with_compaction, 0 level0_numfiles, 0 level0_numfiles_with_compaction, 0 stop for pending_compaction_bytes, 0 slowdown for pending_compaction_bytes, 0 memtable_compaction, 0 memtable_slowdown, interval 0 total count
estimated_pending_compaction_bytes: 0 B
I200512 20:06:27.119659 133 server/status/runtime.go:498  [n1] runtime stats: 140 MiB RSS, 117 goroutines, 80 MiB/38 MiB/135 MiB GO alloc/idle/total, 15 MiB/18 MiB CGO alloc/total, 40.4 CGO/sec, 0.6/0.2 %(u/s)time, 0.0 %gc (1x), 236 B/96 B (r/w)net
I200512 20:06:37.119802 133 server/status/runtime.go:498  [n1] runtime stats: 141 MiB RSS, 118 goroutines, 87 MiB/33 MiB/135 MiB GO alloc/idle/total, 15 MiB/18 MiB CGO alloc/total, 53.3 CGO/sec, 0.6/0.1 %(u/s)time, 0.0 %gc (0x), 0 B/0 B (r/w)net
I200512 20:06:47.120492 133 server/status/runtime.go:498  [n1] runtime stats: 142 MiB RSS, 118 goroutines, 93 MiB/27 MiB/135 MiB GO alloc/idle/total, 15 MiB/18 MiB CGO alloc/total, 23.8 CGO/sec, 0.4/0.1 %(u/s)time, 0.0 %gc (0x), 0 B/0 B (r/w)net
I200512 20:06:57.119062 113 gossip/gossip.go:566  [n1] gossip status (ok, 1 node)
gossip client (0/3 cur/max conns)
gossip server (0/3 cur/max conns, infos 0/0 sent/received, bytes 0B/0B sent/received)
gossip connectivity
  n1 [sentinel];
I200512 20:06:57.119854 133 server/status/runtime.go:498  [n1] runtime stats: 142 MiB RSS, 118 goroutines, 99 MiB/21 MiB/135 MiB GO alloc/idle/total, 15 MiB/18 MiB CGO alloc/total, 30.2 CGO/sec, 0.4/0.2 %(u/s)time, 0.0 %gc (0x), 70 B/0 B (r/w)net
I200512 20:07:07.120573 133 server/status/runtime.go:498  [n1] runtime stats: 143 MiB RSS, 117 goroutines, 109 MiB/14 MiB/135 MiB GO alloc/idle/total, 15 MiB/18 MiB CGO alloc/total, 93.7 CGO/sec, 0.4/0.1 %(u/s)time, 0.0 %gc (0x), 136 B/66 B (r/w)net
I200512 20:07:17.120206 133 server/status/runtime.go:498  [n1] runtime stats: 146 MiB RSS, 117 goroutines, 115 MiB/8.1 MiB/135 MiB GO alloc/idle/total, 15 MiB/18 MiB CGO alloc/total, 21.7 CGO/sec, 0.4/0.1 %(u/s)time, 0.0 %gc (0x), 84 B/84 B (r/w)net
I200512 20:07:27.120197 133 server/status/runtime.go:498  [n1] runtime stats: 147 MiB RSS, 117 goroutines, 123 MiB/280 KiB/135 MiB GO alloc/idle/total, 15 MiB/18 MiB CGO alloc/total, 29.5 CGO/sec, 0.3/0.2 %(u/s)time, 0.0 %gc (0x), 0 B/0 B (r/w)net
I200512 20:07:37.120338 133 server/status/runtime.go:498  [n1] runtime stats: 152 MiB RSS, 118 goroutines, 131 MiB/56 MiB/202 MiB GO alloc/idle/total, 15 MiB/18 MiB CGO alloc/total, 25.5 CGO/sec, 0.3/0.2 %(u/s)time, 0.0 %gc (0x), 0 B/0 B (r/w)net
I200512 20:07:44.447386 1 cli/start.go:865  received signal 'terminated'
I200512 20:07:44.447899 1 cli/start.go:930  initiating graceful shutdown of server
I200512 20:07:44.469920 1747 util/stop/stopper.go:542  [server drain process] quiescing; tasks left:
1      [async] stats.Refresher: maybeRefreshStats
1      [async] intent_resolver_ir_batcher
1      [async] intent_resolver_gc_batcher
1      [async] closedts-rangefeed-subscriber
W200512 20:07:44.474628 40 vendor/google.golang.org/grpc/clientconn.go:1206  grpc: addrConn.createTransport failed to connect to {fcee61e469d3:26257 0  <nil>}. Err :connection error: desc = "transport: failed to write client preface: io: read/write on closed pipe". Reconnecting...
I200512 20:07:44.474895 1747 util/stop/stopper.go:542  [server drain process] quiescing; tasks left:
1      [async] intent_resolver_ir_batcher
1      [async] intent_resolver_gc_batcher
1      [async] closedts-rangefeed-subscriber
I200512 20:07:44.475881 1747 storage/engine/rocksdb.go:762  closing rocksdb instance at "/var/lib/cockroach/cockroach-temp985954833"
I200512 20:07:44.487633 1747 storage/engine/rocksdb.go:762  closing rocksdb instance at "/var/lib/cockroach"
I200512 20:07:44.498385 1 cli/start.go:976  server drained and shutdown completed
