I200514 19:51:00.277139 1 util/log/clog.go:1196  [config] file created at: 2020/05/14 19:51:00
I200514 19:51:00.277139 1 util/log/clog.go:1196  [config] running on machine: 0122c7101d63
I200514 19:51:00.277139 1 util/log/clog.go:1196  [config] binary: CockroachDB CCL v19.2.5 (x86_64-unknown-linux-gnu, built 2020/03/16 18:27:12, go1.12.12)
I200514 19:51:00.277139 1 util/log/clog.go:1196  [config] arguments: [/cockroach/cockroach start --insecure --store=attrs=ssd,path=/var/lib/cockroach/]
I200514 19:51:00.277139 1 util/log/clog.go:1196  line format: [IWEF]yymmdd hh:mm:ss.uuuuuu goid file:line msg utf8=✓
I200514 19:51:00.277138 1 cli/start.go:1144  logging to directory /var/lib/cockroach/logs
W200514 19:51:00.300285 1 cli/start.go:1182  RUNNING IN INSECURE MODE!

- Your cluster is open for any client that can access <all your IP addresses>.
- Any user, even root, can log in without providing a password.
- Any user, connecting as root, can read or write any data in your cluster.
- There is no network encryption nor authentication, and thus no confidentiality.

Check out how to secure your cluster: https://www.cockroachlabs.com/docs/v19.2/secure-a-cluster.html
I200514 19:51:00.300603 1 server/status/recorder.go:597  available memory from cgroups (8.0 EiB) is unsupported, using system memory 1.9 GiB instead: 
W200514 19:51:00.300913 1 cli/start.go:1052  Using the default setting for --cache (128 MiB).
  A significantly larger value is usually needed for good performance.
  If you have a dedicated server a reasonable setting is --cache=.25 (497 MiB).
I200514 19:51:00.301133 1 server/status/recorder.go:597  available memory from cgroups (8.0 EiB) is unsupported, using system memory 1.9 GiB instead: 
W200514 19:51:00.301148 1 cli/start.go:1065  Using the default setting for --max-sql-memory (128 MiB).
  A significantly larger value is usually needed in production.
  If you have a dedicated server a reasonable setting is --max-sql-memory=.25 (497 MiB).
I200514 19:51:00.301329 1 server/status/recorder.go:597  available memory from cgroups (8.0 EiB) is unsupported, using system memory 1.9 GiB instead: 
I200514 19:51:00.301340 1 cli/start.go:1196  CockroachDB CCL v19.2.5 (x86_64-unknown-linux-gnu, built 2020/03/16 18:27:12, go1.12.12)
W200514 19:51:01.312202 1 cli/start.go:511  running 'cockroach start' without --join is deprecated.
Consider using 'cockroach start-single-node' or 'cockroach init' instead.
I200514 19:51:01.321581 1 server/status/recorder.go:597  available memory from cgroups (8.0 EiB) is unsupported, using system memory 1.9 GiB instead: 
I200514 19:51:01.321594 1 server/config.go:394  system total memory: 1.9 GiB
I200514 19:51:01.321635 1 server/config.go:396  server configuration:
max offset             500000000
cache size             128 MiB
SQL memory pool size   128 MiB
scan interval          10m0s
scan min idle time     10ms
scan max idle time     1s
event log enabled      true
I200514 19:51:01.321644 1 cli/start.go:1030  using local environment variables: COCKROACH_CHANNEL=official-docker
I200514 19:51:01.321653 1 cli/start.go:1037  process identity: uid 0 euid 0 gid 0 egid 0
I200514 19:51:01.321687 1 cli/start.go:644  starting cockroach node
I200514 19:51:01.324954 10 storage/engine/rocksdb.go:622  opening rocksdb instance at "/var/lib/cockroach/cockroach-temp332578515"
I200514 19:51:01.624814 10 server/server.go:928  [n?] monitoring forward clock jumps based on server.clock.forward_jump_check_enabled
I200514 19:51:01.625824 10 storage/engine/rocksdb.go:622  opening rocksdb instance at "/var/lib/cockroach"
I200514 19:51:01.738060 10 server/config.go:502  [n?] 1 storage engine initialized
I200514 19:51:01.738068 10 server/config.go:505  [n?] RocksDB cache size: 128 MiB
I200514 19:51:01.738072 10 server/config.go:505  [n?] store 0: RocksDB, max size 0 B, max open file limit 1043576
W200514 19:51:02.018733 10 cli/start.go:996  neither --listen-addr nor --advertise-addr was specified.
The server will advertise "0122c7101d63" to other nodes, is this routable?

Consider using:
- for local-only servers:  --listen-addr=localhost
- for multi-node clusters: --advertise-addr=<host/IP addr>
I200514 19:51:02.020006 10 server/server.go:978  [n?] Sleeping till wall time 1589485862019980288 to catches up to 1589485862124650888 to ensure monotonicity. Delta: 104.6706ms
I200514 19:51:02.125055 10 gossip/gossip.go:394  [n1] NodeDescriptor set to node_id:1 address:<network_field:"tcp" address_field:"0122c7101d63:26257" > attrs:<> locality:<> ServerVersion:<major_val:19 minor_val:2 patch:0 unstable:0 > build_tag:"v19.2.5" started_at:1589485862124957588 cluster_name:"" sql_address:<network_field:"tcp" address_field:"0122c7101d63:26257" > 
W200514 19:51:02.178399 112 storage/replica_range_lease.go:554  can't determine lease status due to node liveness error: node not in the liveness table
github.com/cockroachdb/cockroach/pkg/storage.init.ializers
	/go/src/github.com/cockroachdb/cockroach/pkg/storage/node_liveness.go:44
runtime.main
	/usr/local/go/src/runtime/proc.go:188
runtime.goexit
	/usr/local/go/src/runtime/asm_amd64.s:1337
W200514 19:51:02.178424 112 storage/store.go:1530  [n1,s1,r6/1:/Table/{SystemCon…-11}] could not gossip system config: [NotLeaseHolderError] r6: replica (n1,s1):1 not lease holder; lease holder unknown
I200514 19:51:02.497565 10 server/node.go:431  [n1] initialized store [n1,s1]: disk (capacity=894 GiB, available=579 GiB, used=21 MiB, logicalBytes=99 MiB), ranges=40, leases=3, queries=0.00, writes=0.00, bytesPerReplica={p10=0.00 p25=0.00 p50=146.00 p75=29356.00 p90=12090360.00 pMax=37332834.00}, writesPerReplica={p10=0.00 p25=0.00 p50=0.00 p75=0.00 p90=0.00 pMax=0.00}
I200514 19:51:02.497653 10 storage/stores.go:240  [n1] read 0 node addresses from persistent storage
I200514 19:51:02.498199 10 server/node.go:645  [n1] connecting to gossip network to verify cluster ID...
I200514 19:51:02.498230 10 server/node.go:665  [n1] node connected via gossip and verified as part of cluster "3d423bb5-5d67-4ebf-947b-999bec430444"
I200514 19:51:02.498272 10 server/node.go:512  [n1] node=1: started with [ssd=/var/lib/cockroach] engine(s) and attributes []
I200514 19:51:02.501892 10 server/server.go:1514  [n1] starting http server at [::]:8080 (use: 0122c7101d63:8080)
I200514 19:51:02.501903 10 server/server.go:1521  [n1] starting grpc/postgres server at [::]:26257
I200514 19:51:02.501912 10 server/server.go:1522  [n1] advertising CockroachDB node at 0122c7101d63:26257
I200514 19:51:02.739938 10 server/server.go:1590  [n1] done ensuring all necessary migrations have run
I200514 19:51:02.739972 10 server/server.go:1841  [n1] serving sql connections
I200514 19:51:02.740026 10 cli/start.go:803  [config] clusterID: 3d423bb5-5d67-4ebf-947b-999bec430444
I200514 19:51:02.740039 10 cli/start.go:812  node startup completed:
CockroachDB node starting at 2020-05-14 19:51:02.739985588 +0000 UTC (took 2.5s)
build:               CCL v19.2.5 @ 2020/03/16 18:27:12 (go1.12.12)
webui:               http://0122c7101d63:8080
sql:                 postgresql://root@0122c7101d63:26257?sslmode=disable
RPC client flags:    /cockroach/cockroach <client cmd> --host=0122c7101d63:26257 --insecure
logs:                /var/lib/cockroach/logs
temp dir:            /var/lib/cockroach/cockroach-temp332578515
external I/O path:   /var/lib/cockroach/extern
store[0]:            path=/var/lib/cockroach,attrs=ssd
status:              restarted pre-existing node
clusterID:           3d423bb5-5d67-4ebf-947b-999bec430444
nodeID:              1
I200514 19:51:02.742373 300 server/server_update.go:53  [n1] no need to upgrade, cluster already at the newest version
I200514 19:51:02.748394 302 sql/event_log.go:130  [n1] Event: "node_restart", target: 1, info: {Descriptor:{NodeID:1 Address:0122c7101d63:26257 Attrs: Locality: ServerVersion:19.2 BuildTag:v19.2.5 StartedAt:1589485862124957588 LocalityAddress:[] ClusterName: SQLAddress:0122c7101d63:26257} ClusterID:3d423bb5-5d67-4ebf-947b-999bec430444 StartedAt:1589485862124957588 LastUp:1589485859118524785}
I200514 19:51:03.408954 304 server/updates.go:267  [n1] A new version is available: 20.1.0, details: https://www.cockroachlabs.com/docs/releases/v20.1.0.html
I200514 19:51:04.401471 83 gossip/gossip.go:1531  [n1] node has connected to cluster via gossip
I200514 19:51:04.401552 83 storage/stores.go:259  [n1] wrote 0 node addresses to persistent storage
I200514 19:51:12.502570 234 server/status/runtime.go:498  [n1] runtime stats: 120 MiB RSS, 117 goroutines, 104 MiB/20 MiB/135 MiB GO alloc/idle/total, 15 MiB/18 MiB CGO alloc/total, 0.0 CGO/sec, 0.0/0.0 %(u/s)time, 0.0 %gc (9x), 36 KiB/45 KiB (r/w)net
I200514 19:51:22.502656 234 server/status/runtime.go:498  [n1] runtime stats: 131 MiB RSS, 117 goroutines, 112 MiB/12 MiB/135 MiB GO alloc/idle/total, 15 MiB/18 MiB CGO alloc/total, 51.5 CGO/sec, 0.7/0.1 %(u/s)time, 0.0 %gc (0x), 194 B/54 B (r/w)net
I200514 19:51:22.567324 210 storage/store.go:2364  [n1,s1] sstables (read amplification = 1):
6 [ 11M 3 ]: 4M[2] 3M
I200514 19:51:22.567392 210 storage/store.go:2365  [n1,s1] 
** Compaction Stats [default] **
Level    Files   Size     Score Read(GB)  Rn(GB) Rnp1(GB) Write(GB) Wnew(GB) Moved(GB) W-Amp Rd(MB/s) Wr(MB/s) Comp(sec) CompMergeCPU(sec) Comp(cnt) Avg(sec) KeyIn KeyDrop
----------------------------------------------------------------------------------------------------------------------------------------------------------------------------
  L0      0/0    0.00 KB   0.0      0.0     0.0      0.0       0.0      0.0       0.0   1.0      0.0      4.3      0.02              0.00         1    0.023       0      0
  L6      3/0   11.17 MB   0.0      0.0     0.0      0.0       0.0     -0.0       0.0  66.4     46.4     45.6      0.25              0.11         1    0.245     36K   1576
 Sum      3/0   11.17 MB   0.0      0.0     0.0      0.0       0.0      0.0       0.0 112.4     42.3     42.0      0.27              0.11         2    0.134     36K   1576
 Int      0/0    0.00 KB   0.0      0.0     0.0      0.0       0.0      0.0       0.0 112.4     42.3     42.0      0.27              0.11         2    0.134     36K   1576

** Compaction Stats [default] **
Priority    Files   Size     Score Read(GB)  Rn(GB) Rnp1(GB) Write(GB) Wnew(GB) Moved(GB) W-Amp Rd(MB/s) Wr(MB/s) Comp(sec) CompMergeCPU(sec) Comp(cnt) Avg(sec) KeyIn KeyDrop
-------------------------------------------------------------------------------------------------------------------------------------------------------------------------------
 Low      0/0    0.00 KB   0.0      0.0     0.0      0.0       0.0     -0.0       0.0   0.0     46.4     45.6      0.25              0.11         1    0.245     36K   1576
User      0/0    0.00 KB   0.0      0.0     0.0      0.0       0.0      0.0       0.0   0.0      0.0      4.3      0.02              0.00         1    0.023       0      0
Uptime(secs): 20.9 total, 20.9 interval
Flush(GB): cumulative 0.000, interval 0.000
AddFile(GB): cumulative 0.000, interval 0.000
AddFile(Total Files): cumulative 0, interval 0
AddFile(L0 Files): cumulative 0, interval 0
AddFile(Keys): cumulative 0, interval 0
Cumulative compaction: 0.01 GB write, 0.54 MB/s write, 0.01 GB read, 0.54 MB/s read, 0.3 seconds
Interval compaction: 0.01 GB write, 0.54 MB/s write, 0.01 GB read, 0.54 MB/s read, 0.3 seconds
Stalls(count): 0 level0_slowdown, 0 level0_slowdown_with_compaction, 0 level0_numfiles, 0 level0_numfiles_with_compaction, 0 stop for pending_compaction_bytes, 0 slowdown for pending_compaction_bytes, 0 memtable_compaction, 0 memtable_slowdown, interval 0 total count
estimated_pending_compaction_bytes: 0 B
I200514 19:51:32.502836 234 server/status/runtime.go:498  [n1] runtime stats: 137 MiB RSS, 117 goroutines, 82 MiB/37 MiB/135 MiB GO alloc/idle/total, 16 MiB/18 MiB CGO alloc/total, 60.6 CGO/sec, 0.7/0.2 %(u/s)time, 0.0 %gc (1x), 140 B/0 B (r/w)net
I200514 19:51:42.502881 234 server/status/runtime.go:498  [n1] runtime stats: 137 MiB RSS, 118 goroutines, 89 MiB/31 MiB/135 MiB GO alloc/idle/total, 16 MiB/19 MiB CGO alloc/total, 56.3 CGO/sec, 0.5/0.1 %(u/s)time, 0.0 %gc (0x), 0 B/0 B (r/w)net
I200514 19:51:52.503009 234 server/status/runtime.go:498  [n1] runtime stats: 137 MiB RSS, 118 goroutines, 96 MiB/26 MiB/135 MiB GO alloc/idle/total, 16 MiB/19 MiB CGO alloc/total, 26.8 CGO/sec, 0.4/0.2 %(u/s)time, 0.0 %gc (0x), 0 B/0 B (r/w)net
I200514 19:52:02.499279 227 gossip/gossip.go:566  [n1] gossip status (ok, 1 node)
gossip client (0/3 cur/max conns)
gossip server (0/3 cur/max conns, infos 0/0 sent/received, bytes 0B/0B sent/received)
gossip connectivity
  n1 [sentinel];
I200514 19:52:02.502980 234 server/status/runtime.go:498  [n1] runtime stats: 138 MiB RSS, 118 goroutines, 102 MiB/19 MiB/135 MiB GO alloc/idle/total, 16 MiB/19 MiB CGO alloc/total, 24.8 CGO/sec, 0.5/0.1 %(u/s)time, 0.0 %gc (0x), 70 B/0 B (r/w)net
I200514 19:52:10.935257 1 cli/start.go:865  received signal 'terminated'
I200514 19:52:10.935465 1 cli/start.go:930  initiating graceful shutdown of server
I200514 19:52:10.959117 1392 util/stop/stopper.go:542  [server drain process] quiescing; tasks left:
1      [async] intent_resolver_ir_batcher
1      [async] intent_resolver_gc_batcher
1      [async] closedts-rangefeed-subscriber
I200514 19:52:10.959513 1392 util/stop/stopper.go:542  [server drain process] quiescing; tasks left:
1      [async] intent_resolver_ir_batcher
1      [async] closedts-rangefeed-subscriber
I200514 19:52:10.959691 1392 util/stop/stopper.go:542  [server drain process] quiescing; tasks left:
1      [async] closedts-rangefeed-subscriber
I200514 19:52:10.960312 1392 storage/engine/rocksdb.go:762  closing rocksdb instance at "/var/lib/cockroach/cockroach-temp332578515"
I200514 19:52:10.972917 1392 storage/engine/rocksdb.go:762  closing rocksdb instance at "/var/lib/cockroach"
I200514 19:52:10.982079 1 cli/start.go:976  server drained and shutdown completed
