I200514 19:24:34.701379 28 util/log/clog.go:1196  [config] file created at: 2020/05/14 19:24:34
I200514 19:24:34.701379 28 util/log/clog.go:1196  [config] running on machine: 75a274466835
I200514 19:24:34.701379 28 util/log/clog.go:1196  [config] binary: CockroachDB CCL v19.2.5 (x86_64-unknown-linux-gnu, built 2020/03/16 18:27:12, go1.12.12)
I200514 19:24:34.701379 28 util/log/clog.go:1196  [config] arguments: [/cockroach/cockroach start --insecure --store=attrs=ssd,path=/var/lib/cockroach/]
I200514 19:24:34.701379 28 util/log/clog.go:1196  line format: [IWEF]yymmdd hh:mm:ss.uuuuuu goid file:line msg utf8=✓
I200514 19:24:34.701378 28 storage/engine/rocksdb.go:120  RocksDB version: 6.2.1
I200514 19:24:34.708708 28 storage/engine/rocksdb.go:120  Git sha rocksdb_build_git_sha:@b7009236531fa784872f4823eabf393501e41bf2@
I200514 19:24:34.708712 28 storage/engine/rocksdb.go:120  Compile date Mar 16 2020
I200514 19:24:34.708715 28 storage/engine/rocksdb.go:120  DB SUMMARY
I200514 19:24:34.709984 28 storage/engine/rocksdb.go:120  SST files in /var/lib/cockroach/cockroach-temp827507969 dir, Total Num: 0, files: 
I200514 19:24:34.900980 28 storage/engine/rocksdb.go:120  Write Ahead Log file in /var/lib/cockroach/cockroach-temp827507969: 
I200514 19:24:34.900987 28 storage/engine/rocksdb.go:120                          Options.error_if_exists: 0
I200514 19:24:34.901321 28 storage/engine/rocksdb.go:120                        Options.create_if_missing: 1
I200514 19:24:34.901324 28 storage/engine/rocksdb.go:120                          Options.paranoid_checks: 1
I200514 19:24:34.901327 28 storage/engine/rocksdb.go:120                                      Options.env: 0x75757a0
I200514 19:24:34.901330 28 storage/engine/rocksdb.go:120                                 Options.info_log: 0x7f903da270e0
I200514 19:24:34.901333 28 storage/engine/rocksdb.go:120                 Options.max_file_opening_threads: 16
I200514 19:24:34.901335 28 storage/engine/rocksdb.go:120                               Options.statistics: 0x7f903da34010
I200514 19:24:34.901338 28 storage/engine/rocksdb.go:120                                Options.use_fsync: 0
I200514 19:24:34.901341 28 storage/engine/rocksdb.go:120                        Options.max_log_file_size: 0
I200514 19:24:34.901344 28 storage/engine/rocksdb.go:120                   Options.max_manifest_file_size: 134217728
I200514 19:24:34.901347 28 storage/engine/rocksdb.go:120                    Options.log_file_time_to_roll: 0
I200514 19:24:34.901349 28 storage/engine/rocksdb.go:120                        Options.keep_log_file_num: 1000
I200514 19:24:34.901352 28 storage/engine/rocksdb.go:120                     Options.recycle_log_file_num: 1
I200514 19:24:34.901354 28 storage/engine/rocksdb.go:120                          Options.allow_fallocate: 1
I200514 19:24:34.901357 28 storage/engine/rocksdb.go:120                         Options.allow_mmap_reads: 0
I200514 19:24:34.901360 28 storage/engine/rocksdb.go:120                        Options.allow_mmap_writes: 0
I200514 19:24:34.901362 28 storage/engine/rocksdb.go:120                         Options.use_direct_reads: 0
I200514 19:24:34.901365 28 storage/engine/rocksdb.go:120                         Options.use_direct_io_for_flush_and_compaction: 0
I200514 19:24:34.901368 28 storage/engine/rocksdb.go:120           Options.create_missing_column_families: 0
I200514 19:24:34.901371 28 storage/engine/rocksdb.go:120                               Options.db_log_dir: 
I200514 19:24:34.901374 28 storage/engine/rocksdb.go:120                                  Options.wal_dir: /var/lib/cockroach/cockroach-temp827507969
I200514 19:24:34.901384 28 storage/engine/rocksdb.go:120                 Options.table_cache_numshardbits: 6
I200514 19:24:34.901387 28 storage/engine/rocksdb.go:120                       Options.max_subcompactions: 1
I200514 19:24:34.901390 28 storage/engine/rocksdb.go:120                   Options.max_background_flushes: -1
I200514 19:24:34.901392 28 storage/engine/rocksdb.go:120                          Options.WAL_ttl_seconds: 0
I200514 19:24:34.901395 28 storage/engine/rocksdb.go:120                        Options.WAL_size_limit_MB: 0
I200514 19:24:34.901397 28 storage/engine/rocksdb.go:120              Options.manifest_preallocation_size: 4194304
I200514 19:24:34.901400 28 storage/engine/rocksdb.go:120                      Options.is_fd_close_on_exec: 1
I200514 19:24:34.901403 28 storage/engine/rocksdb.go:120                    Options.advise_random_on_open: 1
I200514 19:24:34.901405 28 storage/engine/rocksdb.go:120                     Options.db_write_buffer_size: 0
I200514 19:24:34.901408 28 storage/engine/rocksdb.go:120                     Options.write_buffer_manager: 0x7f903da190f0
I200514 19:24:34.901410 28 storage/engine/rocksdb.go:120          Options.access_hint_on_compaction_start: 1
I200514 19:24:34.901413 28 storage/engine/rocksdb.go:120   Options.new_table_reader_for_compaction_inputs: 0
I200514 19:24:34.901415 28 storage/engine/rocksdb.go:120            Options.random_access_max_buffer_size: 1048576
I200514 19:24:34.901418 28 storage/engine/rocksdb.go:120                       Options.use_adaptive_mutex: 0
I200514 19:24:34.901421 28 storage/engine/rocksdb.go:120                             Options.rate_limiter: (nil)
I200514 19:24:34.901424 28 storage/engine/rocksdb.go:120      Options.sst_file_manager.rate_bytes_per_sec: 0
I200514 19:24:34.901426 28 storage/engine/rocksdb.go:120                        Options.wal_recovery_mode: 0
I200514 19:24:34.901429 28 storage/engine/rocksdb.go:120                   Options.enable_thread_tracking: 0
I200514 19:24:34.901431 28 storage/engine/rocksdb.go:120                   Options.enable_pipelined_write: 0
I200514 19:24:34.901434 28 storage/engine/rocksdb.go:120          Options.allow_concurrent_memtable_write: 1
I200514 19:24:34.901437 28 storage/engine/rocksdb.go:120       Options.enable_write_thread_adaptive_yield: 1
I200514 19:24:34.901439 28 storage/engine/rocksdb.go:120              Options.write_thread_max_yield_usec: 100
I200514 19:24:34.901442 28 storage/engine/rocksdb.go:120             Options.write_thread_slow_yield_usec: 3
I200514 19:24:34.901444 28 storage/engine/rocksdb.go:120                                Options.row_cache: None
I200514 19:24:34.901447 28 storage/engine/rocksdb.go:120                               Options.wal_filter: None
I200514 19:24:34.901449 28 storage/engine/rocksdb.go:120              Options.avoid_flush_during_recovery: 0
I200514 19:24:34.901452 28 storage/engine/rocksdb.go:120              Options.allow_ingest_behind: 0
I200514 19:24:34.901455 28 storage/engine/rocksdb.go:120              Options.preserve_deletes: 0
I200514 19:24:34.901457 28 storage/engine/rocksdb.go:120              Options.two_write_queues: 0
I200514 19:24:34.901460 28 storage/engine/rocksdb.go:120              Options.manual_wal_flush: 1
I200514 19:24:34.901462 28 storage/engine/rocksdb.go:120              Options.atomic_flush: 0
I200514 19:24:34.901465 28 storage/engine/rocksdb.go:120              Options.avoid_unnecessary_blocking_io: 0
I200514 19:24:34.901468 28 storage/engine/rocksdb.go:120              Options.max_background_jobs: 2
I200514 19:24:34.901470 28 storage/engine/rocksdb.go:120              Options.max_background_compactions: -1
I200514 19:24:34.901473 28 storage/engine/rocksdb.go:120              Options.avoid_flush_during_shutdown: 0
I200514 19:24:34.901475 28 storage/engine/rocksdb.go:120            Options.writable_file_max_buffer_size: 1048576
I200514 19:24:34.901478 28 storage/engine/rocksdb.go:120              Options.delayed_write_rate : 16777216
I200514 19:24:34.901480 28 storage/engine/rocksdb.go:120              Options.max_total_wal_size: 0
I200514 19:24:34.901483 28 storage/engine/rocksdb.go:120              Options.delete_obsolete_files_period_micros: 21600000000
I200514 19:24:34.901486 28 storage/engine/rocksdb.go:120                    Options.stats_dump_period_sec: 0
I200514 19:24:34.901488 28 storage/engine/rocksdb.go:120                  Options.stats_persist_period_sec: 600
I200514 19:24:34.901491 28 storage/engine/rocksdb.go:120                  Options.stats_history_buffer_size: 1048576
I200514 19:24:34.901493 28 storage/engine/rocksdb.go:120                           Options.max_open_files: 128
I200514 19:24:34.901497 28 storage/engine/rocksdb.go:120                           Options.bytes_per_sync: 524288
I200514 19:24:34.901500 28 storage/engine/rocksdb.go:120                       Options.wal_bytes_per_sync: 0
I200514 19:24:34.901503 28 storage/engine/rocksdb.go:120                    Options.strict_bytes_per_sync: 1
I200514 19:24:34.901505 28 storage/engine/rocksdb.go:120        Options.compaction_readahead_size: 0
I200514 19:24:34.901508 28 storage/engine/rocksdb.go:120  Compression algorithms supported:
I200514 19:24:34.901511 28 storage/engine/rocksdb.go:120  	kZSTDNotFinalCompression supported: 0
I200514 19:24:34.901514 28 storage/engine/rocksdb.go:120  	kZSTD supported: 0
I200514 19:24:34.901517 28 storage/engine/rocksdb.go:120  	kXpressCompression supported: 0
I200514 19:24:34.901519 28 storage/engine/rocksdb.go:120  	kLZ4HCCompression supported: 0
I200514 19:24:34.901522 28 storage/engine/rocksdb.go:120  	kLZ4Compression supported: 0
I200514 19:24:34.901525 28 storage/engine/rocksdb.go:120  	kBZip2Compression supported: 0
I200514 19:24:34.901527 28 storage/engine/rocksdb.go:120  	kZlibCompression supported: 0
I200514 19:24:34.901530 28 storage/engine/rocksdb.go:120  	kSnappyCompression supported: 1
I200514 19:24:34.901537 28 storage/engine/rocksdb.go:120  Fast CRC32 supported: Supported on x86
I200514 19:24:34.903546 28 storage/engine/rocksdb.go:120  [db/db_impl_open.cc:242] Creating manifest 1 
I200514 19:24:34.924564 28 storage/engine/rocksdb.go:120  [db/version_set.cc:4072] Recovering from manifest file: /var/lib/cockroach/cockroach-temp827507969/MANIFEST-000001
I200514 19:24:34.926632 28 storage/engine/rocksdb.go:120  [db/column_family.cc:488] --------------- Options for column family [default]:
I200514 19:24:34.926639 28 storage/engine/rocksdb.go:120                Options.comparator: cockroach_comparator
I200514 19:24:34.926642 28 storage/engine/rocksdb.go:120            Options.merge_operator: cockroach_merge_operator
I200514 19:24:34.926645 28 storage/engine/rocksdb.go:120         Options.compaction_filter: None
I200514 19:24:34.926648 28 storage/engine/rocksdb.go:120         Options.compaction_filter_factory: None
I200514 19:24:34.926651 28 storage/engine/rocksdb.go:120          Options.memtable_factory: SkipListFactory
I200514 19:24:34.926654 28 storage/engine/rocksdb.go:120             Options.table_factory: BlockBasedTable
I200514 19:24:34.926680 28 storage/engine/rocksdb.go:120             table_factory options:   flush_block_policy_factory: FlushBlockBySizePolicyFactory (0x7f903da28030)
  cache_index_and_filter_blocks: 0
  cache_index_and_filter_blocks_with_high_priority: 0
  pin_l0_filter_and_index_blocks_in_cache: 0
  pin_top_level_index_and_filter: 1
  index_type: 0
  data_block_index_type: 0
  index_shortening: 1
  data_block_hash_table_util_ratio: 0.750000
  hash_index_allow_collision: 1
  checksum: 1
  no_block_cache: 0
  block_cache: 0x7f903da1c010
  block_cache_name: LRUCache
  block_cache_options:
    capacity : 1048576
    num_shard_bits : 4
    strict_capacity_limit : 0
    memory_allocator : None
    high_pri_pool_ratio: 0.000
  block_cache_compressed: (nil)
  persistent_cache: (nil)
  block_size: 32768
  block_size_deviation: 10
  block_restart_interval: 16
  index_block_restart_interval: 1
  metadata_block_size: 4096
  partition_filters: 0
  use_delta_encoding: 1
  filter_policy: rocksdb.BuiltinBloomFilter
  whole_key_filtering: 0
  verify_compression: 0
  read_amp_bytes_per_bit: 0
  format_version: 2
  enable_index_compression: 1
  block_align: 0
I200514 19:24:34.926686 28 storage/engine/rocksdb.go:120         Options.write_buffer_size: 67108864
I200514 19:24:34.926690 28 storage/engine/rocksdb.go:120   Options.max_write_buffer_number: 4
I200514 19:24:34.926692 28 storage/engine/rocksdb.go:120           Options.compression: Snappy
I200514 19:24:34.926695 28 storage/engine/rocksdb.go:120                   Options.bottommost_compression: Disabled
I200514 19:24:34.926698 28 storage/engine/rocksdb.go:120        Options.prefix_extractor: cockroach_prefix_extractor
I200514 19:24:34.926701 28 storage/engine/rocksdb.go:120    Options.memtable_insert_with_hint_prefix_extractor: nullptr
I200514 19:24:34.926704 28 storage/engine/rocksdb.go:120              Options.num_levels: 7
I200514 19:24:34.926707 28 storage/engine/rocksdb.go:120         Options.min_write_buffer_number_to_merge: 1
I200514 19:24:34.926710 28 storage/engine/rocksdb.go:120      Options.max_write_buffer_number_to_maintain: 0
I200514 19:24:34.926712 28 storage/engine/rocksdb.go:120             Options.bottommost_compression_opts.window_bits: -14
I200514 19:24:34.926715 28 storage/engine/rocksdb.go:120                   Options.bottommost_compression_opts.level: 32767
I200514 19:24:34.926718 28 storage/engine/rocksdb.go:120                Options.bottommost_compression_opts.strategy: 0
I200514 19:24:34.926720 28 storage/engine/rocksdb.go:120          Options.bottommost_compression_opts.max_dict_bytes: 0
I200514 19:24:34.926723 28 storage/engine/rocksdb.go:120          Options.bottommost_compression_opts.zstd_max_train_bytes: 0
I200514 19:24:34.926726 28 storage/engine/rocksdb.go:120                   Options.bottommost_compression_opts.enabled: false
I200514 19:24:34.926728 28 storage/engine/rocksdb.go:120             Options.compression_opts.window_bits: -14
I200514 19:24:34.926731 28 storage/engine/rocksdb.go:120                   Options.compression_opts.level: 32767
I200514 19:24:34.926733 28 storage/engine/rocksdb.go:120                Options.compression_opts.strategy: 0
I200514 19:24:34.926736 28 storage/engine/rocksdb.go:120          Options.compression_opts.max_dict_bytes: 0
I200514 19:24:34.926738 28 storage/engine/rocksdb.go:120          Options.compression_opts.zstd_max_train_bytes: 0
I200514 19:24:34.926741 28 storage/engine/rocksdb.go:120                   Options.compression_opts.enabled: false
I200514 19:24:34.926744 28 storage/engine/rocksdb.go:120       Options.level0_file_num_compaction_trigger: 2
I200514 19:24:34.926750 28 storage/engine/rocksdb.go:120           Options.level0_slowdown_writes_trigger: 950
I200514 19:24:34.926752 28 storage/engine/rocksdb.go:120               Options.level0_stop_writes_trigger: 1000
I200514 19:24:34.926755 28 storage/engine/rocksdb.go:120                    Options.target_file_size_base: 4194304
I200514 19:24:34.926758 28 storage/engine/rocksdb.go:120              Options.target_file_size_multiplier: 2
I200514 19:24:34.926760 28 storage/engine/rocksdb.go:120                 Options.max_bytes_for_level_base: 67108864
I200514 19:24:34.926763 28 storage/engine/rocksdb.go:120  Options.level_compaction_dynamic_level_bytes: 1
I200514 19:24:34.926766 28 storage/engine/rocksdb.go:120           Options.max_bytes_for_level_multiplier: 10.000000
I200514 19:24:34.926769 28 storage/engine/rocksdb.go:120  Options.max_bytes_for_level_multiplier_addtl[0]: 1
I200514 19:24:34.926772 28 storage/engine/rocksdb.go:120  Options.max_bytes_for_level_multiplier_addtl[1]: 1
I200514 19:24:34.926774 28 storage/engine/rocksdb.go:120  Options.max_bytes_for_level_multiplier_addtl[2]: 1
I200514 19:24:34.926777 28 storage/engine/rocksdb.go:120  Options.max_bytes_for_level_multiplier_addtl[3]: 1
I200514 19:24:34.926779 28 storage/engine/rocksdb.go:120  Options.max_bytes_for_level_multiplier_addtl[4]: 1
I200514 19:24:34.926782 28 storage/engine/rocksdb.go:120  Options.max_bytes_for_level_multiplier_addtl[5]: 1
I200514 19:24:34.926784 28 storage/engine/rocksdb.go:120  Options.max_bytes_for_level_multiplier_addtl[6]: 1
I200514 19:24:34.926787 28 storage/engine/rocksdb.go:120        Options.max_sequential_skip_in_iterations: 8
I200514 19:24:34.926795 28 storage/engine/rocksdb.go:120                     Options.max_compaction_bytes: 104857600
I200514 19:24:34.926797 28 storage/engine/rocksdb.go:120                         Options.arena_block_size: 8388608
I200514 19:24:34.926800 28 storage/engine/rocksdb.go:120    Options.soft_pending_compaction_bytes_limit: 2199023255552
I200514 19:24:34.926802 28 storage/engine/rocksdb.go:120    Options.hard_pending_compaction_bytes_limit: 4400193994752
I200514 19:24:34.926805 28 storage/engine/rocksdb.go:120        Options.rate_limit_delay_max_milliseconds: 100
I200514 19:24:34.926808 28 storage/engine/rocksdb.go:120                 Options.disable_auto_compactions: 0
I200514 19:24:34.926811 28 storage/engine/rocksdb.go:120                         Options.compaction_style: kCompactionStyleLevel
I200514 19:24:34.926814 28 storage/engine/rocksdb.go:120                           Options.compaction_pri: kMinOverlappingRatio
I200514 19:24:34.926817 28 storage/engine/rocksdb.go:120  Options.compaction_options_universal.size_ratio: 1
I200514 19:24:34.926819 28 storage/engine/rocksdb.go:120  Options.compaction_options_universal.min_merge_width: 2
I200514 19:24:34.926822 28 storage/engine/rocksdb.go:120  Options.compaction_options_universal.max_merge_width: 4294967295
I200514 19:24:34.926825 28 storage/engine/rocksdb.go:120  Options.compaction_options_universal.max_size_amplification_percent: 200
I200514 19:24:34.926827 28 storage/engine/rocksdb.go:120  Options.compaction_options_universal.compression_size_percent: -1
I200514 19:24:34.926830 28 storage/engine/rocksdb.go:120  Options.compaction_options_universal.stop_style: kCompactionStopStyleTotalSize
I200514 19:24:34.926833 28 storage/engine/rocksdb.go:120  Options.compaction_options_fifo.max_table_files_size: 1073741824
I200514 19:24:34.926835 28 storage/engine/rocksdb.go:120  Options.compaction_options_fifo.allow_compaction: 0
I200514 19:24:34.926840 28 storage/engine/rocksdb.go:120                    Options.table_properties_collectors: TimeBoundTblPropCollectorFactory; DeleteRangeTblPropCollectorFactory; 
I200514 19:24:34.926843 28 storage/engine/rocksdb.go:120                    Options.inplace_update_support: 0
I200514 19:24:34.926846 28 storage/engine/rocksdb.go:120                  Options.inplace_update_num_locks: 10000
I200514 19:24:34.926849 28 storage/engine/rocksdb.go:120                Options.memtable_prefix_bloom_size_ratio: 0.000000
I200514 19:24:34.926851 28 storage/engine/rocksdb.go:120                Options.memtable_whole_key_filtering: 0
I200514 19:24:34.926854 28 storage/engine/rocksdb.go:120    Options.memtable_huge_page_size: 0
I200514 19:24:34.926856 28 storage/engine/rocksdb.go:120                            Options.bloom_locality: 0
I200514 19:24:34.926859 28 storage/engine/rocksdb.go:120                     Options.max_successive_merges: 0
I200514 19:24:34.926862 28 storage/engine/rocksdb.go:120                 Options.optimize_filters_for_hits: 1
I200514 19:24:34.926864 28 storage/engine/rocksdb.go:120                 Options.paranoid_file_checks: 0
I200514 19:24:34.926867 28 storage/engine/rocksdb.go:120                 Options.force_consistency_checks: 0
I200514 19:24:34.926870 28 storage/engine/rocksdb.go:120                 Options.report_bg_io_stats: 0
I200514 19:24:34.926872 28 storage/engine/rocksdb.go:120                                Options.ttl: 0
I200514 19:24:34.926875 28 storage/engine/rocksdb.go:120           Options.periodic_compaction_seconds: 0
I200514 19:24:34.930061 28 storage/engine/rocksdb.go:120  [db/version_set.cc:4286] Recovered from manifest file:/var/lib/cockroach/cockroach-temp827507969/MANIFEST-000001 succeeded,manifest_file_number is 1, next_file_number is 3, last_sequence is 0, log_number is 0,prev_log_number is 0,max_column_family is 0,min_log_number_to_keep is 0
I200514 19:24:34.930093 28 storage/engine/rocksdb.go:120  [db/version_set.cc:4295] Column family [default] (ID 0), log number is 0
I200514 19:24:34.956010 28 storage/engine/rocksdb.go:120  DB pointer 0x7f903daa4000
I200514 19:24:34.986419 28 storage/engine/rocksdb.go:120  RocksDB version: 6.2.1
I200514 19:24:34.986426 28 storage/engine/rocksdb.go:120  Git sha rocksdb_build_git_sha:@b7009236531fa784872f4823eabf393501e41bf2@
I200514 19:24:34.986429 28 storage/engine/rocksdb.go:120  Compile date Mar 16 2020
I200514 19:24:34.986433 28 storage/engine/rocksdb.go:120  DB SUMMARY
I200514 19:24:34.988333 28 storage/engine/rocksdb.go:120  CURRENT file:  CURRENT
I200514 19:24:34.988340 28 storage/engine/rocksdb.go:120  IDENTITY file:  IDENTITY
I200514 19:24:34.988745 28 storage/engine/rocksdb.go:120  MANIFEST file:  MANIFEST-000601 size: 1010 Bytes
I200514 19:24:34.988753 28 storage/engine/rocksdb.go:120  SST files in /var/lib/cockroach dir, Total Num: 3, files: 000605.sst 000606.sst 000607.sst 
I200514 19:24:34.988756 28 storage/engine/rocksdb.go:120  Write Ahead Log file in /var/lib/cockroach: 000602.log size: 1617607 ; 
I200514 19:24:34.988760 28 storage/engine/rocksdb.go:120                          Options.error_if_exists: 0
I200514 19:24:34.988763 28 storage/engine/rocksdb.go:120                        Options.create_if_missing: 1
I200514 19:24:34.988766 28 storage/engine/rocksdb.go:120                          Options.paranoid_checks: 1
I200514 19:24:34.988769 28 storage/engine/rocksdb.go:120                                      Options.env: 0x75757a0
I200514 19:24:34.988772 28 storage/engine/rocksdb.go:120                                 Options.info_log: 0x7f903fa0dce0
I200514 19:24:34.988775 28 storage/engine/rocksdb.go:120                 Options.max_file_opening_threads: 16
I200514 19:24:34.988778 28 storage/engine/rocksdb.go:120                               Options.statistics: 0x7f903fa25010
I200514 19:24:34.988781 28 storage/engine/rocksdb.go:120                                Options.use_fsync: 0
I200514 19:24:34.988784 28 storage/engine/rocksdb.go:120                        Options.max_log_file_size: 0
I200514 19:24:34.988787 28 storage/engine/rocksdb.go:120                   Options.max_manifest_file_size: 134217728
I200514 19:24:34.988789 28 storage/engine/rocksdb.go:120                    Options.log_file_time_to_roll: 0
I200514 19:24:34.988792 28 storage/engine/rocksdb.go:120                        Options.keep_log_file_num: 1000
I200514 19:24:34.988795 28 storage/engine/rocksdb.go:120                     Options.recycle_log_file_num: 1
I200514 19:24:34.988798 28 storage/engine/rocksdb.go:120                          Options.allow_fallocate: 1
I200514 19:24:34.988800 28 storage/engine/rocksdb.go:120                         Options.allow_mmap_reads: 0
I200514 19:24:34.988803 28 storage/engine/rocksdb.go:120                        Options.allow_mmap_writes: 0
I200514 19:24:34.988806 28 storage/engine/rocksdb.go:120                         Options.use_direct_reads: 0
I200514 19:24:34.988808 28 storage/engine/rocksdb.go:120                         Options.use_direct_io_for_flush_and_compaction: 0
I200514 19:24:34.988811 28 storage/engine/rocksdb.go:120           Options.create_missing_column_families: 0
I200514 19:24:34.988814 28 storage/engine/rocksdb.go:120                               Options.db_log_dir: 
I200514 19:24:34.988816 28 storage/engine/rocksdb.go:120                                  Options.wal_dir: /var/lib/cockroach
I200514 19:24:34.988819 28 storage/engine/rocksdb.go:120                 Options.table_cache_numshardbits: 6
I200514 19:24:34.988822 28 storage/engine/rocksdb.go:120                       Options.max_subcompactions: 1
I200514 19:24:34.988824 28 storage/engine/rocksdb.go:120                   Options.max_background_flushes: -1
I200514 19:24:34.988827 28 storage/engine/rocksdb.go:120                          Options.WAL_ttl_seconds: 0
I200514 19:24:34.988829 28 storage/engine/rocksdb.go:120                        Options.WAL_size_limit_MB: 0
I200514 19:24:34.988832 28 storage/engine/rocksdb.go:120              Options.manifest_preallocation_size: 4194304
I200514 19:24:34.988835 28 storage/engine/rocksdb.go:120                      Options.is_fd_close_on_exec: 1
I200514 19:24:34.988837 28 storage/engine/rocksdb.go:120                    Options.advise_random_on_open: 1
I200514 19:24:34.988840 28 storage/engine/rocksdb.go:120                     Options.db_write_buffer_size: 0
I200514 19:24:34.988843 28 storage/engine/rocksdb.go:120                     Options.write_buffer_manager: 0x7f903fa8d030
I200514 19:24:34.988845 28 storage/engine/rocksdb.go:120          Options.access_hint_on_compaction_start: 1
I200514 19:24:34.988848 28 storage/engine/rocksdb.go:120   Options.new_table_reader_for_compaction_inputs: 0
I200514 19:24:34.988850 28 storage/engine/rocksdb.go:120            Options.random_access_max_buffer_size: 1048576
I200514 19:24:34.988853 28 storage/engine/rocksdb.go:120                       Options.use_adaptive_mutex: 0
I200514 19:24:34.988856 28 storage/engine/rocksdb.go:120                             Options.rate_limiter: (nil)
I200514 19:24:34.988859 28 storage/engine/rocksdb.go:120      Options.sst_file_manager.rate_bytes_per_sec: 0
I200514 19:24:34.988861 28 storage/engine/rocksdb.go:120                        Options.wal_recovery_mode: 0
I200514 19:24:34.988864 28 storage/engine/rocksdb.go:120                   Options.enable_thread_tracking: 0
I200514 19:24:34.988866 28 storage/engine/rocksdb.go:120                   Options.enable_pipelined_write: 0
I200514 19:24:34.988869 28 storage/engine/rocksdb.go:120          Options.allow_concurrent_memtable_write: 1
I200514 19:24:34.988871 28 storage/engine/rocksdb.go:120       Options.enable_write_thread_adaptive_yield: 1
I200514 19:24:34.988874 28 storage/engine/rocksdb.go:120              Options.write_thread_max_yield_usec: 100
I200514 19:24:34.988877 28 storage/engine/rocksdb.go:120             Options.write_thread_slow_yield_usec: 3
I200514 19:24:34.988879 28 storage/engine/rocksdb.go:120                                Options.row_cache: None
I200514 19:24:34.988882 28 storage/engine/rocksdb.go:120                               Options.wal_filter: None
I200514 19:24:34.988884 28 storage/engine/rocksdb.go:120              Options.avoid_flush_during_recovery: 0
I200514 19:24:34.988887 28 storage/engine/rocksdb.go:120              Options.allow_ingest_behind: 0
I200514 19:24:34.988890 28 storage/engine/rocksdb.go:120              Options.preserve_deletes: 0
I200514 19:24:34.988892 28 storage/engine/rocksdb.go:120              Options.two_write_queues: 0
I200514 19:24:34.988895 28 storage/engine/rocksdb.go:120              Options.manual_wal_flush: 1
I200514 19:24:34.988898 28 storage/engine/rocksdb.go:120              Options.atomic_flush: 0
I200514 19:24:34.988901 28 storage/engine/rocksdb.go:120              Options.avoid_unnecessary_blocking_io: 0
I200514 19:24:34.988904 28 storage/engine/rocksdb.go:120              Options.max_background_jobs: 2
I200514 19:24:34.988908 28 storage/engine/rocksdb.go:120              Options.max_background_compactions: -1
I200514 19:24:34.988910 28 storage/engine/rocksdb.go:120              Options.avoid_flush_during_shutdown: 0
I200514 19:24:34.988913 28 storage/engine/rocksdb.go:120            Options.writable_file_max_buffer_size: 1048576
I200514 19:24:34.988916 28 storage/engine/rocksdb.go:120              Options.delayed_write_rate : 16777216
I200514 19:24:34.988919 28 storage/engine/rocksdb.go:120              Options.max_total_wal_size: 0
I200514 19:24:34.988922 28 storage/engine/rocksdb.go:120              Options.delete_obsolete_files_period_micros: 21600000000
I200514 19:24:34.988930 28 storage/engine/rocksdb.go:120                    Options.stats_dump_period_sec: 0
I200514 19:24:34.988932 28 storage/engine/rocksdb.go:120                  Options.stats_persist_period_sec: 600
I200514 19:24:34.988935 28 storage/engine/rocksdb.go:120                  Options.stats_history_buffer_size: 1048576
I200514 19:24:34.988939 28 storage/engine/rocksdb.go:120                           Options.max_open_files: 1043576
I200514 19:24:34.988942 28 storage/engine/rocksdb.go:120                           Options.bytes_per_sync: 524288
I200514 19:24:34.988945 28 storage/engine/rocksdb.go:120                       Options.wal_bytes_per_sync: 0
I200514 19:24:34.988948 28 storage/engine/rocksdb.go:120                    Options.strict_bytes_per_sync: 1
I200514 19:24:34.988951 28 storage/engine/rocksdb.go:120        Options.compaction_readahead_size: 0
I200514 19:24:34.988953 28 storage/engine/rocksdb.go:120  Compression algorithms supported:
I200514 19:24:34.988957 28 storage/engine/rocksdb.go:120  	kZSTDNotFinalCompression supported: 0
I200514 19:24:34.988959 28 storage/engine/rocksdb.go:120  	kZSTD supported: 0
I200514 19:24:34.988962 28 storage/engine/rocksdb.go:120  	kXpressCompression supported: 0
I200514 19:24:34.988965 28 storage/engine/rocksdb.go:120  	kLZ4HCCompression supported: 0
I200514 19:24:34.988967 28 storage/engine/rocksdb.go:120  	kLZ4Compression supported: 0
I200514 19:24:34.988970 28 storage/engine/rocksdb.go:120  	kBZip2Compression supported: 0
I200514 19:24:34.988973 28 storage/engine/rocksdb.go:120  	kZlibCompression supported: 0
I200514 19:24:34.988975 28 storage/engine/rocksdb.go:120  	kSnappyCompression supported: 1
I200514 19:24:34.988985 28 storage/engine/rocksdb.go:120  Fast CRC32 supported: Supported on x86
I200514 19:24:34.991415 28 storage/engine/rocksdb.go:120  [db/version_set.cc:4072] Recovering from manifest file: /var/lib/cockroach/MANIFEST-000601
I200514 19:24:34.992169 28 storage/engine/rocksdb.go:120  [db/column_family.cc:488] --------------- Options for column family [default]:
I200514 19:24:34.992177 28 storage/engine/rocksdb.go:120                Options.comparator: cockroach_comparator
I200514 19:24:34.992180 28 storage/engine/rocksdb.go:120            Options.merge_operator: cockroach_merge_operator
I200514 19:24:34.992183 28 storage/engine/rocksdb.go:120         Options.compaction_filter: None
I200514 19:24:34.992186 28 storage/engine/rocksdb.go:120         Options.compaction_filter_factory: None
I200514 19:24:34.992189 28 storage/engine/rocksdb.go:120          Options.memtable_factory: SkipListFactory
I200514 19:24:34.992192 28 storage/engine/rocksdb.go:120             Options.table_factory: BlockBasedTable
I200514 19:24:34.992214 28 storage/engine/rocksdb.go:120             table_factory options:   flush_block_policy_factory: FlushBlockBySizePolicyFactory (0x7f903fa23028)
  cache_index_and_filter_blocks: 0
  cache_index_and_filter_blocks_with_high_priority: 0
  pin_l0_filter_and_index_blocks_in_cache: 0
  pin_top_level_index_and_filter: 1
  index_type: 0
  data_block_index_type: 0
  index_shortening: 1
  data_block_hash_table_util_ratio: 0.750000
  hash_index_allow_collision: 1
  checksum: 1
  no_block_cache: 0
  block_cache: 0x7f903fa14010
  block_cache_name: LRUCache
  block_cache_options:
    capacity : 67108864
    num_shard_bits : 4
    strict_capacity_limit : 0
    memory_allocator : None
    high_pri_pool_ratio: 0.000
  block_cache_compressed: (nil)
  persistent_cache: (nil)
  block_size: 32768
  block_size_deviation: 10
  block_restart_interval: 16
  index_block_restart_interval: 1
  metadata_block_size: 4096
  partition_filters: 0
  use_delta_encoding: 1
  filter_policy: rocksdb.BuiltinBloomFilter
  whole_key_filtering: 0
  verify_compression: 0
  read_amp_bytes_per_bit: 0
  format_version: 2
  enable_index_compression: 1
  block_align: 0
I200514 19:24:34.992219 28 storage/engine/rocksdb.go:120         Options.write_buffer_size: 67108864
I200514 19:24:34.992222 28 storage/engine/rocksdb.go:120   Options.max_write_buffer_number: 4
I200514 19:24:34.992225 28 storage/engine/rocksdb.go:120           Options.compression: Snappy
I200514 19:24:34.992234 28 storage/engine/rocksdb.go:120                   Options.bottommost_compression: Disabled
I200514 19:24:34.992237 28 storage/engine/rocksdb.go:120        Options.prefix_extractor: cockroach_prefix_extractor
I200514 19:24:34.992240 28 storage/engine/rocksdb.go:120    Options.memtable_insert_with_hint_prefix_extractor: nullptr
I200514 19:24:34.992243 28 storage/engine/rocksdb.go:120              Options.num_levels: 7
I200514 19:24:34.992248 28 storage/engine/rocksdb.go:120         Options.min_write_buffer_number_to_merge: 1
I200514 19:24:34.992250 28 storage/engine/rocksdb.go:120      Options.max_write_buffer_number_to_maintain: 0
I200514 19:24:34.992253 28 storage/engine/rocksdb.go:120             Options.bottommost_compression_opts.window_bits: -14
I200514 19:24:34.992256 28 storage/engine/rocksdb.go:120                   Options.bottommost_compression_opts.level: 32767
I200514 19:24:34.992258 28 storage/engine/rocksdb.go:120                Options.bottommost_compression_opts.strategy: 0
I200514 19:24:34.992261 28 storage/engine/rocksdb.go:120          Options.bottommost_compression_opts.max_dict_bytes: 0
I200514 19:24:34.992263 28 storage/engine/rocksdb.go:120          Options.bottommost_compression_opts.zstd_max_train_bytes: 0
I200514 19:24:34.992271 28 storage/engine/rocksdb.go:120                   Options.bottommost_compression_opts.enabled: false
I200514 19:24:34.992273 28 storage/engine/rocksdb.go:120             Options.compression_opts.window_bits: -14
I200514 19:24:34.992276 28 storage/engine/rocksdb.go:120                   Options.compression_opts.level: 32767
I200514 19:24:34.992278 28 storage/engine/rocksdb.go:120                Options.compression_opts.strategy: 0
I200514 19:24:34.992281 28 storage/engine/rocksdb.go:120          Options.compression_opts.max_dict_bytes: 0
I200514 19:24:34.992284 28 storage/engine/rocksdb.go:120          Options.compression_opts.zstd_max_train_bytes: 0
I200514 19:24:34.992286 28 storage/engine/rocksdb.go:120                   Options.compression_opts.enabled: false
I200514 19:24:34.992289 28 storage/engine/rocksdb.go:120       Options.level0_file_num_compaction_trigger: 2
I200514 19:24:34.992291 28 storage/engine/rocksdb.go:120           Options.level0_slowdown_writes_trigger: 950
I200514 19:24:34.992294 28 storage/engine/rocksdb.go:120               Options.level0_stop_writes_trigger: 1000
I200514 19:24:34.992297 28 storage/engine/rocksdb.go:120                    Options.target_file_size_base: 4194304
I200514 19:24:34.992299 28 storage/engine/rocksdb.go:120              Options.target_file_size_multiplier: 2
I200514 19:24:34.992302 28 storage/engine/rocksdb.go:120                 Options.max_bytes_for_level_base: 67108864
I200514 19:24:34.992305 28 storage/engine/rocksdb.go:120  Options.level_compaction_dynamic_level_bytes: 1
I200514 19:24:34.992308 28 storage/engine/rocksdb.go:120           Options.max_bytes_for_level_multiplier: 10.000000
I200514 19:24:34.992311 28 storage/engine/rocksdb.go:120  Options.max_bytes_for_level_multiplier_addtl[0]: 1
I200514 19:24:34.992315 28 storage/engine/rocksdb.go:120  Options.max_bytes_for_level_multiplier_addtl[1]: 1
I200514 19:24:34.992317 28 storage/engine/rocksdb.go:120  Options.max_bytes_for_level_multiplier_addtl[2]: 1
I200514 19:24:34.992320 28 storage/engine/rocksdb.go:120  Options.max_bytes_for_level_multiplier_addtl[3]: 1
I200514 19:24:34.992323 28 storage/engine/rocksdb.go:120  Options.max_bytes_for_level_multiplier_addtl[4]: 1
I200514 19:24:34.992325 28 storage/engine/rocksdb.go:120  Options.max_bytes_for_level_multiplier_addtl[5]: 1
I200514 19:24:34.992328 28 storage/engine/rocksdb.go:120  Options.max_bytes_for_level_multiplier_addtl[6]: 1
I200514 19:24:34.992331 28 storage/engine/rocksdb.go:120        Options.max_sequential_skip_in_iterations: 8
I200514 19:24:34.992333 28 storage/engine/rocksdb.go:120                     Options.max_compaction_bytes: 104857600
I200514 19:24:34.992336 28 storage/engine/rocksdb.go:120                         Options.arena_block_size: 8388608
I200514 19:24:34.992338 28 storage/engine/rocksdb.go:120    Options.soft_pending_compaction_bytes_limit: 2199023255552
I200514 19:24:34.992341 28 storage/engine/rocksdb.go:120    Options.hard_pending_compaction_bytes_limit: 4400193994752
I200514 19:24:34.992344 28 storage/engine/rocksdb.go:120        Options.rate_limit_delay_max_milliseconds: 100
I200514 19:24:34.992346 28 storage/engine/rocksdb.go:120                 Options.disable_auto_compactions: 0
I200514 19:24:34.992350 28 storage/engine/rocksdb.go:120                         Options.compaction_style: kCompactionStyleLevel
I200514 19:24:34.992353 28 storage/engine/rocksdb.go:120                           Options.compaction_pri: kMinOverlappingRatio
I200514 19:24:34.992355 28 storage/engine/rocksdb.go:120  Options.compaction_options_universal.size_ratio: 1
I200514 19:24:34.992358 28 storage/engine/rocksdb.go:120  Options.compaction_options_universal.min_merge_width: 2
I200514 19:24:34.992360 28 storage/engine/rocksdb.go:120  Options.compaction_options_universal.max_merge_width: 4294967295
I200514 19:24:34.992363 28 storage/engine/rocksdb.go:120  Options.compaction_options_universal.max_size_amplification_percent: 200
I200514 19:24:34.992366 28 storage/engine/rocksdb.go:120  Options.compaction_options_universal.compression_size_percent: -1
I200514 19:24:34.992368 28 storage/engine/rocksdb.go:120  Options.compaction_options_universal.stop_style: kCompactionStopStyleTotalSize
I200514 19:24:34.992371 28 storage/engine/rocksdb.go:120  Options.compaction_options_fifo.max_table_files_size: 1073741824
I200514 19:24:34.992374 28 storage/engine/rocksdb.go:120  Options.compaction_options_fifo.allow_compaction: 0
I200514 19:24:34.992379 28 storage/engine/rocksdb.go:120                    Options.table_properties_collectors: TimeBoundTblPropCollectorFactory; DeleteRangeTblPropCollectorFactory; 
I200514 19:24:34.992382 28 storage/engine/rocksdb.go:120                    Options.inplace_update_support: 0
I200514 19:24:34.992385 28 storage/engine/rocksdb.go:120                  Options.inplace_update_num_locks: 10000
I200514 19:24:34.992388 28 storage/engine/rocksdb.go:120                Options.memtable_prefix_bloom_size_ratio: 0.000000
I200514 19:24:34.992390 28 storage/engine/rocksdb.go:120                Options.memtable_whole_key_filtering: 0
I200514 19:24:34.992393 28 storage/engine/rocksdb.go:120    Options.memtable_huge_page_size: 0
I200514 19:24:34.992396 28 storage/engine/rocksdb.go:120                            Options.bloom_locality: 0
I200514 19:24:34.992398 28 storage/engine/rocksdb.go:120                     Options.max_successive_merges: 0
I200514 19:24:34.992401 28 storage/engine/rocksdb.go:120                 Options.optimize_filters_for_hits: 1
I200514 19:24:34.992403 28 storage/engine/rocksdb.go:120                 Options.paranoid_file_checks: 0
I200514 19:24:34.992406 28 storage/engine/rocksdb.go:120                 Options.force_consistency_checks: 0
I200514 19:24:34.992408 28 storage/engine/rocksdb.go:120                 Options.report_bg_io_stats: 0
I200514 19:24:34.992411 28 storage/engine/rocksdb.go:120                                Options.ttl: 0
I200514 19:24:34.992414 28 storage/engine/rocksdb.go:120           Options.periodic_compaction_seconds: 0
I200514 19:24:34.999833 28 storage/engine/rocksdb.go:120  [db/version_set.cc:4286] Recovered from manifest file:/var/lib/cockroach/MANIFEST-000601 succeeded,manifest_file_number is 601, next_file_number is 609, last_sequence is 9526357, log_number is 600,prev_log_number is 0,max_column_family is 0,min_log_number_to_keep is 0
I200514 19:24:34.999842 28 storage/engine/rocksdb.go:120  [db/version_set.cc:4295] Column family [default] (ID 0), log number is 600
I200514 19:24:35.001829 28 storage/engine/rocksdb.go:120  EVENT_LOG_v1 {"time_micros": 1589484275001783, "job": 1, "event": "recovery_started", "log_files": [602]}
I200514 19:24:35.001842 28 storage/engine/rocksdb.go:120  [db/db_impl_open.cc:598] Recovering log #602 mode 0
I200514 19:24:35.029664 28 storage/engine/rocksdb.go:120  EVENT_LOG_v1 {"time_micros": 1589484275029597, "cf_name": "default", "job": 1, "event": "table_file_creation", "file_number": 609, "file_size": 85057, "table_properties": {"data_size": 81748, "index_size": 455, "index_partitions": 0, "top_level_index_size": 0, "index_key_is_user_key": 0, "index_value_is_delta_encoded": 0, "filter_size": 1989, "raw_key_size": 61766, "raw_average_key_size": 37, "raw_value_size": 318068, "raw_average_value_size": 194, "num_data_blocks": 10, "num_entries": 1633, "num_deletions": 481, "num_merge_operands": 664, "num_range_deletions": 664, "format_version": 0, "fixed_key_len": 0, "filter_policy": "rocksdb.BuiltinBloomFilter", "column_family_name": "default", "column_family_id": 0, "comparator": "cockroach_comparator", "merge_operator": "cockroach_merge_operator", "prefix_extractor_name": "cockroach_prefix_extractor", "property_collectors": "[TimeBoundTblPropCollectorFactory,DeleteRangeTblPropCollectorFactory]", "compression": "Snappy", "compression_options": "window_bits=-14; level=32767; strategy=0; max_dict_bytes=0; zstd_max_train_bytes=0; enabled=0; ", "creation_time": 1589484275, "oldest_key_time": 3, "file_creation_time": 0}}
I200514 19:24:35.030073 28 storage/engine/rocksdb.go:120  [db/version_set.cc:3560] Creating manifest 610
I200514 19:24:35.040304 28 storage/engine/rocksdb.go:120  EVENT_LOG_v1 {"time_micros": 1589484275040278, "job": 1, "event": "recovery_finished"}
I200514 19:24:35.065783 28 storage/engine/rocksdb.go:120  DB pointer 0x7f903fa9f000
I200514 19:25:31.442966 1218 storage/engine/rocksdb.go:120  bloom filter utility:    -nan%
I200514 19:25:31.443216 1218 storage/engine/rocksdb.go:120  [db/db_impl.cc:392] Shutdown: canceling all background work
I200514 19:25:31.445369 1218 storage/engine/rocksdb.go:120  [db/db_impl.cc:565] Shutdown complete
I200514 19:25:31.456609 1218 storage/engine/rocksdb.go:120  bloom filter utility:    58.9%
I200514 19:25:31.456907 1218 storage/engine/rocksdb.go:120  [db/db_impl.cc:392] Shutdown: canceling all background work
I200514 19:25:31.462646 1218 storage/engine/rocksdb.go:120  [db/db_impl.cc:565] Shutdown complete
