I200514 20:02:56.487520 12 util/log/clog.go:1196  [config] file created at: 2020/05/14 20:02:56
I200514 20:02:56.487520 12 util/log/clog.go:1196  [config] running on machine: d0354b5cf2e7
I200514 20:02:56.487520 12 util/log/clog.go:1196  [config] binary: CockroachDB CCL v19.2.5 (x86_64-unknown-linux-gnu, built 2020/03/16 18:27:12, go1.12.12)
I200514 20:02:56.487520 12 util/log/clog.go:1196  [config] arguments: [/cockroach/cockroach start --insecure --store=attrs=ssd,path=/var/lib/cockroach/]
I200514 20:02:56.487520 12 util/log/clog.go:1196  line format: [IWEF]yymmdd hh:mm:ss.uuuuuu goid file:line msg utf8=✓
I200514 20:02:56.487519 12 storage/engine/rocksdb.go:120  RocksDB version: 6.2.1
I200514 20:02:56.495544 12 storage/engine/rocksdb.go:120  Git sha rocksdb_build_git_sha:@b7009236531fa784872f4823eabf393501e41bf2@
I200514 20:02:56.495554 12 storage/engine/rocksdb.go:120  Compile date Mar 16 2020
I200514 20:02:56.495558 12 storage/engine/rocksdb.go:120  DB SUMMARY
I200514 20:02:56.497059 12 storage/engine/rocksdb.go:120  SST files in /var/lib/cockroach/cockroach-temp379439585 dir, Total Num: 0, files: 
I200514 20:02:56.717764 12 storage/engine/rocksdb.go:120  Write Ahead Log file in /var/lib/cockroach/cockroach-temp379439585: 
I200514 20:02:56.717769 12 storage/engine/rocksdb.go:120                          Options.error_if_exists: 0
I200514 20:02:56.717772 12 storage/engine/rocksdb.go:120                        Options.create_if_missing: 1
I200514 20:02:56.717775 12 storage/engine/rocksdb.go:120                          Options.paranoid_checks: 1
I200514 20:02:56.717777 12 storage/engine/rocksdb.go:120                                      Options.env: 0x75757a0
I200514 20:02:56.717780 12 storage/engine/rocksdb.go:120                                 Options.info_log: 0x7fb9d2c270e0
I200514 20:02:56.717784 12 storage/engine/rocksdb.go:120                 Options.max_file_opening_threads: 16
I200514 20:02:56.717786 12 storage/engine/rocksdb.go:120                               Options.statistics: 0x7fb9d2c34010
I200514 20:02:56.717789 12 storage/engine/rocksdb.go:120                                Options.use_fsync: 0
I200514 20:02:56.717792 12 storage/engine/rocksdb.go:120                        Options.max_log_file_size: 0
I200514 20:02:56.717795 12 storage/engine/rocksdb.go:120                   Options.max_manifest_file_size: 134217728
I200514 20:02:56.717797 12 storage/engine/rocksdb.go:120                    Options.log_file_time_to_roll: 0
I200514 20:02:56.717800 12 storage/engine/rocksdb.go:120                        Options.keep_log_file_num: 1000
I200514 20:02:56.717803 12 storage/engine/rocksdb.go:120                     Options.recycle_log_file_num: 1
I200514 20:02:56.717805 12 storage/engine/rocksdb.go:120                          Options.allow_fallocate: 1
I200514 20:02:56.717808 12 storage/engine/rocksdb.go:120                         Options.allow_mmap_reads: 0
I200514 20:02:56.717810 12 storage/engine/rocksdb.go:120                        Options.allow_mmap_writes: 0
I200514 20:02:56.717813 12 storage/engine/rocksdb.go:120                         Options.use_direct_reads: 0
I200514 20:02:56.717816 12 storage/engine/rocksdb.go:120                         Options.use_direct_io_for_flush_and_compaction: 0
I200514 20:02:56.717818 12 storage/engine/rocksdb.go:120           Options.create_missing_column_families: 0
I200514 20:02:56.717821 12 storage/engine/rocksdb.go:120                               Options.db_log_dir: 
I200514 20:02:56.717824 12 storage/engine/rocksdb.go:120                                  Options.wal_dir: /var/lib/cockroach/cockroach-temp379439585
I200514 20:02:56.717826 12 storage/engine/rocksdb.go:120                 Options.table_cache_numshardbits: 6
I200514 20:02:56.717829 12 storage/engine/rocksdb.go:120                       Options.max_subcompactions: 1
I200514 20:02:56.717831 12 storage/engine/rocksdb.go:120                   Options.max_background_flushes: -1
I200514 20:02:56.717834 12 storage/engine/rocksdb.go:120                          Options.WAL_ttl_seconds: 0
I200514 20:02:56.717836 12 storage/engine/rocksdb.go:120                        Options.WAL_size_limit_MB: 0
I200514 20:02:56.717839 12 storage/engine/rocksdb.go:120              Options.manifest_preallocation_size: 4194304
I200514 20:02:56.717841 12 storage/engine/rocksdb.go:120                      Options.is_fd_close_on_exec: 1
I200514 20:02:56.717844 12 storage/engine/rocksdb.go:120                    Options.advise_random_on_open: 1
I200514 20:02:56.717847 12 storage/engine/rocksdb.go:120                     Options.db_write_buffer_size: 0
I200514 20:02:56.717849 12 storage/engine/rocksdb.go:120                     Options.write_buffer_manager: 0x7fb9d2c190f0
I200514 20:02:56.717852 12 storage/engine/rocksdb.go:120          Options.access_hint_on_compaction_start: 1
I200514 20:02:56.717854 12 storage/engine/rocksdb.go:120   Options.new_table_reader_for_compaction_inputs: 0
I200514 20:02:56.717857 12 storage/engine/rocksdb.go:120            Options.random_access_max_buffer_size: 1048576
I200514 20:02:56.717860 12 storage/engine/rocksdb.go:120                       Options.use_adaptive_mutex: 0
I200514 20:02:56.717862 12 storage/engine/rocksdb.go:120                             Options.rate_limiter: (nil)
I200514 20:02:56.717865 12 storage/engine/rocksdb.go:120      Options.sst_file_manager.rate_bytes_per_sec: 0
I200514 20:02:56.717868 12 storage/engine/rocksdb.go:120                        Options.wal_recovery_mode: 0
I200514 20:02:56.717870 12 storage/engine/rocksdb.go:120                   Options.enable_thread_tracking: 0
I200514 20:02:56.717873 12 storage/engine/rocksdb.go:120                   Options.enable_pipelined_write: 0
I200514 20:02:56.717876 12 storage/engine/rocksdb.go:120          Options.allow_concurrent_memtable_write: 1
I200514 20:02:56.717879 12 storage/engine/rocksdb.go:120       Options.enable_write_thread_adaptive_yield: 1
I200514 20:02:56.717881 12 storage/engine/rocksdb.go:120              Options.write_thread_max_yield_usec: 100
I200514 20:02:56.717884 12 storage/engine/rocksdb.go:120             Options.write_thread_slow_yield_usec: 3
I200514 20:02:56.717886 12 storage/engine/rocksdb.go:120                                Options.row_cache: None
I200514 20:02:56.717889 12 storage/engine/rocksdb.go:120                               Options.wal_filter: None
I200514 20:02:56.717892 12 storage/engine/rocksdb.go:120              Options.avoid_flush_during_recovery: 0
I200514 20:02:56.717894 12 storage/engine/rocksdb.go:120              Options.allow_ingest_behind: 0
I200514 20:02:56.717897 12 storage/engine/rocksdb.go:120              Options.preserve_deletes: 0
I200514 20:02:56.717899 12 storage/engine/rocksdb.go:120              Options.two_write_queues: 0
I200514 20:02:56.717902 12 storage/engine/rocksdb.go:120              Options.manual_wal_flush: 1
I200514 20:02:56.717904 12 storage/engine/rocksdb.go:120              Options.atomic_flush: 0
I200514 20:02:56.717907 12 storage/engine/rocksdb.go:120              Options.avoid_unnecessary_blocking_io: 0
I200514 20:02:56.717909 12 storage/engine/rocksdb.go:120              Options.max_background_jobs: 2
I200514 20:02:56.717912 12 storage/engine/rocksdb.go:120              Options.max_background_compactions: -1
I200514 20:02:56.717915 12 storage/engine/rocksdb.go:120              Options.avoid_flush_during_shutdown: 0
I200514 20:02:56.717917 12 storage/engine/rocksdb.go:120            Options.writable_file_max_buffer_size: 1048576
I200514 20:02:56.717920 12 storage/engine/rocksdb.go:120              Options.delayed_write_rate : 16777216
I200514 20:02:56.717922 12 storage/engine/rocksdb.go:120              Options.max_total_wal_size: 0
I200514 20:02:56.717925 12 storage/engine/rocksdb.go:120              Options.delete_obsolete_files_period_micros: 21600000000
I200514 20:02:56.717928 12 storage/engine/rocksdb.go:120                    Options.stats_dump_period_sec: 0
I200514 20:02:56.717931 12 storage/engine/rocksdb.go:120                  Options.stats_persist_period_sec: 600
I200514 20:02:56.717934 12 storage/engine/rocksdb.go:120                  Options.stats_history_buffer_size: 1048576
I200514 20:02:56.717937 12 storage/engine/rocksdb.go:120                           Options.max_open_files: 128
I200514 20:02:56.717939 12 storage/engine/rocksdb.go:120                           Options.bytes_per_sync: 524288
I200514 20:02:56.717942 12 storage/engine/rocksdb.go:120                       Options.wal_bytes_per_sync: 0
I200514 20:02:56.717944 12 storage/engine/rocksdb.go:120                    Options.strict_bytes_per_sync: 1
I200514 20:02:56.717947 12 storage/engine/rocksdb.go:120        Options.compaction_readahead_size: 0
I200514 20:02:56.717949 12 storage/engine/rocksdb.go:120  Compression algorithms supported:
I200514 20:02:56.717952 12 storage/engine/rocksdb.go:120  	kZSTDNotFinalCompression supported: 0
I200514 20:02:56.717956 12 storage/engine/rocksdb.go:120  	kZSTD supported: 0
I200514 20:02:56.717958 12 storage/engine/rocksdb.go:120  	kXpressCompression supported: 0
I200514 20:02:56.717961 12 storage/engine/rocksdb.go:120  	kLZ4HCCompression supported: 0
I200514 20:02:56.717964 12 storage/engine/rocksdb.go:120  	kLZ4Compression supported: 0
I200514 20:02:56.717966 12 storage/engine/rocksdb.go:120  	kBZip2Compression supported: 0
I200514 20:02:56.717969 12 storage/engine/rocksdb.go:120  	kZlibCompression supported: 0
I200514 20:02:56.717971 12 storage/engine/rocksdb.go:120  	kSnappyCompression supported: 1
I200514 20:02:56.717979 12 storage/engine/rocksdb.go:120  Fast CRC32 supported: Supported on x86
I200514 20:02:56.732336 12 storage/engine/rocksdb.go:120  [db/db_impl_open.cc:242] Creating manifest 1 
I200514 20:02:56.752147 12 storage/engine/rocksdb.go:120  [db/version_set.cc:4072] Recovering from manifest file: /var/lib/cockroach/cockroach-temp379439585/MANIFEST-000001
I200514 20:02:56.753962 12 storage/engine/rocksdb.go:120  [db/column_family.cc:488] --------------- Options for column family [default]:
I200514 20:02:56.753968 12 storage/engine/rocksdb.go:120                Options.comparator: cockroach_comparator
I200514 20:02:56.753971 12 storage/engine/rocksdb.go:120            Options.merge_operator: cockroach_merge_operator
I200514 20:02:56.753974 12 storage/engine/rocksdb.go:120         Options.compaction_filter: None
I200514 20:02:56.753976 12 storage/engine/rocksdb.go:120         Options.compaction_filter_factory: None
I200514 20:02:56.753979 12 storage/engine/rocksdb.go:120          Options.memtable_factory: SkipListFactory
I200514 20:02:56.753982 12 storage/engine/rocksdb.go:120             Options.table_factory: BlockBasedTable
I200514 20:02:56.754001 12 storage/engine/rocksdb.go:120             table_factory options:   flush_block_policy_factory: FlushBlockBySizePolicyFactory (0x7fb9d2c28030)
  cache_index_and_filter_blocks: 0
  cache_index_and_filter_blocks_with_high_priority: 0
  pin_l0_filter_and_index_blocks_in_cache: 0
  pin_top_level_index_and_filter: 1
  index_type: 0
  data_block_index_type: 0
  index_shortening: 1
  data_block_hash_table_util_ratio: 0.750000
  hash_index_allow_collision: 1
  checksum: 1
  no_block_cache: 0
  block_cache: 0x7fb9d2c1c010
  block_cache_name: LRUCache
  block_cache_options:
    capacity : 1048576
    num_shard_bits : 4
    strict_capacity_limit : 0
    memory_allocator : None
    high_pri_pool_ratio: 0.000
  block_cache_compressed: (nil)
  persistent_cache: (nil)
  block_size: 32768
  block_size_deviation: 10
  block_restart_interval: 16
  index_block_restart_interval: 1
  metadata_block_size: 4096
  partition_filters: 0
  use_delta_encoding: 1
  filter_policy: rocksdb.BuiltinBloomFilter
  whole_key_filtering: 0
  verify_compression: 0
  read_amp_bytes_per_bit: 0
  format_version: 2
  enable_index_compression: 1
  block_align: 0
I200514 20:02:56.754005 12 storage/engine/rocksdb.go:120         Options.write_buffer_size: 67108864
I200514 20:02:56.754010 12 storage/engine/rocksdb.go:120   Options.max_write_buffer_number: 4
I200514 20:02:56.754013 12 storage/engine/rocksdb.go:120           Options.compression: Snappy
I200514 20:02:56.754015 12 storage/engine/rocksdb.go:120                   Options.bottommost_compression: Disabled
I200514 20:02:56.754018 12 storage/engine/rocksdb.go:120        Options.prefix_extractor: cockroach_prefix_extractor
I200514 20:02:56.754021 12 storage/engine/rocksdb.go:120    Options.memtable_insert_with_hint_prefix_extractor: nullptr
I200514 20:02:56.754023 12 storage/engine/rocksdb.go:120              Options.num_levels: 7
I200514 20:02:56.754026 12 storage/engine/rocksdb.go:120         Options.min_write_buffer_number_to_merge: 1
I200514 20:02:56.754028 12 storage/engine/rocksdb.go:120      Options.max_write_buffer_number_to_maintain: 0
I200514 20:02:56.754031 12 storage/engine/rocksdb.go:120             Options.bottommost_compression_opts.window_bits: -14
I200514 20:02:56.754034 12 storage/engine/rocksdb.go:120                   Options.bottommost_compression_opts.level: 32767
I200514 20:02:56.754036 12 storage/engine/rocksdb.go:120                Options.bottommost_compression_opts.strategy: 0
I200514 20:02:56.754039 12 storage/engine/rocksdb.go:120          Options.bottommost_compression_opts.max_dict_bytes: 0
I200514 20:02:56.754041 12 storage/engine/rocksdb.go:120          Options.bottommost_compression_opts.zstd_max_train_bytes: 0
I200514 20:02:56.754044 12 storage/engine/rocksdb.go:120                   Options.bottommost_compression_opts.enabled: false
I200514 20:02:56.754046 12 storage/engine/rocksdb.go:120             Options.compression_opts.window_bits: -14
I200514 20:02:56.754049 12 storage/engine/rocksdb.go:120                   Options.compression_opts.level: 32767
I200514 20:02:56.754051 12 storage/engine/rocksdb.go:120                Options.compression_opts.strategy: 0
I200514 20:02:56.754054 12 storage/engine/rocksdb.go:120          Options.compression_opts.max_dict_bytes: 0
I200514 20:02:56.754060 12 storage/engine/rocksdb.go:120          Options.compression_opts.zstd_max_train_bytes: 0
I200514 20:02:56.754062 12 storage/engine/rocksdb.go:120                   Options.compression_opts.enabled: false
I200514 20:02:56.754065 12 storage/engine/rocksdb.go:120       Options.level0_file_num_compaction_trigger: 2
I200514 20:02:56.754067 12 storage/engine/rocksdb.go:120           Options.level0_slowdown_writes_trigger: 950
I200514 20:02:56.754070 12 storage/engine/rocksdb.go:120               Options.level0_stop_writes_trigger: 1000
I200514 20:02:56.754073 12 storage/engine/rocksdb.go:120                    Options.target_file_size_base: 4194304
I200514 20:02:56.754075 12 storage/engine/rocksdb.go:120              Options.target_file_size_multiplier: 2
I200514 20:02:56.754078 12 storage/engine/rocksdb.go:120                 Options.max_bytes_for_level_base: 67108864
I200514 20:02:56.754080 12 storage/engine/rocksdb.go:120  Options.level_compaction_dynamic_level_bytes: 1
I200514 20:02:56.754084 12 storage/engine/rocksdb.go:120           Options.max_bytes_for_level_multiplier: 10.000000
I200514 20:02:56.754086 12 storage/engine/rocksdb.go:120  Options.max_bytes_for_level_multiplier_addtl[0]: 1
I200514 20:02:56.754089 12 storage/engine/rocksdb.go:120  Options.max_bytes_for_level_multiplier_addtl[1]: 1
I200514 20:02:56.754091 12 storage/engine/rocksdb.go:120  Options.max_bytes_for_level_multiplier_addtl[2]: 1
I200514 20:02:56.754094 12 storage/engine/rocksdb.go:120  Options.max_bytes_for_level_multiplier_addtl[3]: 1
I200514 20:02:56.754097 12 storage/engine/rocksdb.go:120  Options.max_bytes_for_level_multiplier_addtl[4]: 1
I200514 20:02:56.754100 12 storage/engine/rocksdb.go:120  Options.max_bytes_for_level_multiplier_addtl[5]: 1
I200514 20:02:56.754102 12 storage/engine/rocksdb.go:120  Options.max_bytes_for_level_multiplier_addtl[6]: 1
I200514 20:02:56.754105 12 storage/engine/rocksdb.go:120        Options.max_sequential_skip_in_iterations: 8
I200514 20:02:56.754107 12 storage/engine/rocksdb.go:120                     Options.max_compaction_bytes: 104857600
I200514 20:02:56.754110 12 storage/engine/rocksdb.go:120                         Options.arena_block_size: 8388608
I200514 20:02:56.754113 12 storage/engine/rocksdb.go:120    Options.soft_pending_compaction_bytes_limit: 2199023255552
I200514 20:02:56.754115 12 storage/engine/rocksdb.go:120    Options.hard_pending_compaction_bytes_limit: 4400193994752
I200514 20:02:56.754118 12 storage/engine/rocksdb.go:120        Options.rate_limit_delay_max_milliseconds: 100
I200514 20:02:56.754120 12 storage/engine/rocksdb.go:120                 Options.disable_auto_compactions: 0
I200514 20:02:56.754124 12 storage/engine/rocksdb.go:120                         Options.compaction_style: kCompactionStyleLevel
I200514 20:02:56.754127 12 storage/engine/rocksdb.go:120                           Options.compaction_pri: kMinOverlappingRatio
I200514 20:02:56.754129 12 storage/engine/rocksdb.go:120  Options.compaction_options_universal.size_ratio: 1
I200514 20:02:56.754132 12 storage/engine/rocksdb.go:120  Options.compaction_options_universal.min_merge_width: 2
I200514 20:02:56.754134 12 storage/engine/rocksdb.go:120  Options.compaction_options_universal.max_merge_width: 4294967295
I200514 20:02:56.754137 12 storage/engine/rocksdb.go:120  Options.compaction_options_universal.max_size_amplification_percent: 200
I200514 20:02:56.754140 12 storage/engine/rocksdb.go:120  Options.compaction_options_universal.compression_size_percent: -1
I200514 20:02:56.754142 12 storage/engine/rocksdb.go:120  Options.compaction_options_universal.stop_style: kCompactionStopStyleTotalSize
I200514 20:02:56.754145 12 storage/engine/rocksdb.go:120  Options.compaction_options_fifo.max_table_files_size: 1073741824
I200514 20:02:56.754147 12 storage/engine/rocksdb.go:120  Options.compaction_options_fifo.allow_compaction: 0
I200514 20:02:56.754151 12 storage/engine/rocksdb.go:120                    Options.table_properties_collectors: TimeBoundTblPropCollectorFactory; DeleteRangeTblPropCollectorFactory; 
I200514 20:02:56.754155 12 storage/engine/rocksdb.go:120                    Options.inplace_update_support: 0
I200514 20:02:56.754157 12 storage/engine/rocksdb.go:120                  Options.inplace_update_num_locks: 10000
I200514 20:02:56.754160 12 storage/engine/rocksdb.go:120                Options.memtable_prefix_bloom_size_ratio: 0.000000
I200514 20:02:56.754162 12 storage/engine/rocksdb.go:120                Options.memtable_whole_key_filtering: 0
I200514 20:02:56.754165 12 storage/engine/rocksdb.go:120    Options.memtable_huge_page_size: 0
I200514 20:02:56.754167 12 storage/engine/rocksdb.go:120                            Options.bloom_locality: 0
I200514 20:02:56.754170 12 storage/engine/rocksdb.go:120                     Options.max_successive_merges: 0
I200514 20:02:56.754172 12 storage/engine/rocksdb.go:120                 Options.optimize_filters_for_hits: 1
I200514 20:02:56.754175 12 storage/engine/rocksdb.go:120                 Options.paranoid_file_checks: 0
I200514 20:02:56.754178 12 storage/engine/rocksdb.go:120                 Options.force_consistency_checks: 0
I200514 20:02:56.754180 12 storage/engine/rocksdb.go:120                 Options.report_bg_io_stats: 0
I200514 20:02:56.754184 12 storage/engine/rocksdb.go:120                                Options.ttl: 0
I200514 20:02:56.754186 12 storage/engine/rocksdb.go:120           Options.periodic_compaction_seconds: 0
I200514 20:02:56.755161 12 storage/engine/rocksdb.go:120  [db/version_set.cc:4286] Recovered from manifest file:/var/lib/cockroach/cockroach-temp379439585/MANIFEST-000001 succeeded,manifest_file_number is 1, next_file_number is 3, last_sequence is 0, log_number is 0,prev_log_number is 0,max_column_family is 0,min_log_number_to_keep is 0
I200514 20:02:56.755165 12 storage/engine/rocksdb.go:120  [db/version_set.cc:4295] Column family [default] (ID 0), log number is 0
I200514 20:02:56.775643 12 storage/engine/rocksdb.go:120  DB pointer 0x7fb9d2ca4000
I200514 20:02:56.793654 12 storage/engine/rocksdb.go:120  RocksDB version: 6.2.1
I200514 20:02:56.793664 12 storage/engine/rocksdb.go:120  Git sha rocksdb_build_git_sha:@b7009236531fa784872f4823eabf393501e41bf2@
I200514 20:02:56.793667 12 storage/engine/rocksdb.go:120  Compile date Mar 16 2020
I200514 20:02:56.793671 12 storage/engine/rocksdb.go:120  DB SUMMARY
I200514 20:02:56.794778 12 storage/engine/rocksdb.go:120  CURRENT file:  CURRENT
I200514 20:02:56.794783 12 storage/engine/rocksdb.go:120  IDENTITY file:  IDENTITY
I200514 20:02:56.795179 12 storage/engine/rocksdb.go:120  MANIFEST file:  MANIFEST-000718 size: 476 Bytes
I200514 20:02:56.795185 12 storage/engine/rocksdb.go:120  SST files in /var/lib/cockroach dir, Total Num: 4, files: 000713.sst 000714.sst 000715.sst 000717.sst 
I200514 20:02:56.795188 12 storage/engine/rocksdb.go:120  Write Ahead Log file in /var/lib/cockroach: 000719.log size: 11919954 ; 
I200514 20:02:56.795191 12 storage/engine/rocksdb.go:120                          Options.error_if_exists: 0
I200514 20:02:56.795194 12 storage/engine/rocksdb.go:120                        Options.create_if_missing: 1
I200514 20:02:56.795221 12 storage/engine/rocksdb.go:120                          Options.paranoid_checks: 1
I200514 20:02:56.795227 12 storage/engine/rocksdb.go:120                                      Options.env: 0x75757a0
I200514 20:02:56.795230 12 storage/engine/rocksdb.go:120                                 Options.info_log: 0x7fb9d2c27260
I200514 20:02:56.795232 12 storage/engine/rocksdb.go:120                 Options.max_file_opening_threads: 16
I200514 20:02:56.795235 12 storage/engine/rocksdb.go:120                               Options.statistics: 0x7fb9d2c34080
I200514 20:02:56.795238 12 storage/engine/rocksdb.go:120                                Options.use_fsync: 0
I200514 20:02:56.795241 12 storage/engine/rocksdb.go:120                        Options.max_log_file_size: 0
I200514 20:02:56.795244 12 storage/engine/rocksdb.go:120                   Options.max_manifest_file_size: 134217728
I200514 20:02:56.795246 12 storage/engine/rocksdb.go:120                    Options.log_file_time_to_roll: 0
I200514 20:02:56.795249 12 storage/engine/rocksdb.go:120                        Options.keep_log_file_num: 1000
I200514 20:02:56.795252 12 storage/engine/rocksdb.go:120                     Options.recycle_log_file_num: 1
I200514 20:02:56.795255 12 storage/engine/rocksdb.go:120                          Options.allow_fallocate: 1
I200514 20:02:56.795257 12 storage/engine/rocksdb.go:120                         Options.allow_mmap_reads: 0
I200514 20:02:56.795260 12 storage/engine/rocksdb.go:120                        Options.allow_mmap_writes: 0
I200514 20:02:56.795262 12 storage/engine/rocksdb.go:120                         Options.use_direct_reads: 0
I200514 20:02:56.795265 12 storage/engine/rocksdb.go:120                         Options.use_direct_io_for_flush_and_compaction: 0
I200514 20:02:56.795268 12 storage/engine/rocksdb.go:120           Options.create_missing_column_families: 0
I200514 20:02:56.795271 12 storage/engine/rocksdb.go:120                               Options.db_log_dir: 
I200514 20:02:56.795274 12 storage/engine/rocksdb.go:120                                  Options.wal_dir: /var/lib/cockroach
I200514 20:02:56.795277 12 storage/engine/rocksdb.go:120                 Options.table_cache_numshardbits: 6
I200514 20:02:56.795279 12 storage/engine/rocksdb.go:120                       Options.max_subcompactions: 1
I200514 20:02:56.795282 12 storage/engine/rocksdb.go:120                   Options.max_background_flushes: -1
I200514 20:02:56.795285 12 storage/engine/rocksdb.go:120                          Options.WAL_ttl_seconds: 0
I200514 20:02:56.795287 12 storage/engine/rocksdb.go:120                        Options.WAL_size_limit_MB: 0
I200514 20:02:56.795290 12 storage/engine/rocksdb.go:120              Options.manifest_preallocation_size: 4194304
I200514 20:02:56.795292 12 storage/engine/rocksdb.go:120                      Options.is_fd_close_on_exec: 1
I200514 20:02:56.795295 12 storage/engine/rocksdb.go:120                    Options.advise_random_on_open: 1
I200514 20:02:56.795298 12 storage/engine/rocksdb.go:120                     Options.db_write_buffer_size: 0
I200514 20:02:56.795300 12 storage/engine/rocksdb.go:120                     Options.write_buffer_manager: 0x7fb9d2c19090
I200514 20:02:56.795303 12 storage/engine/rocksdb.go:120          Options.access_hint_on_compaction_start: 1
I200514 20:02:56.795306 12 storage/engine/rocksdb.go:120   Options.new_table_reader_for_compaction_inputs: 0
I200514 20:02:56.795308 12 storage/engine/rocksdb.go:120            Options.random_access_max_buffer_size: 1048576
I200514 20:02:56.795311 12 storage/engine/rocksdb.go:120                       Options.use_adaptive_mutex: 0
I200514 20:02:56.795314 12 storage/engine/rocksdb.go:120                             Options.rate_limiter: (nil)
I200514 20:02:56.795317 12 storage/engine/rocksdb.go:120      Options.sst_file_manager.rate_bytes_per_sec: 0
I200514 20:02:56.795320 12 storage/engine/rocksdb.go:120                        Options.wal_recovery_mode: 0
I200514 20:02:56.795322 12 storage/engine/rocksdb.go:120                   Options.enable_thread_tracking: 0
I200514 20:02:56.795326 12 storage/engine/rocksdb.go:120                   Options.enable_pipelined_write: 0
I200514 20:02:56.795328 12 storage/engine/rocksdb.go:120          Options.allow_concurrent_memtable_write: 1
I200514 20:02:56.795331 12 storage/engine/rocksdb.go:120       Options.enable_write_thread_adaptive_yield: 1
I200514 20:02:56.795333 12 storage/engine/rocksdb.go:120              Options.write_thread_max_yield_usec: 100
I200514 20:02:56.795336 12 storage/engine/rocksdb.go:120             Options.write_thread_slow_yield_usec: 3
I200514 20:02:56.795338 12 storage/engine/rocksdb.go:120                                Options.row_cache: None
I200514 20:02:56.795341 12 storage/engine/rocksdb.go:120                               Options.wal_filter: None
I200514 20:02:56.795344 12 storage/engine/rocksdb.go:120              Options.avoid_flush_during_recovery: 0
I200514 20:02:56.795346 12 storage/engine/rocksdb.go:120              Options.allow_ingest_behind: 0
I200514 20:02:56.795349 12 storage/engine/rocksdb.go:120              Options.preserve_deletes: 0
I200514 20:02:56.795352 12 storage/engine/rocksdb.go:120              Options.two_write_queues: 0
I200514 20:02:56.795354 12 storage/engine/rocksdb.go:120              Options.manual_wal_flush: 1
I200514 20:02:56.795357 12 storage/engine/rocksdb.go:120              Options.atomic_flush: 0
I200514 20:02:56.795359 12 storage/engine/rocksdb.go:120              Options.avoid_unnecessary_blocking_io: 0
I200514 20:02:56.795362 12 storage/engine/rocksdb.go:120              Options.max_background_jobs: 2
I200514 20:02:56.795364 12 storage/engine/rocksdb.go:120              Options.max_background_compactions: -1
I200514 20:02:56.795367 12 storage/engine/rocksdb.go:120              Options.avoid_flush_during_shutdown: 0
I200514 20:02:56.795369 12 storage/engine/rocksdb.go:120            Options.writable_file_max_buffer_size: 1048576
I200514 20:02:56.795372 12 storage/engine/rocksdb.go:120              Options.delayed_write_rate : 16777216
I200514 20:02:56.795374 12 storage/engine/rocksdb.go:120              Options.max_total_wal_size: 0
I200514 20:02:56.795377 12 storage/engine/rocksdb.go:120              Options.delete_obsolete_files_period_micros: 21600000000
I200514 20:02:56.795380 12 storage/engine/rocksdb.go:120                    Options.stats_dump_period_sec: 0
I200514 20:02:56.795382 12 storage/engine/rocksdb.go:120                  Options.stats_persist_period_sec: 600
I200514 20:02:56.795385 12 storage/engine/rocksdb.go:120                  Options.stats_history_buffer_size: 1048576
I200514 20:02:56.795388 12 storage/engine/rocksdb.go:120                           Options.max_open_files: 1043576
I200514 20:02:56.795390 12 storage/engine/rocksdb.go:120                           Options.bytes_per_sync: 524288
I200514 20:02:56.795393 12 storage/engine/rocksdb.go:120                       Options.wal_bytes_per_sync: 0
I200514 20:02:56.795395 12 storage/engine/rocksdb.go:120                    Options.strict_bytes_per_sync: 1
I200514 20:02:56.795398 12 storage/engine/rocksdb.go:120        Options.compaction_readahead_size: 0
I200514 20:02:56.795401 12 storage/engine/rocksdb.go:120  Compression algorithms supported:
I200514 20:02:56.795404 12 storage/engine/rocksdb.go:120  	kZSTDNotFinalCompression supported: 0
I200514 20:02:56.795407 12 storage/engine/rocksdb.go:120  	kZSTD supported: 0
I200514 20:02:56.795410 12 storage/engine/rocksdb.go:120  	kXpressCompression supported: 0
I200514 20:02:56.795413 12 storage/engine/rocksdb.go:120  	kLZ4HCCompression supported: 0
I200514 20:02:56.795415 12 storage/engine/rocksdb.go:120  	kLZ4Compression supported: 0
I200514 20:02:56.795418 12 storage/engine/rocksdb.go:120  	kBZip2Compression supported: 0
I200514 20:02:56.795421 12 storage/engine/rocksdb.go:120  	kZlibCompression supported: 0
I200514 20:02:56.795423 12 storage/engine/rocksdb.go:120  	kSnappyCompression supported: 1
I200514 20:02:56.795430 12 storage/engine/rocksdb.go:120  Fast CRC32 supported: Supported on x86
I200514 20:02:56.797562 12 storage/engine/rocksdb.go:120  [db/version_set.cc:4072] Recovering from manifest file: /var/lib/cockroach/MANIFEST-000718
I200514 20:02:56.798051 12 storage/engine/rocksdb.go:120  [db/column_family.cc:488] --------------- Options for column family [default]:
I200514 20:02:56.798055 12 storage/engine/rocksdb.go:120                Options.comparator: cockroach_comparator
I200514 20:02:56.798059 12 storage/engine/rocksdb.go:120            Options.merge_operator: cockroach_merge_operator
I200514 20:02:56.798063 12 storage/engine/rocksdb.go:120         Options.compaction_filter: None
I200514 20:02:56.798065 12 storage/engine/rocksdb.go:120         Options.compaction_filter_factory: None
I200514 20:02:56.798068 12 storage/engine/rocksdb.go:120          Options.memtable_factory: SkipListFactory
I200514 20:02:56.798071 12 storage/engine/rocksdb.go:120             Options.table_factory: BlockBasedTable
I200514 20:02:56.798092 12 storage/engine/rocksdb.go:120             table_factory options:   flush_block_policy_factory: FlushBlockBySizePolicyFactory (0x7fb9d2c28090)
  cache_index_and_filter_blocks: 0
  cache_index_and_filter_blocks_with_high_priority: 0
  pin_l0_filter_and_index_blocks_in_cache: 0
  pin_top_level_index_and_filter: 1
  index_type: 0
  data_block_index_type: 0
  index_shortening: 1
  data_block_hash_table_util_ratio: 0.750000
  hash_index_allow_collision: 1
  checksum: 1
  no_block_cache: 0
  block_cache: 0x7fb9d2cbc210
  block_cache_name: LRUCache
  block_cache_options:
    capacity : 67108864
    num_shard_bits : 4
    strict_capacity_limit : 0
    memory_allocator : None
    high_pri_pool_ratio: 0.000
  block_cache_compressed: (nil)
  persistent_cache: (nil)
  block_size: 32768
  block_size_deviation: 10
  block_restart_interval: 16
  index_block_restart_interval: 1
  metadata_block_size: 4096
  partition_filters: 0
  use_delta_encoding: 1
  filter_policy: rocksdb.BuiltinBloomFilter
  whole_key_filtering: 0
  verify_compression: 0
  read_amp_bytes_per_bit: 0
  format_version: 2
  enable_index_compression: 1
  block_align: 0
I200514 20:02:56.798097 12 storage/engine/rocksdb.go:120         Options.write_buffer_size: 67108864
I200514 20:02:56.798101 12 storage/engine/rocksdb.go:120   Options.max_write_buffer_number: 4
I200514 20:02:56.798104 12 storage/engine/rocksdb.go:120           Options.compression: Snappy
I200514 20:02:56.798107 12 storage/engine/rocksdb.go:120                   Options.bottommost_compression: Disabled
I200514 20:02:56.798110 12 storage/engine/rocksdb.go:120        Options.prefix_extractor: cockroach_prefix_extractor
I200514 20:02:56.798112 12 storage/engine/rocksdb.go:120    Options.memtable_insert_with_hint_prefix_extractor: nullptr
I200514 20:02:56.798115 12 storage/engine/rocksdb.go:120              Options.num_levels: 7
I200514 20:02:56.798117 12 storage/engine/rocksdb.go:120         Options.min_write_buffer_number_to_merge: 1
I200514 20:02:56.798120 12 storage/engine/rocksdb.go:120      Options.max_write_buffer_number_to_maintain: 0
I200514 20:02:56.798123 12 storage/engine/rocksdb.go:120             Options.bottommost_compression_opts.window_bits: -14
I200514 20:02:56.798125 12 storage/engine/rocksdb.go:120                   Options.bottommost_compression_opts.level: 32767
I200514 20:02:56.798128 12 storage/engine/rocksdb.go:120                Options.bottommost_compression_opts.strategy: 0
I200514 20:02:56.798131 12 storage/engine/rocksdb.go:120          Options.bottommost_compression_opts.max_dict_bytes: 0
I200514 20:02:56.798133 12 storage/engine/rocksdb.go:120          Options.bottommost_compression_opts.zstd_max_train_bytes: 0
I200514 20:02:56.798136 12 storage/engine/rocksdb.go:120                   Options.bottommost_compression_opts.enabled: false
I200514 20:02:56.798139 12 storage/engine/rocksdb.go:120             Options.compression_opts.window_bits: -14
I200514 20:02:56.798141 12 storage/engine/rocksdb.go:120                   Options.compression_opts.level: 32767
I200514 20:02:56.798144 12 storage/engine/rocksdb.go:120                Options.compression_opts.strategy: 0
I200514 20:02:56.798146 12 storage/engine/rocksdb.go:120          Options.compression_opts.max_dict_bytes: 0
I200514 20:02:56.798149 12 storage/engine/rocksdb.go:120          Options.compression_opts.zstd_max_train_bytes: 0
I200514 20:02:56.798152 12 storage/engine/rocksdb.go:120                   Options.compression_opts.enabled: false
I200514 20:02:56.798154 12 storage/engine/rocksdb.go:120       Options.level0_file_num_compaction_trigger: 2
I200514 20:02:56.798157 12 storage/engine/rocksdb.go:120           Options.level0_slowdown_writes_trigger: 950
I200514 20:02:56.798159 12 storage/engine/rocksdb.go:120               Options.level0_stop_writes_trigger: 1000
I200514 20:02:56.798162 12 storage/engine/rocksdb.go:120                    Options.target_file_size_base: 4194304
I200514 20:02:56.798164 12 storage/engine/rocksdb.go:120              Options.target_file_size_multiplier: 2
I200514 20:02:56.798167 12 storage/engine/rocksdb.go:120                 Options.max_bytes_for_level_base: 67108864
I200514 20:02:56.798170 12 storage/engine/rocksdb.go:120  Options.level_compaction_dynamic_level_bytes: 1
I200514 20:02:56.798173 12 storage/engine/rocksdb.go:120           Options.max_bytes_for_level_multiplier: 10.000000
I200514 20:02:56.798176 12 storage/engine/rocksdb.go:120  Options.max_bytes_for_level_multiplier_addtl[0]: 1
I200514 20:02:56.798178 12 storage/engine/rocksdb.go:120  Options.max_bytes_for_level_multiplier_addtl[1]: 1
I200514 20:02:56.798181 12 storage/engine/rocksdb.go:120  Options.max_bytes_for_level_multiplier_addtl[2]: 1
I200514 20:02:56.798183 12 storage/engine/rocksdb.go:120  Options.max_bytes_for_level_multiplier_addtl[3]: 1
I200514 20:02:56.798186 12 storage/engine/rocksdb.go:120  Options.max_bytes_for_level_multiplier_addtl[4]: 1
I200514 20:02:56.798189 12 storage/engine/rocksdb.go:120  Options.max_bytes_for_level_multiplier_addtl[5]: 1
I200514 20:02:56.798191 12 storage/engine/rocksdb.go:120  Options.max_bytes_for_level_multiplier_addtl[6]: 1
I200514 20:02:56.798194 12 storage/engine/rocksdb.go:120        Options.max_sequential_skip_in_iterations: 8
I200514 20:02:56.798197 12 storage/engine/rocksdb.go:120                     Options.max_compaction_bytes: 104857600
I200514 20:02:56.798199 12 storage/engine/rocksdb.go:120                         Options.arena_block_size: 8388608
I200514 20:02:56.798223 12 storage/engine/rocksdb.go:120    Options.soft_pending_compaction_bytes_limit: 2199023255552
I200514 20:02:56.798229 12 storage/engine/rocksdb.go:120    Options.hard_pending_compaction_bytes_limit: 4400193994752
I200514 20:02:56.798232 12 storage/engine/rocksdb.go:120        Options.rate_limit_delay_max_milliseconds: 100
I200514 20:02:56.798234 12 storage/engine/rocksdb.go:120                 Options.disable_auto_compactions: 0
I200514 20:02:56.798238 12 storage/engine/rocksdb.go:120                         Options.compaction_style: kCompactionStyleLevel
I200514 20:02:56.798241 12 storage/engine/rocksdb.go:120                           Options.compaction_pri: kMinOverlappingRatio
I200514 20:02:56.798244 12 storage/engine/rocksdb.go:120  Options.compaction_options_universal.size_ratio: 1
I200514 20:02:56.798246 12 storage/engine/rocksdb.go:120  Options.compaction_options_universal.min_merge_width: 2
I200514 20:02:56.798249 12 storage/engine/rocksdb.go:120  Options.compaction_options_universal.max_merge_width: 4294967295
I200514 20:02:56.798252 12 storage/engine/rocksdb.go:120  Options.compaction_options_universal.max_size_amplification_percent: 200
I200514 20:02:56.798255 12 storage/engine/rocksdb.go:120  Options.compaction_options_universal.compression_size_percent: -1
I200514 20:02:56.798257 12 storage/engine/rocksdb.go:120  Options.compaction_options_universal.stop_style: kCompactionStopStyleTotalSize
I200514 20:02:56.798260 12 storage/engine/rocksdb.go:120  Options.compaction_options_fifo.max_table_files_size: 1073741824
I200514 20:02:56.798263 12 storage/engine/rocksdb.go:120  Options.compaction_options_fifo.allow_compaction: 0
I200514 20:02:56.798267 12 storage/engine/rocksdb.go:120                    Options.table_properties_collectors: TimeBoundTblPropCollectorFactory; DeleteRangeTblPropCollectorFactory; 
I200514 20:02:56.798271 12 storage/engine/rocksdb.go:120                    Options.inplace_update_support: 0
I200514 20:02:56.798273 12 storage/engine/rocksdb.go:120                  Options.inplace_update_num_locks: 10000
I200514 20:02:56.798277 12 storage/engine/rocksdb.go:120                Options.memtable_prefix_bloom_size_ratio: 0.000000
I200514 20:02:56.798279 12 storage/engine/rocksdb.go:120                Options.memtable_whole_key_filtering: 0
I200514 20:02:56.798282 12 storage/engine/rocksdb.go:120    Options.memtable_huge_page_size: 0
I200514 20:02:56.798285 12 storage/engine/rocksdb.go:120                            Options.bloom_locality: 0
I200514 20:02:56.798287 12 storage/engine/rocksdb.go:120                     Options.max_successive_merges: 0
I200514 20:02:56.798290 12 storage/engine/rocksdb.go:120                 Options.optimize_filters_for_hits: 1
I200514 20:02:56.798292 12 storage/engine/rocksdb.go:120                 Options.paranoid_file_checks: 0
I200514 20:02:56.798295 12 storage/engine/rocksdb.go:120                 Options.force_consistency_checks: 0
I200514 20:02:56.798297 12 storage/engine/rocksdb.go:120                 Options.report_bg_io_stats: 0
I200514 20:02:56.798300 12 storage/engine/rocksdb.go:120                                Options.ttl: 0
I200514 20:02:56.798303 12 storage/engine/rocksdb.go:120           Options.periodic_compaction_seconds: 0
I200514 20:02:56.802820 12 storage/engine/rocksdb.go:120  [db/version_set.cc:4286] Recovered from manifest file:/var/lib/cockroach/MANIFEST-000718 succeeded,manifest_file_number is 718, next_file_number is 720, last_sequence is 9692812, log_number is 711,prev_log_number is 0,max_column_family is 0,min_log_number_to_keep is 0
I200514 20:02:56.802828 12 storage/engine/rocksdb.go:120  [db/version_set.cc:4295] Column family [default] (ID 0), log number is 711
I200514 20:02:56.804445 12 storage/engine/rocksdb.go:120  EVENT_LOG_v1 {"time_micros": 1589486576804426, "job": 1, "event": "recovery_started", "log_files": [719]}
I200514 20:02:56.804454 12 storage/engine/rocksdb.go:120  [db/db_impl_open.cc:598] Recovering log #719 mode 0
I200514 20:02:56.993713 12 storage/engine/rocksdb.go:120  EVENT_LOG_v1 {"time_micros": 1589486576993662, "cf_name": "default", "job": 1, "event": "table_file_creation", "file_number": 720, "file_size": 173373, "table_properties": {"data_size": 167250, "index_size": 1345, "index_partitions": 0, "top_level_index_size": 0, "index_key_is_user_key": 0, "index_value_is_delta_encoded": 0, "filter_size": 4293, "raw_key_size": 133919, "raw_average_key_size": 36, "raw_value_size": 766678, "raw_average_value_size": 211, "num_data_blocks": 24, "num_entries": 3624, "num_deletions": 1501, "num_merge_operands": 1328, "num_range_deletions": 1328, "format_version": 0, "fixed_key_len": 0, "filter_policy": "rocksdb.BuiltinBloomFilter", "column_family_name": "default", "column_family_id": 0, "comparator": "cockroach_comparator", "merge_operator": "cockroach_merge_operator", "prefix_extractor_name": "cockroach_prefix_extractor", "property_collectors": "[TimeBoundTblPropCollectorFactory,DeleteRangeTblPropCollectorFactory]", "compression": "Snappy", "compression_options": "window_bits=-14; level=32767; strategy=0; max_dict_bytes=0; zstd_max_train_bytes=0; enabled=0; ", "creation_time": 1589486576, "oldest_key_time": 3, "file_creation_time": 0}}
I200514 20:02:56.995512 12 storage/engine/rocksdb.go:120  [db/version_set.cc:3560] Creating manifest 721
I200514 20:02:57.010606 12 storage/engine/rocksdb.go:120  EVENT_LOG_v1 {"time_micros": 1589486577010583, "job": 1, "event": "recovery_finished"}
I200514 20:02:57.042684 12 storage/engine/rocksdb.go:120  DB pointer 0x7fb9d2d34000
I200514 20:02:57.074656 17 storage/engine/rocksdb.go:120  [db/compaction_job.cc:1647] [default] [JOB 3] Compacting 2@0 + 3@6 files to L6, score 1.00
I200514 20:02:57.074674 17 storage/engine/rocksdb.go:120  [db/compaction_job.cc:1651] [default] Compaction start summary: Base version 2 Base level 0, inputs: [720(169KB) 717(93KB)], [713(4119KB) 714(4123KB) 715(3212KB)]
I200514 20:02:57.074753 17 storage/engine/rocksdb.go:120  EVENT_LOG_v1 {"time_micros": 1589486577074692, "job": 3, "event": "compaction_started", "compaction_reason": "LevelL0FilesNum", "files_L0": [720, 717], "files_L6": [713, 714, 715], "score": 1, "input_data_size": 12000259}
I200514 20:02:57.184941 17 storage/engine/rocksdb.go:120  [db/compaction_job.cc:1334] [default] [JOB 3] Generated table #725: 15662 keys, 4224770 bytes
I200514 20:02:57.184982 17 storage/engine/rocksdb.go:120  EVENT_LOG_v1 {"time_micros": 1589486577184958, "cf_name": "default", "job": 3, "event": "table_file_creation", "file_number": 725, "file_size": 4224770, "table_properties": {"data_size": 4202653, "index_size": 78886, "index_partitions": 0, "top_level_index_size": 0, "index_key_is_user_key": 0, "index_value_is_delta_encoded": 0, "filter_size": 0, "raw_key_size": 765001, "raw_average_key_size": 48, "raw_value_size": 35637710, "raw_average_value_size": 2275, "num_data_blocks": 1151, "num_entries": 15662, "num_deletions": 0, "num_merge_operands": 0, "num_range_deletions": 0, "format_version": 0, "fixed_key_len": 0, "filter_policy": "rocksdb.BuiltinBloomFilter", "column_family_name": "default", "column_family_id": 0, "comparator": "cockroach_comparator", "merge_operator": "cockroach_merge_operator", "prefix_extractor_name": "cockroach_prefix_extractor", "property_collectors": "[TimeBoundTblPropCollectorFactory,DeleteRangeTblPropCollectorFactory]", "compression": "Snappy", "compression_options": "window_bits=-14; level=32767; strategy=0; max_dict_bytes=0; zstd_max_train_bytes=0; enabled=0; ", "creation_time": 1589486576, "oldest_key_time": 0, "file_creation_time": 1589486577}}
I200514 20:02:57.283918 17 storage/engine/rocksdb.go:120  [db/compaction_job.cc:1334] [default] [JOB 3] Generated table #726: 8106 keys, 4219904 bytes
I200514 20:02:57.283963 17 storage/engine/rocksdb.go:120  EVENT_LOG_v1 {"time_micros": 1589486577283939, "cf_name": "default", "job": 3, "event": "table_file_creation", "file_number": 726, "file_size": 4219904, "table_properties": {"data_size": 4204224, "index_size": 52927, "index_partitions": 0, "top_level_index_size": 0, "index_key_is_user_key": 0, "index_value_is_delta_encoded": 0, "filter_size": 0, "raw_key_size": 444108, "raw_average_key_size": 54, "raw_value_size": 24296471, "raw_average_value_size": 2997, "num_data_blocks": 786, "num_entries": 8106, "num_deletions": 0, "num_merge_operands": 0, "num_range_deletions": 0, "format_version": 0, "fixed_key_len": 0, "filter_policy": "rocksdb.BuiltinBloomFilter", "column_family_name": "default", "column_family_id": 0, "comparator": "cockroach_comparator", "merge_operator": "cockroach_merge_operator", "prefix_extractor_name": "cockroach_prefix_extractor", "property_collectors": "[TimeBoundTblPropCollectorFactory,DeleteRangeTblPropCollectorFactory]", "compression": "Snappy", "compression_options": "window_bits=-14; level=32767; strategy=0; max_dict_bytes=0; zstd_max_train_bytes=0; enabled=0; ", "creation_time": 1589486576, "oldest_key_time": 0, "file_creation_time": 1589486577}}
I200514 20:02:57.364050 17 storage/engine/rocksdb.go:120  [db/compaction_job.cc:1334] [default] [JOB 3] Generated table #727: 11333 keys, 3389305 bytes
I200514 20:02:57.364135 17 storage/engine/rocksdb.go:120  EVENT_LOG_v1 {"time_micros": 1589486577364098, "cf_name": "default", "job": 3, "event": "table_file_creation", "file_number": 727, "file_size": 3389305, "table_properties": {"data_size": 3375449, "index_size": 46867, "index_partitions": 0, "top_level_index_size": 0, "index_key_is_user_key": 0, "index_value_is_delta_encoded": 0, "filter_size": 0, "raw_key_size": 549148, "raw_average_key_size": 48, "raw_value_size": 20461819, "raw_average_value_size": 1805, "num_data_blocks": 665, "num_entries": 11333, "num_deletions": 0, "num_merge_operands": 0, "num_range_deletions": 0, "format_version": 0, "fixed_key_len": 0, "filter_policy": "rocksdb.BuiltinBloomFilter", "column_family_name": "default", "column_family_id": 0, "comparator": "cockroach_comparator", "merge_operator": "cockroach_merge_operator", "prefix_extractor_name": "cockroach_prefix_extractor", "property_collectors": "[TimeBoundTblPropCollectorFactory,DeleteRangeTblPropCollectorFactory]", "compression": "Snappy", "compression_options": "window_bits=-14; level=32767; strategy=0; max_dict_bytes=0; zstd_max_train_bytes=0; enabled=0; ", "creation_time": 1589486576, "oldest_key_time": 0, "file_creation_time": 1589486577}}
I200514 20:02:57.369318 17 storage/engine/rocksdb.go:120  [db/compaction_job.cc:1397] [default] [JOB 3] Compacted 2@0 + 3@6 files to L6 => 11833979 bytes
I200514 20:02:57.369888 17 storage/engine/rocksdb.go:120  (Original Log Time 2020/05/14-20:02:57.369774) [db/compaction_job.cc:770] [default] compacted to: base level 6 level multiplier 10.00 max bytes base 67108864 files[0 0 0 0 0 0 3] max score 0.00, MB/sec: 41.4 rd, 40.9 wr, level 6, files in(2, 3) out(3) MB in(0.3, 11.2) out(11.3), read-write-amplify(88.5) write-amplify(44.0) OK, records in: 38957, records dropped: 2528 output_compression: Snappy
I200514 20:02:57.369899 17 storage/engine/rocksdb.go:120  (Original Log Time 2020/05/14-20:02:57.369806) EVENT_LOG_v1 {"time_micros": 1589486577369796, "job": 3, "event": "compaction_finished", "compaction_time_micros": 289650, "compaction_time_cpu_micros": 117310, "output_level": 6, "num_output_files": 3, "total_output_size": 11833979, "num_input_records": 37629, "num_output_records": 35101, "num_subcompactions": 1, "output_compression": "Snappy", "num_single_delete_mismatches": 0, "num_single_delete_fallthrough": 0, "lsm_state": [0, 0, 0, 0, 0, 0, 3]}
I200514 20:02:57.370475 17 storage/engine/rocksdb.go:120  EVENT_LOG_v1 {"time_micros": 1589486577370461, "job": 3, "event": "table_file_deletion", "file_number": 720}
I200514 20:02:57.371269 17 storage/engine/rocksdb.go:120  EVENT_LOG_v1 {"time_micros": 1589486577371255, "job": 3, "event": "table_file_deletion", "file_number": 717}
I200514 20:02:57.372256 17 storage/engine/rocksdb.go:120  EVENT_LOG_v1 {"time_micros": 1589486577372239, "job": 3, "event": "table_file_deletion", "file_number": 715}
I200514 20:02:57.373352 17 storage/engine/rocksdb.go:120  EVENT_LOG_v1 {"time_micros": 1589486577373335, "job": 3, "event": "table_file_deletion", "file_number": 714}
I200514 20:02:57.374160 17 storage/engine/rocksdb.go:120  EVENT_LOG_v1 {"time_micros": 1589486577374147, "job": 3, "event": "table_file_deletion", "file_number": 713}
I200514 20:13:28.132609 7763 storage/engine/rocksdb.go:120  bloom filter utility:    -nan%
I200514 20:13:28.132930 7763 storage/engine/rocksdb.go:120  [db/db_impl.cc:392] Shutdown: canceling all background work
I200514 20:13:28.134894 7763 storage/engine/rocksdb.go:120  [db/db_impl.cc:565] Shutdown complete
I200514 20:13:28.143935 7763 storage/engine/rocksdb.go:120  bloom filter utility:    44.0%
I200514 20:13:28.144484 7763 storage/engine/rocksdb.go:120  [db/db_impl.cc:392] Shutdown: canceling all background work
I200514 20:13:28.152454 7763 storage/engine/rocksdb.go:120  [db/db_impl.cc:565] Shutdown complete
