I200512 19:26:49.139270 11 util/log/clog.go:1196  [config] file created at: 2020/05/12 19:26:49
I200512 19:26:49.139270 11 util/log/clog.go:1196  [config] running on machine: 3c30aa2982ae
I200512 19:26:49.139270 11 util/log/clog.go:1196  [config] binary: CockroachDB CCL v19.2.5 (x86_64-unknown-linux-gnu, built 2020/03/16 18:27:12, go1.12.12)
I200512 19:26:49.139270 11 util/log/clog.go:1196  [config] arguments: [/cockroach/cockroach start --insecure --store=attrs=ssd,path=/var/lib/cockroach/]
I200512 19:26:49.139270 11 util/log/clog.go:1196  line format: [IWEF]yymmdd hh:mm:ss.uuuuuu goid file:line msg utf8=✓
I200512 19:26:49.139270 11 storage/engine/rocksdb.go:120  RocksDB version: 6.2.1
I200512 19:26:49.148538 11 storage/engine/rocksdb.go:120  Git sha rocksdb_build_git_sha:@b7009236531fa784872f4823eabf393501e41bf2@
I200512 19:26:49.148541 11 storage/engine/rocksdb.go:120  Compile date Mar 16 2020
I200512 19:26:49.148545 11 storage/engine/rocksdb.go:120  DB SUMMARY
I200512 19:26:49.149074 11 storage/engine/rocksdb.go:120  SST files in /var/lib/cockroach/cockroach-temp455254207 dir, Total Num: 0, files: 
I200512 19:26:49.209601 11 storage/engine/rocksdb.go:120  Write Ahead Log file in /var/lib/cockroach/cockroach-temp455254207: 
I200512 19:26:49.209606 11 storage/engine/rocksdb.go:120                          Options.error_if_exists: 0
I200512 19:26:49.209609 11 storage/engine/rocksdb.go:120                        Options.create_if_missing: 1
I200512 19:26:49.209612 11 storage/engine/rocksdb.go:120                          Options.paranoid_checks: 1
I200512 19:26:49.209616 11 storage/engine/rocksdb.go:120                                      Options.env: 0x75757a0
I200512 19:26:49.209619 11 storage/engine/rocksdb.go:120                                 Options.info_log: 0x7fea74a270e0
I200512 19:26:49.209622 11 storage/engine/rocksdb.go:120                 Options.max_file_opening_threads: 16
I200512 19:26:49.209625 11 storage/engine/rocksdb.go:120                               Options.statistics: 0x7fea74a34010
I200512 19:26:49.209627 11 storage/engine/rocksdb.go:120                                Options.use_fsync: 0
I200512 19:26:49.209630 11 storage/engine/rocksdb.go:120                        Options.max_log_file_size: 0
I200512 19:26:49.209633 11 storage/engine/rocksdb.go:120                   Options.max_manifest_file_size: 134217728
I200512 19:26:49.209635 11 storage/engine/rocksdb.go:120                    Options.log_file_time_to_roll: 0
I200512 19:26:49.209638 11 storage/engine/rocksdb.go:120                        Options.keep_log_file_num: 1000
I200512 19:26:49.209640 11 storage/engine/rocksdb.go:120                     Options.recycle_log_file_num: 1
I200512 19:26:49.209643 11 storage/engine/rocksdb.go:120                          Options.allow_fallocate: 1
I200512 19:26:49.209646 11 storage/engine/rocksdb.go:120                         Options.allow_mmap_reads: 0
I200512 19:26:49.209648 11 storage/engine/rocksdb.go:120                        Options.allow_mmap_writes: 0
I200512 19:26:49.209651 11 storage/engine/rocksdb.go:120                         Options.use_direct_reads: 0
I200512 19:26:49.209653 11 storage/engine/rocksdb.go:120                         Options.use_direct_io_for_flush_and_compaction: 0
I200512 19:26:49.209656 11 storage/engine/rocksdb.go:120           Options.create_missing_column_families: 0
I200512 19:26:49.209658 11 storage/engine/rocksdb.go:120                               Options.db_log_dir: 
I200512 19:26:49.209661 11 storage/engine/rocksdb.go:120                                  Options.wal_dir: /var/lib/cockroach/cockroach-temp455254207
I200512 19:26:49.209664 11 storage/engine/rocksdb.go:120                 Options.table_cache_numshardbits: 6
I200512 19:26:49.209666 11 storage/engine/rocksdb.go:120                       Options.max_subcompactions: 1
I200512 19:26:49.209669 11 storage/engine/rocksdb.go:120                   Options.max_background_flushes: -1
I200512 19:26:49.209672 11 storage/engine/rocksdb.go:120                          Options.WAL_ttl_seconds: 0
I200512 19:26:49.209674 11 storage/engine/rocksdb.go:120                        Options.WAL_size_limit_MB: 0
I200512 19:26:49.209677 11 storage/engine/rocksdb.go:120              Options.manifest_preallocation_size: 4194304
I200512 19:26:49.209679 11 storage/engine/rocksdb.go:120                      Options.is_fd_close_on_exec: 1
I200512 19:26:49.209682 11 storage/engine/rocksdb.go:120                    Options.advise_random_on_open: 1
I200512 19:26:49.209685 11 storage/engine/rocksdb.go:120                     Options.db_write_buffer_size: 0
I200512 19:26:49.209687 11 storage/engine/rocksdb.go:120                     Options.write_buffer_manager: 0x7fea74a190f0
I200512 19:26:49.209690 11 storage/engine/rocksdb.go:120          Options.access_hint_on_compaction_start: 1
I200512 19:26:49.209693 11 storage/engine/rocksdb.go:120   Options.new_table_reader_for_compaction_inputs: 0
I200512 19:26:49.209695 11 storage/engine/rocksdb.go:120            Options.random_access_max_buffer_size: 1048576
I200512 19:26:49.209698 11 storage/engine/rocksdb.go:120                       Options.use_adaptive_mutex: 0
I200512 19:26:49.209701 11 storage/engine/rocksdb.go:120                             Options.rate_limiter: (nil)
I200512 19:26:49.209704 11 storage/engine/rocksdb.go:120      Options.sst_file_manager.rate_bytes_per_sec: 0
I200512 19:26:49.209706 11 storage/engine/rocksdb.go:120                        Options.wal_recovery_mode: 0
I200512 19:26:49.209709 11 storage/engine/rocksdb.go:120                   Options.enable_thread_tracking: 0
I200512 19:26:49.209711 11 storage/engine/rocksdb.go:120                   Options.enable_pipelined_write: 0
I200512 19:26:49.209714 11 storage/engine/rocksdb.go:120          Options.allow_concurrent_memtable_write: 1
I200512 19:26:49.209716 11 storage/engine/rocksdb.go:120       Options.enable_write_thread_adaptive_yield: 1
I200512 19:26:49.209719 11 storage/engine/rocksdb.go:120              Options.write_thread_max_yield_usec: 100
I200512 19:26:49.209721 11 storage/engine/rocksdb.go:120             Options.write_thread_slow_yield_usec: 3
I200512 19:26:49.209724 11 storage/engine/rocksdb.go:120                                Options.row_cache: None
I200512 19:26:49.209727 11 storage/engine/rocksdb.go:120                               Options.wal_filter: None
I200512 19:26:49.209729 11 storage/engine/rocksdb.go:120              Options.avoid_flush_during_recovery: 0
I200512 19:26:49.209732 11 storage/engine/rocksdb.go:120              Options.allow_ingest_behind: 0
I200512 19:26:49.209734 11 storage/engine/rocksdb.go:120              Options.preserve_deletes: 0
I200512 19:26:49.209738 11 storage/engine/rocksdb.go:120              Options.two_write_queues: 0
I200512 19:26:49.209740 11 storage/engine/rocksdb.go:120              Options.manual_wal_flush: 1
I200512 19:26:49.209743 11 storage/engine/rocksdb.go:120              Options.atomic_flush: 0
I200512 19:26:49.209746 11 storage/engine/rocksdb.go:120              Options.avoid_unnecessary_blocking_io: 0
I200512 19:26:49.209748 11 storage/engine/rocksdb.go:120              Options.max_background_jobs: 2
I200512 19:26:49.209751 11 storage/engine/rocksdb.go:120              Options.max_background_compactions: -1
I200512 19:26:49.209754 11 storage/engine/rocksdb.go:120              Options.avoid_flush_during_shutdown: 0
I200512 19:26:49.209756 11 storage/engine/rocksdb.go:120            Options.writable_file_max_buffer_size: 1048576
I200512 19:26:49.209759 11 storage/engine/rocksdb.go:120              Options.delayed_write_rate : 16777216
I200512 19:26:49.209762 11 storage/engine/rocksdb.go:120              Options.max_total_wal_size: 0
I200512 19:26:49.209764 11 storage/engine/rocksdb.go:120              Options.delete_obsolete_files_period_micros: 21600000000
I200512 19:26:49.209767 11 storage/engine/rocksdb.go:120                    Options.stats_dump_period_sec: 0
I200512 19:26:49.209769 11 storage/engine/rocksdb.go:120                  Options.stats_persist_period_sec: 600
I200512 19:26:49.209772 11 storage/engine/rocksdb.go:120                  Options.stats_history_buffer_size: 1048576
I200512 19:26:49.209774 11 storage/engine/rocksdb.go:120                           Options.max_open_files: 128
I200512 19:26:49.209777 11 storage/engine/rocksdb.go:120                           Options.bytes_per_sync: 524288
I200512 19:26:49.209780 11 storage/engine/rocksdb.go:120                       Options.wal_bytes_per_sync: 0
I200512 19:26:49.209782 11 storage/engine/rocksdb.go:120                    Options.strict_bytes_per_sync: 1
I200512 19:26:49.209785 11 storage/engine/rocksdb.go:120        Options.compaction_readahead_size: 0
I200512 19:26:49.209787 11 storage/engine/rocksdb.go:120  Compression algorithms supported:
I200512 19:26:49.209791 11 storage/engine/rocksdb.go:120  	kZSTDNotFinalCompression supported: 0
I200512 19:26:49.209793 11 storage/engine/rocksdb.go:120  	kZSTD supported: 0
I200512 19:26:49.209796 11 storage/engine/rocksdb.go:120  	kXpressCompression supported: 0
I200512 19:26:49.209799 11 storage/engine/rocksdb.go:120  	kLZ4HCCompression supported: 0
I200512 19:26:49.209802 11 storage/engine/rocksdb.go:120  	kLZ4Compression supported: 0
I200512 19:26:49.209804 11 storage/engine/rocksdb.go:120  	kBZip2Compression supported: 0
I200512 19:26:49.209807 11 storage/engine/rocksdb.go:120  	kZlibCompression supported: 0
I200512 19:26:49.209809 11 storage/engine/rocksdb.go:120  	kSnappyCompression supported: 1
I200512 19:26:49.209818 11 storage/engine/rocksdb.go:120  Fast CRC32 supported: Supported on x86
I200512 19:26:49.217604 11 storage/engine/rocksdb.go:120  [db/db_impl_open.cc:242] Creating manifest 1 
I200512 19:26:49.239835 11 storage/engine/rocksdb.go:120  [db/version_set.cc:4072] Recovering from manifest file: /var/lib/cockroach/cockroach-temp455254207/MANIFEST-000001
I200512 19:26:49.241486 11 storage/engine/rocksdb.go:120  [db/column_family.cc:488] --------------- Options for column family [default]:
I200512 19:26:49.241494 11 storage/engine/rocksdb.go:120                Options.comparator: cockroach_comparator
I200512 19:26:49.241519 11 storage/engine/rocksdb.go:120            Options.merge_operator: cockroach_merge_operator
I200512 19:26:49.241526 11 storage/engine/rocksdb.go:120         Options.compaction_filter: None
I200512 19:26:49.241528 11 storage/engine/rocksdb.go:120         Options.compaction_filter_factory: None
I200512 19:26:49.241531 11 storage/engine/rocksdb.go:120          Options.memtable_factory: SkipListFactory
I200512 19:26:49.241535 11 storage/engine/rocksdb.go:120             Options.table_factory: BlockBasedTable
I200512 19:26:49.241558 11 storage/engine/rocksdb.go:120             table_factory options:   flush_block_policy_factory: FlushBlockBySizePolicyFactory (0x7fea74a28030)
  cache_index_and_filter_blocks: 0
  cache_index_and_filter_blocks_with_high_priority: 0
  pin_l0_filter_and_index_blocks_in_cache: 0
  pin_top_level_index_and_filter: 1
  index_type: 0
  data_block_index_type: 0
  index_shortening: 1
  data_block_hash_table_util_ratio: 0.750000
  hash_index_allow_collision: 1
  checksum: 1
  no_block_cache: 0
  block_cache: 0x7fea74a1c010
  block_cache_name: LRUCache
  block_cache_options:
    capacity : 1048576
    num_shard_bits : 4
    strict_capacity_limit : 0
    memory_allocator : None
    high_pri_pool_ratio: 0.000
  block_cache_compressed: (nil)
  persistent_cache: (nil)
  block_size: 32768
  block_size_deviation: 10
  block_restart_interval: 16
  index_block_restart_interval: 1
  metadata_block_size: 4096
  partition_filters: 0
  use_delta_encoding: 1
  filter_policy: rocksdb.BuiltinBloomFilter
  whole_key_filtering: 0
  verify_compression: 0
  read_amp_bytes_per_bit: 0
  format_version: 2
  enable_index_compression: 1
  block_align: 0
I200512 19:26:49.241562 11 storage/engine/rocksdb.go:120         Options.write_buffer_size: 67108864
I200512 19:26:49.241566 11 storage/engine/rocksdb.go:120   Options.max_write_buffer_number: 4
I200512 19:26:49.241569 11 storage/engine/rocksdb.go:120           Options.compression: Snappy
I200512 19:26:49.241572 11 storage/engine/rocksdb.go:120                   Options.bottommost_compression: Disabled
I200512 19:26:49.241575 11 storage/engine/rocksdb.go:120        Options.prefix_extractor: cockroach_prefix_extractor
I200512 19:26:49.241577 11 storage/engine/rocksdb.go:120    Options.memtable_insert_with_hint_prefix_extractor: nullptr
I200512 19:26:49.241580 11 storage/engine/rocksdb.go:120              Options.num_levels: 7
I200512 19:26:49.241586 11 storage/engine/rocksdb.go:120         Options.min_write_buffer_number_to_merge: 1
I200512 19:26:49.241589 11 storage/engine/rocksdb.go:120      Options.max_write_buffer_number_to_maintain: 0
I200512 19:26:49.241591 11 storage/engine/rocksdb.go:120             Options.bottommost_compression_opts.window_bits: -14
I200512 19:26:49.241594 11 storage/engine/rocksdb.go:120                   Options.bottommost_compression_opts.level: 32767
I200512 19:26:49.241597 11 storage/engine/rocksdb.go:120                Options.bottommost_compression_opts.strategy: 0
I200512 19:26:49.241599 11 storage/engine/rocksdb.go:120          Options.bottommost_compression_opts.max_dict_bytes: 0
I200512 19:26:49.241602 11 storage/engine/rocksdb.go:120          Options.bottommost_compression_opts.zstd_max_train_bytes: 0
I200512 19:26:49.241605 11 storage/engine/rocksdb.go:120                   Options.bottommost_compression_opts.enabled: false
I200512 19:26:49.241608 11 storage/engine/rocksdb.go:120             Options.compression_opts.window_bits: -14
I200512 19:26:49.241610 11 storage/engine/rocksdb.go:120                   Options.compression_opts.level: 32767
I200512 19:26:49.241613 11 storage/engine/rocksdb.go:120                Options.compression_opts.strategy: 0
I200512 19:26:49.241615 11 storage/engine/rocksdb.go:120          Options.compression_opts.max_dict_bytes: 0
I200512 19:26:49.241618 11 storage/engine/rocksdb.go:120          Options.compression_opts.zstd_max_train_bytes: 0
I200512 19:26:49.241621 11 storage/engine/rocksdb.go:120                   Options.compression_opts.enabled: false
I200512 19:26:49.241623 11 storage/engine/rocksdb.go:120       Options.level0_file_num_compaction_trigger: 2
I200512 19:26:49.241626 11 storage/engine/rocksdb.go:120           Options.level0_slowdown_writes_trigger: 950
I200512 19:26:49.241628 11 storage/engine/rocksdb.go:120               Options.level0_stop_writes_trigger: 1000
I200512 19:26:49.241631 11 storage/engine/rocksdb.go:120                    Options.target_file_size_base: 4194304
I200512 19:26:49.241634 11 storage/engine/rocksdb.go:120              Options.target_file_size_multiplier: 2
I200512 19:26:49.241636 11 storage/engine/rocksdb.go:120                 Options.max_bytes_for_level_base: 67108864
I200512 19:26:49.241639 11 storage/engine/rocksdb.go:120  Options.level_compaction_dynamic_level_bytes: 1
I200512 19:26:49.241642 11 storage/engine/rocksdb.go:120           Options.max_bytes_for_level_multiplier: 10.000000
I200512 19:26:49.241645 11 storage/engine/rocksdb.go:120  Options.max_bytes_for_level_multiplier_addtl[0]: 1
I200512 19:26:49.241647 11 storage/engine/rocksdb.go:120  Options.max_bytes_for_level_multiplier_addtl[1]: 1
I200512 19:26:49.241650 11 storage/engine/rocksdb.go:120  Options.max_bytes_for_level_multiplier_addtl[2]: 1
I200512 19:26:49.241652 11 storage/engine/rocksdb.go:120  Options.max_bytes_for_level_multiplier_addtl[3]: 1
I200512 19:26:49.241655 11 storage/engine/rocksdb.go:120  Options.max_bytes_for_level_multiplier_addtl[4]: 1
I200512 19:26:49.241658 11 storage/engine/rocksdb.go:120  Options.max_bytes_for_level_multiplier_addtl[5]: 1
I200512 19:26:49.241660 11 storage/engine/rocksdb.go:120  Options.max_bytes_for_level_multiplier_addtl[6]: 1
I200512 19:26:49.241663 11 storage/engine/rocksdb.go:120        Options.max_sequential_skip_in_iterations: 8
I200512 19:26:49.241665 11 storage/engine/rocksdb.go:120                     Options.max_compaction_bytes: 104857600
I200512 19:26:49.241668 11 storage/engine/rocksdb.go:120                         Options.arena_block_size: 8388608
I200512 19:26:49.241670 11 storage/engine/rocksdb.go:120    Options.soft_pending_compaction_bytes_limit: 2199023255552
I200512 19:26:49.241673 11 storage/engine/rocksdb.go:120    Options.hard_pending_compaction_bytes_limit: 4400193994752
I200512 19:26:49.241676 11 storage/engine/rocksdb.go:120        Options.rate_limit_delay_max_milliseconds: 100
I200512 19:26:49.241678 11 storage/engine/rocksdb.go:120                 Options.disable_auto_compactions: 0
I200512 19:26:49.241682 11 storage/engine/rocksdb.go:120                         Options.compaction_style: kCompactionStyleLevel
I200512 19:26:49.241685 11 storage/engine/rocksdb.go:120                           Options.compaction_pri: kMinOverlappingRatio
I200512 19:26:49.241687 11 storage/engine/rocksdb.go:120  Options.compaction_options_universal.size_ratio: 1
I200512 19:26:49.241690 11 storage/engine/rocksdb.go:120  Options.compaction_options_universal.min_merge_width: 2
I200512 19:26:49.241692 11 storage/engine/rocksdb.go:120  Options.compaction_options_universal.max_merge_width: 4294967295
I200512 19:26:49.241695 11 storage/engine/rocksdb.go:120  Options.compaction_options_universal.max_size_amplification_percent: 200
I200512 19:26:49.241698 11 storage/engine/rocksdb.go:120  Options.compaction_options_universal.compression_size_percent: -1
I200512 19:26:49.241701 11 storage/engine/rocksdb.go:120  Options.compaction_options_universal.stop_style: kCompactionStopStyleTotalSize
I200512 19:26:49.241703 11 storage/engine/rocksdb.go:120  Options.compaction_options_fifo.max_table_files_size: 1073741824
I200512 19:26:49.241706 11 storage/engine/rocksdb.go:120  Options.compaction_options_fifo.allow_compaction: 0
I200512 19:26:49.241710 11 storage/engine/rocksdb.go:120                    Options.table_properties_collectors: TimeBoundTblPropCollectorFactory; DeleteRangeTblPropCollectorFactory; 
I200512 19:26:49.241714 11 storage/engine/rocksdb.go:120                    Options.inplace_update_support: 0
I200512 19:26:49.241716 11 storage/engine/rocksdb.go:120                  Options.inplace_update_num_locks: 10000
I200512 19:26:49.241719 11 storage/engine/rocksdb.go:120                Options.memtable_prefix_bloom_size_ratio: 0.000000
I200512 19:26:49.241722 11 storage/engine/rocksdb.go:120                Options.memtable_whole_key_filtering: 0
I200512 19:26:49.241724 11 storage/engine/rocksdb.go:120    Options.memtable_huge_page_size: 0
I200512 19:26:49.241727 11 storage/engine/rocksdb.go:120                            Options.bloom_locality: 0
I200512 19:26:49.241729 11 storage/engine/rocksdb.go:120                     Options.max_successive_merges: 0
I200512 19:26:49.241732 11 storage/engine/rocksdb.go:120                 Options.optimize_filters_for_hits: 1
I200512 19:26:49.241734 11 storage/engine/rocksdb.go:120                 Options.paranoid_file_checks: 0
I200512 19:26:49.241737 11 storage/engine/rocksdb.go:120                 Options.force_consistency_checks: 0
I200512 19:26:49.241739 11 storage/engine/rocksdb.go:120                 Options.report_bg_io_stats: 0
I200512 19:26:49.241742 11 storage/engine/rocksdb.go:120                                Options.ttl: 0
I200512 19:26:49.241744 11 storage/engine/rocksdb.go:120           Options.periodic_compaction_seconds: 0
I200512 19:26:49.242804 11 storage/engine/rocksdb.go:120  [db/version_set.cc:4286] Recovered from manifest file:/var/lib/cockroach/cockroach-temp455254207/MANIFEST-000001 succeeded,manifest_file_number is 1, next_file_number is 3, last_sequence is 0, log_number is 0,prev_log_number is 0,max_column_family is 0,min_log_number_to_keep is 0
I200512 19:26:49.242808 11 storage/engine/rocksdb.go:120  [db/version_set.cc:4295] Column family [default] (ID 0), log number is 0
I200512 19:26:49.263703 11 storage/engine/rocksdb.go:120  DB pointer 0x7fea74aa4000
I200512 19:26:49.284297 11 storage/engine/rocksdb.go:120  RocksDB version: 6.2.1
I200512 19:26:49.284305 11 storage/engine/rocksdb.go:120  Git sha rocksdb_build_git_sha:@b7009236531fa784872f4823eabf393501e41bf2@
I200512 19:26:49.284308 11 storage/engine/rocksdb.go:120  Compile date Mar 16 2020
I200512 19:26:49.284311 11 storage/engine/rocksdb.go:120  DB SUMMARY
I200512 19:26:49.285363 11 storage/engine/rocksdb.go:120  CURRENT file:  CURRENT
I200512 19:26:49.285367 11 storage/engine/rocksdb.go:120  IDENTITY file:  IDENTITY
I200512 19:26:49.285853 11 storage/engine/rocksdb.go:120  MANIFEST file:  MANIFEST-000236 size: 296 Bytes
I200512 19:26:49.285859 11 storage/engine/rocksdb.go:120  SST files in /var/lib/cockroach dir, Total Num: 3, files: 000232.sst 000233.sst 000235.sst 
I200512 19:26:49.285862 11 storage/engine/rocksdb.go:120  Write Ahead Log file in /var/lib/cockroach: 000237.log size: 243152 ; 
I200512 19:26:49.285865 11 storage/engine/rocksdb.go:120                          Options.error_if_exists: 0
I200512 19:26:49.285868 11 storage/engine/rocksdb.go:120                        Options.create_if_missing: 1
I200512 19:26:49.285870 11 storage/engine/rocksdb.go:120                          Options.paranoid_checks: 1
I200512 19:26:49.285873 11 storage/engine/rocksdb.go:120                                      Options.env: 0x75757a0
I200512 19:26:49.285876 11 storage/engine/rocksdb.go:120                                 Options.info_log: 0x7fea7720dcc0
I200512 19:26:49.285879 11 storage/engine/rocksdb.go:120                 Options.max_file_opening_threads: 16
I200512 19:26:49.285881 11 storage/engine/rocksdb.go:120                               Options.statistics: 0x7fea77225010
I200512 19:26:49.285885 11 storage/engine/rocksdb.go:120                                Options.use_fsync: 0
I200512 19:26:49.285888 11 storage/engine/rocksdb.go:120                        Options.max_log_file_size: 0
I200512 19:26:49.285890 11 storage/engine/rocksdb.go:120                   Options.max_manifest_file_size: 134217728
I200512 19:26:49.285893 11 storage/engine/rocksdb.go:120                    Options.log_file_time_to_roll: 0
I200512 19:26:49.285896 11 storage/engine/rocksdb.go:120                        Options.keep_log_file_num: 1000
I200512 19:26:49.285899 11 storage/engine/rocksdb.go:120                     Options.recycle_log_file_num: 1
I200512 19:26:49.285901 11 storage/engine/rocksdb.go:120                          Options.allow_fallocate: 1
I200512 19:26:49.285904 11 storage/engine/rocksdb.go:120                         Options.allow_mmap_reads: 0
I200512 19:26:49.285906 11 storage/engine/rocksdb.go:120                        Options.allow_mmap_writes: 0
I200512 19:26:49.285909 11 storage/engine/rocksdb.go:120                         Options.use_direct_reads: 0
I200512 19:26:49.285911 11 storage/engine/rocksdb.go:120                         Options.use_direct_io_for_flush_and_compaction: 0
I200512 19:26:49.285914 11 storage/engine/rocksdb.go:120           Options.create_missing_column_families: 0
I200512 19:26:49.285917 11 storage/engine/rocksdb.go:120                               Options.db_log_dir: 
I200512 19:26:49.285919 11 storage/engine/rocksdb.go:120                                  Options.wal_dir: /var/lib/cockroach
I200512 19:26:49.285922 11 storage/engine/rocksdb.go:120                 Options.table_cache_numshardbits: 6
I200512 19:26:49.285925 11 storage/engine/rocksdb.go:120                       Options.max_subcompactions: 1
I200512 19:26:49.285927 11 storage/engine/rocksdb.go:120                   Options.max_background_flushes: -1
I200512 19:26:49.285930 11 storage/engine/rocksdb.go:120                          Options.WAL_ttl_seconds: 0
I200512 19:26:49.285944 11 storage/engine/rocksdb.go:120                        Options.WAL_size_limit_MB: 0
I200512 19:26:49.285950 11 storage/engine/rocksdb.go:120              Options.manifest_preallocation_size: 4194304
I200512 19:26:49.285953 11 storage/engine/rocksdb.go:120                      Options.is_fd_close_on_exec: 1
I200512 19:26:49.285956 11 storage/engine/rocksdb.go:120                    Options.advise_random_on_open: 1
I200512 19:26:49.285959 11 storage/engine/rocksdb.go:120                     Options.db_write_buffer_size: 0
I200512 19:26:49.285962 11 storage/engine/rocksdb.go:120                     Options.write_buffer_manager: 0x7fea7728d030
I200512 19:26:49.285964 11 storage/engine/rocksdb.go:120          Options.access_hint_on_compaction_start: 1
I200512 19:26:49.285967 11 storage/engine/rocksdb.go:120   Options.new_table_reader_for_compaction_inputs: 0
I200512 19:26:49.285970 11 storage/engine/rocksdb.go:120            Options.random_access_max_buffer_size: 1048576
I200512 19:26:49.285972 11 storage/engine/rocksdb.go:120                       Options.use_adaptive_mutex: 0
I200512 19:26:49.285975 11 storage/engine/rocksdb.go:120                             Options.rate_limiter: (nil)
I200512 19:26:49.285978 11 storage/engine/rocksdb.go:120      Options.sst_file_manager.rate_bytes_per_sec: 0
I200512 19:26:49.285981 11 storage/engine/rocksdb.go:120                        Options.wal_recovery_mode: 0
I200512 19:26:49.285983 11 storage/engine/rocksdb.go:120                   Options.enable_thread_tracking: 0
I200512 19:26:49.285986 11 storage/engine/rocksdb.go:120                   Options.enable_pipelined_write: 0
I200512 19:26:49.285988 11 storage/engine/rocksdb.go:120          Options.allow_concurrent_memtable_write: 1
I200512 19:26:49.285991 11 storage/engine/rocksdb.go:120       Options.enable_write_thread_adaptive_yield: 1
I200512 19:26:49.285999 11 storage/engine/rocksdb.go:120              Options.write_thread_max_yield_usec: 100
I200512 19:26:49.286002 11 storage/engine/rocksdb.go:120             Options.write_thread_slow_yield_usec: 3
I200512 19:26:49.286005 11 storage/engine/rocksdb.go:120                                Options.row_cache: None
I200512 19:26:49.286007 11 storage/engine/rocksdb.go:120                               Options.wal_filter: None
I200512 19:26:49.286010 11 storage/engine/rocksdb.go:120              Options.avoid_flush_during_recovery: 0
I200512 19:26:49.286013 11 storage/engine/rocksdb.go:120              Options.allow_ingest_behind: 0
I200512 19:26:49.286015 11 storage/engine/rocksdb.go:120              Options.preserve_deletes: 0
I200512 19:26:49.286018 11 storage/engine/rocksdb.go:120              Options.two_write_queues: 0
I200512 19:26:49.286020 11 storage/engine/rocksdb.go:120              Options.manual_wal_flush: 1
I200512 19:26:49.286023 11 storage/engine/rocksdb.go:120              Options.atomic_flush: 0
I200512 19:26:49.286026 11 storage/engine/rocksdb.go:120              Options.avoid_unnecessary_blocking_io: 0
I200512 19:26:49.286028 11 storage/engine/rocksdb.go:120              Options.max_background_jobs: 2
I200512 19:26:49.286031 11 storage/engine/rocksdb.go:120              Options.max_background_compactions: -1
I200512 19:26:49.286033 11 storage/engine/rocksdb.go:120              Options.avoid_flush_during_shutdown: 0
I200512 19:26:49.286036 11 storage/engine/rocksdb.go:120            Options.writable_file_max_buffer_size: 1048576
I200512 19:26:49.286039 11 storage/engine/rocksdb.go:120              Options.delayed_write_rate : 16777216
I200512 19:26:49.286041 11 storage/engine/rocksdb.go:120              Options.max_total_wal_size: 0
I200512 19:26:49.286044 11 storage/engine/rocksdb.go:120              Options.delete_obsolete_files_period_micros: 21600000000
I200512 19:26:49.286046 11 storage/engine/rocksdb.go:120                    Options.stats_dump_period_sec: 0
I200512 19:26:49.286049 11 storage/engine/rocksdb.go:120                  Options.stats_persist_period_sec: 600
I200512 19:26:49.286052 11 storage/engine/rocksdb.go:120                  Options.stats_history_buffer_size: 1048576
I200512 19:26:49.286054 11 storage/engine/rocksdb.go:120                           Options.max_open_files: 1043576
I200512 19:26:49.286057 11 storage/engine/rocksdb.go:120                           Options.bytes_per_sync: 524288
I200512 19:26:49.286060 11 storage/engine/rocksdb.go:120                       Options.wal_bytes_per_sync: 0
I200512 19:26:49.286062 11 storage/engine/rocksdb.go:120                    Options.strict_bytes_per_sync: 1
I200512 19:26:49.286065 11 storage/engine/rocksdb.go:120        Options.compaction_readahead_size: 0
I200512 19:26:49.286067 11 storage/engine/rocksdb.go:120  Compression algorithms supported:
I200512 19:26:49.286073 11 storage/engine/rocksdb.go:120  	kZSTDNotFinalCompression supported: 0
I200512 19:26:49.286076 11 storage/engine/rocksdb.go:120  	kZSTD supported: 0
I200512 19:26:49.286078 11 storage/engine/rocksdb.go:120  	kXpressCompression supported: 0
I200512 19:26:49.286081 11 storage/engine/rocksdb.go:120  	kLZ4HCCompression supported: 0
I200512 19:26:49.286084 11 storage/engine/rocksdb.go:120  	kLZ4Compression supported: 0
I200512 19:26:49.286086 11 storage/engine/rocksdb.go:120  	kBZip2Compression supported: 0
I200512 19:26:49.286089 11 storage/engine/rocksdb.go:120  	kZlibCompression supported: 0
I200512 19:26:49.286091 11 storage/engine/rocksdb.go:120  	kSnappyCompression supported: 1
I200512 19:26:49.286097 11 storage/engine/rocksdb.go:120  Fast CRC32 supported: Supported on x86
I200512 19:26:49.288141 11 storage/engine/rocksdb.go:120  [db/version_set.cc:4072] Recovering from manifest file: /var/lib/cockroach/MANIFEST-000236
I200512 19:26:49.288722 11 storage/engine/rocksdb.go:120  [db/column_family.cc:488] --------------- Options for column family [default]:
I200512 19:26:49.288731 11 storage/engine/rocksdb.go:120                Options.comparator: cockroach_comparator
I200512 19:26:49.288734 11 storage/engine/rocksdb.go:120            Options.merge_operator: cockroach_merge_operator
I200512 19:26:49.288737 11 storage/engine/rocksdb.go:120         Options.compaction_filter: None
I200512 19:26:49.288740 11 storage/engine/rocksdb.go:120         Options.compaction_filter_factory: None
I200512 19:26:49.288743 11 storage/engine/rocksdb.go:120          Options.memtable_factory: SkipListFactory
I200512 19:26:49.288746 11 storage/engine/rocksdb.go:120             Options.table_factory: BlockBasedTable
I200512 19:26:49.288770 11 storage/engine/rocksdb.go:120             table_factory options:   flush_block_policy_factory: FlushBlockBySizePolicyFactory (0x7fea77223028)
  cache_index_and_filter_blocks: 0
  cache_index_and_filter_blocks_with_high_priority: 0
  pin_l0_filter_and_index_blocks_in_cache: 0
  pin_top_level_index_and_filter: 1
  index_type: 0
  data_block_index_type: 0
  index_shortening: 1
  data_block_hash_table_util_ratio: 0.750000
  hash_index_allow_collision: 1
  checksum: 1
  no_block_cache: 0
  block_cache: 0x7fea77214010
  block_cache_name: LRUCache
  block_cache_options:
    capacity : 67108864
    num_shard_bits : 4
    strict_capacity_limit : 0
    memory_allocator : None
    high_pri_pool_ratio: 0.000
  block_cache_compressed: (nil)
  persistent_cache: (nil)
  block_size: 32768
  block_size_deviation: 10
  block_restart_interval: 16
  index_block_restart_interval: 1
  metadata_block_size: 4096
  partition_filters: 0
  use_delta_encoding: 1
  filter_policy: rocksdb.BuiltinBloomFilter
  whole_key_filtering: 0
  verify_compression: 0
  read_amp_bytes_per_bit: 0
  format_version: 2
  enable_index_compression: 1
  block_align: 0
I200512 19:26:49.288801 11 storage/engine/rocksdb.go:120         Options.write_buffer_size: 67108864
I200512 19:26:49.288809 11 storage/engine/rocksdb.go:120   Options.max_write_buffer_number: 4
I200512 19:26:49.288812 11 storage/engine/rocksdb.go:120           Options.compression: Snappy
I200512 19:26:49.288814 11 storage/engine/rocksdb.go:120                   Options.bottommost_compression: Disabled
I200512 19:26:49.288817 11 storage/engine/rocksdb.go:120        Options.prefix_extractor: cockroach_prefix_extractor
I200512 19:26:49.288820 11 storage/engine/rocksdb.go:120    Options.memtable_insert_with_hint_prefix_extractor: nullptr
I200512 19:26:49.288822 11 storage/engine/rocksdb.go:120              Options.num_levels: 7
I200512 19:26:49.288825 11 storage/engine/rocksdb.go:120         Options.min_write_buffer_number_to_merge: 1
I200512 19:26:49.288828 11 storage/engine/rocksdb.go:120      Options.max_write_buffer_number_to_maintain: 0
I200512 19:26:49.288830 11 storage/engine/rocksdb.go:120             Options.bottommost_compression_opts.window_bits: -14
I200512 19:26:49.288833 11 storage/engine/rocksdb.go:120                   Options.bottommost_compression_opts.level: 32767
I200512 19:26:49.288835 11 storage/engine/rocksdb.go:120                Options.bottommost_compression_opts.strategy: 0
I200512 19:26:49.288838 11 storage/engine/rocksdb.go:120          Options.bottommost_compression_opts.max_dict_bytes: 0
I200512 19:26:49.288841 11 storage/engine/rocksdb.go:120          Options.bottommost_compression_opts.zstd_max_train_bytes: 0
I200512 19:26:49.288843 11 storage/engine/rocksdb.go:120                   Options.bottommost_compression_opts.enabled: false
I200512 19:26:49.288846 11 storage/engine/rocksdb.go:120             Options.compression_opts.window_bits: -14
I200512 19:26:49.288848 11 storage/engine/rocksdb.go:120                   Options.compression_opts.level: 32767
I200512 19:26:49.288851 11 storage/engine/rocksdb.go:120                Options.compression_opts.strategy: 0
I200512 19:26:49.288854 11 storage/engine/rocksdb.go:120          Options.compression_opts.max_dict_bytes: 0
I200512 19:26:49.288857 11 storage/engine/rocksdb.go:120          Options.compression_opts.zstd_max_train_bytes: 0
I200512 19:26:49.288859 11 storage/engine/rocksdb.go:120                   Options.compression_opts.enabled: false
I200512 19:26:49.288862 11 storage/engine/rocksdb.go:120       Options.level0_file_num_compaction_trigger: 2
I200512 19:26:49.288864 11 storage/engine/rocksdb.go:120           Options.level0_slowdown_writes_trigger: 950
I200512 19:26:49.288867 11 storage/engine/rocksdb.go:120               Options.level0_stop_writes_trigger: 1000
I200512 19:26:49.288869 11 storage/engine/rocksdb.go:120                    Options.target_file_size_base: 4194304
I200512 19:26:49.288872 11 storage/engine/rocksdb.go:120              Options.target_file_size_multiplier: 2
I200512 19:26:49.288875 11 storage/engine/rocksdb.go:120                 Options.max_bytes_for_level_base: 67108864
I200512 19:26:49.288878 11 storage/engine/rocksdb.go:120  Options.level_compaction_dynamic_level_bytes: 1
I200512 19:26:49.288884 11 storage/engine/rocksdb.go:120           Options.max_bytes_for_level_multiplier: 10.000000
I200512 19:26:49.288887 11 storage/engine/rocksdb.go:120  Options.max_bytes_for_level_multiplier_addtl[0]: 1
I200512 19:26:49.288890 11 storage/engine/rocksdb.go:120  Options.max_bytes_for_level_multiplier_addtl[1]: 1
I200512 19:26:49.288892 11 storage/engine/rocksdb.go:120  Options.max_bytes_for_level_multiplier_addtl[2]: 1
I200512 19:26:49.288895 11 storage/engine/rocksdb.go:120  Options.max_bytes_for_level_multiplier_addtl[3]: 1
I200512 19:26:49.288898 11 storage/engine/rocksdb.go:120  Options.max_bytes_for_level_multiplier_addtl[4]: 1
I200512 19:26:49.288900 11 storage/engine/rocksdb.go:120  Options.max_bytes_for_level_multiplier_addtl[5]: 1
I200512 19:26:49.288903 11 storage/engine/rocksdb.go:120  Options.max_bytes_for_level_multiplier_addtl[6]: 1
I200512 19:26:49.288905 11 storage/engine/rocksdb.go:120        Options.max_sequential_skip_in_iterations: 8
I200512 19:26:49.288908 11 storage/engine/rocksdb.go:120                     Options.max_compaction_bytes: 104857600
I200512 19:26:49.288910 11 storage/engine/rocksdb.go:120                         Options.arena_block_size: 8388608
I200512 19:26:49.288913 11 storage/engine/rocksdb.go:120    Options.soft_pending_compaction_bytes_limit: 2199023255552
I200512 19:26:49.288916 11 storage/engine/rocksdb.go:120    Options.hard_pending_compaction_bytes_limit: 4400193994752
I200512 19:26:49.288918 11 storage/engine/rocksdb.go:120        Options.rate_limit_delay_max_milliseconds: 100
I200512 19:26:49.288921 11 storage/engine/rocksdb.go:120                 Options.disable_auto_compactions: 0
I200512 19:26:49.288925 11 storage/engine/rocksdb.go:120                         Options.compaction_style: kCompactionStyleLevel
I200512 19:26:49.288928 11 storage/engine/rocksdb.go:120                           Options.compaction_pri: kMinOverlappingRatio
I200512 19:26:49.288930 11 storage/engine/rocksdb.go:120  Options.compaction_options_universal.size_ratio: 1
I200512 19:26:49.288945 11 storage/engine/rocksdb.go:120  Options.compaction_options_universal.min_merge_width: 2
I200512 19:26:49.288950 11 storage/engine/rocksdb.go:120  Options.compaction_options_universal.max_merge_width: 4294967295
I200512 19:26:49.288953 11 storage/engine/rocksdb.go:120  Options.compaction_options_universal.max_size_amplification_percent: 200
I200512 19:26:49.288955 11 storage/engine/rocksdb.go:120  Options.compaction_options_universal.compression_size_percent: -1
I200512 19:26:49.288959 11 storage/engine/rocksdb.go:120  Options.compaction_options_universal.stop_style: kCompactionStopStyleTotalSize
I200512 19:26:49.288962 11 storage/engine/rocksdb.go:120  Options.compaction_options_fifo.max_table_files_size: 1073741824
I200512 19:26:49.288964 11 storage/engine/rocksdb.go:120  Options.compaction_options_fifo.allow_compaction: 0
I200512 19:26:49.288968 11 storage/engine/rocksdb.go:120                    Options.table_properties_collectors: TimeBoundTblPropCollectorFactory; DeleteRangeTblPropCollectorFactory; 
I200512 19:26:49.288972 11 storage/engine/rocksdb.go:120                    Options.inplace_update_support: 0
I200512 19:26:49.288974 11 storage/engine/rocksdb.go:120                  Options.inplace_update_num_locks: 10000
I200512 19:26:49.288977 11 storage/engine/rocksdb.go:120                Options.memtable_prefix_bloom_size_ratio: 0.000000
I200512 19:26:49.288980 11 storage/engine/rocksdb.go:120                Options.memtable_whole_key_filtering: 0
I200512 19:26:49.288983 11 storage/engine/rocksdb.go:120    Options.memtable_huge_page_size: 0
I200512 19:26:49.288985 11 storage/engine/rocksdb.go:120                            Options.bloom_locality: 0
I200512 19:26:49.288988 11 storage/engine/rocksdb.go:120                     Options.max_successive_merges: 0
I200512 19:26:49.288990 11 storage/engine/rocksdb.go:120                 Options.optimize_filters_for_hits: 1
I200512 19:26:49.288993 11 storage/engine/rocksdb.go:120                 Options.paranoid_file_checks: 0
I200512 19:26:49.288995 11 storage/engine/rocksdb.go:120                 Options.force_consistency_checks: 0
I200512 19:26:49.288998 11 storage/engine/rocksdb.go:120                 Options.report_bg_io_stats: 0
I200512 19:26:49.289001 11 storage/engine/rocksdb.go:120                                Options.ttl: 0
I200512 19:26:49.289003 11 storage/engine/rocksdb.go:120           Options.periodic_compaction_seconds: 0
I200512 19:26:49.295575 11 storage/engine/rocksdb.go:120  [db/version_set.cc:4286] Recovered from manifest file:/var/lib/cockroach/MANIFEST-000236 succeeded,manifest_file_number is 236, next_file_number is 238, last_sequence is 5882201, log_number is 230,prev_log_number is 0,max_column_family is 0,min_log_number_to_keep is 0
I200512 19:26:49.295583 11 storage/engine/rocksdb.go:120  [db/version_set.cc:4295] Column family [default] (ID 0), log number is 230
I200512 19:26:49.299379 11 storage/engine/rocksdb.go:120  EVENT_LOG_v1 {"time_micros": 1589311609299349, "job": 1, "event": "recovery_started", "log_files": [237]}
I200512 19:26:49.299389 11 storage/engine/rocksdb.go:120  [db/db_impl_open.cc:598] Recovering log #237 mode 0
I200512 19:26:49.317977 11 storage/engine/rocksdb.go:120  EVENT_LOG_v1 {"time_micros": 1589311609317909, "cf_name": "default", "job": 1, "event": "table_file_creation", "file_number": 238, "file_size": 49164, "table_properties": {"data_size": 46884, "index_size": 281, "index_partitions": 0, "top_level_index_size": 0, "index_key_is_user_key": 0, "index_value_is_delta_encoded": 0, "filter_size": 1093, "raw_key_size": 42035, "raw_average_key_size": 49, "raw_value_size": 190372, "raw_average_value_size": 224, "num_data_blocks": 6, "num_entries": 848, "num_deletions": 16, "num_merge_operands": 664, "num_range_deletions": 664, "format_version": 0, "fixed_key_len": 0, "filter_policy": "rocksdb.BuiltinBloomFilter", "column_family_name": "default", "column_family_id": 0, "comparator": "cockroach_comparator", "merge_operator": "cockroach_merge_operator", "prefix_extractor_name": "cockroach_prefix_extractor", "property_collectors": "[TimeBoundTblPropCollectorFactory,DeleteRangeTblPropCollectorFactory]", "compression": "Snappy", "compression_options": "window_bits=-14; level=32767; strategy=0; max_dict_bytes=0; zstd_max_train_bytes=0; enabled=0; ", "creation_time": 1589311609, "oldest_key_time": 3, "file_creation_time": 0}}
I200512 19:26:49.318089 11 storage/engine/rocksdb.go:120  [db/version_set.cc:3560] Creating manifest 239
I200512 19:26:49.328849 11 storage/engine/rocksdb.go:120  EVENT_LOG_v1 {"time_micros": 1589311609328824, "job": 1, "event": "recovery_finished"}
I200512 19:26:49.351570 17 storage/engine/rocksdb.go:120  [db/compaction_job.cc:1647] [default] [JOB 3] Compacting 2@0 + 2@6 files to L6, score 1.00
I200512 19:26:49.351607 17 storage/engine/rocksdb.go:120  [db/compaction_job.cc:1651] [default] Compaction start summary: Base version 2 Base level 0, inputs: [238(48KB) 235(69KB)], [232(4118KB) 233(3086KB)]
I200512 19:26:49.351672 17 storage/engine/rocksdb.go:120  EVENT_LOG_v1 {"time_micros": 1589311609351623, "job": 3, "event": "compaction_started", "compaction_reason": "LevelL0FilesNum", "files_L0": [238, 235], "files_L6": [232, 233], "score": 1, "input_data_size": 7498921}
I200512 19:26:49.363840 11 storage/engine/rocksdb.go:120  DB pointer 0x7fea7729f000
I200512 19:26:49.456204 17 storage/engine/rocksdb.go:120  [db/compaction_job.cc:1334] [default] [JOB 3] Generated table #243: 13010 keys, 4220919 bytes
I200512 19:26:49.456279 17 storage/engine/rocksdb.go:120  EVENT_LOG_v1 {"time_micros": 1589311609456238, "cf_name": "default", "job": 3, "event": "table_file_creation", "file_number": 243, "file_size": 4220919, "table_properties": {"data_size": 4202222, "index_size": 65351, "index_partitions": 0, "top_level_index_size": 0, "index_key_is_user_key": 0, "index_value_is_delta_encoded": 0, "filter_size": 0, "raw_key_size": 630366, "raw_average_key_size": 48, "raw_value_size": 30058512, "raw_average_value_size": 2310, "num_data_blocks": 957, "num_entries": 13010, "num_deletions": 0, "num_merge_operands": 0, "num_range_deletions": 0, "format_version": 0, "fixed_key_len": 0, "filter_policy": "rocksdb.BuiltinBloomFilter", "column_family_name": "default", "column_family_id": 0, "comparator": "cockroach_comparator", "merge_operator": "cockroach_merge_operator", "prefix_extractor_name": "cockroach_prefix_extractor", "property_collectors": "[TimeBoundTblPropCollectorFactory,DeleteRangeTblPropCollectorFactory]", "compression": "Snappy", "compression_options": "window_bits=-14; level=32767; strategy=0; max_dict_bytes=0; zstd_max_train_bytes=0; enabled=0; ", "creation_time": 1589311609, "oldest_key_time": 0, "file_creation_time": 1589311609}}
I200512 19:26:49.518064 17 storage/engine/rocksdb.go:120  [db/compaction_job.cc:1334] [default] [JOB 3] Generated table #244: 15475 keys, 3170041 bytes
I200512 19:26:49.518138 17 storage/engine/rocksdb.go:120  EVENT_LOG_v1 {"time_micros": 1589311609518085, "cf_name": "default", "job": 3, "event": "table_file_creation", "file_number": 244, "file_size": 3170041, "table_properties": {"data_size": 3156607, "index_size": 42668, "index_partitions": 0, "top_level_index_size": 0, "index_key_is_user_key": 0, "index_value_is_delta_encoded": 0, "filter_size": 0, "raw_key_size": 633068, "raw_average_key_size": 40, "raw_value_size": 19359769, "raw_average_value_size": 1251, "num_data_blocks": 624, "num_entries": 15475, "num_deletions": 0, "num_merge_operands": 0, "num_range_deletions": 0, "format_version": 0, "fixed_key_len": 0, "filter_policy": "rocksdb.BuiltinBloomFilter", "column_family_name": "default", "column_family_id": 0, "comparator": "cockroach_comparator", "merge_operator": "cockroach_merge_operator", "prefix_extractor_name": "cockroach_prefix_extractor", "property_collectors": "[TimeBoundTblPropCollectorFactory,DeleteRangeTblPropCollectorFactory]", "compression": "Snappy", "compression_options": "window_bits=-14; level=32767; strategy=0; max_dict_bytes=0; zstd_max_train_bytes=0; enabled=0; ", "creation_time": 1589311609, "oldest_key_time": 0, "file_creation_time": 1589311609}}
I200512 19:26:49.527129 17 storage/engine/rocksdb.go:120  [db/compaction_job.cc:1397] [default] [JOB 3] Compacted 2@0 + 2@6 files to L6 => 7390960 bytes
I200512 19:26:49.527507 17 storage/engine/rocksdb.go:120  (Original Log Time 2020/05/12-19:26:49.527398) [db/compaction_job.cc:770] [default] compacted to: base level 6 level multiplier 10.00 max bytes base 67108864 files[0 0 0 0 0 0 2] max score 0.00, MB/sec: 44.7 rd, 44.1 wr, level 6, files in(2, 2) out(2) MB in(0.1, 7.0) out(7.0), read-write-amplify(123.4) write-amplify(61.3) OK, records in: 30729, records dropped: 916 output_compression: Snappy
I200512 19:26:49.527516 17 storage/engine/rocksdb.go:120  (Original Log Time 2020/05/12-19:26:49.527420) EVENT_LOG_v1 {"time_micros": 1589311609527411, "job": 3, "event": "compaction_finished", "compaction_time_micros": 167658, "compaction_time_cpu_micros": 69148, "output_level": 6, "num_output_files": 2, "total_output_size": 7390960, "num_input_records": 29401, "num_output_records": 28485, "num_subcompactions": 1, "output_compression": "Snappy", "num_single_delete_mismatches": 0, "num_single_delete_fallthrough": 0, "lsm_state": [0, 0, 0, 0, 0, 0, 2]}
I200512 19:26:49.528094 17 storage/engine/rocksdb.go:120  EVENT_LOG_v1 {"time_micros": 1589311609528081, "job": 3, "event": "table_file_deletion", "file_number": 238}
I200512 19:26:49.528968 17 storage/engine/rocksdb.go:120  EVENT_LOG_v1 {"time_micros": 1589311609528930, "job": 3, "event": "table_file_deletion", "file_number": 235}
I200512 19:26:49.530209 17 storage/engine/rocksdb.go:120  EVENT_LOG_v1 {"time_micros": 1589311609530187, "job": 3, "event": "table_file_deletion", "file_number": 233}
I200512 19:26:49.531625 17 storage/engine/rocksdb.go:120  EVENT_LOG_v1 {"time_micros": 1589311609531604, "job": 3, "event": "table_file_deletion", "file_number": 232}
I200512 19:29:12.123162 2095 storage/engine/rocksdb.go:120  bloom filter utility:    -nan%
I200512 19:29:12.123559 2095 storage/engine/rocksdb.go:120  [db/db_impl.cc:392] Shutdown: canceling all background work
I200512 19:29:12.125638 2095 storage/engine/rocksdb.go:120  [db/db_impl.cc:565] Shutdown complete
I200512 19:29:12.135002 2095 storage/engine/rocksdb.go:120  bloom filter utility:    66.7%
I200512 19:29:12.135261 2095 storage/engine/rocksdb.go:120  [db/db_impl.cc:392] Shutdown: canceling all background work
I200512 19:29:12.142822 2095 storage/engine/rocksdb.go:120  [db/db_impl.cc:565] Shutdown complete
