I200514 19:21:30.216246 11 util/log/clog.go:1196  [config] file created at: 2020/05/14 19:21:30
I200514 19:21:30.216246 11 util/log/clog.go:1196  [config] running on machine: 58214b528342
I200514 19:21:30.216246 11 util/log/clog.go:1196  [config] binary: CockroachDB CCL v19.2.5 (x86_64-unknown-linux-gnu, built 2020/03/16 18:27:12, go1.12.12)
I200514 19:21:30.216246 11 util/log/clog.go:1196  [config] arguments: [/cockroach/cockroach start --insecure --store=attrs=ssd,path=/var/lib/cockroach/]
I200514 19:21:30.216246 11 util/log/clog.go:1196  line format: [IWEF]yymmdd hh:mm:ss.uuuuuu goid file:line msg utf8=✓
I200514 19:21:30.216244 11 storage/engine/rocksdb.go:120  RocksDB version: 6.2.1
I200514 19:21:30.240675 11 storage/engine/rocksdb.go:120  Git sha rocksdb_build_git_sha:@b7009236531fa784872f4823eabf393501e41bf2@
I200514 19:21:30.240680 11 storage/engine/rocksdb.go:120  Compile date Mar 16 2020
I200514 19:21:30.240683 11 storage/engine/rocksdb.go:120  DB SUMMARY
I200514 19:21:30.241323 11 storage/engine/rocksdb.go:120  SST files in /var/lib/cockroach/cockroach-temp832563503 dir, Total Num: 0, files: 
I200514 19:21:30.429577 11 storage/engine/rocksdb.go:120  Write Ahead Log file in /var/lib/cockroach/cockroach-temp832563503: 
I200514 19:21:30.429583 11 storage/engine/rocksdb.go:120                          Options.error_if_exists: 0
I200514 19:21:30.429585 11 storage/engine/rocksdb.go:120                        Options.create_if_missing: 1
I200514 19:21:30.429588 11 storage/engine/rocksdb.go:120                          Options.paranoid_checks: 1
I200514 19:21:30.429591 11 storage/engine/rocksdb.go:120                                      Options.env: 0x75757a0
I200514 19:21:30.429594 11 storage/engine/rocksdb.go:120                                 Options.info_log: 0x7f87380270e0
I200514 19:21:30.429596 11 storage/engine/rocksdb.go:120                 Options.max_file_opening_threads: 16
I200514 19:21:30.429599 11 storage/engine/rocksdb.go:120                               Options.statistics: 0x7f8738034010
I200514 19:21:30.429601 11 storage/engine/rocksdb.go:120                                Options.use_fsync: 0
I200514 19:21:30.429604 11 storage/engine/rocksdb.go:120                        Options.max_log_file_size: 0
I200514 19:21:30.429607 11 storage/engine/rocksdb.go:120                   Options.max_manifest_file_size: 134217728
I200514 19:21:30.429609 11 storage/engine/rocksdb.go:120                    Options.log_file_time_to_roll: 0
I200514 19:21:30.429612 11 storage/engine/rocksdb.go:120                        Options.keep_log_file_num: 1000
I200514 19:21:30.429770 11 storage/engine/rocksdb.go:120                     Options.recycle_log_file_num: 1
I200514 19:21:30.429776 11 storage/engine/rocksdb.go:120                          Options.allow_fallocate: 1
I200514 19:21:30.429779 11 storage/engine/rocksdb.go:120                         Options.allow_mmap_reads: 0
I200514 19:21:30.429782 11 storage/engine/rocksdb.go:120                        Options.allow_mmap_writes: 0
I200514 19:21:30.429784 11 storage/engine/rocksdb.go:120                         Options.use_direct_reads: 0
I200514 19:21:30.429787 11 storage/engine/rocksdb.go:120                         Options.use_direct_io_for_flush_and_compaction: 0
I200514 19:21:30.429790 11 storage/engine/rocksdb.go:120           Options.create_missing_column_families: 0
I200514 19:21:30.429793 11 storage/engine/rocksdb.go:120                               Options.db_log_dir: 
I200514 19:21:30.429795 11 storage/engine/rocksdb.go:120                                  Options.wal_dir: /var/lib/cockroach/cockroach-temp832563503
I200514 19:21:30.429798 11 storage/engine/rocksdb.go:120                 Options.table_cache_numshardbits: 6
I200514 19:21:30.429801 11 storage/engine/rocksdb.go:120                       Options.max_subcompactions: 1
I200514 19:21:30.429803 11 storage/engine/rocksdb.go:120                   Options.max_background_flushes: -1
I200514 19:21:30.429806 11 storage/engine/rocksdb.go:120                          Options.WAL_ttl_seconds: 0
I200514 19:21:30.429808 11 storage/engine/rocksdb.go:120                        Options.WAL_size_limit_MB: 0
I200514 19:21:30.429811 11 storage/engine/rocksdb.go:120              Options.manifest_preallocation_size: 4194304
I200514 19:21:30.429814 11 storage/engine/rocksdb.go:120                      Options.is_fd_close_on_exec: 1
I200514 19:21:30.429816 11 storage/engine/rocksdb.go:120                    Options.advise_random_on_open: 1
I200514 19:21:30.429819 11 storage/engine/rocksdb.go:120                     Options.db_write_buffer_size: 0
I200514 19:21:30.429822 11 storage/engine/rocksdb.go:120                     Options.write_buffer_manager: 0x7f87380190f0
I200514 19:21:30.429824 11 storage/engine/rocksdb.go:120          Options.access_hint_on_compaction_start: 1
I200514 19:21:30.429827 11 storage/engine/rocksdb.go:120   Options.new_table_reader_for_compaction_inputs: 0
I200514 19:21:30.429829 11 storage/engine/rocksdb.go:120            Options.random_access_max_buffer_size: 1048576
I200514 19:21:30.429832 11 storage/engine/rocksdb.go:120                       Options.use_adaptive_mutex: 0
I200514 19:21:30.429835 11 storage/engine/rocksdb.go:120                             Options.rate_limiter: (nil)
I200514 19:21:30.429838 11 storage/engine/rocksdb.go:120      Options.sst_file_manager.rate_bytes_per_sec: 0
I200514 19:21:30.429841 11 storage/engine/rocksdb.go:120                        Options.wal_recovery_mode: 0
I200514 19:21:30.429843 11 storage/engine/rocksdb.go:120                   Options.enable_thread_tracking: 0
I200514 19:21:30.429846 11 storage/engine/rocksdb.go:120                   Options.enable_pipelined_write: 0
I200514 19:21:30.429848 11 storage/engine/rocksdb.go:120          Options.allow_concurrent_memtable_write: 1
I200514 19:21:30.429851 11 storage/engine/rocksdb.go:120       Options.enable_write_thread_adaptive_yield: 1
I200514 19:21:30.429853 11 storage/engine/rocksdb.go:120              Options.write_thread_max_yield_usec: 100
I200514 19:21:30.429856 11 storage/engine/rocksdb.go:120             Options.write_thread_slow_yield_usec: 3
I200514 19:21:30.429858 11 storage/engine/rocksdb.go:120                                Options.row_cache: None
I200514 19:21:30.429861 11 storage/engine/rocksdb.go:120                               Options.wal_filter: None
I200514 19:21:30.429864 11 storage/engine/rocksdb.go:120              Options.avoid_flush_during_recovery: 0
I200514 19:21:30.429866 11 storage/engine/rocksdb.go:120              Options.allow_ingest_behind: 0
I200514 19:21:30.429869 11 storage/engine/rocksdb.go:120              Options.preserve_deletes: 0
I200514 19:21:30.429871 11 storage/engine/rocksdb.go:120              Options.two_write_queues: 0
I200514 19:21:30.429874 11 storage/engine/rocksdb.go:120              Options.manual_wal_flush: 1
I200514 19:21:30.429877 11 storage/engine/rocksdb.go:120              Options.atomic_flush: 0
I200514 19:21:30.429879 11 storage/engine/rocksdb.go:120              Options.avoid_unnecessary_blocking_io: 0
I200514 19:21:30.429882 11 storage/engine/rocksdb.go:120              Options.max_background_jobs: 2
I200514 19:21:30.429884 11 storage/engine/rocksdb.go:120              Options.max_background_compactions: -1
I200514 19:21:30.429887 11 storage/engine/rocksdb.go:120              Options.avoid_flush_during_shutdown: 0
I200514 19:21:30.429889 11 storage/engine/rocksdb.go:120            Options.writable_file_max_buffer_size: 1048576
I200514 19:21:30.429892 11 storage/engine/rocksdb.go:120              Options.delayed_write_rate : 16777216
I200514 19:21:30.429895 11 storage/engine/rocksdb.go:120              Options.max_total_wal_size: 0
I200514 19:21:30.429900 11 storage/engine/rocksdb.go:120              Options.delete_obsolete_files_period_micros: 21600000000
I200514 19:21:30.429903 11 storage/engine/rocksdb.go:120                    Options.stats_dump_period_sec: 0
I200514 19:21:30.429906 11 storage/engine/rocksdb.go:120                  Options.stats_persist_period_sec: 600
I200514 19:21:30.429909 11 storage/engine/rocksdb.go:120                  Options.stats_history_buffer_size: 1048576
I200514 19:21:30.429911 11 storage/engine/rocksdb.go:120                           Options.max_open_files: 128
I200514 19:21:30.429914 11 storage/engine/rocksdb.go:120                           Options.bytes_per_sync: 524288
I200514 19:21:30.429917 11 storage/engine/rocksdb.go:120                       Options.wal_bytes_per_sync: 0
I200514 19:21:30.429921 11 storage/engine/rocksdb.go:120                    Options.strict_bytes_per_sync: 1
I200514 19:21:30.429924 11 storage/engine/rocksdb.go:120        Options.compaction_readahead_size: 0
I200514 19:21:30.429927 11 storage/engine/rocksdb.go:120  Compression algorithms supported:
I200514 19:21:30.429930 11 storage/engine/rocksdb.go:120  	kZSTDNotFinalCompression supported: 0
I200514 19:21:30.429933 11 storage/engine/rocksdb.go:120  	kZSTD supported: 0
I200514 19:21:30.429936 11 storage/engine/rocksdb.go:120  	kXpressCompression supported: 0
I200514 19:21:30.429940 11 storage/engine/rocksdb.go:120  	kLZ4HCCompression supported: 0
I200514 19:21:30.429943 11 storage/engine/rocksdb.go:120  	kLZ4Compression supported: 0
I200514 19:21:30.429946 11 storage/engine/rocksdb.go:120  	kBZip2Compression supported: 0
I200514 19:21:30.429948 11 storage/engine/rocksdb.go:120  	kZlibCompression supported: 0
I200514 19:21:30.429951 11 storage/engine/rocksdb.go:120  	kSnappyCompression supported: 1
I200514 19:21:30.429959 11 storage/engine/rocksdb.go:120  Fast CRC32 supported: Supported on x86
I200514 19:21:30.431925 11 storage/engine/rocksdb.go:120  [db/db_impl_open.cc:242] Creating manifest 1 
I200514 19:21:30.464099 11 storage/engine/rocksdb.go:120  [db/version_set.cc:4072] Recovering from manifest file: /var/lib/cockroach/cockroach-temp832563503/MANIFEST-000001
I200514 19:21:30.464776 11 storage/engine/rocksdb.go:120  [db/column_family.cc:488] --------------- Options for column family [default]:
I200514 19:21:30.464781 11 storage/engine/rocksdb.go:120                Options.comparator: cockroach_comparator
I200514 19:21:30.464784 11 storage/engine/rocksdb.go:120            Options.merge_operator: cockroach_merge_operator
I200514 19:21:30.464788 11 storage/engine/rocksdb.go:120         Options.compaction_filter: None
I200514 19:21:30.464792 11 storage/engine/rocksdb.go:120         Options.compaction_filter_factory: None
I200514 19:21:30.464796 11 storage/engine/rocksdb.go:120          Options.memtable_factory: SkipListFactory
I200514 19:21:30.464799 11 storage/engine/rocksdb.go:120             Options.table_factory: BlockBasedTable
I200514 19:21:30.464833 11 storage/engine/rocksdb.go:120             table_factory options:   flush_block_policy_factory: FlushBlockBySizePolicyFactory (0x7f8738028030)
  cache_index_and_filter_blocks: 0
  cache_index_and_filter_blocks_with_high_priority: 0
  pin_l0_filter_and_index_blocks_in_cache: 0
  pin_top_level_index_and_filter: 1
  index_type: 0
  data_block_index_type: 0
  index_shortening: 1
  data_block_hash_table_util_ratio: 0.750000
  hash_index_allow_collision: 1
  checksum: 1
  no_block_cache: 0
  block_cache: 0x7f873801c010
  block_cache_name: LRUCache
  block_cache_options:
    capacity : 1048576
    num_shard_bits : 4
    strict_capacity_limit : 0
    memory_allocator : None
    high_pri_pool_ratio: 0.000
  block_cache_compressed: (nil)
  persistent_cache: (nil)
  block_size: 32768
  block_size_deviation: 10
  block_restart_interval: 16
  index_block_restart_interval: 1
  metadata_block_size: 4096
  partition_filters: 0
  use_delta_encoding: 1
  filter_policy: rocksdb.BuiltinBloomFilter
  whole_key_filtering: 0
  verify_compression: 0
  read_amp_bytes_per_bit: 0
  format_version: 2
  enable_index_compression: 1
  block_align: 0
I200514 19:21:30.464839 11 storage/engine/rocksdb.go:120         Options.write_buffer_size: 67108864
I200514 19:21:30.464843 11 storage/engine/rocksdb.go:120   Options.max_write_buffer_number: 4
I200514 19:21:30.464846 11 storage/engine/rocksdb.go:120           Options.compression: Snappy
I200514 19:21:30.464849 11 storage/engine/rocksdb.go:120                   Options.bottommost_compression: Disabled
I200514 19:21:30.464852 11 storage/engine/rocksdb.go:120        Options.prefix_extractor: cockroach_prefix_extractor
I200514 19:21:30.464855 11 storage/engine/rocksdb.go:120    Options.memtable_insert_with_hint_prefix_extractor: nullptr
I200514 19:21:30.464857 11 storage/engine/rocksdb.go:120              Options.num_levels: 7
I200514 19:21:30.464860 11 storage/engine/rocksdb.go:120         Options.min_write_buffer_number_to_merge: 1
I200514 19:21:30.464863 11 storage/engine/rocksdb.go:120      Options.max_write_buffer_number_to_maintain: 0
I200514 19:21:30.464865 11 storage/engine/rocksdb.go:120             Options.bottommost_compression_opts.window_bits: -14
I200514 19:21:30.464868 11 storage/engine/rocksdb.go:120                   Options.bottommost_compression_opts.level: 32767
I200514 19:21:30.464871 11 storage/engine/rocksdb.go:120                Options.bottommost_compression_opts.strategy: 0
I200514 19:21:30.464873 11 storage/engine/rocksdb.go:120          Options.bottommost_compression_opts.max_dict_bytes: 0
I200514 19:21:30.464876 11 storage/engine/rocksdb.go:120          Options.bottommost_compression_opts.zstd_max_train_bytes: 0
I200514 19:21:30.464879 11 storage/engine/rocksdb.go:120                   Options.bottommost_compression_opts.enabled: false
I200514 19:21:30.464881 11 storage/engine/rocksdb.go:120             Options.compression_opts.window_bits: -14
I200514 19:21:30.464884 11 storage/engine/rocksdb.go:120                   Options.compression_opts.level: 32767
I200514 19:21:30.464899 11 storage/engine/rocksdb.go:120                Options.compression_opts.strategy: 0
I200514 19:21:30.464902 11 storage/engine/rocksdb.go:120          Options.compression_opts.max_dict_bytes: 0
I200514 19:21:30.464905 11 storage/engine/rocksdb.go:120          Options.compression_opts.zstd_max_train_bytes: 0
I200514 19:21:30.464907 11 storage/engine/rocksdb.go:120                   Options.compression_opts.enabled: false
I200514 19:21:30.464910 11 storage/engine/rocksdb.go:120       Options.level0_file_num_compaction_trigger: 2
I200514 19:21:30.464913 11 storage/engine/rocksdb.go:120           Options.level0_slowdown_writes_trigger: 950
I200514 19:21:30.464916 11 storage/engine/rocksdb.go:120               Options.level0_stop_writes_trigger: 1000
I200514 19:21:30.464920 11 storage/engine/rocksdb.go:120                    Options.target_file_size_base: 4194304
I200514 19:21:30.464923 11 storage/engine/rocksdb.go:120              Options.target_file_size_multiplier: 2
I200514 19:21:30.464925 11 storage/engine/rocksdb.go:120                 Options.max_bytes_for_level_base: 67108864
I200514 19:21:30.464928 11 storage/engine/rocksdb.go:120  Options.level_compaction_dynamic_level_bytes: 1
I200514 19:21:30.464931 11 storage/engine/rocksdb.go:120           Options.max_bytes_for_level_multiplier: 10.000000
I200514 19:21:30.464934 11 storage/engine/rocksdb.go:120  Options.max_bytes_for_level_multiplier_addtl[0]: 1
I200514 19:21:30.464937 11 storage/engine/rocksdb.go:120  Options.max_bytes_for_level_multiplier_addtl[1]: 1
I200514 19:21:30.464939 11 storage/engine/rocksdb.go:120  Options.max_bytes_for_level_multiplier_addtl[2]: 1
I200514 19:21:30.464942 11 storage/engine/rocksdb.go:120  Options.max_bytes_for_level_multiplier_addtl[3]: 1
I200514 19:21:30.464944 11 storage/engine/rocksdb.go:120  Options.max_bytes_for_level_multiplier_addtl[4]: 1
I200514 19:21:30.464947 11 storage/engine/rocksdb.go:120  Options.max_bytes_for_level_multiplier_addtl[5]: 1
I200514 19:21:30.464949 11 storage/engine/rocksdb.go:120  Options.max_bytes_for_level_multiplier_addtl[6]: 1
I200514 19:21:30.464952 11 storage/engine/rocksdb.go:120        Options.max_sequential_skip_in_iterations: 8
I200514 19:21:30.464955 11 storage/engine/rocksdb.go:120                     Options.max_compaction_bytes: 104857600
I200514 19:21:30.464957 11 storage/engine/rocksdb.go:120                         Options.arena_block_size: 8388608
I200514 19:21:30.464960 11 storage/engine/rocksdb.go:120    Options.soft_pending_compaction_bytes_limit: 2199023255552
I200514 19:21:30.464962 11 storage/engine/rocksdb.go:120    Options.hard_pending_compaction_bytes_limit: 4400193994752
I200514 19:21:30.464971 11 storage/engine/rocksdb.go:120        Options.rate_limit_delay_max_milliseconds: 100
I200514 19:21:30.464974 11 storage/engine/rocksdb.go:120                 Options.disable_auto_compactions: 0
I200514 19:21:30.464977 11 storage/engine/rocksdb.go:120                         Options.compaction_style: kCompactionStyleLevel
I200514 19:21:30.464980 11 storage/engine/rocksdb.go:120                           Options.compaction_pri: kMinOverlappingRatio
I200514 19:21:30.464983 11 storage/engine/rocksdb.go:120  Options.compaction_options_universal.size_ratio: 1
I200514 19:21:30.464985 11 storage/engine/rocksdb.go:120  Options.compaction_options_universal.min_merge_width: 2
I200514 19:21:30.464988 11 storage/engine/rocksdb.go:120  Options.compaction_options_universal.max_merge_width: 4294967295
I200514 19:21:30.464990 11 storage/engine/rocksdb.go:120  Options.compaction_options_universal.max_size_amplification_percent: 200
I200514 19:21:30.464993 11 storage/engine/rocksdb.go:120  Options.compaction_options_universal.compression_size_percent: -1
I200514 19:21:30.464996 11 storage/engine/rocksdb.go:120  Options.compaction_options_universal.stop_style: kCompactionStopStyleTotalSize
I200514 19:21:30.464999 11 storage/engine/rocksdb.go:120  Options.compaction_options_fifo.max_table_files_size: 1073741824
I200514 19:21:30.465001 11 storage/engine/rocksdb.go:120  Options.compaction_options_fifo.allow_compaction: 0
I200514 19:21:30.465005 11 storage/engine/rocksdb.go:120                    Options.table_properties_collectors: TimeBoundTblPropCollectorFactory; DeleteRangeTblPropCollectorFactory; 
I200514 19:21:30.465008 11 storage/engine/rocksdb.go:120                    Options.inplace_update_support: 0
I200514 19:21:30.465011 11 storage/engine/rocksdb.go:120                  Options.inplace_update_num_locks: 10000
I200514 19:21:30.465014 11 storage/engine/rocksdb.go:120                Options.memtable_prefix_bloom_size_ratio: 0.000000
I200514 19:21:30.465016 11 storage/engine/rocksdb.go:120                Options.memtable_whole_key_filtering: 0
I200514 19:21:30.465019 11 storage/engine/rocksdb.go:120    Options.memtable_huge_page_size: 0
I200514 19:21:30.465022 11 storage/engine/rocksdb.go:120                            Options.bloom_locality: 0
I200514 19:21:30.465024 11 storage/engine/rocksdb.go:120                     Options.max_successive_merges: 0
I200514 19:21:30.465027 11 storage/engine/rocksdb.go:120                 Options.optimize_filters_for_hits: 1
I200514 19:21:30.465029 11 storage/engine/rocksdb.go:120                 Options.paranoid_file_checks: 0
I200514 19:21:30.465033 11 storage/engine/rocksdb.go:120                 Options.force_consistency_checks: 0
I200514 19:21:30.465035 11 storage/engine/rocksdb.go:120                 Options.report_bg_io_stats: 0
I200514 19:21:30.465038 11 storage/engine/rocksdb.go:120                                Options.ttl: 0
I200514 19:21:30.465047 11 storage/engine/rocksdb.go:120           Options.periodic_compaction_seconds: 0
I200514 19:21:30.465685 11 storage/engine/rocksdb.go:120  [db/version_set.cc:4286] Recovered from manifest file:/var/lib/cockroach/cockroach-temp832563503/MANIFEST-000001 succeeded,manifest_file_number is 1, next_file_number is 3, last_sequence is 0, log_number is 0,prev_log_number is 0,max_column_family is 0,min_log_number_to_keep is 0
I200514 19:21:30.465690 11 storage/engine/rocksdb.go:120  [db/version_set.cc:4295] Column family [default] (ID 0), log number is 0
I200514 19:21:30.488077 11 storage/engine/rocksdb.go:120  DB pointer 0x7f87380a4000
I200514 19:21:30.526286 11 storage/engine/rocksdb.go:120  RocksDB version: 6.2.1
I200514 19:21:30.526296 11 storage/engine/rocksdb.go:120  Git sha rocksdb_build_git_sha:@b7009236531fa784872f4823eabf393501e41bf2@
I200514 19:21:30.526299 11 storage/engine/rocksdb.go:120  Compile date Mar 16 2020
I200514 19:21:30.526302 11 storage/engine/rocksdb.go:120  DB SUMMARY
I200514 19:21:30.527933 11 storage/engine/rocksdb.go:120  CURRENT file:  CURRENT
I200514 19:21:30.527942 11 storage/engine/rocksdb.go:120  IDENTITY file:  IDENTITY
I200514 19:21:30.528294 11 storage/engine/rocksdb.go:120  MANIFEST file:  MANIFEST-000586 size: 478 Bytes
I200514 19:21:30.528301 11 storage/engine/rocksdb.go:120  SST files in /var/lib/cockroach dir, Total Num: 4, files: 000581.sst 000582.sst 000583.sst 000585.sst 
I200514 19:21:30.528304 11 storage/engine/rocksdb.go:120  Write Ahead Log file in /var/lib/cockroach: 000587.log size: 1376013 ; 
I200514 19:21:30.528308 11 storage/engine/rocksdb.go:120                          Options.error_if_exists: 0
I200514 19:21:30.528312 11 storage/engine/rocksdb.go:120                        Options.create_if_missing: 1
I200514 19:21:30.528315 11 storage/engine/rocksdb.go:120                          Options.paranoid_checks: 1
I200514 19:21:30.528318 11 storage/engine/rocksdb.go:120                                      Options.env: 0x75757a0
I200514 19:21:30.528320 11 storage/engine/rocksdb.go:120                                 Options.info_log: 0x7f8738027260
I200514 19:21:30.528323 11 storage/engine/rocksdb.go:120                 Options.max_file_opening_threads: 16
I200514 19:21:30.528326 11 storage/engine/rocksdb.go:120                               Options.statistics: 0x7f8738034080
I200514 19:21:30.528328 11 storage/engine/rocksdb.go:120                                Options.use_fsync: 0
I200514 19:21:30.528331 11 storage/engine/rocksdb.go:120                        Options.max_log_file_size: 0
I200514 19:21:30.528334 11 storage/engine/rocksdb.go:120                   Options.max_manifest_file_size: 134217728
I200514 19:21:30.528365 11 storage/engine/rocksdb.go:120                    Options.log_file_time_to_roll: 0
I200514 19:21:30.528369 11 storage/engine/rocksdb.go:120                        Options.keep_log_file_num: 1000
I200514 19:21:30.528372 11 storage/engine/rocksdb.go:120                     Options.recycle_log_file_num: 1
I200514 19:21:30.528374 11 storage/engine/rocksdb.go:120                          Options.allow_fallocate: 1
I200514 19:21:30.528377 11 storage/engine/rocksdb.go:120                         Options.allow_mmap_reads: 0
I200514 19:21:30.528379 11 storage/engine/rocksdb.go:120                        Options.allow_mmap_writes: 0
I200514 19:21:30.528382 11 storage/engine/rocksdb.go:120                         Options.use_direct_reads: 0
I200514 19:21:30.528384 11 storage/engine/rocksdb.go:120                         Options.use_direct_io_for_flush_and_compaction: 0
I200514 19:21:30.528387 11 storage/engine/rocksdb.go:120           Options.create_missing_column_families: 0
I200514 19:21:30.528390 11 storage/engine/rocksdb.go:120                               Options.db_log_dir: 
I200514 19:21:30.528392 11 storage/engine/rocksdb.go:120                                  Options.wal_dir: /var/lib/cockroach
I200514 19:21:30.528395 11 storage/engine/rocksdb.go:120                 Options.table_cache_numshardbits: 6
I200514 19:21:30.528397 11 storage/engine/rocksdb.go:120                       Options.max_subcompactions: 1
I200514 19:21:30.528400 11 storage/engine/rocksdb.go:120                   Options.max_background_flushes: -1
I200514 19:21:30.528403 11 storage/engine/rocksdb.go:120                          Options.WAL_ttl_seconds: 0
I200514 19:21:30.528405 11 storage/engine/rocksdb.go:120                        Options.WAL_size_limit_MB: 0
I200514 19:21:30.528408 11 storage/engine/rocksdb.go:120              Options.manifest_preallocation_size: 4194304
I200514 19:21:30.528411 11 storage/engine/rocksdb.go:120                      Options.is_fd_close_on_exec: 1
I200514 19:21:30.528414 11 storage/engine/rocksdb.go:120                    Options.advise_random_on_open: 1
I200514 19:21:30.528416 11 storage/engine/rocksdb.go:120                     Options.db_write_buffer_size: 0
I200514 19:21:30.528438 11 storage/engine/rocksdb.go:120                     Options.write_buffer_manager: 0x7f8738019090
I200514 19:21:30.528444 11 storage/engine/rocksdb.go:120          Options.access_hint_on_compaction_start: 1
I200514 19:21:30.528447 11 storage/engine/rocksdb.go:120   Options.new_table_reader_for_compaction_inputs: 0
I200514 19:21:30.528450 11 storage/engine/rocksdb.go:120            Options.random_access_max_buffer_size: 1048576
I200514 19:21:30.528453 11 storage/engine/rocksdb.go:120                       Options.use_adaptive_mutex: 0
I200514 19:21:30.528456 11 storage/engine/rocksdb.go:120                             Options.rate_limiter: (nil)
I200514 19:21:30.528459 11 storage/engine/rocksdb.go:120      Options.sst_file_manager.rate_bytes_per_sec: 0
I200514 19:21:30.528461 11 storage/engine/rocksdb.go:120                        Options.wal_recovery_mode: 0
I200514 19:21:30.528464 11 storage/engine/rocksdb.go:120                   Options.enable_thread_tracking: 0
I200514 19:21:30.528467 11 storage/engine/rocksdb.go:120                   Options.enable_pipelined_write: 0
I200514 19:21:30.528469 11 storage/engine/rocksdb.go:120          Options.allow_concurrent_memtable_write: 1
I200514 19:21:30.528472 11 storage/engine/rocksdb.go:120       Options.enable_write_thread_adaptive_yield: 1
I200514 19:21:30.528474 11 storage/engine/rocksdb.go:120              Options.write_thread_max_yield_usec: 100
I200514 19:21:30.528477 11 storage/engine/rocksdb.go:120             Options.write_thread_slow_yield_usec: 3
I200514 19:21:30.528479 11 storage/engine/rocksdb.go:120                                Options.row_cache: None
I200514 19:21:30.528487 11 storage/engine/rocksdb.go:120                               Options.wal_filter: None
I200514 19:21:30.528489 11 storage/engine/rocksdb.go:120              Options.avoid_flush_during_recovery: 0
I200514 19:21:30.528492 11 storage/engine/rocksdb.go:120              Options.allow_ingest_behind: 0
I200514 19:21:30.528494 11 storage/engine/rocksdb.go:120              Options.preserve_deletes: 0
I200514 19:21:30.528497 11 storage/engine/rocksdb.go:120              Options.two_write_queues: 0
I200514 19:21:30.528523 11 storage/engine/rocksdb.go:120              Options.manual_wal_flush: 1
I200514 19:21:30.528530 11 storage/engine/rocksdb.go:120              Options.atomic_flush: 0
I200514 19:21:30.528533 11 storage/engine/rocksdb.go:120              Options.avoid_unnecessary_blocking_io: 0
I200514 19:21:30.528536 11 storage/engine/rocksdb.go:120              Options.max_background_jobs: 2
I200514 19:21:30.528538 11 storage/engine/rocksdb.go:120              Options.max_background_compactions: -1
I200514 19:21:30.528541 11 storage/engine/rocksdb.go:120              Options.avoid_flush_during_shutdown: 0
I200514 19:21:30.528544 11 storage/engine/rocksdb.go:120            Options.writable_file_max_buffer_size: 1048576
I200514 19:21:30.528546 11 storage/engine/rocksdb.go:120              Options.delayed_write_rate : 16777216
I200514 19:21:30.528549 11 storage/engine/rocksdb.go:120              Options.max_total_wal_size: 0
I200514 19:21:30.528552 11 storage/engine/rocksdb.go:120              Options.delete_obsolete_files_period_micros: 21600000000
I200514 19:21:30.528554 11 storage/engine/rocksdb.go:120                    Options.stats_dump_period_sec: 0
I200514 19:21:30.528557 11 storage/engine/rocksdb.go:120                  Options.stats_persist_period_sec: 600
I200514 19:21:30.528559 11 storage/engine/rocksdb.go:120                  Options.stats_history_buffer_size: 1048576
I200514 19:21:30.528562 11 storage/engine/rocksdb.go:120                           Options.max_open_files: 1043576
I200514 19:21:30.528564 11 storage/engine/rocksdb.go:120                           Options.bytes_per_sync: 524288
I200514 19:21:30.528589 11 storage/engine/rocksdb.go:120                       Options.wal_bytes_per_sync: 0
I200514 19:21:30.528595 11 storage/engine/rocksdb.go:120                    Options.strict_bytes_per_sync: 1
I200514 19:21:30.528598 11 storage/engine/rocksdb.go:120        Options.compaction_readahead_size: 0
I200514 19:21:30.528600 11 storage/engine/rocksdb.go:120  Compression algorithms supported:
I200514 19:21:30.528603 11 storage/engine/rocksdb.go:120  	kZSTDNotFinalCompression supported: 0
I200514 19:21:30.528606 11 storage/engine/rocksdb.go:120  	kZSTD supported: 0
I200514 19:21:30.528609 11 storage/engine/rocksdb.go:120  	kXpressCompression supported: 0
I200514 19:21:30.528611 11 storage/engine/rocksdb.go:120  	kLZ4HCCompression supported: 0
I200514 19:21:30.528642 11 storage/engine/rocksdb.go:120  	kLZ4Compression supported: 0
I200514 19:21:30.528648 11 storage/engine/rocksdb.go:120  	kBZip2Compression supported: 0
I200514 19:21:30.528650 11 storage/engine/rocksdb.go:120  	kZlibCompression supported: 0
I200514 19:21:30.528653 11 storage/engine/rocksdb.go:120  	kSnappyCompression supported: 1
I200514 19:21:30.528659 11 storage/engine/rocksdb.go:120  Fast CRC32 supported: Supported on x86
I200514 19:21:30.530316 11 storage/engine/rocksdb.go:120  [db/version_set.cc:4072] Recovering from manifest file: /var/lib/cockroach/MANIFEST-000586
I200514 19:21:30.530800 11 storage/engine/rocksdb.go:120  [db/column_family.cc:488] --------------- Options for column family [default]:
I200514 19:21:30.530805 11 storage/engine/rocksdb.go:120                Options.comparator: cockroach_comparator
I200514 19:21:30.530808 11 storage/engine/rocksdb.go:120            Options.merge_operator: cockroach_merge_operator
I200514 19:21:30.530810 11 storage/engine/rocksdb.go:120         Options.compaction_filter: None
I200514 19:21:30.530813 11 storage/engine/rocksdb.go:120         Options.compaction_filter_factory: None
I200514 19:21:30.530816 11 storage/engine/rocksdb.go:120          Options.memtable_factory: SkipListFactory
I200514 19:21:30.530819 11 storage/engine/rocksdb.go:120             Options.table_factory: BlockBasedTable
I200514 19:21:30.530836 11 storage/engine/rocksdb.go:120             table_factory options:   flush_block_policy_factory: FlushBlockBySizePolicyFactory (0x7f8738028090)
  cache_index_and_filter_blocks: 0
  cache_index_and_filter_blocks_with_high_priority: 0
  pin_l0_filter_and_index_blocks_in_cache: 0
  pin_top_level_index_and_filter: 1
  index_type: 0
  data_block_index_type: 0
  index_shortening: 1
  data_block_hash_table_util_ratio: 0.750000
  hash_index_allow_collision: 1
  checksum: 1
  no_block_cache: 0
  block_cache: 0x7f87380bc210
  block_cache_name: LRUCache
  block_cache_options:
    capacity : 67108864
    num_shard_bits : 4
    strict_capacity_limit : 0
    memory_allocator : None
    high_pri_pool_ratio: 0.000
  block_cache_compressed: (nil)
  persistent_cache: (nil)
  block_size: 32768
  block_size_deviation: 10
  block_restart_interval: 16
  index_block_restart_interval: 1
  metadata_block_size: 4096
  partition_filters: 0
  use_delta_encoding: 1
  filter_policy: rocksdb.BuiltinBloomFilter
  whole_key_filtering: 0
  verify_compression: 0
  read_amp_bytes_per_bit: 0
  format_version: 2
  enable_index_compression: 1
  block_align: 0
I200514 19:21:30.530841 11 storage/engine/rocksdb.go:120         Options.write_buffer_size: 67108864
I200514 19:21:30.530845 11 storage/engine/rocksdb.go:120   Options.max_write_buffer_number: 4
I200514 19:21:30.530848 11 storage/engine/rocksdb.go:120           Options.compression: Snappy
I200514 19:21:30.530850 11 storage/engine/rocksdb.go:120                   Options.bottommost_compression: Disabled
I200514 19:21:30.530855 11 storage/engine/rocksdb.go:120        Options.prefix_extractor: cockroach_prefix_extractor
I200514 19:21:30.530858 11 storage/engine/rocksdb.go:120    Options.memtable_insert_with_hint_prefix_extractor: nullptr
I200514 19:21:30.530861 11 storage/engine/rocksdb.go:120              Options.num_levels: 7
I200514 19:21:30.530864 11 storage/engine/rocksdb.go:120         Options.min_write_buffer_number_to_merge: 1
I200514 19:21:30.530866 11 storage/engine/rocksdb.go:120      Options.max_write_buffer_number_to_maintain: 0
I200514 19:21:30.530869 11 storage/engine/rocksdb.go:120             Options.bottommost_compression_opts.window_bits: -14
I200514 19:21:30.530872 11 storage/engine/rocksdb.go:120                   Options.bottommost_compression_opts.level: 32767
I200514 19:21:30.530874 11 storage/engine/rocksdb.go:120                Options.bottommost_compression_opts.strategy: 0
I200514 19:21:30.530877 11 storage/engine/rocksdb.go:120          Options.bottommost_compression_opts.max_dict_bytes: 0
I200514 19:21:30.530879 11 storage/engine/rocksdb.go:120          Options.bottommost_compression_opts.zstd_max_train_bytes: 0
I200514 19:21:30.530882 11 storage/engine/rocksdb.go:120                   Options.bottommost_compression_opts.enabled: false
I200514 19:21:30.530885 11 storage/engine/rocksdb.go:120             Options.compression_opts.window_bits: -14
I200514 19:21:30.530887 11 storage/engine/rocksdb.go:120                   Options.compression_opts.level: 32767
I200514 19:21:30.530890 11 storage/engine/rocksdb.go:120                Options.compression_opts.strategy: 0
I200514 19:21:30.530892 11 storage/engine/rocksdb.go:120          Options.compression_opts.max_dict_bytes: 0
I200514 19:21:30.530895 11 storage/engine/rocksdb.go:120          Options.compression_opts.zstd_max_train_bytes: 0
I200514 19:21:30.530897 11 storage/engine/rocksdb.go:120                   Options.compression_opts.enabled: false
I200514 19:21:30.530900 11 storage/engine/rocksdb.go:120       Options.level0_file_num_compaction_trigger: 2
I200514 19:21:30.530903 11 storage/engine/rocksdb.go:120           Options.level0_slowdown_writes_trigger: 950
I200514 19:21:30.530905 11 storage/engine/rocksdb.go:120               Options.level0_stop_writes_trigger: 1000
I200514 19:21:30.530908 11 storage/engine/rocksdb.go:120                    Options.target_file_size_base: 4194304
I200514 19:21:30.530911 11 storage/engine/rocksdb.go:120              Options.target_file_size_multiplier: 2
I200514 19:21:30.530913 11 storage/engine/rocksdb.go:120                 Options.max_bytes_for_level_base: 67108864
I200514 19:21:30.530916 11 storage/engine/rocksdb.go:120  Options.level_compaction_dynamic_level_bytes: 1
I200514 19:21:30.530919 11 storage/engine/rocksdb.go:120           Options.max_bytes_for_level_multiplier: 10.000000
I200514 19:21:30.530922 11 storage/engine/rocksdb.go:120  Options.max_bytes_for_level_multiplier_addtl[0]: 1
I200514 19:21:30.530924 11 storage/engine/rocksdb.go:120  Options.max_bytes_for_level_multiplier_addtl[1]: 1
I200514 19:21:30.530927 11 storage/engine/rocksdb.go:120  Options.max_bytes_for_level_multiplier_addtl[2]: 1
I200514 19:21:30.530930 11 storage/engine/rocksdb.go:120  Options.max_bytes_for_level_multiplier_addtl[3]: 1
I200514 19:21:30.530932 11 storage/engine/rocksdb.go:120  Options.max_bytes_for_level_multiplier_addtl[4]: 1
I200514 19:21:30.530935 11 storage/engine/rocksdb.go:120  Options.max_bytes_for_level_multiplier_addtl[5]: 1
I200514 19:21:30.530937 11 storage/engine/rocksdb.go:120  Options.max_bytes_for_level_multiplier_addtl[6]: 1
I200514 19:21:30.530940 11 storage/engine/rocksdb.go:120        Options.max_sequential_skip_in_iterations: 8
I200514 19:21:30.530942 11 storage/engine/rocksdb.go:120                     Options.max_compaction_bytes: 104857600
I200514 19:21:30.530945 11 storage/engine/rocksdb.go:120                         Options.arena_block_size: 8388608
I200514 19:21:30.530948 11 storage/engine/rocksdb.go:120    Options.soft_pending_compaction_bytes_limit: 2199023255552
I200514 19:21:30.530950 11 storage/engine/rocksdb.go:120    Options.hard_pending_compaction_bytes_limit: 4400193994752
I200514 19:21:30.530953 11 storage/engine/rocksdb.go:120        Options.rate_limit_delay_max_milliseconds: 100
I200514 19:21:30.530955 11 storage/engine/rocksdb.go:120                 Options.disable_auto_compactions: 0
I200514 19:21:30.530959 11 storage/engine/rocksdb.go:120                         Options.compaction_style: kCompactionStyleLevel
I200514 19:21:30.530962 11 storage/engine/rocksdb.go:120                           Options.compaction_pri: kMinOverlappingRatio
I200514 19:21:30.530964 11 storage/engine/rocksdb.go:120  Options.compaction_options_universal.size_ratio: 1
I200514 19:21:30.530967 11 storage/engine/rocksdb.go:120  Options.compaction_options_universal.min_merge_width: 2
I200514 19:21:30.530969 11 storage/engine/rocksdb.go:120  Options.compaction_options_universal.max_merge_width: 4294967295
I200514 19:21:30.530972 11 storage/engine/rocksdb.go:120  Options.compaction_options_universal.max_size_amplification_percent: 200
I200514 19:21:30.530975 11 storage/engine/rocksdb.go:120  Options.compaction_options_universal.compression_size_percent: -1
I200514 19:21:30.530978 11 storage/engine/rocksdb.go:120  Options.compaction_options_universal.stop_style: kCompactionStopStyleTotalSize
I200514 19:21:30.530981 11 storage/engine/rocksdb.go:120  Options.compaction_options_fifo.max_table_files_size: 1073741824
I200514 19:21:30.530984 11 storage/engine/rocksdb.go:120  Options.compaction_options_fifo.allow_compaction: 0
I200514 19:21:30.530988 11 storage/engine/rocksdb.go:120                    Options.table_properties_collectors: TimeBoundTblPropCollectorFactory; DeleteRangeTblPropCollectorFactory; 
I200514 19:21:30.530991 11 storage/engine/rocksdb.go:120                    Options.inplace_update_support: 0
I200514 19:21:30.530993 11 storage/engine/rocksdb.go:120                  Options.inplace_update_num_locks: 10000
I200514 19:21:30.530996 11 storage/engine/rocksdb.go:120                Options.memtable_prefix_bloom_size_ratio: 0.000000
I200514 19:21:30.530999 11 storage/engine/rocksdb.go:120                Options.memtable_whole_key_filtering: 0
I200514 19:21:30.531001 11 storage/engine/rocksdb.go:120    Options.memtable_huge_page_size: 0
I200514 19:21:30.531004 11 storage/engine/rocksdb.go:120                            Options.bloom_locality: 0
I200514 19:21:30.531007 11 storage/engine/rocksdb.go:120                     Options.max_successive_merges: 0
I200514 19:21:30.531009 11 storage/engine/rocksdb.go:120                 Options.optimize_filters_for_hits: 1
I200514 19:21:30.531012 11 storage/engine/rocksdb.go:120                 Options.paranoid_file_checks: 0
I200514 19:21:30.531014 11 storage/engine/rocksdb.go:120                 Options.force_consistency_checks: 0
I200514 19:21:30.531017 11 storage/engine/rocksdb.go:120                 Options.report_bg_io_stats: 0
I200514 19:21:30.531019 11 storage/engine/rocksdb.go:120                                Options.ttl: 0
I200514 19:21:30.531022 11 storage/engine/rocksdb.go:120           Options.periodic_compaction_seconds: 0
I200514 19:21:30.538923 11 storage/engine/rocksdb.go:120  [db/version_set.cc:4286] Recovered from manifest file:/var/lib/cockroach/MANIFEST-000586 succeeded,manifest_file_number is 586, next_file_number is 588, last_sequence is 9510188, log_number is 579,prev_log_number is 0,max_column_family is 0,min_log_number_to_keep is 0
I200514 19:21:30.538942 11 storage/engine/rocksdb.go:120  [db/version_set.cc:4295] Column family [default] (ID 0), log number is 579
I200514 19:21:30.540733 11 storage/engine/rocksdb.go:120  EVENT_LOG_v1 {"time_micros": 1589484090540699, "job": 1, "event": "recovery_started", "log_files": [587]}
I200514 19:21:30.540747 11 storage/engine/rocksdb.go:120  [db/db_impl_open.cc:598] Recovering log #587 mode 0
I200514 19:21:30.570331 11 storage/engine/rocksdb.go:120  EVENT_LOG_v1 {"time_micros": 1589484090570259, "cf_name": "default", "job": 1, "event": "table_file_creation", "file_number": 588, "file_size": 86644, "table_properties": {"data_size": 83675, "index_size": 524, "index_partitions": 0, "top_level_index_size": 0, "index_key_is_user_key": 0, "index_value_is_delta_encoded": 0, "filter_size": 1605, "raw_key_size": 53376, "raw_average_key_size": 41, "raw_value_size": 340240, "raw_average_value_size": 265, "num_data_blocks": 11, "num_entries": 1282, "num_deletions": 139, "num_merge_operands": 664, "num_range_deletions": 664, "format_version": 0, "fixed_key_len": 0, "filter_policy": "rocksdb.BuiltinBloomFilter", "column_family_name": "default", "column_family_id": 0, "comparator": "cockroach_comparator", "merge_operator": "cockroach_merge_operator", "prefix_extractor_name": "cockroach_prefix_extractor", "property_collectors": "[TimeBoundTblPropCollectorFactory,DeleteRangeTblPropCollectorFactory]", "compression": "Snappy", "compression_options": "window_bits=-14; level=32767; strategy=0; max_dict_bytes=0; zstd_max_train_bytes=0; enabled=0; ", "creation_time": 1589484090, "oldest_key_time": 3, "file_creation_time": 0}}
I200514 19:21:30.570696 11 storage/engine/rocksdb.go:120  [db/version_set.cc:3560] Creating manifest 589
I200514 19:21:30.584754 11 storage/engine/rocksdb.go:120  EVENT_LOG_v1 {"time_micros": 1589484090584718, "job": 1, "event": "recovery_finished"}
I200514 19:21:30.605483 17 storage/engine/rocksdb.go:120  [db/compaction_job.cc:1647] [default] [JOB 3] Compacting 2@0 + 3@6 files to L6, score 1.00
I200514 19:21:30.605496 17 storage/engine/rocksdb.go:120  [db/compaction_job.cc:1651] [default] Compaction start summary: Base version 2 Base level 0, inputs: [588(84KB) 585(94KB)], [581(4118KB) 582(4114KB) 583(2962KB)]
I200514 19:21:30.605527 17 storage/engine/rocksdb.go:120  EVENT_LOG_v1 {"time_micros": 1589484090605510, "job": 3, "event": "compaction_started", "compaction_reason": "LevelL0FilesNum", "files_L0": [588, 585], "files_L6": [581, 582, 583], "score": 1, "input_data_size": 11647702}
I200514 19:21:30.613188 11 storage/engine/rocksdb.go:120  DB pointer 0x7f8738134000
I200514 19:21:30.706014 17 storage/engine/rocksdb.go:120  [db/compaction_job.cc:1334] [default] [JOB 3] Generated table #593: 14788 keys, 4218116 bytes
I200514 19:21:30.706057 17 storage/engine/rocksdb.go:120  EVENT_LOG_v1 {"time_micros": 1589484090706031, "cf_name": "default", "job": 3, "event": "table_file_creation", "file_number": 593, "file_size": 4218116, "table_properties": {"data_size": 4196770, "index_size": 78460, "index_partitions": 0, "top_level_index_size": 0, "index_key_is_user_key": 0, "index_value_is_delta_encoded": 0, "filter_size": 0, "raw_key_size": 743836, "raw_average_key_size": 50, "raw_value_size": 35769893, "raw_average_value_size": 2418, "num_data_blocks": 1143, "num_entries": 14788, "num_deletions": 0, "num_merge_operands": 0, "num_range_deletions": 0, "format_version": 0, "fixed_key_len": 0, "filter_policy": "rocksdb.BuiltinBloomFilter", "column_family_name": "default", "column_family_id": 0, "comparator": "cockroach_comparator", "merge_operator": "cockroach_merge_operator", "prefix_extractor_name": "cockroach_prefix_extractor", "property_collectors": "[TimeBoundTblPropCollectorFactory,DeleteRangeTblPropCollectorFactory]", "compression": "Snappy", "compression_options": "window_bits=-14; level=32767; strategy=0; max_dict_bytes=0; zstd_max_train_bytes=0; enabled=0; ", "creation_time": 1589484090, "oldest_key_time": 0, "file_creation_time": 1589484090}}
I200514 19:21:30.784263 17 storage/engine/rocksdb.go:120  [db/compaction_job.cc:1334] [default] [JOB 3] Generated table #594: 8091 keys, 4210211 bytes
I200514 19:21:30.784315 17 storage/engine/rocksdb.go:120  EVENT_LOG_v1 {"time_micros": 1589484090784287, "cf_name": "default", "job": 3, "event": "table_file_creation", "file_number": 594, "file_size": 4210211, "table_properties": {"data_size": 4194880, "index_size": 52542, "index_partitions": 0, "top_level_index_size": 0, "index_key_is_user_key": 0, "index_value_is_delta_encoded": 0, "filter_size": 0, "raw_key_size": 444345, "raw_average_key_size": 54, "raw_value_size": 24359058, "raw_average_value_size": 3010, "num_data_blocks": 779, "num_entries": 8091, "num_deletions": 0, "num_merge_operands": 0, "num_range_deletions": 0, "format_version": 0, "fixed_key_len": 0, "filter_policy": "rocksdb.BuiltinBloomFilter", "column_family_name": "default", "column_family_id": 0, "comparator": "cockroach_comparator", "merge_operator": "cockroach_merge_operator", "prefix_extractor_name": "cockroach_prefix_extractor", "property_collectors": "[TimeBoundTblPropCollectorFactory,DeleteRangeTblPropCollectorFactory]", "compression": "Snappy", "compression_options": "window_bits=-14; level=32767; strategy=0; max_dict_bytes=0; zstd_max_train_bytes=0; enabled=0; ", "creation_time": 1589484090, "oldest_key_time": 0, "file_creation_time": 1589484090}}
I200514 19:21:30.853942 17 storage/engine/rocksdb.go:120  [db/compaction_job.cc:1334] [default] [JOB 3] Generated table #595: 9948 keys, 3046959 bytes
I200514 19:21:30.854027 17 storage/engine/rocksdb.go:120  EVENT_LOG_v1 {"time_micros": 1589484090853990, "cf_name": "default", "job": 3, "event": "table_file_creation", "file_number": 595, "file_size": 3046959, "table_properties": {"data_size": 3034868, "index_size": 41759, "index_partitions": 0, "top_level_index_size": 0, "index_key_is_user_key": 0, "index_value_is_delta_encoded": 0, "filter_size": 0, "raw_key_size": 481917, "raw_average_key_size": 48, "raw_value_size": 18488678, "raw_average_value_size": 1858, "num_data_blocks": 594, "num_entries": 9948, "num_deletions": 0, "num_merge_operands": 0, "num_range_deletions": 0, "format_version": 0, "fixed_key_len": 0, "filter_policy": "rocksdb.BuiltinBloomFilter", "column_family_name": "default", "column_family_id": 0, "comparator": "cockroach_comparator", "merge_operator": "cockroach_merge_operator", "prefix_extractor_name": "cockroach_prefix_extractor", "property_collectors": "[TimeBoundTblPropCollectorFactory,DeleteRangeTblPropCollectorFactory]", "compression": "Snappy", "compression_options": "window_bits=-14; level=32767; strategy=0; max_dict_bytes=0; zstd_max_train_bytes=0; enabled=0; ", "creation_time": 1589484090, "oldest_key_time": 0, "file_creation_time": 1589484090}}
I200514 19:21:30.860181 17 storage/engine/rocksdb.go:120  [db/compaction_job.cc:1397] [default] [JOB 3] Compacted 2@0 + 3@6 files to L6 => 11475286 bytes
I200514 19:21:30.860838 17 storage/engine/rocksdb.go:120  (Original Log Time 2020/05/14-19:21:30.860744) [db/compaction_job.cc:770] [default] compacted to: base level 6 level multiplier 10.00 max bytes base 67108864 files[0 0 0 0 0 0 3] max score 0.00, MB/sec: 46.7 rd, 46.1 wr, level 6, files in(2, 3) out(3) MB in(0.2, 10.9) out(10.9), read-write-amplify(125.8) write-amplify(62.4) OK, records in: 35221, records dropped: 1066 output_compression: Snappy
I200514 19:21:30.860846 17 storage/engine/rocksdb.go:120  (Original Log Time 2020/05/14-19:21:30.860766) EVENT_LOG_v1 {"time_micros": 1589484090860757, "job": 3, "event": "compaction_finished", "compaction_time_micros": 249171, "compaction_time_cpu_micros": 105038, "output_level": 6, "num_output_files": 3, "total_output_size": 11475286, "num_input_records": 33893, "num_output_records": 32827, "num_subcompactions": 1, "output_compression": "Snappy", "num_single_delete_mismatches": 0, "num_single_delete_fallthrough": 0, "lsm_state": [0, 0, 0, 0, 0, 0, 3]}
I200514 19:21:30.861448 17 storage/engine/rocksdb.go:120  EVENT_LOG_v1 {"time_micros": 1589484090861417, "job": 3, "event": "table_file_deletion", "file_number": 588}
I200514 19:21:30.862235 17 storage/engine/rocksdb.go:120  EVENT_LOG_v1 {"time_micros": 1589484090862186, "job": 3, "event": "table_file_deletion", "file_number": 585}
I200514 19:21:30.863358 17 storage/engine/rocksdb.go:120  EVENT_LOG_v1 {"time_micros": 1589484090863341, "job": 3, "event": "table_file_deletion", "file_number": 583}
I200514 19:21:30.864791 17 storage/engine/rocksdb.go:120  EVENT_LOG_v1 {"time_micros": 1589484090864766, "job": 3, "event": "table_file_deletion", "file_number": 582}
I200514 19:21:30.867204 17 storage/engine/rocksdb.go:120  EVENT_LOG_v1 {"time_micros": 1589484090867184, "job": 3, "event": "table_file_deletion", "file_number": 581}
I200514 19:22:30.010584 1253 storage/engine/rocksdb.go:120  bloom filter utility:    -nan%
I200514 19:22:30.010979 1253 storage/engine/rocksdb.go:120  [db/db_impl.cc:392] Shutdown: canceling all background work
I200514 19:22:30.013019 1253 storage/engine/rocksdb.go:120  [db/db_impl.cc:565] Shutdown complete
I200514 19:22:30.024466 1253 storage/engine/rocksdb.go:120  bloom filter utility:    66.7%
I200514 19:22:30.024942 1253 storage/engine/rocksdb.go:120  [db/db_impl.cc:392] Shutdown: canceling all background work
I200514 19:22:30.034564 1253 storage/engine/rocksdb.go:120  [db/db_impl.cc:565] Shutdown complete
