I200514 15:00:54.065864 1 util/log/clog.go:1196  [config] file created at: 2020/05/14 15:00:54
I200514 15:00:54.065864 1 util/log/clog.go:1196  [config] running on machine: f3c6fade6072
I200514 15:00:54.065864 1 util/log/clog.go:1196  [config] binary: CockroachDB CCL v19.2.5 (x86_64-unknown-linux-gnu, built 2020/03/16 18:27:12, go1.12.12)
I200514 15:00:54.065864 1 util/log/clog.go:1196  [config] arguments: [/cockroach/cockroach start --insecure --store=attrs=ssd,path=/var/lib/cockroach/]
I200514 15:00:54.065864 1 util/log/clog.go:1196  line format: [IWEF]yymmdd hh:mm:ss.uuuuuu goid file:line msg utf8=✓
I200514 15:00:54.065864 1 cli/start.go:1144  logging to directory /var/lib/cockroach/logs
W200514 15:00:54.088132 1 cli/start.go:1182  RUNNING IN INSECURE MODE!

- Your cluster is open for any client that can access <all your IP addresses>.
- Any user, even root, can log in without providing a password.
- Any user, connecting as root, can read or write any data in your cluster.
- There is no network encryption nor authentication, and thus no confidentiality.

Check out how to secure your cluster: https://www.cockroachlabs.com/docs/v19.2/secure-a-cluster.html
I200514 15:00:54.088607 1 server/status/recorder.go:597  available memory from cgroups (8.0 EiB) is unsupported, using system memory 1.9 GiB instead: 
W200514 15:00:54.088758 1 cli/start.go:1052  Using the default setting for --cache (128 MiB).
  A significantly larger value is usually needed for good performance.
  If you have a dedicated server a reasonable setting is --cache=.25 (497 MiB).
I200514 15:00:54.089049 1 server/status/recorder.go:597  available memory from cgroups (8.0 EiB) is unsupported, using system memory 1.9 GiB instead: 
W200514 15:00:54.089073 1 cli/start.go:1065  Using the default setting for --max-sql-memory (128 MiB).
  A significantly larger value is usually needed in production.
  If you have a dedicated server a reasonable setting is --max-sql-memory=.25 (497 MiB).
I200514 15:00:54.089332 1 server/status/recorder.go:597  available memory from cgroups (8.0 EiB) is unsupported, using system memory 1.9 GiB instead: 
I200514 15:00:54.089358 1 cli/start.go:1196  CockroachDB CCL v19.2.5 (x86_64-unknown-linux-gnu, built 2020/03/16 18:27:12, go1.12.12)
W200514 15:00:54.466805 1 cli/start.go:511  running 'cockroach start' without --join is deprecated.
Consider using 'cockroach start-single-node' or 'cockroach init' instead.
I200514 15:00:54.488394 1 server/status/recorder.go:597  available memory from cgroups (8.0 EiB) is unsupported, using system memory 1.9 GiB instead: 
I200514 15:00:54.488419 1 server/config.go:394  system total memory: 1.9 GiB
I200514 15:00:54.488447 1 server/config.go:396  server configuration:
max offset             500000000
cache size             128 MiB
SQL memory pool size   128 MiB
scan interval          10m0s
scan min idle time     10ms
scan max idle time     1s
event log enabled      true
I200514 15:00:54.488461 1 cli/start.go:1030  using local environment variables: COCKROACH_CHANNEL=official-docker
I200514 15:00:54.488473 1 cli/start.go:1037  process identity: uid 0 euid 0 gid 0 egid 0
I200514 15:00:54.488542 1 cli/start.go:644  starting cockroach node
I200514 15:00:54.496792 31 storage/engine/rocksdb.go:622  opening rocksdb instance at "/var/lib/cockroach/cockroach-temp786374563"
I200514 15:00:54.704749 31 server/server.go:928  [n?] monitoring forward clock jumps based on server.clock.forward_jump_check_enabled
I200514 15:00:54.705878 31 storage/engine/rocksdb.go:622  opening rocksdb instance at "/var/lib/cockroach"
I200514 15:00:54.876781 31 server/config.go:502  [n?] 1 storage engine initialized
I200514 15:00:54.876789 31 server/config.go:505  [n?] RocksDB cache size: 128 MiB
I200514 15:00:54.876793 31 server/config.go:505  [n?] store 0: RocksDB, max size 0 B, max open file limit 1043576
W200514 15:00:54.903228 31 cli/start.go:996  neither --listen-addr nor --advertise-addr was specified.
The server will advertise "f3c6fade6072" to other nodes, is this routable?

Consider using:
- for local-only servers:  --listen-addr=localhost
- for multi-node clusters: --advertise-addr=<host/IP addr>
I200514 15:00:54.905774 31 server/server.go:978  [n?] Sleeping till wall time 1589468454905759456 to catches up to 1589468455204704556 to ensure monotonicity. Delta: 298.9451ms
I200514 15:00:55.205610 31 gossip/gossip.go:394  [n1] NodeDescriptor set to node_id:1 address:<network_field:"tcp" address_field:"f3c6fade6072:26257" > attrs:<> locality:<> ServerVersion:<major_val:19 minor_val:2 patch:0 unstable:0 > build_tag:"v19.2.5" started_at:1589468455205526156 cluster_name:"" sql_address:<network_field:"tcp" address_field:"f3c6fade6072:26257" > 
W200514 15:00:55.232545 110 storage/replica_range_lease.go:554  can't determine lease status due to node liveness error: node not in the liveness table
github.com/cockroachdb/cockroach/pkg/storage.init.ializers
	/go/src/github.com/cockroachdb/cockroach/pkg/storage/node_liveness.go:44
runtime.main
	/usr/local/go/src/runtime/proc.go:188
runtime.goexit
	/usr/local/go/src/runtime/asm_amd64.s:1337
W200514 15:00:55.232566 110 storage/store.go:1530  [n1,s1,r6/1:/Table/{SystemCon…-11}] could not gossip system config: [NotLeaseHolderError] r6: replica (n1,s1):1 not lease holder; lease holder unknown
I200514 15:00:55.356052 31 server/node.go:431  [n1] initialized store [n1,s1]: disk (capacity=894 GiB, available=579 GiB, used=16 MiB, logicalBytes=66 MiB), ranges=39, leases=3, queries=0.00, writes=0.00, bytesPerReplica={p10=0.00 p25=0.00 p50=0.00 p75=13779.00 p90=62495.00 pMax=39253521.00}, writesPerReplica={p10=0.00 p25=0.00 p50=0.00 p75=0.00 p90=0.00 pMax=0.00}
I200514 15:00:55.356139 31 storage/stores.go:240  [n1] read 0 node addresses from persistent storage
I200514 15:00:55.356206 31 server/node.go:645  [n1] connecting to gossip network to verify cluster ID...
I200514 15:00:55.356219 31 server/node.go:665  [n1] node connected via gossip and verified as part of cluster "3d423bb5-5d67-4ebf-947b-999bec430444"
I200514 15:00:55.356303 31 server/node.go:512  [n1] node=1: started with [ssd=/var/lib/cockroach] engine(s) and attributes []
I200514 15:00:55.359595 31 server/server.go:1514  [n1] starting http server at [::]:8080 (use: f3c6fade6072:8080)
I200514 15:00:55.359606 31 server/server.go:1521  [n1] starting grpc/postgres server at [::]:26257
I200514 15:00:55.359651 31 server/server.go:1522  [n1] advertising CockroachDB node at f3c6fade6072:26257
I200514 15:00:55.374000 31 server/server.go:1590  [n1] done ensuring all necessary migrations have run
I200514 15:00:55.374020 31 server/server.go:1841  [n1] serving sql connections
I200514 15:00:55.374110 31 cli/start.go:803  [config] clusterID: 3d423bb5-5d67-4ebf-947b-999bec430444
I200514 15:00:55.374149 31 cli/start.go:812  node startup completed:
CockroachDB node starting at 2020-05-14 15:00:55.374072556 +0000 UTC (took 1.3s)
build:               CCL v19.2.5 @ 2020/03/16 18:27:12 (go1.12.12)
webui:               http://f3c6fade6072:8080
sql:                 postgresql://root@f3c6fade6072:26257?sslmode=disable
RPC client flags:    /cockroach/cockroach <client cmd> --host=f3c6fade6072:26257 --insecure
logs:                /var/lib/cockroach/logs
temp dir:            /var/lib/cockroach/cockroach-temp786374563
external I/O path:   /var/lib/cockroach/extern
store[0]:            path=/var/lib/cockroach,attrs=ssd
status:              restarted pre-existing node
clusterID:           3d423bb5-5d67-4ebf-947b-999bec430444
nodeID:              1
I200514 15:00:55.380480 277 server/server_update.go:53  [n1] no need to upgrade, cluster already at the newest version
I200514 15:00:55.382772 279 sql/event_log.go:130  [n1] Event: "node_restart", target: 1, info: {Descriptor:{NodeID:1 Address:f3c6fade6072:26257 Attrs: Locality: ServerVersion:19.2 BuildTag:v19.2.5 StartedAt:1589468455205526156 LocalityAddress:[] ClusterName: SQLAddress:f3c6fade6072:26257} ClusterID:3d423bb5-5d67-4ebf-947b-999bec430444 StartedAt:1589468455205526156 LastUp:1589468452810659053}
I200514 15:00:55.998740 281 server/updates.go:267  [n1] A new version is available: 20.1.0, details: https://www.cockroachlabs.com/docs/releases/v20.1.0.html
I200514 15:00:56.848852 82 gossip/gossip.go:1531  [n1] node has connected to cluster via gossip
I200514 15:00:56.848933 82 storage/stores.go:259  [n1] wrote 0 node addresses to persistent storage
I200514 15:01:05.360713 217 server/status/runtime.go:498  [n1] runtime stats: 119 MiB RSS, 117 goroutines, 103 MiB/21 MiB/135 MiB GO alloc/idle/total, 14 MiB/17 MiB CGO alloc/total, 0.0 CGO/sec, 0.0/0.0 %(u/s)time, 0.0 %gc (9x), 35 KiB/43 KiB (r/w)net
I200514 15:01:15.359400 121 storage/store.go:2364  [n1,s1] sstables (read amplification = 1):
6 [ 10M 3 ]: 4M[2] 2M
I200514 15:01:15.359472 121 storage/store.go:2365  [n1,s1] 
** Compaction Stats [default] **
Level    Files   Size     Score Read(GB)  Rn(GB) Rnp1(GB) Write(GB) Wnew(GB) Moved(GB) W-Amp Rd(MB/s) Wr(MB/s) Comp(sec) CompMergeCPU(sec) Comp(cnt) Avg(sec) KeyIn KeyDrop
----------------------------------------------------------------------------------------------------------------------------------------------------------------------------
  L0      0/0    0.00 KB   0.0      0.0     0.0      0.0       0.0      0.0       0.0   1.0      0.0      7.2      0.04              0.00         1    0.038       0      0
  L6      3/0    9.56 MB   0.0      0.0     0.0      0.0       0.0     -0.0       0.0  27.8     53.9     51.4      0.19              0.10         1    0.186     50K    22K
 Sum      3/0    9.56 MB   0.0      0.0     0.0      0.0       0.0      0.0       0.0  36.2     44.9     44.0      0.22              0.10         2    0.112     50K    22K
 Int      0/0    0.00 KB   0.0      0.0     0.0      0.0       0.0      0.0       0.0  36.2     44.9     44.0      0.22              0.10         2    0.112     50K    22K

** Compaction Stats [default] **
Priority    Files   Size     Score Read(GB)  Rn(GB) Rnp1(GB) Write(GB) Wnew(GB) Moved(GB) W-Amp Rd(MB/s) Wr(MB/s) Comp(sec) CompMergeCPU(sec) Comp(cnt) Avg(sec) KeyIn KeyDrop
-------------------------------------------------------------------------------------------------------------------------------------------------------------------------------
 Low      0/0    0.00 KB   0.0      0.0     0.0      0.0       0.0     -0.0       0.0   0.0     53.9     51.4      0.19              0.10         1    0.186     50K    22K
User      0/0    0.00 KB   0.0      0.0     0.0      0.0       0.0      0.0       0.0   0.0      0.0      7.2      0.04              0.00         1    0.038       0      0
Uptime(secs): 20.6 total, 20.6 interval
Flush(GB): cumulative 0.000, interval 0.000
AddFile(GB): cumulative 0.000, interval 0.000
AddFile(Total Files): cumulative 0, interval 0
AddFile(L0 Files): cumulative 0, interval 0
AddFile(Keys): cumulative 0, interval 0
Cumulative compaction: 0.01 GB write, 0.48 MB/s write, 0.01 GB read, 0.49 MB/s read, 0.2 seconds
Interval compaction: 0.01 GB write, 0.48 MB/s write, 0.01 GB read, 0.49 MB/s read, 0.2 seconds
Stalls(count): 0 level0_slowdown, 0 level0_slowdown_with_compaction, 0 level0_numfiles, 0 level0_numfiles_with_compaction, 0 stop for pending_compaction_bytes, 0 slowdown for pending_compaction_bytes, 0 memtable_compaction, 0 memtable_slowdown, interval 0 total count
estimated_pending_compaction_bytes: 0 B
I200514 15:01:15.360773 217 server/status/runtime.go:498  [n1] runtime stats: 129 MiB RSS, 117 goroutines, 112 MiB/12 MiB/135 MiB GO alloc/idle/total, 14 MiB/17 MiB CGO alloc/total, 66.9 CGO/sec, 0.6/0.4 %(u/s)time, 0.0 %gc (0x), 553 B/424 B (r/w)net
I200514 15:01:25.363292 217 server/status/runtime.go:498  [n1] runtime stats: 138 MiB RSS, 117 goroutines, 118 MiB/6.2 MiB/135 MiB GO alloc/idle/total, 15 MiB/18 MiB CGO alloc/total, 57.0 CGO/sec, 0.6/0.2 %(u/s)time, 0.0 %gc (1x), 70 B/0 B (r/w)net
I200514 15:01:35.362367 217 server/status/runtime.go:498  [n1] runtime stats: 139 MiB RSS, 118 goroutines, 86 MiB/34 MiB/135 MiB GO alloc/idle/total, 15 MiB/18 MiB CGO alloc/total, 51.4 CGO/sec, 0.5/0.2 %(u/s)time, 0.0 %gc (0x), 70 B/0 B (r/w)net
I200514 15:01:45.362452 217 server/status/runtime.go:498  [n1] runtime stats: 139 MiB RSS, 118 goroutines, 92 MiB/28 MiB/135 MiB GO alloc/idle/total, 15 MiB/18 MiB CGO alloc/total, 24.9 CGO/sec, 0.4/0.1 %(u/s)time, 0.0 %gc (0x), 413 B/424 B (r/w)net
I200514 15:01:55.356429 122 gossip/gossip.go:566  [n1] gossip status (ok, 1 node)
gossip client (0/3 cur/max conns)
gossip server (0/3 cur/max conns, infos 0/0 sent/received, bytes 0B/0B sent/received)
gossip connectivity
  n1 [sentinel];
I200514 15:01:55.362561 217 server/status/runtime.go:498  [n1] runtime stats: 140 MiB RSS, 118 goroutines, 98 MiB/22 MiB/135 MiB GO alloc/idle/total, 15 MiB/18 MiB CGO alloc/total, 28.8 CGO/sec, 0.4/0.1 %(u/s)time, 0.0 %gc (0x), 0 B/0 B (r/w)net
I200514 15:02:05.362667 217 server/status/runtime.go:498  [n1] runtime stats: 141 MiB RSS, 117 goroutines, 108 MiB/15 MiB/135 MiB GO alloc/idle/total, 15 MiB/18 MiB CGO alloc/total, 91.2 CGO/sec, 0.4/0.2 %(u/s)time, 0.0 %gc (0x), 70 B/0 B (r/w)net
I200514 15:02:15.362683 217 server/status/runtime.go:498  [n1] runtime stats: 141 MiB RSS, 117 goroutines, 114 MiB/9.0 MiB/135 MiB GO alloc/idle/total, 16 MiB/18 MiB CGO alloc/total, 25.1 CGO/sec, 0.3/0.1 %(u/s)time, 0.0 %gc (0x), 70 B/0 B (r/w)net
I200514 15:02:25.362790 217 server/status/runtime.go:498  [n1] runtime stats: 143 MiB RSS, 117 goroutines, 120 MiB/2.9 MiB/135 MiB GO alloc/idle/total, 16 MiB/18 MiB CGO alloc/total, 28.9 CGO/sec, 0.2/0.1 %(u/s)time, 0.0 %gc (0x), 0 B/0 B (r/w)net
I200514 15:02:35.363494 217 server/status/runtime.go:498  [n1] runtime stats: 151 MiB RSS, 118 goroutines, 128 MiB/59 MiB/202 MiB GO alloc/idle/total, 16 MiB/18 MiB CGO alloc/total, 23.9 CGO/sec, 0.3/0.1 %(u/s)time, 0.0 %gc (0x), 0 B/0 B (r/w)net
I200514 15:02:45.363104 217 server/status/runtime.go:498  [n1] runtime stats: 159 MiB RSS, 118 goroutines, 80 MiB/102 MiB/202 MiB GO alloc/idle/total, 16 MiB/18 MiB CGO alloc/total, 26.7 CGO/sec, 0.4/0.2 %(u/s)time, 0.0 %gc (1x), 66 B/66 B (r/w)net
I200514 15:02:55.356398 122 gossip/gossip.go:566  [n1] gossip status (ok, 1 node)
gossip client (0/3 cur/max conns)
gossip server (0/3 cur/max conns, infos 0/0 sent/received, bytes 0B/0B sent/received)
I200514 15:02:55.363151 217 server/status/runtime.go:498  [n1] runtime stats: 159 MiB RSS, 118 goroutines, 86 MiB/96 MiB/202 MiB GO alloc/idle/total, 16 MiB/18 MiB CGO alloc/total, 25.5 CGO/sec, 0.3/0.2 %(u/s)time, 0.0 %gc (0x), 84 B/84 B (r/w)net
I200514 15:03:05.363379 217 server/status/runtime.go:498  [n1] runtime stats: 159 MiB RSS, 117 goroutines, 94 MiB/91 MiB/202 MiB GO alloc/idle/total, 16 MiB/18 MiB CGO alloc/total, 51.7 CGO/sec, 0.3/0.0 %(u/s)time, 0.0 %gc (0x), 70 B/0 B (r/w)net
I200514 15:03:15.363554 217 server/status/runtime.go:498  [n1] runtime stats: 160 MiB RSS, 117 goroutines, 100 MiB/85 MiB/202 MiB GO alloc/idle/total, 16 MiB/18 MiB CGO alloc/total, 30.9 CGO/sec, 0.3/0.1 %(u/s)time, 0.0 %gc (0x), 0 B/0 B (r/w)net
I200514 15:03:25.363600 217 server/status/runtime.go:498  [n1] runtime stats: 160 MiB RSS, 117 goroutines, 106 MiB/80 MiB/202 MiB GO alloc/idle/total, 15 MiB/18 MiB CGO alloc/total, 23.6 CGO/sec, 0.3/0.1 %(u/s)time, 0.0 %gc (0x), 70 B/0 B (r/w)net
I200514 15:03:35.363699 217 server/status/runtime.go:498  [n1] runtime stats: 160 MiB RSS, 118 goroutines, 113 MiB/73 MiB/202 MiB GO alloc/idle/total, 15 MiB/18 MiB CGO alloc/total, 49.6 CGO/sec, 0.3/0.1 %(u/s)time, 0.0 %gc (0x), 0 B/0 B (r/w)net
I200514 15:03:45.363858 217 server/status/runtime.go:498  [n1] runtime stats: 161 MiB RSS, 118 goroutines, 119 MiB/68 MiB/202 MiB GO alloc/idle/total, 15 MiB/19 MiB CGO alloc/total, 27.4 CGO/sec, 0.3/0.1 %(u/s)time, 0.0 %gc (0x), 66 B/66 B (r/w)net
I200514 15:03:55.356429 122 gossip/gossip.go:566  [n1] gossip status (ok, 1 node)
gossip client (0/3 cur/max conns)
gossip server (0/3 cur/max conns, infos 0/0 sent/received, bytes 0B/0B sent/received)
I200514 15:03:55.363946 217 server/status/runtime.go:498  [n1] runtime stats: 161 MiB RSS, 118 goroutines, 126 MiB/62 MiB/202 MiB GO alloc/idle/total, 15 MiB/19 MiB CGO alloc/total, 23.6 CGO/sec, 0.2/0.1 %(u/s)time, 0.0 %gc (0x), 84 B/84 B (r/w)net
I200514 15:04:05.364021 217 server/status/runtime.go:498  [n1] runtime stats: 162 MiB RSS, 117 goroutines, 133 MiB/55 MiB/202 MiB GO alloc/idle/total, 15 MiB/19 MiB CGO alloc/total, 57.9 CGO/sec, 0.3/0.1 %(u/s)time, 0.0 %gc (0x), 0 B/0 B (r/w)net
I200514 15:04:15.364168 217 server/status/runtime.go:498  [n1] runtime stats: 167 MiB RSS, 117 goroutines, 141 MiB/47 MiB/202 MiB GO alloc/idle/total, 15 MiB/19 MiB CGO alloc/total, 23.1 CGO/sec, 0.3/0.1 %(u/s)time, 0.0 %gc (0x), 0 B/0 B (r/w)net
I200514 15:04:25.364536 217 server/status/runtime.go:498  [n1] runtime stats: 175 MiB RSS, 117 goroutines, 77 MiB/105 MiB/202 MiB GO alloc/idle/total, 15 MiB/19 MiB CGO alloc/total, 27.2 CGO/sec, 0.4/0.2 %(u/s)time, 0.0 %gc (1x), 0 B/0 B (r/w)net
I200514 15:04:35.364419 217 server/status/runtime.go:498  [n1] runtime stats: 176 MiB RSS, 118 goroutines, 84 MiB/99 MiB/202 MiB GO alloc/idle/total, 15 MiB/19 MiB CGO alloc/total, 26.2 CGO/sec, 0.3/0.1 %(u/s)time, 0.0 %gc (0x), 0 B/0 B (r/w)net
I200514 15:04:45.364575 217 server/status/runtime.go:498  [n1] runtime stats: 176 MiB RSS, 118 goroutines, 90 MiB/94 MiB/202 MiB GO alloc/idle/total, 15 MiB/19 MiB CGO alloc/total, 28.0 CGO/sec, 0.2/0.2 %(u/s)time, 0.0 %gc (0x), 0 B/0 B (r/w)net
I200514 15:04:55.356397 122 gossip/gossip.go:566  [n1] gossip status (ok, 1 node)
gossip client (0/3 cur/max conns)
gossip server (0/3 cur/max conns, infos 0/0 sent/received, bytes 0B/0B sent/received)
I200514 15:04:55.364687 217 server/status/runtime.go:498  [n1] runtime stats: 176 MiB RSS, 118 goroutines, 97 MiB/88 MiB/202 MiB GO alloc/idle/total, 15 MiB/19 MiB CGO alloc/total, 24.9 CGO/sec, 0.3/0.0 %(u/s)time, 0.0 %gc (0x), 150 B/150 B (r/w)net
I200514 15:05:05.364794 217 server/status/runtime.go:498  [n1] runtime stats: 176 MiB RSS, 117 goroutines, 104 MiB/82 MiB/202 MiB GO alloc/idle/total, 15 MiB/19 MiB CGO alloc/total, 52.5 CGO/sec, 0.3/0.1 %(u/s)time, 0.0 %gc (0x), 0 B/0 B (r/w)net
I200514 15:05:15.364900 217 server/status/runtime.go:498  [n1] runtime stats: 177 MiB RSS, 117 goroutines, 110 MiB/76 MiB/202 MiB GO alloc/idle/total, 15 MiB/19 MiB CGO alloc/total, 22.7 CGO/sec, 0.2/0.1 %(u/s)time, 0.0 %gc (0x), 70 B/0 B (r/w)net
I200514 15:05:25.364951 217 server/status/runtime.go:498  [n1] runtime stats: 177 MiB RSS, 117 goroutines, 117 MiB/70 MiB/202 MiB GO alloc/idle/total, 15 MiB/19 MiB CGO alloc/total, 29.7 CGO/sec, 0.3/0.1 %(u/s)time, 0.0 %gc (0x), 0 B/0 B (r/w)net
I200514 15:05:35.365097 217 server/status/runtime.go:498  [n1] runtime stats: 178 MiB RSS, 118 goroutines, 123 MiB/64 MiB/202 MiB GO alloc/idle/total, 15 MiB/19 MiB CGO alloc/total, 28.1 CGO/sec, 0.3/0.1 %(u/s)time, 0.0 %gc (0x), 0 B/0 B (r/w)net
I200514 15:05:45.365183 217 server/status/runtime.go:498  [n1] runtime stats: 178 MiB RSS, 118 goroutines, 129 MiB/58 MiB/202 MiB GO alloc/idle/total, 15 MiB/19 MiB CGO alloc/total, 22.4 CGO/sec, 0.2/0.1 %(u/s)time, 0.0 %gc (0x), 70 B/0 B (r/w)net
I200514 15:05:55.356395 122 gossip/gossip.go:566  [n1] gossip status (ok, 1 node)
gossip client (0/3 cur/max conns)
gossip server (0/3 cur/max conns, infos 0/0 sent/received, bytes 0B/0B sent/received)
I200514 15:05:55.365288 217 server/status/runtime.go:498  [n1] runtime stats: 178 MiB RSS, 118 goroutines, 136 MiB/52 MiB/202 MiB GO alloc/idle/total, 15 MiB/19 MiB CGO alloc/total, 26.6 CGO/sec, 0.3/0.1 %(u/s)time, 0.0 %gc (0x), 150 B/150 B (r/w)net
I200514 15:06:05.365521 217 server/status/runtime.go:498  [n1] runtime stats: 178 MiB RSS, 117 goroutines, 143 MiB/45 MiB/202 MiB GO alloc/idle/total, 14 MiB/19 MiB CGO alloc/total, 73.0 CGO/sec, 0.3/0.1 %(u/s)time, 0.0 %gc (0x), 0 B/0 B (r/w)net
I200514 15:06:15.365504 217 server/status/runtime.go:498  [n1] runtime stats: 180 MiB RSS, 117 goroutines, 82 MiB/99 MiB/202 MiB GO alloc/idle/total, 14 MiB/19 MiB CGO alloc/total, 28.5 CGO/sec, 0.4/0.2 %(u/s)time, 0.0 %gc (1x), 0 B/0 B (r/w)net
I200514 15:06:25.365639 217 server/status/runtime.go:498  [n1] runtime stats: 180 MiB RSS, 117 goroutines, 89 MiB/94 MiB/202 MiB GO alloc/idle/total, 14 MiB/19 MiB CGO alloc/total, 26.6 CGO/sec, 0.3/0.1 %(u/s)time, 0.0 %gc (0x), 0 B/0 B (r/w)net
I200514 15:06:35.365822 217 server/status/runtime.go:498  [n1] runtime stats: 180 MiB RSS, 118 goroutines, 95 MiB/89 MiB/202 MiB GO alloc/idle/total, 14 MiB/19 MiB CGO alloc/total, 27.2 CGO/sec, 0.3/0.1 %(u/s)time, 0.0 %gc (0x), 0 B/0 B (r/w)net
I200514 15:06:45.365856 217 server/status/runtime.go:498  [n1] runtime stats: 180 MiB RSS, 118 goroutines, 101 MiB/83 MiB/202 MiB GO alloc/idle/total, 14 MiB/19 MiB CGO alloc/total, 22.1 CGO/sec, 0.2/0.1 %(u/s)time, 0.0 %gc (0x), 150 B/150 B (r/w)net
I200514 15:06:55.356418 122 gossip/gossip.go:566  [n1] gossip status (ok, 1 node)
gossip client (0/3 cur/max conns)
gossip server (0/3 cur/max conns, infos 0/0 sent/received, bytes 0B/0B sent/received)
I200514 15:06:55.366015 217 server/status/runtime.go:498  [n1] runtime stats: 181 MiB RSS, 118 goroutines, 108 MiB/77 MiB/202 MiB GO alloc/idle/total, 22 MiB/27 MiB CGO alloc/total, 27.2 CGO/sec, 0.3/0.1 %(u/s)time, 0.0 %gc (0x), 66 B/66 B (r/w)net
I200514 15:07:05.366152 217 server/status/runtime.go:498  [n1] runtime stats: 181 MiB RSS, 117 goroutines, 115 MiB/71 MiB/202 MiB GO alloc/idle/total, 22 MiB/27 MiB CGO alloc/total, 52.4 CGO/sec, 0.3/0.1 %(u/s)time, 0.0 %gc (0x), 0 B/0 B (r/w)net
I200514 15:07:15.366116 217 server/status/runtime.go:498  [n1] runtime stats: 181 MiB RSS, 117 goroutines, 121 MiB/65 MiB/202 MiB GO alloc/idle/total, 22 MiB/27 MiB CGO alloc/total, 26.3 CGO/sec, 0.3/0.1 %(u/s)time, 0.0 %gc (0x), 0 B/0 B (r/w)net
I200514 15:07:25.366346 217 server/status/runtime.go:498  [n1] runtime stats: 182 MiB RSS, 117 goroutines, 127 MiB/59 MiB/202 MiB GO alloc/idle/total, 22 MiB/27 MiB CGO alloc/total, 26.3 CGO/sec, 0.3/0.2 %(u/s)time, 0.0 %gc (0x), 0 B/0 B (r/w)net
I200514 15:07:35.366445 217 server/status/runtime.go:498  [n1] runtime stats: 182 MiB RSS, 118 goroutines, 134 MiB/54 MiB/202 MiB GO alloc/idle/total, 22 MiB/27 MiB CGO alloc/total, 25.1 CGO/sec, 0.3/0.1 %(u/s)time, 0.0 %gc (0x), 0 B/0 B (r/w)net
I200514 15:07:45.367049 217 server/status/runtime.go:498  [n1] runtime stats: 182 MiB RSS, 118 goroutines, 140 MiB/48 MiB/202 MiB GO alloc/idle/total, 22 MiB/27 MiB CGO alloc/total, 28.2 CGO/sec, 0.3/0.1 %(u/s)time, 0.0 %gc (0x), 0 B/0 B (r/w)net
I200514 15:07:55.356516 122 gossip/gossip.go:566  [n1] gossip status (ok, 1 node)
gossip client (0/3 cur/max conns)
gossip server (0/3 cur/max conns, infos 0/0 sent/received, bytes 0B/0B sent/received)
I200514 15:07:55.367303 217 server/status/runtime.go:498  [n1] runtime stats: 182 MiB RSS, 118 goroutines, 146 MiB/42 MiB/202 MiB GO alloc/idle/total, 22 MiB/27 MiB CGO alloc/total, 28.1 CGO/sec, 0.3/0.1 %(u/s)time, 0.0 %gc (0x), 150 B/150 B (r/w)net
I200514 15:08:05.367181 217 server/status/runtime.go:498  [n1] runtime stats: 188 MiB RSS, 117 goroutines, 156 MiB/32 MiB/202 MiB GO alloc/idle/total, 22 MiB/27 MiB CGO alloc/total, 51.6 CGO/sec, 0.4/0.3 %(u/s)time, 0.0 %gc (0x), 0 B/0 B (r/w)net
I200514 15:08:15.367283 217 server/status/runtime.go:498  [n1] runtime stats: 192 MiB RSS, 117 goroutines, 85 MiB/97 MiB/202 MiB GO alloc/idle/total, 22 MiB/27 MiB CGO alloc/total, 26.4 CGO/sec, 0.3/0.3 %(u/s)time, 0.0 %gc (1x), 0 B/0 B (r/w)net
I200514 15:08:25.367357 217 server/status/runtime.go:498  [n1] runtime stats: 192 MiB RSS, 117 goroutines, 92 MiB/92 MiB/202 MiB GO alloc/idle/total, 22 MiB/27 MiB CGO alloc/total, 51.6 CGO/sec, 0.4/0.1 %(u/s)time, 0.0 %gc (0x), 0 B/0 B (r/w)net
I200514 15:08:35.367540 217 server/status/runtime.go:498  [n1] runtime stats: 193 MiB RSS, 118 goroutines, 99 MiB/86 MiB/202 MiB GO alloc/idle/total, 22 MiB/27 MiB CGO alloc/total, 24.1 CGO/sec, 0.3/0.1 %(u/s)time, 0.0 %gc (0x), 0 B/0 B (r/w)net
I200514 15:08:45.367711 217 server/status/runtime.go:498  [n1] runtime stats: 193 MiB RSS, 118 goroutines, 105 MiB/80 MiB/202 MiB GO alloc/idle/total, 22 MiB/27 MiB CGO alloc/total, 27.7 CGO/sec, 0.3/0.1 %(u/s)time, 0.0 %gc (0x), 0 B/0 B (r/w)net
I200514 15:08:55.356407 122 gossip/gossip.go:566  [n1] gossip status (ok, 1 node)
gossip client (0/3 cur/max conns)
gossip server (0/3 cur/max conns, infos 0/0 sent/received, bytes 0B/0B sent/received)
I200514 15:08:55.367734 217 server/status/runtime.go:498  [n1] runtime stats: 193 MiB RSS, 118 goroutines, 111 MiB/74 MiB/202 MiB GO alloc/idle/total, 22 MiB/27 MiB CGO alloc/total, 30.0 CGO/sec, 0.3/0.1 %(u/s)time, 0.0 %gc (0x), 66 B/66 B (r/w)net
I200514 15:09:05.367955 217 server/status/runtime.go:498  [n1] runtime stats: 194 MiB RSS, 117 goroutines, 119 MiB/68 MiB/202 MiB GO alloc/idle/total, 21 MiB/27 MiB CGO alloc/total, 50.6 CGO/sec, 0.3/0.1 %(u/s)time, 0.0 %gc (0x), 84 B/84 B (r/w)net
I200514 15:09:15.368017 217 server/status/runtime.go:498  [n1] runtime stats: 194 MiB RSS, 117 goroutines, 125 MiB/62 MiB/202 MiB GO alloc/idle/total, 21 MiB/27 MiB CGO alloc/total, 29.3 CGO/sec, 0.4/0.1 %(u/s)time, 0.0 %gc (0x), 0 B/0 B (r/w)net
I200514 15:09:25.368133 217 server/status/runtime.go:498  [n1] runtime stats: 194 MiB RSS, 117 goroutines, 131 MiB/56 MiB/202 MiB GO alloc/idle/total, 21 MiB/27 MiB CGO alloc/total, 25.9 CGO/sec, 0.2/0.1 %(u/s)time, 0.0 %gc (0x), 0 B/0 B (r/w)net
I200514 15:09:35.368245 217 server/status/runtime.go:498  [n1] runtime stats: 195 MiB RSS, 118 goroutines, 137 MiB/50 MiB/202 MiB GO alloc/idle/total, 21 MiB/27 MiB CGO alloc/total, 26.3 CGO/sec, 0.3/0.1 %(u/s)time, 0.0 %gc (0x), 0 B/0 B (r/w)net
I200514 15:09:45.368474 217 server/status/runtime.go:498  [n1] runtime stats: 195 MiB RSS, 119 goroutines, 144 MiB/44 MiB/202 MiB GO alloc/idle/total, 21 MiB/27 MiB CGO alloc/total, 23.7 CGO/sec, 0.3/0.1 %(u/s)time, 0.0 %gc (0x), 0 B/0 B (r/w)net
I200514 15:09:55.356501 122 gossip/gossip.go:566  [n1] gossip status (ok, 1 node)
gossip client (0/3 cur/max conns)
gossip server (0/3 cur/max conns, infos 0/0 sent/received, bytes 0B/0B sent/received)
I200514 15:09:55.368483 217 server/status/runtime.go:498  [n1] runtime stats: 195 MiB RSS, 118 goroutines, 150 MiB/38 MiB/202 MiB GO alloc/idle/total, 21 MiB/27 MiB CGO alloc/total, 25.4 CGO/sec, 0.3/0.1 %(u/s)time, 0.0 %gc (0x), 66 B/66 B (r/w)net
I200514 15:10:05.368886 217 server/status/runtime.go:498  [n1] runtime stats: 195 MiB RSS, 117 goroutines, 78 MiB/104 MiB/202 MiB GO alloc/idle/total, 21 MiB/27 MiB CGO alloc/total, 57.9 CGO/sec, 0.4/0.2 %(u/s)time, 0.0 %gc (1x), 154 B/84 B (r/w)net
I200514 15:10:15.368965 217 server/status/runtime.go:498  [n1] runtime stats: 195 MiB RSS, 117 goroutines, 85 MiB/98 MiB/202 MiB GO alloc/idle/total, 21 MiB/27 MiB CGO alloc/total, 24.5 CGO/sec, 0.3/0.1 %(u/s)time, 0.0 %gc (0x), 0 B/0 B (r/w)net
I200514 15:10:25.369016 217 server/status/runtime.go:498  [n1] runtime stats: 196 MiB RSS, 117 goroutines, 91 MiB/93 MiB/202 MiB GO alloc/idle/total, 21 MiB/27 MiB CGO alloc/total, 24.1 CGO/sec, 0.3/0.0 %(u/s)time, 0.0 %gc (0x), 0 B/0 B (r/w)net
I200514 15:10:35.369116 217 server/status/runtime.go:498  [n1] runtime stats: 196 MiB RSS, 118 goroutines, 98 MiB/87 MiB/202 MiB GO alloc/idle/total, 21 MiB/27 MiB CGO alloc/total, 25.7 CGO/sec, 0.3/0.2 %(u/s)time, 0.0 %gc (0x), 0 B/0 B (r/w)net
I200514 15:10:45.369214 217 server/status/runtime.go:498  [n1] runtime stats: 196 MiB RSS, 118 goroutines, 104 MiB/81 MiB/202 MiB GO alloc/idle/total, 21 MiB/27 MiB CGO alloc/total, 29.6 CGO/sec, 0.3/0.0 %(u/s)time, 0.0 %gc (0x), 0 B/0 B (r/w)net
I200514 15:10:55.356482 122 gossip/gossip.go:566  [n1] gossip status (ok, 1 node)
gossip client (0/3 cur/max conns)
gossip server (0/3 cur/max conns, infos 0/0 sent/received, bytes 0B/0B sent/received)
E200514 15:10:55.364362 235 storage/queue.go:1203  [n1,replicate] 38 replicas failing with "0 of 1 live stores are able to take a new replica for the range (1 already has a replica); likely not enough nodes in cluster"
E200514 15:10:55.364367 235 storage/queue.go:1203  [n1,replicate] 1 replicas failing with "range requires a replication change, but live replicas [] don't constitute a quorum for [(n1,s1):1]:"
I200514 15:10:55.369314 217 server/status/runtime.go:498  [n1] runtime stats: 196 MiB RSS, 118 goroutines, 111 MiB/75 MiB/202 MiB GO alloc/idle/total, 21 MiB/27 MiB CGO alloc/total, 45.3 CGO/sec, 0.3/0.1 %(u/s)time, 0.0 %gc (0x), 66 B/66 B (r/w)net
I200514 15:11:05.369448 217 server/status/runtime.go:498  [n1] runtime stats: 197 MiB RSS, 117 goroutines, 119 MiB/69 MiB/202 MiB GO alloc/idle/total, 21 MiB/27 MiB CGO alloc/total, 56.3 CGO/sec, 0.4/0.1 %(u/s)time, 0.0 %gc (0x), 84 B/84 B (r/w)net
I200514 15:11:15.358538 121 storage/store.go:2364  [n1,s1] sstables (read amplification = 1):
6 [ 10M 3 ]: 4M[2] 2M
I200514 15:11:15.358612 121 storage/store.go:2365  [n1,s1] 
** Compaction Stats [default] **
Level    Files   Size     Score Read(GB)  Rn(GB) Rnp1(GB) Write(GB) Wnew(GB) Moved(GB) W-Amp Rd(MB/s) Wr(MB/s) Comp(sec) CompMergeCPU(sec) Comp(cnt) Avg(sec) KeyIn KeyDrop
----------------------------------------------------------------------------------------------------------------------------------------------------------------------------
  L0      0/0    0.00 KB   0.0      0.0     0.0      0.0       0.0      0.0       0.0   1.0      0.0      7.2      0.04              0.00         1    0.038       0      0
  L6      3/0    9.56 MB   0.0      0.0     0.0      0.0       0.0     -0.0       0.0  27.8     53.9     51.4      0.19              0.10         1    0.186     50K    22K
 Sum      3/0    9.56 MB   0.0      0.0     0.0      0.0       0.0      0.0       0.0  36.2     44.9     44.0      0.22              0.10         2    0.112     50K    22K
 Int      0/0    0.00 KB   0.0      0.0     0.0      0.0       0.0      0.0       0.0   0.0      0.0      0.0      0.00              0.00         0    0.000       0      0

** Compaction Stats [default] **
Priority    Files   Size     Score Read(GB)  Rn(GB) Rnp1(GB) Write(GB) Wnew(GB) Moved(GB) W-Amp Rd(MB/s) Wr(MB/s) Comp(sec) CompMergeCPU(sec) Comp(cnt) Avg(sec) KeyIn KeyDrop
-------------------------------------------------------------------------------------------------------------------------------------------------------------------------------
 Low      0/0    0.00 KB   0.0      0.0     0.0      0.0       0.0     -0.0       0.0   0.0     53.9     51.4      0.19              0.10         1    0.186     50K    22K
User      0/0    0.00 KB   0.0      0.0     0.0      0.0       0.0      0.0       0.0   0.0      0.0      7.2      0.04              0.00         1    0.038       0      0
Uptime(secs): 620.6 total, 600.0 interval
Flush(GB): cumulative 0.000, interval 0.000
AddFile(GB): cumulative 0.000, interval 0.000
AddFile(Total Files): cumulative 0, interval 0
AddFile(L0 Files): cumulative 0, interval 0
AddFile(Keys): cumulative 0, interval 0
Cumulative compaction: 0.01 GB write, 0.02 MB/s write, 0.01 GB read, 0.02 MB/s read, 0.2 seconds
Interval compaction: 0.00 GB write, 0.00 MB/s write, 0.00 GB read, 0.00 MB/s read, 0.0 seconds
Stalls(count): 0 level0_slowdown, 0 level0_slowdown_with_compaction, 0 level0_numfiles, 0 level0_numfiles_with_compaction, 0 stop for pending_compaction_bytes, 0 slowdown for pending_compaction_bytes, 0 memtable_compaction, 0 memtable_slowdown, interval 0 total count
estimated_pending_compaction_bytes: 0 B
I200514 15:11:15.369539 217 server/status/runtime.go:498  [n1] runtime stats: 197 MiB RSS, 117 goroutines, 125 MiB/63 MiB/202 MiB GO alloc/idle/total, 21 MiB/27 MiB CGO alloc/total, 23.7 CGO/sec, 0.2/0.1 %(u/s)time, 0.0 %gc (0x), 70 B/0 B (r/w)net
I200514 15:11:25.369653 217 server/status/runtime.go:498  [n1] runtime stats: 197 MiB RSS, 117 goroutines, 131 MiB/57 MiB/202 MiB GO alloc/idle/total, 21 MiB/27 MiB CGO alloc/total, 28.2 CGO/sec, 0.3/0.1 %(u/s)time, 0.0 %gc (0x), 0 B/0 B (r/w)net
I200514 15:11:35.369787 217 server/status/runtime.go:498  [n1] runtime stats: 197 MiB RSS, 118 goroutines, 137 MiB/51 MiB/202 MiB GO alloc/idle/total, 21 MiB/27 MiB CGO alloc/total, 28.2 CGO/sec, 0.3/0.1 %(u/s)time, 0.0 %gc (0x), 0 B/0 B (r/w)net
I200514 15:11:45.369840 217 server/status/runtime.go:498  [n1] runtime stats: 197 MiB RSS, 118 goroutines, 144 MiB/44 MiB/202 MiB GO alloc/idle/total, 21 MiB/27 MiB CGO alloc/total, 22.2 CGO/sec, 0.3/0.2 %(u/s)time, 0.0 %gc (0x), 108 B/108 B (r/w)net
I200514 15:11:55.356391 122 gossip/gossip.go:566  [n1] gossip status (ok, 1 node)
gossip client (0/3 cur/max conns)
gossip server (0/3 cur/max conns, infos 0/0 sent/received, bytes 0B/0B sent/received)
I200514 15:11:55.370002 217 server/status/runtime.go:498  [n1] runtime stats: 198 MiB RSS, 118 goroutines, 150 MiB/38 MiB/202 MiB GO alloc/idle/total, 21 MiB/27 MiB CGO alloc/total, 26.6 CGO/sec, 0.2/0.1 %(u/s)time, 0.0 %gc (0x), 0 B/0 B (r/w)net
I200514 15:12:05.370151 217 server/status/runtime.go:498  [n1] runtime stats: 199 MiB RSS, 117 goroutines, 85 MiB/98 MiB/202 MiB GO alloc/idle/total, 21 MiB/27 MiB CGO alloc/total, 53.4 CGO/sec, 0.4/0.2 %(u/s)time, 0.0 %gc (1x), 108 B/108 B (r/w)net
I200514 15:12:15.370222 217 server/status/runtime.go:498  [n1] runtime stats: 199 MiB RSS, 117 goroutines, 91 MiB/93 MiB/202 MiB GO alloc/idle/total, 21 MiB/27 MiB CGO alloc/total, 24.2 CGO/sec, 0.3/0.0 %(u/s)time, 0.0 %gc (0x), 0 B/0 B (r/w)net
I200514 15:12:25.370394 217 server/status/runtime.go:498  [n1] runtime stats: 199 MiB RSS, 117 goroutines, 97 MiB/87 MiB/202 MiB GO alloc/idle/total, 21 MiB/27 MiB CGO alloc/total, 28.6 CGO/sec, 0.4/0.1 %(u/s)time, 0.0 %gc (0x), 0 B/0 B (r/w)net
I200514 15:12:35.370607 217 server/status/runtime.go:498  [n1] runtime stats: 199 MiB RSS, 118 goroutines, 104 MiB/82 MiB/202 MiB GO alloc/idle/total, 21 MiB/27 MiB CGO alloc/total, 26.4 CGO/sec, 0.2/0.2 %(u/s)time, 0.0 %gc (0x), 0 B/0 B (r/w)net
I200514 15:12:45.370605 217 server/status/runtime.go:498  [n1] runtime stats: 199 MiB RSS, 118 goroutines, 110 MiB/76 MiB/202 MiB GO alloc/idle/total, 29 MiB/35 MiB CGO alloc/total, 21.7 CGO/sec, 0.2/0.1 %(u/s)time, 0.0 %gc (0x), 0 B/0 B (r/w)net
I200514 15:12:55.356542 122 gossip/gossip.go:566  [n1] gossip status (ok, 1 node)
gossip client (0/3 cur/max conns)
gossip server (0/3 cur/max conns, infos 0/0 sent/received, bytes 0B/0B sent/received)
I200514 15:12:55.370801 217 server/status/runtime.go:498  [n1] runtime stats: 199 MiB RSS, 118 goroutines, 116 MiB/70 MiB/202 MiB GO alloc/idle/total, 29 MiB/35 MiB CGO alloc/total, 27.2 CGO/sec, 0.3/0.1 %(u/s)time, 0.0 %gc (0x), 0 B/0 B (r/w)net
I200514 15:13:05.370934 217 server/status/runtime.go:498  [n1] runtime stats: 199 MiB RSS, 117 goroutines, 124 MiB/64 MiB/202 MiB GO alloc/idle/total, 29 MiB/35 MiB CGO alloc/total, 49.7 CGO/sec, 0.4/0.1 %(u/s)time, 0.0 %gc (0x), 150 B/150 B (r/w)net
I200514 15:13:15.371100 217 server/status/runtime.go:498  [n1] runtime stats: 200 MiB RSS, 117 goroutines, 130 MiB/58 MiB/202 MiB GO alloc/idle/total, 29 MiB/35 MiB CGO alloc/total, 24.8 CGO/sec, 0.3/0.1 %(u/s)time, 0.0 %gc (0x), 0 B/0 B (r/w)net
I200514 15:13:25.371145 217 server/status/runtime.go:498  [n1] runtime stats: 200 MiB RSS, 117 goroutines, 136 MiB/51 MiB/202 MiB GO alloc/idle/total, 29 MiB/35 MiB CGO alloc/total, 51.7 CGO/sec, 0.3/0.1 %(u/s)time, 0.0 %gc (0x), 0 B/0 B (r/w)net
I200514 15:13:35.371237 217 server/status/runtime.go:498  [n1] runtime stats: 200 MiB RSS, 118 goroutines, 143 MiB/45 MiB/202 MiB GO alloc/idle/total, 29 MiB/35 MiB CGO alloc/total, 25.2 CGO/sec, 0.3/0.0 %(u/s)time, 0.0 %gc (0x), 0 B/0 B (r/w)net
I200514 15:13:45.371385 217 server/status/runtime.go:498  [n1] runtime stats: 200 MiB RSS, 118 goroutines, 149 MiB/39 MiB/202 MiB GO alloc/idle/total, 29 MiB/35 MiB CGO alloc/total, 30.1 CGO/sec, 0.3/0.1 %(u/s)time, 0.0 %gc (0x), 0 B/0 B (r/w)net
I200514 15:13:55.356409 122 gossip/gossip.go:566  [n1] gossip status (ok, 1 node)
gossip client (0/3 cur/max conns)
gossip server (0/3 cur/max conns, infos 0/0 sent/received, bytes 0B/0B sent/received)
I200514 15:13:55.371466 217 server/status/runtime.go:498  [n1] runtime stats: 201 MiB RSS, 118 goroutines, 80 MiB/101 MiB/202 MiB GO alloc/idle/total, 29 MiB/35 MiB CGO alloc/total, 29.7 CGO/sec, 0.4/0.2 %(u/s)time, 0.0 %gc (1x), 0 B/0 B (r/w)net
I200514 15:14:05.371589 217 server/status/runtime.go:498  [n1] runtime stats: 201 MiB RSS, 117 goroutines, 88 MiB/96 MiB/202 MiB GO alloc/idle/total, 29 MiB/35 MiB CGO alloc/total, 51.6 CGO/sec, 0.2/0.1 %(u/s)time, 0.0 %gc (0x), 150 B/150 B (r/w)net
I200514 15:14:15.371830 217 server/status/runtime.go:498  [n1] runtime stats: 201 MiB RSS, 118 goroutines, 94 MiB/90 MiB/202 MiB GO alloc/idle/total, 29 MiB/35 MiB CGO alloc/total, 24.0 CGO/sec, 0.3/0.1 %(u/s)time, 0.0 %gc (0x), 0 B/0 B (r/w)net
I200514 15:14:25.371947 217 server/status/runtime.go:498  [n1] runtime stats: 202 MiB RSS, 117 goroutines, 100 MiB/85 MiB/202 MiB GO alloc/idle/total, 29 MiB/35 MiB CGO alloc/total, 29.1 CGO/sec, 0.2/0.1 %(u/s)time, 0.0 %gc (0x), 0 B/0 B (r/w)net
I200514 15:14:35.372019 217 server/status/runtime.go:498  [n1] runtime stats: 202 MiB RSS, 118 goroutines, 106 MiB/79 MiB/202 MiB GO alloc/idle/total, 29 MiB/35 MiB CGO alloc/total, 21.0 CGO/sec, 0.3/0.1 %(u/s)time, 0.0 %gc (0x), 0 B/0 B (r/w)net
I200514 15:14:45.372143 217 server/status/runtime.go:498  [n1] runtime stats: 202 MiB RSS, 118 goroutines, 113 MiB/73 MiB/202 MiB GO alloc/idle/total, 29 MiB/35 MiB CGO alloc/total, 27.0 CGO/sec, 0.3/0.0 %(u/s)time, 0.0 %gc (0x), 0 B/0 B (r/w)net
I200514 15:14:55.356388 122 gossip/gossip.go:566  [n1] gossip status (ok, 1 node)
gossip client (0/3 cur/max conns)
gossip server (0/3 cur/max conns, infos 0/0 sent/received, bytes 0B/0B sent/received)
I200514 15:14:55.372239 217 server/status/runtime.go:498  [n1] runtime stats: 203 MiB RSS, 118 goroutines, 119 MiB/68 MiB/202 MiB GO alloc/idle/total, 29 MiB/35 MiB CGO alloc/total, 26.3 CGO/sec, 0.3/0.1 %(u/s)time, 0.0 %gc (0x), 0 B/0 B (r/w)net
I200514 15:15:05.372201 217 server/status/runtime.go:498  [n1] runtime stats: 203 MiB RSS, 117 goroutines, 126 MiB/61 MiB/202 MiB GO alloc/idle/total, 29 MiB/35 MiB CGO alloc/total, 49.9 CGO/sec, 0.2/0.1 %(u/s)time, 0.0 %gc (0x), 66 B/66 B (r/w)net
I200514 15:15:15.372365 217 server/status/runtime.go:498  [n1] runtime stats: 203 MiB RSS, 117 goroutines, 132 MiB/55 MiB/202 MiB GO alloc/idle/total, 29 MiB/35 MiB CGO alloc/total, 31.9 CGO/sec, 0.3/0.1 %(u/s)time, 0.0 %gc (0x), 84 B/84 B (r/w)net
I200514 15:15:25.372420 217 server/status/runtime.go:498  [n1] runtime stats: 203 MiB RSS, 117 goroutines, 139 MiB/49 MiB/202 MiB GO alloc/idle/total, 29 MiB/35 MiB CGO alloc/total, 21.8 CGO/sec, 0.3/0.1 %(u/s)time, 0.0 %gc (0x), 0 B/0 B (r/w)net
I200514 15:15:35.372447 217 server/status/runtime.go:498  [n1] runtime stats: 203 MiB RSS, 118 goroutines, 145 MiB/43 MiB/202 MiB GO alloc/idle/total, 29 MiB/35 MiB CGO alloc/total, 28.1 CGO/sec, 0.2/0.1 %(u/s)time, 0.0 %gc (0x), 0 B/0 B (r/w)net
I200514 15:15:45.372578 217 server/status/runtime.go:498  [n1] runtime stats: 203 MiB RSS, 118 goroutines, 151 MiB/37 MiB/202 MiB GO alloc/idle/total, 29 MiB/35 MiB CGO alloc/total, 26.3 CGO/sec, 0.3/0.1 %(u/s)time, 0.0 %gc (0x), 0 B/0 B (r/w)net
I200514 15:15:55.356514 122 gossip/gossip.go:566  [n1] gossip status (ok, 1 node)
gossip client (0/3 cur/max conns)
gossip server (0/3 cur/max conns, infos 0/0 sent/received, bytes 0B/0B sent/received)
I200514 15:15:55.372644 217 server/status/runtime.go:498  [n1] runtime stats: 204 MiB RSS, 118 goroutines, 82 MiB/100 MiB/202 MiB GO alloc/idle/total, 29 MiB/35 MiB CGO alloc/total, 26.9 CGO/sec, 0.3/0.1 %(u/s)time, 0.0 %gc (1x), 0 B/0 B (r/w)net
I200514 15:16:05.372833 217 server/status/runtime.go:498  [n1] runtime stats: 204 MiB RSS, 117 goroutines, 90 MiB/94 MiB/202 MiB GO alloc/idle/total, 29 MiB/35 MiB CGO alloc/total, 75.0 CGO/sec, 0.4/0.1 %(u/s)time, 0.0 %gc (0x), 66 B/66 B (r/w)net
I200514 15:16:15.372874 217 server/status/runtime.go:498  [n1] runtime stats: 204 MiB RSS, 117 goroutines, 96 MiB/89 MiB/202 MiB GO alloc/idle/total, 29 MiB/35 MiB CGO alloc/total, 25.0 CGO/sec, 0.2/0.1 %(u/s)time, 0.0 %gc (0x), 84 B/84 B (r/w)net
I200514 15:16:25.372955 217 server/status/runtime.go:498  [n1] runtime stats: 204 MiB RSS, 117 goroutines, 102 MiB/83 MiB/202 MiB GO alloc/idle/total, 29 MiB/35 MiB CGO alloc/total, 24.0 CGO/sec, 0.3/0.2 %(u/s)time, 0.0 %gc (0x), 0 B/0 B (r/w)net
I200514 15:16:35.373064 217 server/status/runtime.go:498  [n1] runtime stats: 205 MiB RSS, 118 goroutines, 109 MiB/77 MiB/202 MiB GO alloc/idle/total, 29 MiB/35 MiB CGO alloc/total, 29.6 CGO/sec, 0.3/0.1 %(u/s)time, 0.0 %gc (0x), 0 B/0 B (r/w)net
I200514 15:16:45.373131 217 server/status/runtime.go:498  [n1] runtime stats: 205 MiB RSS, 118 goroutines, 115 MiB/71 MiB/202 MiB GO alloc/idle/total, 29 MiB/35 MiB CGO alloc/total, 28.2 CGO/sec, 0.3/0.0 %(u/s)time, 0.0 %gc (0x), 0 B/0 B (r/w)net
I200514 15:16:55.356470 122 gossip/gossip.go:566  [n1] gossip status (ok, 1 node)
gossip client (0/3 cur/max conns)
gossip server (0/3 cur/max conns, infos 0/0 sent/received, bytes 0B/0B sent/received)
I200514 15:16:55.373211 217 server/status/runtime.go:498  [n1] runtime stats: 205 MiB RSS, 118 goroutines, 122 MiB/65 MiB/202 MiB GO alloc/idle/total, 29 MiB/35 MiB CGO alloc/total, 27.5 CGO/sec, 0.2/0.2 %(u/s)time, 0.0 %gc (0x), 0 B/0 B (r/w)net
I200514 15:17:05.373378 217 server/status/runtime.go:498  [n1] runtime stats: 205 MiB RSS, 117 goroutines, 129 MiB/59 MiB/202 MiB GO alloc/idle/total, 29 MiB/35 MiB CGO alloc/total, 54.0 CGO/sec, 0.4/0.1 %(u/s)time, 0.0 %gc (0x), 66 B/66 B (r/w)net
I200514 15:17:15.373427 217 server/status/runtime.go:498  [n1] runtime stats: 205 MiB RSS, 117 goroutines, 135 MiB/53 MiB/202 MiB GO alloc/idle/total, 29 MiB/35 MiB CGO alloc/total, 21.7 CGO/sec, 0.2/0.1 %(u/s)time, 0.0 %gc (0x), 150 B/150 B (r/w)net
I200514 15:17:25.373568 217 server/status/runtime.go:498  [n1] runtime stats: 206 MiB RSS, 117 goroutines, 141 MiB/47 MiB/202 MiB GO alloc/idle/total, 29 MiB/35 MiB CGO alloc/total, 28.0 CGO/sec, 0.3/0.1 %(u/s)time, 0.0 %gc (0x), 0 B/0 B (r/w)net
I200514 15:17:35.373667 217 server/status/runtime.go:498  [n1] runtime stats: 206 MiB RSS, 118 goroutines, 147 MiB/41 MiB/202 MiB GO alloc/idle/total, 29 MiB/35 MiB CGO alloc/total, 29.7 CGO/sec, 0.3/0.1 %(u/s)time, 0.0 %gc (0x), 0 B/0 B (r/w)net
I200514 15:17:45.373681 217 server/status/runtime.go:498  [n1] runtime stats: 206 MiB RSS, 118 goroutines, 153 MiB/35 MiB/202 MiB GO alloc/idle/total, 29 MiB/35 MiB CGO alloc/total, 22.4 CGO/sec, 0.3/0.1 %(u/s)time, 0.0 %gc (0x), 0 B/0 B (r/w)net
I200514 15:17:55.356595 122 gossip/gossip.go:566  [n1] gossip status (ok, 1 node)
gossip client (0/3 cur/max conns)
gossip server (0/3 cur/max conns, infos 0/0 sent/received, bytes 0B/0B sent/received)
I200514 15:17:55.373868 217 server/status/runtime.go:498  [n1] runtime stats: 207 MiB RSS, 118 goroutines, 84 MiB/98 MiB/202 MiB GO alloc/idle/total, 29 MiB/35 MiB CGO alloc/total, 26.1 CGO/sec, 0.3/0.2 %(u/s)time, 0.0 %gc (1x), 0 B/0 B (r/w)net
I200514 15:18:05.378718 217 server/status/runtime.go:498  [n1] runtime stats: 207 MiB RSS, 119 goroutines, 94 MiB/89 MiB/202 MiB GO alloc/idle/total, 29 MiB/35 MiB CGO alloc/total, 55.5 CGO/sec, 0.4/0.1 %(u/s)time, 0.0 %gc (0x), 66 B/66 B (r/w)net
I200514 15:18:15.379122 217 server/status/runtime.go:498  [n1] runtime stats: 207 MiB RSS, 119 goroutines, 102 MiB/82 MiB/202 MiB GO alloc/idle/total, 29 MiB/35 MiB CGO alloc/total, 27.8 CGO/sec, 0.3/0.1 %(u/s)time, 0.0 %gc (0x), 84 B/84 B (r/w)net
I200514 15:18:25.378665 217 server/status/runtime.go:498  [n1] runtime stats: 207 MiB RSS, 119 goroutines, 109 MiB/76 MiB/202 MiB GO alloc/idle/total, 29 MiB/35 MiB CGO alloc/total, 24.7 CGO/sec, 0.2/0.1 %(u/s)time, 0.0 %gc (0x), 0 B/0 B (r/w)net
I200514 15:18:35.378880 217 server/status/runtime.go:498  [n1] runtime stats: 207 MiB RSS, 120 goroutines, 116 MiB/70 MiB/202 MiB GO alloc/idle/total, 37 MiB/43 MiB CGO alloc/total, 49.5 CGO/sec, 0.4/0.1 %(u/s)time, 0.0 %gc (0x), 0 B/0 B (r/w)net
I200514 15:18:45.378899 217 server/status/runtime.go:498  [n1] runtime stats: 208 MiB RSS, 120 goroutines, 122 MiB/65 MiB/202 MiB GO alloc/idle/total, 37 MiB/43 MiB CGO alloc/total, 24.0 CGO/sec, 0.2/0.2 %(u/s)time, 0.0 %gc (0x), 0 B/0 B (r/w)net
I200514 15:18:55.356414 122 gossip/gossip.go:566  [n1] gossip status (ok, 1 node)
gossip client (0/3 cur/max conns)
gossip server (0/3 cur/max conns, infos 0/0 sent/received, bytes 0B/0B sent/received)
I200514 15:18:55.379824 217 server/status/runtime.go:498  [n1] runtime stats: 208 MiB RSS, 120 goroutines, 128 MiB/59 MiB/202 MiB GO alloc/idle/total, 37 MiB/43 MiB CGO alloc/total, 28.1 CGO/sec, 0.3/0.1 %(u/s)time, 0.0 %gc (0x), 70 B/0 B (r/w)net
I200514 15:19:05.380148 217 server/status/runtime.go:498  [n1] runtime stats: 208 MiB RSS, 118 goroutines, 136 MiB/52 MiB/202 MiB GO alloc/idle/total, 37 MiB/43 MiB CGO alloc/total, 54.6 CGO/sec, 0.4/0.1 %(u/s)time, 0.0 %gc (0x), 0 B/0 B (r/w)net
I200514 15:19:15.380310 217 server/status/runtime.go:498  [n1] runtime stats: 209 MiB RSS, 120 goroutines, 142 MiB/46 MiB/202 MiB GO alloc/idle/total, 37 MiB/43 MiB CGO alloc/total, 26.9 CGO/sec, 0.2/0.1 %(u/s)time, 0.0 %gc (0x), 150 B/150 B (r/w)net
I200514 15:19:25.380265 217 server/status/runtime.go:498  [n1] runtime stats: 209 MiB RSS, 119 goroutines, 148 MiB/40 MiB/202 MiB GO alloc/idle/total, 37 MiB/43 MiB CGO alloc/total, 25.8 CGO/sec, 0.3/0.1 %(u/s)time, 0.0 %gc (0x), 0 B/0 B (r/w)net
I200514 15:19:35.384590 217 server/status/runtime.go:498  [n1] runtime stats: 210 MiB RSS, 120 goroutines, 153 MiB/35 MiB/202 MiB GO alloc/idle/total, 37 MiB/43 MiB CGO alloc/total, 26.6 CGO/sec, 0.4/0.1 %(u/s)time, 0.0 %gc (1x), 0 B/0 B (r/w)net
I200514 15:19:45.382519 217 server/status/runtime.go:498  [n1] runtime stats: 210 MiB RSS, 120 goroutines, 86 MiB/97 MiB/202 MiB GO alloc/idle/total, 37 MiB/43 MiB CGO alloc/total, 31.6 CGO/sec, 0.3/0.1 %(u/s)time, 0.0 %gc (0x), 0 B/0 B (r/w)net
I200514 15:19:55.356554 122 gossip/gossip.go:566  [n1] gossip status (ok, 1 node)
gossip client (0/3 cur/max conns)
gossip server (0/3 cur/max conns, infos 0/0 sent/received, bytes 0B/0B sent/received)
I200514 15:19:55.382503 217 server/status/runtime.go:498  [n1] runtime stats: 210 MiB RSS, 118 goroutines, 92 MiB/91 MiB/202 MiB GO alloc/idle/total, 37 MiB/43 MiB CGO alloc/total, 27.3 CGO/sec, 0.2/0.2 %(u/s)time, 0.0 %gc (0x), 0 B/0 B (r/w)net
I200514 15:19:57.368531 1 cli/start.go:865  received signal 'terminated'
I200514 15:19:57.368949 1 cli/start.go:930  initiating graceful shutdown of server
I200514 15:19:57.391819 13161 util/stop/stopper.go:542  [server drain process] quiescing; tasks left:
1      [async] intent_resolver_ir_batcher
1      [async] intent_resolver_gc_batcher
1      [async] closedts-rangefeed-subscriber
W200514 15:19:57.392077 75 vendor/google.golang.org/grpc/clientconn.go:1206  grpc: addrConn.createTransport failed to connect to {f3c6fade6072:26257 0  <nil>}. Err :connection error: desc = "transport: failed to write client preface: io: read/write on closed pipe". Reconnecting...
I200514 15:19:57.392861 13161 storage/engine/rocksdb.go:762  closing rocksdb instance at "/var/lib/cockroach/cockroach-temp786374563"
I200514 15:19:57.405397 13161 storage/engine/rocksdb.go:762  closing rocksdb instance at "/var/lib/cockroach"
I200514 15:19:57.415996 1 cli/start.go:976  server drained and shutdown completed
