I200513 16:34:37.796340 29 util/log/clog.go:1196  [config] file created at: 2020/05/13 16:34:37
I200513 16:34:37.796340 29 util/log/clog.go:1196  [config] running on machine: a3c62ed68183
I200513 16:34:37.796340 29 util/log/clog.go:1196  [config] binary: CockroachDB CCL v19.2.5 (x86_64-unknown-linux-gnu, built 2020/03/16 18:27:12, go1.12.12)
I200513 16:34:37.796340 29 util/log/clog.go:1196  [config] arguments: [/cockroach/cockroach start --insecure --store=attrs=ssd,path=/var/lib/cockroach/]
I200513 16:34:37.796340 29 util/log/clog.go:1196  line format: [IWEF]yymmdd hh:mm:ss.uuuuuu goid file:line msg utf8=✓
I200513 16:34:37.796340 29 storage/engine/rocksdb.go:120  RocksDB version: 6.2.1
I200513 16:34:37.802458 29 storage/engine/rocksdb.go:120  Git sha rocksdb_build_git_sha:@b7009236531fa784872f4823eabf393501e41bf2@
I200513 16:34:37.910135 29 storage/engine/rocksdb.go:120  Compile date Mar 16 2020
I200513 16:34:37.910139 29 storage/engine/rocksdb.go:120  DB SUMMARY
I200513 16:34:37.910505 29 storage/engine/rocksdb.go:120  SST files in /var/lib/cockroach/cockroach-temp184645078 dir, Total Num: 0, files: 
I200513 16:34:37.910511 29 storage/engine/rocksdb.go:120  Write Ahead Log file in /var/lib/cockroach/cockroach-temp184645078: 
I200513 16:34:37.910514 29 storage/engine/rocksdb.go:120                          Options.error_if_exists: 0
I200513 16:34:37.910517 29 storage/engine/rocksdb.go:120                        Options.create_if_missing: 1
I200513 16:34:37.910520 29 storage/engine/rocksdb.go:120                          Options.paranoid_checks: 1
I200513 16:34:37.910523 29 storage/engine/rocksdb.go:120                                      Options.env: 0x75757a0
I200513 16:34:37.910525 29 storage/engine/rocksdb.go:120                                 Options.info_log: 0x7f138c887fc0
I200513 16:34:37.910528 29 storage/engine/rocksdb.go:120                 Options.max_file_opening_threads: 16
I200513 16:34:37.910531 29 storage/engine/rocksdb.go:120                               Options.statistics: 0x7f138c81d8d0
I200513 16:34:37.910533 29 storage/engine/rocksdb.go:120                                Options.use_fsync: 0
I200513 16:34:37.910536 29 storage/engine/rocksdb.go:120                        Options.max_log_file_size: 0
I200513 16:34:37.910539 29 storage/engine/rocksdb.go:120                   Options.max_manifest_file_size: 134217728
I200513 16:34:37.910541 29 storage/engine/rocksdb.go:120                    Options.log_file_time_to_roll: 0
I200513 16:34:37.910544 29 storage/engine/rocksdb.go:120                        Options.keep_log_file_num: 1000
I200513 16:34:37.910546 29 storage/engine/rocksdb.go:120                     Options.recycle_log_file_num: 1
I200513 16:34:37.910549 29 storage/engine/rocksdb.go:120                          Options.allow_fallocate: 1
I200513 16:34:37.910552 29 storage/engine/rocksdb.go:120                         Options.allow_mmap_reads: 0
I200513 16:34:37.910554 29 storage/engine/rocksdb.go:120                        Options.allow_mmap_writes: 0
I200513 16:34:37.910557 29 storage/engine/rocksdb.go:120                         Options.use_direct_reads: 0
I200513 16:34:37.910559 29 storage/engine/rocksdb.go:120                         Options.use_direct_io_for_flush_and_compaction: 0
I200513 16:34:37.910562 29 storage/engine/rocksdb.go:120           Options.create_missing_column_families: 0
I200513 16:34:37.910564 29 storage/engine/rocksdb.go:120                               Options.db_log_dir: 
I200513 16:34:37.910567 29 storage/engine/rocksdb.go:120                                  Options.wal_dir: /var/lib/cockroach/cockroach-temp184645078
I200513 16:34:37.910570 29 storage/engine/rocksdb.go:120                 Options.table_cache_numshardbits: 6
I200513 16:34:37.910572 29 storage/engine/rocksdb.go:120                       Options.max_subcompactions: 1
I200513 16:34:37.910575 29 storage/engine/rocksdb.go:120                   Options.max_background_flushes: -1
I200513 16:34:37.910577 29 storage/engine/rocksdb.go:120                          Options.WAL_ttl_seconds: 0
I200513 16:34:37.910580 29 storage/engine/rocksdb.go:120                        Options.WAL_size_limit_MB: 0
I200513 16:34:37.910584 29 storage/engine/rocksdb.go:120              Options.manifest_preallocation_size: 4194304
I200513 16:34:37.910587 29 storage/engine/rocksdb.go:120                      Options.is_fd_close_on_exec: 1
I200513 16:34:37.910589 29 storage/engine/rocksdb.go:120                    Options.advise_random_on_open: 1
I200513 16:34:37.910592 29 storage/engine/rocksdb.go:120                     Options.db_write_buffer_size: 0
I200513 16:34:37.910594 29 storage/engine/rocksdb.go:120                     Options.write_buffer_manager: 0x7f138c860d70
I200513 16:34:37.910597 29 storage/engine/rocksdb.go:120          Options.access_hint_on_compaction_start: 1
I200513 16:34:37.910600 29 storage/engine/rocksdb.go:120   Options.new_table_reader_for_compaction_inputs: 0
I200513 16:34:37.910603 29 storage/engine/rocksdb.go:120            Options.random_access_max_buffer_size: 1048576
I200513 16:34:37.910605 29 storage/engine/rocksdb.go:120                       Options.use_adaptive_mutex: 0
I200513 16:34:37.910608 29 storage/engine/rocksdb.go:120                             Options.rate_limiter: (nil)
I200513 16:34:37.910611 29 storage/engine/rocksdb.go:120      Options.sst_file_manager.rate_bytes_per_sec: 0
I200513 16:34:37.910614 29 storage/engine/rocksdb.go:120                        Options.wal_recovery_mode: 0
I200513 16:34:37.910616 29 storage/engine/rocksdb.go:120                   Options.enable_thread_tracking: 0
I200513 16:34:37.910619 29 storage/engine/rocksdb.go:120                   Options.enable_pipelined_write: 0
I200513 16:34:37.910622 29 storage/engine/rocksdb.go:120          Options.allow_concurrent_memtable_write: 1
I200513 16:34:37.910624 29 storage/engine/rocksdb.go:120       Options.enable_write_thread_adaptive_yield: 1
I200513 16:34:37.910627 29 storage/engine/rocksdb.go:120              Options.write_thread_max_yield_usec: 100
I200513 16:34:37.910629 29 storage/engine/rocksdb.go:120             Options.write_thread_slow_yield_usec: 3
I200513 16:34:37.910632 29 storage/engine/rocksdb.go:120                                Options.row_cache: None
I200513 16:34:37.910635 29 storage/engine/rocksdb.go:120                               Options.wal_filter: None
I200513 16:34:37.910637 29 storage/engine/rocksdb.go:120              Options.avoid_flush_during_recovery: 0
I200513 16:34:37.910641 29 storage/engine/rocksdb.go:120              Options.allow_ingest_behind: 0
I200513 16:34:37.910644 29 storage/engine/rocksdb.go:120              Options.preserve_deletes: 0
I200513 16:34:37.910647 29 storage/engine/rocksdb.go:120              Options.two_write_queues: 0
I200513 16:34:37.910649 29 storage/engine/rocksdb.go:120              Options.manual_wal_flush: 1
I200513 16:34:37.910652 29 storage/engine/rocksdb.go:120              Options.atomic_flush: 0
I200513 16:34:37.910654 29 storage/engine/rocksdb.go:120              Options.avoid_unnecessary_blocking_io: 0
I200513 16:34:37.910657 29 storage/engine/rocksdb.go:120              Options.max_background_jobs: 2
I200513 16:34:37.910660 29 storage/engine/rocksdb.go:120              Options.max_background_compactions: -1
I200513 16:34:37.910662 29 storage/engine/rocksdb.go:120              Options.avoid_flush_during_shutdown: 0
I200513 16:34:37.910665 29 storage/engine/rocksdb.go:120            Options.writable_file_max_buffer_size: 1048576
I200513 16:34:37.910668 29 storage/engine/rocksdb.go:120              Options.delayed_write_rate : 16777216
I200513 16:34:37.910670 29 storage/engine/rocksdb.go:120              Options.max_total_wal_size: 0
I200513 16:34:37.910673 29 storage/engine/rocksdb.go:120              Options.delete_obsolete_files_period_micros: 21600000000
I200513 16:34:37.910675 29 storage/engine/rocksdb.go:120                    Options.stats_dump_period_sec: 0
I200513 16:34:37.910678 29 storage/engine/rocksdb.go:120                  Options.stats_persist_period_sec: 600
I200513 16:34:37.910681 29 storage/engine/rocksdb.go:120                  Options.stats_history_buffer_size: 1048576
I200513 16:34:37.910683 29 storage/engine/rocksdb.go:120                           Options.max_open_files: 128
I200513 16:34:37.910686 29 storage/engine/rocksdb.go:120                           Options.bytes_per_sync: 524288
I200513 16:34:37.910688 29 storage/engine/rocksdb.go:120                       Options.wal_bytes_per_sync: 0
I200513 16:34:37.910691 29 storage/engine/rocksdb.go:120                    Options.strict_bytes_per_sync: 1
I200513 16:34:37.910693 29 storage/engine/rocksdb.go:120        Options.compaction_readahead_size: 0
I200513 16:34:37.910696 29 storage/engine/rocksdb.go:120  Compression algorithms supported:
I200513 16:34:37.910699 29 storage/engine/rocksdb.go:120  	kZSTDNotFinalCompression supported: 0
I200513 16:34:37.910703 29 storage/engine/rocksdb.go:120  	kZSTD supported: 0
I200513 16:34:37.910706 29 storage/engine/rocksdb.go:120  	kXpressCompression supported: 0
I200513 16:34:37.910709 29 storage/engine/rocksdb.go:120  	kLZ4HCCompression supported: 0
I200513 16:34:37.910712 29 storage/engine/rocksdb.go:120  	kLZ4Compression supported: 0
I200513 16:34:37.910714 29 storage/engine/rocksdb.go:120  	kBZip2Compression supported: 0
I200513 16:34:37.910717 29 storage/engine/rocksdb.go:120  	kZlibCompression supported: 0
I200513 16:34:37.910720 29 storage/engine/rocksdb.go:120  	kSnappyCompression supported: 1
I200513 16:34:37.910725 29 storage/engine/rocksdb.go:120  Fast CRC32 supported: Supported on x86
I200513 16:34:37.912220 29 storage/engine/rocksdb.go:120  [db/db_impl_open.cc:242] Creating manifest 1 
I200513 16:34:37.932462 29 storage/engine/rocksdb.go:120  [db/version_set.cc:4072] Recovering from manifest file: /var/lib/cockroach/cockroach-temp184645078/MANIFEST-000001
I200513 16:34:37.933555 29 storage/engine/rocksdb.go:120  [db/column_family.cc:488] --------------- Options for column family [default]:
I200513 16:34:37.933560 29 storage/engine/rocksdb.go:120                Options.comparator: cockroach_comparator
I200513 16:34:37.933564 29 storage/engine/rocksdb.go:120            Options.merge_operator: cockroach_merge_operator
I200513 16:34:37.933567 29 storage/engine/rocksdb.go:120         Options.compaction_filter: None
I200513 16:34:37.933596 29 storage/engine/rocksdb.go:120         Options.compaction_filter_factory: None
I200513 16:34:37.933599 29 storage/engine/rocksdb.go:120          Options.memtable_factory: SkipListFactory
I200513 16:34:37.933602 29 storage/engine/rocksdb.go:120             Options.table_factory: BlockBasedTable
I200513 16:34:37.933621 29 storage/engine/rocksdb.go:120             table_factory options:   flush_block_policy_factory: FlushBlockBySizePolicyFactory (0x7f138c824040)
  cache_index_and_filter_blocks: 0
  cache_index_and_filter_blocks_with_high_priority: 0
  pin_l0_filter_and_index_blocks_in_cache: 0
  pin_top_level_index_and_filter: 1
  index_type: 0
  data_block_index_type: 0
  index_shortening: 1
  data_block_hash_table_util_ratio: 0.750000
  hash_index_allow_collision: 1
  checksum: 1
  no_block_cache: 0
  block_cache: 0x7f138c87a190
  block_cache_name: LRUCache
  block_cache_options:
    capacity : 1048576
    num_shard_bits : 4
    strict_capacity_limit : 0
    memory_allocator : None
    high_pri_pool_ratio: 0.000
  block_cache_compressed: (nil)
  persistent_cache: (nil)
  block_size: 32768
  block_size_deviation: 10
  block_restart_interval: 16
  index_block_restart_interval: 1
  metadata_block_size: 4096
  partition_filters: 0
  use_delta_encoding: 1
  filter_policy: rocksdb.BuiltinBloomFilter
  whole_key_filtering: 0
  verify_compression: 0
  read_amp_bytes_per_bit: 0
  format_version: 2
  enable_index_compression: 1
  block_align: 0
I200513 16:34:37.933626 29 storage/engine/rocksdb.go:120         Options.write_buffer_size: 67108864
I200513 16:34:37.933629 29 storage/engine/rocksdb.go:120   Options.max_write_buffer_number: 4
I200513 16:34:37.933633 29 storage/engine/rocksdb.go:120           Options.compression: Snappy
I200513 16:34:37.933636 29 storage/engine/rocksdb.go:120                   Options.bottommost_compression: Disabled
I200513 16:34:37.933638 29 storage/engine/rocksdb.go:120        Options.prefix_extractor: cockroach_prefix_extractor
I200513 16:34:37.933641 29 storage/engine/rocksdb.go:120    Options.memtable_insert_with_hint_prefix_extractor: nullptr
I200513 16:34:37.933644 29 storage/engine/rocksdb.go:120              Options.num_levels: 7
I200513 16:34:37.933646 29 storage/engine/rocksdb.go:120         Options.min_write_buffer_number_to_merge: 1
I200513 16:34:37.933656 29 storage/engine/rocksdb.go:120      Options.max_write_buffer_number_to_maintain: 0
I200513 16:34:37.933659 29 storage/engine/rocksdb.go:120             Options.bottommost_compression_opts.window_bits: -14
I200513 16:34:37.933662 29 storage/engine/rocksdb.go:120                   Options.bottommost_compression_opts.level: 32767
I200513 16:34:37.933664 29 storage/engine/rocksdb.go:120                Options.bottommost_compression_opts.strategy: 0
I200513 16:34:37.933667 29 storage/engine/rocksdb.go:120          Options.bottommost_compression_opts.max_dict_bytes: 0
I200513 16:34:37.933669 29 storage/engine/rocksdb.go:120          Options.bottommost_compression_opts.zstd_max_train_bytes: 0
I200513 16:34:37.933672 29 storage/engine/rocksdb.go:120                   Options.bottommost_compression_opts.enabled: false
I200513 16:34:37.933675 29 storage/engine/rocksdb.go:120             Options.compression_opts.window_bits: -14
I200513 16:34:37.933677 29 storage/engine/rocksdb.go:120                   Options.compression_opts.level: 32767
I200513 16:34:37.933680 29 storage/engine/rocksdb.go:120                Options.compression_opts.strategy: 0
I200513 16:34:37.933682 29 storage/engine/rocksdb.go:120          Options.compression_opts.max_dict_bytes: 0
I200513 16:34:37.933685 29 storage/engine/rocksdb.go:120          Options.compression_opts.zstd_max_train_bytes: 0
I200513 16:34:37.933688 29 storage/engine/rocksdb.go:120                   Options.compression_opts.enabled: false
I200513 16:34:37.933691 29 storage/engine/rocksdb.go:120       Options.level0_file_num_compaction_trigger: 2
I200513 16:34:37.933694 29 storage/engine/rocksdb.go:120           Options.level0_slowdown_writes_trigger: 950
I200513 16:34:37.933696 29 storage/engine/rocksdb.go:120               Options.level0_stop_writes_trigger: 1000
I200513 16:34:37.933699 29 storage/engine/rocksdb.go:120                    Options.target_file_size_base: 4194304
I200513 16:34:37.933701 29 storage/engine/rocksdb.go:120              Options.target_file_size_multiplier: 2
I200513 16:34:37.933704 29 storage/engine/rocksdb.go:120                 Options.max_bytes_for_level_base: 67108864
I200513 16:34:37.933707 29 storage/engine/rocksdb.go:120  Options.level_compaction_dynamic_level_bytes: 1
I200513 16:34:37.933713 29 storage/engine/rocksdb.go:120           Options.max_bytes_for_level_multiplier: 10.000000
I200513 16:34:37.933716 29 storage/engine/rocksdb.go:120  Options.max_bytes_for_level_multiplier_addtl[0]: 1
I200513 16:34:37.933718 29 storage/engine/rocksdb.go:120  Options.max_bytes_for_level_multiplier_addtl[1]: 1
I200513 16:34:37.933721 29 storage/engine/rocksdb.go:120  Options.max_bytes_for_level_multiplier_addtl[2]: 1
I200513 16:34:37.933730 29 storage/engine/rocksdb.go:120  Options.max_bytes_for_level_multiplier_addtl[3]: 1
I200513 16:34:37.933733 29 storage/engine/rocksdb.go:120  Options.max_bytes_for_level_multiplier_addtl[4]: 1
I200513 16:34:37.933735 29 storage/engine/rocksdb.go:120  Options.max_bytes_for_level_multiplier_addtl[5]: 1
I200513 16:34:37.933738 29 storage/engine/rocksdb.go:120  Options.max_bytes_for_level_multiplier_addtl[6]: 1
I200513 16:34:37.933741 29 storage/engine/rocksdb.go:120        Options.max_sequential_skip_in_iterations: 8
I200513 16:34:37.933743 29 storage/engine/rocksdb.go:120                     Options.max_compaction_bytes: 104857600
I200513 16:34:37.933746 29 storage/engine/rocksdb.go:120                         Options.arena_block_size: 8388608
I200513 16:34:37.933749 29 storage/engine/rocksdb.go:120    Options.soft_pending_compaction_bytes_limit: 2199023255552
I200513 16:34:37.933751 29 storage/engine/rocksdb.go:120    Options.hard_pending_compaction_bytes_limit: 4400193994752
I200513 16:34:37.933754 29 storage/engine/rocksdb.go:120        Options.rate_limit_delay_max_milliseconds: 100
I200513 16:34:37.933756 29 storage/engine/rocksdb.go:120                 Options.disable_auto_compactions: 0
I200513 16:34:37.933759 29 storage/engine/rocksdb.go:120                         Options.compaction_style: kCompactionStyleLevel
I200513 16:34:37.933762 29 storage/engine/rocksdb.go:120                           Options.compaction_pri: kMinOverlappingRatio
I200513 16:34:37.933765 29 storage/engine/rocksdb.go:120  Options.compaction_options_universal.size_ratio: 1
I200513 16:34:37.933768 29 storage/engine/rocksdb.go:120  Options.compaction_options_universal.min_merge_width: 2
I200513 16:34:37.933770 29 storage/engine/rocksdb.go:120  Options.compaction_options_universal.max_merge_width: 4294967295
I200513 16:34:37.933773 29 storage/engine/rocksdb.go:120  Options.compaction_options_universal.max_size_amplification_percent: 200
I200513 16:34:37.933776 29 storage/engine/rocksdb.go:120  Options.compaction_options_universal.compression_size_percent: -1
I200513 16:34:37.933779 29 storage/engine/rocksdb.go:120  Options.compaction_options_universal.stop_style: kCompactionStopStyleTotalSize
I200513 16:34:37.933781 29 storage/engine/rocksdb.go:120  Options.compaction_options_fifo.max_table_files_size: 1073741824
I200513 16:34:37.933784 29 storage/engine/rocksdb.go:120  Options.compaction_options_fifo.allow_compaction: 0
I200513 16:34:37.933788 29 storage/engine/rocksdb.go:120                    Options.table_properties_collectors: TimeBoundTblPropCollectorFactory; DeleteRangeTblPropCollectorFactory; 
I200513 16:34:37.933791 29 storage/engine/rocksdb.go:120                    Options.inplace_update_support: 0
I200513 16:34:37.933793 29 storage/engine/rocksdb.go:120                  Options.inplace_update_num_locks: 10000
I200513 16:34:37.933796 29 storage/engine/rocksdb.go:120                Options.memtable_prefix_bloom_size_ratio: 0.000000
I200513 16:34:37.933805 29 storage/engine/rocksdb.go:120                Options.memtable_whole_key_filtering: 0
I200513 16:34:37.933808 29 storage/engine/rocksdb.go:120    Options.memtable_huge_page_size: 0
I200513 16:34:37.933810 29 storage/engine/rocksdb.go:120                            Options.bloom_locality: 0
I200513 16:34:37.933813 29 storage/engine/rocksdb.go:120                     Options.max_successive_merges: 0
I200513 16:34:37.933816 29 storage/engine/rocksdb.go:120                 Options.optimize_filters_for_hits: 1
I200513 16:34:37.933818 29 storage/engine/rocksdb.go:120                 Options.paranoid_file_checks: 0
I200513 16:34:37.933821 29 storage/engine/rocksdb.go:120                 Options.force_consistency_checks: 0
I200513 16:34:37.933823 29 storage/engine/rocksdb.go:120                 Options.report_bg_io_stats: 0
I200513 16:34:37.933826 29 storage/engine/rocksdb.go:120                                Options.ttl: 0
I200513 16:34:37.933829 29 storage/engine/rocksdb.go:120           Options.periodic_compaction_seconds: 0
I200513 16:34:37.934480 29 storage/engine/rocksdb.go:120  [db/version_set.cc:4286] Recovered from manifest file:/var/lib/cockroach/cockroach-temp184645078/MANIFEST-000001 succeeded,manifest_file_number is 1, next_file_number is 3, last_sequence is 0, log_number is 0,prev_log_number is 0,max_column_family is 0,min_log_number_to_keep is 0
I200513 16:34:37.934485 29 storage/engine/rocksdb.go:120  [db/version_set.cc:4295] Column family [default] (ID 0), log number is 0
I200513 16:34:37.951990 29 storage/engine/rocksdb.go:120  DB pointer 0x7f138c94f000
I200513 16:34:37.968267 29 storage/engine/rocksdb.go:120  RocksDB version: 6.2.1
I200513 16:34:37.968273 29 storage/engine/rocksdb.go:120  Git sha rocksdb_build_git_sha:@b7009236531fa784872f4823eabf393501e41bf2@
I200513 16:34:37.968276 29 storage/engine/rocksdb.go:120  Compile date Mar 16 2020
I200513 16:34:37.968279 29 storage/engine/rocksdb.go:120  DB SUMMARY
I200513 16:34:37.969954 29 storage/engine/rocksdb.go:120  CURRENT file:  CURRENT
I200513 16:34:37.969963 29 storage/engine/rocksdb.go:120  IDENTITY file:  IDENTITY
I200513 16:34:37.970239 29 storage/engine/rocksdb.go:120  MANIFEST file:  MANIFEST-000343 size: 2137 Bytes
I200513 16:34:37.970245 29 storage/engine/rocksdb.go:120  SST files in /var/lib/cockroach dir, Total Num: 3, files: 000367.sst 000368.sst 000369.sst 
I200513 16:34:37.970248 29 storage/engine/rocksdb.go:120  Write Ahead Log file in /var/lib/cockroach: 000363.log size: 59734286 ; 000365.log size: 20740337 ; 
I200513 16:34:37.970251 29 storage/engine/rocksdb.go:120                          Options.error_if_exists: 0
I200513 16:34:37.970254 29 storage/engine/rocksdb.go:120                        Options.create_if_missing: 1
I200513 16:34:37.970257 29 storage/engine/rocksdb.go:120                          Options.paranoid_checks: 1
I200513 16:34:37.970259 29 storage/engine/rocksdb.go:120                                      Options.env: 0x75757a0
I200513 16:34:37.970262 29 storage/engine/rocksdb.go:120                                 Options.info_log: 0x7f138c9a3640
I200513 16:34:37.970265 29 storage/engine/rocksdb.go:120                 Options.max_file_opening_threads: 16
I200513 16:34:37.970274 29 storage/engine/rocksdb.go:120                               Options.statistics: 0x7f138c81d9b0
I200513 16:34:37.970277 29 storage/engine/rocksdb.go:120                                Options.use_fsync: 0
I200513 16:34:37.970280 29 storage/engine/rocksdb.go:120                        Options.max_log_file_size: 0
I200513 16:34:37.970283 29 storage/engine/rocksdb.go:120                   Options.max_manifest_file_size: 134217728
I200513 16:34:37.970285 29 storage/engine/rocksdb.go:120                    Options.log_file_time_to_roll: 0
I200513 16:34:37.970288 29 storage/engine/rocksdb.go:120                        Options.keep_log_file_num: 1000
I200513 16:34:37.970291 29 storage/engine/rocksdb.go:120                     Options.recycle_log_file_num: 1
I200513 16:34:37.970293 29 storage/engine/rocksdb.go:120                          Options.allow_fallocate: 1
I200513 16:34:37.970296 29 storage/engine/rocksdb.go:120                         Options.allow_mmap_reads: 0
I200513 16:34:37.970298 29 storage/engine/rocksdb.go:120                        Options.allow_mmap_writes: 0
I200513 16:34:37.970302 29 storage/engine/rocksdb.go:120                         Options.use_direct_reads: 0
I200513 16:34:37.970305 29 storage/engine/rocksdb.go:120                         Options.use_direct_io_for_flush_and_compaction: 0
I200513 16:34:37.970307 29 storage/engine/rocksdb.go:120           Options.create_missing_column_families: 0
I200513 16:34:37.970310 29 storage/engine/rocksdb.go:120                               Options.db_log_dir: 
I200513 16:34:37.970313 29 storage/engine/rocksdb.go:120                                  Options.wal_dir: /var/lib/cockroach
I200513 16:34:37.970316 29 storage/engine/rocksdb.go:120                 Options.table_cache_numshardbits: 6
I200513 16:34:37.970318 29 storage/engine/rocksdb.go:120                       Options.max_subcompactions: 1
I200513 16:34:37.970321 29 storage/engine/rocksdb.go:120                   Options.max_background_flushes: -1
I200513 16:34:37.970324 29 storage/engine/rocksdb.go:120                          Options.WAL_ttl_seconds: 0
I200513 16:34:37.970326 29 storage/engine/rocksdb.go:120                        Options.WAL_size_limit_MB: 0
I200513 16:34:37.970329 29 storage/engine/rocksdb.go:120              Options.manifest_preallocation_size: 4194304
I200513 16:34:37.970331 29 storage/engine/rocksdb.go:120                      Options.is_fd_close_on_exec: 1
I200513 16:34:37.970334 29 storage/engine/rocksdb.go:120                    Options.advise_random_on_open: 1
I200513 16:34:37.970336 29 storage/engine/rocksdb.go:120                     Options.db_write_buffer_size: 0
I200513 16:34:37.970339 29 storage/engine/rocksdb.go:120                     Options.write_buffer_manager: 0x7f138c861a00
I200513 16:34:37.970342 29 storage/engine/rocksdb.go:120          Options.access_hint_on_compaction_start: 1
I200513 16:34:37.970344 29 storage/engine/rocksdb.go:120   Options.new_table_reader_for_compaction_inputs: 0
I200513 16:34:37.970347 29 storage/engine/rocksdb.go:120            Options.random_access_max_buffer_size: 1048576
I200513 16:34:37.970350 29 storage/engine/rocksdb.go:120                       Options.use_adaptive_mutex: 0
I200513 16:34:37.970353 29 storage/engine/rocksdb.go:120                             Options.rate_limiter: (nil)
I200513 16:34:37.970356 29 storage/engine/rocksdb.go:120      Options.sst_file_manager.rate_bytes_per_sec: 0
I200513 16:34:37.970358 29 storage/engine/rocksdb.go:120                        Options.wal_recovery_mode: 0
I200513 16:34:37.970361 29 storage/engine/rocksdb.go:120                   Options.enable_thread_tracking: 0
I200513 16:34:37.970363 29 storage/engine/rocksdb.go:120                   Options.enable_pipelined_write: 0
I200513 16:34:37.970366 29 storage/engine/rocksdb.go:120          Options.allow_concurrent_memtable_write: 1
I200513 16:34:37.970368 29 storage/engine/rocksdb.go:120       Options.enable_write_thread_adaptive_yield: 1
I200513 16:34:37.970371 29 storage/engine/rocksdb.go:120              Options.write_thread_max_yield_usec: 100
I200513 16:34:37.970374 29 storage/engine/rocksdb.go:120             Options.write_thread_slow_yield_usec: 3
I200513 16:34:37.970376 29 storage/engine/rocksdb.go:120                                Options.row_cache: None
I200513 16:34:37.970379 29 storage/engine/rocksdb.go:120                               Options.wal_filter: None
I200513 16:34:37.970381 29 storage/engine/rocksdb.go:120              Options.avoid_flush_during_recovery: 0
I200513 16:34:37.970384 29 storage/engine/rocksdb.go:120              Options.allow_ingest_behind: 0
I200513 16:34:37.970386 29 storage/engine/rocksdb.go:120              Options.preserve_deletes: 0
I200513 16:34:37.970389 29 storage/engine/rocksdb.go:120              Options.two_write_queues: 0
I200513 16:34:37.970391 29 storage/engine/rocksdb.go:120              Options.manual_wal_flush: 1
I200513 16:34:37.970394 29 storage/engine/rocksdb.go:120              Options.atomic_flush: 0
I200513 16:34:37.970396 29 storage/engine/rocksdb.go:120              Options.avoid_unnecessary_blocking_io: 0
I200513 16:34:37.970399 29 storage/engine/rocksdb.go:120              Options.max_background_jobs: 2
I200513 16:34:37.970401 29 storage/engine/rocksdb.go:120              Options.max_background_compactions: -1
I200513 16:34:37.970404 29 storage/engine/rocksdb.go:120              Options.avoid_flush_during_shutdown: 0
I200513 16:34:37.970406 29 storage/engine/rocksdb.go:120            Options.writable_file_max_buffer_size: 1048576
I200513 16:34:37.970409 29 storage/engine/rocksdb.go:120              Options.delayed_write_rate : 16777216
I200513 16:34:37.970412 29 storage/engine/rocksdb.go:120              Options.max_total_wal_size: 0
I200513 16:34:37.970414 29 storage/engine/rocksdb.go:120              Options.delete_obsolete_files_period_micros: 21600000000
I200513 16:34:37.970417 29 storage/engine/rocksdb.go:120                    Options.stats_dump_period_sec: 0
I200513 16:34:37.970419 29 storage/engine/rocksdb.go:120                  Options.stats_persist_period_sec: 600
I200513 16:34:37.970422 29 storage/engine/rocksdb.go:120                  Options.stats_history_buffer_size: 1048576
I200513 16:34:37.970424 29 storage/engine/rocksdb.go:120                           Options.max_open_files: 1043576
I200513 16:34:37.970427 29 storage/engine/rocksdb.go:120                           Options.bytes_per_sync: 524288
I200513 16:34:37.970444 29 storage/engine/rocksdb.go:120                       Options.wal_bytes_per_sync: 0
I200513 16:34:37.970452 29 storage/engine/rocksdb.go:120                    Options.strict_bytes_per_sync: 1
I200513 16:34:37.970455 29 storage/engine/rocksdb.go:120        Options.compaction_readahead_size: 0
I200513 16:34:37.970458 29 storage/engine/rocksdb.go:120  Compression algorithms supported:
I200513 16:34:37.970461 29 storage/engine/rocksdb.go:120  	kZSTDNotFinalCompression supported: 0
I200513 16:34:37.970464 29 storage/engine/rocksdb.go:120  	kZSTD supported: 0
I200513 16:34:37.970467 29 storage/engine/rocksdb.go:120  	kXpressCompression supported: 0
I200513 16:34:37.970470 29 storage/engine/rocksdb.go:120  	kLZ4HCCompression supported: 0
I200513 16:34:37.970473 29 storage/engine/rocksdb.go:120  	kLZ4Compression supported: 0
I200513 16:34:37.970476 29 storage/engine/rocksdb.go:120  	kBZip2Compression supported: 0
I200513 16:34:37.970478 29 storage/engine/rocksdb.go:120  	kZlibCompression supported: 0
I200513 16:34:37.970481 29 storage/engine/rocksdb.go:120  	kSnappyCompression supported: 1
I200513 16:34:37.970487 29 storage/engine/rocksdb.go:120  Fast CRC32 supported: Supported on x86
I200513 16:34:37.972294 29 storage/engine/rocksdb.go:120  [db/version_set.cc:4072] Recovering from manifest file: /var/lib/cockroach/MANIFEST-000343
I200513 16:34:37.972596 29 storage/engine/rocksdb.go:120  [db/column_family.cc:488] --------------- Options for column family [default]:
I200513 16:34:37.972608 29 storage/engine/rocksdb.go:120                Options.comparator: cockroach_comparator
I200513 16:34:37.972611 29 storage/engine/rocksdb.go:120            Options.merge_operator: cockroach_merge_operator
I200513 16:34:37.972614 29 storage/engine/rocksdb.go:120         Options.compaction_filter: None
I200513 16:34:37.972617 29 storage/engine/rocksdb.go:120         Options.compaction_filter_factory: None
I200513 16:34:37.972619 29 storage/engine/rocksdb.go:120          Options.memtable_factory: SkipListFactory
I200513 16:34:37.972622 29 storage/engine/rocksdb.go:120             Options.table_factory: BlockBasedTable
I200513 16:34:37.972639 29 storage/engine/rocksdb.go:120             table_factory options:   flush_block_policy_factory: FlushBlockBySizePolicyFactory (0x7f138c8240d8)
  cache_index_and_filter_blocks: 0
  cache_index_and_filter_blocks_with_high_priority: 0
  pin_l0_filter_and_index_blocks_in_cache: 0
  pin_top_level_index_and_filter: 1
  index_type: 0
  data_block_index_type: 0
  index_shortening: 1
  data_block_hash_table_util_ratio: 0.750000
  hash_index_allow_collision: 1
  checksum: 1
  no_block_cache: 0
  block_cache: 0x7f138c863810
  block_cache_name: LRUCache
  block_cache_options:
    capacity : 67108864
    num_shard_bits : 4
    strict_capacity_limit : 0
    memory_allocator : None
    high_pri_pool_ratio: 0.000
  block_cache_compressed: (nil)
  persistent_cache: (nil)
  block_size: 32768
  block_size_deviation: 10
  block_restart_interval: 16
  index_block_restart_interval: 1
  metadata_block_size: 4096
  partition_filters: 0
  use_delta_encoding: 1
  filter_policy: rocksdb.BuiltinBloomFilter
  whole_key_filtering: 0
  verify_compression: 0
  read_amp_bytes_per_bit: 0
  format_version: 2
  enable_index_compression: 1
  block_align: 0
I200513 16:34:37.972643 29 storage/engine/rocksdb.go:120         Options.write_buffer_size: 67108864
I200513 16:34:37.972647 29 storage/engine/rocksdb.go:120   Options.max_write_buffer_number: 4
I200513 16:34:37.972650 29 storage/engine/rocksdb.go:120           Options.compression: Snappy
I200513 16:34:37.972653 29 storage/engine/rocksdb.go:120                   Options.bottommost_compression: Disabled
I200513 16:34:37.972655 29 storage/engine/rocksdb.go:120        Options.prefix_extractor: cockroach_prefix_extractor
I200513 16:34:37.972658 29 storage/engine/rocksdb.go:120    Options.memtable_insert_with_hint_prefix_extractor: nullptr
I200513 16:34:37.972661 29 storage/engine/rocksdb.go:120              Options.num_levels: 7
I200513 16:34:37.972663 29 storage/engine/rocksdb.go:120         Options.min_write_buffer_number_to_merge: 1
I200513 16:34:37.972666 29 storage/engine/rocksdb.go:120      Options.max_write_buffer_number_to_maintain: 0
I200513 16:34:37.972669 29 storage/engine/rocksdb.go:120             Options.bottommost_compression_opts.window_bits: -14
I200513 16:34:37.972671 29 storage/engine/rocksdb.go:120                   Options.bottommost_compression_opts.level: 32767
I200513 16:34:37.972674 29 storage/engine/rocksdb.go:120                Options.bottommost_compression_opts.strategy: 0
I200513 16:34:37.972676 29 storage/engine/rocksdb.go:120          Options.bottommost_compression_opts.max_dict_bytes: 0
I200513 16:34:37.972679 29 storage/engine/rocksdb.go:120          Options.bottommost_compression_opts.zstd_max_train_bytes: 0
I200513 16:34:37.972682 29 storage/engine/rocksdb.go:120                   Options.bottommost_compression_opts.enabled: false
I200513 16:34:37.972684 29 storage/engine/rocksdb.go:120             Options.compression_opts.window_bits: -14
I200513 16:34:37.972687 29 storage/engine/rocksdb.go:120                   Options.compression_opts.level: 32767
I200513 16:34:37.972689 29 storage/engine/rocksdb.go:120                Options.compression_opts.strategy: 0
I200513 16:34:37.972692 29 storage/engine/rocksdb.go:120          Options.compression_opts.max_dict_bytes: 0
I200513 16:34:37.972695 29 storage/engine/rocksdb.go:120          Options.compression_opts.zstd_max_train_bytes: 0
I200513 16:34:37.972697 29 storage/engine/rocksdb.go:120                   Options.compression_opts.enabled: false
I200513 16:34:37.972700 29 storage/engine/rocksdb.go:120       Options.level0_file_num_compaction_trigger: 2
I200513 16:34:37.972703 29 storage/engine/rocksdb.go:120           Options.level0_slowdown_writes_trigger: 950
I200513 16:34:37.972705 29 storage/engine/rocksdb.go:120               Options.level0_stop_writes_trigger: 1000
I200513 16:34:37.972708 29 storage/engine/rocksdb.go:120                    Options.target_file_size_base: 4194304
I200513 16:34:37.972710 29 storage/engine/rocksdb.go:120              Options.target_file_size_multiplier: 2
I200513 16:34:37.972713 29 storage/engine/rocksdb.go:120                 Options.max_bytes_for_level_base: 67108864
I200513 16:34:37.972716 29 storage/engine/rocksdb.go:120  Options.level_compaction_dynamic_level_bytes: 1
I200513 16:34:37.972719 29 storage/engine/rocksdb.go:120           Options.max_bytes_for_level_multiplier: 10.000000
I200513 16:34:37.972722 29 storage/engine/rocksdb.go:120  Options.max_bytes_for_level_multiplier_addtl[0]: 1
I200513 16:34:37.972725 29 storage/engine/rocksdb.go:120  Options.max_bytes_for_level_multiplier_addtl[1]: 1
I200513 16:34:37.972727 29 storage/engine/rocksdb.go:120  Options.max_bytes_for_level_multiplier_addtl[2]: 1
I200513 16:34:37.972730 29 storage/engine/rocksdb.go:120  Options.max_bytes_for_level_multiplier_addtl[3]: 1
I200513 16:34:37.972732 29 storage/engine/rocksdb.go:120  Options.max_bytes_for_level_multiplier_addtl[4]: 1
I200513 16:34:37.972735 29 storage/engine/rocksdb.go:120  Options.max_bytes_for_level_multiplier_addtl[5]: 1
I200513 16:34:37.972738 29 storage/engine/rocksdb.go:120  Options.max_bytes_for_level_multiplier_addtl[6]: 1
I200513 16:34:37.972740 29 storage/engine/rocksdb.go:120        Options.max_sequential_skip_in_iterations: 8
I200513 16:34:37.972743 29 storage/engine/rocksdb.go:120                     Options.max_compaction_bytes: 104857600
I200513 16:34:37.972745 29 storage/engine/rocksdb.go:120                         Options.arena_block_size: 8388608
I200513 16:34:37.972748 29 storage/engine/rocksdb.go:120    Options.soft_pending_compaction_bytes_limit: 2199023255552
I200513 16:34:37.972751 29 storage/engine/rocksdb.go:120    Options.hard_pending_compaction_bytes_limit: 4400193994752
I200513 16:34:37.972753 29 storage/engine/rocksdb.go:120        Options.rate_limit_delay_max_milliseconds: 100
I200513 16:34:37.972756 29 storage/engine/rocksdb.go:120                 Options.disable_auto_compactions: 0
I200513 16:34:37.972759 29 storage/engine/rocksdb.go:120                         Options.compaction_style: kCompactionStyleLevel
I200513 16:34:37.972762 29 storage/engine/rocksdb.go:120                           Options.compaction_pri: kMinOverlappingRatio
I200513 16:34:37.972764 29 storage/engine/rocksdb.go:120  Options.compaction_options_universal.size_ratio: 1
I200513 16:34:37.972767 29 storage/engine/rocksdb.go:120  Options.compaction_options_universal.min_merge_width: 2
I200513 16:34:37.972769 29 storage/engine/rocksdb.go:120  Options.compaction_options_universal.max_merge_width: 4294967295
I200513 16:34:37.972772 29 storage/engine/rocksdb.go:120  Options.compaction_options_universal.max_size_amplification_percent: 200
I200513 16:34:37.972775 29 storage/engine/rocksdb.go:120  Options.compaction_options_universal.compression_size_percent: -1
I200513 16:34:37.972778 29 storage/engine/rocksdb.go:120  Options.compaction_options_universal.stop_style: kCompactionStopStyleTotalSize
I200513 16:34:37.972780 29 storage/engine/rocksdb.go:120  Options.compaction_options_fifo.max_table_files_size: 1073741824
I200513 16:34:37.972783 29 storage/engine/rocksdb.go:120  Options.compaction_options_fifo.allow_compaction: 0
I200513 16:34:37.972787 29 storage/engine/rocksdb.go:120                    Options.table_properties_collectors: TimeBoundTblPropCollectorFactory; DeleteRangeTblPropCollectorFactory; 
I200513 16:34:37.972789 29 storage/engine/rocksdb.go:120                    Options.inplace_update_support: 0
I200513 16:34:37.972792 29 storage/engine/rocksdb.go:120                  Options.inplace_update_num_locks: 10000
I200513 16:34:37.972795 29 storage/engine/rocksdb.go:120                Options.memtable_prefix_bloom_size_ratio: 0.000000
I200513 16:34:37.972797 29 storage/engine/rocksdb.go:120                Options.memtable_whole_key_filtering: 0
I200513 16:34:37.972800 29 storage/engine/rocksdb.go:120    Options.memtable_huge_page_size: 0
I200513 16:34:37.972802 29 storage/engine/rocksdb.go:120                            Options.bloom_locality: 0
I200513 16:34:37.972805 29 storage/engine/rocksdb.go:120                     Options.max_successive_merges: 0
I200513 16:34:37.972812 29 storage/engine/rocksdb.go:120                 Options.optimize_filters_for_hits: 1
I200513 16:34:37.972815 29 storage/engine/rocksdb.go:120                 Options.paranoid_file_checks: 0
I200513 16:34:37.972817 29 storage/engine/rocksdb.go:120                 Options.force_consistency_checks: 0
I200513 16:34:37.972820 29 storage/engine/rocksdb.go:120                 Options.report_bg_io_stats: 0
I200513 16:34:37.972822 29 storage/engine/rocksdb.go:120                                Options.ttl: 0
I200513 16:34:37.972825 29 storage/engine/rocksdb.go:120           Options.periodic_compaction_seconds: 0
I200513 16:34:37.977279 29 storage/engine/rocksdb.go:120  [db/version_set.cc:4286] Recovered from manifest file:/var/lib/cockroach/MANIFEST-000343 succeeded,manifest_file_number is 343, next_file_number is 371, last_sequence is 8037271, log_number is 365,prev_log_number is 0,max_column_family is 0,min_log_number_to_keep is 0
I200513 16:34:37.977286 29 storage/engine/rocksdb.go:120  [db/version_set.cc:4295] Column family [default] (ID 0), log number is 365
I200513 16:34:37.978224 29 storage/engine/rocksdb.go:120  EVENT_LOG_v1 {"time_micros": 1589387677978203, "job": 1, "event": "recovery_started", "log_files": [363, 365]}
I200513 16:34:37.978230 29 storage/engine/rocksdb.go:120  [db/db_impl_open.cc:586] Skipping log #363 since it is older than min log to keep #365
I200513 16:34:37.978234 29 storage/engine/rocksdb.go:120  [db/db_impl_open.cc:598] Recovering log #365 mode 0
I200513 16:34:38.302473 29 storage/engine/rocksdb.go:120  EVENT_LOG_v1 {"time_micros": 1589387678302291, "cf_name": "default", "job": 1, "event": "table_file_creation", "file_number": 371, "file_size": 151345, "table_properties": {"data_size": 145442, "index_size": 1664, "index_partitions": 0, "top_level_index_size": 0, "index_key_is_user_key": 0, "index_value_is_delta_encoded": 0, "filter_size": 3909, "raw_key_size": 107287, "raw_average_key_size": 31, "raw_value_size": 813258, "raw_average_value_size": 241, "num_data_blocks": 26, "num_entries": 3372, "num_deletions": 2190, "num_merge_operands": 664, "num_range_deletions": 664, "format_version": 0, "fixed_key_len": 0, "filter_policy": "rocksdb.BuiltinBloomFilter", "column_family_name": "default", "column_family_id": 0, "comparator": "cockroach_comparator", "merge_operator": "cockroach_merge_operator", "prefix_extractor_name": "cockroach_prefix_extractor", "property_collectors": "[TimeBoundTblPropCollectorFactory,DeleteRangeTblPropCollectorFactory]", "compression": "Snappy", "compression_options": "window_bits=-14; level=32767; strategy=0; max_dict_bytes=0; zstd_max_train_bytes=0; enabled=0; ", "creation_time": 1589387678, "oldest_key_time": 3, "file_creation_time": 0}}
I200513 16:34:38.305279 29 storage/engine/rocksdb.go:120  [db/version_set.cc:3560] Creating manifest 372
I200513 16:34:38.314199 29 storage/engine/rocksdb.go:120  EVENT_LOG_v1 {"time_micros": 1589387678314176, "job": 1, "event": "recovery_finished"}
I200513 16:34:38.342358 29 storage/engine/rocksdb.go:120  DB pointer 0x7f138c9d7400
I200513 16:55:48.795244 14585 storage/engine/rocksdb.go:120  bloom filter utility:    -nan%
I200513 16:55:48.795514 14585 storage/engine/rocksdb.go:120  [db/db_impl.cc:392] Shutdown: canceling all background work
I200513 16:55:48.797476 14585 storage/engine/rocksdb.go:120  [db/db_impl.cc:565] Shutdown complete
I200513 16:55:48.807996 14585 storage/engine/rocksdb.go:120  bloom filter utility:    72.7%
I200513 16:55:48.808353 14585 storage/engine/rocksdb.go:120  [db/db_impl.cc:392] Shutdown: canceling all background work
I200513 16:55:48.821414 14585 storage/engine/rocksdb.go:120  [db/db_impl.cc:565] Shutdown complete
