I200514 22:45:57.629804 1 util/log/clog.go:1196  [config] file created at: 2020/05/14 22:45:57
I200514 22:45:57.629804 1 util/log/clog.go:1196  [config] running on machine: 72b445f1c5f9
I200514 22:45:57.629804 1 util/log/clog.go:1196  [config] binary: CockroachDB CCL v19.2.5 (x86_64-unknown-linux-gnu, built 2020/03/16 18:27:12, go1.12.12)
I200514 22:45:57.629804 1 util/log/clog.go:1196  [config] arguments: [/cockroach/cockroach start --insecure --store=attrs=ssd,path=/var/lib/cockroach/]
I200514 22:45:57.629804 1 util/log/clog.go:1196  line format: [IWEF]yymmdd hh:mm:ss.uuuuuu goid file:line msg utf8=✓
I200514 22:45:57.629803 1 cli/start.go:1144  logging to directory /var/lib/cockroach/logs
W200514 22:45:57.654922 1 cli/start.go:1182  RUNNING IN INSECURE MODE!

- Your cluster is open for any client that can access <all your IP addresses>.
- Any user, even root, can log in without providing a password.
- Any user, connecting as root, can read or write any data in your cluster.
- There is no network encryption nor authentication, and thus no confidentiality.

Check out how to secure your cluster: https://www.cockroachlabs.com/docs/v19.2/secure-a-cluster.html
I200514 22:45:57.655910 1 server/status/recorder.go:597  available memory from cgroups (8.0 EiB) is unsupported, using system memory 1.9 GiB instead: 
W200514 22:45:57.656072 1 cli/start.go:1052  Using the default setting for --cache (128 MiB).
  A significantly larger value is usually needed for good performance.
  If you have a dedicated server a reasonable setting is --cache=.25 (497 MiB).
I200514 22:45:57.656426 1 server/status/recorder.go:597  available memory from cgroups (8.0 EiB) is unsupported, using system memory 1.9 GiB instead: 
W200514 22:45:57.656439 1 cli/start.go:1065  Using the default setting for --max-sql-memory (128 MiB).
  A significantly larger value is usually needed in production.
  If you have a dedicated server a reasonable setting is --max-sql-memory=.25 (497 MiB).
I200514 22:45:57.656830 1 server/status/recorder.go:597  available memory from cgroups (8.0 EiB) is unsupported, using system memory 1.9 GiB instead: 
I200514 22:45:57.656842 1 cli/start.go:1196  CockroachDB CCL v19.2.5 (x86_64-unknown-linux-gnu, built 2020/03/16 18:27:12, go1.12.12)
W200514 22:45:58.854181 1 cli/start.go:511  running 'cockroach start' without --join is deprecated.
Consider using 'cockroach start-single-node' or 'cockroach init' instead.
I200514 22:45:58.882171 1 server/status/recorder.go:597  available memory from cgroups (8.0 EiB) is unsupported, using system memory 1.9 GiB instead: 
I200514 22:45:58.882192 1 server/config.go:394  system total memory: 1.9 GiB
I200514 22:45:58.882221 1 server/config.go:396  server configuration:
max offset             500000000
cache size             128 MiB
SQL memory pool size   128 MiB
scan interval          10m0s
scan min idle time     10ms
scan max idle time     1s
event log enabled      true
I200514 22:45:58.882250 1 cli/start.go:1030  using local environment variables: COCKROACH_CHANNEL=official-docker
I200514 22:45:58.882262 1 cli/start.go:1037  process identity: uid 0 euid 0 gid 0 egid 0
I200514 22:45:58.882306 1 cli/start.go:644  starting cockroach node
I200514 22:45:58.887607 28 storage/engine/rocksdb.go:622  opening rocksdb instance at "/var/lib/cockroach/cockroach-temp255144537"
I200514 22:45:59.241372 28 server/server.go:928  [n?] monitoring forward clock jumps based on server.clock.forward_jump_check_enabled
I200514 22:45:59.242682 28 storage/engine/rocksdb.go:622  opening rocksdb instance at "/var/lib/cockroach"
I200514 22:45:59.332639 28 server/config.go:502  [n?] 1 storage engine initialized
I200514 22:45:59.332648 28 server/config.go:505  [n?] RocksDB cache size: 128 MiB
I200514 22:45:59.332652 28 server/config.go:505  [n?] store 0: RocksDB, max size 0 B, max open file limit 1043576
W200514 22:45:59.372452 28 cli/start.go:996  neither --listen-addr nor --advertise-addr was specified.
The server will advertise "72b445f1c5f9" to other nodes, is this routable?

Consider using:
- for local-only servers:  --listen-addr=localhost
- for multi-node clusters: --advertise-addr=<host/IP addr>
I200514 22:45:59.375553 28 server/server.go:978  [n?] Sleeping till wall time 1589496359375520609 to catches up to 1589496359741339010 to ensure monotonicity. Delta: 365.818401ms
I200514 22:45:59.755182 28 gossip/gossip.go:394  [n1] NodeDescriptor set to node_id:1 address:<network_field:"tcp" address_field:"72b445f1c5f9:26257" > attrs:<> locality:<> ServerVersion:<major_val:19 minor_val:2 patch:0 unstable:0 > build_tag:"v19.2.5" started_at:1589496359755081410 cluster_name:"" sql_address:<network_field:"tcp" address_field:"72b445f1c5f9:26257" > 
W200514 22:45:59.785376 112 storage/replica_range_lease.go:554  can't determine lease status due to node liveness error: node not in the liveness table
github.com/cockroachdb/cockroach/pkg/storage.init.ializers
	/go/src/github.com/cockroachdb/cockroach/pkg/storage/node_liveness.go:44
runtime.main
	/usr/local/go/src/runtime/proc.go:188
runtime.goexit
	/usr/local/go/src/runtime/asm_amd64.s:1337
W200514 22:45:59.785398 112 storage/store.go:1530  [n1,s1,r6/1:/Table/{SystemCon…-11}] could not gossip system config: [NotLeaseHolderError] r6: replica (n1,s1):1 not lease holder; lease holder unknown
I200514 22:46:00.147066 28 server/node.go:431  [n1] initialized store [n1,s1]: disk (capacity=894 GiB, available=579 GiB, used=24 MiB, logicalBytes=131 MiB), ranges=40, leases=3, queries=0.00, writes=0.00, bytesPerReplica={p10=0.00 p25=0.00 p50=146.00 p75=29356.00 p90=16657125.00 pMax=52506279.00}, writesPerReplica={p10=0.00 p25=0.00 p50=0.00 p75=0.00 p90=0.00 pMax=0.00}
I200514 22:46:00.147150 28 storage/stores.go:240  [n1] read 0 node addresses from persistent storage
I200514 22:46:00.147216 28 server/node.go:645  [n1] connecting to gossip network to verify cluster ID...
I200514 22:46:00.147247 28 server/node.go:665  [n1] node connected via gossip and verified as part of cluster "3d423bb5-5d67-4ebf-947b-999bec430444"
I200514 22:46:00.147291 28 server/node.go:512  [n1] node=1: started with [ssd=/var/lib/cockroach] engine(s) and attributes []
I200514 22:46:00.151094 28 server/server.go:1514  [n1] starting http server at [::]:8080 (use: 72b445f1c5f9:8080)
I200514 22:46:00.151108 28 server/server.go:1521  [n1] starting grpc/postgres server at [::]:26257
I200514 22:46:00.151117 28 server/server.go:1522  [n1] advertising CockroachDB node at 72b445f1c5f9:26257
I200514 22:46:00.371453 28 server/server.go:1590  [n1] done ensuring all necessary migrations have run
I200514 22:46:00.371503 28 server/server.go:1841  [n1] serving sql connections
I200514 22:46:00.371558 28 cli/start.go:803  [config] clusterID: 3d423bb5-5d67-4ebf-947b-999bec430444
I200514 22:46:00.371571 28 cli/start.go:812  node startup completed:
CockroachDB node starting at 2020-05-14 22:46:00.37151591 +0000 UTC (took 2.7s)
build:               CCL v19.2.5 @ 2020/03/16 18:27:12 (go1.12.12)
webui:               http://72b445f1c5f9:8080
sql:                 postgresql://root@72b445f1c5f9:26257?sslmode=disable
RPC client flags:    /cockroach/cockroach <client cmd> --host=72b445f1c5f9:26257 --insecure
logs:                /var/lib/cockroach/logs
temp dir:            /var/lib/cockroach/cockroach-temp255144537
external I/O path:   /var/lib/cockroach/extern
store[0]:            path=/var/lib/cockroach,attrs=ssd
status:              restarted pre-existing node
clusterID:           3d423bb5-5d67-4ebf-947b-999bec430444
nodeID:              1
I200514 22:46:00.373612 299 server/server_update.go:53  [n1] no need to upgrade, cluster already at the newest version
I200514 22:46:00.393779 301 sql/event_log.go:130  [n1] Event: "node_restart", target: 1, info: {Descriptor:{NodeID:1 Address:72b445f1c5f9:26257 Attrs: Locality: ServerVersion:19.2 BuildTag:v19.2.5 StartedAt:1589496359755081410 LocalityAddress:[] ClusterName: SQLAddress:72b445f1c5f9:26257} ClusterID:3d423bb5-5d67-4ebf-947b-999bec430444 StartedAt:1589496359755081410 LastUp:1589496356327169807}
I200514 22:46:01.435036 84 gossip/gossip.go:1531  [n1] node has connected to cluster via gossip
I200514 22:46:01.435112 84 storage/stores.go:259  [n1] wrote 0 node addresses to persistent storage
I200514 22:46:01.571167 303 server/updates.go:267  [n1] A new version is available: 20.1.0, details: https://www.cockroachlabs.com/docs/releases/v20.1.0.html
I200514 22:46:10.152278 230 server/status/runtime.go:498  [n1] runtime stats: 122 MiB RSS, 117 goroutines, 103 MiB/21 MiB/135 MiB GO alloc/idle/total, 16 MiB/19 MiB CGO alloc/total, 0.0 CGO/sec, 0.0/0.0 %(u/s)time, 0.0 %gc (9x), 36 KiB/45 KiB (r/w)net
I200514 22:46:20.152228 230 server/status/runtime.go:498  [n1] runtime stats: 133 MiB RSS, 117 goroutines, 112 MiB/12 MiB/135 MiB GO alloc/idle/total, 16 MiB/19 MiB CGO alloc/total, 65.2 CGO/sec, 0.6/0.4 %(u/s)time, 0.0 %gc (0x), 3.2 KiB/2.8 KiB (r/w)net
I200514 22:46:20.238042 123 storage/store.go:2364  [n1,s1] sstables (read amplification = 1):
6 [ 12M 4 ]: 4M[3] 8K
I200514 22:46:20.238117 123 storage/store.go:2365  [n1,s1] 
** Compaction Stats [default] **
Level    Files   Size     Score Read(GB)  Rn(GB) Rnp1(GB) Write(GB) Wnew(GB) Moved(GB) W-Amp Rd(MB/s) Wr(MB/s) Comp(sec) CompMergeCPU(sec) Comp(cnt) Avg(sec) KeyIn KeyDrop
----------------------------------------------------------------------------------------------------------------------------------------------------------------------------
  L0      0/0    0.00 KB   0.0      0.0     0.0      0.0       0.0      0.0       0.0   1.0      0.0      4.7      0.02              0.00         1    0.016       0      0
  L6      4/0   12.06 MB   0.0      0.0     0.0      0.0       0.0     -0.0       0.0  77.9     33.1     32.7      0.37              0.13         1    0.369     40K   2083
 Sum      4/0   12.06 MB   0.0      0.0     0.0      0.0       0.0      0.0       0.0 155.2     31.7     31.5      0.39              0.13         2    0.193     40K   2083
 Int      0/0    0.00 KB   0.0      0.0     0.0      0.0       0.0      0.0       0.0 155.2     31.7     31.5      0.39              0.13         2    0.193     40K   2083

** Compaction Stats [default] **
Priority    Files   Size     Score Read(GB)  Rn(GB) Rnp1(GB) Write(GB) Wnew(GB) Moved(GB) W-Amp Rd(MB/s) Wr(MB/s) Comp(sec) CompMergeCPU(sec) Comp(cnt) Avg(sec) KeyIn KeyDrop
-------------------------------------------------------------------------------------------------------------------------------------------------------------------------------
 Low      0/0    0.00 KB   0.0      0.0     0.0      0.0       0.0     -0.0       0.0   0.0     33.1     32.7      0.37              0.13         1    0.369     40K   2083
User      0/0    0.00 KB   0.0      0.0     0.0      0.0       0.0      0.0       0.0   0.0      0.0      4.7      0.02              0.00         1    0.016       0      0
Uptime(secs): 21.0 total, 21.0 interval
Flush(GB): cumulative 0.000, interval 0.000
AddFile(GB): cumulative 0.000, interval 0.000
AddFile(Total Files): cumulative 0, interval 0
AddFile(L0 Files): cumulative 0, interval 0
AddFile(Keys): cumulative 0, interval 0
Cumulative compaction: 0.01 GB write, 0.58 MB/s write, 0.01 GB read, 0.58 MB/s read, 0.4 seconds
Interval compaction: 0.01 GB write, 0.58 MB/s write, 0.01 GB read, 0.58 MB/s read, 0.4 seconds
Stalls(count): 0 level0_slowdown, 0 level0_slowdown_with_compaction, 0 level0_numfiles, 0 level0_numfiles_with_compaction, 0 stop for pending_compaction_bytes, 0 slowdown for pending_compaction_bytes, 0 memtable_compaction, 0 memtable_slowdown, interval 0 total count
estimated_pending_compaction_bytes: 0 B
I200514 22:46:30.152239 230 server/status/runtime.go:498  [n1] runtime stats: 141 MiB RSS, 117 goroutines, 78 MiB/41 MiB/135 MiB GO alloc/idle/total, 16 MiB/19 MiB CGO alloc/total, 65.5 CGO/sec, 0.7/0.2 %(u/s)time, 0.0 %gc (1x), 1.7 KiB/872 B (r/w)net
I200514 22:46:40.152299 230 server/status/runtime.go:498  [n1] runtime stats: 142 MiB RSS, 118 goroutines, 86 MiB/35 MiB/135 MiB GO alloc/idle/total, 16 MiB/20 MiB CGO alloc/total, 48.7 CGO/sec, 0.4/0.2 %(u/s)time, 0.0 %gc (0x), 70 B/0 B (r/w)net
I200514 22:46:50.152545 230 server/status/runtime.go:498  [n1] runtime stats: 142 MiB RSS, 118 goroutines, 92 MiB/29 MiB/135 MiB GO alloc/idle/total, 16 MiB/20 MiB CGO alloc/total, 28.5 CGO/sec, 0.4/0.2 %(u/s)time, 0.0 %gc (0x), 0 B/0 B (r/w)net
I200514 22:47:00.149411 124 gossip/gossip.go:566  [n1] gossip status (ok, 1 node)
gossip client (0/3 cur/max conns)
gossip server (0/3 cur/max conns, infos 0/0 sent/received, bytes 0B/0B sent/received)
gossip connectivity
  n1 [sentinel];
I200514 22:47:00.152512 230 server/status/runtime.go:498  [n1] runtime stats: 142 MiB RSS, 118 goroutines, 99 MiB/22 MiB/135 MiB GO alloc/idle/total, 16 MiB/20 MiB CGO alloc/total, 31.2 CGO/sec, 0.4/0.2 %(u/s)time, 0.0 %gc (0x), 0 B/0 B (r/w)net
I200514 22:47:10.152653 230 server/status/runtime.go:498  [n1] runtime stats: 143 MiB RSS, 117 goroutines, 109 MiB/15 MiB/135 MiB GO alloc/idle/total, 16 MiB/20 MiB CGO alloc/total, 92.7 CGO/sec, 0.5/0.2 %(u/s)time, 0.0 %gc (0x), 140 B/0 B (r/w)net
I200514 22:47:20.152771 230 server/status/runtime.go:498  [n1] runtime stats: 144 MiB RSS, 117 goroutines, 115 MiB/8.3 MiB/135 MiB GO alloc/idle/total, 16 MiB/20 MiB CGO alloc/total, 27.7 CGO/sec, 0.3/0.2 %(u/s)time, 0.0 %gc (0x), 0 B/0 B (r/w)net
I200514 22:47:30.152824 230 server/status/runtime.go:498  [n1] runtime stats: 148 MiB RSS, 118 goroutines, 123 MiB/192 KiB/135 MiB GO alloc/idle/total, 16 MiB/20 MiB CGO alloc/total, 27.2 CGO/sec, 0.3/0.2 %(u/s)time, 0.0 %gc (0x), 150 B/150 B (r/w)net
I200514 22:47:40.152891 230 server/status/runtime.go:498  [n1] runtime stats: 154 MiB RSS, 118 goroutines, 132 MiB/56 MiB/201 MiB GO alloc/idle/total, 16 MiB/20 MiB CGO alloc/total, 33.3 CGO/sec, 0.4/0.2 %(u/s)time, 0.0 %gc (0x), 0 B/0 B (r/w)net
I200514 22:47:50.152977 230 server/status/runtime.go:498  [n1] runtime stats: 160 MiB RSS, 118 goroutines, 82 MiB/100 MiB/201 MiB GO alloc/idle/total, 16 MiB/20 MiB CGO alloc/total, 24.6 CGO/sec, 0.4/0.2 %(u/s)time, 0.0 %gc (1x), 0 B/0 B (r/w)net
I200514 22:48:00.149368 124 gossip/gossip.go:566  [n1] gossip status (ok, 1 node)
gossip client (0/3 cur/max conns)
gossip server (0/3 cur/max conns, infos 0/0 sent/received, bytes 0B/0B sent/received)
I200514 22:48:00.153167 230 server/status/runtime.go:498  [n1] runtime stats: 161 MiB RSS, 118 goroutines, 89 MiB/94 MiB/201 MiB GO alloc/idle/total, 16 MiB/20 MiB CGO alloc/total, 26.7 CGO/sec, 0.2/0.3 %(u/s)time, 0.0 %gc (0x), 0 B/0 B (r/w)net
I200514 22:48:10.153246 230 server/status/runtime.go:498  [n1] runtime stats: 161 MiB RSS, 117 goroutines, 97 MiB/88 MiB/201 MiB GO alloc/idle/total, 16 MiB/20 MiB CGO alloc/total, 51.7 CGO/sec, 0.4/0.1 %(u/s)time, 0.0 %gc (0x), 70 B/0 B (r/w)net
I200514 22:48:20.153282 230 server/status/runtime.go:498  [n1] runtime stats: 161 MiB RSS, 117 goroutines, 103 MiB/82 MiB/201 MiB GO alloc/idle/total, 16 MiB/20 MiB CGO alloc/total, 30.4 CGO/sec, 0.3/0.1 %(u/s)time, 0.0 %gc (0x), 0 B/0 B (r/w)net
I200514 22:48:30.153335 230 server/status/runtime.go:498  [n1] runtime stats: 162 MiB RSS, 117 goroutines, 110 MiB/76 MiB/201 MiB GO alloc/idle/total, 16 MiB/20 MiB CGO alloc/total, 27.7 CGO/sec, 0.3/0.2 %(u/s)time, 0.0 %gc (0x), 220 B/150 B (r/w)net
I200514 22:48:40.153497 230 server/status/runtime.go:498  [n1] runtime stats: 163 MiB RSS, 118 goroutines, 117 MiB/69 MiB/201 MiB GO alloc/idle/total, 16 MiB/20 MiB CGO alloc/total, 58.8 CGO/sec, 0.4/0.1 %(u/s)time, 0.0 %gc (0x), 0 B/0 B (r/w)net
I200514 22:48:50.153737 230 server/status/runtime.go:498  [n1] runtime stats: 163 MiB RSS, 118 goroutines, 124 MiB/63 MiB/201 MiB GO alloc/idle/total, 16 MiB/20 MiB CGO alloc/total, 22.2 CGO/sec, 0.3/0.1 %(u/s)time, 0.0 %gc (0x), 0 B/0 B (r/w)net
I200514 22:49:00.149350 124 gossip/gossip.go:566  [n1] gossip status (ok, 1 node)
gossip client (0/3 cur/max conns)
gossip server (0/3 cur/max conns, infos 0/0 sent/received, bytes 0B/0B sent/received)
I200514 22:49:00.153633 230 server/status/runtime.go:498  [n1] runtime stats: 163 MiB RSS, 118 goroutines, 130 MiB/57 MiB/201 MiB GO alloc/idle/total, 16 MiB/20 MiB CGO alloc/total, 29.5 CGO/sec, 0.3/0.2 %(u/s)time, 0.0 %gc (0x), 0 B/0 B (r/w)net
I200514 22:49:10.153793 230 server/status/runtime.go:498  [n1] runtime stats: 165 MiB RSS, 117 goroutines, 138 MiB/50 MiB/201 MiB GO alloc/idle/total, 16 MiB/20 MiB CGO alloc/total, 50.6 CGO/sec, 0.4/0.2 %(u/s)time, 0.0 %gc (0x), 0 B/0 B (r/w)net
I200514 22:49:20.153908 230 server/status/runtime.go:498  [n1] runtime stats: 174 MiB RSS, 117 goroutines, 146 MiB/42 MiB/201 MiB GO alloc/idle/total, 16 MiB/20 MiB CGO alloc/total, 29.2 CGO/sec, 0.3/0.2 %(u/s)time, 0.0 %gc (0x), 0 B/0 B (r/w)net
I200514 22:49:30.154074 230 server/status/runtime.go:498  [n1] runtime stats: 180 MiB RSS, 117 goroutines, 84 MiB/98 MiB/202 MiB GO alloc/idle/total, 16 MiB/20 MiB CGO alloc/total, 24.3 CGO/sec, 0.4/0.2 %(u/s)time, 0.0 %gc (1x), 150 B/150 B (r/w)net
I200514 22:49:40.154073 230 server/status/runtime.go:498  [n1] runtime stats: 180 MiB RSS, 118 goroutines, 91 MiB/92 MiB/202 MiB GO alloc/idle/total, 16 MiB/20 MiB CGO alloc/total, 26.4 CGO/sec, 0.3/0.2 %(u/s)time, 0.0 %gc (0x), 0 B/0 B (r/w)net
I200514 22:49:50.154157 230 server/status/runtime.go:498  [n1] runtime stats: 181 MiB RSS, 118 goroutines, 97 MiB/87 MiB/202 MiB GO alloc/idle/total, 16 MiB/20 MiB CGO alloc/total, 30.0 CGO/sec, 0.3/0.2 %(u/s)time, 0.0 %gc (0x), 0 B/0 B (r/w)net
I200514 22:50:00.149394 124 gossip/gossip.go:566  [n1] gossip status (ok, 1 node)
gossip client (0/3 cur/max conns)
gossip server (0/3 cur/max conns, infos 0/0 sent/received, bytes 0B/0B sent/received)
I200514 22:50:00.154341 230 server/status/runtime.go:498  [n1] runtime stats: 181 MiB RSS, 118 goroutines, 104 MiB/81 MiB/202 MiB GO alloc/idle/total, 16 MiB/20 MiB CGO alloc/total, 26.4 CGO/sec, 0.2/0.1 %(u/s)time, 0.0 %gc (0x), 0 B/0 B (r/w)net
I200514 22:50:10.154366 230 server/status/runtime.go:498  [n1] runtime stats: 181 MiB RSS, 117 goroutines, 112 MiB/74 MiB/202 MiB GO alloc/idle/total, 16 MiB/20 MiB CGO alloc/total, 56.7 CGO/sec, 0.4/0.2 %(u/s)time, 0.0 %gc (0x), 0 B/0 B (r/w)net
I200514 22:50:20.154496 230 server/status/runtime.go:498  [n1] runtime stats: 181 MiB RSS, 117 goroutines, 118 MiB/68 MiB/202 MiB GO alloc/idle/total, 16 MiB/20 MiB CGO alloc/total, 24.7 CGO/sec, 0.3/0.1 %(u/s)time, 0.0 %gc (0x), 0 B/0 B (r/w)net
I200514 22:50:30.154720 230 server/status/runtime.go:498  [n1] runtime stats: 182 MiB RSS, 117 goroutines, 124 MiB/62 MiB/202 MiB GO alloc/idle/total, 16 MiB/20 MiB CGO alloc/total, 31.9 CGO/sec, 0.4/0.2 %(u/s)time, 0.0 %gc (0x), 220 B/150 B (r/w)net
I200514 22:50:40.154885 230 server/status/runtime.go:498  [n1] runtime stats: 182 MiB RSS, 118 goroutines, 131 MiB/56 MiB/202 MiB GO alloc/idle/total, 16 MiB/20 MiB CGO alloc/total, 33.3 CGO/sec, 0.3/0.1 %(u/s)time, 0.0 %gc (0x), 3.0 KiB/2.8 KiB (r/w)net
I200514 22:50:50.155112 230 server/status/runtime.go:498  [n1] runtime stats: 183 MiB RSS, 118 goroutines, 138 MiB/50 MiB/202 MiB GO alloc/idle/total, 16 MiB/20 MiB CGO alloc/total, 24.6 CGO/sec, 0.3/0.3 %(u/s)time, 0.0 %gc (0x), 1.4 KiB/1.9 KiB (r/w)net
I200514 22:51:00.149346 124 gossip/gossip.go:566  [n1] gossip status (ok, 1 node)
gossip client (0/3 cur/max conns)
gossip server (0/3 cur/max conns, infos 0/0 sent/received, bytes 0B/0B sent/received)
I200514 22:51:00.155028 230 server/status/runtime.go:498  [n1] runtime stats: 183 MiB RSS, 118 goroutines, 145 MiB/43 MiB/202 MiB GO alloc/idle/total, 15 MiB/20 MiB CGO alloc/total, 63.0 CGO/sec, 0.5/0.1 %(u/s)time, 0.0 %gc (0x), 1.7 KiB/872 B (r/w)net
I200514 22:51:10.155146 230 server/status/runtime.go:498  [n1] runtime stats: 184 MiB RSS, 117 goroutines, 153 MiB/36 MiB/202 MiB GO alloc/idle/total, 15 MiB/20 MiB CGO alloc/total, 50.0 CGO/sec, 0.4/0.1 %(u/s)time, 0.0 %gc (0x), 0 B/0 B (r/w)net
I200514 22:51:20.155376 230 server/status/runtime.go:498  [n1] runtime stats: 190 MiB RSS, 117 goroutines, 86 MiB/96 MiB/202 MiB GO alloc/idle/total, 16 MiB/20 MiB CGO alloc/total, 262.2 CGO/sec, 0.5/0.3 %(u/s)time, 0.0 %gc (1x), 0 B/0 B (r/w)net
I200514 22:51:30.155417 230 server/status/runtime.go:498  [n1] runtime stats: 190 MiB RSS, 117 goroutines, 92 MiB/90 MiB/202 MiB GO alloc/idle/total, 16 MiB/20 MiB CGO alloc/total, 26.5 CGO/sec, 0.4/0.1 %(u/s)time, 0.0 %gc (0x), 0 B/0 B (r/w)net
I200514 22:51:40.155659 230 server/status/runtime.go:498  [n1] runtime stats: 191 MiB RSS, 118 goroutines, 99 MiB/85 MiB/202 MiB GO alloc/idle/total, 16 MiB/20 MiB CGO alloc/total, 27.6 CGO/sec, 0.3/0.1 %(u/s)time, 0.0 %gc (0x), 0 B/0 B (r/w)net
I200514 22:51:50.155689 230 server/status/runtime.go:498  [n1] runtime stats: 191 MiB RSS, 118 goroutines, 105 MiB/79 MiB/202 MiB GO alloc/idle/total, 24 MiB/28 MiB CGO alloc/total, 22.4 CGO/sec, 0.3/0.1 %(u/s)time, 0.0 %gc (0x), 0 B/0 B (r/w)net
I200514 22:52:00.149423 124 gossip/gossip.go:566  [n1] gossip status (ok, 1 node)
gossip client (0/3 cur/max conns)
gossip server (0/3 cur/max conns, infos 0/0 sent/received, bytes 0B/0B sent/received)
I200514 22:52:00.155772 230 server/status/runtime.go:498  [n1] runtime stats: 191 MiB RSS, 118 goroutines, 112 MiB/73 MiB/202 MiB GO alloc/idle/total, 24 MiB/29 MiB CGO alloc/total, 30.3 CGO/sec, 0.3/0.2 %(u/s)time, 0.0 %gc (0x), 0 B/0 B (r/w)net
I200514 22:52:10.155885 230 server/status/runtime.go:498  [n1] runtime stats: 191 MiB RSS, 117 goroutines, 119 MiB/67 MiB/202 MiB GO alloc/idle/total, 24 MiB/29 MiB CGO alloc/total, 53.7 CGO/sec, 0.4/0.1 %(u/s)time, 0.0 %gc (0x), 150 B/150 B (r/w)net
I200514 22:52:20.156139 230 server/status/runtime.go:498  [n1] runtime stats: 191 MiB RSS, 117 goroutines, 126 MiB/61 MiB/202 MiB GO alloc/idle/total, 23 MiB/29 MiB CGO alloc/total, 26.1 CGO/sec, 0.3/0.2 %(u/s)time, 0.0 %gc (0x), 0 B/0 B (r/w)net
I200514 22:52:30.156162 230 server/status/runtime.go:498  [n1] runtime stats: 192 MiB RSS, 117 goroutines, 132 MiB/55 MiB/202 MiB GO alloc/idle/total, 23 MiB/29 MiB CGO alloc/total, 26.1 CGO/sec, 0.3/0.1 %(u/s)time, 0.0 %gc (0x), 0 B/0 B (r/w)net
I200514 22:52:40.156374 230 server/status/runtime.go:498  [n1] runtime stats: 192 MiB RSS, 118 goroutines, 138 MiB/49 MiB/202 MiB GO alloc/idle/total, 23 MiB/29 MiB CGO alloc/total, 22.5 CGO/sec, 0.2/0.2 %(u/s)time, 0.0 %gc (0x), 0 B/0 B (r/w)net
I200514 22:52:50.156571 230 server/status/runtime.go:498  [n1] runtime stats: 193 MiB RSS, 118 goroutines, 145 MiB/42 MiB/202 MiB GO alloc/idle/total, 23 MiB/29 MiB CGO alloc/total, 34.9 CGO/sec, 0.3/0.2 %(u/s)time, 0.0 %gc (0x), 1.4 KiB/2.0 KiB (r/w)net
I200514 22:53:00.149362 124 gossip/gossip.go:566  [n1] gossip status (ok, 1 node)
gossip client (0/3 cur/max conns)
gossip server (0/3 cur/max conns, infos 0/0 sent/received, bytes 0B/0B sent/received)
I200514 22:53:00.156593 230 server/status/runtime.go:498  [n1] runtime stats: 193 MiB RSS, 118 goroutines, 152 MiB/36 MiB/202 MiB GO alloc/idle/total, 23 MiB/29 MiB CGO alloc/total, 27.8 CGO/sec, 0.4/0.2 %(u/s)time, 0.0 %gc (0x), 1.6 KiB/872 B (r/w)net
I200514 22:53:10.156650 230 server/status/runtime.go:498  [n1] runtime stats: 194 MiB RSS, 117 goroutines, 79 MiB/103 MiB/202 MiB GO alloc/idle/total, 23 MiB/29 MiB CGO alloc/total, 53.7 CGO/sec, 0.4/0.2 %(u/s)time, 0.0 %gc (1x), 0 B/0 B (r/w)net
I200514 22:53:20.156791 230 server/status/runtime.go:498  [n1] runtime stats: 194 MiB RSS, 117 goroutines, 86 MiB/97 MiB/202 MiB GO alloc/idle/total, 23 MiB/29 MiB CGO alloc/total, 24.5 CGO/sec, 0.3/0.2 %(u/s)time, 0.0 %gc (0x), 0 B/0 B (r/w)net
I200514 22:53:30.156925 230 server/status/runtime.go:498  [n1] runtime stats: 195 MiB RSS, 117 goroutines, 93 MiB/92 MiB/202 MiB GO alloc/idle/total, 23 MiB/29 MiB CGO alloc/total, 57.1 CGO/sec, 0.4/0.1 %(u/s)time, 0.0 %gc (0x), 0 B/0 B (r/w)net
I200514 22:53:40.157154 230 server/status/runtime.go:498  [n1] runtime stats: 195 MiB RSS, 118 goroutines, 99 MiB/86 MiB/202 MiB GO alloc/idle/total, 23 MiB/29 MiB CGO alloc/total, 26.9 CGO/sec, 0.3/0.0 %(u/s)time, 0.0 %gc (0x), 0 B/0 B (r/w)net
I200514 22:53:50.157165 230 server/status/runtime.go:498  [n1] runtime stats: 195 MiB RSS, 118 goroutines, 106 MiB/80 MiB/202 MiB GO alloc/idle/total, 23 MiB/29 MiB CGO alloc/total, 27.6 CGO/sec, 0.3/0.2 %(u/s)time, 0.0 %gc (0x), 0 B/0 B (r/w)net
I200514 22:54:00.149362 124 gossip/gossip.go:566  [n1] gossip status (ok, 1 node)
gossip client (0/3 cur/max conns)
gossip server (0/3 cur/max conns, infos 0/0 sent/received, bytes 0B/0B sent/received)
I200514 22:54:00.157285 230 server/status/runtime.go:498  [n1] runtime stats: 195 MiB RSS, 118 goroutines, 112 MiB/74 MiB/202 MiB GO alloc/idle/total, 23 MiB/29 MiB CGO alloc/total, 24.2 CGO/sec, 0.2/0.2 %(u/s)time, 0.0 %gc (0x), 150 B/150 B (r/w)net
I200514 22:54:10.157390 230 server/status/runtime.go:498  [n1] runtime stats: 196 MiB RSS, 117 goroutines, 120 MiB/67 MiB/202 MiB GO alloc/idle/total, 23 MiB/29 MiB CGO alloc/total, 52.0 CGO/sec, 0.4/0.1 %(u/s)time, 0.0 %gc (0x), 0 B/0 B (r/w)net
I200514 22:54:20.157523 230 server/status/runtime.go:498  [n1] runtime stats: 196 MiB RSS, 117 goroutines, 126 MiB/61 MiB/202 MiB GO alloc/idle/total, 23 MiB/29 MiB CGO alloc/total, 30.0 CGO/sec, 0.3/0.2 %(u/s)time, 0.0 %gc (0x), 0 B/0 B (r/w)net
I200514 22:54:30.157640 230 server/status/runtime.go:498  [n1] runtime stats: 196 MiB RSS, 117 goroutines, 132 MiB/55 MiB/202 MiB GO alloc/idle/total, 22 MiB/29 MiB CGO alloc/total, 24.7 CGO/sec, 0.3/0.1 %(u/s)time, 0.0 %gc (0x), 0 B/0 B (r/w)net
I200514 22:54:40.157787 230 server/status/runtime.go:498  [n1] runtime stats: 197 MiB RSS, 118 goroutines, 139 MiB/49 MiB/202 MiB GO alloc/idle/total, 22 MiB/29 MiB CGO alloc/total, 28.0 CGO/sec, 0.3/0.2 %(u/s)time, 0.0 %gc (0x), 0 B/0 B (r/w)net
I200514 22:54:50.157905 230 server/status/runtime.go:498  [n1] runtime stats: 197 MiB RSS, 118 goroutines, 145 MiB/43 MiB/202 MiB GO alloc/idle/total, 22 MiB/29 MiB CGO alloc/total, 26.0 CGO/sec, 0.2/0.1 %(u/s)time, 0.0 %gc (0x), 0 B/0 B (r/w)net
I200514 22:55:00.149365 124 gossip/gossip.go:566  [n1] gossip status (ok, 1 node)
gossip client (0/3 cur/max conns)
gossip server (0/3 cur/max conns, infos 0/0 sent/received, bytes 0B/0B sent/received)
I200514 22:55:00.157960 230 server/status/runtime.go:498  [n1] runtime stats: 197 MiB RSS, 118 goroutines, 78 MiB/103 MiB/202 MiB GO alloc/idle/total, 22 MiB/29 MiB CGO alloc/total, 30.6 CGO/sec, 0.3/0.2 %(u/s)time, 0.0 %gc (1x), 66 B/66 B (r/w)net
I200514 22:55:10.158054 230 server/status/runtime.go:498  [n1] runtime stats: 197 MiB RSS, 117 goroutines, 86 MiB/97 MiB/202 MiB GO alloc/idle/total, 22 MiB/29 MiB CGO alloc/total, 52.2 CGO/sec, 0.3/0.2 %(u/s)time, 0.0 %gc (0x), 84 B/84 B (r/w)net
I200514 22:55:20.158325 230 server/status/runtime.go:498  [n1] runtime stats: 198 MiB RSS, 117 goroutines, 93 MiB/92 MiB/202 MiB GO alloc/idle/total, 22 MiB/29 MiB CGO alloc/total, 28.4 CGO/sec, 0.3/0.2 %(u/s)time, 0.0 %gc (0x), 70 B/0 B (r/w)net
I200514 22:55:30.158319 230 server/status/runtime.go:498  [n1] runtime stats: 198 MiB RSS, 117 goroutines, 99 MiB/86 MiB/202 MiB GO alloc/idle/total, 22 MiB/29 MiB CGO alloc/total, 24.5 CGO/sec, 0.3/0.1 %(u/s)time, 0.0 %gc (0x), 0 B/0 B (r/w)net
I200514 22:55:40.158383 230 server/status/runtime.go:498  [n1] runtime stats: 198 MiB RSS, 118 goroutines, 106 MiB/80 MiB/202 MiB GO alloc/idle/total, 22 MiB/29 MiB CGO alloc/total, 25.7 CGO/sec, 0.3/0.2 %(u/s)time, 0.0 %gc (0x), 0 B/0 B (r/w)net
I200514 22:55:50.158550 230 server/status/runtime.go:498  [n1] runtime stats: 198 MiB RSS, 118 goroutines, 112 MiB/74 MiB/202 MiB GO alloc/idle/total, 22 MiB/29 MiB CGO alloc/total, 31.9 CGO/sec, 0.3/0.1 %(u/s)time, 0.0 %gc (0x), 0 B/0 B (r/w)net
I200514 22:56:00.149361 124 gossip/gossip.go:566  [n1] gossip status (ok, 1 node)
gossip client (0/3 cur/max conns)
gossip server (0/3 cur/max conns, infos 0/0 sent/received, bytes 0B/0B sent/received)
E200514 22:56:00.157003 243 storage/queue.go:1203  [n1,replicate] 8 replicas failing with "range requires a replication change, but live replicas [] don't constitute a quorum for [(n1,s1):1]:"
E200514 22:56:00.157010 243 storage/queue.go:1203  [n1,replicate] 32 replicas failing with "0 of 1 live stores are able to take a new replica for the range (1 already has a replica); likely not enough nodes in cluster"
I200514 22:56:00.158559 230 server/status/runtime.go:498  [n1] runtime stats: 198 MiB RSS, 118 goroutines, 119 MiB/68 MiB/202 MiB GO alloc/idle/total, 22 MiB/29 MiB CGO alloc/total, 55.8 CGO/sec, 0.3/0.2 %(u/s)time, 0.0 %gc (0x), 136 B/66 B (r/w)net
I200514 22:56:10.158698 230 server/status/runtime.go:498  [n1] runtime stats: 199 MiB RSS, 117 goroutines, 127 MiB/60 MiB/202 MiB GO alloc/idle/total, 23 MiB/29 MiB CGO alloc/total, 59.6 CGO/sec, 0.5/0.2 %(u/s)time, 0.0 %gc (0x), 84 B/84 B (r/w)net
I200514 22:56:20.158821 230 server/status/runtime.go:498  [n1] runtime stats: 199 MiB RSS, 117 goroutines, 134 MiB/54 MiB/202 MiB GO alloc/idle/total, 23 MiB/29 MiB CGO alloc/total, 26.4 CGO/sec, 0.2/0.1 %(u/s)time, 0.0 %gc (0x), 0 B/0 B (r/w)net
I200514 22:56:20.219264 123 storage/store.go:2364  [n1,s1] sstables (read amplification = 1):
6 [ 12M 4 ]: 4M[3] 8K
I200514 22:56:20.219344 123 storage/store.go:2365  [n1,s1] 
** Compaction Stats [default] **
Level    Files   Size     Score Read(GB)  Rn(GB) Rnp1(GB) Write(GB) Wnew(GB) Moved(GB) W-Amp Rd(MB/s) Wr(MB/s) Comp(sec) CompMergeCPU(sec) Comp(cnt) Avg(sec) KeyIn KeyDrop
----------------------------------------------------------------------------------------------------------------------------------------------------------------------------
  L0      0/0    0.00 KB   0.0      0.0     0.0      0.0       0.0      0.0       0.0   1.0      0.0      4.7      0.02              0.00         1    0.016       0      0
  L6      4/0   12.06 MB   0.0      0.0     0.0      0.0       0.0     -0.0       0.0  77.9     33.1     32.7      0.37              0.13         1    0.369     40K   2083
 Sum      4/0   12.06 MB   0.0      0.0     0.0      0.0       0.0      0.0       0.0 155.2     31.7     31.5      0.39              0.13         2    0.193     40K   2083
 Int      0/0    0.00 KB   0.0      0.0     0.0      0.0       0.0      0.0       0.0   0.0      0.0      0.0      0.00              0.00         0    0.000       0      0

** Compaction Stats [default] **
Priority    Files   Size     Score Read(GB)  Rn(GB) Rnp1(GB) Write(GB) Wnew(GB) Moved(GB) W-Amp Rd(MB/s) Wr(MB/s) Comp(sec) CompMergeCPU(sec) Comp(cnt) Avg(sec) KeyIn KeyDrop
-------------------------------------------------------------------------------------------------------------------------------------------------------------------------------
 Low      0/0    0.00 KB   0.0      0.0     0.0      0.0       0.0     -0.0       0.0   0.0     33.1     32.7      0.37              0.13         1    0.369     40K   2083
User      0/0    0.00 KB   0.0      0.0     0.0      0.0       0.0      0.0       0.0   0.0      0.0      4.7      0.02              0.00         1    0.016       0      0
Uptime(secs): 621.0 total, 600.0 interval
Flush(GB): cumulative 0.000, interval 0.000
AddFile(GB): cumulative 0.000, interval 0.000
AddFile(Total Files): cumulative 0, interval 0
AddFile(L0 Files): cumulative 0, interval 0
AddFile(Keys): cumulative 0, interval 0
Cumulative compaction: 0.01 GB write, 0.02 MB/s write, 0.01 GB read, 0.02 MB/s read, 0.4 seconds
Interval compaction: 0.00 GB write, 0.00 MB/s write, 0.00 GB read, 0.00 MB/s read, 0.0 seconds
Stalls(count): 0 level0_slowdown, 0 level0_slowdown_with_compaction, 0 level0_numfiles, 0 level0_numfiles_with_compaction, 0 stop for pending_compaction_bytes, 0 slowdown for pending_compaction_bytes, 0 memtable_compaction, 0 memtable_slowdown, interval 0 total count
estimated_pending_compaction_bytes: 0 B
I200514 22:56:30.159018 230 server/status/runtime.go:498  [n1] runtime stats: 199 MiB RSS, 117 goroutines, 140 MiB/48 MiB/202 MiB GO alloc/idle/total, 23 MiB/29 MiB CGO alloc/total, 28.3 CGO/sec, 0.2/0.3 %(u/s)time, 0.0 %gc (0x), 0 B/0 B (r/w)net
I200514 22:56:40.159083 230 server/status/runtime.go:498  [n1] runtime stats: 199 MiB RSS, 118 goroutines, 146 MiB/42 MiB/202 MiB GO alloc/idle/total, 23 MiB/29 MiB CGO alloc/total, 26.2 CGO/sec, 0.3/0.1 %(u/s)time, 0.0 %gc (0x), 0 B/0 B (r/w)net
I200514 22:56:50.159195 230 server/status/runtime.go:498  [n1] runtime stats: 200 MiB RSS, 118 goroutines, 80 MiB/101 MiB/202 MiB GO alloc/idle/total, 23 MiB/29 MiB CGO alloc/total, 25.3 CGO/sec, 0.4/0.2 %(u/s)time, 0.0 %gc (1x), 0 B/0 B (r/w)net
I200514 22:57:00.149380 124 gossip/gossip.go:566  [n1] gossip status (ok, 1 node)
gossip client (0/3 cur/max conns)
gossip server (0/3 cur/max conns, infos 0/0 sent/received, bytes 0B/0B sent/received)
I200514 22:57:00.159441 230 server/status/runtime.go:498  [n1] runtime stats: 200 MiB RSS, 118 goroutines, 87 MiB/95 MiB/202 MiB GO alloc/idle/total, 23 MiB/29 MiB CGO alloc/total, 28.0 CGO/sec, 0.3/0.2 %(u/s)time, 0.0 %gc (0x), 1.4 KiB/2.0 KiB (r/w)net
I200514 22:57:10.159597 230 server/status/runtime.go:498  [n1] runtime stats: 200 MiB RSS, 117 goroutines, 95 MiB/90 MiB/202 MiB GO alloc/idle/total, 22 MiB/29 MiB CGO alloc/total, 54.8 CGO/sec, 0.5/0.2 %(u/s)time, 0.0 %gc (0x), 1.4 KiB/1.9 KiB (r/w)net
I200514 22:57:20.159598 230 server/status/runtime.go:498  [n1] runtime stats: 200 MiB RSS, 117 goroutines, 102 MiB/83 MiB/202 MiB GO alloc/idle/total, 22 MiB/29 MiB CGO alloc/total, 39.8 CGO/sec, 0.4/0.2 %(u/s)time, 0.0 %gc (0x), 3.3 KiB/1.7 KiB (r/w)net
I200514 22:57:30.159778 230 server/status/runtime.go:498  [n1] runtime stats: 201 MiB RSS, 117 goroutines, 108 MiB/78 MiB/202 MiB GO alloc/idle/total, 22 MiB/29 MiB CGO alloc/total, 24.2 CGO/sec, 0.4/0.0 %(u/s)time, 0.0 %gc (0x), 0 B/0 B (r/w)net
I200514 22:57:40.159972 230 server/status/runtime.go:498  [n1] runtime stats: 201 MiB RSS, 118 goroutines, 115 MiB/72 MiB/202 MiB GO alloc/idle/total, 30 MiB/37 MiB CGO alloc/total, 28.4 CGO/sec, 0.3/0.2 %(u/s)time, 0.0 %gc (0x), 0 B/0 B (r/w)net
I200514 22:57:50.160070 230 server/status/runtime.go:498  [n1] runtime stats: 201 MiB RSS, 118 goroutines, 121 MiB/65 MiB/202 MiB GO alloc/idle/total, 31 MiB/37 MiB CGO alloc/total, 29.5 CGO/sec, 0.3/0.2 %(u/s)time, 0.0 %gc (0x), 0 B/0 B (r/w)net
I200514 22:58:00.149348 124 gossip/gossip.go:566  [n1] gossip status (ok, 1 node)
gossip client (0/3 cur/max conns)
gossip server (0/3 cur/max conns, infos 0/0 sent/received, bytes 0B/0B sent/received)
I200514 22:58:00.160152 230 server/status/runtime.go:498  [n1] runtime stats: 201 MiB RSS, 118 goroutines, 128 MiB/59 MiB/202 MiB GO alloc/idle/total, 31 MiB/37 MiB CGO alloc/total, 24.1 CGO/sec, 0.2/0.2 %(u/s)time, 0.0 %gc (0x), 0 B/0 B (r/w)net
I200514 22:58:10.160320 230 server/status/runtime.go:498  [n1] runtime stats: 202 MiB RSS, 117 goroutines, 135 MiB/52 MiB/202 MiB GO alloc/idle/total, 30 MiB/37 MiB CGO alloc/total, 55.9 CGO/sec, 0.4/0.2 %(u/s)time, 0.0 %gc (0x), 0 B/0 B (r/w)net
I200514 22:58:20.160417 230 server/status/runtime.go:498  [n1] runtime stats: 202 MiB RSS, 117 goroutines, 142 MiB/46 MiB/202 MiB GO alloc/idle/total, 30 MiB/37 MiB CGO alloc/total, 24.4 CGO/sec, 0.3/0.2 %(u/s)time, 0.0 %gc (0x), 150 B/150 B (r/w)net
I200514 22:58:30.160535 230 server/status/runtime.go:498  [n1] runtime stats: 202 MiB RSS, 117 goroutines, 149 MiB/39 MiB/199 MiB GO alloc/idle/total, 30 MiB/37 MiB CGO alloc/total, 55.1 CGO/sec, 0.3/0.1 %(u/s)time, 0.0 %gc (0x), 0 B/0 B (r/w)net
I200514 22:58:40.160664 230 server/status/runtime.go:498  [n1] runtime stats: 202 MiB RSS, 118 goroutines, 83 MiB/98 MiB/200 MiB GO alloc/idle/total, 30 MiB/37 MiB CGO alloc/total, 27.1 CGO/sec, 0.4/0.1 %(u/s)time, 0.0 %gc (1x), 0 B/0 B (r/w)net
I200514 22:58:50.160804 230 server/status/runtime.go:498  [n1] runtime stats: 202 MiB RSS, 118 goroutines, 90 MiB/92 MiB/200 MiB GO alloc/idle/total, 30 MiB/37 MiB CGO alloc/total, 31.5 CGO/sec, 0.3/0.2 %(u/s)time, 0.0 %gc (0x), 0 B/0 B (r/w)net
I200514 22:59:00.149347 124 gossip/gossip.go:566  [n1] gossip status (ok, 1 node)
gossip client (0/3 cur/max conns)
gossip server (0/3 cur/max conns, infos 0/0 sent/received, bytes 0B/0B sent/received)
I200514 22:59:00.160926 230 server/status/runtime.go:498  [n1] runtime stats: 203 MiB RSS, 118 goroutines, 96 MiB/87 MiB/200 MiB GO alloc/idle/total, 30 MiB/37 MiB CGO alloc/total, 25.7 CGO/sec, 0.3/0.2 %(u/s)time, 0.0 %gc (0x), 0 B/0 B (r/w)net
I200514 22:59:10.161010 230 server/status/runtime.go:498  [n1] runtime stats: 203 MiB RSS, 117 goroutines, 104 MiB/81 MiB/200 MiB GO alloc/idle/total, 30 MiB/37 MiB CGO alloc/total, 55.0 CGO/sec, 0.3/0.2 %(u/s)time, 0.0 %gc (0x), 0 B/0 B (r/w)net
I200514 22:59:20.161103 230 server/status/runtime.go:498  [n1] runtime stats: 203 MiB RSS, 117 goroutines, 110 MiB/75 MiB/200 MiB GO alloc/idle/total, 30 MiB/37 MiB CGO alloc/total, 22.8 CGO/sec, 0.3/0.1 %(u/s)time, 0.0 %gc (0x), 66 B/66 B (r/w)net
I200514 22:59:30.161308 230 server/status/runtime.go:498  [n1] runtime stats: 203 MiB RSS, 117 goroutines, 116 MiB/69 MiB/200 MiB GO alloc/idle/total, 30 MiB/37 MiB CGO alloc/total, 28.5 CGO/sec, 0.3/0.2 %(u/s)time, 0.0 %gc (0x), 84 B/84 B (r/w)net
I200514 22:59:40.161486 230 server/status/runtime.go:498  [n1] runtime stats: 204 MiB RSS, 118 goroutines, 123 MiB/63 MiB/200 MiB GO alloc/idle/total, 30 MiB/37 MiB CGO alloc/total, 27.5 CGO/sec, 0.3/0.1 %(u/s)time, 0.0 %gc (0x), 0 B/0 B (r/w)net
I200514 22:59:50.161605 230 server/status/runtime.go:498  [n1] runtime stats: 204 MiB RSS, 118 goroutines, 130 MiB/57 MiB/200 MiB GO alloc/idle/total, 30 MiB/37 MiB CGO alloc/total, 40.5 CGO/sec, 0.4/0.2 %(u/s)time, 0.0 %gc (0x), 6.0 KiB/5.5 KiB (r/w)net
I200514 22:59:51.140339 1 cli/start.go:865  received signal 'terminated'
I200514 22:59:51.140581 1 cli/start.go:930  initiating graceful shutdown of server
I200514 22:59:51.158298 9773 util/stop/stopper.go:542  [server drain process] quiescing; tasks left:
1      [async] stats.Refresher: maybeRefreshStats
1      [async] intent_resolver_ir_batcher
1      [async] intent_resolver_gc_batcher
1      [async] closedts-rangefeed-subscriber
I200514 22:59:51.158624 9773 util/stop/stopper.go:542  [server drain process] quiescing; tasks left:
1      [async] stats.Refresher: maybeRefreshStats
1      [async] intent_resolver_ir_batcher
1      [async] closedts-rangefeed-subscriber
I200514 22:59:51.158789 9773 util/stop/stopper.go:542  [server drain process] quiescing; tasks left:
1      [async] stats.Refresher: maybeRefreshStats
1      [async] closedts-rangefeed-subscriber
W200514 22:59:51.159052 63 vendor/google.golang.org/grpc/clientconn.go:1206  grpc: addrConn.createTransport failed to connect to {72b445f1c5f9:26257 0  <nil>}. Err :connection error: desc = "transport: failed to write client preface: io: read/write on closed pipe". Reconnecting...
I200514 22:59:51.159374 9773 util/stop/stopper.go:542  [server drain process] quiescing; tasks left:
1      [async] closedts-rangefeed-subscriber
I200514 22:59:51.159959 9773 storage/engine/rocksdb.go:762  closing rocksdb instance at "/var/lib/cockroach/cockroach-temp255144537"
I200514 22:59:51.171674 9773 storage/engine/rocksdb.go:762  closing rocksdb instance at "/var/lib/cockroach"
I200514 22:59:51.183188 1 cli/start.go:976  server drained and shutdown completed
