I200514 22:31:56.600008 15 util/log/clog.go:1196  [config] file created at: 2020/05/14 22:31:56
I200514 22:31:56.600008 15 util/log/clog.go:1196  [config] running on machine: 8eefcf38b005
I200514 22:31:56.600008 15 util/log/clog.go:1196  [config] binary: CockroachDB CCL v19.2.5 (x86_64-unknown-linux-gnu, built 2020/03/16 18:27:12, go1.12.12)
I200514 22:31:56.600008 15 util/log/clog.go:1196  [config] arguments: [/cockroach/cockroach start --insecure --store=attrs=ssd,path=/var/lib/cockroach/]
I200514 22:31:56.600008 15 util/log/clog.go:1196  line format: [IWEF]yymmdd hh:mm:ss.uuuuuu goid file:line msg utf8=✓
I200514 22:31:56.600007 15 storage/engine/rocksdb.go:120  RocksDB version: 6.2.1
I200514 22:31:56.607818 15 storage/engine/rocksdb.go:120  Git sha rocksdb_build_git_sha:@b7009236531fa784872f4823eabf393501e41bf2@
I200514 22:31:56.830575 15 storage/engine/rocksdb.go:120  Compile date Mar 16 2020
I200514 22:31:56.830579 15 storage/engine/rocksdb.go:120  DB SUMMARY
I200514 22:31:56.831570 15 storage/engine/rocksdb.go:120  SST files in /var/lib/cockroach/cockroach-temp169506010 dir, Total Num: 0, files: 
I200514 22:31:56.831581 15 storage/engine/rocksdb.go:120  Write Ahead Log file in /var/lib/cockroach/cockroach-temp169506010: 
I200514 22:31:56.831585 15 storage/engine/rocksdb.go:120                          Options.error_if_exists: 0
I200514 22:31:56.831587 15 storage/engine/rocksdb.go:120                        Options.create_if_missing: 1
I200514 22:31:56.831590 15 storage/engine/rocksdb.go:120                          Options.paranoid_checks: 1
I200514 22:31:56.831593 15 storage/engine/rocksdb.go:120                                      Options.env: 0x75757a0
I200514 22:31:56.831596 15 storage/engine/rocksdb.go:120                                 Options.info_log: 0x7fa5bca270e0
I200514 22:31:56.831598 15 storage/engine/rocksdb.go:120                 Options.max_file_opening_threads: 16
I200514 22:31:56.831601 15 storage/engine/rocksdb.go:120                               Options.statistics: 0x7fa5bca34010
I200514 22:31:56.831604 15 storage/engine/rocksdb.go:120                                Options.use_fsync: 0
I200514 22:31:56.831606 15 storage/engine/rocksdb.go:120                        Options.max_log_file_size: 0
I200514 22:31:56.831609 15 storage/engine/rocksdb.go:120                   Options.max_manifest_file_size: 134217728
I200514 22:31:56.831611 15 storage/engine/rocksdb.go:120                    Options.log_file_time_to_roll: 0
I200514 22:31:56.831621 15 storage/engine/rocksdb.go:120                        Options.keep_log_file_num: 1000
I200514 22:31:56.831624 15 storage/engine/rocksdb.go:120                     Options.recycle_log_file_num: 1
I200514 22:31:56.831627 15 storage/engine/rocksdb.go:120                          Options.allow_fallocate: 1
I200514 22:31:56.831630 15 storage/engine/rocksdb.go:120                         Options.allow_mmap_reads: 0
I200514 22:31:56.831632 15 storage/engine/rocksdb.go:120                        Options.allow_mmap_writes: 0
I200514 22:31:56.831635 15 storage/engine/rocksdb.go:120                         Options.use_direct_reads: 0
I200514 22:31:56.831637 15 storage/engine/rocksdb.go:120                         Options.use_direct_io_for_flush_and_compaction: 0
I200514 22:31:56.831640 15 storage/engine/rocksdb.go:120           Options.create_missing_column_families: 0
I200514 22:31:56.831643 15 storage/engine/rocksdb.go:120                               Options.db_log_dir: 
I200514 22:31:56.831645 15 storage/engine/rocksdb.go:120                                  Options.wal_dir: /var/lib/cockroach/cockroach-temp169506010
I200514 22:31:56.831648 15 storage/engine/rocksdb.go:120                 Options.table_cache_numshardbits: 6
I200514 22:31:56.831650 15 storage/engine/rocksdb.go:120                       Options.max_subcompactions: 1
I200514 22:31:56.831654 15 storage/engine/rocksdb.go:120                   Options.max_background_flushes: -1
I200514 22:31:56.831657 15 storage/engine/rocksdb.go:120                          Options.WAL_ttl_seconds: 0
I200514 22:31:56.831659 15 storage/engine/rocksdb.go:120                        Options.WAL_size_limit_MB: 0
I200514 22:31:56.831662 15 storage/engine/rocksdb.go:120              Options.manifest_preallocation_size: 4194304
I200514 22:31:56.831664 15 storage/engine/rocksdb.go:120                      Options.is_fd_close_on_exec: 1
I200514 22:31:56.831667 15 storage/engine/rocksdb.go:120                    Options.advise_random_on_open: 1
I200514 22:31:56.831670 15 storage/engine/rocksdb.go:120                     Options.db_write_buffer_size: 0
I200514 22:31:56.831673 15 storage/engine/rocksdb.go:120                     Options.write_buffer_manager: 0x7fa5bca190f0
I200514 22:31:56.831678 15 storage/engine/rocksdb.go:120          Options.access_hint_on_compaction_start: 1
I200514 22:31:56.831681 15 storage/engine/rocksdb.go:120   Options.new_table_reader_for_compaction_inputs: 0
I200514 22:31:56.831683 15 storage/engine/rocksdb.go:120            Options.random_access_max_buffer_size: 1048576
I200514 22:31:56.831686 15 storage/engine/rocksdb.go:120                       Options.use_adaptive_mutex: 0
I200514 22:31:56.831688 15 storage/engine/rocksdb.go:120                             Options.rate_limiter: (nil)
I200514 22:31:56.831691 15 storage/engine/rocksdb.go:120      Options.sst_file_manager.rate_bytes_per_sec: 0
I200514 22:31:56.831694 15 storage/engine/rocksdb.go:120                        Options.wal_recovery_mode: 0
I200514 22:31:56.831696 15 storage/engine/rocksdb.go:120                   Options.enable_thread_tracking: 0
I200514 22:31:56.831699 15 storage/engine/rocksdb.go:120                   Options.enable_pipelined_write: 0
I200514 22:31:56.831701 15 storage/engine/rocksdb.go:120          Options.allow_concurrent_memtable_write: 1
I200514 22:31:56.831704 15 storage/engine/rocksdb.go:120       Options.enable_write_thread_adaptive_yield: 1
I200514 22:31:56.831731 15 storage/engine/rocksdb.go:120              Options.write_thread_max_yield_usec: 100
I200514 22:31:56.831733 15 storage/engine/rocksdb.go:120             Options.write_thread_slow_yield_usec: 3
I200514 22:31:56.831736 15 storage/engine/rocksdb.go:120                                Options.row_cache: None
I200514 22:31:56.831738 15 storage/engine/rocksdb.go:120                               Options.wal_filter: None
I200514 22:31:56.831741 15 storage/engine/rocksdb.go:120              Options.avoid_flush_during_recovery: 0
I200514 22:31:56.831744 15 storage/engine/rocksdb.go:120              Options.allow_ingest_behind: 0
I200514 22:31:56.831746 15 storage/engine/rocksdb.go:120              Options.preserve_deletes: 0
I200514 22:31:56.831749 15 storage/engine/rocksdb.go:120              Options.two_write_queues: 0
I200514 22:31:56.831752 15 storage/engine/rocksdb.go:120              Options.manual_wal_flush: 1
I200514 22:31:56.831754 15 storage/engine/rocksdb.go:120              Options.atomic_flush: 0
I200514 22:31:56.831757 15 storage/engine/rocksdb.go:120              Options.avoid_unnecessary_blocking_io: 0
I200514 22:31:56.831760 15 storage/engine/rocksdb.go:120              Options.max_background_jobs: 2
I200514 22:31:56.831763 15 storage/engine/rocksdb.go:120              Options.max_background_compactions: -1
I200514 22:31:56.831765 15 storage/engine/rocksdb.go:120              Options.avoid_flush_during_shutdown: 0
I200514 22:31:56.831768 15 storage/engine/rocksdb.go:120            Options.writable_file_max_buffer_size: 1048576
I200514 22:31:56.831770 15 storage/engine/rocksdb.go:120              Options.delayed_write_rate : 16777216
I200514 22:31:56.831773 15 storage/engine/rocksdb.go:120              Options.max_total_wal_size: 0
I200514 22:31:56.831776 15 storage/engine/rocksdb.go:120              Options.delete_obsolete_files_period_micros: 21600000000
I200514 22:31:56.831778 15 storage/engine/rocksdb.go:120                    Options.stats_dump_period_sec: 0
I200514 22:31:56.831781 15 storage/engine/rocksdb.go:120                  Options.stats_persist_period_sec: 600
I200514 22:31:56.831783 15 storage/engine/rocksdb.go:120                  Options.stats_history_buffer_size: 1048576
I200514 22:31:56.831786 15 storage/engine/rocksdb.go:120                           Options.max_open_files: 128
I200514 22:31:56.831789 15 storage/engine/rocksdb.go:120                           Options.bytes_per_sync: 524288
I200514 22:31:56.831791 15 storage/engine/rocksdb.go:120                       Options.wal_bytes_per_sync: 0
I200514 22:31:56.831794 15 storage/engine/rocksdb.go:120                    Options.strict_bytes_per_sync: 1
I200514 22:31:56.831796 15 storage/engine/rocksdb.go:120        Options.compaction_readahead_size: 0
I200514 22:31:56.831803 15 storage/engine/rocksdb.go:120  Compression algorithms supported:
I200514 22:31:56.831807 15 storage/engine/rocksdb.go:120  	kZSTDNotFinalCompression supported: 0
I200514 22:31:56.831809 15 storage/engine/rocksdb.go:120  	kZSTD supported: 0
I200514 22:31:56.831812 15 storage/engine/rocksdb.go:120  	kXpressCompression supported: 0
I200514 22:31:56.831815 15 storage/engine/rocksdb.go:120  	kLZ4HCCompression supported: 0
I200514 22:31:56.831818 15 storage/engine/rocksdb.go:120  	kLZ4Compression supported: 0
I200514 22:31:56.831820 15 storage/engine/rocksdb.go:120  	kBZip2Compression supported: 0
I200514 22:31:56.831823 15 storage/engine/rocksdb.go:120  	kZlibCompression supported: 0
I200514 22:31:56.831825 15 storage/engine/rocksdb.go:120  	kSnappyCompression supported: 1
I200514 22:31:56.831838 15 storage/engine/rocksdb.go:120  Fast CRC32 supported: Supported on x86
I200514 22:31:56.833813 15 storage/engine/rocksdb.go:120  [db/db_impl_open.cc:242] Creating manifest 1 
I200514 22:31:56.856403 15 storage/engine/rocksdb.go:120  [db/version_set.cc:4072] Recovering from manifest file: /var/lib/cockroach/cockroach-temp169506010/MANIFEST-000001
I200514 22:31:56.857708 15 storage/engine/rocksdb.go:120  [db/column_family.cc:488] --------------- Options for column family [default]:
I200514 22:31:56.857713 15 storage/engine/rocksdb.go:120                Options.comparator: cockroach_comparator
I200514 22:31:56.857749 15 storage/engine/rocksdb.go:120            Options.merge_operator: cockroach_merge_operator
I200514 22:31:56.857753 15 storage/engine/rocksdb.go:120         Options.compaction_filter: None
I200514 22:31:56.857755 15 storage/engine/rocksdb.go:120         Options.compaction_filter_factory: None
I200514 22:31:56.857758 15 storage/engine/rocksdb.go:120          Options.memtable_factory: SkipListFactory
I200514 22:31:56.857761 15 storage/engine/rocksdb.go:120             Options.table_factory: BlockBasedTable
I200514 22:31:56.857784 15 storage/engine/rocksdb.go:120             table_factory options:   flush_block_policy_factory: FlushBlockBySizePolicyFactory (0x7fa5bca28030)
  cache_index_and_filter_blocks: 0
  cache_index_and_filter_blocks_with_high_priority: 0
  pin_l0_filter_and_index_blocks_in_cache: 0
  pin_top_level_index_and_filter: 1
  index_type: 0
  data_block_index_type: 0
  index_shortening: 1
  data_block_hash_table_util_ratio: 0.750000
  hash_index_allow_collision: 1
  checksum: 1
  no_block_cache: 0
  block_cache: 0x7fa5bca1c010
  block_cache_name: LRUCache
  block_cache_options:
    capacity : 1048576
    num_shard_bits : 4
    strict_capacity_limit : 0
    memory_allocator : None
    high_pri_pool_ratio: 0.000
  block_cache_compressed: (nil)
  persistent_cache: (nil)
  block_size: 32768
  block_size_deviation: 10
  block_restart_interval: 16
  index_block_restart_interval: 1
  metadata_block_size: 4096
  partition_filters: 0
  use_delta_encoding: 1
  filter_policy: rocksdb.BuiltinBloomFilter
  whole_key_filtering: 0
  verify_compression: 0
  read_amp_bytes_per_bit: 0
  format_version: 2
  enable_index_compression: 1
  block_align: 0
I200514 22:31:56.857788 15 storage/engine/rocksdb.go:120         Options.write_buffer_size: 67108864
I200514 22:31:56.857792 15 storage/engine/rocksdb.go:120   Options.max_write_buffer_number: 4
I200514 22:31:56.857794 15 storage/engine/rocksdb.go:120           Options.compression: Snappy
I200514 22:31:56.857797 15 storage/engine/rocksdb.go:120                   Options.bottommost_compression: Disabled
I200514 22:31:56.857800 15 storage/engine/rocksdb.go:120        Options.prefix_extractor: cockroach_prefix_extractor
I200514 22:31:56.857807 15 storage/engine/rocksdb.go:120    Options.memtable_insert_with_hint_prefix_extractor: nullptr
I200514 22:31:56.857819 15 storage/engine/rocksdb.go:120              Options.num_levels: 7
I200514 22:31:56.857826 15 storage/engine/rocksdb.go:120         Options.min_write_buffer_number_to_merge: 1
I200514 22:31:56.857829 15 storage/engine/rocksdb.go:120      Options.max_write_buffer_number_to_maintain: 0
I200514 22:31:56.857831 15 storage/engine/rocksdb.go:120             Options.bottommost_compression_opts.window_bits: -14
I200514 22:31:56.857834 15 storage/engine/rocksdb.go:120                   Options.bottommost_compression_opts.level: 32767
I200514 22:31:56.857837 15 storage/engine/rocksdb.go:120                Options.bottommost_compression_opts.strategy: 0
I200514 22:31:56.857840 15 storage/engine/rocksdb.go:120          Options.bottommost_compression_opts.max_dict_bytes: 0
I200514 22:31:56.857843 15 storage/engine/rocksdb.go:120          Options.bottommost_compression_opts.zstd_max_train_bytes: 0
I200514 22:31:56.857845 15 storage/engine/rocksdb.go:120                   Options.bottommost_compression_opts.enabled: false
I200514 22:31:56.857848 15 storage/engine/rocksdb.go:120             Options.compression_opts.window_bits: -14
I200514 22:31:56.857850 15 storage/engine/rocksdb.go:120                   Options.compression_opts.level: 32767
I200514 22:31:56.857853 15 storage/engine/rocksdb.go:120                Options.compression_opts.strategy: 0
I200514 22:31:56.857855 15 storage/engine/rocksdb.go:120          Options.compression_opts.max_dict_bytes: 0
I200514 22:31:56.857858 15 storage/engine/rocksdb.go:120          Options.compression_opts.zstd_max_train_bytes: 0
I200514 22:31:56.857860 15 storage/engine/rocksdb.go:120                   Options.compression_opts.enabled: false
I200514 22:31:56.857863 15 storage/engine/rocksdb.go:120       Options.level0_file_num_compaction_trigger: 2
I200514 22:31:56.857865 15 storage/engine/rocksdb.go:120           Options.level0_slowdown_writes_trigger: 950
I200514 22:31:56.857868 15 storage/engine/rocksdb.go:120               Options.level0_stop_writes_trigger: 1000
I200514 22:31:56.857871 15 storage/engine/rocksdb.go:120                    Options.target_file_size_base: 4194304
I200514 22:31:56.857873 15 storage/engine/rocksdb.go:120              Options.target_file_size_multiplier: 2
I200514 22:31:56.857884 15 storage/engine/rocksdb.go:120                 Options.max_bytes_for_level_base: 67108864
I200514 22:31:56.857886 15 storage/engine/rocksdb.go:120  Options.level_compaction_dynamic_level_bytes: 1
I200514 22:31:56.857890 15 storage/engine/rocksdb.go:120           Options.max_bytes_for_level_multiplier: 10.000000
I200514 22:31:56.857893 15 storage/engine/rocksdb.go:120  Options.max_bytes_for_level_multiplier_addtl[0]: 1
I200514 22:31:56.857895 15 storage/engine/rocksdb.go:120  Options.max_bytes_for_level_multiplier_addtl[1]: 1
I200514 22:31:56.857898 15 storage/engine/rocksdb.go:120  Options.max_bytes_for_level_multiplier_addtl[2]: 1
I200514 22:31:56.857901 15 storage/engine/rocksdb.go:120  Options.max_bytes_for_level_multiplier_addtl[3]: 1
I200514 22:31:56.857903 15 storage/engine/rocksdb.go:120  Options.max_bytes_for_level_multiplier_addtl[4]: 1
I200514 22:31:56.857906 15 storage/engine/rocksdb.go:120  Options.max_bytes_for_level_multiplier_addtl[5]: 1
I200514 22:31:56.857908 15 storage/engine/rocksdb.go:120  Options.max_bytes_for_level_multiplier_addtl[6]: 1
I200514 22:31:56.857911 15 storage/engine/rocksdb.go:120        Options.max_sequential_skip_in_iterations: 8
I200514 22:31:56.857914 15 storage/engine/rocksdb.go:120                     Options.max_compaction_bytes: 104857600
I200514 22:31:56.857916 15 storage/engine/rocksdb.go:120                         Options.arena_block_size: 8388608
I200514 22:31:56.857921 15 storage/engine/rocksdb.go:120    Options.soft_pending_compaction_bytes_limit: 2199023255552
I200514 22:31:56.857924 15 storage/engine/rocksdb.go:120    Options.hard_pending_compaction_bytes_limit: 4400193994752
I200514 22:31:56.857926 15 storage/engine/rocksdb.go:120        Options.rate_limit_delay_max_milliseconds: 100
I200514 22:31:56.857929 15 storage/engine/rocksdb.go:120                 Options.disable_auto_compactions: 0
I200514 22:31:56.857932 15 storage/engine/rocksdb.go:120                         Options.compaction_style: kCompactionStyleLevel
I200514 22:31:56.857935 15 storage/engine/rocksdb.go:120                           Options.compaction_pri: kMinOverlappingRatio
I200514 22:31:56.857938 15 storage/engine/rocksdb.go:120  Options.compaction_options_universal.size_ratio: 1
I200514 22:31:56.857940 15 storage/engine/rocksdb.go:120  Options.compaction_options_universal.min_merge_width: 2
I200514 22:31:56.857943 15 storage/engine/rocksdb.go:120  Options.compaction_options_universal.max_merge_width: 4294967295
I200514 22:31:56.857946 15 storage/engine/rocksdb.go:120  Options.compaction_options_universal.max_size_amplification_percent: 200
I200514 22:31:56.857948 15 storage/engine/rocksdb.go:120  Options.compaction_options_universal.compression_size_percent: -1
I200514 22:31:56.857951 15 storage/engine/rocksdb.go:120  Options.compaction_options_universal.stop_style: kCompactionStopStyleTotalSize
I200514 22:31:56.857953 15 storage/engine/rocksdb.go:120  Options.compaction_options_fifo.max_table_files_size: 1073741824
I200514 22:31:56.857956 15 storage/engine/rocksdb.go:120  Options.compaction_options_fifo.allow_compaction: 0
I200514 22:31:56.857960 15 storage/engine/rocksdb.go:120                    Options.table_properties_collectors: TimeBoundTblPropCollectorFactory; DeleteRangeTblPropCollectorFactory; 
I200514 22:31:56.857963 15 storage/engine/rocksdb.go:120                    Options.inplace_update_support: 0
I200514 22:31:56.857966 15 storage/engine/rocksdb.go:120                  Options.inplace_update_num_locks: 10000
I200514 22:31:56.857968 15 storage/engine/rocksdb.go:120                Options.memtable_prefix_bloom_size_ratio: 0.000000
I200514 22:31:56.857971 15 storage/engine/rocksdb.go:120                Options.memtable_whole_key_filtering: 0
I200514 22:31:56.857974 15 storage/engine/rocksdb.go:120    Options.memtable_huge_page_size: 0
I200514 22:31:56.857976 15 storage/engine/rocksdb.go:120                            Options.bloom_locality: 0
I200514 22:31:56.857979 15 storage/engine/rocksdb.go:120                     Options.max_successive_merges: 0
I200514 22:31:56.857981 15 storage/engine/rocksdb.go:120                 Options.optimize_filters_for_hits: 1
I200514 22:31:56.857984 15 storage/engine/rocksdb.go:120                 Options.paranoid_file_checks: 0
I200514 22:31:56.857986 15 storage/engine/rocksdb.go:120                 Options.force_consistency_checks: 0
I200514 22:31:56.857989 15 storage/engine/rocksdb.go:120                 Options.report_bg_io_stats: 0
I200514 22:31:56.857991 15 storage/engine/rocksdb.go:120                                Options.ttl: 0
I200514 22:31:56.857994 15 storage/engine/rocksdb.go:120           Options.periodic_compaction_seconds: 0
I200514 22:31:56.858917 15 storage/engine/rocksdb.go:120  [db/version_set.cc:4286] Recovered from manifest file:/var/lib/cockroach/cockroach-temp169506010/MANIFEST-000001 succeeded,manifest_file_number is 1, next_file_number is 3, last_sequence is 0, log_number is 0,prev_log_number is 0,max_column_family is 0,min_log_number_to_keep is 0
I200514 22:31:56.858922 15 storage/engine/rocksdb.go:120  [db/version_set.cc:4295] Column family [default] (ID 0), log number is 0
I200514 22:31:56.879657 15 storage/engine/rocksdb.go:120  DB pointer 0x7fa5bcaa4000
I200514 22:31:56.906697 15 storage/engine/rocksdb.go:120  RocksDB version: 6.2.1
I200514 22:31:56.906703 15 storage/engine/rocksdb.go:120  Git sha rocksdb_build_git_sha:@b7009236531fa784872f4823eabf393501e41bf2@
I200514 22:31:56.906706 15 storage/engine/rocksdb.go:120  Compile date Mar 16 2020
I200514 22:31:56.906710 15 storage/engine/rocksdb.go:120  DB SUMMARY
I200514 22:31:56.908222 15 storage/engine/rocksdb.go:120  CURRENT file:  CURRENT
I200514 22:31:56.908226 15 storage/engine/rocksdb.go:120  IDENTITY file:  IDENTITY
I200514 22:31:56.908642 15 storage/engine/rocksdb.go:120  MANIFEST file:  MANIFEST-000757 size: 1442 Bytes
I200514 22:31:56.908648 15 storage/engine/rocksdb.go:120  SST files in /var/lib/cockroach dir, Total Num: 3, files: 000768.sst 000769.sst 000770.sst 
I200514 22:31:56.908652 15 storage/engine/rocksdb.go:120  Write Ahead Log file in /var/lib/cockroach: 000764.log size: 59722579 ; 000766.log size: 55645216 ; 
I200514 22:31:56.908655 15 storage/engine/rocksdb.go:120                          Options.error_if_exists: 0
I200514 22:31:56.908658 15 storage/engine/rocksdb.go:120                        Options.create_if_missing: 1
I200514 22:31:56.908661 15 storage/engine/rocksdb.go:120                          Options.paranoid_checks: 1
I200514 22:31:56.908664 15 storage/engine/rocksdb.go:120                                      Options.env: 0x75757a0
I200514 22:31:56.908667 15 storage/engine/rocksdb.go:120                                 Options.info_log: 0x7fa5be20dce0
I200514 22:31:56.908669 15 storage/engine/rocksdb.go:120                 Options.max_file_opening_threads: 16
I200514 22:31:56.908672 15 storage/engine/rocksdb.go:120                               Options.statistics: 0x7fa5be225010
I200514 22:31:56.908674 15 storage/engine/rocksdb.go:120                                Options.use_fsync: 0
I200514 22:31:56.908677 15 storage/engine/rocksdb.go:120                        Options.max_log_file_size: 0
I200514 22:31:56.908680 15 storage/engine/rocksdb.go:120                   Options.max_manifest_file_size: 134217728
I200514 22:31:56.908682 15 storage/engine/rocksdb.go:120                    Options.log_file_time_to_roll: 0
I200514 22:31:56.908685 15 storage/engine/rocksdb.go:120                        Options.keep_log_file_num: 1000
I200514 22:31:56.908688 15 storage/engine/rocksdb.go:120                     Options.recycle_log_file_num: 1
I200514 22:31:56.908690 15 storage/engine/rocksdb.go:120                          Options.allow_fallocate: 1
I200514 22:31:56.908693 15 storage/engine/rocksdb.go:120                         Options.allow_mmap_reads: 0
I200514 22:31:56.908696 15 storage/engine/rocksdb.go:120                        Options.allow_mmap_writes: 0
I200514 22:31:56.908698 15 storage/engine/rocksdb.go:120                         Options.use_direct_reads: 0
I200514 22:31:56.908701 15 storage/engine/rocksdb.go:120                         Options.use_direct_io_for_flush_and_compaction: 0
I200514 22:31:56.908703 15 storage/engine/rocksdb.go:120           Options.create_missing_column_families: 0
I200514 22:31:56.908706 15 storage/engine/rocksdb.go:120                               Options.db_log_dir: 
I200514 22:31:56.908709 15 storage/engine/rocksdb.go:120                                  Options.wal_dir: /var/lib/cockroach
I200514 22:31:56.908711 15 storage/engine/rocksdb.go:120                 Options.table_cache_numshardbits: 6
I200514 22:31:56.908714 15 storage/engine/rocksdb.go:120                       Options.max_subcompactions: 1
I200514 22:31:56.908716 15 storage/engine/rocksdb.go:120                   Options.max_background_flushes: -1
I200514 22:31:56.908719 15 storage/engine/rocksdb.go:120                          Options.WAL_ttl_seconds: 0
I200514 22:31:56.908721 15 storage/engine/rocksdb.go:120                        Options.WAL_size_limit_MB: 0
I200514 22:31:56.908724 15 storage/engine/rocksdb.go:120              Options.manifest_preallocation_size: 4194304
I200514 22:31:56.908727 15 storage/engine/rocksdb.go:120                      Options.is_fd_close_on_exec: 1
I200514 22:31:56.908729 15 storage/engine/rocksdb.go:120                    Options.advise_random_on_open: 1
I200514 22:31:56.908755 15 storage/engine/rocksdb.go:120                     Options.db_write_buffer_size: 0
I200514 22:31:56.908763 15 storage/engine/rocksdb.go:120                     Options.write_buffer_manager: 0x7fa5be28d030
I200514 22:31:56.908766 15 storage/engine/rocksdb.go:120          Options.access_hint_on_compaction_start: 1
I200514 22:31:56.908768 15 storage/engine/rocksdb.go:120   Options.new_table_reader_for_compaction_inputs: 0
I200514 22:31:56.908771 15 storage/engine/rocksdb.go:120            Options.random_access_max_buffer_size: 1048576
I200514 22:31:56.908775 15 storage/engine/rocksdb.go:120                       Options.use_adaptive_mutex: 0
I200514 22:31:56.908777 15 storage/engine/rocksdb.go:120                             Options.rate_limiter: (nil)
I200514 22:31:56.908780 15 storage/engine/rocksdb.go:120      Options.sst_file_manager.rate_bytes_per_sec: 0
I200514 22:31:56.908783 15 storage/engine/rocksdb.go:120                        Options.wal_recovery_mode: 0
I200514 22:31:56.908786 15 storage/engine/rocksdb.go:120                   Options.enable_thread_tracking: 0
I200514 22:31:56.908788 15 storage/engine/rocksdb.go:120                   Options.enable_pipelined_write: 0
I200514 22:31:56.908791 15 storage/engine/rocksdb.go:120          Options.allow_concurrent_memtable_write: 1
I200514 22:31:56.908794 15 storage/engine/rocksdb.go:120       Options.enable_write_thread_adaptive_yield: 1
I200514 22:31:56.908796 15 storage/engine/rocksdb.go:120              Options.write_thread_max_yield_usec: 100
I200514 22:31:56.908799 15 storage/engine/rocksdb.go:120             Options.write_thread_slow_yield_usec: 3
I200514 22:31:56.908801 15 storage/engine/rocksdb.go:120                                Options.row_cache: None
I200514 22:31:56.908804 15 storage/engine/rocksdb.go:120                               Options.wal_filter: None
I200514 22:31:56.908806 15 storage/engine/rocksdb.go:120              Options.avoid_flush_during_recovery: 0
I200514 22:31:56.908810 15 storage/engine/rocksdb.go:120              Options.allow_ingest_behind: 0
I200514 22:31:56.908814 15 storage/engine/rocksdb.go:120              Options.preserve_deletes: 0
I200514 22:31:56.908817 15 storage/engine/rocksdb.go:120              Options.two_write_queues: 0
I200514 22:31:56.908865 15 storage/engine/rocksdb.go:120              Options.manual_wal_flush: 1
I200514 22:31:56.908871 15 storage/engine/rocksdb.go:120              Options.atomic_flush: 0
I200514 22:31:56.908874 15 storage/engine/rocksdb.go:120              Options.avoid_unnecessary_blocking_io: 0
I200514 22:31:56.908877 15 storage/engine/rocksdb.go:120              Options.max_background_jobs: 2
I200514 22:31:56.908880 15 storage/engine/rocksdb.go:120              Options.max_background_compactions: -1
I200514 22:31:56.908882 15 storage/engine/rocksdb.go:120              Options.avoid_flush_during_shutdown: 0
I200514 22:31:56.908885 15 storage/engine/rocksdb.go:120            Options.writable_file_max_buffer_size: 1048576
I200514 22:31:56.908889 15 storage/engine/rocksdb.go:120              Options.delayed_write_rate : 16777216
I200514 22:31:56.908892 15 storage/engine/rocksdb.go:120              Options.max_total_wal_size: 0
I200514 22:31:56.908896 15 storage/engine/rocksdb.go:120              Options.delete_obsolete_files_period_micros: 21600000000
I200514 22:31:56.908900 15 storage/engine/rocksdb.go:120                    Options.stats_dump_period_sec: 0
I200514 22:31:56.908903 15 storage/engine/rocksdb.go:120                  Options.stats_persist_period_sec: 600
I200514 22:31:56.908906 15 storage/engine/rocksdb.go:120                  Options.stats_history_buffer_size: 1048576
I200514 22:31:56.908909 15 storage/engine/rocksdb.go:120                           Options.max_open_files: 1043576
I200514 22:31:56.908912 15 storage/engine/rocksdb.go:120                           Options.bytes_per_sync: 524288
I200514 22:31:56.908914 15 storage/engine/rocksdb.go:120                       Options.wal_bytes_per_sync: 0
I200514 22:31:56.908917 15 storage/engine/rocksdb.go:120                    Options.strict_bytes_per_sync: 1
I200514 22:31:56.908919 15 storage/engine/rocksdb.go:120        Options.compaction_readahead_size: 0
I200514 22:31:56.908922 15 storage/engine/rocksdb.go:120  Compression algorithms supported:
I200514 22:31:56.908925 15 storage/engine/rocksdb.go:120  	kZSTDNotFinalCompression supported: 0
I200514 22:31:56.908928 15 storage/engine/rocksdb.go:120  	kZSTD supported: 0
I200514 22:31:56.908931 15 storage/engine/rocksdb.go:120  	kXpressCompression supported: 0
I200514 22:31:56.908933 15 storage/engine/rocksdb.go:120  	kLZ4HCCompression supported: 0
I200514 22:31:56.908936 15 storage/engine/rocksdb.go:120  	kLZ4Compression supported: 0
I200514 22:31:56.908939 15 storage/engine/rocksdb.go:120  	kBZip2Compression supported: 0
I200514 22:31:56.908941 15 storage/engine/rocksdb.go:120  	kZlibCompression supported: 0
I200514 22:31:56.908944 15 storage/engine/rocksdb.go:120  	kSnappyCompression supported: 1
I200514 22:31:56.908950 15 storage/engine/rocksdb.go:120  Fast CRC32 supported: Supported on x86
I200514 22:31:56.911332 15 storage/engine/rocksdb.go:120  [db/version_set.cc:4072] Recovering from manifest file: /var/lib/cockroach/MANIFEST-000757
I200514 22:31:56.911775 15 storage/engine/rocksdb.go:120  [db/column_family.cc:488] --------------- Options for column family [default]:
I200514 22:31:56.911779 15 storage/engine/rocksdb.go:120                Options.comparator: cockroach_comparator
I200514 22:31:56.911782 15 storage/engine/rocksdb.go:120            Options.merge_operator: cockroach_merge_operator
I200514 22:31:56.911785 15 storage/engine/rocksdb.go:120         Options.compaction_filter: None
I200514 22:31:56.911788 15 storage/engine/rocksdb.go:120         Options.compaction_filter_factory: None
I200514 22:31:56.911791 15 storage/engine/rocksdb.go:120          Options.memtable_factory: SkipListFactory
I200514 22:31:56.911793 15 storage/engine/rocksdb.go:120             Options.table_factory: BlockBasedTable
I200514 22:31:56.911815 15 storage/engine/rocksdb.go:120             table_factory options:   flush_block_policy_factory: FlushBlockBySizePolicyFactory (0x7fa5be223028)
  cache_index_and_filter_blocks: 0
  cache_index_and_filter_blocks_with_high_priority: 0
  pin_l0_filter_and_index_blocks_in_cache: 0
  pin_top_level_index_and_filter: 1
  index_type: 0
  data_block_index_type: 0
  index_shortening: 1
  data_block_hash_table_util_ratio: 0.750000
  hash_index_allow_collision: 1
  checksum: 1
  no_block_cache: 0
  block_cache: 0x7fa5be214010
  block_cache_name: LRUCache
  block_cache_options:
    capacity : 67108864
    num_shard_bits : 4
    strict_capacity_limit : 0
    memory_allocator : None
    high_pri_pool_ratio: 0.000
  block_cache_compressed: (nil)
  persistent_cache: (nil)
  block_size: 32768
  block_size_deviation: 10
  block_restart_interval: 16
  index_block_restart_interval: 1
  metadata_block_size: 4096
  partition_filters: 0
  use_delta_encoding: 1
  filter_policy: rocksdb.BuiltinBloomFilter
  whole_key_filtering: 0
  verify_compression: 0
  read_amp_bytes_per_bit: 0
  format_version: 2
  enable_index_compression: 1
  block_align: 0
I200514 22:31:56.911820 15 storage/engine/rocksdb.go:120         Options.write_buffer_size: 67108864
I200514 22:31:56.911824 15 storage/engine/rocksdb.go:120   Options.max_write_buffer_number: 4
I200514 22:31:56.911827 15 storage/engine/rocksdb.go:120           Options.compression: Snappy
I200514 22:31:56.911830 15 storage/engine/rocksdb.go:120                   Options.bottommost_compression: Disabled
I200514 22:31:56.911832 15 storage/engine/rocksdb.go:120        Options.prefix_extractor: cockroach_prefix_extractor
I200514 22:31:56.911835 15 storage/engine/rocksdb.go:120    Options.memtable_insert_with_hint_prefix_extractor: nullptr
I200514 22:31:56.911838 15 storage/engine/rocksdb.go:120              Options.num_levels: 7
I200514 22:31:56.911840 15 storage/engine/rocksdb.go:120         Options.min_write_buffer_number_to_merge: 1
I200514 22:31:56.911843 15 storage/engine/rocksdb.go:120      Options.max_write_buffer_number_to_maintain: 0
I200514 22:31:56.911846 15 storage/engine/rocksdb.go:120             Options.bottommost_compression_opts.window_bits: -14
I200514 22:31:56.911868 15 storage/engine/rocksdb.go:120                   Options.bottommost_compression_opts.level: 32767
I200514 22:31:56.911874 15 storage/engine/rocksdb.go:120                Options.bottommost_compression_opts.strategy: 0
I200514 22:31:56.911877 15 storage/engine/rocksdb.go:120          Options.bottommost_compression_opts.max_dict_bytes: 0
I200514 22:31:56.911880 15 storage/engine/rocksdb.go:120          Options.bottommost_compression_opts.zstd_max_train_bytes: 0
I200514 22:31:56.911882 15 storage/engine/rocksdb.go:120                   Options.bottommost_compression_opts.enabled: false
I200514 22:31:56.911888 15 storage/engine/rocksdb.go:120             Options.compression_opts.window_bits: -14
I200514 22:31:56.911891 15 storage/engine/rocksdb.go:120                   Options.compression_opts.level: 32767
I200514 22:31:56.911895 15 storage/engine/rocksdb.go:120                Options.compression_opts.strategy: 0
I200514 22:31:56.911898 15 storage/engine/rocksdb.go:120          Options.compression_opts.max_dict_bytes: 0
I200514 22:31:56.911901 15 storage/engine/rocksdb.go:120          Options.compression_opts.zstd_max_train_bytes: 0
I200514 22:31:56.911904 15 storage/engine/rocksdb.go:120                   Options.compression_opts.enabled: false
I200514 22:31:56.911907 15 storage/engine/rocksdb.go:120       Options.level0_file_num_compaction_trigger: 2
I200514 22:31:56.911909 15 storage/engine/rocksdb.go:120           Options.level0_slowdown_writes_trigger: 950
I200514 22:31:56.911912 15 storage/engine/rocksdb.go:120               Options.level0_stop_writes_trigger: 1000
I200514 22:31:56.911915 15 storage/engine/rocksdb.go:120                    Options.target_file_size_base: 4194304
I200514 22:31:56.911917 15 storage/engine/rocksdb.go:120              Options.target_file_size_multiplier: 2
I200514 22:31:56.911920 15 storage/engine/rocksdb.go:120                 Options.max_bytes_for_level_base: 67108864
I200514 22:31:56.911923 15 storage/engine/rocksdb.go:120  Options.level_compaction_dynamic_level_bytes: 1
I200514 22:31:56.911956 15 storage/engine/rocksdb.go:120           Options.max_bytes_for_level_multiplier: 10.000000
I200514 22:31:56.911962 15 storage/engine/rocksdb.go:120  Options.max_bytes_for_level_multiplier_addtl[0]: 1
I200514 22:31:56.911965 15 storage/engine/rocksdb.go:120  Options.max_bytes_for_level_multiplier_addtl[1]: 1
I200514 22:31:56.911968 15 storage/engine/rocksdb.go:120  Options.max_bytes_for_level_multiplier_addtl[2]: 1
I200514 22:31:56.911970 15 storage/engine/rocksdb.go:120  Options.max_bytes_for_level_multiplier_addtl[3]: 1
I200514 22:31:56.911973 15 storage/engine/rocksdb.go:120  Options.max_bytes_for_level_multiplier_addtl[4]: 1
I200514 22:31:56.911975 15 storage/engine/rocksdb.go:120  Options.max_bytes_for_level_multiplier_addtl[5]: 1
I200514 22:31:56.911978 15 storage/engine/rocksdb.go:120  Options.max_bytes_for_level_multiplier_addtl[6]: 1
I200514 22:31:56.911980 15 storage/engine/rocksdb.go:120        Options.max_sequential_skip_in_iterations: 8
I200514 22:31:56.911983 15 storage/engine/rocksdb.go:120                     Options.max_compaction_bytes: 104857600
I200514 22:31:56.911986 15 storage/engine/rocksdb.go:120                         Options.arena_block_size: 8388608
I200514 22:31:56.911989 15 storage/engine/rocksdb.go:120    Options.soft_pending_compaction_bytes_limit: 2199023255552
I200514 22:31:56.911991 15 storage/engine/rocksdb.go:120    Options.hard_pending_compaction_bytes_limit: 4400193994752
I200514 22:31:56.911994 15 storage/engine/rocksdb.go:120        Options.rate_limit_delay_max_milliseconds: 100
I200514 22:31:56.911996 15 storage/engine/rocksdb.go:120                 Options.disable_auto_compactions: 0
I200514 22:31:56.912000 15 storage/engine/rocksdb.go:120                         Options.compaction_style: kCompactionStyleLevel
I200514 22:31:56.912003 15 storage/engine/rocksdb.go:120                           Options.compaction_pri: kMinOverlappingRatio
I200514 22:31:56.912006 15 storage/engine/rocksdb.go:120  Options.compaction_options_universal.size_ratio: 1
I200514 22:31:56.912008 15 storage/engine/rocksdb.go:120  Options.compaction_options_universal.min_merge_width: 2
I200514 22:31:56.912011 15 storage/engine/rocksdb.go:120  Options.compaction_options_universal.max_merge_width: 4294967295
I200514 22:31:56.912013 15 storage/engine/rocksdb.go:120  Options.compaction_options_universal.max_size_amplification_percent: 200
I200514 22:31:56.912016 15 storage/engine/rocksdb.go:120  Options.compaction_options_universal.compression_size_percent: -1
I200514 22:31:56.912019 15 storage/engine/rocksdb.go:120  Options.compaction_options_universal.stop_style: kCompactionStopStyleTotalSize
I200514 22:31:56.912021 15 storage/engine/rocksdb.go:120  Options.compaction_options_fifo.max_table_files_size: 1073741824
I200514 22:31:56.912024 15 storage/engine/rocksdb.go:120  Options.compaction_options_fifo.allow_compaction: 0
I200514 22:31:56.912028 15 storage/engine/rocksdb.go:120                    Options.table_properties_collectors: TimeBoundTblPropCollectorFactory; DeleteRangeTblPropCollectorFactory; 
I200514 22:31:56.912053 15 storage/engine/rocksdb.go:120                    Options.inplace_update_support: 0
I200514 22:31:56.912056 15 storage/engine/rocksdb.go:120                  Options.inplace_update_num_locks: 10000
I200514 22:31:56.912060 15 storage/engine/rocksdb.go:120                Options.memtable_prefix_bloom_size_ratio: 0.000000
I200514 22:31:56.912062 15 storage/engine/rocksdb.go:120                Options.memtable_whole_key_filtering: 0
I200514 22:31:56.912065 15 storage/engine/rocksdb.go:120    Options.memtable_huge_page_size: 0
I200514 22:31:56.912068 15 storage/engine/rocksdb.go:120                            Options.bloom_locality: 0
I200514 22:31:56.912071 15 storage/engine/rocksdb.go:120                     Options.max_successive_merges: 0
I200514 22:31:56.912075 15 storage/engine/rocksdb.go:120                 Options.optimize_filters_for_hits: 1
I200514 22:31:56.912078 15 storage/engine/rocksdb.go:120                 Options.paranoid_file_checks: 0
I200514 22:31:56.912080 15 storage/engine/rocksdb.go:120                 Options.force_consistency_checks: 0
I200514 22:31:56.912083 15 storage/engine/rocksdb.go:120                 Options.report_bg_io_stats: 0
I200514 22:31:56.912086 15 storage/engine/rocksdb.go:120                                Options.ttl: 0
I200514 22:31:56.912088 15 storage/engine/rocksdb.go:120           Options.periodic_compaction_seconds: 0
I200514 22:31:56.918710 15 storage/engine/rocksdb.go:120  [db/version_set.cc:4286] Recovered from manifest file:/var/lib/cockroach/MANIFEST-000757 succeeded,manifest_file_number is 757, next_file_number is 772, last_sequence is 10265401, log_number is 766,prev_log_number is 0,max_column_family is 0,min_log_number_to_keep is 0
I200514 22:31:56.918718 15 storage/engine/rocksdb.go:120  [db/version_set.cc:4295] Column family [default] (ID 0), log number is 766
I200514 22:31:56.920289 15 storage/engine/rocksdb.go:120  EVENT_LOG_v1 {"time_micros": 1589495516920266, "job": 1, "event": "recovery_started", "log_files": [764, 766]}
I200514 22:31:56.920297 15 storage/engine/rocksdb.go:120  [db/db_impl_open.cc:586] Skipping log #764 since it is older than min log to keep #766
I200514 22:31:56.920301 15 storage/engine/rocksdb.go:120  [db/db_impl_open.cc:598] Recovering log #766 mode 0
I200514 22:31:57.852395 15 storage/engine/rocksdb.go:120  EVENT_LOG_v1 {"time_micros": 1589495517852324, "cf_name": "default", "job": 1, "event": "table_file_creation", "file_number": 772, "file_size": 401854, "table_properties": {"data_size": 387178, "index_size": 4413, "index_partitions": 0, "top_level_index_size": 0, "index_key_is_user_key": 0, "index_value_is_delta_encoded": 0, "filter_size": 11205, "raw_key_size": 315964, "raw_average_key_size": 30, "raw_value_size": 1968960, "raw_average_value_size": 191, "num_data_blocks": 67, "num_entries": 10283, "num_deletions": 7579, "num_merge_operands": 1328, "num_range_deletions": 1328, "format_version": 0, "fixed_key_len": 0, "filter_policy": "rocksdb.BuiltinBloomFilter", "column_family_name": "default", "column_family_id": 0, "comparator": "cockroach_comparator", "merge_operator": "cockroach_merge_operator", "prefix_extractor_name": "cockroach_prefix_extractor", "property_collectors": "[TimeBoundTblPropCollectorFactory,DeleteRangeTblPropCollectorFactory]", "compression": "Snappy", "compression_options": "window_bits=-14; level=32767; strategy=0; max_dict_bytes=0; zstd_max_train_bytes=0; enabled=0; ", "creation_time": 1589495517, "oldest_key_time": 3, "file_creation_time": 0}}
I200514 22:31:57.859691 15 storage/engine/rocksdb.go:120  [db/version_set.cc:3560] Creating manifest 773
I200514 22:31:57.875389 15 storage/engine/rocksdb.go:120  EVENT_LOG_v1 {"time_micros": 1589495517875364, "job": 1, "event": "recovery_finished"}
I200514 22:31:57.914926 15 storage/engine/rocksdb.go:120  DB pointer 0x7fa5be29f000
I200514 22:39:21.052545 5566 storage/engine/rocksdb.go:120  bloom filter utility:    -nan%
I200514 22:39:21.052926 5566 storage/engine/rocksdb.go:120  [db/db_impl.cc:392] Shutdown: canceling all background work
I200514 22:39:21.055026 5566 storage/engine/rocksdb.go:120  [db/db_impl.cc:565] Shutdown complete
I200514 22:39:21.066130 5566 storage/engine/rocksdb.go:120  bloom filter utility:    72.1%
I200514 22:39:21.066417 5566 storage/engine/rocksdb.go:120  [db/db_impl.cc:392] Shutdown: canceling all background work
I200514 22:39:21.075470 5566 storage/engine/rocksdb.go:120  [db/db_impl.cc:565] Shutdown complete
