I200514 16:27:24.076109 1 util/log/clog.go:1196  [config] file created at: 2020/05/14 16:27:24
I200514 16:27:24.076109 1 util/log/clog.go:1196  [config] running on machine: 6aebc0358af2
I200514 16:27:24.076109 1 util/log/clog.go:1196  [config] binary: CockroachDB CCL v19.2.5 (x86_64-unknown-linux-gnu, built 2020/03/16 18:27:12, go1.12.12)
I200514 16:27:24.076109 1 util/log/clog.go:1196  [config] arguments: [/cockroach/cockroach start --insecure --store=attrs=ssd,path=/var/lib/cockroach/]
I200514 16:27:24.076109 1 util/log/clog.go:1196  line format: [IWEF]yymmdd hh:mm:ss.uuuuuu goid file:line msg utf8=✓
I200514 16:27:24.076108 1 cli/start.go:1144  logging to directory /var/lib/cockroach/logs
W200514 16:27:24.100289 1 cli/start.go:1182  RUNNING IN INSECURE MODE!

- Your cluster is open for any client that can access <all your IP addresses>.
- Any user, even root, can log in without providing a password.
- Any user, connecting as root, can read or write any data in your cluster.
- There is no network encryption nor authentication, and thus no confidentiality.

Check out how to secure your cluster: https://www.cockroachlabs.com/docs/v19.2/secure-a-cluster.html
I200514 16:27:24.100735 1 server/status/recorder.go:597  available memory from cgroups (8.0 EiB) is unsupported, using system memory 1.9 GiB instead: 
W200514 16:27:24.100867 1 cli/start.go:1052  Using the default setting for --cache (128 MiB).
  A significantly larger value is usually needed for good performance.
  If you have a dedicated server a reasonable setting is --cache=.25 (497 MiB).
I200514 16:27:24.101083 1 server/status/recorder.go:597  available memory from cgroups (8.0 EiB) is unsupported, using system memory 1.9 GiB instead: 
W200514 16:27:24.101094 1 cli/start.go:1065  Using the default setting for --max-sql-memory (128 MiB).
  A significantly larger value is usually needed in production.
  If you have a dedicated server a reasonable setting is --max-sql-memory=.25 (497 MiB).
I200514 16:27:24.101309 1 server/status/recorder.go:597  available memory from cgroups (8.0 EiB) is unsupported, using system memory 1.9 GiB instead: 
I200514 16:27:24.101323 1 cli/start.go:1196  CockroachDB CCL v19.2.5 (x86_64-unknown-linux-gnu, built 2020/03/16 18:27:12, go1.12.12)
W200514 16:27:24.752895 1 cli/start.go:511  running 'cockroach start' without --join is deprecated.
Consider using 'cockroach start-single-node' or 'cockroach init' instead.
I200514 16:27:24.770014 1 server/status/recorder.go:597  available memory from cgroups (8.0 EiB) is unsupported, using system memory 1.9 GiB instead: 
I200514 16:27:24.770035 1 server/config.go:394  system total memory: 1.9 GiB
I200514 16:27:24.770065 1 server/config.go:396  server configuration:
max offset             500000000
cache size             128 MiB
SQL memory pool size   128 MiB
scan interval          10m0s
scan min idle time     10ms
scan max idle time     1s
event log enabled      true
I200514 16:27:24.770074 1 cli/start.go:1030  using local environment variables: COCKROACH_CHANNEL=official-docker
I200514 16:27:24.770083 1 cli/start.go:1037  process identity: uid 0 euid 0 gid 0 egid 0
I200514 16:27:24.770121 1 cli/start.go:644  starting cockroach node
I200514 16:27:24.777420 11 storage/engine/rocksdb.go:622  opening rocksdb instance at "/var/lib/cockroach/cockroach-temp745584711"
I200514 16:27:24.998344 11 server/server.go:928  [n?] monitoring forward clock jumps based on server.clock.forward_jump_check_enabled
I200514 16:27:24.999069 11 storage/engine/rocksdb.go:622  opening rocksdb instance at "/var/lib/cockroach"
I200514 16:27:25.723145 11 server/config.go:502  [n?] 1 storage engine initialized
I200514 16:27:25.723152 11 server/config.go:505  [n?] RocksDB cache size: 128 MiB
I200514 16:27:25.723156 11 server/config.go:505  [n?] store 0: RocksDB, max size 0 B, max open file limit 1043576
W200514 16:27:25.741343 11 cli/start.go:996  neither --listen-addr nor --advertise-addr was specified.
The server will advertise "6aebc0358af2" to other nodes, is this routable?

Consider using:
- for local-only servers:  --listen-addr=localhost
- for multi-node clusters: --advertise-addr=<host/IP addr>
I200514 16:27:25.742182 11 gossip/gossip.go:394  [n1] NodeDescriptor set to node_id:1 address:<network_field:"tcp" address_field:"6aebc0358af2:26257" > attrs:<> locality:<> ServerVersion:<major_val:19 minor_val:2 patch:0 unstable:0 > build_tag:"v19.2.5" started_at:1589473645742104890 cluster_name:"" sql_address:<network_field:"tcp" address_field:"6aebc0358af2:26257" > 
W200514 16:27:25.769969 110 storage/replica_range_lease.go:554  can't determine lease status due to node liveness error: node not in the liveness table
github.com/cockroachdb/cockroach/pkg/storage.init.ializers
	/go/src/github.com/cockroachdb/cockroach/pkg/storage/node_liveness.go:44
runtime.main
	/usr/local/go/src/runtime/proc.go:188
runtime.goexit
	/usr/local/go/src/runtime/asm_amd64.s:1337
W200514 16:27:25.769989 110 storage/store.go:1530  [n1,s1,r6/1:/Table/{SystemCon…-11}] could not gossip system config: [NotLeaseHolderError] r6: replica (n1,s1):1 not lease holder; lease holder unknown
I200514 16:27:25.914960 11 server/node.go:431  [n1] initialized store [n1,s1]: disk (capacity=894 GiB, available=579 GiB, used=18 MiB, logicalBytes=82 MiB), ranges=39, leases=3, queries=0.00, writes=0.00, bytesPerReplica={p10=0.00 p25=0.00 p50=0.00 p75=16069.00 p90=69344.00 pMax=48995991.00}, writesPerReplica={p10=0.00 p25=0.00 p50=0.00 p75=0.00 p90=0.00 pMax=0.00}
I200514 16:27:25.915056 11 storage/stores.go:240  [n1] read 0 node addresses from persistent storage
I200514 16:27:25.915128 11 server/node.go:645  [n1] connecting to gossip network to verify cluster ID...
I200514 16:27:25.915142 11 server/node.go:665  [n1] node connected via gossip and verified as part of cluster "3d423bb5-5d67-4ebf-947b-999bec430444"
I200514 16:27:25.915171 11 server/node.go:512  [n1] node=1: started with [ssd=/var/lib/cockroach] engine(s) and attributes []
I200514 16:27:25.917875 11 server/server.go:1514  [n1] starting http server at [::]:8080 (use: 6aebc0358af2:8080)
I200514 16:27:25.917886 11 server/server.go:1521  [n1] starting grpc/postgres server at [::]:26257
I200514 16:27:25.917895 11 server/server.go:1522  [n1] advertising CockroachDB node at 6aebc0358af2:26257
I200514 16:27:25.997434 11 server/server.go:1590  [n1] done ensuring all necessary migrations have run
I200514 16:27:25.997460 11 server/server.go:1841  [n1] serving sql connections
I200514 16:27:25.997508 11 cli/start.go:803  [config] clusterID: 3d423bb5-5d67-4ebf-947b-999bec430444
I200514 16:27:25.997519 11 cli/start.go:812  node startup completed:
CockroachDB node starting at 2020-05-14 16:27:25.997473187 +0000 UTC (took 1.9s)
build:               CCL v19.2.5 @ 2020/03/16 18:27:12 (go1.12.12)
webui:               http://6aebc0358af2:8080
sql:                 postgresql://root@6aebc0358af2:26257?sslmode=disable
RPC client flags:    /cockroach/cockroach <client cmd> --host=6aebc0358af2:26257 --insecure
logs:                /var/lib/cockroach/logs
temp dir:            /var/lib/cockroach/cockroach-temp745584711
external I/O path:   /var/lib/cockroach/extern
store[0]:            path=/var/lib/cockroach,attrs=ssd
status:              restarted pre-existing node
clusterID:           3d423bb5-5d67-4ebf-947b-999bec430444
nodeID:              1
I200514 16:27:26.002412 304 server/server_update.go:53  [n1] no need to upgrade, cluster already at the newest version
I200514 16:27:26.010596 306 sql/event_log.go:130  [n1] Event: "node_restart", target: 1, info: {Descriptor:{NodeID:1 Address:6aebc0358af2:26257 Attrs: Locality: ServerVersion:19.2 BuildTag:v19.2.5 StartedAt:1589473645742104890 LocalityAddress:[] ClusterName: SQLAddress:6aebc0358af2:26257} ClusterID:3d423bb5-5d67-4ebf-947b-999bec430444 StartedAt:1589473645742104890 LastUp:1589473642922532528}
I200514 16:27:27.117914 308 server/updates.go:267  [n1] A new version is available: 20.1.0, details: https://www.cockroachlabs.com/docs/releases/v20.1.0.html
I200514 16:27:27.705540 83 gossip/gossip.go:1531  [n1] node has connected to cluster via gossip
I200514 16:27:27.705673 83 storage/stores.go:259  [n1] wrote 0 node addresses to persistent storage
I200514 16:27:35.921868 123 server/status/runtime.go:498  [n1] runtime stats: 118 MiB RSS, 117 goroutines, 102 MiB/22 MiB/135 MiB GO alloc/idle/total, 15 MiB/17 MiB CGO alloc/total, 0.0 CGO/sec, 0.0/0.0 %(u/s)time, 0.0 %gc (9x), 34 KiB/42 KiB (r/w)net
I200514 16:27:45.921722 123 server/status/runtime.go:498  [n1] runtime stats: 130 MiB RSS, 117 goroutines, 111 MiB/13 MiB/135 MiB GO alloc/idle/total, 15 MiB/18 MiB CGO alloc/total, 67.5 CGO/sec, 0.6/0.2 %(u/s)time, 0.0 %gc (0x), 194 B/54 B (r/w)net
I200514 16:27:45.975838 118 storage/store.go:2364  [n1,s1] sstables (read amplification = 2):
0 [ 297K 1 ]: 297K
6 [  10M 3 ]: 4M[2] 2M
I200514 16:27:45.975900 118 storage/store.go:2365  [n1,s1] 
** Compaction Stats [default] **
Level    Files   Size     Score Read(GB)  Rn(GB) Rnp1(GB) Write(GB) Wnew(GB) Moved(GB) W-Amp Rd(MB/s) Wr(MB/s) Comp(sec) CompMergeCPU(sec) Comp(cnt) Avg(sec) KeyIn KeyDrop
----------------------------------------------------------------------------------------------------------------------------------------------------------------------------
  L0      1/0   296.91 KB   0.5      0.0     0.0      0.0       0.0      0.0       0.0   1.0      0.0      1.2      0.25              0.00         1    0.248       0      0
  L6      3/0    9.86 MB   0.0      0.0     0.0      0.0       0.0      0.0       0.0   0.0      0.0      0.0      0.00              0.00         0    0.000       0      0
 Sum      4/0   10.15 MB   0.0      0.0     0.0      0.0       0.0      0.0       0.0   1.0      0.0      1.2      0.25              0.00         1    0.248       0      0
 Int      0/0    0.00 KB   0.0      0.0     0.0      0.0       0.0      0.0       0.0   1.0      0.0      1.2      0.25              0.00         1    0.248       0      0

** Compaction Stats [default] **
Priority    Files   Size     Score Read(GB)  Rn(GB) Rnp1(GB) Write(GB) Wnew(GB) Moved(GB) W-Amp Rd(MB/s) Wr(MB/s) Comp(sec) CompMergeCPU(sec) Comp(cnt) Avg(sec) KeyIn KeyDrop
-------------------------------------------------------------------------------------------------------------------------------------------------------------------------------
User      0/0    0.00 KB   0.0      0.0     0.0      0.0       0.0      0.0       0.0   0.0      0.0      1.2      0.25              0.00         1    0.248       0      0
Uptime(secs): 21.0 total, 21.0 interval
Flush(GB): cumulative 0.000, interval 0.000
AddFile(GB): cumulative 0.000, interval 0.000
AddFile(Total Files): cumulative 0, interval 0
AddFile(L0 Files): cumulative 0, interval 0
AddFile(Keys): cumulative 0, interval 0
Cumulative compaction: 0.00 GB write, 0.01 MB/s write, 0.00 GB read, 0.00 MB/s read, 0.2 seconds
Interval compaction: 0.00 GB write, 0.01 MB/s write, 0.00 GB read, 0.00 MB/s read, 0.2 seconds
Stalls(count): 0 level0_slowdown, 0 level0_slowdown_with_compaction, 0 level0_numfiles, 0 level0_numfiles_with_compaction, 0 stop for pending_compaction_bytes, 0 slowdown for pending_compaction_bytes, 0 memtable_compaction, 0 memtable_slowdown, interval 0 total count
estimated_pending_compaction_bytes: 0 B
I200514 16:27:55.921901 123 server/status/runtime.go:498  [n1] runtime stats: 138 MiB RSS, 117 goroutines, 119 MiB/4.8 MiB/135 MiB GO alloc/idle/total, 16 MiB/18 MiB CGO alloc/total, 49.6 CGO/sec, 0.6/0.2 %(u/s)time, 0.0 %gc (0x), 140 B/0 B (r/w)net
I200514 16:28:05.922357 123 server/status/runtime.go:498  [n1] runtime stats: 141 MiB RSS, 118 goroutines, 85 MiB/35 MiB/135 MiB GO alloc/idle/total, 16 MiB/18 MiB CGO alloc/total, 43.9 CGO/sec, 0.5/0.3 %(u/s)time, 0.0 %gc (1x), 0 B/0 B (r/w)net
I200514 16:28:15.922119 123 server/status/runtime.go:498  [n1] runtime stats: 141 MiB RSS, 118 goroutines, 92 MiB/29 MiB/135 MiB GO alloc/idle/total, 16 MiB/18 MiB CGO alloc/total, 27.3 CGO/sec, 0.4/0.1 %(u/s)time, 0.0 %gc (0x), 0 B/0 B (r/w)net
I200514 16:28:25.921094 119 gossip/gossip.go:566  [n1] gossip status (ok, 1 node)
gossip client (0/3 cur/max conns)
gossip server (0/3 cur/max conns, infos 0/0 sent/received, bytes 0B/0B sent/received)
gossip connectivity
  n1 [sentinel];
I200514 16:28:25.922060 123 server/status/runtime.go:498  [n1] runtime stats: 142 MiB RSS, 118 goroutines, 98 MiB/23 MiB/135 MiB GO alloc/idle/total, 16 MiB/18 MiB CGO alloc/total, 34.0 CGO/sec, 0.5/0.1 %(u/s)time, 0.0 %gc (0x), 0 B/0 B (r/w)net
I200514 16:28:35.922243 123 server/status/runtime.go:498  [n1] runtime stats: 142 MiB RSS, 117 goroutines, 108 MiB/15 MiB/135 MiB GO alloc/idle/total, 16 MiB/18 MiB CGO alloc/total, 88.9 CGO/sec, 0.5/0.2 %(u/s)time, 0.0 %gc (0x), 290 B/150 B (r/w)net
I200514 16:28:45.922729 123 server/status/runtime.go:498  [n1] runtime stats: 144 MiB RSS, 117 goroutines, 114 MiB/8.9 MiB/135 MiB GO alloc/idle/total, 16 MiB/19 MiB CGO alloc/total, 31.3 CGO/sec, 0.4/0.1 %(u/s)time, 0.0 %gc (0x), 413 B/424 B (r/w)net
I200514 16:28:55.922445 123 server/status/runtime.go:498  [n1] runtime stats: 147 MiB RSS, 117 goroutines, 121 MiB/2.6 MiB/135 MiB GO alloc/idle/total, 16 MiB/19 MiB CGO alloc/total, 26.3 CGO/sec, 0.3/0.2 %(u/s)time, 0.0 %gc (0x), 422 B/426 B (r/w)net
I200514 16:29:05.922900 123 server/status/runtime.go:498  [n1] runtime stats: 153 MiB RSS, 118 goroutines, 129 MiB/58 MiB/201 MiB GO alloc/idle/total, 16 MiB/19 MiB CGO alloc/total, 29.9 CGO/sec, 0.4/0.2 %(u/s)time, 0.0 %gc (0x), 0 B/0 B (r/w)net
I200514 16:29:15.922682 123 server/status/runtime.go:498  [n1] runtime stats: 161 MiB RSS, 118 goroutines, 137 MiB/51 MiB/201 MiB GO alloc/idle/total, 16 MiB/19 MiB CGO alloc/total, 23.4 CGO/sec, 0.4/0.2 %(u/s)time, 0.0 %gc (0x), 422 B/426 B (r/w)net
I200514 16:29:25.921040 119 gossip/gossip.go:566  [n1] gossip status (ok, 1 node)
gossip client (0/3 cur/max conns)
gossip server (0/3 cur/max conns, infos 0/0 sent/received, bytes 0B/0B sent/received)
I200514 16:29:25.922664 123 server/status/runtime.go:498  [n1] runtime stats: 164 MiB RSS, 118 goroutines, 85 MiB/98 MiB/201 MiB GO alloc/idle/total, 16 MiB/19 MiB CGO alloc/total, 32.6 CGO/sec, 0.5/0.3 %(u/s)time, 0.0 %gc (1x), 413 B/424 B (r/w)net
I200514 16:29:35.922833 123 server/status/runtime.go:498  [n1] runtime stats: 164 MiB RSS, 117 goroutines, 93 MiB/92 MiB/201 MiB GO alloc/idle/total, 16 MiB/19 MiB CGO alloc/total, 50.6 CGO/sec, 0.5/0.1 %(u/s)time, 0.0 %gc (0x), 70 B/0 B (r/w)net
I200514 16:29:45.923065 123 server/status/runtime.go:498  [n1] runtime stats: 164 MiB RSS, 117 goroutines, 99 MiB/86 MiB/201 MiB GO alloc/idle/total, 16 MiB/19 MiB CGO alloc/total, 30.1 CGO/sec, 0.3/0.2 %(u/s)time, 0.0 %gc (0x), 70 B/0 B (r/w)net
I200514 16:29:55.923077 123 server/status/runtime.go:498  [n1] runtime stats: 165 MiB RSS, 117 goroutines, 106 MiB/80 MiB/201 MiB GO alloc/idle/total, 16 MiB/19 MiB CGO alloc/total, 44.9 CGO/sec, 0.4/0.1 %(u/s)time, 0.0 %gc (0x), 0 B/0 B (r/w)net
I200514 16:30:05.923137 123 server/status/runtime.go:498  [n1] runtime stats: 165 MiB RSS, 118 goroutines, 113 MiB/74 MiB/201 MiB GO alloc/idle/total, 16 MiB/19 MiB CGO alloc/total, 26.2 CGO/sec, 0.3/0.2 %(u/s)time, 0.0 %gc (0x), 0 B/0 B (r/w)net
I200514 16:30:15.923323 123 server/status/runtime.go:498  [n1] runtime stats: 166 MiB RSS, 118 goroutines, 119 MiB/68 MiB/201 MiB GO alloc/idle/total, 16 MiB/19 MiB CGO alloc/total, 26.5 CGO/sec, 0.4/0.1 %(u/s)time, 0.0 %gc (0x), 0 B/0 B (r/w)net
I200514 16:30:25.921036 119 gossip/gossip.go:566  [n1] gossip status (ok, 1 node)
gossip client (0/3 cur/max conns)
gossip server (0/3 cur/max conns, infos 0/0 sent/received, bytes 0B/0B sent/received)
I200514 16:30:25.923424 123 server/status/runtime.go:498  [n1] runtime stats: 166 MiB RSS, 118 goroutines, 125 MiB/62 MiB/201 MiB GO alloc/idle/total, 16 MiB/19 MiB CGO alloc/total, 30.0 CGO/sec, 0.4/0.1 %(u/s)time, 0.0 %gc (0x), 150 B/150 B (r/w)net
I200514 16:30:35.923656 123 server/status/runtime.go:498  [n1] runtime stats: 166 MiB RSS, 118 goroutines, 133 MiB/55 MiB/201 MiB GO alloc/idle/total, 16 MiB/20 MiB CGO alloc/total, 55.7 CGO/sec, 0.4/0.2 %(u/s)time, 0.0 %gc (0x), 0 B/0 B (r/w)net
I200514 16:30:45.923679 123 server/status/runtime.go:498  [n1] runtime stats: 167 MiB RSS, 117 goroutines, 139 MiB/49 MiB/201 MiB GO alloc/idle/total, 16 MiB/20 MiB CGO alloc/total, 28.2 CGO/sec, 0.3/0.2 %(u/s)time, 0.0 %gc (0x), 0 B/0 B (r/w)net
I200514 16:30:55.923776 123 server/status/runtime.go:498  [n1] runtime stats: 176 MiB RSS, 117 goroutines, 147 MiB/41 MiB/202 MiB GO alloc/idle/total, 16 MiB/20 MiB CGO alloc/total, 24.9 CGO/sec, 0.3/0.3 %(u/s)time, 0.0 %gc (0x), 0 B/0 B (r/w)net
I200514 16:31:05.923887 123 server/status/runtime.go:498  [n1] runtime stats: 178 MiB RSS, 118 goroutines, 86 MiB/97 MiB/202 MiB GO alloc/idle/total, 16 MiB/20 MiB CGO alloc/total, 22.6 CGO/sec, 0.5/0.2 %(u/s)time, 0.0 %gc (1x), 0 B/0 B (r/w)net
I200514 16:31:15.924178 123 server/status/runtime.go:498  [n1] runtime stats: 178 MiB RSS, 118 goroutines, 92 MiB/92 MiB/202 MiB GO alloc/idle/total, 16 MiB/20 MiB CGO alloc/total, 36.0 CGO/sec, 0.4/0.2 %(u/s)time, 0.0 %gc (0x), 422 B/426 B (r/w)net
I200514 16:31:25.921014 119 gossip/gossip.go:566  [n1] gossip status (ok, 1 node)
gossip client (0/3 cur/max conns)
gossip server (0/3 cur/max conns, infos 0/0 sent/received, bytes 0B/0B sent/received)
I200514 16:31:25.924097 123 server/status/runtime.go:498  [n1] runtime stats: 179 MiB RSS, 118 goroutines, 98 MiB/86 MiB/202 MiB GO alloc/idle/total, 16 MiB/20 MiB CGO alloc/total, 22.9 CGO/sec, 0.4/0.1 %(u/s)time, 0.0 %gc (0x), 84 B/84 B (r/w)net
I200514 16:31:29.656696 1 cli/start.go:865  received signal 'terminated'
I200514 16:31:29.656950 1 cli/start.go:930  initiating graceful shutdown of server
I200514 16:31:29.676963 3280 util/stop/stopper.go:542  [server drain process] quiescing; tasks left:
1      [async] intent_resolver_ir_batcher
1      [async] intent_resolver_gc_batcher
1      [async] closedts-rangefeed-subscriber
W200514 16:31:29.680859 62 vendor/google.golang.org/grpc/clientconn.go:1206  grpc: addrConn.createTransport failed to connect to {6aebc0358af2:26257 0  <nil>}. Err :connection error: desc = "transport: failed to write client preface: io: read/write on closed pipe". Reconnecting...
I200514 16:31:29.681464 3280 storage/engine/rocksdb.go:762  closing rocksdb instance at "/var/lib/cockroach/cockroach-temp745584711"
I200514 16:31:29.696918 3280 storage/engine/rocksdb.go:762  closing rocksdb instance at "/var/lib/cockroach"
I200514 16:31:29.708860 1 cli/start.go:976  server drained and shutdown completed
