I200514 15:35:08.699007 1 util/log/clog.go:1196  [config] file created at: 2020/05/14 15:35:08
I200514 15:35:08.699007 1 util/log/clog.go:1196  [config] running on machine: 978f7bd29b59
I200514 15:35:08.699007 1 util/log/clog.go:1196  [config] binary: CockroachDB CCL v19.2.5 (x86_64-unknown-linux-gnu, built 2020/03/16 18:27:12, go1.12.12)
I200514 15:35:08.699007 1 util/log/clog.go:1196  [config] arguments: [/cockroach/cockroach start --insecure --store=attrs=ssd,path=/var/lib/cockroach/]
I200514 15:35:08.699007 1 util/log/clog.go:1196  line format: [IWEF]yymmdd hh:mm:ss.uuuuuu goid file:line msg utf8=✓
I200514 15:35:08.699006 1 cli/start.go:1144  logging to directory /var/lib/cockroach/logs
W200514 15:35:08.725507 1 cli/start.go:1182  RUNNING IN INSECURE MODE!

- Your cluster is open for any client that can access <all your IP addresses>.
- Any user, even root, can log in without providing a password.
- Any user, connecting as root, can read or write any data in your cluster.
- There is no network encryption nor authentication, and thus no confidentiality.

Check out how to secure your cluster: https://www.cockroachlabs.com/docs/v19.2/secure-a-cluster.html
I200514 15:35:08.726469 1 server/status/recorder.go:597  available memory from cgroups (8.0 EiB) is unsupported, using system memory 1.9 GiB instead: 
W200514 15:35:08.726568 1 cli/start.go:1052  Using the default setting for --cache (128 MiB).
  A significantly larger value is usually needed for good performance.
  If you have a dedicated server a reasonable setting is --cache=.25 (497 MiB).
I200514 15:35:08.726938 1 server/status/recorder.go:597  available memory from cgroups (8.0 EiB) is unsupported, using system memory 1.9 GiB instead: 
W200514 15:35:08.726951 1 cli/start.go:1065  Using the default setting for --max-sql-memory (128 MiB).
  A significantly larger value is usually needed in production.
  If you have a dedicated server a reasonable setting is --max-sql-memory=.25 (497 MiB).
I200514 15:35:08.727279 1 server/status/recorder.go:597  available memory from cgroups (8.0 EiB) is unsupported, using system memory 1.9 GiB instead: 
I200514 15:35:08.727345 1 cli/start.go:1196  CockroachDB CCL v19.2.5 (x86_64-unknown-linux-gnu, built 2020/03/16 18:27:12, go1.12.12)
W200514 15:35:09.108370 1 cli/start.go:511  running 'cockroach start' without --join is deprecated.
Consider using 'cockroach start-single-node' or 'cockroach init' instead.
I200514 15:35:09.139930 1 server/status/recorder.go:597  available memory from cgroups (8.0 EiB) is unsupported, using system memory 1.9 GiB instead: 
I200514 15:35:09.139947 1 server/config.go:394  system total memory: 1.9 GiB
I200514 15:35:09.139981 1 server/config.go:396  server configuration:
max offset             500000000
cache size             128 MiB
SQL memory pool size   128 MiB
scan interval          10m0s
scan min idle time     10ms
scan max idle time     1s
event log enabled      true
I200514 15:35:09.139990 1 cli/start.go:1030  using local environment variables: COCKROACH_CHANNEL=official-docker
I200514 15:35:09.139999 1 cli/start.go:1037  process identity: uid 0 euid 0 gid 0 egid 0
I200514 15:35:09.140035 1 cli/start.go:644  starting cockroach node
I200514 15:35:09.143742 7 storage/engine/rocksdb.go:622  opening rocksdb instance at "/var/lib/cockroach/cockroach-temp379352200"
I200514 15:35:09.337519 7 server/server.go:928  [n?] monitoring forward clock jumps based on server.clock.forward_jump_check_enabled
I200514 15:35:09.338262 7 storage/engine/rocksdb.go:622  opening rocksdb instance at "/var/lib/cockroach"
I200514 15:35:09.423125 7 server/config.go:502  [n?] 1 storage engine initialized
I200514 15:35:09.423136 7 server/config.go:505  [n?] RocksDB cache size: 128 MiB
I200514 15:35:09.423141 7 server/config.go:505  [n?] store 0: RocksDB, max size 0 B, max open file limit 1043576
W200514 15:35:09.451354 7 cli/start.go:996  neither --listen-addr nor --advertise-addr was specified.
The server will advertise "978f7bd29b59" to other nodes, is this routable?

Consider using:
- for local-only servers:  --listen-addr=localhost
- for multi-node clusters: --advertise-addr=<host/IP addr>
I200514 15:35:09.454382 7 server/server.go:978  [n?] Sleeping till wall time 1589470509454350443 to catches up to 1589470509837464544 to ensure monotonicity. Delta: 383.114101ms
I200514 15:35:09.837931 7 gossip/gossip.go:394  [n1] NodeDescriptor set to node_id:1 address:<network_field:"tcp" address_field:"978f7bd29b59:26257" > attrs:<> locality:<> ServerVersion:<major_val:19 minor_val:2 patch:0 unstable:0 > build_tag:"v19.2.5" started_at:1589470509837821542 cluster_name:"" sql_address:<network_field:"tcp" address_field:"978f7bd29b59:26257" > 
W200514 15:35:09.869335 114 storage/replica_range_lease.go:554  can't determine lease status due to node liveness error: node not in the liveness table
github.com/cockroachdb/cockroach/pkg/storage.init.ializers
	/go/src/github.com/cockroachdb/cockroach/pkg/storage/node_liveness.go:44
runtime.main
	/usr/local/go/src/runtime/proc.go:188
runtime.goexit
	/usr/local/go/src/runtime/asm_amd64.s:1337
W200514 15:35:09.869360 114 storage/store.go:1530  [n1,s1,r6/1:/Table/{SystemCon…-11}] could not gossip system config: [NotLeaseHolderError] r6: replica (n1,s1):1 not lease holder; lease holder unknown
I200514 15:35:10.000409 7 server/node.go:431  [n1] initialized store [n1,s1]: disk (capacity=894 GiB, available=579 GiB, used=17 MiB, logicalBytes=73 MiB), ranges=39, leases=3, queries=0.00, writes=0.00, bytesPerReplica={p10=0.00 p25=0.00 p50=0.00 p75=18359.00 p90=64778.00 pMax=43114731.00}, writesPerReplica={p10=0.00 p25=0.00 p50=0.00 p75=0.00 p90=0.00 pMax=0.00}
I200514 15:35:10.000526 7 storage/stores.go:240  [n1] read 0 node addresses from persistent storage
I200514 15:35:10.000652 7 server/node.go:645  [n1] connecting to gossip network to verify cluster ID...
I200514 15:35:10.000670 7 server/node.go:665  [n1] node connected via gossip and verified as part of cluster "3d423bb5-5d67-4ebf-947b-999bec430444"
I200514 15:35:10.000770 7 server/node.go:512  [n1] node=1: started with [ssd=/var/lib/cockroach] engine(s) and attributes []
I200514 15:35:10.006432 7 server/server.go:1514  [n1] starting http server at [::]:8080 (use: 978f7bd29b59:8080)
I200514 15:35:10.006456 7 server/server.go:1521  [n1] starting grpc/postgres server at [::]:26257
I200514 15:35:10.006466 7 server/server.go:1522  [n1] advertising CockroachDB node at 978f7bd29b59:26257
I200514 15:35:10.025585 7 server/server.go:1590  [n1] done ensuring all necessary migrations have run
I200514 15:35:10.025645 7 server/server.go:1841  [n1] serving sql connections
I200514 15:35:10.025729 7 cli/start.go:803  [config] clusterID: 3d423bb5-5d67-4ebf-947b-999bec430444
I200514 15:35:10.025743 7 cli/start.go:812  node startup completed:
CockroachDB node starting at 2020-05-14 15:35:10.025658741 +0000 UTC (took 1.3s)
build:               CCL v19.2.5 @ 2020/03/16 18:27:12 (go1.12.12)
webui:               http://978f7bd29b59:8080
sql:                 postgresql://root@978f7bd29b59:26257?sslmode=disable
RPC client flags:    /cockroach/cockroach <client cmd> --host=978f7bd29b59:26257 --insecure
logs:                /var/lib/cockroach/logs
temp dir:            /var/lib/cockroach/cockroach-temp379352200
external I/O path:   /var/lib/cockroach/extern
store[0]:            path=/var/lib/cockroach,attrs=ssd
status:              restarted pre-existing node
clusterID:           3d423bb5-5d67-4ebf-947b-999bec430444
nodeID:              1
I200514 15:35:10.030940 273 server/server_update.go:53  [n1] no need to upgrade, cluster already at the newest version
I200514 15:35:10.041986 275 sql/event_log.go:130  [n1] Event: "node_restart", target: 1, info: {Descriptor:{NodeID:1 Address:978f7bd29b59:26257 Attrs: Locality: ServerVersion:19.2 BuildTag:v19.2.5 StartedAt:1589470509837821542 LocalityAddress:[] ClusterName: SQLAddress:978f7bd29b59:26257} ClusterID:3d423bb5-5d67-4ebf-947b-999bec430444 StartedAt:1589470509837821542 LastUp:1589470507478376548}
I200514 15:35:11.593920 15 gossip/gossip.go:1531  [n1] node has connected to cluster via gossip
I200514 15:35:11.594000 15 storage/stores.go:259  [n1] wrote 0 node addresses to persistent storage
I200514 15:35:11.601949 277 server/updates.go:267  [n1] A new version is available: 20.1.0, details: https://www.cockroachlabs.com/docs/releases/v20.1.0.html
I200514 15:35:20.007846 222 server/status/runtime.go:498  [n1] runtime stats: 118 MiB RSS, 117 goroutines, 103 MiB/21 MiB/135 MiB GO alloc/idle/total, 14 MiB/16 MiB CGO alloc/total, 0.0 CGO/sec, 0.0/0.0 %(u/s)time, 0.0 %gc (9x), 34 KiB/42 KiB (r/w)net
I200514 15:35:30.006046 122 storage/store.go:2364  [n1,s1] sstables (read amplification = 2):
0 [ 43K 1 ]: 43K
6 [ 10M 3 ]: 4M[2] 2M
I200514 15:35:30.006114 122 storage/store.go:2365  [n1,s1] 
** Compaction Stats [default] **
Level    Files   Size     Score Read(GB)  Rn(GB) Rnp1(GB) Write(GB) Wnew(GB) Moved(GB) W-Amp Rd(MB/s) Wr(MB/s) Comp(sec) CompMergeCPU(sec) Comp(cnt) Avg(sec) KeyIn KeyDrop
----------------------------------------------------------------------------------------------------------------------------------------------------------------------------
  L0      1/0   42.52 KB   0.5      0.0     0.0      0.0       0.0      0.0       0.0   1.0      0.0      3.8      0.01              0.00         1    0.011       0      0
  L6      3/0    9.72 MB   0.0      0.0     0.0      0.0       0.0      0.0       0.0   0.0      0.0      0.0      0.00              0.00         0    0.000       0      0
 Sum      4/0    9.76 MB   0.0      0.0     0.0      0.0       0.0      0.0       0.0   1.0      0.0      3.8      0.01              0.00         1    0.011       0      0
 Int      0/0    0.00 KB   0.0      0.0     0.0      0.0       0.0      0.0       0.0   1.0      0.0      3.8      0.01              0.00         1    0.011       0      0

** Compaction Stats [default] **
Priority    Files   Size     Score Read(GB)  Rn(GB) Rnp1(GB) Write(GB) Wnew(GB) Moved(GB) W-Amp Rd(MB/s) Wr(MB/s) Comp(sec) CompMergeCPU(sec) Comp(cnt) Avg(sec) KeyIn KeyDrop
-------------------------------------------------------------------------------------------------------------------------------------------------------------------------------
User      0/0    0.00 KB   0.0      0.0     0.0      0.0       0.0      0.0       0.0   0.0      0.0      3.8      0.01              0.00         1    0.011       0      0
Uptime(secs): 20.6 total, 20.6 interval
Flush(GB): cumulative 0.000, interval 0.000
AddFile(GB): cumulative 0.000, interval 0.000
AddFile(Total Files): cumulative 0, interval 0
AddFile(L0 Files): cumulative 0, interval 0
AddFile(Keys): cumulative 0, interval 0
Cumulative compaction: 0.00 GB write, 0.00 MB/s write, 0.00 GB read, 0.00 MB/s read, 0.0 seconds
Interval compaction: 0.00 GB write, 0.00 MB/s write, 0.00 GB read, 0.00 MB/s read, 0.0 seconds
Stalls(count): 0 level0_slowdown, 0 level0_slowdown_with_compaction, 0 level0_numfiles, 0 level0_numfiles_with_compaction, 0 stop for pending_compaction_bytes, 0 slowdown for pending_compaction_bytes, 0 memtable_compaction, 0 memtable_slowdown, interval 0 total count
estimated_pending_compaction_bytes: 0 B
I200514 15:35:30.007880 222 server/status/runtime.go:498  [n1] runtime stats: 129 MiB RSS, 117 goroutines, 112 MiB/12 MiB/135 MiB GO alloc/idle/total, 14 MiB/17 MiB CGO alloc/total, 65.2 CGO/sec, 0.6/0.2 %(u/s)time, 0.0 %gc (0x), 661 B/532 B (r/w)net
I200514 15:35:40.008015 222 server/status/runtime.go:498  [n1] runtime stats: 137 MiB RSS, 117 goroutines, 80 MiB/39 MiB/135 MiB GO alloc/idle/total, 14 MiB/17 MiB CGO alloc/total, 55.5 CGO/sec, 0.6/0.3 %(u/s)time, 0.0 %gc (1x), 140 B/0 B (r/w)net
I200514 15:35:50.008113 222 server/status/runtime.go:498  [n1] runtime stats: 137 MiB RSS, 118 goroutines, 88 MiB/33 MiB/135 MiB GO alloc/idle/total, 14 MiB/17 MiB CGO alloc/total, 67.8 CGO/sec, 0.5/0.2 %(u/s)time, 0.0 %gc (0x), 0 B/0 B (r/w)net
I200514 15:36:00.008265 222 server/status/runtime.go:498  [n1] runtime stats: 138 MiB RSS, 118 goroutines, 94 MiB/28 MiB/135 MiB GO alloc/idle/total, 14 MiB/17 MiB CGO alloc/total, 26.4 CGO/sec, 0.5/0.2 %(u/s)time, 0.0 %gc (0x), 0 B/0 B (r/w)net
I200514 15:36:10.000981 123 gossip/gossip.go:566  [n1] gossip status (ok, 1 node)
gossip client (0/3 cur/max conns)
gossip server (0/3 cur/max conns, infos 0/0 sent/received, bytes 0B/0B sent/received)
gossip connectivity
  n1 [sentinel];
I200514 15:36:10.008285 222 server/status/runtime.go:498  [n1] runtime stats: 138 MiB RSS, 118 goroutines, 100 MiB/22 MiB/135 MiB GO alloc/idle/total, 14 MiB/17 MiB CGO alloc/total, 26.1 CGO/sec, 0.3/0.3 %(u/s)time, 0.0 %gc (0x), 70 B/0 B (r/w)net
I200514 15:36:20.008441 222 server/status/runtime.go:498  [n1] runtime stats: 140 MiB RSS, 117 goroutines, 110 MiB/14 MiB/135 MiB GO alloc/idle/total, 14 MiB/17 MiB CGO alloc/total, 99.3 CGO/sec, 0.5/0.1 %(u/s)time, 0.0 %gc (0x), 70 B/0 B (r/w)net
I200514 15:36:30.008553 222 server/status/runtime.go:498  [n1] runtime stats: 143 MiB RSS, 117 goroutines, 116 MiB/7.5 MiB/135 MiB GO alloc/idle/total, 15 MiB/18 MiB CGO alloc/total, 24.6 CGO/sec, 0.2/0.2 %(u/s)time, 0.0 %gc (0x), 66 B/66 B (r/w)net
I200514 15:36:40.008692 222 server/status/runtime.go:498  [n1] runtime stats: 147 MiB RSS, 117 goroutines, 124 MiB/63 MiB/201 MiB GO alloc/idle/total, 15 MiB/18 MiB CGO alloc/total, 26.3 CGO/sec, 0.2/0.2 %(u/s)time, 0.0 %gc (0x), 84 B/84 B (r/w)net
I200514 15:36:50.008791 222 server/status/runtime.go:498  [n1] runtime stats: 155 MiB RSS, 118 goroutines, 132 MiB/56 MiB/201 MiB GO alloc/idle/total, 15 MiB/18 MiB CGO alloc/total, 28.2 CGO/sec, 0.3/0.3 %(u/s)time, 0.0 %gc (0x), 0 B/0 B (r/w)net
I200514 15:37:00.008881 222 server/status/runtime.go:498  [n1] runtime stats: 164 MiB RSS, 118 goroutines, 77 MiB/106 MiB/201 MiB GO alloc/idle/total, 15 MiB/18 MiB CGO alloc/total, 24.7 CGO/sec, 0.3/0.2 %(u/s)time, 0.0 %gc (1x), 70 B/0 B (r/w)net
I200514 15:37:10.000990 123 gossip/gossip.go:566  [n1] gossip status (ok, 1 node)
gossip client (0/3 cur/max conns)
gossip server (0/3 cur/max conns, infos 0/0 sent/received, bytes 0B/0B sent/received)
I200514 15:37:10.009009 222 server/status/runtime.go:498  [n1] runtime stats: 164 MiB RSS, 118 goroutines, 84 MiB/100 MiB/201 MiB GO alloc/idle/total, 15 MiB/18 MiB CGO alloc/total, 27.0 CGO/sec, 0.3/0.1 %(u/s)time, 0.0 %gc (0x), 0 B/0 B (r/w)net
I200514 15:37:20.009098 222 server/status/runtime.go:498  [n1] runtime stats: 164 MiB RSS, 117 goroutines, 92 MiB/94 MiB/201 MiB GO alloc/idle/total, 15 MiB/18 MiB CGO alloc/total, 51.2 CGO/sec, 0.2/0.2 %(u/s)time, 0.0 %gc (0x), 0 B/0 B (r/w)net
I200514 15:37:30.009276 222 server/status/runtime.go:498  [n1] runtime stats: 164 MiB RSS, 117 goroutines, 98 MiB/88 MiB/201 MiB GO alloc/idle/total, 15 MiB/18 MiB CGO alloc/total, 27.5 CGO/sec, 0.2/0.2 %(u/s)time, 0.0 %gc (0x), 70 B/0 B (r/w)net
I200514 15:37:40.009341 222 server/status/runtime.go:498  [n1] runtime stats: 165 MiB RSS, 117 goroutines, 104 MiB/82 MiB/201 MiB GO alloc/idle/total, 15 MiB/18 MiB CGO alloc/total, 25.8 CGO/sec, 0.3/0.1 %(u/s)time, 0.0 %gc (0x), 150 B/150 B (r/w)net
I200514 15:37:50.009504 222 server/status/runtime.go:498  [n1] runtime stats: 165 MiB RSS, 118 goroutines, 111 MiB/76 MiB/201 MiB GO alloc/idle/total, 15 MiB/18 MiB CGO alloc/total, 50.5 CGO/sec, 0.3/0.1 %(u/s)time, 0.0 %gc (0x), 0 B/0 B (r/w)net
I200514 15:38:00.009612 222 server/status/runtime.go:498  [n1] runtime stats: 165 MiB RSS, 118 goroutines, 117 MiB/70 MiB/201 MiB GO alloc/idle/total, 15 MiB/18 MiB CGO alloc/total, 28.2 CGO/sec, 0.2/0.2 %(u/s)time, 0.0 %gc (0x), 0 B/0 B (r/w)net
I200514 15:38:10.000970 123 gossip/gossip.go:566  [n1] gossip status (ok, 1 node)
gossip client (0/3 cur/max conns)
gossip server (0/3 cur/max conns, infos 0/0 sent/received, bytes 0B/0B sent/received)
I200514 15:38:10.009758 222 server/status/runtime.go:498  [n1] runtime stats: 165 MiB RSS, 118 goroutines, 124 MiB/64 MiB/201 MiB GO alloc/idle/total, 15 MiB/18 MiB CGO alloc/total, 22.3 CGO/sec, 0.3/0.1 %(u/s)time, 0.0 %gc (0x), 0 B/0 B (r/w)net
I200514 15:38:20.009875 222 server/status/runtime.go:498  [n1] runtime stats: 166 MiB RSS, 117 goroutines, 131 MiB/57 MiB/201 MiB GO alloc/idle/total, 15 MiB/18 MiB CGO alloc/total, 59.1 CGO/sec, 0.3/0.2 %(u/s)time, 0.0 %gc (0x), 0 B/0 B (r/w)net
I200514 15:38:30.009978 222 server/status/runtime.go:498  [n1] runtime stats: 166 MiB RSS, 117 goroutines, 137 MiB/51 MiB/201 MiB GO alloc/idle/total, 15 MiB/18 MiB CGO alloc/total, 24.4 CGO/sec, 0.2/0.2 %(u/s)time, 0.0 %gc (0x), 0 B/0 B (r/w)net
I200514 15:38:40.010097 222 server/status/runtime.go:498  [n1] runtime stats: 171 MiB RSS, 117 goroutines, 80 MiB/103 MiB/201 MiB GO alloc/idle/total, 15 MiB/18 MiB CGO alloc/total, 24.7 CGO/sec, 0.3/0.2 %(u/s)time, 0.0 %gc (1x), 150 B/150 B (r/w)net
I200514 15:38:50.010293 222 server/status/runtime.go:498  [n1] runtime stats: 171 MiB RSS, 118 goroutines, 87 MiB/97 MiB/201 MiB GO alloc/idle/total, 15 MiB/18 MiB CGO alloc/total, 225.1 CGO/sec, 0.3/0.1 %(u/s)time, 0.0 %gc (0x), 70 B/0 B (r/w)net
I200514 15:39:00.010343 222 server/status/runtime.go:498  [n1] runtime stats: 172 MiB RSS, 118 goroutines, 93 MiB/92 MiB/201 MiB GO alloc/idle/total, 15 MiB/18 MiB CGO alloc/total, 29.7 CGO/sec, 0.2/0.1 %(u/s)time, 0.0 %gc (0x), 0 B/0 B (r/w)net
I200514 15:39:10.001035 123 gossip/gossip.go:566  [n1] gossip status (ok, 1 node)
gossip client (0/3 cur/max conns)
gossip server (0/3 cur/max conns, infos 0/0 sent/received, bytes 0B/0B sent/received)
I200514 15:39:10.010391 222 server/status/runtime.go:498  [n1] runtime stats: 172 MiB RSS, 118 goroutines, 99 MiB/86 MiB/201 MiB GO alloc/idle/total, 15 MiB/18 MiB CGO alloc/total, 26.9 CGO/sec, 0.3/0.2 %(u/s)time, 0.0 %gc (0x), 0 B/0 B (r/w)net
I200514 15:39:20.010687 222 server/status/runtime.go:498  [n1] runtime stats: 172 MiB RSS, 117 goroutines, 107 MiB/80 MiB/201 MiB GO alloc/idle/total, 14 MiB/18 MiB CGO alloc/total, 52.6 CGO/sec, 0.2/0.1 %(u/s)time, 0.0 %gc (0x), 0 B/0 B (r/w)net
I200514 15:39:30.010753 222 server/status/runtime.go:498  [n1] runtime stats: 172 MiB RSS, 117 goroutines, 113 MiB/74 MiB/201 MiB GO alloc/idle/total, 14 MiB/18 MiB CGO alloc/total, 26.2 CGO/sec, 0.3/0.1 %(u/s)time, 0.0 %gc (0x), 0 B/0 B (r/w)net
I200514 15:39:40.010835 222 server/status/runtime.go:498  [n1] runtime stats: 172 MiB RSS, 117 goroutines, 119 MiB/68 MiB/201 MiB GO alloc/idle/total, 14 MiB/18 MiB CGO alloc/total, 25.0 CGO/sec, 0.2/0.2 %(u/s)time, 0.0 %gc (0x), 150 B/150 B (r/w)net
I200514 15:39:50.011029 222 server/status/runtime.go:498  [n1] runtime stats: 173 MiB RSS, 118 goroutines, 126 MiB/62 MiB/201 MiB GO alloc/idle/total, 14 MiB/18 MiB CGO alloc/total, 28.7 CGO/sec, 0.2/0.1 %(u/s)time, 0.0 %gc (0x), 70 B/0 B (r/w)net
I200514 15:39:53.670463 1 cli/start.go:865  received signal 'terminated'
I200514 15:39:53.670716 1 cli/start.go:930  initiating graceful shutdown of server
I200514 15:39:53.694053 3695 util/stop/stopper.go:542  [server drain process] quiescing; tasks left:
1      storage.Store: draining replica
1      [async] stats.Refresher: maybeRefreshStats
1      [async] intent_resolver_ir_batcher
1      [async] intent_resolver_gc_batcher
1      [async] closedts-rangefeed-subscriber
W200514 15:39:53.697717 66 vendor/google.golang.org/grpc/clientconn.go:1206  grpc: addrConn.createTransport failed to connect to {978f7bd29b59:26257 0  <nil>}. Err :connection error: desc = "transport: failed to write client preface: io: read/write on closed pipe". Reconnecting...
I200514 15:39:53.698576 3695 storage/engine/rocksdb.go:762  closing rocksdb instance at "/var/lib/cockroach/cockroach-temp379352200"
I200514 15:39:53.711391 3695 storage/engine/rocksdb.go:762  closing rocksdb instance at "/var/lib/cockroach"
I200514 15:39:53.720335 1 cli/start.go:976  server drained and shutdown completed
