I200520 23:55:00.545214 1 util/log/clog.go:1196  [config] file created at: 2020/05/20 23:55:00
I200520 23:55:00.545214 1 util/log/clog.go:1196  [config] running on machine: 14334c3dd068
I200520 23:55:00.545214 1 util/log/clog.go:1196  [config] binary: CockroachDB CCL v19.2.5 (x86_64-unknown-linux-gnu, built 2020/03/16 18:27:12, go1.12.12)
I200520 23:55:00.545214 1 util/log/clog.go:1196  [config] arguments: [/cockroach/cockroach start --insecure --store=attrs=ssd,path=/var/lib/cockroach/]
I200520 23:55:00.545214 1 util/log/clog.go:1196  line format: [IWEF]yymmdd hh:mm:ss.uuuuuu goid file:line msg utf8=✓
I200520 23:55:00.545137 1 cli/start.go:1144  logging to directory /var/lib/cockroach/logs
W200520 23:55:00.552736 1 cli/start.go:1182  RUNNING IN INSECURE MODE!

- Your cluster is open for any client that can access <all your IP addresses>.
- Any user, even root, can log in without providing a password.
- Any user, connecting as root, can read or write any data in your cluster.
- There is no network encryption nor authentication, and thus no confidentiality.

Check out how to secure your cluster: https://www.cockroachlabs.com/docs/v19.2/secure-a-cluster.html
I200520 23:55:00.553227 1 server/status/recorder.go:597  available memory from cgroups (8.0 EiB) is unsupported, using system memory 1.9 GiB instead: 
W200520 23:55:00.553377 1 cli/start.go:1052  Using the default setting for --cache (128 MiB).
  A significantly larger value is usually needed for good performance.
  If you have a dedicated server a reasonable setting is --cache=.25 (497 MiB).
I200520 23:55:00.553586 1 server/status/recorder.go:597  available memory from cgroups (8.0 EiB) is unsupported, using system memory 1.9 GiB instead: 
W200520 23:55:00.553597 1 cli/start.go:1065  Using the default setting for --max-sql-memory (128 MiB).
  A significantly larger value is usually needed in production.
  If you have a dedicated server a reasonable setting is --max-sql-memory=.25 (497 MiB).
I200520 23:55:00.553824 1 server/status/recorder.go:597  available memory from cgroups (8.0 EiB) is unsupported, using system memory 1.9 GiB instead: 
I200520 23:55:00.553835 1 cli/start.go:1196  CockroachDB CCL v19.2.5 (x86_64-unknown-linux-gnu, built 2020/03/16 18:27:12, go1.12.12)
W200520 23:55:01.828879 1 cli/start.go:511  running 'cockroach start' without --join is deprecated.
Consider using 'cockroach start-single-node' or 'cockroach init' instead.
I200520 23:55:01.853297 1 server/status/recorder.go:597  available memory from cgroups (8.0 EiB) is unsupported, using system memory 1.9 GiB instead: 
I200520 23:55:01.853318 1 server/config.go:394  system total memory: 1.9 GiB
I200520 23:55:01.853374 1 server/config.go:396  server configuration:
max offset             500000000
cache size             128 MiB
SQL memory pool size   128 MiB
scan interval          10m0s
scan min idle time     10ms
scan max idle time     1s
event log enabled      true
I200520 23:55:01.853387 1 cli/start.go:1030  using local environment variables: COCKROACH_CHANNEL=official-docker
I200520 23:55:01.853396 1 cli/start.go:1037  process identity: uid 0 euid 0 gid 0 egid 0
I200520 23:55:01.853435 1 cli/start.go:644  starting cockroach node
I200520 23:55:01.859037 21 storage/engine/rocksdb.go:622  opening rocksdb instance at "/var/lib/cockroach/cockroach-temp688805657"
I200520 23:55:02.247167 21 server/server.go:928  [n?] monitoring forward clock jumps based on server.clock.forward_jump_check_enabled
I200520 23:55:02.247863 21 storage/engine/rocksdb.go:622  opening rocksdb instance at "/var/lib/cockroach"
I200520 23:55:02.352577 21 server/config.go:502  [n?] 1 storage engine initialized
I200520 23:55:02.352585 21 server/config.go:505  [n?] RocksDB cache size: 128 MiB
I200520 23:55:02.352589 21 server/config.go:505  [n?] store 0: RocksDB, max size 0 B, max open file limit 1043576
W200520 23:55:02.389372 21 cli/start.go:996  neither --listen-addr nor --advertise-addr was specified.
The server will advertise "14334c3dd068" to other nodes, is this routable?

Consider using:
- for local-only servers:  --listen-addr=localhost
- for multi-node clusters: --advertise-addr=<host/IP addr>
I200520 23:55:02.391885 21 server/server.go:978  [n?] Sleeping till wall time 1590018902391851260 to catches up to 1590018902747124862 to ensure monotonicity. Delta: 355.273602ms
I200520 23:55:02.747483 21 gossip/gossip.go:394  [n1] NodeDescriptor set to node_id:1 address:<network_field:"tcp" address_field:"14334c3dd068:26257" > attrs:<> locality:<> ServerVersion:<major_val:19 minor_val:2 patch:0 unstable:0 > build_tag:"v19.2.5" started_at:1590018902747397560 cluster_name:"" sql_address:<network_field:"tcp" address_field:"14334c3dd068:26257" > 
W200520 23:55:02.792857 112 storage/replica_range_lease.go:554  can't determine lease status due to node liveness error: node not in the liveness table
github.com/cockroachdb/cockroach/pkg/storage.init.ializers
	/go/src/github.com/cockroachdb/cockroach/pkg/storage/node_liveness.go:44
runtime.main
	/usr/local/go/src/runtime/proc.go:188
runtime.goexit
	/usr/local/go/src/runtime/asm_amd64.s:1337
W200520 23:55:02.792879 112 storage/store.go:1530  [n1,s1,r6/1:/Table/{SystemCon…-11}] could not gossip system config: [NotLeaseHolderError] r6: replica (n1,s1):1 not lease holder; lease holder unknown
I200520 23:55:03.256470 21 server/node.go:431  [n1] initialized store [n1,s1]: disk (capacity=894 GiB, available=562 GiB, used=59 MiB, logicalBytes=156 MiB), ranges=42, leases=3, queries=0.00, writes=0.00, bytesPerReplica={p10=0.00 p25=0.00 p50=209.00 p75=22764.00 p90=13083278.00 pMax=44960868.00}, writesPerReplica={p10=0.00 p25=0.00 p50=0.00 p75=0.00 p90=0.00 pMax=0.00}
I200520 23:55:03.256522 21 storage/stores.go:240  [n1] read 0 node addresses from persistent storage
I200520 23:55:03.256863 21 server/node.go:645  [n1] connecting to gossip network to verify cluster ID...
I200520 23:55:03.256876 21 server/node.go:665  [n1] node connected via gossip and verified as part of cluster "3d423bb5-5d67-4ebf-947b-999bec430444"
I200520 23:55:03.256901 21 server/node.go:512  [n1] node=1: started with [ssd=/var/lib/cockroach] engine(s) and attributes []
I200520 23:55:03.257527 21 server/server.go:1514  [n1] starting http server at [::]:8080 (use: 14334c3dd068:8080)
I200520 23:55:03.257536 21 server/server.go:1521  [n1] starting grpc/postgres server at [::]:26257
I200520 23:55:03.257544 21 server/server.go:1522  [n1] advertising CockroachDB node at 14334c3dd068:26257
I200520 23:55:03.444302 21 server/server.go:1590  [n1] done ensuring all necessary migrations have run
I200520 23:55:03.444348 21 server/server.go:1841  [n1] serving sql connections
I200520 23:55:03.444397 21 cli/start.go:803  [config] clusterID: 3d423bb5-5d67-4ebf-947b-999bec430444
I200520 23:55:03.444408 21 cli/start.go:812  node startup completed:
CockroachDB node starting at 2020-05-20 23:55:03.44436296 +0000 UTC (took 2.9s)
build:               CCL v19.2.5 @ 2020/03/16 18:27:12 (go1.12.12)
webui:               http://14334c3dd068:8080
sql:                 postgresql://root@14334c3dd068:26257?sslmode=disable
RPC client flags:    /cockroach/cockroach <client cmd> --host=14334c3dd068:26257 --insecure
logs:                /var/lib/cockroach/logs
temp dir:            /var/lib/cockroach/cockroach-temp688805657
external I/O path:   /var/lib/cockroach/extern
store[0]:            path=/var/lib/cockroach,attrs=ssd
status:              restarted pre-existing node
clusterID:           3d423bb5-5d67-4ebf-947b-999bec430444
nodeID:              1
I200520 23:55:03.446711 309 server/server_update.go:53  [n1] no need to upgrade, cluster already at the newest version
I200520 23:55:03.456301 311 sql/event_log.go:130  [n1] Event: "node_restart", target: 1, info: {Descriptor:{NodeID:1 Address:14334c3dd068:26257 Attrs: Locality: ServerVersion:19.2 BuildTag:v19.2.5 StartedAt:1590018902747397560 LocalityAddress:[] ClusterName: SQLAddress:14334c3dd068:26257} ClusterID:3d423bb5-5d67-4ebf-947b-999bec430444 StartedAt:1590018902747397560 LastUp:1590018899385839065}
I200520 23:55:04.631828 313 server/updates.go:267  [n1] A new version is available: 20.1.0, details: https://www.cockroachlabs.com/docs/releases/v20.1.0.html
I200520 23:55:04.652250 85 gossip/gossip.go:1531  [n1] node has connected to cluster via gossip
I200520 23:55:04.652321 85 storage/stores.go:259  [n1] wrote 0 node addresses to persistent storage
I200520 23:55:13.260934 227 server/status/runtime.go:498  [n1] runtime stats: 122 MiB RSS, 117 goroutines, 104 MiB/20 MiB/135 MiB GO alloc/idle/total, 16 MiB/20 MiB CGO alloc/total, 0.0 CGO/sec, 0.0/0.0 %(u/s)time, 0.0 %gc (9x), 34 KiB/42 KiB (r/w)net
I200520 23:55:23.260845 227 server/status/runtime.go:498  [n1] runtime stats: 131 MiB RSS, 117 goroutines, 113 MiB/12 MiB/135 MiB GO alloc/idle/total, 17 MiB/20 MiB CGO alloc/total, 55.1 CGO/sec, 0.5/0.3 %(u/s)time, 0.0 %gc (0x), 140 B/0 B (r/w)net
I200520 23:55:23.343145 126 storage/store.go:2364  [n1,s1] sstables (read amplification = 1):
6 [ 21M 6 ]: 4M[5] 1M
I200520 23:55:23.343224 126 storage/store.go:2365  [n1,s1] 
** Compaction Stats [default] **
Level    Files   Size     Score Read(GB)  Rn(GB) Rnp1(GB) Write(GB) Wnew(GB) Moved(GB) W-Amp Rd(MB/s) Wr(MB/s) Comp(sec) CompMergeCPU(sec) Comp(cnt) Avg(sec) KeyIn KeyDrop
----------------------------------------------------------------------------------------------------------------------------------------------------------------------------
  L0      0/0    0.00 KB   0.0      0.0     0.0      0.0       0.0      0.0       0.0   1.0      0.0      4.2      0.02              0.00         1    0.019       0      0
  L6      6/0   21.47 MB   0.0      0.0     0.0      0.0       0.0     -0.0       0.0 153.1     44.7     44.4      0.48              0.19         1    0.484     55K    913
 Sum      6/0   21.47 MB   0.0      0.0     0.0      0.0       0.0      0.0       0.0 270.2     43.0     42.9      0.50              0.19         2    0.251     55K    913
 Int      0/0    0.00 KB   0.0      0.0     0.0      0.0       0.0      0.0       0.0 270.2     43.0     42.9      0.50              0.19         2    0.251     55K    913

** Compaction Stats [default] **
Priority    Files   Size     Score Read(GB)  Rn(GB) Rnp1(GB) Write(GB) Wnew(GB) Moved(GB) W-Amp Rd(MB/s) Wr(MB/s) Comp(sec) CompMergeCPU(sec) Comp(cnt) Avg(sec) KeyIn KeyDrop
-------------------------------------------------------------------------------------------------------------------------------------------------------------------------------
 Low      0/0    0.00 KB   0.0      0.0     0.0      0.0       0.0     -0.0       0.0   0.0     44.7     44.4      0.48              0.19         1    0.484     55K    913
User      0/0    0.00 KB   0.0      0.0     0.0      0.0       0.0      0.0       0.0   0.0      0.0      4.2      0.02              0.00         1    0.019       0      0
Uptime(secs): 21.1 total, 21.1 interval
Flush(GB): cumulative 0.000, interval 0.000
AddFile(GB): cumulative 0.000, interval 0.000
AddFile(Total Files): cumulative 0, interval 0
AddFile(L0 Files): cumulative 0, interval 0
AddFile(Keys): cumulative 0, interval 0
Cumulative compaction: 0.02 GB write, 1.02 MB/s write, 0.02 GB read, 1.03 MB/s read, 0.5 seconds
Interval compaction: 0.02 GB write, 1.02 MB/s write, 0.02 GB read, 1.03 MB/s read, 0.5 seconds
Stalls(count): 0 level0_slowdown, 0 level0_slowdown_with_compaction, 0 level0_numfiles, 0 level0_numfiles_with_compaction, 0 stop for pending_compaction_bytes, 0 slowdown for pending_compaction_bytes, 0 memtable_compaction, 0 memtable_slowdown, interval 0 total count
estimated_pending_compaction_bytes: 0 B
I200520 23:55:33.260931 227 server/status/runtime.go:498  [n1] runtime stats: 138 MiB RSS, 117 goroutines, 80 MiB/39 MiB/135 MiB GO alloc/idle/total, 17 MiB/20 MiB CGO alloc/total, 56.0 CGO/sec, 0.5/0.3 %(u/s)time, 0.0 %gc (1x), 140 B/0 B (r/w)net
I200520 23:55:43.261089 227 server/status/runtime.go:498  [n1] runtime stats: 139 MiB RSS, 118 goroutines, 87 MiB/34 MiB/135 MiB GO alloc/idle/total, 18 MiB/21 MiB CGO alloc/total, 61.7 CGO/sec, 0.2/0.4 %(u/s)time, 0.0 %gc (0x), 0 B/0 B (r/w)net
I200520 23:55:53.261086 227 server/status/runtime.go:498  [n1] runtime stats: 140 MiB RSS, 118 goroutines, 94 MiB/28 MiB/135 MiB GO alloc/idle/total, 18 MiB/21 MiB CGO alloc/total, 31.2 CGO/sec, 0.3/0.2 %(u/s)time, 0.0 %gc (0x), 0 B/0 B (r/w)net
I200520 23:56:03.260247 127 gossip/gossip.go:566  [n1] gossip status (ok, 1 node)
gossip client (0/3 cur/max conns)
gossip server (0/3 cur/max conns, infos 0/0 sent/received, bytes 0B/0B sent/received)
gossip connectivity
  n1 [sentinel];
I200520 23:56:03.261188 227 server/status/runtime.go:498  [n1] runtime stats: 141 MiB RSS, 118 goroutines, 100 MiB/22 MiB/135 MiB GO alloc/idle/total, 18 MiB/21 MiB CGO alloc/total, 26.7 CGO/sec, 0.3/0.3 %(u/s)time, 0.0 %gc (0x), 0 B/0 B (r/w)net
I200520 23:56:13.261224 227 server/status/runtime.go:498  [n1] runtime stats: 141 MiB RSS, 117 goroutines, 111 MiB/13 MiB/135 MiB GO alloc/idle/total, 18 MiB/21 MiB CGO alloc/total, 89.9 CGO/sec, 0.4/0.2 %(u/s)time, 0.0 %gc (0x), 290 B/150 B (r/w)net
I200520 23:56:23.261794 227 server/status/runtime.go:498  [n1] runtime stats: 142 MiB RSS, 117 goroutines, 118 MiB/6.1 MiB/135 MiB GO alloc/idle/total, 18 MiB/21 MiB CGO alloc/total, 28.3 CGO/sec, 0.2/0.2 %(u/s)time, 0.0 %gc (0x), 0 B/0 B (r/w)net
I200520 23:56:33.261720 227 server/status/runtime.go:498  [n1] runtime stats: 150 MiB RSS, 117 goroutines, 126 MiB/62 MiB/202 MiB GO alloc/idle/total, 18 MiB/21 MiB CGO alloc/total, 25.3 CGO/sec, 0.4/0.3 %(u/s)time, 0.0 %gc (0x), 0 B/0 B (r/w)net
I200520 23:56:43.261568 227 server/status/runtime.go:498  [n1] runtime stats: 158 MiB RSS, 118 goroutines, 134 MiB/54 MiB/202 MiB GO alloc/idle/total, 18 MiB/21 MiB CGO alloc/total, 31.0 CGO/sec, 0.2/0.3 %(u/s)time, 0.0 %gc (0x), 0 B/0 B (r/w)net
I200520 23:56:53.261682 227 server/status/runtime.go:498  [n1] runtime stats: 164 MiB RSS, 118 goroutines, 84 MiB/99 MiB/202 MiB GO alloc/idle/total, 18 MiB/22 MiB CGO alloc/total, 25.3 CGO/sec, 0.4/0.2 %(u/s)time, 0.0 %gc (1x), 0 B/0 B (r/w)net
I200520 23:57:03.260183 127 gossip/gossip.go:566  [n1] gossip status (ok, 1 node)
gossip client (0/3 cur/max conns)
gossip server (0/3 cur/max conns, infos 0/0 sent/received, bytes 0B/0B sent/received)
I200520 23:57:03.261821 227 server/status/runtime.go:498  [n1] runtime stats: 164 MiB RSS, 118 goroutines, 90 MiB/94 MiB/202 MiB GO alloc/idle/total, 18 MiB/22 MiB CGO alloc/total, 28.7 CGO/sec, 0.2/0.2 %(u/s)time, 0.0 %gc (0x), 0 B/0 B (r/w)net
I200520 23:57:13.261959 227 server/status/runtime.go:498  [n1] runtime stats: 164 MiB RSS, 117 goroutines, 98 MiB/87 MiB/202 MiB GO alloc/idle/total, 18 MiB/22 MiB CGO alloc/total, 52.1 CGO/sec, 0.3/0.2 %(u/s)time, 0.0 %gc (0x), 150 B/150 B (r/w)net
I200520 23:57:14.183491 1 cli/start.go:865  received signal 'terminated'
I200520 23:57:14.184310 1 cli/start.go:930  initiating graceful shutdown of server
I200520 23:57:14.201278 2110 util/stop/stopper.go:542  [server drain process] quiescing; tasks left:
1      [async] intent_resolver_ir_batcher
1      [async] intent_resolver_gc_batcher
1      [async] closedts-rangefeed-subscriber
I200520 23:57:14.203731 2110 util/stop/stopper.go:542  [server drain process] quiescing; tasks left:
1      [async] intent_resolver_gc_batcher
1      [async] closedts-rangefeed-subscriber
W200520 23:57:14.204093 26 vendor/google.golang.org/grpc/clientconn.go:1206  grpc: addrConn.createTransport failed to connect to {14334c3dd068:26257 0  <nil>}. Err :connection error: desc = "transport: failed to write client preface: io: read/write on closed pipe". Reconnecting...
I200520 23:57:14.204659 2110 util/stop/stopper.go:542  [server drain process] quiescing; tasks left:
1      [async] closedts-rangefeed-subscriber
I200520 23:57:14.205496 2110 storage/engine/rocksdb.go:762  closing rocksdb instance at "/var/lib/cockroach/cockroach-temp688805657"
I200520 23:57:14.214176 2110 storage/engine/rocksdb.go:762  closing rocksdb instance at "/var/lib/cockroach"
I200520 23:57:14.225194 1 cli/start.go:976  server drained and shutdown completed
