I200514 15:41:42.082426 31 util/log/clog.go:1196  [config] file created at: 2020/05/14 15:41:42
I200514 15:41:42.082426 31 util/log/clog.go:1196  [config] running on machine: a7d224b4a15f
I200514 15:41:42.082426 31 util/log/clog.go:1196  [config] binary: CockroachDB CCL v19.2.5 (x86_64-unknown-linux-gnu, built 2020/03/16 18:27:12, go1.12.12)
I200514 15:41:42.082426 31 util/log/clog.go:1196  [config] arguments: [/cockroach/cockroach start --insecure --store=attrs=ssd,path=/var/lib/cockroach/]
I200514 15:41:42.082426 31 util/log/clog.go:1196  line format: [IWEF]yymmdd hh:mm:ss.uuuuuu goid file:line msg utf8=✓
I200514 15:41:42.082426 31 storage/engine/rocksdb.go:120  RocksDB version: 6.2.1
I200514 15:41:42.092416 31 storage/engine/rocksdb.go:120  Git sha rocksdb_build_git_sha:@b7009236531fa784872f4823eabf393501e41bf2@
I200514 15:41:42.092420 31 storage/engine/rocksdb.go:120  Compile date Mar 16 2020
I200514 15:41:42.092424 31 storage/engine/rocksdb.go:120  DB SUMMARY
I200514 15:41:42.093503 31 storage/engine/rocksdb.go:120  SST files in /var/lib/cockroach/cockroach-temp378824247 dir, Total Num: 0, files: 
I200514 15:41:42.268810 31 storage/engine/rocksdb.go:120  Write Ahead Log file in /var/lib/cockroach/cockroach-temp378824247: 
I200514 15:41:42.268817 31 storage/engine/rocksdb.go:120                          Options.error_if_exists: 0
I200514 15:41:42.268820 31 storage/engine/rocksdb.go:120                        Options.create_if_missing: 1
I200514 15:41:42.268823 31 storage/engine/rocksdb.go:120                          Options.paranoid_checks: 1
I200514 15:41:42.268825 31 storage/engine/rocksdb.go:120                                      Options.env: 0x75757a0
I200514 15:41:42.268828 31 storage/engine/rocksdb.go:120                                 Options.info_log: 0x7f633ba270e0
I200514 15:41:42.268831 31 storage/engine/rocksdb.go:120                 Options.max_file_opening_threads: 16
I200514 15:41:42.268833 31 storage/engine/rocksdb.go:120                               Options.statistics: 0x7f633ba34010
I200514 15:41:42.268836 31 storage/engine/rocksdb.go:120                                Options.use_fsync: 0
I200514 15:41:42.268840 31 storage/engine/rocksdb.go:120                        Options.max_log_file_size: 0
I200514 15:41:42.268842 31 storage/engine/rocksdb.go:120                   Options.max_manifest_file_size: 134217728
I200514 15:41:42.268845 31 storage/engine/rocksdb.go:120                    Options.log_file_time_to_roll: 0
I200514 15:41:42.268848 31 storage/engine/rocksdb.go:120                        Options.keep_log_file_num: 1000
I200514 15:41:42.268850 31 storage/engine/rocksdb.go:120                     Options.recycle_log_file_num: 1
I200514 15:41:42.268853 31 storage/engine/rocksdb.go:120                          Options.allow_fallocate: 1
I200514 15:41:42.268856 31 storage/engine/rocksdb.go:120                         Options.allow_mmap_reads: 0
I200514 15:41:42.268860 31 storage/engine/rocksdb.go:120                        Options.allow_mmap_writes: 0
I200514 15:41:42.268863 31 storage/engine/rocksdb.go:120                         Options.use_direct_reads: 0
I200514 15:41:42.268865 31 storage/engine/rocksdb.go:120                         Options.use_direct_io_for_flush_and_compaction: 0
I200514 15:41:42.268868 31 storage/engine/rocksdb.go:120           Options.create_missing_column_families: 0
I200514 15:41:42.268871 31 storage/engine/rocksdb.go:120                               Options.db_log_dir: 
I200514 15:41:42.268873 31 storage/engine/rocksdb.go:120                                  Options.wal_dir: /var/lib/cockroach/cockroach-temp378824247
I200514 15:41:42.268876 31 storage/engine/rocksdb.go:120                 Options.table_cache_numshardbits: 6
I200514 15:41:42.268878 31 storage/engine/rocksdb.go:120                       Options.max_subcompactions: 1
I200514 15:41:42.268881 31 storage/engine/rocksdb.go:120                   Options.max_background_flushes: -1
I200514 15:41:42.268883 31 storage/engine/rocksdb.go:120                          Options.WAL_ttl_seconds: 0
I200514 15:41:42.268886 31 storage/engine/rocksdb.go:120                        Options.WAL_size_limit_MB: 0
I200514 15:41:42.268889 31 storage/engine/rocksdb.go:120              Options.manifest_preallocation_size: 4194304
I200514 15:41:42.268891 31 storage/engine/rocksdb.go:120                      Options.is_fd_close_on_exec: 1
I200514 15:41:42.268894 31 storage/engine/rocksdb.go:120                    Options.advise_random_on_open: 1
I200514 15:41:42.268897 31 storage/engine/rocksdb.go:120                     Options.db_write_buffer_size: 0
I200514 15:41:42.268899 31 storage/engine/rocksdb.go:120                     Options.write_buffer_manager: 0x7f633ba190f0
I200514 15:41:42.268902 31 storage/engine/rocksdb.go:120          Options.access_hint_on_compaction_start: 1
I200514 15:41:42.268904 31 storage/engine/rocksdb.go:120   Options.new_table_reader_for_compaction_inputs: 0
I200514 15:41:42.268907 31 storage/engine/rocksdb.go:120            Options.random_access_max_buffer_size: 1048576
I200514 15:41:42.268910 31 storage/engine/rocksdb.go:120                       Options.use_adaptive_mutex: 0
I200514 15:41:42.268913 31 storage/engine/rocksdb.go:120                             Options.rate_limiter: (nil)
I200514 15:41:42.268916 31 storage/engine/rocksdb.go:120      Options.sst_file_manager.rate_bytes_per_sec: 0
I200514 15:41:42.268919 31 storage/engine/rocksdb.go:120                        Options.wal_recovery_mode: 0
I200514 15:41:42.268921 31 storage/engine/rocksdb.go:120                   Options.enable_thread_tracking: 0
I200514 15:41:42.268924 31 storage/engine/rocksdb.go:120                   Options.enable_pipelined_write: 0
I200514 15:41:42.268926 31 storage/engine/rocksdb.go:120          Options.allow_concurrent_memtable_write: 1
I200514 15:41:42.268929 31 storage/engine/rocksdb.go:120       Options.enable_write_thread_adaptive_yield: 1
I200514 15:41:42.268931 31 storage/engine/rocksdb.go:120              Options.write_thread_max_yield_usec: 100
I200514 15:41:42.268934 31 storage/engine/rocksdb.go:120             Options.write_thread_slow_yield_usec: 3
I200514 15:41:42.268937 31 storage/engine/rocksdb.go:120                                Options.row_cache: None
I200514 15:41:42.268939 31 storage/engine/rocksdb.go:120                               Options.wal_filter: None
I200514 15:41:42.268942 31 storage/engine/rocksdb.go:120              Options.avoid_flush_during_recovery: 0
I200514 15:41:42.268945 31 storage/engine/rocksdb.go:120              Options.allow_ingest_behind: 0
I200514 15:41:42.268947 31 storage/engine/rocksdb.go:120              Options.preserve_deletes: 0
I200514 15:41:42.268950 31 storage/engine/rocksdb.go:120              Options.two_write_queues: 0
I200514 15:41:42.268952 31 storage/engine/rocksdb.go:120              Options.manual_wal_flush: 1
I200514 15:41:42.268955 31 storage/engine/rocksdb.go:120              Options.atomic_flush: 0
I200514 15:41:42.268958 31 storage/engine/rocksdb.go:120              Options.avoid_unnecessary_blocking_io: 0
I200514 15:41:42.268960 31 storage/engine/rocksdb.go:120              Options.max_background_jobs: 2
I200514 15:41:42.268963 31 storage/engine/rocksdb.go:120              Options.max_background_compactions: -1
I200514 15:41:42.268965 31 storage/engine/rocksdb.go:120              Options.avoid_flush_during_shutdown: 0
I200514 15:41:42.268968 31 storage/engine/rocksdb.go:120            Options.writable_file_max_buffer_size: 1048576
I200514 15:41:42.268971 31 storage/engine/rocksdb.go:120              Options.delayed_write_rate : 16777216
I200514 15:41:42.268973 31 storage/engine/rocksdb.go:120              Options.max_total_wal_size: 0
I200514 15:41:42.268976 31 storage/engine/rocksdb.go:120              Options.delete_obsolete_files_period_micros: 21600000000
I200514 15:41:42.268979 31 storage/engine/rocksdb.go:120                    Options.stats_dump_period_sec: 0
I200514 15:41:42.268982 31 storage/engine/rocksdb.go:120                  Options.stats_persist_period_sec: 600
I200514 15:41:42.268985 31 storage/engine/rocksdb.go:120                  Options.stats_history_buffer_size: 1048576
I200514 15:41:42.268988 31 storage/engine/rocksdb.go:120                           Options.max_open_files: 128
I200514 15:41:42.268991 31 storage/engine/rocksdb.go:120                           Options.bytes_per_sync: 524288
I200514 15:41:42.268995 31 storage/engine/rocksdb.go:120                       Options.wal_bytes_per_sync: 0
I200514 15:41:42.268998 31 storage/engine/rocksdb.go:120                    Options.strict_bytes_per_sync: 1
I200514 15:41:42.269002 31 storage/engine/rocksdb.go:120        Options.compaction_readahead_size: 0
I200514 15:41:42.269004 31 storage/engine/rocksdb.go:120  Compression algorithms supported:
I200514 15:41:42.269008 31 storage/engine/rocksdb.go:120  	kZSTDNotFinalCompression supported: 0
I200514 15:41:42.269011 31 storage/engine/rocksdb.go:120  	kZSTD supported: 0
I200514 15:41:42.269014 31 storage/engine/rocksdb.go:120  	kXpressCompression supported: 0
I200514 15:41:42.269017 31 storage/engine/rocksdb.go:120  	kLZ4HCCompression supported: 0
I200514 15:41:42.269019 31 storage/engine/rocksdb.go:120  	kLZ4Compression supported: 0
I200514 15:41:42.269022 31 storage/engine/rocksdb.go:120  	kBZip2Compression supported: 0
I200514 15:41:42.269025 31 storage/engine/rocksdb.go:120  	kZlibCompression supported: 0
I200514 15:41:42.269027 31 storage/engine/rocksdb.go:120  	kSnappyCompression supported: 1
I200514 15:41:42.269036 31 storage/engine/rocksdb.go:120  Fast CRC32 supported: Supported on x86
I200514 15:41:42.271357 31 storage/engine/rocksdb.go:120  [db/db_impl_open.cc:242] Creating manifest 1 
I200514 15:41:42.288947 31 storage/engine/rocksdb.go:120  [db/version_set.cc:4072] Recovering from manifest file: /var/lib/cockroach/cockroach-temp378824247/MANIFEST-000001
I200514 15:41:42.289937 31 storage/engine/rocksdb.go:120  [db/column_family.cc:488] --------------- Options for column family [default]:
I200514 15:41:42.289941 31 storage/engine/rocksdb.go:120                Options.comparator: cockroach_comparator
I200514 15:41:42.289945 31 storage/engine/rocksdb.go:120            Options.merge_operator: cockroach_merge_operator
I200514 15:41:42.289948 31 storage/engine/rocksdb.go:120         Options.compaction_filter: None
I200514 15:41:42.289950 31 storage/engine/rocksdb.go:120         Options.compaction_filter_factory: None
I200514 15:41:42.289953 31 storage/engine/rocksdb.go:120          Options.memtable_factory: SkipListFactory
I200514 15:41:42.289956 31 storage/engine/rocksdb.go:120             Options.table_factory: BlockBasedTable
I200514 15:41:42.289975 31 storage/engine/rocksdb.go:120             table_factory options:   flush_block_policy_factory: FlushBlockBySizePolicyFactory (0x7f633ba28030)
  cache_index_and_filter_blocks: 0
  cache_index_and_filter_blocks_with_high_priority: 0
  pin_l0_filter_and_index_blocks_in_cache: 0
  pin_top_level_index_and_filter: 1
  index_type: 0
  data_block_index_type: 0
  index_shortening: 1
  data_block_hash_table_util_ratio: 0.750000
  hash_index_allow_collision: 1
  checksum: 1
  no_block_cache: 0
  block_cache: 0x7f633ba1c010
  block_cache_name: LRUCache
  block_cache_options:
    capacity : 1048576
    num_shard_bits : 4
    strict_capacity_limit : 0
    memory_allocator : None
    high_pri_pool_ratio: 0.000
  block_cache_compressed: (nil)
  persistent_cache: (nil)
  block_size: 32768
  block_size_deviation: 10
  block_restart_interval: 16
  index_block_restart_interval: 1
  metadata_block_size: 4096
  partition_filters: 0
  use_delta_encoding: 1
  filter_policy: rocksdb.BuiltinBloomFilter
  whole_key_filtering: 0
  verify_compression: 0
  read_amp_bytes_per_bit: 0
  format_version: 2
  enable_index_compression: 1
  block_align: 0
I200514 15:41:42.289979 31 storage/engine/rocksdb.go:120         Options.write_buffer_size: 67108864
I200514 15:41:42.289983 31 storage/engine/rocksdb.go:120   Options.max_write_buffer_number: 4
I200514 15:41:42.289986 31 storage/engine/rocksdb.go:120           Options.compression: Snappy
I200514 15:41:42.289989 31 storage/engine/rocksdb.go:120                   Options.bottommost_compression: Disabled
I200514 15:41:42.289992 31 storage/engine/rocksdb.go:120        Options.prefix_extractor: cockroach_prefix_extractor
I200514 15:41:42.289994 31 storage/engine/rocksdb.go:120    Options.memtable_insert_with_hint_prefix_extractor: nullptr
I200514 15:41:42.289997 31 storage/engine/rocksdb.go:120              Options.num_levels: 7
I200514 15:41:42.290000 31 storage/engine/rocksdb.go:120         Options.min_write_buffer_number_to_merge: 1
I200514 15:41:42.290002 31 storage/engine/rocksdb.go:120      Options.max_write_buffer_number_to_maintain: 0
I200514 15:41:42.290005 31 storage/engine/rocksdb.go:120             Options.bottommost_compression_opts.window_bits: -14
I200514 15:41:42.290007 31 storage/engine/rocksdb.go:120                   Options.bottommost_compression_opts.level: 32767
I200514 15:41:42.290010 31 storage/engine/rocksdb.go:120                Options.bottommost_compression_opts.strategy: 0
I200514 15:41:42.290013 31 storage/engine/rocksdb.go:120          Options.bottommost_compression_opts.max_dict_bytes: 0
I200514 15:41:42.290015 31 storage/engine/rocksdb.go:120          Options.bottommost_compression_opts.zstd_max_train_bytes: 0
I200514 15:41:42.290018 31 storage/engine/rocksdb.go:120                   Options.bottommost_compression_opts.enabled: false
I200514 15:41:42.290020 31 storage/engine/rocksdb.go:120             Options.compression_opts.window_bits: -14
I200514 15:41:42.290023 31 storage/engine/rocksdb.go:120                   Options.compression_opts.level: 32767
I200514 15:41:42.290025 31 storage/engine/rocksdb.go:120                Options.compression_opts.strategy: 0
I200514 15:41:42.290028 31 storage/engine/rocksdb.go:120          Options.compression_opts.max_dict_bytes: 0
I200514 15:41:42.290033 31 storage/engine/rocksdb.go:120          Options.compression_opts.zstd_max_train_bytes: 0
I200514 15:41:42.290036 31 storage/engine/rocksdb.go:120                   Options.compression_opts.enabled: false
I200514 15:41:42.290039 31 storage/engine/rocksdb.go:120       Options.level0_file_num_compaction_trigger: 2
I200514 15:41:42.290041 31 storage/engine/rocksdb.go:120           Options.level0_slowdown_writes_trigger: 950
I200514 15:41:42.290044 31 storage/engine/rocksdb.go:120               Options.level0_stop_writes_trigger: 1000
I200514 15:41:42.290047 31 storage/engine/rocksdb.go:120                    Options.target_file_size_base: 4194304
I200514 15:41:42.290049 31 storage/engine/rocksdb.go:120              Options.target_file_size_multiplier: 2
I200514 15:41:42.290052 31 storage/engine/rocksdb.go:120                 Options.max_bytes_for_level_base: 67108864
I200514 15:41:42.290054 31 storage/engine/rocksdb.go:120  Options.level_compaction_dynamic_level_bytes: 1
I200514 15:41:42.290058 31 storage/engine/rocksdb.go:120           Options.max_bytes_for_level_multiplier: 10.000000
I200514 15:41:42.290060 31 storage/engine/rocksdb.go:120  Options.max_bytes_for_level_multiplier_addtl[0]: 1
I200514 15:41:42.290063 31 storage/engine/rocksdb.go:120  Options.max_bytes_for_level_multiplier_addtl[1]: 1
I200514 15:41:42.290066 31 storage/engine/rocksdb.go:120  Options.max_bytes_for_level_multiplier_addtl[2]: 1
I200514 15:41:42.290068 31 storage/engine/rocksdb.go:120  Options.max_bytes_for_level_multiplier_addtl[3]: 1
I200514 15:41:42.290071 31 storage/engine/rocksdb.go:120  Options.max_bytes_for_level_multiplier_addtl[4]: 1
I200514 15:41:42.290073 31 storage/engine/rocksdb.go:120  Options.max_bytes_for_level_multiplier_addtl[5]: 1
I200514 15:41:42.290076 31 storage/engine/rocksdb.go:120  Options.max_bytes_for_level_multiplier_addtl[6]: 1
I200514 15:41:42.290078 31 storage/engine/rocksdb.go:120        Options.max_sequential_skip_in_iterations: 8
I200514 15:41:42.290081 31 storage/engine/rocksdb.go:120                     Options.max_compaction_bytes: 104857600
I200514 15:41:42.290083 31 storage/engine/rocksdb.go:120                         Options.arena_block_size: 8388608
I200514 15:41:42.290086 31 storage/engine/rocksdb.go:120    Options.soft_pending_compaction_bytes_limit: 2199023255552
I200514 15:41:42.290089 31 storage/engine/rocksdb.go:120    Options.hard_pending_compaction_bytes_limit: 4400193994752
I200514 15:41:42.290092 31 storage/engine/rocksdb.go:120        Options.rate_limit_delay_max_milliseconds: 100
I200514 15:41:42.290094 31 storage/engine/rocksdb.go:120                 Options.disable_auto_compactions: 0
I200514 15:41:42.290097 31 storage/engine/rocksdb.go:120                         Options.compaction_style: kCompactionStyleLevel
I200514 15:41:42.290101 31 storage/engine/rocksdb.go:120                           Options.compaction_pri: kMinOverlappingRatio
I200514 15:41:42.290103 31 storage/engine/rocksdb.go:120  Options.compaction_options_universal.size_ratio: 1
I200514 15:41:42.290106 31 storage/engine/rocksdb.go:120  Options.compaction_options_universal.min_merge_width: 2
I200514 15:41:42.290109 31 storage/engine/rocksdb.go:120  Options.compaction_options_universal.max_merge_width: 4294967295
I200514 15:41:42.290111 31 storage/engine/rocksdb.go:120  Options.compaction_options_universal.max_size_amplification_percent: 200
I200514 15:41:42.290114 31 storage/engine/rocksdb.go:120  Options.compaction_options_universal.compression_size_percent: -1
I200514 15:41:42.290116 31 storage/engine/rocksdb.go:120  Options.compaction_options_universal.stop_style: kCompactionStopStyleTotalSize
I200514 15:41:42.290119 31 storage/engine/rocksdb.go:120  Options.compaction_options_fifo.max_table_files_size: 1073741824
I200514 15:41:42.290122 31 storage/engine/rocksdb.go:120  Options.compaction_options_fifo.allow_compaction: 0
I200514 15:41:42.290125 31 storage/engine/rocksdb.go:120                    Options.table_properties_collectors: TimeBoundTblPropCollectorFactory; DeleteRangeTblPropCollectorFactory; 
I200514 15:41:42.290128 31 storage/engine/rocksdb.go:120                    Options.inplace_update_support: 0
I200514 15:41:42.290131 31 storage/engine/rocksdb.go:120                  Options.inplace_update_num_locks: 10000
I200514 15:41:42.290134 31 storage/engine/rocksdb.go:120                Options.memtable_prefix_bloom_size_ratio: 0.000000
I200514 15:41:42.290136 31 storage/engine/rocksdb.go:120                Options.memtable_whole_key_filtering: 0
I200514 15:41:42.290139 31 storage/engine/rocksdb.go:120    Options.memtable_huge_page_size: 0
I200514 15:41:42.290141 31 storage/engine/rocksdb.go:120                            Options.bloom_locality: 0
I200514 15:41:42.290144 31 storage/engine/rocksdb.go:120                     Options.max_successive_merges: 0
I200514 15:41:42.290147 31 storage/engine/rocksdb.go:120                 Options.optimize_filters_for_hits: 1
I200514 15:41:42.290149 31 storage/engine/rocksdb.go:120                 Options.paranoid_file_checks: 0
I200514 15:41:42.290151 31 storage/engine/rocksdb.go:120                 Options.force_consistency_checks: 0
I200514 15:41:42.290154 31 storage/engine/rocksdb.go:120                 Options.report_bg_io_stats: 0
I200514 15:41:42.290157 31 storage/engine/rocksdb.go:120                                Options.ttl: 0
I200514 15:41:42.290160 31 storage/engine/rocksdb.go:120           Options.periodic_compaction_seconds: 0
I200514 15:41:42.290939 31 storage/engine/rocksdb.go:120  [db/version_set.cc:4286] Recovered from manifest file:/var/lib/cockroach/cockroach-temp378824247/MANIFEST-000001 succeeded,manifest_file_number is 1, next_file_number is 3, last_sequence is 0, log_number is 0,prev_log_number is 0,max_column_family is 0,min_log_number_to_keep is 0
I200514 15:41:42.290944 31 storage/engine/rocksdb.go:120  [db/version_set.cc:4295] Column family [default] (ID 0), log number is 0
I200514 15:41:42.310380 31 storage/engine/rocksdb.go:120  DB pointer 0x7f633baa4000
I200514 15:41:42.328338 31 storage/engine/rocksdb.go:120  RocksDB version: 6.2.1
I200514 15:41:42.328348 31 storage/engine/rocksdb.go:120  Git sha rocksdb_build_git_sha:@b7009236531fa784872f4823eabf393501e41bf2@
I200514 15:41:42.328352 31 storage/engine/rocksdb.go:120  Compile date Mar 16 2020
I200514 15:41:42.328356 31 storage/engine/rocksdb.go:120  DB SUMMARY
I200514 15:41:42.329379 31 storage/engine/rocksdb.go:120  CURRENT file:  CURRENT
I200514 15:41:42.329384 31 storage/engine/rocksdb.go:120  IDENTITY file:  IDENTITY
I200514 15:41:42.329999 31 storage/engine/rocksdb.go:120  MANIFEST file:  MANIFEST-000420 size: 483 Bytes
I200514 15:41:42.330006 31 storage/engine/rocksdb.go:120  SST files in /var/lib/cockroach dir, Total Num: 4, files: 000415.sst 000416.sst 000417.sst 000419.sst 
I200514 15:41:42.330009 31 storage/engine/rocksdb.go:120  Write Ahead Log file in /var/lib/cockroach: 000421.log size: 1368153 ; 
I200514 15:41:42.330012 31 storage/engine/rocksdb.go:120                          Options.error_if_exists: 0
I200514 15:41:42.330015 31 storage/engine/rocksdb.go:120                        Options.create_if_missing: 1
I200514 15:41:42.330018 31 storage/engine/rocksdb.go:120                          Options.paranoid_checks: 1
I200514 15:41:42.330020 31 storage/engine/rocksdb.go:120                                      Options.env: 0x75757a0
I200514 15:41:42.330023 31 storage/engine/rocksdb.go:120                                 Options.info_log: 0x7f633e20dcc0
I200514 15:41:42.330026 31 storage/engine/rocksdb.go:120                 Options.max_file_opening_threads: 16
I200514 15:41:42.330029 31 storage/engine/rocksdb.go:120                               Options.statistics: 0x7f633e225010
I200514 15:41:42.330032 31 storage/engine/rocksdb.go:120                                Options.use_fsync: 0
I200514 15:41:42.330035 31 storage/engine/rocksdb.go:120                        Options.max_log_file_size: 0
I200514 15:41:42.330038 31 storage/engine/rocksdb.go:120                   Options.max_manifest_file_size: 134217728
I200514 15:41:42.330040 31 storage/engine/rocksdb.go:120                    Options.log_file_time_to_roll: 0
I200514 15:41:42.330043 31 storage/engine/rocksdb.go:120                        Options.keep_log_file_num: 1000
I200514 15:41:42.330046 31 storage/engine/rocksdb.go:120                     Options.recycle_log_file_num: 1
I200514 15:41:42.330049 31 storage/engine/rocksdb.go:120                          Options.allow_fallocate: 1
I200514 15:41:42.330051 31 storage/engine/rocksdb.go:120                         Options.allow_mmap_reads: 0
I200514 15:41:42.330054 31 storage/engine/rocksdb.go:120                        Options.allow_mmap_writes: 0
I200514 15:41:42.330057 31 storage/engine/rocksdb.go:120                         Options.use_direct_reads: 0
I200514 15:41:42.330059 31 storage/engine/rocksdb.go:120                         Options.use_direct_io_for_flush_and_compaction: 0
I200514 15:41:42.330062 31 storage/engine/rocksdb.go:120           Options.create_missing_column_families: 0
I200514 15:41:42.330065 31 storage/engine/rocksdb.go:120                               Options.db_log_dir: 
I200514 15:41:42.330067 31 storage/engine/rocksdb.go:120                                  Options.wal_dir: /var/lib/cockroach
I200514 15:41:42.330070 31 storage/engine/rocksdb.go:120                 Options.table_cache_numshardbits: 6
I200514 15:41:42.330073 31 storage/engine/rocksdb.go:120                       Options.max_subcompactions: 1
I200514 15:41:42.330075 31 storage/engine/rocksdb.go:120                   Options.max_background_flushes: -1
I200514 15:41:42.330078 31 storage/engine/rocksdb.go:120                          Options.WAL_ttl_seconds: 0
I200514 15:41:42.330080 31 storage/engine/rocksdb.go:120                        Options.WAL_size_limit_MB: 0
I200514 15:41:42.330083 31 storage/engine/rocksdb.go:120              Options.manifest_preallocation_size: 4194304
I200514 15:41:42.330085 31 storage/engine/rocksdb.go:120                      Options.is_fd_close_on_exec: 1
I200514 15:41:42.330088 31 storage/engine/rocksdb.go:120                    Options.advise_random_on_open: 1
I200514 15:41:42.330090 31 storage/engine/rocksdb.go:120                     Options.db_write_buffer_size: 0
I200514 15:41:42.330093 31 storage/engine/rocksdb.go:120                     Options.write_buffer_manager: 0x7f633e28d030
I200514 15:41:42.330096 31 storage/engine/rocksdb.go:120          Options.access_hint_on_compaction_start: 1
I200514 15:41:42.330107 31 storage/engine/rocksdb.go:120   Options.new_table_reader_for_compaction_inputs: 0
I200514 15:41:42.330110 31 storage/engine/rocksdb.go:120            Options.random_access_max_buffer_size: 1048576
I200514 15:41:42.330112 31 storage/engine/rocksdb.go:120                       Options.use_adaptive_mutex: 0
I200514 15:41:42.330115 31 storage/engine/rocksdb.go:120                             Options.rate_limiter: (nil)
I200514 15:41:42.330118 31 storage/engine/rocksdb.go:120      Options.sst_file_manager.rate_bytes_per_sec: 0
I200514 15:41:42.330120 31 storage/engine/rocksdb.go:120                        Options.wal_recovery_mode: 0
I200514 15:41:42.330123 31 storage/engine/rocksdb.go:120                   Options.enable_thread_tracking: 0
I200514 15:41:42.330125 31 storage/engine/rocksdb.go:120                   Options.enable_pipelined_write: 0
I200514 15:41:42.330128 31 storage/engine/rocksdb.go:120          Options.allow_concurrent_memtable_write: 1
I200514 15:41:42.330130 31 storage/engine/rocksdb.go:120       Options.enable_write_thread_adaptive_yield: 1
I200514 15:41:42.330133 31 storage/engine/rocksdb.go:120              Options.write_thread_max_yield_usec: 100
I200514 15:41:42.330135 31 storage/engine/rocksdb.go:120             Options.write_thread_slow_yield_usec: 3
I200514 15:41:42.330138 31 storage/engine/rocksdb.go:120                                Options.row_cache: None
I200514 15:41:42.330141 31 storage/engine/rocksdb.go:120                               Options.wal_filter: None
I200514 15:41:42.330143 31 storage/engine/rocksdb.go:120              Options.avoid_flush_during_recovery: 0
I200514 15:41:42.330146 31 storage/engine/rocksdb.go:120              Options.allow_ingest_behind: 0
I200514 15:41:42.330148 31 storage/engine/rocksdb.go:120              Options.preserve_deletes: 0
I200514 15:41:42.330151 31 storage/engine/rocksdb.go:120              Options.two_write_queues: 0
I200514 15:41:42.330153 31 storage/engine/rocksdb.go:120              Options.manual_wal_flush: 1
I200514 15:41:42.330156 31 storage/engine/rocksdb.go:120              Options.atomic_flush: 0
I200514 15:41:42.330158 31 storage/engine/rocksdb.go:120              Options.avoid_unnecessary_blocking_io: 0
I200514 15:41:42.330161 31 storage/engine/rocksdb.go:120              Options.max_background_jobs: 2
I200514 15:41:42.330164 31 storage/engine/rocksdb.go:120              Options.max_background_compactions: -1
I200514 15:41:42.330169 31 storage/engine/rocksdb.go:120              Options.avoid_flush_during_shutdown: 0
I200514 15:41:42.330176 31 storage/engine/rocksdb.go:120            Options.writable_file_max_buffer_size: 1048576
I200514 15:41:42.330180 31 storage/engine/rocksdb.go:120              Options.delayed_write_rate : 16777216
I200514 15:41:42.330208 31 storage/engine/rocksdb.go:120              Options.max_total_wal_size: 0
I200514 15:41:42.330225 31 storage/engine/rocksdb.go:120              Options.delete_obsolete_files_period_micros: 21600000000
I200514 15:41:42.330228 31 storage/engine/rocksdb.go:120                    Options.stats_dump_period_sec: 0
I200514 15:41:42.330231 31 storage/engine/rocksdb.go:120                  Options.stats_persist_period_sec: 600
I200514 15:41:42.330234 31 storage/engine/rocksdb.go:120                  Options.stats_history_buffer_size: 1048576
I200514 15:41:42.330237 31 storage/engine/rocksdb.go:120                           Options.max_open_files: 1043576
I200514 15:41:42.330239 31 storage/engine/rocksdb.go:120                           Options.bytes_per_sync: 524288
I200514 15:41:42.330242 31 storage/engine/rocksdb.go:120                       Options.wal_bytes_per_sync: 0
I200514 15:41:42.330244 31 storage/engine/rocksdb.go:120                    Options.strict_bytes_per_sync: 1
I200514 15:41:42.330247 31 storage/engine/rocksdb.go:120        Options.compaction_readahead_size: 0
I200514 15:41:42.330250 31 storage/engine/rocksdb.go:120  Compression algorithms supported:
I200514 15:41:42.330253 31 storage/engine/rocksdb.go:120  	kZSTDNotFinalCompression supported: 0
I200514 15:41:42.330256 31 storage/engine/rocksdb.go:120  	kZSTD supported: 0
I200514 15:41:42.330258 31 storage/engine/rocksdb.go:120  	kXpressCompression supported: 0
I200514 15:41:42.330261 31 storage/engine/rocksdb.go:120  	kLZ4HCCompression supported: 0
I200514 15:41:42.330264 31 storage/engine/rocksdb.go:120  	kLZ4Compression supported: 0
I200514 15:41:42.330266 31 storage/engine/rocksdb.go:120  	kBZip2Compression supported: 0
I200514 15:41:42.330269 31 storage/engine/rocksdb.go:120  	kZlibCompression supported: 0
I200514 15:41:42.330272 31 storage/engine/rocksdb.go:120  	kSnappyCompression supported: 1
I200514 15:41:42.330278 31 storage/engine/rocksdb.go:120  Fast CRC32 supported: Supported on x86
I200514 15:41:42.332836 31 storage/engine/rocksdb.go:120  [db/version_set.cc:4072] Recovering from manifest file: /var/lib/cockroach/MANIFEST-000420
I200514 15:41:42.333267 31 storage/engine/rocksdb.go:120  [db/column_family.cc:488] --------------- Options for column family [default]:
I200514 15:41:42.333272 31 storage/engine/rocksdb.go:120                Options.comparator: cockroach_comparator
I200514 15:41:42.333275 31 storage/engine/rocksdb.go:120            Options.merge_operator: cockroach_merge_operator
I200514 15:41:42.333278 31 storage/engine/rocksdb.go:120         Options.compaction_filter: None
I200514 15:41:42.333281 31 storage/engine/rocksdb.go:120         Options.compaction_filter_factory: None
I200514 15:41:42.333284 31 storage/engine/rocksdb.go:120          Options.memtable_factory: SkipListFactory
I200514 15:41:42.333286 31 storage/engine/rocksdb.go:120             Options.table_factory: BlockBasedTable
I200514 15:41:42.333308 31 storage/engine/rocksdb.go:120             table_factory options:   flush_block_policy_factory: FlushBlockBySizePolicyFactory (0x7f633e223028)
  cache_index_and_filter_blocks: 0
  cache_index_and_filter_blocks_with_high_priority: 0
  pin_l0_filter_and_index_blocks_in_cache: 0
  pin_top_level_index_and_filter: 1
  index_type: 0
  data_block_index_type: 0
  index_shortening: 1
  data_block_hash_table_util_ratio: 0.750000
  hash_index_allow_collision: 1
  checksum: 1
  no_block_cache: 0
  block_cache: 0x7f633e214010
  block_cache_name: LRUCache
  block_cache_options:
    capacity : 67108864
    num_shard_bits : 4
    strict_capacity_limit : 0
    memory_allocator : None
    high_pri_pool_ratio: 0.000
  block_cache_compressed: (nil)
  persistent_cache: (nil)
  block_size: 32768
  block_size_deviation: 10
  block_restart_interval: 16
  index_block_restart_interval: 1
  metadata_block_size: 4096
  partition_filters: 0
  use_delta_encoding: 1
  filter_policy: rocksdb.BuiltinBloomFilter
  whole_key_filtering: 0
  verify_compression: 0
  read_amp_bytes_per_bit: 0
  format_version: 2
  enable_index_compression: 1
  block_align: 0
I200514 15:41:42.333312 31 storage/engine/rocksdb.go:120         Options.write_buffer_size: 67108864
I200514 15:41:42.333319 31 storage/engine/rocksdb.go:120   Options.max_write_buffer_number: 4
I200514 15:41:42.333322 31 storage/engine/rocksdb.go:120           Options.compression: Snappy
I200514 15:41:42.333325 31 storage/engine/rocksdb.go:120                   Options.bottommost_compression: Disabled
I200514 15:41:42.333328 31 storage/engine/rocksdb.go:120        Options.prefix_extractor: cockroach_prefix_extractor
I200514 15:41:42.333330 31 storage/engine/rocksdb.go:120    Options.memtable_insert_with_hint_prefix_extractor: nullptr
I200514 15:41:42.333333 31 storage/engine/rocksdb.go:120              Options.num_levels: 7
I200514 15:41:42.333335 31 storage/engine/rocksdb.go:120         Options.min_write_buffer_number_to_merge: 1
I200514 15:41:42.333338 31 storage/engine/rocksdb.go:120      Options.max_write_buffer_number_to_maintain: 0
I200514 15:41:42.333341 31 storage/engine/rocksdb.go:120             Options.bottommost_compression_opts.window_bits: -14
I200514 15:41:42.333343 31 storage/engine/rocksdb.go:120                   Options.bottommost_compression_opts.level: 32767
I200514 15:41:42.333346 31 storage/engine/rocksdb.go:120                Options.bottommost_compression_opts.strategy: 0
I200514 15:41:42.333349 31 storage/engine/rocksdb.go:120          Options.bottommost_compression_opts.max_dict_bytes: 0
I200514 15:41:42.333351 31 storage/engine/rocksdb.go:120          Options.bottommost_compression_opts.zstd_max_train_bytes: 0
I200514 15:41:42.333354 31 storage/engine/rocksdb.go:120                   Options.bottommost_compression_opts.enabled: false
I200514 15:41:42.333357 31 storage/engine/rocksdb.go:120             Options.compression_opts.window_bits: -14
I200514 15:41:42.333360 31 storage/engine/rocksdb.go:120                   Options.compression_opts.level: 32767
I200514 15:41:42.333362 31 storage/engine/rocksdb.go:120                Options.compression_opts.strategy: 0
I200514 15:41:42.333365 31 storage/engine/rocksdb.go:120          Options.compression_opts.max_dict_bytes: 0
I200514 15:41:42.333367 31 storage/engine/rocksdb.go:120          Options.compression_opts.zstd_max_train_bytes: 0
I200514 15:41:42.333370 31 storage/engine/rocksdb.go:120                   Options.compression_opts.enabled: false
I200514 15:41:42.333372 31 storage/engine/rocksdb.go:120       Options.level0_file_num_compaction_trigger: 2
I200514 15:41:42.333375 31 storage/engine/rocksdb.go:120           Options.level0_slowdown_writes_trigger: 950
I200514 15:41:42.333378 31 storage/engine/rocksdb.go:120               Options.level0_stop_writes_trigger: 1000
I200514 15:41:42.333380 31 storage/engine/rocksdb.go:120                    Options.target_file_size_base: 4194304
I200514 15:41:42.333383 31 storage/engine/rocksdb.go:120              Options.target_file_size_multiplier: 2
I200514 15:41:42.333386 31 storage/engine/rocksdb.go:120                 Options.max_bytes_for_level_base: 67108864
I200514 15:41:42.333388 31 storage/engine/rocksdb.go:120  Options.level_compaction_dynamic_level_bytes: 1
I200514 15:41:42.333392 31 storage/engine/rocksdb.go:120           Options.max_bytes_for_level_multiplier: 10.000000
I200514 15:41:42.333399 31 storage/engine/rocksdb.go:120  Options.max_bytes_for_level_multiplier_addtl[0]: 1
I200514 15:41:42.333402 31 storage/engine/rocksdb.go:120  Options.max_bytes_for_level_multiplier_addtl[1]: 1
I200514 15:41:42.333404 31 storage/engine/rocksdb.go:120  Options.max_bytes_for_level_multiplier_addtl[2]: 1
I200514 15:41:42.333407 31 storage/engine/rocksdb.go:120  Options.max_bytes_for_level_multiplier_addtl[3]: 1
I200514 15:41:42.333409 31 storage/engine/rocksdb.go:120  Options.max_bytes_for_level_multiplier_addtl[4]: 1
I200514 15:41:42.333412 31 storage/engine/rocksdb.go:120  Options.max_bytes_for_level_multiplier_addtl[5]: 1
I200514 15:41:42.333415 31 storage/engine/rocksdb.go:120  Options.max_bytes_for_level_multiplier_addtl[6]: 1
I200514 15:41:42.333418 31 storage/engine/rocksdb.go:120        Options.max_sequential_skip_in_iterations: 8
I200514 15:41:42.333423 31 storage/engine/rocksdb.go:120                     Options.max_compaction_bytes: 104857600
I200514 15:41:42.333426 31 storage/engine/rocksdb.go:120                         Options.arena_block_size: 8388608
I200514 15:41:42.333429 31 storage/engine/rocksdb.go:120    Options.soft_pending_compaction_bytes_limit: 2199023255552
I200514 15:41:42.333431 31 storage/engine/rocksdb.go:120    Options.hard_pending_compaction_bytes_limit: 4400193994752
I200514 15:41:42.333434 31 storage/engine/rocksdb.go:120        Options.rate_limit_delay_max_milliseconds: 100
I200514 15:41:42.333436 31 storage/engine/rocksdb.go:120                 Options.disable_auto_compactions: 0
I200514 15:41:42.333440 31 storage/engine/rocksdb.go:120                         Options.compaction_style: kCompactionStyleLevel
I200514 15:41:42.333443 31 storage/engine/rocksdb.go:120                           Options.compaction_pri: kMinOverlappingRatio
I200514 15:41:42.333445 31 storage/engine/rocksdb.go:120  Options.compaction_options_universal.size_ratio: 1
I200514 15:41:42.333448 31 storage/engine/rocksdb.go:120  Options.compaction_options_universal.min_merge_width: 2
I200514 15:41:42.333450 31 storage/engine/rocksdb.go:120  Options.compaction_options_universal.max_merge_width: 4294967295
I200514 15:41:42.333453 31 storage/engine/rocksdb.go:120  Options.compaction_options_universal.max_size_amplification_percent: 200
I200514 15:41:42.333456 31 storage/engine/rocksdb.go:120  Options.compaction_options_universal.compression_size_percent: -1
I200514 15:41:42.333458 31 storage/engine/rocksdb.go:120  Options.compaction_options_universal.stop_style: kCompactionStopStyleTotalSize
I200514 15:41:42.333461 31 storage/engine/rocksdb.go:120  Options.compaction_options_fifo.max_table_files_size: 1073741824
I200514 15:41:42.333464 31 storage/engine/rocksdb.go:120  Options.compaction_options_fifo.allow_compaction: 0
I200514 15:41:42.333467 31 storage/engine/rocksdb.go:120                    Options.table_properties_collectors: TimeBoundTblPropCollectorFactory; DeleteRangeTblPropCollectorFactory; 
I200514 15:41:42.333471 31 storage/engine/rocksdb.go:120                    Options.inplace_update_support: 0
I200514 15:41:42.333473 31 storage/engine/rocksdb.go:120                  Options.inplace_update_num_locks: 10000
I200514 15:41:42.333476 31 storage/engine/rocksdb.go:120                Options.memtable_prefix_bloom_size_ratio: 0.000000
I200514 15:41:42.333479 31 storage/engine/rocksdb.go:120                Options.memtable_whole_key_filtering: 0
I200514 15:41:42.333481 31 storage/engine/rocksdb.go:120    Options.memtable_huge_page_size: 0
I200514 15:41:42.333484 31 storage/engine/rocksdb.go:120                            Options.bloom_locality: 0
I200514 15:41:42.333486 31 storage/engine/rocksdb.go:120                     Options.max_successive_merges: 0
I200514 15:41:42.333489 31 storage/engine/rocksdb.go:120                 Options.optimize_filters_for_hits: 1
I200514 15:41:42.333491 31 storage/engine/rocksdb.go:120                 Options.paranoid_file_checks: 0
I200514 15:41:42.333494 31 storage/engine/rocksdb.go:120                 Options.force_consistency_checks: 0
I200514 15:41:42.333496 31 storage/engine/rocksdb.go:120                 Options.report_bg_io_stats: 0
I200514 15:41:42.333499 31 storage/engine/rocksdb.go:120                                Options.ttl: 0
I200514 15:41:42.333502 31 storage/engine/rocksdb.go:120           Options.periodic_compaction_seconds: 0
I200514 15:41:42.346129 31 storage/engine/rocksdb.go:120  [db/version_set.cc:4286] Recovered from manifest file:/var/lib/cockroach/MANIFEST-000420 succeeded,manifest_file_number is 420, next_file_number is 422, last_sequence is 8440545, log_number is 413,prev_log_number is 0,max_column_family is 0,min_log_number_to_keep is 0
I200514 15:41:42.346137 31 storage/engine/rocksdb.go:120  [db/version_set.cc:4295] Column family [default] (ID 0), log number is 413
I200514 15:41:42.347609 31 storage/engine/rocksdb.go:120  EVENT_LOG_v1 {"time_micros": 1589470902347579, "job": 1, "event": "recovery_started", "log_files": [421]}
I200514 15:41:42.347631 31 storage/engine/rocksdb.go:120  [db/db_impl_open.cc:598] Recovering log #421 mode 0
I200514 15:41:42.374796 31 storage/engine/rocksdb.go:120  EVENT_LOG_v1 {"time_micros": 1589470902374753, "cf_name": "default", "job": 1, "event": "table_file_creation", "file_number": 422, "file_size": 78272, "table_properties": {"data_size": 75396, "index_size": 374, "index_partitions": 0, "top_level_index_size": 0, "index_key_is_user_key": 0, "index_value_is_delta_encoded": 0, "filter_size": 1605, "raw_key_size": 51939, "raw_average_key_size": 41, "raw_value_size": 283151, "raw_average_value_size": 224, "num_data_blocks": 8, "num_entries": 1259, "num_deletions": 202, "num_merge_operands": 664, "num_range_deletions": 664, "format_version": 0, "fixed_key_len": 0, "filter_policy": "rocksdb.BuiltinBloomFilter", "column_family_name": "default", "column_family_id": 0, "comparator": "cockroach_comparator", "merge_operator": "cockroach_merge_operator", "prefix_extractor_name": "cockroach_prefix_extractor", "property_collectors": "[TimeBoundTblPropCollectorFactory,DeleteRangeTblPropCollectorFactory]", "compression": "Snappy", "compression_options": "window_bits=-14; level=32767; strategy=0; max_dict_bytes=0; zstd_max_train_bytes=0; enabled=0; ", "creation_time": 1589470902, "oldest_key_time": 3, "file_creation_time": 0}}
I200514 15:41:42.375053 31 storage/engine/rocksdb.go:120  [db/version_set.cc:3560] Creating manifest 423
I200514 15:41:42.386919 31 storage/engine/rocksdb.go:120  EVENT_LOG_v1 {"time_micros": 1589470902386895, "job": 1, "event": "recovery_finished"}
I200514 15:41:42.407778 17 storage/engine/rocksdb.go:120  [db/compaction_job.cc:1647] [default] [JOB 3] Compacting 2@0 + 3@6 files to L6, score 1.00
I200514 15:41:42.407790 17 storage/engine/rocksdb.go:120  [db/compaction_job.cc:1651] [default] Compaction start summary: Base version 2 Base level 0, inputs: [422(76KB) 419(76KB)], [415(4118KB) 416(4112KB) 417(1753KB)]
I200514 15:41:42.407821 17 storage/engine/rocksdb.go:120  EVENT_LOG_v1 {"time_micros": 1589470902407803, "job": 3, "event": "compaction_started", "compaction_reason": "LevelL0FilesNum", "files_L0": [422, 419], "files_L6": [415, 416, 417], "score": 1, "input_data_size": 10380586}
I200514 15:41:42.414778 31 storage/engine/rocksdb.go:120  DB pointer 0x7f633e29f000
I200514 15:41:42.516637 17 storage/engine/rocksdb.go:120  [db/compaction_job.cc:1334] [default] [JOB 3] Generated table #427: 14627 keys, 4216590 bytes
I200514 15:41:42.516696 17 storage/engine/rocksdb.go:120  EVENT_LOG_v1 {"time_micros": 1589470902516660, "cf_name": "default", "job": 3, "event": "table_file_creation", "file_number": 427, "file_size": 4216590, "table_properties": {"data_size": 4195058, "index_size": 78903, "index_partitions": 0, "top_level_index_size": 0, "index_key_is_user_key": 0, "index_value_is_delta_encoded": 0, "filter_size": 0, "raw_key_size": 746185, "raw_average_key_size": 51, "raw_value_size": 35760916, "raw_average_value_size": 2444, "num_data_blocks": 1140, "num_entries": 14627, "num_deletions": 0, "num_merge_operands": 0, "num_range_deletions": 0, "format_version": 0, "fixed_key_len": 0, "filter_policy": "rocksdb.BuiltinBloomFilter", "column_family_name": "default", "column_family_id": 0, "comparator": "cockroach_comparator", "merge_operator": "cockroach_merge_operator", "prefix_extractor_name": "cockroach_prefix_extractor", "property_collectors": "[TimeBoundTblPropCollectorFactory,DeleteRangeTblPropCollectorFactory]", "compression": "Snappy", "compression_options": "window_bits=-14; level=32767; strategy=0; max_dict_bytes=0; zstd_max_train_bytes=0; enabled=0; ", "creation_time": 1589470902, "oldest_key_time": 0, "file_creation_time": 1589470902}}
I200514 15:41:42.624577 17 storage/engine/rocksdb.go:120  [db/compaction_job.cc:1334] [default] [JOB 3] Generated table #428: 7751 keys, 4216210 bytes
I200514 15:41:42.624658 17 storage/engine/rocksdb.go:120  EVENT_LOG_v1 {"time_micros": 1589470902624600, "cf_name": "default", "job": 3, "event": "table_file_creation", "file_number": 428, "file_size": 4216210, "table_properties": {"data_size": 4201353, "index_size": 50607, "index_partitions": 0, "top_level_index_size": 0, "index_key_is_user_key": 0, "index_value_is_delta_encoded": 0, "filter_size": 0, "raw_key_size": 431858, "raw_average_key_size": 55, "raw_value_size": 23165657, "raw_average_value_size": 2988, "num_data_blocks": 739, "num_entries": 7751, "num_deletions": 0, "num_merge_operands": 0, "num_range_deletions": 0, "format_version": 0, "fixed_key_len": 0, "filter_policy": "rocksdb.BuiltinBloomFilter", "column_family_name": "default", "column_family_id": 0, "comparator": "cockroach_comparator", "merge_operator": "cockroach_merge_operator", "prefix_extractor_name": "cockroach_prefix_extractor", "property_collectors": "[TimeBoundTblPropCollectorFactory,DeleteRangeTblPropCollectorFactory]", "compression": "Snappy", "compression_options": "window_bits=-14; level=32767; strategy=0; max_dict_bytes=0; zstd_max_train_bytes=0; enabled=0; ", "creation_time": 1589470902, "oldest_key_time": 0, "file_creation_time": 1589470902}}
I200514 15:41:42.660232 17 storage/engine/rocksdb.go:120  [db/compaction_job.cc:1334] [default] [JOB 3] Generated table #429: 6033 keys, 1803755 bytes
I200514 15:41:42.660311 17 storage/engine/rocksdb.go:120  EVENT_LOG_v1 {"time_micros": 1589470902660257, "cf_name": "default", "job": 3, "event": "table_file_creation", "file_number": 429, "file_size": 1803755, "table_properties": {"data_size": 1795921, "index_size": 24065, "index_partitions": 0, "top_level_index_size": 0, "index_key_is_user_key": 0, "index_value_is_delta_encoded": 0, "filter_size": 0, "raw_key_size": 287064, "raw_average_key_size": 47, "raw_value_size": 11100312, "raw_average_value_size": 1839, "num_data_blocks": 356, "num_entries": 6033, "num_deletions": 0, "num_merge_operands": 0, "num_range_deletions": 0, "format_version": 0, "fixed_key_len": 0, "filter_policy": "rocksdb.BuiltinBloomFilter", "column_family_name": "default", "column_family_id": 0, "comparator": "cockroach_comparator", "merge_operator": "cockroach_merge_operator", "prefix_extractor_name": "cockroach_prefix_extractor", "property_collectors": "[TimeBoundTblPropCollectorFactory,DeleteRangeTblPropCollectorFactory]", "compression": "Snappy", "compression_options": "window_bits=-14; level=32767; strategy=0; max_dict_bytes=0; zstd_max_train_bytes=0; enabled=0; ", "creation_time": 1589470902, "oldest_key_time": 0, "file_creation_time": 1589470902}}
I200514 15:41:42.666009 17 storage/engine/rocksdb.go:120  [db/compaction_job.cc:1397] [default] [JOB 3] Compacted 2@0 + 3@6 files to L6 => 10236555 bytes
I200514 15:41:42.666699 17 storage/engine/rocksdb.go:120  (Original Log Time 2020/05/14-15:41:42.666574) [db/compaction_job.cc:770] [default] compacted to: base level 6 level multiplier 10.00 max bytes base 67108864 files[0 0 0 0 0 0 3] max score 0.00, MB/sec: 41.0 rd, 40.4 wr, level 6, files in(2, 3) out(3) MB in(0.1, 9.8) out(9.8), read-write-amplify(131.5) write-amplify(65.3) OK, records in: 30592, records dropped: 853 output_compression: Snappy
I200514 15:41:42.666734 17 storage/engine/rocksdb.go:120  (Original Log Time 2020/05/14-15:41:42.666594) EVENT_LOG_v1 {"time_micros": 1589470902666585, "job": 3, "event": "compaction_finished", "compaction_time_micros": 253193, "compaction_time_cpu_micros": 98772, "output_level": 6, "num_output_files": 3, "total_output_size": 10236555, "num_input_records": 29264, "num_output_records": 28411, "num_subcompactions": 1, "output_compression": "Snappy", "num_single_delete_mismatches": 0, "num_single_delete_fallthrough": 0, "lsm_state": [0, 0, 0, 0, 0, 0, 3]}
I200514 15:41:42.667368 17 storage/engine/rocksdb.go:120  EVENT_LOG_v1 {"time_micros": 1589470902667350, "job": 3, "event": "table_file_deletion", "file_number": 422}
I200514 15:41:42.667808 17 storage/engine/rocksdb.go:120  EVENT_LOG_v1 {"time_micros": 1589470902667796, "job": 3, "event": "table_file_deletion", "file_number": 419}
I200514 15:41:42.668836 17 storage/engine/rocksdb.go:120  EVENT_LOG_v1 {"time_micros": 1589470902668823, "job": 3, "event": "table_file_deletion", "file_number": 417}
I200514 15:41:42.669624 17 storage/engine/rocksdb.go:120  EVENT_LOG_v1 {"time_micros": 1589470902669602, "job": 3, "event": "table_file_deletion", "file_number": 416}
I200514 15:41:42.670666 17 storage/engine/rocksdb.go:120  EVENT_LOG_v1 {"time_micros": 1589470902670653, "job": 3, "event": "table_file_deletion", "file_number": 415}
I200514 15:48:52.813247 5317 storage/engine/rocksdb.go:120  bloom filter utility:    -nan%
I200514 15:48:52.813530 5317 storage/engine/rocksdb.go:120  [db/db_impl.cc:392] Shutdown: canceling all background work
I200514 15:48:52.815717 5317 storage/engine/rocksdb.go:120  [db/db_impl.cc:565] Shutdown complete
I200514 15:48:52.827914 5317 storage/engine/rocksdb.go:120  bloom filter utility:    66.7%
I200514 15:48:52.828353 5317 storage/engine/rocksdb.go:120  [db/db_impl.cc:392] Shutdown: canceling all background work
I200514 15:48:52.835677 5317 storage/engine/rocksdb.go:120  [db/db_impl.cc:565] Shutdown complete
