I200514 14:57:33.371365 1 util/log/clog.go:1196  [config] file created at: 2020/05/14 14:57:33
I200514 14:57:33.371365 1 util/log/clog.go:1196  [config] running on machine: 3cca733fd4d5
I200514 14:57:33.371365 1 util/log/clog.go:1196  [config] binary: CockroachDB CCL v19.2.5 (x86_64-unknown-linux-gnu, built 2020/03/16 18:27:12, go1.12.12)
I200514 14:57:33.371365 1 util/log/clog.go:1196  [config] arguments: [/cockroach/cockroach start --insecure --store=attrs=ssd,path=/var/lib/cockroach/]
I200514 14:57:33.371365 1 util/log/clog.go:1196  line format: [IWEF]yymmdd hh:mm:ss.uuuuuu goid file:line msg utf8=✓
I200514 14:57:33.371361 1 cli/start.go:1144  logging to directory /var/lib/cockroach/logs
W200514 14:57:33.389430 1 cli/start.go:1182  RUNNING IN INSECURE MODE!

- Your cluster is open for any client that can access <all your IP addresses>.
- Any user, even root, can log in without providing a password.
- Any user, connecting as root, can read or write any data in your cluster.
- There is no network encryption nor authentication, and thus no confidentiality.

Check out how to secure your cluster: https://www.cockroachlabs.com/docs/v19.2/secure-a-cluster.html
I200514 14:57:33.389699 1 server/status/recorder.go:597  available memory from cgroups (8.0 EiB) is unsupported, using system memory 1.9 GiB instead: 
W200514 14:57:33.390263 1 cli/start.go:1052  Using the default setting for --cache (128 MiB).
  A significantly larger value is usually needed for good performance.
  If you have a dedicated server a reasonable setting is --cache=.25 (497 MiB).
I200514 14:57:33.390479 1 server/status/recorder.go:597  available memory from cgroups (8.0 EiB) is unsupported, using system memory 1.9 GiB instead: 
W200514 14:57:33.390491 1 cli/start.go:1065  Using the default setting for --max-sql-memory (128 MiB).
  A significantly larger value is usually needed in production.
  If you have a dedicated server a reasonable setting is --max-sql-memory=.25 (497 MiB).
I200514 14:57:33.390602 1 server/status/recorder.go:597  available memory from cgroups (8.0 EiB) is unsupported, using system memory 1.9 GiB instead: 
I200514 14:57:33.390644 1 cli/start.go:1196  CockroachDB CCL v19.2.5 (x86_64-unknown-linux-gnu, built 2020/03/16 18:27:12, go1.12.12)
W200514 14:57:33.837439 1 cli/start.go:511  running 'cockroach start' without --join is deprecated.
Consider using 'cockroach start-single-node' or 'cockroach init' instead.
I200514 14:57:33.848402 1 server/status/recorder.go:597  available memory from cgroups (8.0 EiB) is unsupported, using system memory 1.9 GiB instead: 
I200514 14:57:33.848418 1 server/config.go:394  system total memory: 1.9 GiB
I200514 14:57:33.848444 1 server/config.go:396  server configuration:
max offset             500000000
cache size             128 MiB
SQL memory pool size   128 MiB
scan interval          10m0s
scan min idle time     10ms
scan max idle time     1s
event log enabled      true
I200514 14:57:33.848453 1 cli/start.go:1030  using local environment variables: COCKROACH_CHANNEL=official-docker
I200514 14:57:33.848462 1 cli/start.go:1037  process identity: uid 0 euid 0 gid 0 egid 0
I200514 14:57:33.850746 1 cli/start.go:644  starting cockroach node
I200514 14:57:33.858528 13 storage/engine/rocksdb.go:622  opening rocksdb instance at "/var/lib/cockroach/cockroach-temp792624327"
I200514 14:57:34.075093 13 server/server.go:928  [n?] monitoring forward clock jumps based on server.clock.forward_jump_check_enabled
I200514 14:57:34.076439 13 storage/engine/rocksdb.go:622  opening rocksdb instance at "/var/lib/cockroach"
I200514 14:57:34.217822 13 server/config.go:502  [n?] 1 storage engine initialized
I200514 14:57:34.217829 13 server/config.go:505  [n?] RocksDB cache size: 128 MiB
I200514 14:57:34.217833 13 server/config.go:505  [n?] store 0: RocksDB, max size 0 B, max open file limit 1043576
W200514 14:57:34.236553 13 cli/start.go:996  neither --listen-addr nor --advertise-addr was specified.
The server will advertise "3cca733fd4d5" to other nodes, is this routable?

Consider using:
- for local-only servers:  --listen-addr=localhost
- for multi-node clusters: --advertise-addr=<host/IP addr>
I200514 14:57:34.237491 13 server/server.go:978  [n?] Sleeping till wall time 1589468254237474264 to catches up to 1589468254575050665 to ensure monotonicity. Delta: 337.576401ms
I200514 14:57:34.575499 13 gossip/gossip.go:394  [n1] NodeDescriptor set to node_id:1 address:<network_field:"tcp" address_field:"3cca733fd4d5:26257" > attrs:<> locality:<> ServerVersion:<major_val:19 minor_val:2 patch:0 unstable:0 > build_tag:"v19.2.5" started_at:1589468254575403164 cluster_name:"" sql_address:<network_field:"tcp" address_field:"3cca733fd4d5:26257" > 
W200514 14:57:34.609140 109 storage/replica_range_lease.go:554  can't determine lease status due to node liveness error: node not in the liveness table
github.com/cockroachdb/cockroach/pkg/storage.init.ializers
	/go/src/github.com/cockroachdb/cockroach/pkg/storage/node_liveness.go:44
runtime.main
	/usr/local/go/src/runtime/proc.go:188
runtime.goexit
	/usr/local/go/src/runtime/asm_amd64.s:1337
W200514 14:57:34.609216 109 storage/store.go:1530  [n1,s1,r6/1:/Table/{SystemCon…-11}] could not gossip system config: [NotLeaseHolderError] r6: replica (n1,s1):1 not lease holder; lease holder unknown
I200514 14:57:34.735024 13 server/node.go:431  [n1] initialized store [n1,s1]: disk (capacity=894 GiB, available=579 GiB, used=17 MiB, logicalBytes=114 MiB), ranges=39, leases=2, queries=0.00, writes=0.00, bytesPerReplica={p10=0.00 p25=0.00 p50=0.00 p75=18616.00 p90=145352.00 pMax=60498267.00}, writesPerReplica={p10=0.00 p25=0.00 p50=0.00 p75=0.00 p90=0.00 pMax=0.00}
I200514 14:57:34.735119 13 storage/stores.go:240  [n1] read 0 node addresses from persistent storage
I200514 14:57:34.735190 13 server/node.go:645  [n1] connecting to gossip network to verify cluster ID...
I200514 14:57:34.735203 13 server/node.go:665  [n1] node connected via gossip and verified as part of cluster "3d423bb5-5d67-4ebf-947b-999bec430444"
I200514 14:57:34.735294 13 server/node.go:512  [n1] node=1: started with [ssd=/var/lib/cockroach] engine(s) and attributes []
I200514 14:57:34.736876 13 server/server.go:1514  [n1] starting http server at [::]:8080 (use: 3cca733fd4d5:8080)
I200514 14:57:34.736885 13 server/server.go:1521  [n1] starting grpc/postgres server at [::]:26257
I200514 14:57:34.736893 13 server/server.go:1522  [n1] advertising CockroachDB node at 3cca733fd4d5:26257
I200514 14:57:34.800742 128 storage/node_liveness.go:474  [n1,liveness-hb] heartbeat failed on epoch increment; retrying
I200514 14:57:34.807199 13 server/server.go:1590  [n1] done ensuring all necessary migrations have run
I200514 14:57:34.807237 13 server/server.go:1841  [n1] serving sql connections
I200514 14:57:34.807294 13 cli/start.go:803  [config] clusterID: 3d423bb5-5d67-4ebf-947b-999bec430444
I200514 14:57:34.807305 13 cli/start.go:812  node startup completed:
CockroachDB node starting at 2020-05-14 14:57:34.807252865 +0000 UTC (took 1.4s)
build:               CCL v19.2.5 @ 2020/03/16 18:27:12 (go1.12.12)
webui:               http://3cca733fd4d5:8080
sql:                 postgresql://root@3cca733fd4d5:26257?sslmode=disable
RPC client flags:    /cockroach/cockroach <client cmd> --host=3cca733fd4d5:26257 --insecure
logs:                /var/lib/cockroach/logs
temp dir:            /var/lib/cockroach/cockroach-temp792624327
external I/O path:   /var/lib/cockroach/extern
store[0]:            path=/var/lib/cockroach,attrs=ssd
status:              restarted pre-existing node
clusterID:           3d423bb5-5d67-4ebf-947b-999bec430444
nodeID:              1
I200514 14:57:34.817350 175 server/server_update.go:50  [n1] failed attempt to upgrade cluster version, error: node 1 not running (UNAVAILABLE), cannot determine version
I200514 14:57:34.830033 177 sql/event_log.go:130  [n1] Event: "node_restart", target: 1, info: {Descriptor:{NodeID:1 Address:3cca733fd4d5:26257 Attrs: Locality: ServerVersion:19.2 BuildTag:v19.2.5 StartedAt:1589468254575403164 LocalityAddress:[] ClusterName: SQLAddress:3cca733fd4d5:26257} ClusterID:3d423bb5-5d67-4ebf-947b-999bec430444 StartedAt:1589468254575403164 LastUp:1589388997090902845}
I200514 14:57:35.597854 179 server/updates.go:267  [n1] A new version is available: 20.1.0, details: https://www.cockroachlabs.com/docs/releases/v20.1.0.html
I200514 14:57:35.777575 175 server/server_update.go:53  [n1] no need to upgrade, cluster already at the newest version
I200514 14:57:35.851642 82 gossip/gossip.go:1531  [n1] node has connected to cluster via gossip
I200514 14:57:35.851698 82 storage/stores.go:259  [n1] wrote 0 node addresses to persistent storage
I200514 14:57:36.614673 458 storage/replica_consistency.go:229  [n1,consistencyChecker,s1,r26/1:/Table/5{4-5}] triggering stats recomputation to resolve delta of {ContainsEstimates:true LastUpdateNanos:1589313639143522384 IntentAge:0 GCBytesAge:0 LiveBytes:0 LiveCount:0 KeyBytes:0 KeyCount:0 ValBytes:0 ValCount:0 IntentBytes:0 IntentCount:0 SysBytes:0 SysCount:0}
I200514 14:57:44.737315 122 server/status/runtime.go:498  [n1] runtime stats: 118 MiB RSS, 126 goroutines, 103 MiB/22 MiB/135 MiB GO alloc/idle/total, 14 MiB/17 MiB CGO alloc/total, 0.0 CGO/sec, 0.0/0.0 %(u/s)time, 0.0 %gc (9x), 41 KiB/48 KiB (r/w)net
I200514 14:57:45.676428 660 storage/replica_consistency.go:229  [n1,consistencyChecker,s1,r85/1:/System/tsd/cr.{node.…-store…}] triggering stats recomputation to resolve delta of {ContainsEstimates:true LastUpdateNanos:1589468264817180434 IntentAge:0 GCBytesAge:0 LiveBytes:5206451 LiveCount:-495 KeyBytes:-21145 KeyCount:-495 ValBytes:5227596 ValCount:-495 IntentBytes:0 IntentCount:0 SysBytes:0 SysCount:0}
I200514 14:57:54.737154 122 server/status/runtime.go:498  [n1] runtime stats: 150 MiB RSS, 126 goroutines, 83 MiB/38 MiB/135 MiB GO alloc/idle/total, 25 MiB/31 MiB CGO alloc/total, 2676.6 CGO/sec, 1.1/0.4 %(u/s)time, 0.0 %gc (1x), 5.9 KiB/5.8 KiB (r/w)net
I200514 14:57:54.739338 117 storage/store.go:2364  [n1,s1] sstables (read amplification = 2):
0 [ 75K 1 ]: 75K
6 [ 10M 3 ]: 4M[2] 2M
I200514 14:57:54.739399 117 storage/store.go:2365  [n1,s1] 
** Compaction Stats [default] **
Level    Files   Size     Score Read(GB)  Rn(GB) Rnp1(GB) Write(GB) Wnew(GB) Moved(GB) W-Amp Rd(MB/s) Wr(MB/s) Comp(sec) CompMergeCPU(sec) Comp(cnt) Avg(sec) KeyIn KeyDrop
----------------------------------------------------------------------------------------------------------------------------------------------------------------------------
  L0      1/0   74.73 KB   0.5      0.0     0.0      0.0       0.0      0.0       0.0   1.0      0.0      4.8      0.02              0.00         1    0.015       0      0
  L6      3/0    9.69 MB   0.0      0.0     0.0      0.0       0.0      0.0       0.0   0.0      0.0      0.0      0.00              0.00         0    0.000       0      0
 Sum      4/0    9.77 MB   0.0      0.0     0.0      0.0       0.0      0.0       0.0   1.0      0.0      4.8      0.02              0.00         1    0.015       0      0
 Int      0/0    0.00 KB   0.0      0.0     0.0      0.0       0.0      0.0       0.0   1.0      0.0      4.8      0.02              0.00         1    0.015       0      0

** Compaction Stats [default] **
Priority    Files   Size     Score Read(GB)  Rn(GB) Rnp1(GB) Write(GB) Wnew(GB) Moved(GB) W-Amp Rd(MB/s) Wr(MB/s) Comp(sec) CompMergeCPU(sec) Comp(cnt) Avg(sec) KeyIn KeyDrop
-------------------------------------------------------------------------------------------------------------------------------------------------------------------------------
User      0/0    0.00 KB   0.0      0.0     0.0      0.0       0.0      0.0       0.0   0.0      0.0      4.8      0.02              0.00         1    0.015       0      0
Uptime(secs): 20.6 total, 20.6 interval
Flush(GB): cumulative 0.000, interval 0.000
AddFile(GB): cumulative 0.000, interval 0.000
AddFile(Total Files): cumulative 0, interval 0
AddFile(L0 Files): cumulative 0, interval 0
AddFile(Keys): cumulative 0, interval 0
Cumulative compaction: 0.00 GB write, 0.00 MB/s write, 0.00 GB read, 0.00 MB/s read, 0.0 seconds
Interval compaction: 0.00 GB write, 0.00 MB/s write, 0.00 GB read, 0.00 MB/s read, 0.0 seconds
Stalls(count): 0 level0_slowdown, 0 level0_slowdown_with_compaction, 0 level0_numfiles, 0 level0_numfiles_with_compaction, 0 stop for pending_compaction_bytes, 0 slowdown for pending_compaction_bytes, 0 memtable_compaction, 0 memtable_slowdown, interval 0 total count
estimated_pending_compaction_bytes: 0 B
I200514 14:57:58.786703 915 storage/replica_consistency.go:229  [n1,consistencyChecker,s1,r4/1:/System/tsd{-/cr.nod…}] triggering stats recomputation to resolve delta of {ContainsEstimates:true LastUpdateNanos:1589468274816727667 IntentAge:0 GCBytesAge:0 LiveBytes:21620616 LiveCount:-1875 KeyBytes:-91545 KeyCount:-1875 ValBytes:21712161 ValCount:-1875 IntentBytes:0 IntentCount:0 SysBytes:0 SysCount:0}
I200514 14:58:04.703997 988 storage/replica_consistency.go:229  [n1,consistencyChecker,s1,r76/1:/System{/tsd/cr.s…-tse}] triggering stats recomputation to resolve delta of {ContainsEstimates:true LastUpdateNanos:1589468274815132267 IntentAge:0 GCBytesAge:0 LiveBytes:23139779 LiveCount:-2090 KeyBytes:-105391 KeyCount:-2090 ValBytes:23245170 ValCount:-2090 IntentBytes:0 IntentCount:0 SysBytes:0 SysCount:0}
I200514 14:58:04.737452 122 server/status/runtime.go:498  [n1] runtime stats: 230 MiB RSS, 126 goroutines, 97 MiB/87 MiB/202 MiB GO alloc/idle/total, 76 MiB/90 MiB CGO alloc/total, 4551.2 CGO/sec, 2.6/0.7 %(u/s)time, 0.0 %gc (1x), 5.8 KiB/5.8 KiB (r/w)net
I200514 14:58:14.738327 122 server/status/runtime.go:498  [n1] runtime stats: 231 MiB RSS, 127 goroutines, 105 MiB/80 MiB/202 MiB GO alloc/idle/total, 77 MiB/91 MiB CGO alloc/total, 170.7 CGO/sec, 0.5/0.2 %(u/s)time, 0.0 %gc (0x), 5.5 KiB/5.4 KiB (r/w)net
I200514 14:58:24.737838 122 server/status/runtime.go:498  [n1] runtime stats: 231 MiB RSS, 127 goroutines, 113 MiB/73 MiB/202 MiB GO alloc/idle/total, 77 MiB/91 MiB CGO alloc/total, 28.5 CGO/sec, 0.4/0.2 %(u/s)time, 0.0 %gc (0x), 1.0 KiB/1.0 KiB (r/w)net
I200514 14:58:34.735532 118 gossip/gossip.go:566  [n1] gossip status (ok, 1 node)
gossip client (0/3 cur/max conns)
gossip server (0/3 cur/max conns, infos 0/0 sent/received, bytes 0B/0B sent/received)
gossip connectivity
  n1 [sentinel];
I200514 14:58:34.737965 122 server/status/runtime.go:498  [n1] runtime stats: 231 MiB RSS, 130 goroutines, 122 MiB/65 MiB/202 MiB GO alloc/idle/total, 77 MiB/91 MiB CGO alloc/total, 35.0 CGO/sec, 0.5/0.2 %(u/s)time, 0.0 %gc (0x), 1.0 KiB/1.0 KiB (r/w)net
I200514 14:58:44.738113 122 server/status/runtime.go:498  [n1] runtime stats: 232 MiB RSS, 126 goroutines, 133 MiB/55 MiB/202 MiB GO alloc/idle/total, 77 MiB/91 MiB CGO alloc/total, 87.4 CGO/sec, 0.6/0.2 %(u/s)time, 0.0 %gc (0x), 1.6 KiB/1.5 KiB (r/w)net
I200514 14:58:54.738191 122 server/status/runtime.go:498  [n1] runtime stats: 234 MiB RSS, 126 goroutines, 141 MiB/46 MiB/202 MiB GO alloc/idle/total, 77 MiB/91 MiB CGO alloc/total, 24.8 CGO/sec, 0.3/0.2 %(u/s)time, 0.0 %gc (0x), 1.0 KiB/1.0 KiB (r/w)net
I200514 14:59:04.738435 122 server/status/runtime.go:498  [n1] runtime stats: 243 MiB RSS, 127 goroutines, 82 MiB/100 MiB/202 MiB GO alloc/idle/total, 77 MiB/91 MiB CGO alloc/total, 27.9 CGO/sec, 0.5/0.1 %(u/s)time, 0.0 %gc (1x), 1.0 KiB/1.0 KiB (r/w)net
I200514 14:59:14.738574 122 server/status/runtime.go:498  [n1] runtime stats: 243 MiB RSS, 127 goroutines, 89 MiB/95 MiB/202 MiB GO alloc/idle/total, 77 MiB/91 MiB CGO alloc/total, 25.9 CGO/sec, 0.3/0.1 %(u/s)time, 0.0 %gc (0x), 1.4 KiB/1.4 KiB (r/w)net
I200514 14:59:24.738706 122 server/status/runtime.go:498  [n1] runtime stats: 243 MiB RSS, 127 goroutines, 95 MiB/90 MiB/202 MiB GO alloc/idle/total, 77 MiB/92 MiB CGO alloc/total, 27.5 CGO/sec, 0.4/0.1 %(u/s)time, 0.0 %gc (0x), 1.0 KiB/1.0 KiB (r/w)net
I200514 14:59:34.735507 118 gossip/gossip.go:566  [n1] gossip status (ok, 1 node)
gossip client (0/3 cur/max conns)
gossip server (0/3 cur/max conns, infos 0/0 sent/received, bytes 0B/0B sent/received)
I200514 14:59:34.738833 122 server/status/runtime.go:498  [n1] runtime stats: 244 MiB RSS, 127 goroutines, 102 MiB/84 MiB/202 MiB GO alloc/idle/total, 77 MiB/92 MiB CGO alloc/total, 26.0 CGO/sec, 0.2/0.1 %(u/s)time, 0.0 %gc (0x), 1.0 KiB/1.0 KiB (r/w)net
I200514 14:59:44.738959 122 server/status/runtime.go:498  [n1] runtime stats: 244 MiB RSS, 126 goroutines, 109 MiB/78 MiB/202 MiB GO alloc/idle/total, 77 MiB/92 MiB CGO alloc/total, 50.8 CGO/sec, 0.4/0.1 %(u/s)time, 0.0 %gc (0x), 1.5 KiB/1.5 KiB (r/w)net
I200514 14:59:54.739216 122 server/status/runtime.go:498  [n1] runtime stats: 244 MiB RSS, 126 goroutines, 115 MiB/72 MiB/202 MiB GO alloc/idle/total, 77 MiB/92 MiB CGO alloc/total, 30.0 CGO/sec, 0.3/0.1 %(u/s)time, 0.0 %gc (0x), 1.1 KiB/1.0 KiB (r/w)net
I200514 15:00:04.739181 122 server/status/runtime.go:498  [n1] runtime stats: 244 MiB RSS, 126 goroutines, 122 MiB/65 MiB/202 MiB GO alloc/idle/total, 77 MiB/92 MiB CGO alloc/total, 41.1 CGO/sec, 0.3/0.2 %(u/s)time, 0.0 %gc (0x), 1.0 KiB/1.0 KiB (r/w)net
I200514 15:00:14.739261 122 server/status/runtime.go:498  [n1] runtime stats: 245 MiB RSS, 127 goroutines, 129 MiB/59 MiB/202 MiB GO alloc/idle/total, 77 MiB/92 MiB CGO alloc/total, 24.5 CGO/sec, 0.3/0.1 %(u/s)time, 0.0 %gc (0x), 1.3 KiB/1.3 KiB (r/w)net
I200514 15:00:24.739487 122 server/status/runtime.go:498  [n1] runtime stats: 245 MiB RSS, 127 goroutines, 135 MiB/53 MiB/202 MiB GO alloc/idle/total, 77 MiB/92 MiB CGO alloc/total, 24.0 CGO/sec, 0.2/0.1 %(u/s)time, 0.0 %gc (0x), 1.0 KiB/1.0 KiB (r/w)net
I200514 15:00:34.735517 118 gossip/gossip.go:566  [n1] gossip status (ok, 1 node)
gossip client (0/3 cur/max conns)
gossip server (0/3 cur/max conns, infos 0/0 sent/received, bytes 0B/0B sent/received)
I200514 15:00:34.739482 122 server/status/runtime.go:498  [n1] runtime stats: 246 MiB RSS, 127 goroutines, 141 MiB/47 MiB/202 MiB GO alloc/idle/total, 77 MiB/92 MiB CGO alloc/total, 28.0 CGO/sec, 0.3/0.2 %(u/s)time, 0.0 %gc (0x), 1.0 KiB/1.0 KiB (r/w)net
I200514 15:00:44.739679 122 server/status/runtime.go:498  [n1] runtime stats: 246 MiB RSS, 126 goroutines, 149 MiB/40 MiB/202 MiB GO alloc/idle/total, 77 MiB/92 MiB CGO alloc/total, 56.1 CGO/sec, 0.3/0.2 %(u/s)time, 0.0 %gc (0x), 1.4 KiB/1.4 KiB (r/w)net
I200514 15:00:52.793592 1 cli/start.go:865  received signal 'terminated'
I200514 15:00:52.794041 1 cli/start.go:930  initiating graceful shutdown of server
I200514 15:00:52.811417 3042 util/stop/stopper.go:542  [server drain process] quiescing; tasks left:
1      [async] intent_resolver_ir_batcher
1      [async] intent_resolver_gc_batcher
1      [async] closedts-rangefeed-subscriber
I200514 15:00:52.821227 3042 util/stop/stopper.go:542  [server drain process] quiescing; tasks left:
1      [async] intent_resolver_ir_batcher
1      [async] closedts-rangefeed-subscriber
I200514 15:00:52.821443 3042 util/stop/stopper.go:542  [server drain process] quiescing; tasks left:
1      [async] closedts-rangefeed-subscriber
W200514 15:00:52.822030 59 vendor/google.golang.org/grpc/clientconn.go:1206  grpc: addrConn.createTransport failed to connect to {3cca733fd4d5:26257 0  <nil>}. Err :connection error: desc = "transport: failed to write client preface: io: read/write on closed pipe". Reconnecting...
I200514 15:00:52.822995 3042 storage/engine/rocksdb.go:762  closing rocksdb instance at "/var/lib/cockroach/cockroach-temp792624327"
I200514 15:00:52.838438 3042 storage/engine/rocksdb.go:762  closing rocksdb instance at "/var/lib/cockroach"
I200514 15:00:52.862074 1 cli/start.go:976  server drained and shutdown completed
