I200514 19:35:54.885476 13 util/log/clog.go:1196  [config] file created at: 2020/05/14 19:35:54
I200514 19:35:54.885476 13 util/log/clog.go:1196  [config] running on machine: 13680cf63d20
I200514 19:35:54.885476 13 util/log/clog.go:1196  [config] binary: CockroachDB CCL v19.2.5 (x86_64-unknown-linux-gnu, built 2020/03/16 18:27:12, go1.12.12)
I200514 19:35:54.885476 13 util/log/clog.go:1196  [config] arguments: [/cockroach/cockroach start --insecure --store=attrs=ssd,path=/var/lib/cockroach/]
I200514 19:35:54.885476 13 util/log/clog.go:1196  line format: [IWEF]yymmdd hh:mm:ss.uuuuuu goid file:line msg utf8=✓
I200514 19:35:54.885475 13 storage/engine/rocksdb.go:120  RocksDB version: 6.2.1
I200514 19:35:54.891166 13 storage/engine/rocksdb.go:120  Git sha rocksdb_build_git_sha:@b7009236531fa784872f4823eabf393501e41bf2@
I200514 19:35:54.891170 13 storage/engine/rocksdb.go:120  Compile date Mar 16 2020
I200514 19:35:54.891173 13 storage/engine/rocksdb.go:120  DB SUMMARY
I200514 19:35:54.891840 13 storage/engine/rocksdb.go:120  SST files in /var/lib/cockroach/cockroach-temp397560081 dir, Total Num: 0, files: 
I200514 19:35:55.096355 13 storage/engine/rocksdb.go:120  Write Ahead Log file in /var/lib/cockroach/cockroach-temp397560081: 
I200514 19:35:55.096360 13 storage/engine/rocksdb.go:120                          Options.error_if_exists: 0
I200514 19:35:55.096363 13 storage/engine/rocksdb.go:120                        Options.create_if_missing: 1
I200514 19:35:55.096366 13 storage/engine/rocksdb.go:120                          Options.paranoid_checks: 1
I200514 19:35:55.096369 13 storage/engine/rocksdb.go:120                                      Options.env: 0x75757a0
I200514 19:35:55.096371 13 storage/engine/rocksdb.go:120                                 Options.info_log: 0x7f0128c87f80
I200514 19:35:55.096374 13 storage/engine/rocksdb.go:120                 Options.max_file_opening_threads: 16
I200514 19:35:55.096377 13 storage/engine/rocksdb.go:120                               Options.statistics: 0x7f0128c1d8d0
I200514 19:35:55.096379 13 storage/engine/rocksdb.go:120                                Options.use_fsync: 0
I200514 19:35:55.096382 13 storage/engine/rocksdb.go:120                        Options.max_log_file_size: 0
I200514 19:35:55.096385 13 storage/engine/rocksdb.go:120                   Options.max_manifest_file_size: 134217728
I200514 19:35:55.096388 13 storage/engine/rocksdb.go:120                    Options.log_file_time_to_roll: 0
I200514 19:35:55.096390 13 storage/engine/rocksdb.go:120                        Options.keep_log_file_num: 1000
I200514 19:35:55.096393 13 storage/engine/rocksdb.go:120                     Options.recycle_log_file_num: 1
I200514 19:35:55.096395 13 storage/engine/rocksdb.go:120                          Options.allow_fallocate: 1
I200514 19:35:55.096398 13 storage/engine/rocksdb.go:120                         Options.allow_mmap_reads: 0
I200514 19:35:55.096401 13 storage/engine/rocksdb.go:120                        Options.allow_mmap_writes: 0
I200514 19:35:55.096404 13 storage/engine/rocksdb.go:120                         Options.use_direct_reads: 0
I200514 19:35:55.096406 13 storage/engine/rocksdb.go:120                         Options.use_direct_io_for_flush_and_compaction: 0
I200514 19:35:55.096409 13 storage/engine/rocksdb.go:120           Options.create_missing_column_families: 0
I200514 19:35:55.096412 13 storage/engine/rocksdb.go:120                               Options.db_log_dir: 
I200514 19:35:55.096415 13 storage/engine/rocksdb.go:120                                  Options.wal_dir: /var/lib/cockroach/cockroach-temp397560081
I200514 19:35:55.096417 13 storage/engine/rocksdb.go:120                 Options.table_cache_numshardbits: 6
I200514 19:35:55.096420 13 storage/engine/rocksdb.go:120                       Options.max_subcompactions: 1
I200514 19:35:55.096423 13 storage/engine/rocksdb.go:120                   Options.max_background_flushes: -1
I200514 19:35:55.096426 13 storage/engine/rocksdb.go:120                          Options.WAL_ttl_seconds: 0
I200514 19:35:55.096428 13 storage/engine/rocksdb.go:120                        Options.WAL_size_limit_MB: 0
I200514 19:35:55.096431 13 storage/engine/rocksdb.go:120              Options.manifest_preallocation_size: 4194304
I200514 19:35:55.096433 13 storage/engine/rocksdb.go:120                      Options.is_fd_close_on_exec: 1
I200514 19:35:55.096436 13 storage/engine/rocksdb.go:120                    Options.advise_random_on_open: 1
I200514 19:35:55.096438 13 storage/engine/rocksdb.go:120                     Options.db_write_buffer_size: 0
I200514 19:35:55.096441 13 storage/engine/rocksdb.go:120                     Options.write_buffer_manager: 0x7f0128c60d70
I200514 19:35:55.096445 13 storage/engine/rocksdb.go:120          Options.access_hint_on_compaction_start: 1
I200514 19:35:55.096448 13 storage/engine/rocksdb.go:120   Options.new_table_reader_for_compaction_inputs: 0
I200514 19:35:55.096450 13 storage/engine/rocksdb.go:120            Options.random_access_max_buffer_size: 1048576
I200514 19:35:55.096453 13 storage/engine/rocksdb.go:120                       Options.use_adaptive_mutex: 0
I200514 19:35:55.096456 13 storage/engine/rocksdb.go:120                             Options.rate_limiter: (nil)
I200514 19:35:55.096459 13 storage/engine/rocksdb.go:120      Options.sst_file_manager.rate_bytes_per_sec: 0
I200514 19:35:55.096461 13 storage/engine/rocksdb.go:120                        Options.wal_recovery_mode: 0
I200514 19:35:55.096464 13 storage/engine/rocksdb.go:120                   Options.enable_thread_tracking: 0
I200514 19:35:55.096466 13 storage/engine/rocksdb.go:120                   Options.enable_pipelined_write: 0
I200514 19:35:55.096469 13 storage/engine/rocksdb.go:120          Options.allow_concurrent_memtable_write: 1
I200514 19:35:55.096471 13 storage/engine/rocksdb.go:120       Options.enable_write_thread_adaptive_yield: 1
I200514 19:35:55.096474 13 storage/engine/rocksdb.go:120              Options.write_thread_max_yield_usec: 100
I200514 19:35:55.096476 13 storage/engine/rocksdb.go:120             Options.write_thread_slow_yield_usec: 3
I200514 19:35:55.096479 13 storage/engine/rocksdb.go:120                                Options.row_cache: None
I200514 19:35:55.096482 13 storage/engine/rocksdb.go:120                               Options.wal_filter: None
I200514 19:35:55.096484 13 storage/engine/rocksdb.go:120              Options.avoid_flush_during_recovery: 0
I200514 19:35:55.096487 13 storage/engine/rocksdb.go:120              Options.allow_ingest_behind: 0
I200514 19:35:55.096489 13 storage/engine/rocksdb.go:120              Options.preserve_deletes: 0
I200514 19:35:55.096492 13 storage/engine/rocksdb.go:120              Options.two_write_queues: 0
I200514 19:35:55.096495 13 storage/engine/rocksdb.go:120              Options.manual_wal_flush: 1
I200514 19:35:55.096497 13 storage/engine/rocksdb.go:120              Options.atomic_flush: 0
I200514 19:35:55.096500 13 storage/engine/rocksdb.go:120              Options.avoid_unnecessary_blocking_io: 0
I200514 19:35:55.096502 13 storage/engine/rocksdb.go:120              Options.max_background_jobs: 2
I200514 19:35:55.096505 13 storage/engine/rocksdb.go:120              Options.max_background_compactions: -1
I200514 19:35:55.096508 13 storage/engine/rocksdb.go:120              Options.avoid_flush_during_shutdown: 0
I200514 19:35:55.096510 13 storage/engine/rocksdb.go:120            Options.writable_file_max_buffer_size: 1048576
I200514 19:35:55.096513 13 storage/engine/rocksdb.go:120              Options.delayed_write_rate : 16777216
I200514 19:35:55.096516 13 storage/engine/rocksdb.go:120              Options.max_total_wal_size: 0
I200514 19:35:55.096518 13 storage/engine/rocksdb.go:120              Options.delete_obsolete_files_period_micros: 21600000000
I200514 19:35:55.096521 13 storage/engine/rocksdb.go:120                    Options.stats_dump_period_sec: 0
I200514 19:35:55.096523 13 storage/engine/rocksdb.go:120                  Options.stats_persist_period_sec: 600
I200514 19:35:55.096527 13 storage/engine/rocksdb.go:120                  Options.stats_history_buffer_size: 1048576
I200514 19:35:55.096530 13 storage/engine/rocksdb.go:120                           Options.max_open_files: 128
I200514 19:35:55.096532 13 storage/engine/rocksdb.go:120                           Options.bytes_per_sync: 524288
I200514 19:35:55.096535 13 storage/engine/rocksdb.go:120                       Options.wal_bytes_per_sync: 0
I200514 19:35:55.096537 13 storage/engine/rocksdb.go:120                    Options.strict_bytes_per_sync: 1
I200514 19:35:55.096540 13 storage/engine/rocksdb.go:120        Options.compaction_readahead_size: 0
I200514 19:35:55.096543 13 storage/engine/rocksdb.go:120  Compression algorithms supported:
I200514 19:35:55.096547 13 storage/engine/rocksdb.go:120  	kZSTDNotFinalCompression supported: 0
I200514 19:35:55.096549 13 storage/engine/rocksdb.go:120  	kZSTD supported: 0
I200514 19:35:55.096552 13 storage/engine/rocksdb.go:120  	kXpressCompression supported: 0
I200514 19:35:55.096555 13 storage/engine/rocksdb.go:120  	kLZ4HCCompression supported: 0
I200514 19:35:55.096558 13 storage/engine/rocksdb.go:120  	kLZ4Compression supported: 0
I200514 19:35:55.096560 13 storage/engine/rocksdb.go:120  	kBZip2Compression supported: 0
I200514 19:35:55.096563 13 storage/engine/rocksdb.go:120  	kZlibCompression supported: 0
I200514 19:35:55.096566 13 storage/engine/rocksdb.go:120  	kSnappyCompression supported: 1
I200514 19:35:55.096573 13 storage/engine/rocksdb.go:120  Fast CRC32 supported: Supported on x86
I200514 19:35:55.099160 13 storage/engine/rocksdb.go:120  [db/db_impl_open.cc:242] Creating manifest 1 
I200514 19:35:55.117445 13 storage/engine/rocksdb.go:120  [db/version_set.cc:4072] Recovering from manifest file: /var/lib/cockroach/cockroach-temp397560081/MANIFEST-000001
I200514 19:35:55.118677 13 storage/engine/rocksdb.go:120  [db/column_family.cc:488] --------------- Options for column family [default]:
I200514 19:35:55.118682 13 storage/engine/rocksdb.go:120                Options.comparator: cockroach_comparator
I200514 19:35:55.118685 13 storage/engine/rocksdb.go:120            Options.merge_operator: cockroach_merge_operator
I200514 19:35:55.118688 13 storage/engine/rocksdb.go:120         Options.compaction_filter: None
I200514 19:35:55.118691 13 storage/engine/rocksdb.go:120         Options.compaction_filter_factory: None
I200514 19:35:55.118706 13 storage/engine/rocksdb.go:120          Options.memtable_factory: SkipListFactory
I200514 19:35:55.118712 13 storage/engine/rocksdb.go:120             Options.table_factory: BlockBasedTable
I200514 19:35:55.118740 13 storage/engine/rocksdb.go:120             table_factory options:   flush_block_policy_factory: FlushBlockBySizePolicyFactory (0x7f0128c24040)
  cache_index_and_filter_blocks: 0
  cache_index_and_filter_blocks_with_high_priority: 0
  pin_l0_filter_and_index_blocks_in_cache: 0
  pin_top_level_index_and_filter: 1
  index_type: 0
  data_block_index_type: 0
  index_shortening: 1
  data_block_hash_table_util_ratio: 0.750000
  hash_index_allow_collision: 1
  checksum: 1
  no_block_cache: 0
  block_cache: 0x7f0128c7a190
  block_cache_name: LRUCache
  block_cache_options:
    capacity : 1048576
    num_shard_bits : 4
    strict_capacity_limit : 0
    memory_allocator : None
    high_pri_pool_ratio: 0.000
  block_cache_compressed: (nil)
  persistent_cache: (nil)
  block_size: 32768
  block_size_deviation: 10
  block_restart_interval: 16
  index_block_restart_interval: 1
  metadata_block_size: 4096
  partition_filters: 0
  use_delta_encoding: 1
  filter_policy: rocksdb.BuiltinBloomFilter
  whole_key_filtering: 0
  verify_compression: 0
  read_amp_bytes_per_bit: 0
  format_version: 2
  enable_index_compression: 1
  block_align: 0
I200514 19:35:55.118744 13 storage/engine/rocksdb.go:120         Options.write_buffer_size: 67108864
I200514 19:35:55.118748 13 storage/engine/rocksdb.go:120   Options.max_write_buffer_number: 4
I200514 19:35:55.118751 13 storage/engine/rocksdb.go:120           Options.compression: Snappy
I200514 19:35:55.118754 13 storage/engine/rocksdb.go:120                   Options.bottommost_compression: Disabled
I200514 19:35:55.118756 13 storage/engine/rocksdb.go:120        Options.prefix_extractor: cockroach_prefix_extractor
I200514 19:35:55.118759 13 storage/engine/rocksdb.go:120    Options.memtable_insert_with_hint_prefix_extractor: nullptr
I200514 19:35:55.118761 13 storage/engine/rocksdb.go:120              Options.num_levels: 7
I200514 19:35:55.118764 13 storage/engine/rocksdb.go:120         Options.min_write_buffer_number_to_merge: 1
I200514 19:35:55.118767 13 storage/engine/rocksdb.go:120      Options.max_write_buffer_number_to_maintain: 0
I200514 19:35:55.118769 13 storage/engine/rocksdb.go:120             Options.bottommost_compression_opts.window_bits: -14
I200514 19:35:55.118775 13 storage/engine/rocksdb.go:120                   Options.bottommost_compression_opts.level: 32767
I200514 19:35:55.118778 13 storage/engine/rocksdb.go:120                Options.bottommost_compression_opts.strategy: 0
I200514 19:35:55.118780 13 storage/engine/rocksdb.go:120          Options.bottommost_compression_opts.max_dict_bytes: 0
I200514 19:35:55.118783 13 storage/engine/rocksdb.go:120          Options.bottommost_compression_opts.zstd_max_train_bytes: 0
I200514 19:35:55.118786 13 storage/engine/rocksdb.go:120                   Options.bottommost_compression_opts.enabled: false
I200514 19:35:55.118788 13 storage/engine/rocksdb.go:120             Options.compression_opts.window_bits: -14
I200514 19:35:55.118791 13 storage/engine/rocksdb.go:120                   Options.compression_opts.level: 32767
I200514 19:35:55.118793 13 storage/engine/rocksdb.go:120                Options.compression_opts.strategy: 0
I200514 19:35:55.118796 13 storage/engine/rocksdb.go:120          Options.compression_opts.max_dict_bytes: 0
I200514 19:35:55.118798 13 storage/engine/rocksdb.go:120          Options.compression_opts.zstd_max_train_bytes: 0
I200514 19:35:55.118804 13 storage/engine/rocksdb.go:120                   Options.compression_opts.enabled: false
I200514 19:35:55.118807 13 storage/engine/rocksdb.go:120       Options.level0_file_num_compaction_trigger: 2
I200514 19:35:55.118810 13 storage/engine/rocksdb.go:120           Options.level0_slowdown_writes_trigger: 950
I200514 19:35:55.118812 13 storage/engine/rocksdb.go:120               Options.level0_stop_writes_trigger: 1000
I200514 19:35:55.118815 13 storage/engine/rocksdb.go:120                    Options.target_file_size_base: 4194304
I200514 19:35:55.118818 13 storage/engine/rocksdb.go:120              Options.target_file_size_multiplier: 2
I200514 19:35:55.118820 13 storage/engine/rocksdb.go:120                 Options.max_bytes_for_level_base: 67108864
I200514 19:35:55.118823 13 storage/engine/rocksdb.go:120  Options.level_compaction_dynamic_level_bytes: 1
I200514 19:35:55.118826 13 storage/engine/rocksdb.go:120           Options.max_bytes_for_level_multiplier: 10.000000
I200514 19:35:55.118829 13 storage/engine/rocksdb.go:120  Options.max_bytes_for_level_multiplier_addtl[0]: 1
I200514 19:35:55.118831 13 storage/engine/rocksdb.go:120  Options.max_bytes_for_level_multiplier_addtl[1]: 1
I200514 19:35:55.118834 13 storage/engine/rocksdb.go:120  Options.max_bytes_for_level_multiplier_addtl[2]: 1
I200514 19:35:55.118836 13 storage/engine/rocksdb.go:120  Options.max_bytes_for_level_multiplier_addtl[3]: 1
I200514 19:35:55.118839 13 storage/engine/rocksdb.go:120  Options.max_bytes_for_level_multiplier_addtl[4]: 1
I200514 19:35:55.118841 13 storage/engine/rocksdb.go:120  Options.max_bytes_for_level_multiplier_addtl[5]: 1
I200514 19:35:55.118844 13 storage/engine/rocksdb.go:120  Options.max_bytes_for_level_multiplier_addtl[6]: 1
I200514 19:35:55.118846 13 storage/engine/rocksdb.go:120        Options.max_sequential_skip_in_iterations: 8
I200514 19:35:55.118849 13 storage/engine/rocksdb.go:120                     Options.max_compaction_bytes: 104857600
I200514 19:35:55.118851 13 storage/engine/rocksdb.go:120                         Options.arena_block_size: 8388608
I200514 19:35:55.118854 13 storage/engine/rocksdb.go:120    Options.soft_pending_compaction_bytes_limit: 2199023255552
I200514 19:35:55.118856 13 storage/engine/rocksdb.go:120    Options.hard_pending_compaction_bytes_limit: 4400193994752
I200514 19:35:55.118859 13 storage/engine/rocksdb.go:120        Options.rate_limit_delay_max_milliseconds: 100
I200514 19:35:55.118861 13 storage/engine/rocksdb.go:120                 Options.disable_auto_compactions: 0
I200514 19:35:55.118864 13 storage/engine/rocksdb.go:120                         Options.compaction_style: kCompactionStyleLevel
I200514 19:35:55.118867 13 storage/engine/rocksdb.go:120                           Options.compaction_pri: kMinOverlappingRatio
I200514 19:35:55.118870 13 storage/engine/rocksdb.go:120  Options.compaction_options_universal.size_ratio: 1
I200514 19:35:55.118873 13 storage/engine/rocksdb.go:120  Options.compaction_options_universal.min_merge_width: 2
I200514 19:35:55.118876 13 storage/engine/rocksdb.go:120  Options.compaction_options_universal.max_merge_width: 4294967295
I200514 19:35:55.118879 13 storage/engine/rocksdb.go:120  Options.compaction_options_universal.max_size_amplification_percent: 200
I200514 19:35:55.118881 13 storage/engine/rocksdb.go:120  Options.compaction_options_universal.compression_size_percent: -1
I200514 19:35:55.118884 13 storage/engine/rocksdb.go:120  Options.compaction_options_universal.stop_style: kCompactionStopStyleTotalSize
I200514 19:35:55.118887 13 storage/engine/rocksdb.go:120  Options.compaction_options_fifo.max_table_files_size: 1073741824
I200514 19:35:55.118889 13 storage/engine/rocksdb.go:120  Options.compaction_options_fifo.allow_compaction: 0
I200514 19:35:55.118893 13 storage/engine/rocksdb.go:120                    Options.table_properties_collectors: TimeBoundTblPropCollectorFactory; DeleteRangeTblPropCollectorFactory; 
I200514 19:35:55.118896 13 storage/engine/rocksdb.go:120                    Options.inplace_update_support: 0
I200514 19:35:55.118899 13 storage/engine/rocksdb.go:120                  Options.inplace_update_num_locks: 10000
I200514 19:35:55.118902 13 storage/engine/rocksdb.go:120                Options.memtable_prefix_bloom_size_ratio: 0.000000
I200514 19:35:55.118904 13 storage/engine/rocksdb.go:120                Options.memtable_whole_key_filtering: 0
I200514 19:35:55.118907 13 storage/engine/rocksdb.go:120    Options.memtable_huge_page_size: 0
I200514 19:35:55.118909 13 storage/engine/rocksdb.go:120                            Options.bloom_locality: 0
I200514 19:35:55.118912 13 storage/engine/rocksdb.go:120                     Options.max_successive_merges: 0
I200514 19:35:55.118914 13 storage/engine/rocksdb.go:120                 Options.optimize_filters_for_hits: 1
I200514 19:35:55.118917 13 storage/engine/rocksdb.go:120                 Options.paranoid_file_checks: 0
I200514 19:35:55.118920 13 storage/engine/rocksdb.go:120                 Options.force_consistency_checks: 0
I200514 19:35:55.118922 13 storage/engine/rocksdb.go:120                 Options.report_bg_io_stats: 0
I200514 19:35:55.118925 13 storage/engine/rocksdb.go:120                                Options.ttl: 0
I200514 19:35:55.118929 13 storage/engine/rocksdb.go:120           Options.periodic_compaction_seconds: 0
I200514 19:35:55.120105 13 storage/engine/rocksdb.go:120  [db/version_set.cc:4286] Recovered from manifest file:/var/lib/cockroach/cockroach-temp397560081/MANIFEST-000001 succeeded,manifest_file_number is 1, next_file_number is 3, last_sequence is 0, log_number is 0,prev_log_number is 0,max_column_family is 0,min_log_number_to_keep is 0
I200514 19:35:55.120110 13 storage/engine/rocksdb.go:120  [db/version_set.cc:4295] Column family [default] (ID 0), log number is 0
I200514 19:35:55.142192 13 storage/engine/rocksdb.go:120  DB pointer 0x7f0128d5f000
I200514 19:35:55.167187 13 storage/engine/rocksdb.go:120  RocksDB version: 6.2.1
I200514 19:35:55.167218 13 storage/engine/rocksdb.go:120  Git sha rocksdb_build_git_sha:@b7009236531fa784872f4823eabf393501e41bf2@
I200514 19:35:55.167225 13 storage/engine/rocksdb.go:120  Compile date Mar 16 2020
I200514 19:35:55.167229 13 storage/engine/rocksdb.go:120  DB SUMMARY
I200514 19:35:55.168552 13 storage/engine/rocksdb.go:120  CURRENT file:  CURRENT
I200514 19:35:55.168560 13 storage/engine/rocksdb.go:120  IDENTITY file:  IDENTITY
I200514 19:35:55.168957 13 storage/engine/rocksdb.go:120  MANIFEST file:  MANIFEST-000637 size: 1008 Bytes
I200514 19:35:55.168964 13 storage/engine/rocksdb.go:120  SST files in /var/lib/cockroach dir, Total Num: 3, files: 000641.sst 000642.sst 000643.sst 
I200514 19:35:55.168967 13 storage/engine/rocksdb.go:120  Write Ahead Log file in /var/lib/cockroach: 000638.log size: 2981813 ; 
I200514 19:35:55.168971 13 storage/engine/rocksdb.go:120                          Options.error_if_exists: 0
I200514 19:35:55.168997 13 storage/engine/rocksdb.go:120                        Options.create_if_missing: 1
I200514 19:35:55.169001 13 storage/engine/rocksdb.go:120                          Options.paranoid_checks: 1
I200514 19:35:55.169004 13 storage/engine/rocksdb.go:120                                      Options.env: 0x75757a0
I200514 19:35:55.169007 13 storage/engine/rocksdb.go:120                                 Options.info_log: 0x7f012340d0a0
I200514 19:35:55.169010 13 storage/engine/rocksdb.go:120                 Options.max_file_opening_threads: 16
I200514 19:35:55.169012 13 storage/engine/rocksdb.go:120                               Options.statistics: 0x7f0123424010
I200514 19:35:55.169015 13 storage/engine/rocksdb.go:120                                Options.use_fsync: 0
I200514 19:35:55.169018 13 storage/engine/rocksdb.go:120                        Options.max_log_file_size: 0
I200514 19:35:55.169021 13 storage/engine/rocksdb.go:120                   Options.max_manifest_file_size: 134217728
I200514 19:35:55.169023 13 storage/engine/rocksdb.go:120                    Options.log_file_time_to_roll: 0
I200514 19:35:55.169026 13 storage/engine/rocksdb.go:120                        Options.keep_log_file_num: 1000
I200514 19:35:55.169028 13 storage/engine/rocksdb.go:120                     Options.recycle_log_file_num: 1
I200514 19:35:55.169031 13 storage/engine/rocksdb.go:120                          Options.allow_fallocate: 1
I200514 19:35:55.169034 13 storage/engine/rocksdb.go:120                         Options.allow_mmap_reads: 0
I200514 19:35:55.169036 13 storage/engine/rocksdb.go:120                        Options.allow_mmap_writes: 0
I200514 19:35:55.169039 13 storage/engine/rocksdb.go:120                         Options.use_direct_reads: 0
I200514 19:35:55.169041 13 storage/engine/rocksdb.go:120                         Options.use_direct_io_for_flush_and_compaction: 0
I200514 19:35:55.169044 13 storage/engine/rocksdb.go:120           Options.create_missing_column_families: 0
I200514 19:35:55.169047 13 storage/engine/rocksdb.go:120                               Options.db_log_dir: 
I200514 19:35:55.169049 13 storage/engine/rocksdb.go:120                                  Options.wal_dir: /var/lib/cockroach
I200514 19:35:55.169052 13 storage/engine/rocksdb.go:120                 Options.table_cache_numshardbits: 6
I200514 19:35:55.169054 13 storage/engine/rocksdb.go:120                       Options.max_subcompactions: 1
I200514 19:35:55.169057 13 storage/engine/rocksdb.go:120                   Options.max_background_flushes: -1
I200514 19:35:55.169059 13 storage/engine/rocksdb.go:120                          Options.WAL_ttl_seconds: 0
I200514 19:35:55.169062 13 storage/engine/rocksdb.go:120                        Options.WAL_size_limit_MB: 0
I200514 19:35:55.169064 13 storage/engine/rocksdb.go:120              Options.manifest_preallocation_size: 4194304
I200514 19:35:55.169067 13 storage/engine/rocksdb.go:120                      Options.is_fd_close_on_exec: 1
I200514 19:35:55.169069 13 storage/engine/rocksdb.go:120                    Options.advise_random_on_open: 1
I200514 19:35:55.169072 13 storage/engine/rocksdb.go:120                     Options.db_write_buffer_size: 0
I200514 19:35:55.169075 13 storage/engine/rocksdb.go:120                     Options.write_buffer_manager: 0x7f012348c030
I200514 19:35:55.169077 13 storage/engine/rocksdb.go:120          Options.access_hint_on_compaction_start: 1
I200514 19:35:55.169079 13 storage/engine/rocksdb.go:120   Options.new_table_reader_for_compaction_inputs: 0
I200514 19:35:55.169082 13 storage/engine/rocksdb.go:120            Options.random_access_max_buffer_size: 1048576
I200514 19:35:55.169084 13 storage/engine/rocksdb.go:120                       Options.use_adaptive_mutex: 0
I200514 19:35:55.169087 13 storage/engine/rocksdb.go:120                             Options.rate_limiter: (nil)
I200514 19:35:55.169090 13 storage/engine/rocksdb.go:120      Options.sst_file_manager.rate_bytes_per_sec: 0
I200514 19:35:55.169093 13 storage/engine/rocksdb.go:120                        Options.wal_recovery_mode: 0
I200514 19:35:55.169097 13 storage/engine/rocksdb.go:120                   Options.enable_thread_tracking: 0
I200514 19:35:55.169099 13 storage/engine/rocksdb.go:120                   Options.enable_pipelined_write: 0
I200514 19:35:55.169102 13 storage/engine/rocksdb.go:120          Options.allow_concurrent_memtable_write: 1
I200514 19:35:55.169105 13 storage/engine/rocksdb.go:120       Options.enable_write_thread_adaptive_yield: 1
I200514 19:35:55.169108 13 storage/engine/rocksdb.go:120              Options.write_thread_max_yield_usec: 100
I200514 19:35:55.169112 13 storage/engine/rocksdb.go:120             Options.write_thread_slow_yield_usec: 3
I200514 19:35:55.169115 13 storage/engine/rocksdb.go:120                                Options.row_cache: None
I200514 19:35:55.169119 13 storage/engine/rocksdb.go:120                               Options.wal_filter: None
I200514 19:35:55.169122 13 storage/engine/rocksdb.go:120              Options.avoid_flush_during_recovery: 0
I200514 19:35:55.169126 13 storage/engine/rocksdb.go:120              Options.allow_ingest_behind: 0
I200514 19:35:55.169129 13 storage/engine/rocksdb.go:120              Options.preserve_deletes: 0
I200514 19:35:55.169131 13 storage/engine/rocksdb.go:120              Options.two_write_queues: 0
I200514 19:35:55.169134 13 storage/engine/rocksdb.go:120              Options.manual_wal_flush: 1
I200514 19:35:55.169136 13 storage/engine/rocksdb.go:120              Options.atomic_flush: 0
I200514 19:35:55.169139 13 storage/engine/rocksdb.go:120              Options.avoid_unnecessary_blocking_io: 0
I200514 19:35:55.169142 13 storage/engine/rocksdb.go:120              Options.max_background_jobs: 2
I200514 19:35:55.169148 13 storage/engine/rocksdb.go:120              Options.max_background_compactions: -1
I200514 19:35:55.169154 13 storage/engine/rocksdb.go:120              Options.avoid_flush_during_shutdown: 0
I200514 19:35:55.169162 13 storage/engine/rocksdb.go:120            Options.writable_file_max_buffer_size: 1048576
I200514 19:35:55.169165 13 storage/engine/rocksdb.go:120              Options.delayed_write_rate : 16777216
I200514 19:35:55.169168 13 storage/engine/rocksdb.go:120              Options.max_total_wal_size: 0
I200514 19:35:55.169171 13 storage/engine/rocksdb.go:120              Options.delete_obsolete_files_period_micros: 21600000000
I200514 19:35:55.169173 13 storage/engine/rocksdb.go:120                    Options.stats_dump_period_sec: 0
I200514 19:35:55.169176 13 storage/engine/rocksdb.go:120                  Options.stats_persist_period_sec: 600
I200514 19:35:55.169178 13 storage/engine/rocksdb.go:120                  Options.stats_history_buffer_size: 1048576
I200514 19:35:55.169181 13 storage/engine/rocksdb.go:120                           Options.max_open_files: 1043576
I200514 19:35:55.169184 13 storage/engine/rocksdb.go:120                           Options.bytes_per_sync: 524288
I200514 19:35:55.169186 13 storage/engine/rocksdb.go:120                       Options.wal_bytes_per_sync: 0
I200514 19:35:55.169189 13 storage/engine/rocksdb.go:120                    Options.strict_bytes_per_sync: 1
I200514 19:35:55.169191 13 storage/engine/rocksdb.go:120        Options.compaction_readahead_size: 0
I200514 19:35:55.169209 13 storage/engine/rocksdb.go:120  Compression algorithms supported:
I200514 19:35:55.169217 13 storage/engine/rocksdb.go:120  	kZSTDNotFinalCompression supported: 0
I200514 19:35:55.169221 13 storage/engine/rocksdb.go:120  	kZSTD supported: 0
I200514 19:35:55.169225 13 storage/engine/rocksdb.go:120  	kXpressCompression supported: 0
I200514 19:35:55.169227 13 storage/engine/rocksdb.go:120  	kLZ4HCCompression supported: 0
I200514 19:35:55.169230 13 storage/engine/rocksdb.go:120  	kLZ4Compression supported: 0
I200514 19:35:55.169233 13 storage/engine/rocksdb.go:120  	kBZip2Compression supported: 0
I200514 19:35:55.169235 13 storage/engine/rocksdb.go:120  	kZlibCompression supported: 0
I200514 19:35:55.169239 13 storage/engine/rocksdb.go:120  	kSnappyCompression supported: 1
I200514 19:35:55.169251 13 storage/engine/rocksdb.go:120  Fast CRC32 supported: Supported on x86
I200514 19:35:55.171787 13 storage/engine/rocksdb.go:120  [db/version_set.cc:4072] Recovering from manifest file: /var/lib/cockroach/MANIFEST-000637
I200514 19:35:55.172212 13 storage/engine/rocksdb.go:120  [db/column_family.cc:488] --------------- Options for column family [default]:
I200514 19:35:55.172217 13 storage/engine/rocksdb.go:120                Options.comparator: cockroach_comparator
I200514 19:35:55.172221 13 storage/engine/rocksdb.go:120            Options.merge_operator: cockroach_merge_operator
I200514 19:35:55.172223 13 storage/engine/rocksdb.go:120         Options.compaction_filter: None
I200514 19:35:55.172226 13 storage/engine/rocksdb.go:120         Options.compaction_filter_factory: None
I200514 19:35:55.172229 13 storage/engine/rocksdb.go:120          Options.memtable_factory: SkipListFactory
I200514 19:35:55.172232 13 storage/engine/rocksdb.go:120             Options.table_factory: BlockBasedTable
I200514 19:35:55.172253 13 storage/engine/rocksdb.go:120             table_factory options:   flush_block_policy_factory: FlushBlockBySizePolicyFactory (0x7f0123422028)
  cache_index_and_filter_blocks: 0
  cache_index_and_filter_blocks_with_high_priority: 0
  pin_l0_filter_and_index_blocks_in_cache: 0
  pin_top_level_index_and_filter: 1
  index_type: 0
  data_block_index_type: 0
  index_shortening: 1
  data_block_hash_table_util_ratio: 0.750000
  hash_index_allow_collision: 1
  checksum: 1
  no_block_cache: 0
  block_cache: 0x7f0123414010
  block_cache_name: LRUCache
  block_cache_options:
    capacity : 67108864
    num_shard_bits : 4
    strict_capacity_limit : 0
    memory_allocator : None
    high_pri_pool_ratio: 0.000
  block_cache_compressed: (nil)
  persistent_cache: (nil)
  block_size: 32768
  block_size_deviation: 10
  block_restart_interval: 16
  index_block_restart_interval: 1
  metadata_block_size: 4096
  partition_filters: 0
  use_delta_encoding: 1
  filter_policy: rocksdb.BuiltinBloomFilter
  whole_key_filtering: 0
  verify_compression: 0
  read_amp_bytes_per_bit: 0
  format_version: 2
  enable_index_compression: 1
  block_align: 0
I200514 19:35:55.172258 13 storage/engine/rocksdb.go:120         Options.write_buffer_size: 67108864
I200514 19:35:55.172261 13 storage/engine/rocksdb.go:120   Options.max_write_buffer_number: 4
I200514 19:35:55.172265 13 storage/engine/rocksdb.go:120           Options.compression: Snappy
I200514 19:35:55.172267 13 storage/engine/rocksdb.go:120                   Options.bottommost_compression: Disabled
I200514 19:35:55.172270 13 storage/engine/rocksdb.go:120        Options.prefix_extractor: cockroach_prefix_extractor
I200514 19:35:55.172273 13 storage/engine/rocksdb.go:120    Options.memtable_insert_with_hint_prefix_extractor: nullptr
I200514 19:35:55.172275 13 storage/engine/rocksdb.go:120              Options.num_levels: 7
I200514 19:35:55.172278 13 storage/engine/rocksdb.go:120         Options.min_write_buffer_number_to_merge: 1
I200514 19:35:55.172281 13 storage/engine/rocksdb.go:120      Options.max_write_buffer_number_to_maintain: 0
I200514 19:35:55.172284 13 storage/engine/rocksdb.go:120             Options.bottommost_compression_opts.window_bits: -14
I200514 19:35:55.172287 13 storage/engine/rocksdb.go:120                   Options.bottommost_compression_opts.level: 32767
I200514 19:35:55.172289 13 storage/engine/rocksdb.go:120                Options.bottommost_compression_opts.strategy: 0
I200514 19:35:55.172292 13 storage/engine/rocksdb.go:120          Options.bottommost_compression_opts.max_dict_bytes: 0
I200514 19:35:55.172295 13 storage/engine/rocksdb.go:120          Options.bottommost_compression_opts.zstd_max_train_bytes: 0
I200514 19:35:55.172297 13 storage/engine/rocksdb.go:120                   Options.bottommost_compression_opts.enabled: false
I200514 19:35:55.172303 13 storage/engine/rocksdb.go:120             Options.compression_opts.window_bits: -14
I200514 19:35:55.172306 13 storage/engine/rocksdb.go:120                   Options.compression_opts.level: 32767
I200514 19:35:55.172310 13 storage/engine/rocksdb.go:120                Options.compression_opts.strategy: 0
I200514 19:35:55.172312 13 storage/engine/rocksdb.go:120          Options.compression_opts.max_dict_bytes: 0
I200514 19:35:55.172315 13 storage/engine/rocksdb.go:120          Options.compression_opts.zstd_max_train_bytes: 0
I200514 19:35:55.172317 13 storage/engine/rocksdb.go:120                   Options.compression_opts.enabled: false
I200514 19:35:55.172320 13 storage/engine/rocksdb.go:120       Options.level0_file_num_compaction_trigger: 2
I200514 19:35:55.172323 13 storage/engine/rocksdb.go:120           Options.level0_slowdown_writes_trigger: 950
I200514 19:35:55.172326 13 storage/engine/rocksdb.go:120               Options.level0_stop_writes_trigger: 1000
I200514 19:35:55.172328 13 storage/engine/rocksdb.go:120                    Options.target_file_size_base: 4194304
I200514 19:35:55.172331 13 storage/engine/rocksdb.go:120              Options.target_file_size_multiplier: 2
I200514 19:35:55.172334 13 storage/engine/rocksdb.go:120                 Options.max_bytes_for_level_base: 67108864
I200514 19:35:55.172336 13 storage/engine/rocksdb.go:120  Options.level_compaction_dynamic_level_bytes: 1
I200514 19:35:55.172339 13 storage/engine/rocksdb.go:120           Options.max_bytes_for_level_multiplier: 10.000000
I200514 19:35:55.172342 13 storage/engine/rocksdb.go:120  Options.max_bytes_for_level_multiplier_addtl[0]: 1
I200514 19:35:55.172345 13 storage/engine/rocksdb.go:120  Options.max_bytes_for_level_multiplier_addtl[1]: 1
I200514 19:35:55.172347 13 storage/engine/rocksdb.go:120  Options.max_bytes_for_level_multiplier_addtl[2]: 1
I200514 19:35:55.172350 13 storage/engine/rocksdb.go:120  Options.max_bytes_for_level_multiplier_addtl[3]: 1
I200514 19:35:55.172352 13 storage/engine/rocksdb.go:120  Options.max_bytes_for_level_multiplier_addtl[4]: 1
I200514 19:35:55.172355 13 storage/engine/rocksdb.go:120  Options.max_bytes_for_level_multiplier_addtl[5]: 1
I200514 19:35:55.172357 13 storage/engine/rocksdb.go:120  Options.max_bytes_for_level_multiplier_addtl[6]: 1
I200514 19:35:55.172360 13 storage/engine/rocksdb.go:120        Options.max_sequential_skip_in_iterations: 8
I200514 19:35:55.172363 13 storage/engine/rocksdb.go:120                     Options.max_compaction_bytes: 104857600
I200514 19:35:55.172365 13 storage/engine/rocksdb.go:120                         Options.arena_block_size: 8388608
I200514 19:35:55.172368 13 storage/engine/rocksdb.go:120    Options.soft_pending_compaction_bytes_limit: 2199023255552
I200514 19:35:55.172370 13 storage/engine/rocksdb.go:120    Options.hard_pending_compaction_bytes_limit: 4400193994752
I200514 19:35:55.172373 13 storage/engine/rocksdb.go:120        Options.rate_limit_delay_max_milliseconds: 100
I200514 19:35:55.172375 13 storage/engine/rocksdb.go:120                 Options.disable_auto_compactions: 0
I200514 19:35:55.172379 13 storage/engine/rocksdb.go:120                         Options.compaction_style: kCompactionStyleLevel
I200514 19:35:55.172382 13 storage/engine/rocksdb.go:120                           Options.compaction_pri: kMinOverlappingRatio
I200514 19:35:55.172384 13 storage/engine/rocksdb.go:120  Options.compaction_options_universal.size_ratio: 1
I200514 19:35:55.172387 13 storage/engine/rocksdb.go:120  Options.compaction_options_universal.min_merge_width: 2
I200514 19:35:55.172390 13 storage/engine/rocksdb.go:120  Options.compaction_options_universal.max_merge_width: 4294967295
I200514 19:35:55.172392 13 storage/engine/rocksdb.go:120  Options.compaction_options_universal.max_size_amplification_percent: 200
I200514 19:35:55.172395 13 storage/engine/rocksdb.go:120  Options.compaction_options_universal.compression_size_percent: -1
I200514 19:35:55.172398 13 storage/engine/rocksdb.go:120  Options.compaction_options_universal.stop_style: kCompactionStopStyleTotalSize
I200514 19:35:55.172400 13 storage/engine/rocksdb.go:120  Options.compaction_options_fifo.max_table_files_size: 1073741824
I200514 19:35:55.172403 13 storage/engine/rocksdb.go:120  Options.compaction_options_fifo.allow_compaction: 0
I200514 19:35:55.172408 13 storage/engine/rocksdb.go:120                    Options.table_properties_collectors: TimeBoundTblPropCollectorFactory; DeleteRangeTblPropCollectorFactory; 
I200514 19:35:55.172411 13 storage/engine/rocksdb.go:120                    Options.inplace_update_support: 0
I200514 19:35:55.172413 13 storage/engine/rocksdb.go:120                  Options.inplace_update_num_locks: 10000
I200514 19:35:55.172416 13 storage/engine/rocksdb.go:120                Options.memtable_prefix_bloom_size_ratio: 0.000000
I200514 19:35:55.172419 13 storage/engine/rocksdb.go:120                Options.memtable_whole_key_filtering: 0
I200514 19:35:55.172421 13 storage/engine/rocksdb.go:120    Options.memtable_huge_page_size: 0
I200514 19:35:55.172424 13 storage/engine/rocksdb.go:120                            Options.bloom_locality: 0
I200514 19:35:55.172427 13 storage/engine/rocksdb.go:120                     Options.max_successive_merges: 0
I200514 19:35:55.172430 13 storage/engine/rocksdb.go:120                 Options.optimize_filters_for_hits: 1
I200514 19:35:55.172433 13 storage/engine/rocksdb.go:120                 Options.paranoid_file_checks: 0
I200514 19:35:55.172436 13 storage/engine/rocksdb.go:120                 Options.force_consistency_checks: 0
I200514 19:35:55.172438 13 storage/engine/rocksdb.go:120                 Options.report_bg_io_stats: 0
I200514 19:35:55.172441 13 storage/engine/rocksdb.go:120                                Options.ttl: 0
I200514 19:35:55.172443 13 storage/engine/rocksdb.go:120           Options.periodic_compaction_seconds: 0
I200514 19:35:55.177000 13 storage/engine/rocksdb.go:120  [db/version_set.cc:4286] Recovered from manifest file:/var/lib/cockroach/MANIFEST-000637 succeeded,manifest_file_number is 637, next_file_number is 645, last_sequence is 9583090, log_number is 636,prev_log_number is 0,max_column_family is 0,min_log_number_to_keep is 0
I200514 19:35:55.177009 13 storage/engine/rocksdb.go:120  [db/version_set.cc:4295] Column family [default] (ID 0), log number is 636
I200514 19:35:55.177842 13 storage/engine/rocksdb.go:120  EVENT_LOG_v1 {"time_micros": 1589484955177826, "job": 1, "event": "recovery_started", "log_files": [638]}
I200514 19:35:55.177849 13 storage/engine/rocksdb.go:120  [db/db_impl_open.cc:598] Recovering log #638 mode 0
I200514 19:35:55.253436 13 storage/engine/rocksdb.go:120  EVENT_LOG_v1 {"time_micros": 1589484955253340, "cf_name": "default", "job": 1, "event": "table_file_creation", "file_number": 645, "file_size": 126023, "table_properties": {"data_size": 122184, "index_size": 645, "index_partitions": 0, "top_level_index_size": 0, "index_key_is_user_key": 0, "index_value_is_delta_encoded": 0, "filter_size": 2373, "raw_key_size": 101176, "raw_average_key_size": 33, "raw_value_size": 412496, "raw_average_value_size": 137, "num_data_blocks": 13, "num_entries": 2999, "num_deletions": 1838, "num_merge_operands": 664, "num_range_deletions": 664, "format_version": 0, "fixed_key_len": 0, "filter_policy": "rocksdb.BuiltinBloomFilter", "column_family_name": "default", "column_family_id": 0, "comparator": "cockroach_comparator", "merge_operator": "cockroach_merge_operator", "prefix_extractor_name": "cockroach_prefix_extractor", "property_collectors": "[TimeBoundTblPropCollectorFactory,DeleteRangeTblPropCollectorFactory]", "compression": "Snappy", "compression_options": "window_bits=-14; level=32767; strategy=0; max_dict_bytes=0; zstd_max_train_bytes=0; enabled=0; ", "creation_time": 1589484955, "oldest_key_time": 3, "file_creation_time": 0}}
I200514 19:35:55.253963 13 storage/engine/rocksdb.go:120  [db/version_set.cc:3560] Creating manifest 646
I200514 19:35:55.265472 13 storage/engine/rocksdb.go:120  EVENT_LOG_v1 {"time_micros": 1589484955265436, "job": 1, "event": "recovery_finished"}
I200514 19:35:55.289682 13 storage/engine/rocksdb.go:120  DB pointer 0x7f012349e000
I200514 19:36:19.833003 826 storage/engine/rocksdb.go:120  bloom filter utility:    -nan%
I200514 19:36:19.833326 826 storage/engine/rocksdb.go:120  [db/db_impl.cc:392] Shutdown: canceling all background work
I200514 19:36:19.833889 826 storage/engine/rocksdb.go:120  [db/db_impl.cc:565] Shutdown complete
I200514 19:36:19.843396 826 storage/engine/rocksdb.go:120  bloom filter utility:    50.5%
I200514 19:36:19.844007 826 storage/engine/rocksdb.go:120  [db/db_impl.cc:392] Shutdown: canceling all background work
I200514 19:36:19.850716 826 storage/engine/rocksdb.go:120  [db/db_impl.cc:565] Shutdown complete
