I200512 18:55:17.375517 35 util/log/clog.go:1196  [config] file created at: 2020/05/12 18:55:17
I200512 18:55:17.375517 35 util/log/clog.go:1196  [config] running on machine: fe01fe2ab942
I200512 18:55:17.375517 35 util/log/clog.go:1196  [config] binary: CockroachDB CCL v19.2.5 (x86_64-unknown-linux-gnu, built 2020/03/16 18:27:12, go1.12.12)
I200512 18:55:17.375517 35 util/log/clog.go:1196  [config] arguments: [/cockroach/cockroach start --insecure --store=attrs=ssd,path=/var/lib/cockroach/]
I200512 18:55:17.375517 35 util/log/clog.go:1196  line format: [IWEF]yymmdd hh:mm:ss.uuuuuu goid file:line msg utf8=✓
I200512 18:55:17.375516 35 storage/engine/rocksdb.go:120  RocksDB version: 6.2.1
I200512 18:55:17.381273 35 storage/engine/rocksdb.go:120  Git sha rocksdb_build_git_sha:@b7009236531fa784872f4823eabf393501e41bf2@
I200512 18:55:17.381278 35 storage/engine/rocksdb.go:120  Compile date Mar 16 2020
I200512 18:55:17.381281 35 storage/engine/rocksdb.go:120  DB SUMMARY
I200512 18:55:17.381745 35 storage/engine/rocksdb.go:120  SST files in /var/lib/cockroach/cockroach-temp435900353 dir, Total Num: 0, files: 
I200512 18:55:17.401785 35 storage/engine/rocksdb.go:120  Write Ahead Log file in /var/lib/cockroach/cockroach-temp435900353: 
I200512 18:55:17.401791 35 storage/engine/rocksdb.go:120                          Options.error_if_exists: 0
I200512 18:55:17.401794 35 storage/engine/rocksdb.go:120                        Options.create_if_missing: 1
I200512 18:55:17.401797 35 storage/engine/rocksdb.go:120                          Options.paranoid_checks: 1
I200512 18:55:17.401800 35 storage/engine/rocksdb.go:120                                      Options.env: 0x75757a0
I200512 18:55:17.401802 35 storage/engine/rocksdb.go:120                                 Options.info_log: 0x7fb9fa20d120
I200512 18:55:17.401805 35 storage/engine/rocksdb.go:120                 Options.max_file_opening_threads: 16
I200512 18:55:17.401808 35 storage/engine/rocksdb.go:120                               Options.statistics: 0x7fb9fa234010
I200512 18:55:17.401833 35 storage/engine/rocksdb.go:120                                Options.use_fsync: 0
I200512 18:55:17.401840 35 storage/engine/rocksdb.go:120                        Options.max_log_file_size: 0
I200512 18:55:17.401843 35 storage/engine/rocksdb.go:120                   Options.max_manifest_file_size: 134217728
I200512 18:55:17.401846 35 storage/engine/rocksdb.go:120                    Options.log_file_time_to_roll: 0
I200512 18:55:17.401849 35 storage/engine/rocksdb.go:120                        Options.keep_log_file_num: 1000
I200512 18:55:17.401852 35 storage/engine/rocksdb.go:120                     Options.recycle_log_file_num: 1
I200512 18:55:17.401854 35 storage/engine/rocksdb.go:120                          Options.allow_fallocate: 1
I200512 18:55:17.401857 35 storage/engine/rocksdb.go:120                         Options.allow_mmap_reads: 0
I200512 18:55:17.401860 35 storage/engine/rocksdb.go:120                        Options.allow_mmap_writes: 0
I200512 18:55:17.401862 35 storage/engine/rocksdb.go:120                         Options.use_direct_reads: 0
I200512 18:55:17.401865 35 storage/engine/rocksdb.go:120                         Options.use_direct_io_for_flush_and_compaction: 0
I200512 18:55:17.401868 35 storage/engine/rocksdb.go:120           Options.create_missing_column_families: 0
I200512 18:55:17.401871 35 storage/engine/rocksdb.go:120                               Options.db_log_dir: 
I200512 18:55:17.401873 35 storage/engine/rocksdb.go:120                                  Options.wal_dir: /var/lib/cockroach/cockroach-temp435900353
I200512 18:55:17.401876 35 storage/engine/rocksdb.go:120                 Options.table_cache_numshardbits: 6
I200512 18:55:17.401878 35 storage/engine/rocksdb.go:120                       Options.max_subcompactions: 1
I200512 18:55:17.401881 35 storage/engine/rocksdb.go:120                   Options.max_background_flushes: -1
I200512 18:55:17.401884 35 storage/engine/rocksdb.go:120                          Options.WAL_ttl_seconds: 0
I200512 18:55:17.401886 35 storage/engine/rocksdb.go:120                        Options.WAL_size_limit_MB: 0
I200512 18:55:17.401889 35 storage/engine/rocksdb.go:120              Options.manifest_preallocation_size: 4194304
I200512 18:55:17.401892 35 storage/engine/rocksdb.go:120                      Options.is_fd_close_on_exec: 1
I200512 18:55:17.401894 35 storage/engine/rocksdb.go:120                    Options.advise_random_on_open: 1
I200512 18:55:17.401897 35 storage/engine/rocksdb.go:120                     Options.db_write_buffer_size: 0
I200512 18:55:17.401900 35 storage/engine/rocksdb.go:120                     Options.write_buffer_manager: 0x7fb9fa21f0f0
I200512 18:55:17.401902 35 storage/engine/rocksdb.go:120          Options.access_hint_on_compaction_start: 1
I200512 18:55:17.401905 35 storage/engine/rocksdb.go:120   Options.new_table_reader_for_compaction_inputs: 0
I200512 18:55:17.401908 35 storage/engine/rocksdb.go:120            Options.random_access_max_buffer_size: 1048576
I200512 18:55:17.401910 35 storage/engine/rocksdb.go:120                       Options.use_adaptive_mutex: 0
I200512 18:55:17.401913 35 storage/engine/rocksdb.go:120                             Options.rate_limiter: (nil)
I200512 18:55:17.401916 35 storage/engine/rocksdb.go:120      Options.sst_file_manager.rate_bytes_per_sec: 0
I200512 18:55:17.401919 35 storage/engine/rocksdb.go:120                        Options.wal_recovery_mode: 0
I200512 18:55:17.401922 35 storage/engine/rocksdb.go:120                   Options.enable_thread_tracking: 0
I200512 18:55:17.401925 35 storage/engine/rocksdb.go:120                   Options.enable_pipelined_write: 0
I200512 18:55:17.401928 35 storage/engine/rocksdb.go:120          Options.allow_concurrent_memtable_write: 1
I200512 18:55:17.401930 35 storage/engine/rocksdb.go:120       Options.enable_write_thread_adaptive_yield: 1
I200512 18:55:17.401934 35 storage/engine/rocksdb.go:120              Options.write_thread_max_yield_usec: 100
I200512 18:55:17.401936 35 storage/engine/rocksdb.go:120             Options.write_thread_slow_yield_usec: 3
I200512 18:55:17.401939 35 storage/engine/rocksdb.go:120                                Options.row_cache: None
I200512 18:55:17.401942 35 storage/engine/rocksdb.go:120                               Options.wal_filter: None
I200512 18:55:17.401945 35 storage/engine/rocksdb.go:120              Options.avoid_flush_during_recovery: 0
I200512 18:55:17.401947 35 storage/engine/rocksdb.go:120              Options.allow_ingest_behind: 0
I200512 18:55:17.401962 35 storage/engine/rocksdb.go:120              Options.preserve_deletes: 0
I200512 18:55:17.401967 35 storage/engine/rocksdb.go:120              Options.two_write_queues: 0
I200512 18:55:17.401970 35 storage/engine/rocksdb.go:120              Options.manual_wal_flush: 1
I200512 18:55:17.401973 35 storage/engine/rocksdb.go:120              Options.atomic_flush: 0
I200512 18:55:17.401975 35 storage/engine/rocksdb.go:120              Options.avoid_unnecessary_blocking_io: 0
I200512 18:55:17.401978 35 storage/engine/rocksdb.go:120              Options.max_background_jobs: 2
I200512 18:55:17.401981 35 storage/engine/rocksdb.go:120              Options.max_background_compactions: -1
I200512 18:55:17.401983 35 storage/engine/rocksdb.go:120              Options.avoid_flush_during_shutdown: 0
I200512 18:55:17.401986 35 storage/engine/rocksdb.go:120            Options.writable_file_max_buffer_size: 1048576
I200512 18:55:17.401989 35 storage/engine/rocksdb.go:120              Options.delayed_write_rate : 16777216
I200512 18:55:17.401991 35 storage/engine/rocksdb.go:120              Options.max_total_wal_size: 0
I200512 18:55:17.401994 35 storage/engine/rocksdb.go:120              Options.delete_obsolete_files_period_micros: 21600000000
I200512 18:55:17.401997 35 storage/engine/rocksdb.go:120                    Options.stats_dump_period_sec: 0
I200512 18:55:17.401999 35 storage/engine/rocksdb.go:120                  Options.stats_persist_period_sec: 600
I200512 18:55:17.402003 35 storage/engine/rocksdb.go:120                  Options.stats_history_buffer_size: 1048576
I200512 18:55:17.402005 35 storage/engine/rocksdb.go:120                           Options.max_open_files: 128
I200512 18:55:17.402008 35 storage/engine/rocksdb.go:120                           Options.bytes_per_sync: 524288
I200512 18:55:17.402011 35 storage/engine/rocksdb.go:120                       Options.wal_bytes_per_sync: 0
I200512 18:55:17.402013 35 storage/engine/rocksdb.go:120                    Options.strict_bytes_per_sync: 1
I200512 18:55:17.402016 35 storage/engine/rocksdb.go:120        Options.compaction_readahead_size: 0
I200512 18:55:17.402018 35 storage/engine/rocksdb.go:120  Compression algorithms supported:
I200512 18:55:17.402022 35 storage/engine/rocksdb.go:120  	kZSTDNotFinalCompression supported: 0
I200512 18:55:17.402024 35 storage/engine/rocksdb.go:120  	kZSTD supported: 0
I200512 18:55:17.402027 35 storage/engine/rocksdb.go:120  	kXpressCompression supported: 0
I200512 18:55:17.402030 35 storage/engine/rocksdb.go:120  	kLZ4HCCompression supported: 0
I200512 18:55:17.402033 35 storage/engine/rocksdb.go:120  	kLZ4Compression supported: 0
I200512 18:55:17.402035 35 storage/engine/rocksdb.go:120  	kBZip2Compression supported: 0
I200512 18:55:17.402038 35 storage/engine/rocksdb.go:120  	kZlibCompression supported: 0
I200512 18:55:17.402041 35 storage/engine/rocksdb.go:120  	kSnappyCompression supported: 1
I200512 18:55:17.402048 35 storage/engine/rocksdb.go:120  Fast CRC32 supported: Supported on x86
I200512 18:55:17.403883 35 storage/engine/rocksdb.go:120  [db/db_impl_open.cc:242] Creating manifest 1 
I200512 18:55:17.425859 35 storage/engine/rocksdb.go:120  [db/version_set.cc:4072] Recovering from manifest file: /var/lib/cockroach/cockroach-temp435900353/MANIFEST-000001
I200512 18:55:17.430138 35 storage/engine/rocksdb.go:120  [db/column_family.cc:488] --------------- Options for column family [default]:
I200512 18:55:17.430145 35 storage/engine/rocksdb.go:120                Options.comparator: cockroach_comparator
I200512 18:55:17.430149 35 storage/engine/rocksdb.go:120            Options.merge_operator: cockroach_merge_operator
I200512 18:55:17.430152 35 storage/engine/rocksdb.go:120         Options.compaction_filter: None
I200512 18:55:17.430154 35 storage/engine/rocksdb.go:120         Options.compaction_filter_factory: None
I200512 18:55:17.431267 35 storage/engine/rocksdb.go:120          Options.memtable_factory: SkipListFactory
I200512 18:55:17.431271 35 storage/engine/rocksdb.go:120             Options.table_factory: BlockBasedTable
I200512 18:55:17.431306 35 storage/engine/rocksdb.go:120             table_factory options:   flush_block_policy_factory: FlushBlockBySizePolicyFactory (0x7fb9fa22d030)
  cache_index_and_filter_blocks: 0
  cache_index_and_filter_blocks_with_high_priority: 0
  pin_l0_filter_and_index_blocks_in_cache: 0
  pin_top_level_index_and_filter: 1
  index_type: 0
  data_block_index_type: 0
  index_shortening: 1
  data_block_hash_table_util_ratio: 0.750000
  hash_index_allow_collision: 1
  checksum: 1
  no_block_cache: 0
  block_cache: 0x7fb9fa222010
  block_cache_name: LRUCache
  block_cache_options:
    capacity : 1048576
    num_shard_bits : 4
    strict_capacity_limit : 0
    memory_allocator : None
    high_pri_pool_ratio: 0.000
  block_cache_compressed: (nil)
  persistent_cache: (nil)
  block_size: 32768
  block_size_deviation: 10
  block_restart_interval: 16
  index_block_restart_interval: 1
  metadata_block_size: 4096
  partition_filters: 0
  use_delta_encoding: 1
  filter_policy: rocksdb.BuiltinBloomFilter
  whole_key_filtering: 0
  verify_compression: 0
  read_amp_bytes_per_bit: 0
  format_version: 2
  enable_index_compression: 1
  block_align: 0
I200512 18:55:17.431311 35 storage/engine/rocksdb.go:120         Options.write_buffer_size: 67108864
I200512 18:55:17.431316 35 storage/engine/rocksdb.go:120   Options.max_write_buffer_number: 4
I200512 18:55:17.431319 35 storage/engine/rocksdb.go:120           Options.compression: Snappy
I200512 18:55:17.431322 35 storage/engine/rocksdb.go:120                   Options.bottommost_compression: Disabled
I200512 18:55:17.431324 35 storage/engine/rocksdb.go:120        Options.prefix_extractor: cockroach_prefix_extractor
I200512 18:55:17.431327 35 storage/engine/rocksdb.go:120    Options.memtable_insert_with_hint_prefix_extractor: nullptr
I200512 18:55:17.431330 35 storage/engine/rocksdb.go:120              Options.num_levels: 7
I200512 18:55:17.431332 35 storage/engine/rocksdb.go:120         Options.min_write_buffer_number_to_merge: 1
I200512 18:55:17.431335 35 storage/engine/rocksdb.go:120      Options.max_write_buffer_number_to_maintain: 0
I200512 18:55:17.431337 35 storage/engine/rocksdb.go:120             Options.bottommost_compression_opts.window_bits: -14
I200512 18:55:17.431340 35 storage/engine/rocksdb.go:120                   Options.bottommost_compression_opts.level: 32767
I200512 18:55:17.431346 35 storage/engine/rocksdb.go:120                Options.bottommost_compression_opts.strategy: 0
I200512 18:55:17.431349 35 storage/engine/rocksdb.go:120          Options.bottommost_compression_opts.max_dict_bytes: 0
I200512 18:55:17.431352 35 storage/engine/rocksdb.go:120          Options.bottommost_compression_opts.zstd_max_train_bytes: 0
I200512 18:55:17.431354 35 storage/engine/rocksdb.go:120                   Options.bottommost_compression_opts.enabled: false
I200512 18:55:17.431357 35 storage/engine/rocksdb.go:120             Options.compression_opts.window_bits: -14
I200512 18:55:17.431359 35 storage/engine/rocksdb.go:120                   Options.compression_opts.level: 32767
I200512 18:55:17.431362 35 storage/engine/rocksdb.go:120                Options.compression_opts.strategy: 0
I200512 18:55:17.431372 35 storage/engine/rocksdb.go:120          Options.compression_opts.max_dict_bytes: 0
I200512 18:55:17.431375 35 storage/engine/rocksdb.go:120          Options.compression_opts.zstd_max_train_bytes: 0
I200512 18:55:17.431378 35 storage/engine/rocksdb.go:120                   Options.compression_opts.enabled: false
I200512 18:55:17.431381 35 storage/engine/rocksdb.go:120       Options.level0_file_num_compaction_trigger: 2
I200512 18:55:17.431383 35 storage/engine/rocksdb.go:120           Options.level0_slowdown_writes_trigger: 950
I200512 18:55:17.431386 35 storage/engine/rocksdb.go:120               Options.level0_stop_writes_trigger: 1000
I200512 18:55:17.431389 35 storage/engine/rocksdb.go:120                    Options.target_file_size_base: 4194304
I200512 18:55:17.431391 35 storage/engine/rocksdb.go:120              Options.target_file_size_multiplier: 2
I200512 18:55:17.431394 35 storage/engine/rocksdb.go:120                 Options.max_bytes_for_level_base: 67108864
I200512 18:55:17.431396 35 storage/engine/rocksdb.go:120  Options.level_compaction_dynamic_level_bytes: 1
I200512 18:55:17.431400 35 storage/engine/rocksdb.go:120           Options.max_bytes_for_level_multiplier: 10.000000
I200512 18:55:17.431402 35 storage/engine/rocksdb.go:120  Options.max_bytes_for_level_multiplier_addtl[0]: 1
I200512 18:55:17.431405 35 storage/engine/rocksdb.go:120  Options.max_bytes_for_level_multiplier_addtl[1]: 1
I200512 18:55:17.431408 35 storage/engine/rocksdb.go:120  Options.max_bytes_for_level_multiplier_addtl[2]: 1
I200512 18:55:17.431410 35 storage/engine/rocksdb.go:120  Options.max_bytes_for_level_multiplier_addtl[3]: 1
I200512 18:55:17.431413 35 storage/engine/rocksdb.go:120  Options.max_bytes_for_level_multiplier_addtl[4]: 1
I200512 18:55:17.431416 35 storage/engine/rocksdb.go:120  Options.max_bytes_for_level_multiplier_addtl[5]: 1
I200512 18:55:17.431418 35 storage/engine/rocksdb.go:120  Options.max_bytes_for_level_multiplier_addtl[6]: 1
I200512 18:55:17.431421 35 storage/engine/rocksdb.go:120        Options.max_sequential_skip_in_iterations: 8
I200512 18:55:17.431423 35 storage/engine/rocksdb.go:120                     Options.max_compaction_bytes: 104857600
I200512 18:55:17.431426 35 storage/engine/rocksdb.go:120                         Options.arena_block_size: 8388608
I200512 18:55:17.431429 35 storage/engine/rocksdb.go:120    Options.soft_pending_compaction_bytes_limit: 2199023255552
I200512 18:55:17.431431 35 storage/engine/rocksdb.go:120    Options.hard_pending_compaction_bytes_limit: 4400193994752
I200512 18:55:17.431435 35 storage/engine/rocksdb.go:120        Options.rate_limit_delay_max_milliseconds: 100
I200512 18:55:17.431437 35 storage/engine/rocksdb.go:120                 Options.disable_auto_compactions: 0
I200512 18:55:17.431447 35 storage/engine/rocksdb.go:120                         Options.compaction_style: kCompactionStyleLevel
I200512 18:55:17.431465 35 storage/engine/rocksdb.go:120                           Options.compaction_pri: kMinOverlappingRatio
I200512 18:55:17.431469 35 storage/engine/rocksdb.go:120  Options.compaction_options_universal.size_ratio: 1
I200512 18:55:17.431471 35 storage/engine/rocksdb.go:120  Options.compaction_options_universal.min_merge_width: 2
I200512 18:55:17.431474 35 storage/engine/rocksdb.go:120  Options.compaction_options_universal.max_merge_width: 4294967295
I200512 18:55:17.431477 35 storage/engine/rocksdb.go:120  Options.compaction_options_universal.max_size_amplification_percent: 200
I200512 18:55:17.431479 35 storage/engine/rocksdb.go:120  Options.compaction_options_universal.compression_size_percent: -1
I200512 18:55:17.431482 35 storage/engine/rocksdb.go:120  Options.compaction_options_universal.stop_style: kCompactionStopStyleTotalSize
I200512 18:55:17.431485 35 storage/engine/rocksdb.go:120  Options.compaction_options_fifo.max_table_files_size: 1073741824
I200512 18:55:17.431487 35 storage/engine/rocksdb.go:120  Options.compaction_options_fifo.allow_compaction: 0
I200512 18:55:17.431492 35 storage/engine/rocksdb.go:120                    Options.table_properties_collectors: TimeBoundTblPropCollectorFactory; DeleteRangeTblPropCollectorFactory; 
I200512 18:55:17.431496 35 storage/engine/rocksdb.go:120                    Options.inplace_update_support: 0
I200512 18:55:17.431498 35 storage/engine/rocksdb.go:120                  Options.inplace_update_num_locks: 10000
I200512 18:55:17.431501 35 storage/engine/rocksdb.go:120                Options.memtable_prefix_bloom_size_ratio: 0.000000
I200512 18:55:17.431505 35 storage/engine/rocksdb.go:120                Options.memtable_whole_key_filtering: 0
I200512 18:55:17.431508 35 storage/engine/rocksdb.go:120    Options.memtable_huge_page_size: 0
I200512 18:55:17.431511 35 storage/engine/rocksdb.go:120                            Options.bloom_locality: 0
I200512 18:55:17.431514 35 storage/engine/rocksdb.go:120                     Options.max_successive_merges: 0
I200512 18:55:17.431529 35 storage/engine/rocksdb.go:120                 Options.optimize_filters_for_hits: 1
I200512 18:55:17.431532 35 storage/engine/rocksdb.go:120                 Options.paranoid_file_checks: 0
I200512 18:55:17.431534 35 storage/engine/rocksdb.go:120                 Options.force_consistency_checks: 0
I200512 18:55:17.431537 35 storage/engine/rocksdb.go:120                 Options.report_bg_io_stats: 0
I200512 18:55:17.431540 35 storage/engine/rocksdb.go:120                                Options.ttl: 0
I200512 18:55:17.431542 35 storage/engine/rocksdb.go:120           Options.periodic_compaction_seconds: 0
I200512 18:55:17.434426 35 storage/engine/rocksdb.go:120  [db/version_set.cc:4286] Recovered from manifest file:/var/lib/cockroach/cockroach-temp435900353/MANIFEST-000001 succeeded,manifest_file_number is 1, next_file_number is 3, last_sequence is 0, log_number is 0,prev_log_number is 0,max_column_family is 0,min_log_number_to_keep is 0
I200512 18:55:17.434433 35 storage/engine/rocksdb.go:120  [db/version_set.cc:4295] Column family [default] (ID 0), log number is 0
I200512 18:55:17.466420 35 storage/engine/rocksdb.go:120  DB pointer 0x7fb9fa2a4000
I200512 18:55:17.489583 35 storage/engine/rocksdb.go:120  RocksDB version: 6.2.1
I200512 18:55:17.489594 35 storage/engine/rocksdb.go:120  Git sha rocksdb_build_git_sha:@b7009236531fa784872f4823eabf393501e41bf2@
I200512 18:55:17.489597 35 storage/engine/rocksdb.go:120  Compile date Mar 16 2020
I200512 18:55:17.489601 35 storage/engine/rocksdb.go:120  DB SUMMARY
I200512 18:55:17.490444 35 storage/engine/rocksdb.go:120  CURRENT file:  CURRENT
I200512 18:55:17.490448 35 storage/engine/rocksdb.go:120  IDENTITY file:  IDENTITY
I200512 18:55:17.490810 35 storage/engine/rocksdb.go:120  MANIFEST file:  MANIFEST-000184 size: 600 Bytes
I200512 18:55:17.490815 35 storage/engine/rocksdb.go:120  SST files in /var/lib/cockroach dir, Total Num: 2, files: 000188.sst 000189.sst 
I200512 18:55:17.490818 35 storage/engine/rocksdb.go:120  Write Ahead Log file in /var/lib/cockroach: 000185.log size: 17521718 ; 
I200512 18:55:17.490822 35 storage/engine/rocksdb.go:120                          Options.error_if_exists: 0
I200512 18:55:17.491003 35 storage/engine/rocksdb.go:120                        Options.create_if_missing: 1
I200512 18:55:17.491009 35 storage/engine/rocksdb.go:120                          Options.paranoid_checks: 1
I200512 18:55:17.491018 35 storage/engine/rocksdb.go:120                                      Options.env: 0x75757a0
I200512 18:55:17.491020 35 storage/engine/rocksdb.go:120                                 Options.info_log: 0x7fb9fa20d2a0
I200512 18:55:17.491023 35 storage/engine/rocksdb.go:120                 Options.max_file_opening_threads: 16
I200512 18:55:17.491026 35 storage/engine/rocksdb.go:120                               Options.statistics: 0x7fb9fa234080
I200512 18:55:17.491029 35 storage/engine/rocksdb.go:120                                Options.use_fsync: 0
I200512 18:55:17.491032 35 storage/engine/rocksdb.go:120                        Options.max_log_file_size: 0
I200512 18:55:17.491034 35 storage/engine/rocksdb.go:120                   Options.max_manifest_file_size: 134217728
I200512 18:55:17.491037 35 storage/engine/rocksdb.go:120                    Options.log_file_time_to_roll: 0
I200512 18:55:17.491040 35 storage/engine/rocksdb.go:120                        Options.keep_log_file_num: 1000
I200512 18:55:17.491042 35 storage/engine/rocksdb.go:120                     Options.recycle_log_file_num: 1
I200512 18:55:17.491045 35 storage/engine/rocksdb.go:120                          Options.allow_fallocate: 1
I200512 18:55:17.491048 35 storage/engine/rocksdb.go:120                         Options.allow_mmap_reads: 0
I200512 18:55:17.491050 35 storage/engine/rocksdb.go:120                        Options.allow_mmap_writes: 0
I200512 18:55:17.491053 35 storage/engine/rocksdb.go:120                         Options.use_direct_reads: 0
I200512 18:55:17.491057 35 storage/engine/rocksdb.go:120                         Options.use_direct_io_for_flush_and_compaction: 0
I200512 18:55:17.491060 35 storage/engine/rocksdb.go:120           Options.create_missing_column_families: 0
I200512 18:55:17.491091 35 storage/engine/rocksdb.go:120                               Options.db_log_dir: 
I200512 18:55:17.491096 35 storage/engine/rocksdb.go:120                                  Options.wal_dir: /var/lib/cockroach
I200512 18:55:17.491098 35 storage/engine/rocksdb.go:120                 Options.table_cache_numshardbits: 6
I200512 18:55:17.491101 35 storage/engine/rocksdb.go:120                       Options.max_subcompactions: 1
I200512 18:55:17.491104 35 storage/engine/rocksdb.go:120                   Options.max_background_flushes: -1
I200512 18:55:17.491106 35 storage/engine/rocksdb.go:120                          Options.WAL_ttl_seconds: 0
I200512 18:55:17.491109 35 storage/engine/rocksdb.go:120                        Options.WAL_size_limit_MB: 0
I200512 18:55:17.491112 35 storage/engine/rocksdb.go:120              Options.manifest_preallocation_size: 4194304
I200512 18:55:17.491115 35 storage/engine/rocksdb.go:120                      Options.is_fd_close_on_exec: 1
I200512 18:55:17.491117 35 storage/engine/rocksdb.go:120                    Options.advise_random_on_open: 1
I200512 18:55:17.491120 35 storage/engine/rocksdb.go:120                     Options.db_write_buffer_size: 0
I200512 18:55:17.491122 35 storage/engine/rocksdb.go:120                     Options.write_buffer_manager: 0x7fb9fa21f090
I200512 18:55:17.491126 35 storage/engine/rocksdb.go:120          Options.access_hint_on_compaction_start: 1
I200512 18:55:17.491129 35 storage/engine/rocksdb.go:120   Options.new_table_reader_for_compaction_inputs: 0
I200512 18:55:17.491133 35 storage/engine/rocksdb.go:120            Options.random_access_max_buffer_size: 1048576
I200512 18:55:17.491136 35 storage/engine/rocksdb.go:120                       Options.use_adaptive_mutex: 0
I200512 18:55:17.491140 35 storage/engine/rocksdb.go:120                             Options.rate_limiter: (nil)
I200512 18:55:17.491143 35 storage/engine/rocksdb.go:120      Options.sst_file_manager.rate_bytes_per_sec: 0
I200512 18:55:17.491146 35 storage/engine/rocksdb.go:120                        Options.wal_recovery_mode: 0
I200512 18:55:17.491149 35 storage/engine/rocksdb.go:120                   Options.enable_thread_tracking: 0
I200512 18:55:17.491174 35 storage/engine/rocksdb.go:120                   Options.enable_pipelined_write: 0
I200512 18:55:17.491178 35 storage/engine/rocksdb.go:120          Options.allow_concurrent_memtable_write: 1
I200512 18:55:17.491180 35 storage/engine/rocksdb.go:120       Options.enable_write_thread_adaptive_yield: 1
I200512 18:55:17.491200 35 storage/engine/rocksdb.go:120              Options.write_thread_max_yield_usec: 100
I200512 18:55:17.491208 35 storage/engine/rocksdb.go:120             Options.write_thread_slow_yield_usec: 3
I200512 18:55:17.491211 35 storage/engine/rocksdb.go:120                                Options.row_cache: None
I200512 18:55:17.491215 35 storage/engine/rocksdb.go:120                               Options.wal_filter: None
I200512 18:55:17.491218 35 storage/engine/rocksdb.go:120              Options.avoid_flush_during_recovery: 0
I200512 18:55:17.491220 35 storage/engine/rocksdb.go:120              Options.allow_ingest_behind: 0
I200512 18:55:17.491251 35 storage/engine/rocksdb.go:120              Options.preserve_deletes: 0
I200512 18:55:17.491257 35 storage/engine/rocksdb.go:120              Options.two_write_queues: 0
I200512 18:55:17.491260 35 storage/engine/rocksdb.go:120              Options.manual_wal_flush: 1
I200512 18:55:17.491262 35 storage/engine/rocksdb.go:120              Options.atomic_flush: 0
I200512 18:55:17.491265 35 storage/engine/rocksdb.go:120              Options.avoid_unnecessary_blocking_io: 0
I200512 18:55:17.491267 35 storage/engine/rocksdb.go:120              Options.max_background_jobs: 2
I200512 18:55:17.491270 35 storage/engine/rocksdb.go:120              Options.max_background_compactions: -1
I200512 18:55:17.491273 35 storage/engine/rocksdb.go:120              Options.avoid_flush_during_shutdown: 0
I200512 18:55:17.491276 35 storage/engine/rocksdb.go:120            Options.writable_file_max_buffer_size: 1048576
I200512 18:55:17.491279 35 storage/engine/rocksdb.go:120              Options.delayed_write_rate : 16777216
I200512 18:55:17.491281 35 storage/engine/rocksdb.go:120              Options.max_total_wal_size: 0
I200512 18:55:17.491284 35 storage/engine/rocksdb.go:120              Options.delete_obsolete_files_period_micros: 21600000000
I200512 18:55:17.491287 35 storage/engine/rocksdb.go:120                    Options.stats_dump_period_sec: 0
I200512 18:55:17.491289 35 storage/engine/rocksdb.go:120                  Options.stats_persist_period_sec: 600
I200512 18:55:17.491292 35 storage/engine/rocksdb.go:120                  Options.stats_history_buffer_size: 1048576
I200512 18:55:17.491295 35 storage/engine/rocksdb.go:120                           Options.max_open_files: 1043576
I200512 18:55:17.491297 35 storage/engine/rocksdb.go:120                           Options.bytes_per_sync: 524288
I200512 18:55:17.491300 35 storage/engine/rocksdb.go:120                       Options.wal_bytes_per_sync: 0
I200512 18:55:17.491302 35 storage/engine/rocksdb.go:120                    Options.strict_bytes_per_sync: 1
I200512 18:55:17.491305 35 storage/engine/rocksdb.go:120        Options.compaction_readahead_size: 0
I200512 18:55:17.491308 35 storage/engine/rocksdb.go:120  Compression algorithms supported:
I200512 18:55:17.491332 35 storage/engine/rocksdb.go:120  	kZSTDNotFinalCompression supported: 0
I200512 18:55:17.491338 35 storage/engine/rocksdb.go:120  	kZSTD supported: 0
I200512 18:55:17.491341 35 storage/engine/rocksdb.go:120  	kXpressCompression supported: 0
I200512 18:55:17.491344 35 storage/engine/rocksdb.go:120  	kLZ4HCCompression supported: 0
I200512 18:55:17.491346 35 storage/engine/rocksdb.go:120  	kLZ4Compression supported: 0
I200512 18:55:17.491349 35 storage/engine/rocksdb.go:120  	kBZip2Compression supported: 0
I200512 18:55:17.491352 35 storage/engine/rocksdb.go:120  	kZlibCompression supported: 0
I200512 18:55:17.491354 35 storage/engine/rocksdb.go:120  	kSnappyCompression supported: 1
I200512 18:55:17.491361 35 storage/engine/rocksdb.go:120  Fast CRC32 supported: Supported on x86
I200512 18:55:17.494606 35 storage/engine/rocksdb.go:120  [db/version_set.cc:4072] Recovering from manifest file: /var/lib/cockroach/MANIFEST-000184
I200512 18:55:17.495753 35 storage/engine/rocksdb.go:120  [db/column_family.cc:488] --------------- Options for column family [default]:
I200512 18:55:17.495779 35 storage/engine/rocksdb.go:120                Options.comparator: cockroach_comparator
I200512 18:55:17.495782 35 storage/engine/rocksdb.go:120            Options.merge_operator: cockroach_merge_operator
I200512 18:55:17.495785 35 storage/engine/rocksdb.go:120         Options.compaction_filter: None
I200512 18:55:17.495863 35 storage/engine/rocksdb.go:120         Options.compaction_filter_factory: None
I200512 18:55:17.495870 35 storage/engine/rocksdb.go:120          Options.memtable_factory: SkipListFactory
I200512 18:55:17.495873 35 storage/engine/rocksdb.go:120             Options.table_factory: BlockBasedTable
I200512 18:55:17.496018 35 storage/engine/rocksdb.go:120             table_factory options:   flush_block_policy_factory: FlushBlockBySizePolicyFactory (0x7fb9fa22d090)
  cache_index_and_filter_blocks: 0
  cache_index_and_filter_blocks_with_high_priority: 0
  pin_l0_filter_and_index_blocks_in_cache: 0
  pin_top_level_index_and_filter: 1
  index_type: 0
  data_block_index_type: 0
  index_shortening: 1
  data_block_hash_table_util_ratio: 0.750000
  hash_index_allow_collision: 1
  checksum: 1
  no_block_cache: 0
  block_cache: 0x7fb9fa2bc210
  block_cache_name: LRUCache
  block_cache_options:
    capacity : 67108864
    num_shard_bits : 4
    strict_capacity_limit : 0
    memory_allocator : None
    high_pri_pool_ratio: 0.000
  block_cache_compressed: (nil)
  persistent_cache: (nil)
  block_size: 32768
  block_size_deviation: 10
  block_restart_interval: 16
  index_block_restart_interval: 1
  metadata_block_size: 4096
  partition_filters: 0
  use_delta_encoding: 1
  filter_policy: rocksdb.BuiltinBloomFilter
  whole_key_filtering: 0
  verify_compression: 0
  read_amp_bytes_per_bit: 0
  format_version: 2
  enable_index_compression: 1
  block_align: 0
I200512 18:55:17.496024 35 storage/engine/rocksdb.go:120         Options.write_buffer_size: 67108864
I200512 18:55:17.496029 35 storage/engine/rocksdb.go:120   Options.max_write_buffer_number: 4
I200512 18:55:17.496032 35 storage/engine/rocksdb.go:120           Options.compression: Snappy
I200512 18:55:17.496036 35 storage/engine/rocksdb.go:120                   Options.bottommost_compression: Disabled
I200512 18:55:17.496038 35 storage/engine/rocksdb.go:120        Options.prefix_extractor: cockroach_prefix_extractor
I200512 18:55:17.496041 35 storage/engine/rocksdb.go:120    Options.memtable_insert_with_hint_prefix_extractor: nullptr
I200512 18:55:17.496044 35 storage/engine/rocksdb.go:120              Options.num_levels: 7
I200512 18:55:17.496046 35 storage/engine/rocksdb.go:120         Options.min_write_buffer_number_to_merge: 1
I200512 18:55:17.496049 35 storage/engine/rocksdb.go:120      Options.max_write_buffer_number_to_maintain: 0
I200512 18:55:17.496052 35 storage/engine/rocksdb.go:120             Options.bottommost_compression_opts.window_bits: -14
I200512 18:55:17.496054 35 storage/engine/rocksdb.go:120                   Options.bottommost_compression_opts.level: 32767
I200512 18:55:17.496057 35 storage/engine/rocksdb.go:120                Options.bottommost_compression_opts.strategy: 0
I200512 18:55:17.496060 35 storage/engine/rocksdb.go:120          Options.bottommost_compression_opts.max_dict_bytes: 0
I200512 18:55:17.496062 35 storage/engine/rocksdb.go:120          Options.bottommost_compression_opts.zstd_max_train_bytes: 0
I200512 18:55:17.496089 35 storage/engine/rocksdb.go:120                   Options.bottommost_compression_opts.enabled: false
I200512 18:55:17.496092 35 storage/engine/rocksdb.go:120             Options.compression_opts.window_bits: -14
I200512 18:55:17.496096 35 storage/engine/rocksdb.go:120                   Options.compression_opts.level: 32767
I200512 18:55:17.496098 35 storage/engine/rocksdb.go:120                Options.compression_opts.strategy: 0
I200512 18:55:17.496101 35 storage/engine/rocksdb.go:120          Options.compression_opts.max_dict_bytes: 0
I200512 18:55:17.496103 35 storage/engine/rocksdb.go:120          Options.compression_opts.zstd_max_train_bytes: 0
I200512 18:55:17.496106 35 storage/engine/rocksdb.go:120                   Options.compression_opts.enabled: false
I200512 18:55:17.496108 35 storage/engine/rocksdb.go:120       Options.level0_file_num_compaction_trigger: 2
I200512 18:55:17.496111 35 storage/engine/rocksdb.go:120           Options.level0_slowdown_writes_trigger: 950
I200512 18:55:17.496114 35 storage/engine/rocksdb.go:120               Options.level0_stop_writes_trigger: 1000
I200512 18:55:17.496116 35 storage/engine/rocksdb.go:120                    Options.target_file_size_base: 4194304
I200512 18:55:17.496119 35 storage/engine/rocksdb.go:120              Options.target_file_size_multiplier: 2
I200512 18:55:17.496122 35 storage/engine/rocksdb.go:120                 Options.max_bytes_for_level_base: 67108864
I200512 18:55:17.496125 35 storage/engine/rocksdb.go:120  Options.level_compaction_dynamic_level_bytes: 1
I200512 18:55:17.496129 35 storage/engine/rocksdb.go:120           Options.max_bytes_for_level_multiplier: 10.000000
I200512 18:55:17.496132 35 storage/engine/rocksdb.go:120  Options.max_bytes_for_level_multiplier_addtl[0]: 1
I200512 18:55:17.496135 35 storage/engine/rocksdb.go:120  Options.max_bytes_for_level_multiplier_addtl[1]: 1
I200512 18:55:17.496137 35 storage/engine/rocksdb.go:120  Options.max_bytes_for_level_multiplier_addtl[2]: 1
I200512 18:55:17.496140 35 storage/engine/rocksdb.go:120  Options.max_bytes_for_level_multiplier_addtl[3]: 1
I200512 18:55:17.496142 35 storage/engine/rocksdb.go:120  Options.max_bytes_for_level_multiplier_addtl[4]: 1
I200512 18:55:17.496145 35 storage/engine/rocksdb.go:120  Options.max_bytes_for_level_multiplier_addtl[5]: 1
I200512 18:55:17.496338 35 storage/engine/rocksdb.go:120  Options.max_bytes_for_level_multiplier_addtl[6]: 1
I200512 18:55:17.496343 35 storage/engine/rocksdb.go:120        Options.max_sequential_skip_in_iterations: 8
I200512 18:55:17.496346 35 storage/engine/rocksdb.go:120                     Options.max_compaction_bytes: 104857600
I200512 18:55:17.496349 35 storage/engine/rocksdb.go:120                         Options.arena_block_size: 8388608
I200512 18:55:17.496351 35 storage/engine/rocksdb.go:120    Options.soft_pending_compaction_bytes_limit: 2199023255552
I200512 18:55:17.496354 35 storage/engine/rocksdb.go:120    Options.hard_pending_compaction_bytes_limit: 4400193994752
I200512 18:55:17.496357 35 storage/engine/rocksdb.go:120        Options.rate_limit_delay_max_milliseconds: 100
I200512 18:55:17.496359 35 storage/engine/rocksdb.go:120                 Options.disable_auto_compactions: 0
I200512 18:55:17.496363 35 storage/engine/rocksdb.go:120                         Options.compaction_style: kCompactionStyleLevel
I200512 18:55:17.496366 35 storage/engine/rocksdb.go:120                           Options.compaction_pri: kMinOverlappingRatio
I200512 18:55:17.496369 35 storage/engine/rocksdb.go:120  Options.compaction_options_universal.size_ratio: 1
I200512 18:55:17.496371 35 storage/engine/rocksdb.go:120  Options.compaction_options_universal.min_merge_width: 2
I200512 18:55:17.496374 35 storage/engine/rocksdb.go:120  Options.compaction_options_universal.max_merge_width: 4294967295
I200512 18:55:17.496376 35 storage/engine/rocksdb.go:120  Options.compaction_options_universal.max_size_amplification_percent: 200
I200512 18:55:17.496379 35 storage/engine/rocksdb.go:120  Options.compaction_options_universal.compression_size_percent: -1
I200512 18:55:17.496382 35 storage/engine/rocksdb.go:120  Options.compaction_options_universal.stop_style: kCompactionStopStyleTotalSize
I200512 18:55:17.496384 35 storage/engine/rocksdb.go:120  Options.compaction_options_fifo.max_table_files_size: 1073741824
I200512 18:55:17.496387 35 storage/engine/rocksdb.go:120  Options.compaction_options_fifo.allow_compaction: 0
I200512 18:55:17.496391 35 storage/engine/rocksdb.go:120                    Options.table_properties_collectors: TimeBoundTblPropCollectorFactory; DeleteRangeTblPropCollectorFactory; 
I200512 18:55:17.496395 35 storage/engine/rocksdb.go:120                    Options.inplace_update_support: 0
I200512 18:55:17.496398 35 storage/engine/rocksdb.go:120                  Options.inplace_update_num_locks: 10000
I200512 18:55:17.496401 35 storage/engine/rocksdb.go:120                Options.memtable_prefix_bloom_size_ratio: 0.000000
I200512 18:55:17.496404 35 storage/engine/rocksdb.go:120                Options.memtable_whole_key_filtering: 0
I200512 18:55:17.496406 35 storage/engine/rocksdb.go:120    Options.memtable_huge_page_size: 0
I200512 18:55:17.496409 35 storage/engine/rocksdb.go:120                            Options.bloom_locality: 0
I200512 18:55:17.496412 35 storage/engine/rocksdb.go:120                     Options.max_successive_merges: 0
I200512 18:55:17.496414 35 storage/engine/rocksdb.go:120                 Options.optimize_filters_for_hits: 1
I200512 18:55:17.496417 35 storage/engine/rocksdb.go:120                 Options.paranoid_file_checks: 0
I200512 18:55:17.496420 35 storage/engine/rocksdb.go:120                 Options.force_consistency_checks: 0
I200512 18:55:17.496422 35 storage/engine/rocksdb.go:120                 Options.report_bg_io_stats: 0
I200512 18:55:17.496425 35 storage/engine/rocksdb.go:120                                Options.ttl: 0
I200512 18:55:17.496427 35 storage/engine/rocksdb.go:120           Options.periodic_compaction_seconds: 0
I200512 18:55:17.500865 35 storage/engine/rocksdb.go:120  [db/version_set.cc:4286] Recovered from manifest file:/var/lib/cockroach/MANIFEST-000184 succeeded,manifest_file_number is 184, next_file_number is 191, last_sequence is 5758556, log_number is 183,prev_log_number is 0,max_column_family is 0,min_log_number_to_keep is 0
I200512 18:55:17.500873 35 storage/engine/rocksdb.go:120  [db/version_set.cc:4295] Column family [default] (ID 0), log number is 183
I200512 18:55:17.501918 35 storage/engine/rocksdb.go:120  EVENT_LOG_v1 {"time_micros": 1589309717501891, "job": 1, "event": "recovery_started", "log_files": [185]}
I200512 18:55:17.501928 35 storage/engine/rocksdb.go:120  [db/db_impl_open.cc:598] Recovering log #185 mode 0
I200512 18:55:17.760632 35 storage/engine/rocksdb.go:120  EVENT_LOG_v1 {"time_micros": 1589309717760421, "cf_name": "default", "job": 1, "event": "table_file_creation", "file_number": 191, "file_size": 162749, "table_properties": {"data_size": 157190, "index_size": 1495, "index_partitions": 0, "top_level_index_size": 0, "index_key_is_user_key": 0, "index_value_is_delta_encoded": 0, "filter_size": 3653, "raw_key_size": 102206, "raw_average_key_size": 31, "raw_value_size": 789919, "raw_average_value_size": 246, "num_data_blocks": 26, "num_entries": 3208, "num_deletions": 1799, "num_merge_operands": 664, "num_range_deletions": 664, "format_version": 0, "fixed_key_len": 0, "filter_policy": "rocksdb.BuiltinBloomFilter", "column_family_name": "default", "column_family_id": 0, "comparator": "cockroach_comparator", "merge_operator": "cockroach_merge_operator", "prefix_extractor_name": "cockroach_prefix_extractor", "property_collectors": "[TimeBoundTblPropCollectorFactory,DeleteRangeTblPropCollectorFactory]", "compression": "Snappy", "compression_options": "window_bits=-14; level=32767; strategy=0; max_dict_bytes=0; zstd_max_train_bytes=0; enabled=0; ", "creation_time": 1589309717, "oldest_key_time": 3, "file_creation_time": 0}}
I200512 18:55:17.763176 35 storage/engine/rocksdb.go:120  [db/version_set.cc:3560] Creating manifest 192
I200512 18:55:17.774020 35 storage/engine/rocksdb.go:120  EVENT_LOG_v1 {"time_micros": 1589309717773962, "job": 1, "event": "recovery_finished"}
I200512 18:55:17.802597 35 storage/engine/rocksdb.go:120  DB pointer 0x7fb9fa334000
I200512 18:56:21.009856 1146 storage/engine/rocksdb.go:120  bloom filter utility:    -nan%
I200512 18:56:21.010168 1146 storage/engine/rocksdb.go:120  [db/db_impl.cc:392] Shutdown: canceling all background work
I200512 18:56:21.012197 1146 storage/engine/rocksdb.go:120  [db/db_impl.cc:565] Shutdown complete
I200512 18:56:21.022128 1146 storage/engine/rocksdb.go:120  bloom filter utility:    58.7%
I200512 18:56:21.022564 1146 storage/engine/rocksdb.go:120  [db/db_impl.cc:392] Shutdown: canceling all background work
I200512 18:56:21.028835 1146 storage/engine/rocksdb.go:120  [db/db_impl.cc:565] Shutdown complete
