I200520 23:52:44.814588 26 util/log/clog.go:1196  [config] file created at: 2020/05/20 23:52:44
I200520 23:52:44.814588 26 util/log/clog.go:1196  [config] running on machine: 2897af04e1af
I200520 23:52:44.814588 26 util/log/clog.go:1196  [config] binary: CockroachDB CCL v19.2.5 (x86_64-unknown-linux-gnu, built 2020/03/16 18:27:12, go1.12.12)
I200520 23:52:44.814588 26 util/log/clog.go:1196  [config] arguments: [/cockroach/cockroach start --insecure --store=attrs=ssd,path=/var/lib/cockroach/]
I200520 23:52:44.814588 26 util/log/clog.go:1196  line format: [IWEF]yymmdd hh:mm:ss.uuuuuu goid file:line msg utf8=✓
I200520 23:52:44.814586 26 storage/engine/rocksdb.go:120  RocksDB version: 6.2.1
I200520 23:52:44.821946 26 storage/engine/rocksdb.go:120  Git sha rocksdb_build_git_sha:@b7009236531fa784872f4823eabf393501e41bf2@
I200520 23:52:44.821950 26 storage/engine/rocksdb.go:120  Compile date Mar 16 2020
I200520 23:52:44.821953 26 storage/engine/rocksdb.go:120  DB SUMMARY
I200520 23:52:44.823906 26 storage/engine/rocksdb.go:120  SST files in /var/lib/cockroach/cockroach-temp189308853 dir, Total Num: 0, files: 
I200520 23:52:45.096943 26 storage/engine/rocksdb.go:120  Write Ahead Log file in /var/lib/cockroach/cockroach-temp189308853: 
I200520 23:52:45.096948 26 storage/engine/rocksdb.go:120                          Options.error_if_exists: 0
I200520 23:52:45.096951 26 storage/engine/rocksdb.go:120                        Options.create_if_missing: 1
I200520 23:52:45.096954 26 storage/engine/rocksdb.go:120                          Options.paranoid_checks: 1
I200520 23:52:45.096957 26 storage/engine/rocksdb.go:120                                      Options.env: 0x75757a0
I200520 23:52:45.096960 26 storage/engine/rocksdb.go:120                                 Options.info_log: 0x7f99128270e0
I200520 23:52:45.096962 26 storage/engine/rocksdb.go:120                 Options.max_file_opening_threads: 16
I200520 23:52:45.096965 26 storage/engine/rocksdb.go:120                               Options.statistics: 0x7f9912834010
I200520 23:52:45.096968 26 storage/engine/rocksdb.go:120                                Options.use_fsync: 0
I200520 23:52:45.096971 26 storage/engine/rocksdb.go:120                        Options.max_log_file_size: 0
I200520 23:52:45.096974 26 storage/engine/rocksdb.go:120                   Options.max_manifest_file_size: 134217728
I200520 23:52:45.096976 26 storage/engine/rocksdb.go:120                    Options.log_file_time_to_roll: 0
I200520 23:52:45.096979 26 storage/engine/rocksdb.go:120                        Options.keep_log_file_num: 1000
I200520 23:52:45.096982 26 storage/engine/rocksdb.go:120                     Options.recycle_log_file_num: 1
I200520 23:52:45.096984 26 storage/engine/rocksdb.go:120                          Options.allow_fallocate: 1
I200520 23:52:45.096987 26 storage/engine/rocksdb.go:120                         Options.allow_mmap_reads: 0
I200520 23:52:45.096990 26 storage/engine/rocksdb.go:120                        Options.allow_mmap_writes: 0
I200520 23:52:45.096992 26 storage/engine/rocksdb.go:120                         Options.use_direct_reads: 0
I200520 23:52:45.096995 26 storage/engine/rocksdb.go:120                         Options.use_direct_io_for_flush_and_compaction: 0
I200520 23:52:45.096998 26 storage/engine/rocksdb.go:120           Options.create_missing_column_families: 0
I200520 23:52:45.097001 26 storage/engine/rocksdb.go:120                               Options.db_log_dir: 
I200520 23:52:45.097003 26 storage/engine/rocksdb.go:120                                  Options.wal_dir: /var/lib/cockroach/cockroach-temp189308853
I200520 23:52:45.097006 26 storage/engine/rocksdb.go:120                 Options.table_cache_numshardbits: 6
I200520 23:52:45.097009 26 storage/engine/rocksdb.go:120                       Options.max_subcompactions: 1
I200520 23:52:45.097011 26 storage/engine/rocksdb.go:120                   Options.max_background_flushes: -1
I200520 23:52:45.097014 26 storage/engine/rocksdb.go:120                          Options.WAL_ttl_seconds: 0
I200520 23:52:45.097017 26 storage/engine/rocksdb.go:120                        Options.WAL_size_limit_MB: 0
I200520 23:52:45.097020 26 storage/engine/rocksdb.go:120              Options.manifest_preallocation_size: 4194304
I200520 23:52:45.097022 26 storage/engine/rocksdb.go:120                      Options.is_fd_close_on_exec: 1
I200520 23:52:45.097025 26 storage/engine/rocksdb.go:120                    Options.advise_random_on_open: 1
I200520 23:52:45.097028 26 storage/engine/rocksdb.go:120                     Options.db_write_buffer_size: 0
I200520 23:52:45.097034 26 storage/engine/rocksdb.go:120                     Options.write_buffer_manager: 0x7f99128190f0
I200520 23:52:45.097037 26 storage/engine/rocksdb.go:120          Options.access_hint_on_compaction_start: 1
I200520 23:52:45.097040 26 storage/engine/rocksdb.go:120   Options.new_table_reader_for_compaction_inputs: 0
I200520 23:52:45.097043 26 storage/engine/rocksdb.go:120            Options.random_access_max_buffer_size: 1048576
I200520 23:52:45.097045 26 storage/engine/rocksdb.go:120                       Options.use_adaptive_mutex: 0
I200520 23:52:45.097048 26 storage/engine/rocksdb.go:120                             Options.rate_limiter: (nil)
I200520 23:52:45.097051 26 storage/engine/rocksdb.go:120      Options.sst_file_manager.rate_bytes_per_sec: 0
I200520 23:52:45.097054 26 storage/engine/rocksdb.go:120                        Options.wal_recovery_mode: 0
I200520 23:52:45.097056 26 storage/engine/rocksdb.go:120                   Options.enable_thread_tracking: 0
I200520 23:52:45.097059 26 storage/engine/rocksdb.go:120                   Options.enable_pipelined_write: 0
I200520 23:52:45.097062 26 storage/engine/rocksdb.go:120          Options.allow_concurrent_memtable_write: 1
I200520 23:52:45.097064 26 storage/engine/rocksdb.go:120       Options.enable_write_thread_adaptive_yield: 1
I200520 23:52:45.097067 26 storage/engine/rocksdb.go:120              Options.write_thread_max_yield_usec: 100
I200520 23:52:45.097070 26 storage/engine/rocksdb.go:120             Options.write_thread_slow_yield_usec: 3
I200520 23:52:45.097072 26 storage/engine/rocksdb.go:120                                Options.row_cache: None
I200520 23:52:45.097075 26 storage/engine/rocksdb.go:120                               Options.wal_filter: None
I200520 23:52:45.097078 26 storage/engine/rocksdb.go:120              Options.avoid_flush_during_recovery: 0
I200520 23:52:45.097080 26 storage/engine/rocksdb.go:120              Options.allow_ingest_behind: 0
I200520 23:52:45.097083 26 storage/engine/rocksdb.go:120              Options.preserve_deletes: 0
I200520 23:52:45.097086 26 storage/engine/rocksdb.go:120              Options.two_write_queues: 0
I200520 23:52:45.097088 26 storage/engine/rocksdb.go:120              Options.manual_wal_flush: 1
I200520 23:52:45.097091 26 storage/engine/rocksdb.go:120              Options.atomic_flush: 0
I200520 23:52:45.097093 26 storage/engine/rocksdb.go:120              Options.avoid_unnecessary_blocking_io: 0
I200520 23:52:45.097096 26 storage/engine/rocksdb.go:120              Options.max_background_jobs: 2
I200520 23:52:45.097099 26 storage/engine/rocksdb.go:120              Options.max_background_compactions: -1
I200520 23:52:45.097101 26 storage/engine/rocksdb.go:120              Options.avoid_flush_during_shutdown: 0
I200520 23:52:45.097104 26 storage/engine/rocksdb.go:120            Options.writable_file_max_buffer_size: 1048576
I200520 23:52:45.097107 26 storage/engine/rocksdb.go:120              Options.delayed_write_rate : 16777216
I200520 23:52:45.097109 26 storage/engine/rocksdb.go:120              Options.max_total_wal_size: 0
I200520 23:52:45.097112 26 storage/engine/rocksdb.go:120              Options.delete_obsolete_files_period_micros: 21600000000
I200520 23:52:45.097115 26 storage/engine/rocksdb.go:120                    Options.stats_dump_period_sec: 0
I200520 23:52:45.097117 26 storage/engine/rocksdb.go:120                  Options.stats_persist_period_sec: 600
I200520 23:52:45.097120 26 storage/engine/rocksdb.go:120                  Options.stats_history_buffer_size: 1048576
I200520 23:52:45.097123 26 storage/engine/rocksdb.go:120                           Options.max_open_files: 128
I200520 23:52:45.097125 26 storage/engine/rocksdb.go:120                           Options.bytes_per_sync: 524288
I200520 23:52:45.097128 26 storage/engine/rocksdb.go:120                       Options.wal_bytes_per_sync: 0
I200520 23:52:45.097131 26 storage/engine/rocksdb.go:120                    Options.strict_bytes_per_sync: 1
I200520 23:52:45.097133 26 storage/engine/rocksdb.go:120        Options.compaction_readahead_size: 0
I200520 23:52:45.097136 26 storage/engine/rocksdb.go:120  Compression algorithms supported:
I200520 23:52:45.097140 26 storage/engine/rocksdb.go:120  	kZSTDNotFinalCompression supported: 0
I200520 23:52:45.097143 26 storage/engine/rocksdb.go:120  	kZSTD supported: 0
I200520 23:52:45.097146 26 storage/engine/rocksdb.go:120  	kXpressCompression supported: 0
I200520 23:52:45.097148 26 storage/engine/rocksdb.go:120  	kLZ4HCCompression supported: 0
I200520 23:52:45.097151 26 storage/engine/rocksdb.go:120  	kLZ4Compression supported: 0
I200520 23:52:45.097154 26 storage/engine/rocksdb.go:120  	kBZip2Compression supported: 0
I200520 23:52:45.097156 26 storage/engine/rocksdb.go:120  	kZlibCompression supported: 0
I200520 23:52:45.097161 26 storage/engine/rocksdb.go:120  	kSnappyCompression supported: 1
I200520 23:52:45.097183 26 storage/engine/rocksdb.go:120  Fast CRC32 supported: Supported on x86
I200520 23:52:45.099248 26 storage/engine/rocksdb.go:120  [db/db_impl_open.cc:242] Creating manifest 1 
I200520 23:52:45.117051 26 storage/engine/rocksdb.go:120  [db/version_set.cc:4072] Recovering from manifest file: /var/lib/cockroach/cockroach-temp189308853/MANIFEST-000001
I200520 23:52:45.118160 26 storage/engine/rocksdb.go:120  [db/column_family.cc:488] --------------- Options for column family [default]:
I200520 23:52:45.118165 26 storage/engine/rocksdb.go:120                Options.comparator: cockroach_comparator
I200520 23:52:45.118181 26 storage/engine/rocksdb.go:120            Options.merge_operator: cockroach_merge_operator
I200520 23:52:45.118187 26 storage/engine/rocksdb.go:120         Options.compaction_filter: None
I200520 23:52:45.118189 26 storage/engine/rocksdb.go:120         Options.compaction_filter_factory: None
I200520 23:52:45.118192 26 storage/engine/rocksdb.go:120          Options.memtable_factory: SkipListFactory
I200520 23:52:45.118195 26 storage/engine/rocksdb.go:120             Options.table_factory: BlockBasedTable
I200520 23:52:45.118217 26 storage/engine/rocksdb.go:120             table_factory options:   flush_block_policy_factory: FlushBlockBySizePolicyFactory (0x7f9912828030)
  cache_index_and_filter_blocks: 0
  cache_index_and_filter_blocks_with_high_priority: 0
  pin_l0_filter_and_index_blocks_in_cache: 0
  pin_top_level_index_and_filter: 1
  index_type: 0
  data_block_index_type: 0
  index_shortening: 1
  data_block_hash_table_util_ratio: 0.750000
  hash_index_allow_collision: 1
  checksum: 1
  no_block_cache: 0
  block_cache: 0x7f991281c010
  block_cache_name: LRUCache
  block_cache_options:
    capacity : 1048576
    num_shard_bits : 4
    strict_capacity_limit : 0
    memory_allocator : None
    high_pri_pool_ratio: 0.000
  block_cache_compressed: (nil)
  persistent_cache: (nil)
  block_size: 32768
  block_size_deviation: 10
  block_restart_interval: 16
  index_block_restart_interval: 1
  metadata_block_size: 4096
  partition_filters: 0
  use_delta_encoding: 1
  filter_policy: rocksdb.BuiltinBloomFilter
  whole_key_filtering: 0
  verify_compression: 0
  read_amp_bytes_per_bit: 0
  format_version: 2
  enable_index_compression: 1
  block_align: 0
I200520 23:52:45.118244 26 storage/engine/rocksdb.go:120         Options.write_buffer_size: 67108864
I200520 23:52:45.118251 26 storage/engine/rocksdb.go:120   Options.max_write_buffer_number: 4
I200520 23:52:45.118254 26 storage/engine/rocksdb.go:120           Options.compression: Snappy
I200520 23:52:45.118257 26 storage/engine/rocksdb.go:120                   Options.bottommost_compression: Disabled
I200520 23:52:45.118260 26 storage/engine/rocksdb.go:120        Options.prefix_extractor: cockroach_prefix_extractor
I200520 23:52:45.118263 26 storage/engine/rocksdb.go:120    Options.memtable_insert_with_hint_prefix_extractor: nullptr
I200520 23:52:45.118266 26 storage/engine/rocksdb.go:120              Options.num_levels: 7
I200520 23:52:45.118274 26 storage/engine/rocksdb.go:120         Options.min_write_buffer_number_to_merge: 1
I200520 23:52:45.118277 26 storage/engine/rocksdb.go:120      Options.max_write_buffer_number_to_maintain: 0
I200520 23:52:45.118280 26 storage/engine/rocksdb.go:120             Options.bottommost_compression_opts.window_bits: -14
I200520 23:52:45.118286 26 storage/engine/rocksdb.go:120                   Options.bottommost_compression_opts.level: 32767
I200520 23:52:45.118289 26 storage/engine/rocksdb.go:120                Options.bottommost_compression_opts.strategy: 0
I200520 23:52:45.118292 26 storage/engine/rocksdb.go:120          Options.bottommost_compression_opts.max_dict_bytes: 0
I200520 23:52:45.118294 26 storage/engine/rocksdb.go:120          Options.bottommost_compression_opts.zstd_max_train_bytes: 0
I200520 23:52:45.118297 26 storage/engine/rocksdb.go:120                   Options.bottommost_compression_opts.enabled: false
I200520 23:52:45.118300 26 storage/engine/rocksdb.go:120             Options.compression_opts.window_bits: -14
I200520 23:52:45.118303 26 storage/engine/rocksdb.go:120                   Options.compression_opts.level: 32767
I200520 23:52:45.118305 26 storage/engine/rocksdb.go:120                Options.compression_opts.strategy: 0
I200520 23:52:45.118308 26 storage/engine/rocksdb.go:120          Options.compression_opts.max_dict_bytes: 0
I200520 23:52:45.118311 26 storage/engine/rocksdb.go:120          Options.compression_opts.zstd_max_train_bytes: 0
I200520 23:52:45.118313 26 storage/engine/rocksdb.go:120                   Options.compression_opts.enabled: false
I200520 23:52:45.118316 26 storage/engine/rocksdb.go:120       Options.level0_file_num_compaction_trigger: 2
I200520 23:52:45.118319 26 storage/engine/rocksdb.go:120           Options.level0_slowdown_writes_trigger: 950
I200520 23:52:45.118321 26 storage/engine/rocksdb.go:120               Options.level0_stop_writes_trigger: 1000
I200520 23:52:45.118325 26 storage/engine/rocksdb.go:120                    Options.target_file_size_base: 4194304
I200520 23:52:45.118327 26 storage/engine/rocksdb.go:120              Options.target_file_size_multiplier: 2
I200520 23:52:45.118330 26 storage/engine/rocksdb.go:120                 Options.max_bytes_for_level_base: 67108864
I200520 23:52:45.118333 26 storage/engine/rocksdb.go:120  Options.level_compaction_dynamic_level_bytes: 1
I200520 23:52:45.118337 26 storage/engine/rocksdb.go:120           Options.max_bytes_for_level_multiplier: 10.000000
I200520 23:52:45.118339 26 storage/engine/rocksdb.go:120  Options.max_bytes_for_level_multiplier_addtl[0]: 1
I200520 23:52:45.118342 26 storage/engine/rocksdb.go:120  Options.max_bytes_for_level_multiplier_addtl[1]: 1
I200520 23:52:45.118345 26 storage/engine/rocksdb.go:120  Options.max_bytes_for_level_multiplier_addtl[2]: 1
I200520 23:52:45.118347 26 storage/engine/rocksdb.go:120  Options.max_bytes_for_level_multiplier_addtl[3]: 1
I200520 23:52:45.118350 26 storage/engine/rocksdb.go:120  Options.max_bytes_for_level_multiplier_addtl[4]: 1
I200520 23:52:45.118357 26 storage/engine/rocksdb.go:120  Options.max_bytes_for_level_multiplier_addtl[5]: 1
I200520 23:52:45.118360 26 storage/engine/rocksdb.go:120  Options.max_bytes_for_level_multiplier_addtl[6]: 1
I200520 23:52:45.118362 26 storage/engine/rocksdb.go:120        Options.max_sequential_skip_in_iterations: 8
I200520 23:52:45.118365 26 storage/engine/rocksdb.go:120                     Options.max_compaction_bytes: 104857600
I200520 23:52:45.118368 26 storage/engine/rocksdb.go:120                         Options.arena_block_size: 8388608
I200520 23:52:45.118370 26 storage/engine/rocksdb.go:120    Options.soft_pending_compaction_bytes_limit: 2199023255552
I200520 23:52:45.118373 26 storage/engine/rocksdb.go:120    Options.hard_pending_compaction_bytes_limit: 4400193994752
I200520 23:52:45.118375 26 storage/engine/rocksdb.go:120        Options.rate_limit_delay_max_milliseconds: 100
I200520 23:52:45.118378 26 storage/engine/rocksdb.go:120                 Options.disable_auto_compactions: 0
I200520 23:52:45.118382 26 storage/engine/rocksdb.go:120                         Options.compaction_style: kCompactionStyleLevel
I200520 23:52:45.118385 26 storage/engine/rocksdb.go:120                           Options.compaction_pri: kMinOverlappingRatio
I200520 23:52:45.118387 26 storage/engine/rocksdb.go:120  Options.compaction_options_universal.size_ratio: 1
I200520 23:52:45.118391 26 storage/engine/rocksdb.go:120  Options.compaction_options_universal.min_merge_width: 2
I200520 23:52:45.118394 26 storage/engine/rocksdb.go:120  Options.compaction_options_universal.max_merge_width: 4294967295
I200520 23:52:45.118396 26 storage/engine/rocksdb.go:120  Options.compaction_options_universal.max_size_amplification_percent: 200
I200520 23:52:45.118399 26 storage/engine/rocksdb.go:120  Options.compaction_options_universal.compression_size_percent: -1
I200520 23:52:45.118402 26 storage/engine/rocksdb.go:120  Options.compaction_options_universal.stop_style: kCompactionStopStyleTotalSize
I200520 23:52:45.118405 26 storage/engine/rocksdb.go:120  Options.compaction_options_fifo.max_table_files_size: 1073741824
I200520 23:52:45.118407 26 storage/engine/rocksdb.go:120  Options.compaction_options_fifo.allow_compaction: 0
I200520 23:52:45.118411 26 storage/engine/rocksdb.go:120                    Options.table_properties_collectors: TimeBoundTblPropCollectorFactory; DeleteRangeTblPropCollectorFactory; 
I200520 23:52:45.118414 26 storage/engine/rocksdb.go:120                    Options.inplace_update_support: 0
I200520 23:52:45.118417 26 storage/engine/rocksdb.go:120                  Options.inplace_update_num_locks: 10000
I200520 23:52:45.118420 26 storage/engine/rocksdb.go:120                Options.memtable_prefix_bloom_size_ratio: 0.000000
I200520 23:52:45.118422 26 storage/engine/rocksdb.go:120                Options.memtable_whole_key_filtering: 0
I200520 23:52:45.118425 26 storage/engine/rocksdb.go:120    Options.memtable_huge_page_size: 0
I200520 23:52:45.118427 26 storage/engine/rocksdb.go:120                            Options.bloom_locality: 0
I200520 23:52:45.118430 26 storage/engine/rocksdb.go:120                     Options.max_successive_merges: 0
I200520 23:52:45.118433 26 storage/engine/rocksdb.go:120                 Options.optimize_filters_for_hits: 1
I200520 23:52:45.118436 26 storage/engine/rocksdb.go:120                 Options.paranoid_file_checks: 0
I200520 23:52:45.118438 26 storage/engine/rocksdb.go:120                 Options.force_consistency_checks: 0
I200520 23:52:45.118441 26 storage/engine/rocksdb.go:120                 Options.report_bg_io_stats: 0
I200520 23:52:45.118443 26 storage/engine/rocksdb.go:120                                Options.ttl: 0
I200520 23:52:45.118446 26 storage/engine/rocksdb.go:120           Options.periodic_compaction_seconds: 0
I200520 23:52:45.119514 26 storage/engine/rocksdb.go:120  [db/version_set.cc:4286] Recovered from manifest file:/var/lib/cockroach/cockroach-temp189308853/MANIFEST-000001 succeeded,manifest_file_number is 1, next_file_number is 3, last_sequence is 0, log_number is 0,prev_log_number is 0,max_column_family is 0,min_log_number_to_keep is 0
I200520 23:52:45.119519 26 storage/engine/rocksdb.go:120  [db/version_set.cc:4295] Column family [default] (ID 0), log number is 0
I200520 23:52:45.140070 26 storage/engine/rocksdb.go:120  DB pointer 0x7f99128a4000
I200520 23:52:45.161200 26 storage/engine/rocksdb.go:120  RocksDB version: 6.2.1
I200520 23:52:45.161213 26 storage/engine/rocksdb.go:120  Git sha rocksdb_build_git_sha:@b7009236531fa784872f4823eabf393501e41bf2@
I200520 23:52:45.161216 26 storage/engine/rocksdb.go:120  Compile date Mar 16 2020
I200520 23:52:45.161220 26 storage/engine/rocksdb.go:120  DB SUMMARY
I200520 23:52:45.165459 26 storage/engine/rocksdb.go:120  CURRENT file:  CURRENT
I200520 23:52:45.165466 26 storage/engine/rocksdb.go:120  IDENTITY file:  IDENTITY
I200520 23:52:45.165786 26 storage/engine/rocksdb.go:120  MANIFEST file:  MANIFEST-001019 size: 1114 Bytes
I200520 23:52:45.165793 26 storage/engine/rocksdb.go:120  SST files in /var/lib/cockroach dir, Total Num: 9, files: 000795.sst 000986.sst 001011.sst 001012.sst 001013.sst 001014.sst 001015.sst 001016.sst 001018.sst 
I200520 23:52:45.165797 26 storage/engine/rocksdb.go:120  Write Ahead Log file in /var/lib/cockroach: 001020.log size: 56410328 ; 
I200520 23:52:45.165801 26 storage/engine/rocksdb.go:120                          Options.error_if_exists: 0
I200520 23:52:45.165813 26 storage/engine/rocksdb.go:120                        Options.create_if_missing: 1
I200520 23:52:45.165816 26 storage/engine/rocksdb.go:120                          Options.paranoid_checks: 1
I200520 23:52:45.165819 26 storage/engine/rocksdb.go:120                                      Options.env: 0x75757a0
I200520 23:52:45.165822 26 storage/engine/rocksdb.go:120                                 Options.info_log: 0x7f991580dce0
I200520 23:52:45.165826 26 storage/engine/rocksdb.go:120                 Options.max_file_opening_threads: 16
I200520 23:52:45.165828 26 storage/engine/rocksdb.go:120                               Options.statistics: 0x7f9915825010
I200520 23:52:45.165831 26 storage/engine/rocksdb.go:120                                Options.use_fsync: 0
I200520 23:52:45.165834 26 storage/engine/rocksdb.go:120                        Options.max_log_file_size: 0
I200520 23:52:45.165836 26 storage/engine/rocksdb.go:120                   Options.max_manifest_file_size: 134217728
I200520 23:52:45.165839 26 storage/engine/rocksdb.go:120                    Options.log_file_time_to_roll: 0
I200520 23:52:45.165842 26 storage/engine/rocksdb.go:120                        Options.keep_log_file_num: 1000
I200520 23:52:45.165845 26 storage/engine/rocksdb.go:120                     Options.recycle_log_file_num: 1
I200520 23:52:45.165848 26 storage/engine/rocksdb.go:120                          Options.allow_fallocate: 1
I200520 23:52:45.165851 26 storage/engine/rocksdb.go:120                         Options.allow_mmap_reads: 0
I200520 23:52:45.165854 26 storage/engine/rocksdb.go:120                        Options.allow_mmap_writes: 0
I200520 23:52:45.165856 26 storage/engine/rocksdb.go:120                         Options.use_direct_reads: 0
I200520 23:52:45.165859 26 storage/engine/rocksdb.go:120                         Options.use_direct_io_for_flush_and_compaction: 0
I200520 23:52:45.165862 26 storage/engine/rocksdb.go:120           Options.create_missing_column_families: 0
I200520 23:52:45.165864 26 storage/engine/rocksdb.go:120                               Options.db_log_dir: 
I200520 23:52:45.165867 26 storage/engine/rocksdb.go:120                                  Options.wal_dir: /var/lib/cockroach
I200520 23:52:45.165870 26 storage/engine/rocksdb.go:120                 Options.table_cache_numshardbits: 6
I200520 23:52:45.165872 26 storage/engine/rocksdb.go:120                       Options.max_subcompactions: 1
I200520 23:52:45.165875 26 storage/engine/rocksdb.go:120                   Options.max_background_flushes: -1
I200520 23:52:45.165877 26 storage/engine/rocksdb.go:120                          Options.WAL_ttl_seconds: 0
I200520 23:52:45.165880 26 storage/engine/rocksdb.go:120                        Options.WAL_size_limit_MB: 0
I200520 23:52:45.165883 26 storage/engine/rocksdb.go:120              Options.manifest_preallocation_size: 4194304
I200520 23:52:45.165885 26 storage/engine/rocksdb.go:120                      Options.is_fd_close_on_exec: 1
I200520 23:52:45.165888 26 storage/engine/rocksdb.go:120                    Options.advise_random_on_open: 1
I200520 23:52:45.165891 26 storage/engine/rocksdb.go:120                     Options.db_write_buffer_size: 0
I200520 23:52:45.165894 26 storage/engine/rocksdb.go:120                     Options.write_buffer_manager: 0x7f991588d030
I200520 23:52:45.165897 26 storage/engine/rocksdb.go:120          Options.access_hint_on_compaction_start: 1
I200520 23:52:45.165899 26 storage/engine/rocksdb.go:120   Options.new_table_reader_for_compaction_inputs: 0
I200520 23:52:45.165902 26 storage/engine/rocksdb.go:120            Options.random_access_max_buffer_size: 1048576
I200520 23:52:45.165905 26 storage/engine/rocksdb.go:120                       Options.use_adaptive_mutex: 0
I200520 23:52:45.165907 26 storage/engine/rocksdb.go:120                             Options.rate_limiter: (nil)
I200520 23:52:45.165911 26 storage/engine/rocksdb.go:120      Options.sst_file_manager.rate_bytes_per_sec: 0
I200520 23:52:45.165914 26 storage/engine/rocksdb.go:120                        Options.wal_recovery_mode: 0
I200520 23:52:45.165917 26 storage/engine/rocksdb.go:120                   Options.enable_thread_tracking: 0
I200520 23:52:45.165919 26 storage/engine/rocksdb.go:120                   Options.enable_pipelined_write: 0
I200520 23:52:45.165922 26 storage/engine/rocksdb.go:120          Options.allow_concurrent_memtable_write: 1
I200520 23:52:45.165924 26 storage/engine/rocksdb.go:120       Options.enable_write_thread_adaptive_yield: 1
I200520 23:52:45.165927 26 storage/engine/rocksdb.go:120              Options.write_thread_max_yield_usec: 100
I200520 23:52:45.165930 26 storage/engine/rocksdb.go:120             Options.write_thread_slow_yield_usec: 3
I200520 23:52:45.165932 26 storage/engine/rocksdb.go:120                                Options.row_cache: None
I200520 23:52:45.165935 26 storage/engine/rocksdb.go:120                               Options.wal_filter: None
I200520 23:52:45.165938 26 storage/engine/rocksdb.go:120              Options.avoid_flush_during_recovery: 0
I200520 23:52:45.165941 26 storage/engine/rocksdb.go:120              Options.allow_ingest_behind: 0
I200520 23:52:45.165943 26 storage/engine/rocksdb.go:120              Options.preserve_deletes: 0
I200520 23:52:45.165946 26 storage/engine/rocksdb.go:120              Options.two_write_queues: 0
I200520 23:52:45.165949 26 storage/engine/rocksdb.go:120              Options.manual_wal_flush: 1
I200520 23:52:45.165951 26 storage/engine/rocksdb.go:120              Options.atomic_flush: 0
I200520 23:52:45.165954 26 storage/engine/rocksdb.go:120              Options.avoid_unnecessary_blocking_io: 0
I200520 23:52:45.165956 26 storage/engine/rocksdb.go:120              Options.max_background_jobs: 2
I200520 23:52:45.165959 26 storage/engine/rocksdb.go:120              Options.max_background_compactions: -1
I200520 23:52:45.165961 26 storage/engine/rocksdb.go:120              Options.avoid_flush_during_shutdown: 0
I200520 23:52:45.165964 26 storage/engine/rocksdb.go:120            Options.writable_file_max_buffer_size: 1048576
I200520 23:52:45.165967 26 storage/engine/rocksdb.go:120              Options.delayed_write_rate : 16777216
I200520 23:52:45.165969 26 storage/engine/rocksdb.go:120              Options.max_total_wal_size: 0
I200520 23:52:45.165972 26 storage/engine/rocksdb.go:120              Options.delete_obsolete_files_period_micros: 21600000000
I200520 23:52:45.165974 26 storage/engine/rocksdb.go:120                    Options.stats_dump_period_sec: 0
I200520 23:52:45.165977 26 storage/engine/rocksdb.go:120                  Options.stats_persist_period_sec: 600
I200520 23:52:45.165980 26 storage/engine/rocksdb.go:120                  Options.stats_history_buffer_size: 1048576
I200520 23:52:45.165982 26 storage/engine/rocksdb.go:120                           Options.max_open_files: 1043576
I200520 23:52:45.165985 26 storage/engine/rocksdb.go:120                           Options.bytes_per_sync: 524288
I200520 23:52:45.165988 26 storage/engine/rocksdb.go:120                       Options.wal_bytes_per_sync: 0
I200520 23:52:45.166023 26 storage/engine/rocksdb.go:120                    Options.strict_bytes_per_sync: 1
I200520 23:52:45.166027 26 storage/engine/rocksdb.go:120        Options.compaction_readahead_size: 0
I200520 23:52:45.166030 26 storage/engine/rocksdb.go:120  Compression algorithms supported:
I200520 23:52:45.166033 26 storage/engine/rocksdb.go:120  	kZSTDNotFinalCompression supported: 0
I200520 23:52:45.166036 26 storage/engine/rocksdb.go:120  	kZSTD supported: 0
I200520 23:52:45.166040 26 storage/engine/rocksdb.go:120  	kXpressCompression supported: 0
I200520 23:52:45.166042 26 storage/engine/rocksdb.go:120  	kLZ4HCCompression supported: 0
I200520 23:52:45.166045 26 storage/engine/rocksdb.go:120  	kLZ4Compression supported: 0
I200520 23:52:45.166048 26 storage/engine/rocksdb.go:120  	kBZip2Compression supported: 0
I200520 23:52:45.166050 26 storage/engine/rocksdb.go:120  	kZlibCompression supported: 0
I200520 23:52:45.166056 26 storage/engine/rocksdb.go:120  	kSnappyCompression supported: 1
I200520 23:52:45.166062 26 storage/engine/rocksdb.go:120  Fast CRC32 supported: Supported on x86
I200520 23:52:45.167738 26 storage/engine/rocksdb.go:120  [db/version_set.cc:4072] Recovering from manifest file: /var/lib/cockroach/MANIFEST-001019
I200520 23:52:45.168277 26 storage/engine/rocksdb.go:120  [db/column_family.cc:488] --------------- Options for column family [default]:
I200520 23:52:45.168282 26 storage/engine/rocksdb.go:120                Options.comparator: cockroach_comparator
I200520 23:52:45.168285 26 storage/engine/rocksdb.go:120            Options.merge_operator: cockroach_merge_operator
I200520 23:52:45.168288 26 storage/engine/rocksdb.go:120         Options.compaction_filter: None
I200520 23:52:45.168291 26 storage/engine/rocksdb.go:120         Options.compaction_filter_factory: None
I200520 23:52:45.168294 26 storage/engine/rocksdb.go:120          Options.memtable_factory: SkipListFactory
I200520 23:52:45.168296 26 storage/engine/rocksdb.go:120             Options.table_factory: BlockBasedTable
I200520 23:52:45.168320 26 storage/engine/rocksdb.go:120             table_factory options:   flush_block_policy_factory: FlushBlockBySizePolicyFactory (0x7f9915823028)
  cache_index_and_filter_blocks: 0
  cache_index_and_filter_blocks_with_high_priority: 0
  pin_l0_filter_and_index_blocks_in_cache: 0
  pin_top_level_index_and_filter: 1
  index_type: 0
  data_block_index_type: 0
  index_shortening: 1
  data_block_hash_table_util_ratio: 0.750000
  hash_index_allow_collision: 1
  checksum: 1
  no_block_cache: 0
  block_cache: 0x7f9915814010
  block_cache_name: LRUCache
  block_cache_options:
    capacity : 67108864
    num_shard_bits : 4
    strict_capacity_limit : 0
    memory_allocator : None
    high_pri_pool_ratio: 0.000
  block_cache_compressed: (nil)
  persistent_cache: (nil)
  block_size: 32768
  block_size_deviation: 10
  block_restart_interval: 16
  index_block_restart_interval: 1
  metadata_block_size: 4096
  partition_filters: 0
  use_delta_encoding: 1
  filter_policy: rocksdb.BuiltinBloomFilter
  whole_key_filtering: 0
  verify_compression: 0
  read_amp_bytes_per_bit: 0
  format_version: 2
  enable_index_compression: 1
  block_align: 0
I200520 23:52:45.168325 26 storage/engine/rocksdb.go:120         Options.write_buffer_size: 67108864
I200520 23:52:45.168329 26 storage/engine/rocksdb.go:120   Options.max_write_buffer_number: 4
I200520 23:52:45.168332 26 storage/engine/rocksdb.go:120           Options.compression: Snappy
I200520 23:52:45.168335 26 storage/engine/rocksdb.go:120                   Options.bottommost_compression: Disabled
I200520 23:52:45.168337 26 storage/engine/rocksdb.go:120        Options.prefix_extractor: cockroach_prefix_extractor
I200520 23:52:45.168340 26 storage/engine/rocksdb.go:120    Options.memtable_insert_with_hint_prefix_extractor: nullptr
I200520 23:52:45.168343 26 storage/engine/rocksdb.go:120              Options.num_levels: 7
I200520 23:52:45.168346 26 storage/engine/rocksdb.go:120         Options.min_write_buffer_number_to_merge: 1
I200520 23:52:45.168348 26 storage/engine/rocksdb.go:120      Options.max_write_buffer_number_to_maintain: 0
I200520 23:52:45.168351 26 storage/engine/rocksdb.go:120             Options.bottommost_compression_opts.window_bits: -14
I200520 23:52:45.168354 26 storage/engine/rocksdb.go:120                   Options.bottommost_compression_opts.level: 32767
I200520 23:52:45.168357 26 storage/engine/rocksdb.go:120                Options.bottommost_compression_opts.strategy: 0
I200520 23:52:45.168359 26 storage/engine/rocksdb.go:120          Options.bottommost_compression_opts.max_dict_bytes: 0
I200520 23:52:45.168362 26 storage/engine/rocksdb.go:120          Options.bottommost_compression_opts.zstd_max_train_bytes: 0
I200520 23:52:45.168365 26 storage/engine/rocksdb.go:120                   Options.bottommost_compression_opts.enabled: false
I200520 23:52:45.168368 26 storage/engine/rocksdb.go:120             Options.compression_opts.window_bits: -14
I200520 23:52:45.168370 26 storage/engine/rocksdb.go:120                   Options.compression_opts.level: 32767
I200520 23:52:45.168374 26 storage/engine/rocksdb.go:120                Options.compression_opts.strategy: 0
I200520 23:52:45.168376 26 storage/engine/rocksdb.go:120          Options.compression_opts.max_dict_bytes: 0
I200520 23:52:45.168379 26 storage/engine/rocksdb.go:120          Options.compression_opts.zstd_max_train_bytes: 0
I200520 23:52:45.168384 26 storage/engine/rocksdb.go:120                   Options.compression_opts.enabled: false
I200520 23:52:45.168387 26 storage/engine/rocksdb.go:120       Options.level0_file_num_compaction_trigger: 2
I200520 23:52:45.168390 26 storage/engine/rocksdb.go:120           Options.level0_slowdown_writes_trigger: 950
I200520 23:52:45.168392 26 storage/engine/rocksdb.go:120               Options.level0_stop_writes_trigger: 1000
I200520 23:52:45.168395 26 storage/engine/rocksdb.go:120                    Options.target_file_size_base: 4194304
I200520 23:52:45.168398 26 storage/engine/rocksdb.go:120              Options.target_file_size_multiplier: 2
I200520 23:52:45.168400 26 storage/engine/rocksdb.go:120                 Options.max_bytes_for_level_base: 67108864
I200520 23:52:45.168403 26 storage/engine/rocksdb.go:120  Options.level_compaction_dynamic_level_bytes: 1
I200520 23:52:45.168406 26 storage/engine/rocksdb.go:120           Options.max_bytes_for_level_multiplier: 10.000000
I200520 23:52:45.168409 26 storage/engine/rocksdb.go:120  Options.max_bytes_for_level_multiplier_addtl[0]: 1
I200520 23:52:45.168412 26 storage/engine/rocksdb.go:120  Options.max_bytes_for_level_multiplier_addtl[1]: 1
I200520 23:52:45.168415 26 storage/engine/rocksdb.go:120  Options.max_bytes_for_level_multiplier_addtl[2]: 1
I200520 23:52:45.168418 26 storage/engine/rocksdb.go:120  Options.max_bytes_for_level_multiplier_addtl[3]: 1
I200520 23:52:45.168420 26 storage/engine/rocksdb.go:120  Options.max_bytes_for_level_multiplier_addtl[4]: 1
I200520 23:52:45.168423 26 storage/engine/rocksdb.go:120  Options.max_bytes_for_level_multiplier_addtl[5]: 1
I200520 23:52:45.168426 26 storage/engine/rocksdb.go:120  Options.max_bytes_for_level_multiplier_addtl[6]: 1
I200520 23:52:45.168429 26 storage/engine/rocksdb.go:120        Options.max_sequential_skip_in_iterations: 8
I200520 23:52:45.168431 26 storage/engine/rocksdb.go:120                     Options.max_compaction_bytes: 104857600
I200520 23:52:45.168434 26 storage/engine/rocksdb.go:120                         Options.arena_block_size: 8388608
I200520 23:52:45.168437 26 storage/engine/rocksdb.go:120    Options.soft_pending_compaction_bytes_limit: 2199023255552
I200520 23:52:45.168440 26 storage/engine/rocksdb.go:120    Options.hard_pending_compaction_bytes_limit: 4400193994752
I200520 23:52:45.168442 26 storage/engine/rocksdb.go:120        Options.rate_limit_delay_max_milliseconds: 100
I200520 23:52:45.168445 26 storage/engine/rocksdb.go:120                 Options.disable_auto_compactions: 0
I200520 23:52:45.168448 26 storage/engine/rocksdb.go:120                         Options.compaction_style: kCompactionStyleLevel
I200520 23:52:45.168451 26 storage/engine/rocksdb.go:120                           Options.compaction_pri: kMinOverlappingRatio
I200520 23:52:45.168454 26 storage/engine/rocksdb.go:120  Options.compaction_options_universal.size_ratio: 1
I200520 23:52:45.168457 26 storage/engine/rocksdb.go:120  Options.compaction_options_universal.min_merge_width: 2
I200520 23:52:45.168460 26 storage/engine/rocksdb.go:120  Options.compaction_options_universal.max_merge_width: 4294967295
I200520 23:52:45.168462 26 storage/engine/rocksdb.go:120  Options.compaction_options_universal.max_size_amplification_percent: 200
I200520 23:52:45.168465 26 storage/engine/rocksdb.go:120  Options.compaction_options_universal.compression_size_percent: -1
I200520 23:52:45.168468 26 storage/engine/rocksdb.go:120  Options.compaction_options_universal.stop_style: kCompactionStopStyleTotalSize
I200520 23:52:45.168471 26 storage/engine/rocksdb.go:120  Options.compaction_options_fifo.max_table_files_size: 1073741824
I200520 23:52:45.168475 26 storage/engine/rocksdb.go:120  Options.compaction_options_fifo.allow_compaction: 0
I200520 23:52:45.168479 26 storage/engine/rocksdb.go:120                    Options.table_properties_collectors: TimeBoundTblPropCollectorFactory; DeleteRangeTblPropCollectorFactory; 
I200520 23:52:45.168482 26 storage/engine/rocksdb.go:120                    Options.inplace_update_support: 0
I200520 23:52:45.168485 26 storage/engine/rocksdb.go:120                  Options.inplace_update_num_locks: 10000
I200520 23:52:45.168488 26 storage/engine/rocksdb.go:120                Options.memtable_prefix_bloom_size_ratio: 0.000000
I200520 23:52:45.168490 26 storage/engine/rocksdb.go:120                Options.memtable_whole_key_filtering: 0
I200520 23:52:45.168493 26 storage/engine/rocksdb.go:120    Options.memtable_huge_page_size: 0
I200520 23:52:45.168495 26 storage/engine/rocksdb.go:120                            Options.bloom_locality: 0
I200520 23:52:45.168498 26 storage/engine/rocksdb.go:120                     Options.max_successive_merges: 0
I200520 23:52:45.168501 26 storage/engine/rocksdb.go:120                 Options.optimize_filters_for_hits: 1
I200520 23:52:45.168503 26 storage/engine/rocksdb.go:120                 Options.paranoid_file_checks: 0
I200520 23:52:45.168506 26 storage/engine/rocksdb.go:120                 Options.force_consistency_checks: 0
I200520 23:52:45.168508 26 storage/engine/rocksdb.go:120                 Options.report_bg_io_stats: 0
I200520 23:52:45.168511 26 storage/engine/rocksdb.go:120                                Options.ttl: 0
I200520 23:52:45.168515 26 storage/engine/rocksdb.go:120           Options.periodic_compaction_seconds: 0
I200520 23:52:45.178534 26 storage/engine/rocksdb.go:120  [db/version_set.cc:4286] Recovered from manifest file:/var/lib/cockroach/MANIFEST-001019 succeeded,manifest_file_number is 1019, next_file_number is 1021, last_sequence is 18999837, log_number is 1010,prev_log_number is 0,max_column_family is 0,min_log_number_to_keep is 0
I200520 23:52:45.178542 26 storage/engine/rocksdb.go:120  [db/version_set.cc:4295] Column family [default] (ID 0), log number is 1010
I200520 23:52:45.181796 26 storage/engine/rocksdb.go:120  EVENT_LOG_v1 {"time_micros": 1590018765181771, "job": 1, "event": "recovery_started", "log_files": [1020]}
I200520 23:52:45.181806 26 storage/engine/rocksdb.go:120  [db/db_impl_open.cc:598] Recovering log #1020 mode 0
I200520 23:52:46.206678 26 storage/engine/rocksdb.go:120  EVENT_LOG_v1 {"time_micros": 1590018766206587, "cf_name": "default", "job": 1, "event": "table_file_creation", "file_number": 1021, "file_size": 810603, "table_properties": {"data_size": 783984, "index_size": 5529, "index_partitions": 0, "top_level_index_size": 0, "index_key_is_user_key": 0, "index_value_is_delta_encoded": 0, "filter_size": 22469, "raw_key_size": 1019907, "raw_average_key_size": 31, "raw_value_size": 2297051, "raw_average_value_size": 70, "num_data_blocks": 92, "num_entries": 32540, "num_deletions": 30089, "num_merge_operands": 1328, "num_range_deletions": 1328, "format_version": 0, "fixed_key_len": 0, "filter_policy": "rocksdb.BuiltinBloomFilter", "column_family_name": "default", "column_family_id": 0, "comparator": "cockroach_comparator", "merge_operator": "cockroach_merge_operator", "prefix_extractor_name": "cockroach_prefix_extractor", "property_collectors": "[TimeBoundTblPropCollectorFactory,DeleteRangeTblPropCollectorFactory]", "compression": "Snappy", "compression_options": "window_bits=-14; level=32767; strategy=0; max_dict_bytes=0; zstd_max_train_bytes=0; enabled=0; ", "creation_time": 1590018765, "oldest_key_time": 3, "file_creation_time": 0}}
I200520 23:52:46.213432 26 storage/engine/rocksdb.go:120  [db/version_set.cc:3560] Creating manifest 1022
I200520 23:52:46.229867 26 storage/engine/rocksdb.go:120  EVENT_LOG_v1 {"time_micros": 1590018766229842, "job": 1, "event": "recovery_finished"}
I200520 23:52:46.255516 17 storage/engine/rocksdb.go:120  [db/compaction_job.cc:1647] [default] [JOB 3] Compacting 2@0 + 8@6 files to L6, score 1.00
I200520 23:52:46.255530 17 storage/engine/rocksdb.go:120  [db/compaction_job.cc:1651] [default] Compaction start summary: Base version 2 Base level 0, inputs: [1021(791KB) 1018(263KB)], [1011(4118KB) 1012(4126KB) 1013(4123KB) 1014(4116KB) 1015(4119KB) 1016(1527KB) 986(58KB) 795(7680B)]
I200520 23:52:46.255592 17 storage/engine/rocksdb.go:120  EVENT_LOG_v1 {"time_micros": 1590018766255543, "job": 3, "event": "compaction_started", "compaction_reason": "LevelL0FilesNum", "files_L0": [1021, 1018], "files_L6": [1011, 1012, 1013, 1014, 1015, 1016, 986, 795], "score": 1, "input_data_size": 23811773}
I200520 23:52:46.276912 26 storage/engine/rocksdb.go:120  DB pointer 0x7f991589f000
I200520 23:52:46.358955 17 storage/engine/rocksdb.go:120  [db/compaction_job.cc:1334] [default] [JOB 3] Generated table #1026: 11602 keys, 4215246 bytes
I200520 23:52:46.359002 17 storage/engine/rocksdb.go:120  EVENT_LOG_v1 {"time_micros": 1590018766358976, "cf_name": "default", "job": 3, "event": "table_file_creation", "file_number": 1026, "file_size": 4215246, "table_properties": {"data_size": 4196824, "index_size": 66644, "index_partitions": 0, "top_level_index_size": 0, "index_key_is_user_key": 0, "index_value_is_delta_encoded": 0, "filter_size": 0, "raw_key_size": 588012, "raw_average_key_size": 50, "raw_value_size": 30278260, "raw_average_value_size": 2609, "num_data_blocks": 971, "num_entries": 11602, "num_deletions": 0, "num_merge_operands": 0, "num_range_deletions": 0, "format_version": 0, "fixed_key_len": 0, "filter_policy": "rocksdb.BuiltinBloomFilter", "column_family_name": "default", "column_family_id": 0, "comparator": "cockroach_comparator", "merge_operator": "cockroach_merge_operator", "prefix_extractor_name": "cockroach_prefix_extractor", "property_collectors": "[TimeBoundTblPropCollectorFactory,DeleteRangeTblPropCollectorFactory]", "compression": "Snappy", "compression_options": "window_bits=-14; level=32767; strategy=0; max_dict_bytes=0; zstd_max_train_bytes=0; enabled=0; ", "creation_time": 1590018765, "oldest_key_time": 0, "file_creation_time": 1590018766}}
I200520 23:52:46.439162 17 storage/engine/rocksdb.go:120  [db/compaction_job.cc:1334] [default] [JOB 3] Generated table #1027: 13464 keys, 4222435 bytes
I200520 23:52:46.439227 17 storage/engine/rocksdb.go:120  EVENT_LOG_v1 {"time_micros": 1590018766439198, "cf_name": "default", "job": 3, "event": "table_file_creation", "file_number": 1027, "file_size": 4222435, "table_properties": {"data_size": 4197352, "index_size": 95512, "index_partitions": 0, "top_level_index_size": 0, "index_key_is_user_key": 0, "index_value_is_delta_encoded": 0, "filter_size": 0, "raw_key_size": 769596, "raw_average_key_size": 57, "raw_value_size": 42701679, "raw_average_value_size": 3171, "num_data_blocks": 1371, "num_entries": 13464, "num_deletions": 0, "num_merge_operands": 0, "num_range_deletions": 0, "format_version": 0, "fixed_key_len": 0, "filter_policy": "rocksdb.BuiltinBloomFilter", "column_family_name": "default", "column_family_id": 0, "comparator": "cockroach_comparator", "merge_operator": "cockroach_merge_operator", "prefix_extractor_name": "cockroach_prefix_extractor", "property_collectors": "[TimeBoundTblPropCollectorFactory,DeleteRangeTblPropCollectorFactory]", "compression": "Snappy", "compression_options": "window_bits=-14; level=32767; strategy=0; max_dict_bytes=0; zstd_max_train_bytes=0; enabled=0; ", "creation_time": 1590018765, "oldest_key_time": 0, "file_creation_time": 1590018766}}
I200520 23:52:46.503368 17 storage/engine/rocksdb.go:120  [db/compaction_job.cc:1334] [default] [JOB 3] Generated table #1028: 6238 keys, 4209147 bytes
I200520 23:52:46.503443 17 storage/engine/rocksdb.go:120  EVENT_LOG_v1 {"time_micros": 1590018766503390, "cf_name": "default", "job": 3, "event": "table_file_creation", "file_number": 1028, "file_size": 4209147, "table_properties": {"data_size": 4196963, "index_size": 42649, "index_partitions": 0, "top_level_index_size": 0, "index_key_is_user_key": 0, "index_value_is_delta_encoded": 0, "filter_size": 0, "raw_key_size": 341002, "raw_average_key_size": 54, "raw_value_size": 19790497, "raw_average_value_size": 3172, "num_data_blocks": 636, "num_entries": 6238, "num_deletions": 0, "num_merge_operands": 0, "num_range_deletions": 0, "format_version": 0, "fixed_key_len": 0, "filter_policy": "rocksdb.BuiltinBloomFilter", "column_family_name": "default", "column_family_id": 0, "comparator": "cockroach_comparator", "merge_operator": "cockroach_merge_operator", "prefix_extractor_name": "cockroach_prefix_extractor", "property_collectors": "[TimeBoundTblPropCollectorFactory,DeleteRangeTblPropCollectorFactory]", "compression": "Snappy", "compression_options": "window_bits=-14; level=32767; strategy=0; max_dict_bytes=0; zstd_max_train_bytes=0; enabled=0; ", "creation_time": 1590018765, "oldest_key_time": 0, "file_creation_time": 1590018766}}
I200520 23:52:46.574994 17 storage/engine/rocksdb.go:120  [db/compaction_job.cc:1334] [default] [JOB 3] Generated table #1029: 8894 keys, 4213677 bytes
I200520 23:52:46.575037 17 storage/engine/rocksdb.go:120  EVENT_LOG_v1 {"time_micros": 1590018766575013, "cf_name": "default", "job": 3, "event": "table_file_creation", "file_number": 1029, "file_size": 4213677, "table_properties": {"data_size": 4196317, "index_size": 60409, "index_partitions": 0, "top_level_index_size": 0, "index_key_is_user_key": 0, "index_value_is_delta_encoded": 0, "filter_size": 0, "raw_key_size": 481517, "raw_average_key_size": 54, "raw_value_size": 28208240, "raw_average_value_size": 3171, "num_data_blocks": 906, "num_entries": 8894, "num_deletions": 0, "num_merge_operands": 0, "num_range_deletions": 0, "format_version": 0, "fixed_key_len": 0, "filter_policy": "rocksdb.BuiltinBloomFilter", "column_family_name": "default", "column_family_id": 0, "comparator": "cockroach_comparator", "merge_operator": "cockroach_merge_operator", "prefix_extractor_name": "cockroach_prefix_extractor", "property_collectors": "[TimeBoundTblPropCollectorFactory,DeleteRangeTblPropCollectorFactory]", "compression": "Snappy", "compression_options": "window_bits=-14; level=32767; strategy=0; max_dict_bytes=0; zstd_max_train_bytes=0; enabled=0; ", "creation_time": 1590018765, "oldest_key_time": 0, "file_creation_time": 1590018766}}
I200520 23:52:46.652146 17 storage/engine/rocksdb.go:120  [db/compaction_job.cc:1334] [default] [JOB 3] Generated table #1030: 7284 keys, 4213145 bytes
I200520 23:52:46.652207 17 storage/engine/rocksdb.go:120  EVENT_LOG_v1 {"time_micros": 1590018766652166, "cf_name": "default", "job": 3, "event": "table_file_creation", "file_number": 1030, "file_size": 4213145, "table_properties": {"data_size": 4198720, "index_size": 52390, "index_partitions": 0, "top_level_index_size": 0, "index_key_is_user_key": 0, "index_value_is_delta_encoded": 0, "filter_size": 0, "raw_key_size": 422613, "raw_average_key_size": 58, "raw_value_size": 23098496, "raw_average_value_size": 3171, "num_data_blocks": 742, "num_entries": 7284, "num_deletions": 0, "num_merge_operands": 0, "num_range_deletions": 0, "format_version": 0, "fixed_key_len": 0, "filter_policy": "rocksdb.BuiltinBloomFilter", "column_family_name": "default", "column_family_id": 0, "comparator": "cockroach_comparator", "merge_operator": "cockroach_merge_operator", "prefix_extractor_name": "cockroach_prefix_extractor", "property_collectors": "[TimeBoundTblPropCollectorFactory,DeleteRangeTblPropCollectorFactory]", "compression": "Snappy", "compression_options": "window_bits=-14; level=32767; strategy=0; max_dict_bytes=0; zstd_max_train_bytes=0; enabled=0; ", "creation_time": 1590018765, "oldest_key_time": 0, "file_creation_time": 1590018766}}
I200520 23:52:46.688779 17 storage/engine/rocksdb.go:120  [db/compaction_job.cc:1334] [default] [JOB 3] Generated table #1031: 5152 keys, 1399766 bytes
I200520 23:52:46.688853 17 storage/engine/rocksdb.go:120  EVENT_LOG_v1 {"time_micros": 1590018766688798, "cf_name": "default", "job": 3, "event": "table_file_creation", "file_number": 1031, "file_size": 1399766, "table_properties": {"data_size": 1392561, "index_size": 23558, "index_partitions": 0, "top_level_index_size": 0, "index_key_is_user_key": 0, "index_value_is_delta_encoded": 0, "filter_size": 0, "raw_key_size": 267841, "raw_average_key_size": 51, "raw_value_size": 10494905, "raw_average_value_size": 2037, "num_data_blocks": 339, "num_entries": 5152, "num_deletions": 0, "num_merge_operands": 0, "num_range_deletions": 0, "format_version": 0, "fixed_key_len": 0, "filter_policy": "rocksdb.BuiltinBloomFilter", "column_family_name": "default", "column_family_id": 0, "comparator": "cockroach_comparator", "merge_operator": "cockroach_merge_operator", "prefix_extractor_name": "cockroach_prefix_extractor", "property_collectors": "[TimeBoundTblPropCollectorFactory,DeleteRangeTblPropCollectorFactory]", "compression": "Snappy", "compression_options": "window_bits=-14; level=32767; strategy=0; max_dict_bytes=0; zstd_max_train_bytes=0; enabled=0; ", "creation_time": 1590018765, "oldest_key_time": 0, "file_creation_time": 1590018766}}
I200520 23:52:46.696464 17 storage/engine/rocksdb.go:120  [db/compaction_job.cc:1397] [default] [JOB 3] Compacted 2@0 + 8@6 files to L6 => 22473416 bytes
I200520 23:52:46.697200 17 storage/engine/rocksdb.go:120  (Original Log Time 2020/05/20-23:52:46.696837) [db/compaction_job.cc:770] [default] compacted to: base level 6 level multiplier 10.00 max bytes base 67108864 files[0 0 0 0 0 0 6] max score 0.00, MB/sec: 54.9 rd, 51.8 wr, level 6, files in(2, 8) out(6) MB in(1.0, 21.7) out(21.4), read-write-amplify(42.8) write-amplify(20.8) OK, records in: 110651, records dropped: 57353 output_compression: Snappy
I200520 23:52:46.697209 17 storage/engine/rocksdb.go:120  (Original Log Time 2020/05/20-23:52:46.696858) EVENT_LOG_v1 {"time_micros": 1590018766696849, "job": 3, "event": "compaction_finished", "compaction_time_micros": 433632, "compaction_time_cpu_micros": 205737, "output_level": 6, "num_output_files": 6, "total_output_size": 22473416, "num_input_records": 109987, "num_output_records": 52634, "num_subcompactions": 1, "output_compression": "Snappy", "num_single_delete_mismatches": 0, "num_single_delete_fallthrough": 0, "lsm_state": [0, 0, 0, 0, 0, 0, 6]}
I200520 23:52:46.697954 17 storage/engine/rocksdb.go:120  EVENT_LOG_v1 {"time_micros": 1590018766697941, "job": 3, "event": "table_file_deletion", "file_number": 1021}
I200520 23:52:46.698695 17 storage/engine/rocksdb.go:120  EVENT_LOG_v1 {"time_micros": 1590018766698682, "job": 3, "event": "table_file_deletion", "file_number": 1018}
I200520 23:52:46.699794 17 storage/engine/rocksdb.go:120  EVENT_LOG_v1 {"time_micros": 1590018766699781, "job": 3, "event": "table_file_deletion", "file_number": 1016}
I200520 23:52:46.700164 17 storage/engine/rocksdb.go:120  EVENT_LOG_v1 {"time_micros": 1590018766700152, "job": 3, "event": "table_file_deletion", "file_number": 1015}
I200520 23:52:46.700760 17 storage/engine/rocksdb.go:120  EVENT_LOG_v1 {"time_micros": 1590018766700749, "job": 3, "event": "table_file_deletion", "file_number": 1014}
I200520 23:52:46.703103 17 storage/engine/rocksdb.go:120  EVENT_LOG_v1 {"time_micros": 1590018766703056, "job": 3, "event": "table_file_deletion", "file_number": 1013}
I200520 23:52:46.704601 17 storage/engine/rocksdb.go:120  EVENT_LOG_v1 {"time_micros": 1590018766704583, "job": 3, "event": "table_file_deletion", "file_number": 1012}
I200520 23:52:46.705945 17 storage/engine/rocksdb.go:120  EVENT_LOG_v1 {"time_micros": 1590018766705931, "job": 3, "event": "table_file_deletion", "file_number": 1011}
I200520 23:52:46.707145 17 storage/engine/rocksdb.go:120  EVENT_LOG_v1 {"time_micros": 1590018766707130, "job": 3, "event": "table_file_deletion", "file_number": 986}
I200520 23:52:46.708129 17 storage/engine/rocksdb.go:120  EVENT_LOG_v1 {"time_micros": 1590018766708116, "job": 3, "event": "table_file_deletion", "file_number": 795}
I200520 23:53:24.220281 1058 storage/engine/rocksdb.go:120  bloom filter utility:    -nan%
I200520 23:53:24.220532 1058 storage/engine/rocksdb.go:120  [db/db_impl.cc:392] Shutdown: canceling all background work
I200520 23:53:24.221005 1058 storage/engine/rocksdb.go:120  [db/db_impl.cc:565] Shutdown complete
I200520 23:53:24.229363 1058 storage/engine/rocksdb.go:120  bloom filter utility:    59.9%
I200520 23:53:24.229951 1058 storage/engine/rocksdb.go:120  [db/db_impl.cc:392] Shutdown: canceling all background work
I200520 23:53:24.236293 1058 storage/engine/rocksdb.go:120  [db/db_impl.cc:565] Shutdown complete
