I200521 20:34:20.580018 10 util/log/clog.go:1196  [config] file created at: 2020/05/21 20:34:20
I200521 20:34:20.580018 10 util/log/clog.go:1196  [config] running on machine: 24493028985c
I200521 20:34:20.580018 10 util/log/clog.go:1196  [config] binary: CockroachDB CCL v19.2.5 (x86_64-unknown-linux-gnu, built 2020/03/16 18:27:12, go1.12.12)
I200521 20:34:20.580018 10 util/log/clog.go:1196  [config] arguments: [/cockroach/cockroach start --insecure --store=attrs=ssd,path=/var/lib/cockroach/]
I200521 20:34:20.580018 10 util/log/clog.go:1196  line format: [IWEF]yymmdd hh:mm:ss.uuuuuu goid file:line msg utf8=✓
I200521 20:34:20.580017 10 storage/engine/rocksdb.go:120  RocksDB version: 6.2.1
I200521 20:34:20.588160 10 storage/engine/rocksdb.go:120  Git sha rocksdb_build_git_sha:@b7009236531fa784872f4823eabf393501e41bf2@
I200521 20:34:20.588164 10 storage/engine/rocksdb.go:120  Compile date Mar 16 2020
I200521 20:34:20.588168 10 storage/engine/rocksdb.go:120  DB SUMMARY
I200521 20:34:20.589569 10 storage/engine/rocksdb.go:120  SST files in /var/lib/cockroach/cockroach-temp305176846 dir, Total Num: 0, files: 
I200521 20:34:20.855016 10 storage/engine/rocksdb.go:120  Write Ahead Log file in /var/lib/cockroach/cockroach-temp305176846: 
I200521 20:34:20.855022 10 storage/engine/rocksdb.go:120                          Options.error_if_exists: 0
I200521 20:34:20.855024 10 storage/engine/rocksdb.go:120                        Options.create_if_missing: 1
I200521 20:34:20.855027 10 storage/engine/rocksdb.go:120                          Options.paranoid_checks: 1
I200521 20:34:20.855030 10 storage/engine/rocksdb.go:120                                      Options.env: 0x75757a0
I200521 20:34:20.855033 10 storage/engine/rocksdb.go:120                                 Options.info_log: 0x7f49958270e0
I200521 20:34:20.855035 10 storage/engine/rocksdb.go:120                 Options.max_file_opening_threads: 16
I200521 20:34:20.855038 10 storage/engine/rocksdb.go:120                               Options.statistics: 0x7f4995834010
I200521 20:34:20.855041 10 storage/engine/rocksdb.go:120                                Options.use_fsync: 0
I200521 20:34:20.855043 10 storage/engine/rocksdb.go:120                        Options.max_log_file_size: 0
I200521 20:34:20.855046 10 storage/engine/rocksdb.go:120                   Options.max_manifest_file_size: 134217728
I200521 20:34:20.855049 10 storage/engine/rocksdb.go:120                    Options.log_file_time_to_roll: 0
I200521 20:34:20.855051 10 storage/engine/rocksdb.go:120                        Options.keep_log_file_num: 1000
I200521 20:34:20.855054 10 storage/engine/rocksdb.go:120                     Options.recycle_log_file_num: 1
I200521 20:34:20.855056 10 storage/engine/rocksdb.go:120                          Options.allow_fallocate: 1
I200521 20:34:20.855059 10 storage/engine/rocksdb.go:120                         Options.allow_mmap_reads: 0
I200521 20:34:20.855062 10 storage/engine/rocksdb.go:120                        Options.allow_mmap_writes: 0
I200521 20:34:20.855064 10 storage/engine/rocksdb.go:120                         Options.use_direct_reads: 0
I200521 20:34:20.855067 10 storage/engine/rocksdb.go:120                         Options.use_direct_io_for_flush_and_compaction: 0
I200521 20:34:20.855070 10 storage/engine/rocksdb.go:120           Options.create_missing_column_families: 0
I200521 20:34:20.855072 10 storage/engine/rocksdb.go:120                               Options.db_log_dir: 
I200521 20:34:20.855075 10 storage/engine/rocksdb.go:120                                  Options.wal_dir: /var/lib/cockroach/cockroach-temp305176846
I200521 20:34:20.855078 10 storage/engine/rocksdb.go:120                 Options.table_cache_numshardbits: 6
I200521 20:34:20.855081 10 storage/engine/rocksdb.go:120                       Options.max_subcompactions: 1
I200521 20:34:20.855085 10 storage/engine/rocksdb.go:120                   Options.max_background_flushes: -1
I200521 20:34:20.855087 10 storage/engine/rocksdb.go:120                          Options.WAL_ttl_seconds: 0
I200521 20:34:20.855090 10 storage/engine/rocksdb.go:120                        Options.WAL_size_limit_MB: 0
I200521 20:34:20.855092 10 storage/engine/rocksdb.go:120              Options.manifest_preallocation_size: 4194304
I200521 20:34:20.855095 10 storage/engine/rocksdb.go:120                      Options.is_fd_close_on_exec: 1
I200521 20:34:20.855098 10 storage/engine/rocksdb.go:120                    Options.advise_random_on_open: 1
I200521 20:34:20.855100 10 storage/engine/rocksdb.go:120                     Options.db_write_buffer_size: 0
I200521 20:34:20.855103 10 storage/engine/rocksdb.go:120                     Options.write_buffer_manager: 0x7f49958190f0
I200521 20:34:20.855106 10 storage/engine/rocksdb.go:120          Options.access_hint_on_compaction_start: 1
I200521 20:34:20.855108 10 storage/engine/rocksdb.go:120   Options.new_table_reader_for_compaction_inputs: 0
I200521 20:34:20.855111 10 storage/engine/rocksdb.go:120            Options.random_access_max_buffer_size: 1048576
I200521 20:34:20.855113 10 storage/engine/rocksdb.go:120                       Options.use_adaptive_mutex: 0
I200521 20:34:20.855116 10 storage/engine/rocksdb.go:120                             Options.rate_limiter: (nil)
I200521 20:34:20.855119 10 storage/engine/rocksdb.go:120      Options.sst_file_manager.rate_bytes_per_sec: 0
I200521 20:34:20.855121 10 storage/engine/rocksdb.go:120                        Options.wal_recovery_mode: 0
I200521 20:34:20.855124 10 storage/engine/rocksdb.go:120                   Options.enable_thread_tracking: 0
I200521 20:34:20.855126 10 storage/engine/rocksdb.go:120                   Options.enable_pipelined_write: 0
I200521 20:34:20.855129 10 storage/engine/rocksdb.go:120          Options.allow_concurrent_memtable_write: 1
I200521 20:34:20.855131 10 storage/engine/rocksdb.go:120       Options.enable_write_thread_adaptive_yield: 1
I200521 20:34:20.855134 10 storage/engine/rocksdb.go:120              Options.write_thread_max_yield_usec: 100
I200521 20:34:20.855137 10 storage/engine/rocksdb.go:120             Options.write_thread_slow_yield_usec: 3
I200521 20:34:20.855139 10 storage/engine/rocksdb.go:120                                Options.row_cache: None
I200521 20:34:20.855142 10 storage/engine/rocksdb.go:120                               Options.wal_filter: None
I200521 20:34:20.855144 10 storage/engine/rocksdb.go:120              Options.avoid_flush_during_recovery: 0
I200521 20:34:20.855147 10 storage/engine/rocksdb.go:120              Options.allow_ingest_behind: 0
I200521 20:34:20.855149 10 storage/engine/rocksdb.go:120              Options.preserve_deletes: 0
I200521 20:34:20.855152 10 storage/engine/rocksdb.go:120              Options.two_write_queues: 0
I200521 20:34:20.855155 10 storage/engine/rocksdb.go:120              Options.manual_wal_flush: 1
I200521 20:34:20.855157 10 storage/engine/rocksdb.go:120              Options.atomic_flush: 0
I200521 20:34:20.855160 10 storage/engine/rocksdb.go:120              Options.avoid_unnecessary_blocking_io: 0
I200521 20:34:20.855162 10 storage/engine/rocksdb.go:120              Options.max_background_jobs: 2
I200521 20:34:20.855165 10 storage/engine/rocksdb.go:120              Options.max_background_compactions: -1
I200521 20:34:20.855167 10 storage/engine/rocksdb.go:120              Options.avoid_flush_during_shutdown: 0
I200521 20:34:20.855170 10 storage/engine/rocksdb.go:120            Options.writable_file_max_buffer_size: 1048576
I200521 20:34:20.855172 10 storage/engine/rocksdb.go:120              Options.delayed_write_rate : 16777216
I200521 20:34:20.855175 10 storage/engine/rocksdb.go:120              Options.max_total_wal_size: 0
I200521 20:34:20.855178 10 storage/engine/rocksdb.go:120              Options.delete_obsolete_files_period_micros: 21600000000
I200521 20:34:20.855180 10 storage/engine/rocksdb.go:120                    Options.stats_dump_period_sec: 0
I200521 20:34:20.855183 10 storage/engine/rocksdb.go:120                  Options.stats_persist_period_sec: 600
I200521 20:34:20.855185 10 storage/engine/rocksdb.go:120                  Options.stats_history_buffer_size: 1048576
I200521 20:34:20.855188 10 storage/engine/rocksdb.go:120                           Options.max_open_files: 128
I200521 20:34:20.855190 10 storage/engine/rocksdb.go:120                           Options.bytes_per_sync: 524288
I200521 20:34:20.855193 10 storage/engine/rocksdb.go:120                       Options.wal_bytes_per_sync: 0
I200521 20:34:20.855195 10 storage/engine/rocksdb.go:120                    Options.strict_bytes_per_sync: 1
I200521 20:34:20.855198 10 storage/engine/rocksdb.go:120        Options.compaction_readahead_size: 0
I200521 20:34:20.855200 10 storage/engine/rocksdb.go:120  Compression algorithms supported:
I200521 20:34:20.855205 10 storage/engine/rocksdb.go:120  	kZSTDNotFinalCompression supported: 0
I200521 20:34:20.855207 10 storage/engine/rocksdb.go:120  	kZSTD supported: 0
I200521 20:34:20.855210 10 storage/engine/rocksdb.go:120  	kXpressCompression supported: 0
I200521 20:34:20.855213 10 storage/engine/rocksdb.go:120  	kLZ4HCCompression supported: 0
I200521 20:34:20.855215 10 storage/engine/rocksdb.go:120  	kLZ4Compression supported: 0
I200521 20:34:20.855218 10 storage/engine/rocksdb.go:120  	kBZip2Compression supported: 0
I200521 20:34:20.855220 10 storage/engine/rocksdb.go:120  	kZlibCompression supported: 0
I200521 20:34:20.855223 10 storage/engine/rocksdb.go:120  	kSnappyCompression supported: 1
I200521 20:34:20.855231 10 storage/engine/rocksdb.go:120  Fast CRC32 supported: Supported on x86
I200521 20:34:20.857314 10 storage/engine/rocksdb.go:120  [db/db_impl_open.cc:242] Creating manifest 1 
I200521 20:34:20.890183 10 storage/engine/rocksdb.go:120  [db/version_set.cc:4072] Recovering from manifest file: /var/lib/cockroach/cockroach-temp305176846/MANIFEST-000001
I200521 20:34:20.891395 10 storage/engine/rocksdb.go:120  [db/column_family.cc:488] --------------- Options for column family [default]:
I200521 20:34:20.891400 10 storage/engine/rocksdb.go:120                Options.comparator: cockroach_comparator
I200521 20:34:20.891404 10 storage/engine/rocksdb.go:120            Options.merge_operator: cockroach_merge_operator
I200521 20:34:20.891407 10 storage/engine/rocksdb.go:120         Options.compaction_filter: None
I200521 20:34:20.891410 10 storage/engine/rocksdb.go:120         Options.compaction_filter_factory: None
I200521 20:34:20.891413 10 storage/engine/rocksdb.go:120          Options.memtable_factory: SkipListFactory
I200521 20:34:20.891415 10 storage/engine/rocksdb.go:120             Options.table_factory: BlockBasedTable
I200521 20:34:20.891435 10 storage/engine/rocksdb.go:120             table_factory options:   flush_block_policy_factory: FlushBlockBySizePolicyFactory (0x7f4995828030)
  cache_index_and_filter_blocks: 0
  cache_index_and_filter_blocks_with_high_priority: 0
  pin_l0_filter_and_index_blocks_in_cache: 0
  pin_top_level_index_and_filter: 1
  index_type: 0
  data_block_index_type: 0
  index_shortening: 1
  data_block_hash_table_util_ratio: 0.750000
  hash_index_allow_collision: 1
  checksum: 1
  no_block_cache: 0
  block_cache: 0x7f499581c010
  block_cache_name: LRUCache
  block_cache_options:
    capacity : 1048576
    num_shard_bits : 4
    strict_capacity_limit : 0
    memory_allocator : None
    high_pri_pool_ratio: 0.000
  block_cache_compressed: (nil)
  persistent_cache: (nil)
  block_size: 32768
  block_size_deviation: 10
  block_restart_interval: 16
  index_block_restart_interval: 1
  metadata_block_size: 4096
  partition_filters: 0
  use_delta_encoding: 1
  filter_policy: rocksdb.BuiltinBloomFilter
  whole_key_filtering: 0
  verify_compression: 0
  read_amp_bytes_per_bit: 0
  format_version: 2
  enable_index_compression: 1
  block_align: 0
I200521 20:34:20.891439 10 storage/engine/rocksdb.go:120         Options.write_buffer_size: 67108864
I200521 20:34:20.891443 10 storage/engine/rocksdb.go:120   Options.max_write_buffer_number: 4
I200521 20:34:20.891446 10 storage/engine/rocksdb.go:120           Options.compression: Snappy
I200521 20:34:20.891449 10 storage/engine/rocksdb.go:120                   Options.bottommost_compression: Disabled
I200521 20:34:20.891452 10 storage/engine/rocksdb.go:120        Options.prefix_extractor: cockroach_prefix_extractor
I200521 20:34:20.891454 10 storage/engine/rocksdb.go:120    Options.memtable_insert_with_hint_prefix_extractor: nullptr
I200521 20:34:20.891457 10 storage/engine/rocksdb.go:120              Options.num_levels: 7
I200521 20:34:20.891460 10 storage/engine/rocksdb.go:120         Options.min_write_buffer_number_to_merge: 1
I200521 20:34:20.891462 10 storage/engine/rocksdb.go:120      Options.max_write_buffer_number_to_maintain: 0
I200521 20:34:20.891465 10 storage/engine/rocksdb.go:120             Options.bottommost_compression_opts.window_bits: -14
I200521 20:34:20.891468 10 storage/engine/rocksdb.go:120                   Options.bottommost_compression_opts.level: 32767
I200521 20:34:20.891470 10 storage/engine/rocksdb.go:120                Options.bottommost_compression_opts.strategy: 0
I200521 20:34:20.891473 10 storage/engine/rocksdb.go:120          Options.bottommost_compression_opts.max_dict_bytes: 0
I200521 20:34:20.891475 10 storage/engine/rocksdb.go:120          Options.bottommost_compression_opts.zstd_max_train_bytes: 0
I200521 20:34:20.891478 10 storage/engine/rocksdb.go:120                   Options.bottommost_compression_opts.enabled: false
I200521 20:34:20.891481 10 storage/engine/rocksdb.go:120             Options.compression_opts.window_bits: -14
I200521 20:34:20.891483 10 storage/engine/rocksdb.go:120                   Options.compression_opts.level: 32767
I200521 20:34:20.891486 10 storage/engine/rocksdb.go:120                Options.compression_opts.strategy: 0
I200521 20:34:20.891488 10 storage/engine/rocksdb.go:120          Options.compression_opts.max_dict_bytes: 0
I200521 20:34:20.891491 10 storage/engine/rocksdb.go:120          Options.compression_opts.zstd_max_train_bytes: 0
I200521 20:34:20.891494 10 storage/engine/rocksdb.go:120                   Options.compression_opts.enabled: false
I200521 20:34:20.891497 10 storage/engine/rocksdb.go:120       Options.level0_file_num_compaction_trigger: 2
I200521 20:34:20.891499 10 storage/engine/rocksdb.go:120           Options.level0_slowdown_writes_trigger: 950
I200521 20:34:20.891502 10 storage/engine/rocksdb.go:120               Options.level0_stop_writes_trigger: 1000
I200521 20:34:20.891505 10 storage/engine/rocksdb.go:120                    Options.target_file_size_base: 4194304
I200521 20:34:20.891507 10 storage/engine/rocksdb.go:120              Options.target_file_size_multiplier: 2
I200521 20:34:20.891510 10 storage/engine/rocksdb.go:120                 Options.max_bytes_for_level_base: 67108864
I200521 20:34:20.891516 10 storage/engine/rocksdb.go:120  Options.level_compaction_dynamic_level_bytes: 1
I200521 20:34:20.891519 10 storage/engine/rocksdb.go:120           Options.max_bytes_for_level_multiplier: 10.000000
I200521 20:34:20.891522 10 storage/engine/rocksdb.go:120  Options.max_bytes_for_level_multiplier_addtl[0]: 1
I200521 20:34:20.891524 10 storage/engine/rocksdb.go:120  Options.max_bytes_for_level_multiplier_addtl[1]: 1
I200521 20:34:20.891527 10 storage/engine/rocksdb.go:120  Options.max_bytes_for_level_multiplier_addtl[2]: 1
I200521 20:34:20.891529 10 storage/engine/rocksdb.go:120  Options.max_bytes_for_level_multiplier_addtl[3]: 1
I200521 20:34:20.891532 10 storage/engine/rocksdb.go:120  Options.max_bytes_for_level_multiplier_addtl[4]: 1
I200521 20:34:20.891535 10 storage/engine/rocksdb.go:120  Options.max_bytes_for_level_multiplier_addtl[5]: 1
I200521 20:34:20.891537 10 storage/engine/rocksdb.go:120  Options.max_bytes_for_level_multiplier_addtl[6]: 1
I200521 20:34:20.891540 10 storage/engine/rocksdb.go:120        Options.max_sequential_skip_in_iterations: 8
I200521 20:34:20.891542 10 storage/engine/rocksdb.go:120                     Options.max_compaction_bytes: 104857600
I200521 20:34:20.891560 10 storage/engine/rocksdb.go:120                         Options.arena_block_size: 8388608
I200521 20:34:20.891562 10 storage/engine/rocksdb.go:120    Options.soft_pending_compaction_bytes_limit: 2199023255552
I200521 20:34:20.891565 10 storage/engine/rocksdb.go:120    Options.hard_pending_compaction_bytes_limit: 4400193994752
I200521 20:34:20.891567 10 storage/engine/rocksdb.go:120        Options.rate_limit_delay_max_milliseconds: 100
I200521 20:34:20.891570 10 storage/engine/rocksdb.go:120                 Options.disable_auto_compactions: 0
I200521 20:34:20.891574 10 storage/engine/rocksdb.go:120                         Options.compaction_style: kCompactionStyleLevel
I200521 20:34:20.891577 10 storage/engine/rocksdb.go:120                           Options.compaction_pri: kMinOverlappingRatio
I200521 20:34:20.891579 10 storage/engine/rocksdb.go:120  Options.compaction_options_universal.size_ratio: 1
I200521 20:34:20.891582 10 storage/engine/rocksdb.go:120  Options.compaction_options_universal.min_merge_width: 2
I200521 20:34:20.891584 10 storage/engine/rocksdb.go:120  Options.compaction_options_universal.max_merge_width: 4294967295
I200521 20:34:20.891587 10 storage/engine/rocksdb.go:120  Options.compaction_options_universal.max_size_amplification_percent: 200
I200521 20:34:20.891590 10 storage/engine/rocksdb.go:120  Options.compaction_options_universal.compression_size_percent: -1
I200521 20:34:20.891593 10 storage/engine/rocksdb.go:120  Options.compaction_options_universal.stop_style: kCompactionStopStyleTotalSize
I200521 20:34:20.891595 10 storage/engine/rocksdb.go:120  Options.compaction_options_fifo.max_table_files_size: 1073741824
I200521 20:34:20.891598 10 storage/engine/rocksdb.go:120  Options.compaction_options_fifo.allow_compaction: 0
I200521 20:34:20.891602 10 storage/engine/rocksdb.go:120                    Options.table_properties_collectors: TimeBoundTblPropCollectorFactory; DeleteRangeTblPropCollectorFactory; 
I200521 20:34:20.891605 10 storage/engine/rocksdb.go:120                    Options.inplace_update_support: 0
I200521 20:34:20.891608 10 storage/engine/rocksdb.go:120                  Options.inplace_update_num_locks: 10000
I200521 20:34:20.891610 10 storage/engine/rocksdb.go:120                Options.memtable_prefix_bloom_size_ratio: 0.000000
I200521 20:34:20.891613 10 storage/engine/rocksdb.go:120                Options.memtable_whole_key_filtering: 0
I200521 20:34:20.891616 10 storage/engine/rocksdb.go:120    Options.memtable_huge_page_size: 0
I200521 20:34:20.891619 10 storage/engine/rocksdb.go:120                            Options.bloom_locality: 0
I200521 20:34:20.891621 10 storage/engine/rocksdb.go:120                     Options.max_successive_merges: 0
I200521 20:34:20.891624 10 storage/engine/rocksdb.go:120                 Options.optimize_filters_for_hits: 1
I200521 20:34:20.891627 10 storage/engine/rocksdb.go:120                 Options.paranoid_file_checks: 0
I200521 20:34:20.891629 10 storage/engine/rocksdb.go:120                 Options.force_consistency_checks: 0
I200521 20:34:20.891632 10 storage/engine/rocksdb.go:120                 Options.report_bg_io_stats: 0
I200521 20:34:20.891634 10 storage/engine/rocksdb.go:120                                Options.ttl: 0
I200521 20:34:20.891637 10 storage/engine/rocksdb.go:120           Options.periodic_compaction_seconds: 0
I200521 20:34:20.892971 10 storage/engine/rocksdb.go:120  [db/version_set.cc:4286] Recovered from manifest file:/var/lib/cockroach/cockroach-temp305176846/MANIFEST-000001 succeeded,manifest_file_number is 1, next_file_number is 3, last_sequence is 0, log_number is 0,prev_log_number is 0,max_column_family is 0,min_log_number_to_keep is 0
I200521 20:34:20.892977 10 storage/engine/rocksdb.go:120  [db/version_set.cc:4295] Column family [default] (ID 0), log number is 0
I200521 20:34:20.913752 10 storage/engine/rocksdb.go:120  DB pointer 0x7f49958a4000
I200521 20:34:20.936339 10 storage/engine/rocksdb.go:120  RocksDB version: 6.2.1
I200521 20:34:20.936382 10 storage/engine/rocksdb.go:120  Git sha rocksdb_build_git_sha:@b7009236531fa784872f4823eabf393501e41bf2@
I200521 20:34:20.936387 10 storage/engine/rocksdb.go:120  Compile date Mar 16 2020
I200521 20:34:20.936391 10 storage/engine/rocksdb.go:120  DB SUMMARY
I200521 20:34:20.937784 10 storage/engine/rocksdb.go:120  CURRENT file:  CURRENT
I200521 20:34:20.937797 10 storage/engine/rocksdb.go:120  IDENTITY file:  IDENTITY
I200521 20:34:20.938179 10 storage/engine/rocksdb.go:120  MANIFEST file:  MANIFEST-001184 size: 5850 Bytes
I200521 20:34:20.938186 10 storage/engine/rocksdb.go:120  SST files in /var/lib/cockroach dir, Total Num: 7, files: 001233.sst 001234.sst 001235.sst 001236.sst 001237.sst 001238.sst 001239.sst 
I200521 20:34:20.938190 10 storage/engine/rocksdb.go:120  Write Ahead Log file in /var/lib/cockroach: 001229.log size: 59706680 ; 001231.log size: 29338891 ; 
I200521 20:34:20.938193 10 storage/engine/rocksdb.go:120                          Options.error_if_exists: 0
I200521 20:34:20.938196 10 storage/engine/rocksdb.go:120                        Options.create_if_missing: 1
I200521 20:34:20.938202 10 storage/engine/rocksdb.go:120                          Options.paranoid_checks: 1
I200521 20:34:20.938205 10 storage/engine/rocksdb.go:120                                      Options.env: 0x75757a0
I200521 20:34:20.938207 10 storage/engine/rocksdb.go:120                                 Options.info_log: 0x7f4995827260
I200521 20:34:20.938210 10 storage/engine/rocksdb.go:120                 Options.max_file_opening_threads: 16
I200521 20:34:20.938213 10 storage/engine/rocksdb.go:120                               Options.statistics: 0x7f4995834080
I200521 20:34:20.938216 10 storage/engine/rocksdb.go:120                                Options.use_fsync: 0
I200521 20:34:20.938219 10 storage/engine/rocksdb.go:120                        Options.max_log_file_size: 0
I200521 20:34:20.938224 10 storage/engine/rocksdb.go:120                   Options.max_manifest_file_size: 134217728
I200521 20:34:20.938227 10 storage/engine/rocksdb.go:120                    Options.log_file_time_to_roll: 0
I200521 20:34:20.938230 10 storage/engine/rocksdb.go:120                        Options.keep_log_file_num: 1000
I200521 20:34:20.938233 10 storage/engine/rocksdb.go:120                     Options.recycle_log_file_num: 1
I200521 20:34:20.938236 10 storage/engine/rocksdb.go:120                          Options.allow_fallocate: 1
I200521 20:34:20.938239 10 storage/engine/rocksdb.go:120                         Options.allow_mmap_reads: 0
I200521 20:34:20.938243 10 storage/engine/rocksdb.go:120                        Options.allow_mmap_writes: 0
I200521 20:34:20.938246 10 storage/engine/rocksdb.go:120                         Options.use_direct_reads: 0
I200521 20:34:20.938249 10 storage/engine/rocksdb.go:120                         Options.use_direct_io_for_flush_and_compaction: 0
I200521 20:34:20.938252 10 storage/engine/rocksdb.go:120           Options.create_missing_column_families: 0
I200521 20:34:20.938255 10 storage/engine/rocksdb.go:120                               Options.db_log_dir: 
I200521 20:34:20.938257 10 storage/engine/rocksdb.go:120                                  Options.wal_dir: /var/lib/cockroach
I200521 20:34:20.938262 10 storage/engine/rocksdb.go:120                 Options.table_cache_numshardbits: 6
I200521 20:34:20.938265 10 storage/engine/rocksdb.go:120                       Options.max_subcompactions: 1
I200521 20:34:20.938268 10 storage/engine/rocksdb.go:120                   Options.max_background_flushes: -1
I200521 20:34:20.938271 10 storage/engine/rocksdb.go:120                          Options.WAL_ttl_seconds: 0
I200521 20:34:20.938274 10 storage/engine/rocksdb.go:120                        Options.WAL_size_limit_MB: 0
I200521 20:34:20.938277 10 storage/engine/rocksdb.go:120              Options.manifest_preallocation_size: 4194304
I200521 20:34:20.938280 10 storage/engine/rocksdb.go:120                      Options.is_fd_close_on_exec: 1
I200521 20:34:20.938284 10 storage/engine/rocksdb.go:120                    Options.advise_random_on_open: 1
I200521 20:34:20.938287 10 storage/engine/rocksdb.go:120                     Options.db_write_buffer_size: 0
I200521 20:34:20.938290 10 storage/engine/rocksdb.go:120                     Options.write_buffer_manager: 0x7f4995819090
I200521 20:34:20.938293 10 storage/engine/rocksdb.go:120          Options.access_hint_on_compaction_start: 1
I200521 20:34:20.938295 10 storage/engine/rocksdb.go:120   Options.new_table_reader_for_compaction_inputs: 0
I200521 20:34:20.938298 10 storage/engine/rocksdb.go:120            Options.random_access_max_buffer_size: 1048576
I200521 20:34:20.938303 10 storage/engine/rocksdb.go:120                       Options.use_adaptive_mutex: 0
I200521 20:34:20.938306 10 storage/engine/rocksdb.go:120                             Options.rate_limiter: (nil)
I200521 20:34:20.938309 10 storage/engine/rocksdb.go:120      Options.sst_file_manager.rate_bytes_per_sec: 0
I200521 20:34:20.938312 10 storage/engine/rocksdb.go:120                        Options.wal_recovery_mode: 0
I200521 20:34:20.938314 10 storage/engine/rocksdb.go:120                   Options.enable_thread_tracking: 0
I200521 20:34:20.938317 10 storage/engine/rocksdb.go:120                   Options.enable_pipelined_write: 0
I200521 20:34:20.938320 10 storage/engine/rocksdb.go:120          Options.allow_concurrent_memtable_write: 1
I200521 20:34:20.938324 10 storage/engine/rocksdb.go:120       Options.enable_write_thread_adaptive_yield: 1
I200521 20:34:20.938327 10 storage/engine/rocksdb.go:120              Options.write_thread_max_yield_usec: 100
I200521 20:34:20.938333 10 storage/engine/rocksdb.go:120             Options.write_thread_slow_yield_usec: 3
I200521 20:34:20.938335 10 storage/engine/rocksdb.go:120                                Options.row_cache: None
I200521 20:34:20.938338 10 storage/engine/rocksdb.go:120                               Options.wal_filter: None
I200521 20:34:20.938342 10 storage/engine/rocksdb.go:120              Options.avoid_flush_during_recovery: 0
I200521 20:34:20.938360 10 storage/engine/rocksdb.go:120              Options.allow_ingest_behind: 0
I200521 20:34:20.938367 10 storage/engine/rocksdb.go:120              Options.preserve_deletes: 0
I200521 20:34:20.938370 10 storage/engine/rocksdb.go:120              Options.two_write_queues: 0
I200521 20:34:20.938372 10 storage/engine/rocksdb.go:120              Options.manual_wal_flush: 1
I200521 20:34:20.938375 10 storage/engine/rocksdb.go:120              Options.atomic_flush: 0
I200521 20:34:20.938378 10 storage/engine/rocksdb.go:120              Options.avoid_unnecessary_blocking_io: 0
I200521 20:34:20.938384 10 storage/engine/rocksdb.go:120              Options.max_background_jobs: 2
I200521 20:34:20.938387 10 storage/engine/rocksdb.go:120              Options.max_background_compactions: -1
I200521 20:34:20.938389 10 storage/engine/rocksdb.go:120              Options.avoid_flush_during_shutdown: 0
I200521 20:34:20.938392 10 storage/engine/rocksdb.go:120            Options.writable_file_max_buffer_size: 1048576
I200521 20:34:20.938395 10 storage/engine/rocksdb.go:120              Options.delayed_write_rate : 16777216
I200521 20:34:20.938413 10 storage/engine/rocksdb.go:120              Options.max_total_wal_size: 0
I200521 20:34:20.938416 10 storage/engine/rocksdb.go:120              Options.delete_obsolete_files_period_micros: 21600000000
I200521 20:34:20.938421 10 storage/engine/rocksdb.go:120                    Options.stats_dump_period_sec: 0
I200521 20:34:20.938424 10 storage/engine/rocksdb.go:120                  Options.stats_persist_period_sec: 600
I200521 20:34:20.938427 10 storage/engine/rocksdb.go:120                  Options.stats_history_buffer_size: 1048576
I200521 20:34:20.938430 10 storage/engine/rocksdb.go:120                           Options.max_open_files: 1043576
I200521 20:34:20.938433 10 storage/engine/rocksdb.go:120                           Options.bytes_per_sync: 524288
I200521 20:34:20.938436 10 storage/engine/rocksdb.go:120                       Options.wal_bytes_per_sync: 0
I200521 20:34:20.938440 10 storage/engine/rocksdb.go:120                    Options.strict_bytes_per_sync: 1
I200521 20:34:20.938443 10 storage/engine/rocksdb.go:120        Options.compaction_readahead_size: 0
I200521 20:34:20.938446 10 storage/engine/rocksdb.go:120  Compression algorithms supported:
I200521 20:34:20.938474 10 storage/engine/rocksdb.go:120  	kZSTDNotFinalCompression supported: 0
I200521 20:34:20.938479 10 storage/engine/rocksdb.go:120  	kZSTD supported: 0
I200521 20:34:20.938482 10 storage/engine/rocksdb.go:120  	kXpressCompression supported: 0
I200521 20:34:20.938485 10 storage/engine/rocksdb.go:120  	kLZ4HCCompression supported: 0
I200521 20:34:20.938491 10 storage/engine/rocksdb.go:120  	kLZ4Compression supported: 0
I200521 20:34:20.938494 10 storage/engine/rocksdb.go:120  	kBZip2Compression supported: 0
I200521 20:34:20.938497 10 storage/engine/rocksdb.go:120  	kZlibCompression supported: 0
I200521 20:34:20.938500 10 storage/engine/rocksdb.go:120  	kSnappyCompression supported: 1
I200521 20:34:20.938506 10 storage/engine/rocksdb.go:120  Fast CRC32 supported: Supported on x86
I200521 20:34:20.940784 10 storage/engine/rocksdb.go:120  [db/version_set.cc:4072] Recovering from manifest file: /var/lib/cockroach/MANIFEST-001184
I200521 20:34:20.941250 10 storage/engine/rocksdb.go:120  [db/column_family.cc:488] --------------- Options for column family [default]:
I200521 20:34:20.941256 10 storage/engine/rocksdb.go:120                Options.comparator: cockroach_comparator
I200521 20:34:20.941261 10 storage/engine/rocksdb.go:120            Options.merge_operator: cockroach_merge_operator
I200521 20:34:20.941265 10 storage/engine/rocksdb.go:120         Options.compaction_filter: None
I200521 20:34:20.941269 10 storage/engine/rocksdb.go:120         Options.compaction_filter_factory: None
I200521 20:34:20.941273 10 storage/engine/rocksdb.go:120          Options.memtable_factory: SkipListFactory
I200521 20:34:20.941280 10 storage/engine/rocksdb.go:120             Options.table_factory: BlockBasedTable
I200521 20:34:20.941304 10 storage/engine/rocksdb.go:120             table_factory options:   flush_block_policy_factory: FlushBlockBySizePolicyFactory (0x7f4995828090)
  cache_index_and_filter_blocks: 0
  cache_index_and_filter_blocks_with_high_priority: 0
  pin_l0_filter_and_index_blocks_in_cache: 0
  pin_top_level_index_and_filter: 1
  index_type: 0
  data_block_index_type: 0
  index_shortening: 1
  data_block_hash_table_util_ratio: 0.750000
  hash_index_allow_collision: 1
  checksum: 1
  no_block_cache: 0
  block_cache: 0x7f49958bc210
  block_cache_name: LRUCache
  block_cache_options:
    capacity : 67108864
    num_shard_bits : 4
    strict_capacity_limit : 0
    memory_allocator : None
    high_pri_pool_ratio: 0.000
  block_cache_compressed: (nil)
  persistent_cache: (nil)
  block_size: 32768
  block_size_deviation: 10
  block_restart_interval: 16
  index_block_restart_interval: 1
  metadata_block_size: 4096
  partition_filters: 0
  use_delta_encoding: 1
  filter_policy: rocksdb.BuiltinBloomFilter
  whole_key_filtering: 0
  verify_compression: 0
  read_amp_bytes_per_bit: 0
  format_version: 2
  enable_index_compression: 1
  block_align: 0
I200521 20:34:20.941311 10 storage/engine/rocksdb.go:120         Options.write_buffer_size: 67108864
I200521 20:34:20.941316 10 storage/engine/rocksdb.go:120   Options.max_write_buffer_number: 4
I200521 20:34:20.941325 10 storage/engine/rocksdb.go:120           Options.compression: Snappy
I200521 20:34:20.941329 10 storage/engine/rocksdb.go:120                   Options.bottommost_compression: Disabled
I200521 20:34:20.941334 10 storage/engine/rocksdb.go:120        Options.prefix_extractor: cockroach_prefix_extractor
I200521 20:34:20.941342 10 storage/engine/rocksdb.go:120    Options.memtable_insert_with_hint_prefix_extractor: nullptr
I200521 20:34:20.941347 10 storage/engine/rocksdb.go:120              Options.num_levels: 7
I200521 20:34:20.941374 10 storage/engine/rocksdb.go:120         Options.min_write_buffer_number_to_merge: 1
I200521 20:34:20.941379 10 storage/engine/rocksdb.go:120      Options.max_write_buffer_number_to_maintain: 0
I200521 20:34:20.941383 10 storage/engine/rocksdb.go:120             Options.bottommost_compression_opts.window_bits: -14
I200521 20:34:20.941387 10 storage/engine/rocksdb.go:120                   Options.bottommost_compression_opts.level: 32767
I200521 20:34:20.941394 10 storage/engine/rocksdb.go:120                Options.bottommost_compression_opts.strategy: 0
I200521 20:34:20.941398 10 storage/engine/rocksdb.go:120          Options.bottommost_compression_opts.max_dict_bytes: 0
I200521 20:34:20.941402 10 storage/engine/rocksdb.go:120          Options.bottommost_compression_opts.zstd_max_train_bytes: 0
I200521 20:34:20.941406 10 storage/engine/rocksdb.go:120                   Options.bottommost_compression_opts.enabled: false
I200521 20:34:20.941410 10 storage/engine/rocksdb.go:120             Options.compression_opts.window_bits: -14
I200521 20:34:20.941414 10 storage/engine/rocksdb.go:120                   Options.compression_opts.level: 32767
I200521 20:34:20.941421 10 storage/engine/rocksdb.go:120                Options.compression_opts.strategy: 0
I200521 20:34:20.941424 10 storage/engine/rocksdb.go:120          Options.compression_opts.max_dict_bytes: 0
I200521 20:34:20.941427 10 storage/engine/rocksdb.go:120          Options.compression_opts.zstd_max_train_bytes: 0
I200521 20:34:20.941429 10 storage/engine/rocksdb.go:120                   Options.compression_opts.enabled: false
I200521 20:34:20.941432 10 storage/engine/rocksdb.go:120       Options.level0_file_num_compaction_trigger: 2
I200521 20:34:20.941435 10 storage/engine/rocksdb.go:120           Options.level0_slowdown_writes_trigger: 950
I200521 20:34:20.941438 10 storage/engine/rocksdb.go:120               Options.level0_stop_writes_trigger: 1000
I200521 20:34:20.941443 10 storage/engine/rocksdb.go:120                    Options.target_file_size_base: 4194304
I200521 20:34:20.941446 10 storage/engine/rocksdb.go:120              Options.target_file_size_multiplier: 2
I200521 20:34:20.941449 10 storage/engine/rocksdb.go:120                 Options.max_bytes_for_level_base: 67108864
I200521 20:34:20.941452 10 storage/engine/rocksdb.go:120  Options.level_compaction_dynamic_level_bytes: 1
I200521 20:34:20.941456 10 storage/engine/rocksdb.go:120           Options.max_bytes_for_level_multiplier: 10.000000
I200521 20:34:20.941459 10 storage/engine/rocksdb.go:120  Options.max_bytes_for_level_multiplier_addtl[0]: 1
I200521 20:34:20.941463 10 storage/engine/rocksdb.go:120  Options.max_bytes_for_level_multiplier_addtl[1]: 1
I200521 20:34:20.941466 10 storage/engine/rocksdb.go:120  Options.max_bytes_for_level_multiplier_addtl[2]: 1
I200521 20:34:20.941469 10 storage/engine/rocksdb.go:120  Options.max_bytes_for_level_multiplier_addtl[3]: 1
I200521 20:34:20.941472 10 storage/engine/rocksdb.go:120  Options.max_bytes_for_level_multiplier_addtl[4]: 1
I200521 20:34:20.941475 10 storage/engine/rocksdb.go:120  Options.max_bytes_for_level_multiplier_addtl[5]: 1
I200521 20:34:20.941478 10 storage/engine/rocksdb.go:120  Options.max_bytes_for_level_multiplier_addtl[6]: 1
I200521 20:34:20.941482 10 storage/engine/rocksdb.go:120        Options.max_sequential_skip_in_iterations: 8
I200521 20:34:20.941486 10 storage/engine/rocksdb.go:120                     Options.max_compaction_bytes: 104857600
I200521 20:34:20.941489 10 storage/engine/rocksdb.go:120                         Options.arena_block_size: 8388608
I200521 20:34:20.941493 10 storage/engine/rocksdb.go:120    Options.soft_pending_compaction_bytes_limit: 2199023255552
I200521 20:34:20.941496 10 storage/engine/rocksdb.go:120    Options.hard_pending_compaction_bytes_limit: 4400193994752
I200521 20:34:20.941500 10 storage/engine/rocksdb.go:120        Options.rate_limit_delay_max_milliseconds: 100
I200521 20:34:20.941504 10 storage/engine/rocksdb.go:120                 Options.disable_auto_compactions: 0
I200521 20:34:20.941512 10 storage/engine/rocksdb.go:120                         Options.compaction_style: kCompactionStyleLevel
I200521 20:34:20.941517 10 storage/engine/rocksdb.go:120                           Options.compaction_pri: kMinOverlappingRatio
I200521 20:34:20.941524 10 storage/engine/rocksdb.go:120  Options.compaction_options_universal.size_ratio: 1
I200521 20:34:20.941528 10 storage/engine/rocksdb.go:120  Options.compaction_options_universal.min_merge_width: 2
I200521 20:34:20.941531 10 storage/engine/rocksdb.go:120  Options.compaction_options_universal.max_merge_width: 4294967295
I200521 20:34:20.941541 10 storage/engine/rocksdb.go:120  Options.compaction_options_universal.max_size_amplification_percent: 200
I200521 20:34:20.941558 10 storage/engine/rocksdb.go:120  Options.compaction_options_universal.compression_size_percent: -1
I200521 20:34:20.941562 10 storage/engine/rocksdb.go:120  Options.compaction_options_universal.stop_style: kCompactionStopStyleTotalSize
I200521 20:34:20.941565 10 storage/engine/rocksdb.go:120  Options.compaction_options_fifo.max_table_files_size: 1073741824
I200521 20:34:20.941568 10 storage/engine/rocksdb.go:120  Options.compaction_options_fifo.allow_compaction: 0
I200521 20:34:20.941572 10 storage/engine/rocksdb.go:120                    Options.table_properties_collectors: TimeBoundTblPropCollectorFactory; DeleteRangeTblPropCollectorFactory; 
I200521 20:34:20.941576 10 storage/engine/rocksdb.go:120                    Options.inplace_update_support: 0
I200521 20:34:20.941582 10 storage/engine/rocksdb.go:120                  Options.inplace_update_num_locks: 10000
I200521 20:34:20.941585 10 storage/engine/rocksdb.go:120                Options.memtable_prefix_bloom_size_ratio: 0.000000
I200521 20:34:20.941588 10 storage/engine/rocksdb.go:120                Options.memtable_whole_key_filtering: 0
I200521 20:34:20.941591 10 storage/engine/rocksdb.go:120    Options.memtable_huge_page_size: 0
I200521 20:34:20.941594 10 storage/engine/rocksdb.go:120                            Options.bloom_locality: 0
I200521 20:34:20.941597 10 storage/engine/rocksdb.go:120                     Options.max_successive_merges: 0
I200521 20:34:20.941600 10 storage/engine/rocksdb.go:120                 Options.optimize_filters_for_hits: 1
I200521 20:34:20.941605 10 storage/engine/rocksdb.go:120                 Options.paranoid_file_checks: 0
I200521 20:34:20.941608 10 storage/engine/rocksdb.go:120                 Options.force_consistency_checks: 0
I200521 20:34:20.941611 10 storage/engine/rocksdb.go:120                 Options.report_bg_io_stats: 0
I200521 20:34:20.941613 10 storage/engine/rocksdb.go:120                                Options.ttl: 0
I200521 20:34:20.941616 10 storage/engine/rocksdb.go:120           Options.periodic_compaction_seconds: 0
I200521 20:34:20.952083 10 storage/engine/rocksdb.go:120  [db/version_set.cc:4286] Recovered from manifest file:/var/lib/cockroach/MANIFEST-001184 succeeded,manifest_file_number is 1184, next_file_number is 1241, last_sequence is 22991992, log_number is 1231,prev_log_number is 0,max_column_family is 0,min_log_number_to_keep is 0
I200521 20:34:20.952092 10 storage/engine/rocksdb.go:120  [db/version_set.cc:4295] Column family [default] (ID 0), log number is 1231
I200521 20:34:20.954733 10 storage/engine/rocksdb.go:120  EVENT_LOG_v1 {"time_micros": 1590093260954707, "job": 1, "event": "recovery_started", "log_files": [1229, 1231]}
I200521 20:34:20.954740 10 storage/engine/rocksdb.go:120  [db/db_impl_open.cc:586] Skipping log #1229 since it is older than min log to keep #1231
I200521 20:34:20.954744 10 storage/engine/rocksdb.go:120  [db/db_impl_open.cc:598] Recovering log #1231 mode 0
I200521 20:34:21.469442 10 storage/engine/rocksdb.go:120  EVENT_LOG_v1 {"time_micros": 1590093261469379, "cf_name": "default", "job": 1, "event": "table_file_creation", "file_number": 1241, "file_size": 311074, "table_properties": {"data_size": 300293, "index_size": 2767, "index_partitions": 0, "top_level_index_size": 0, "index_key_is_user_key": 0, "index_value_is_delta_encoded": 0, "filter_size": 8133, "raw_key_size": 230010, "raw_average_key_size": 31, "raw_value_size": 1428738, "raw_average_value_size": 195, "num_data_blocks": 48, "num_entries": 7305, "num_deletions": 5242, "num_merge_operands": 664, "num_range_deletions": 664, "format_version": 0, "fixed_key_len": 0, "filter_policy": "rocksdb.BuiltinBloomFilter", "column_family_name": "default", "column_family_id": 0, "comparator": "cockroach_comparator", "merge_operator": "cockroach_merge_operator", "prefix_extractor_name": "cockroach_prefix_extractor", "property_collectors": "[TimeBoundTblPropCollectorFactory,DeleteRangeTblPropCollectorFactory]", "compression": "Snappy", "compression_options": "window_bits=-14; level=32767; strategy=0; max_dict_bytes=0; zstd_max_train_bytes=0; enabled=0; ", "creation_time": 1590093261, "oldest_key_time": 3, "file_creation_time": 0}}
I200521 20:34:21.473653 10 storage/engine/rocksdb.go:120  [db/version_set.cc:3560] Creating manifest 1242
I200521 20:34:21.484084 10 storage/engine/rocksdb.go:120  EVENT_LOG_v1 {"time_micros": 1590093261484057, "job": 1, "event": "recovery_finished"}
I200521 20:34:21.522422 10 storage/engine/rocksdb.go:120  DB pointer 0x7f4995934000
I200521 20:38:50.653893 3740 storage/engine/rocksdb.go:120  bloom filter utility:    -nan%
I200521 20:38:50.654186 3740 storage/engine/rocksdb.go:120  [db/db_impl.cc:392] Shutdown: canceling all background work
I200521 20:38:50.656357 3740 storage/engine/rocksdb.go:120  [db/db_impl.cc:565] Shutdown complete
I200521 20:38:50.666804 3740 storage/engine/rocksdb.go:120  bloom filter utility:    75.3%
I200521 20:38:50.667424 3740 storage/engine/rocksdb.go:120  [db/db_impl.cc:392] Shutdown: canceling all background work
I200521 20:38:50.675958 3740 storage/engine/rocksdb.go:120  [db/db_impl.cc:565] Shutdown complete
