I200514 19:48:48.986266 1 util/log/clog.go:1196  [config] file created at: 2020/05/14 19:48:48
I200514 19:48:48.986266 1 util/log/clog.go:1196  [config] running on machine: 51a12fd19941
I200514 19:48:48.986266 1 util/log/clog.go:1196  [config] binary: CockroachDB CCL v19.2.5 (x86_64-unknown-linux-gnu, built 2020/03/16 18:27:12, go1.12.12)
I200514 19:48:48.986266 1 util/log/clog.go:1196  [config] arguments: [/cockroach/cockroach start --insecure --store=attrs=ssd,path=/var/lib/cockroach/]
I200514 19:48:48.986266 1 util/log/clog.go:1196  line format: [IWEF]yymmdd hh:mm:ss.uuuuuu goid file:line msg utf8=✓
I200514 19:48:48.986266 1 cli/start.go:1144  logging to directory /var/lib/cockroach/logs
W200514 19:48:49.009006 1 cli/start.go:1182  RUNNING IN INSECURE MODE!

- Your cluster is open for any client that can access <all your IP addresses>.
- Any user, even root, can log in without providing a password.
- Any user, connecting as root, can read or write any data in your cluster.
- There is no network encryption nor authentication, and thus no confidentiality.

Check out how to secure your cluster: https://www.cockroachlabs.com/docs/v19.2/secure-a-cluster.html
I200514 19:48:49.009459 1 server/status/recorder.go:597  available memory from cgroups (8.0 EiB) is unsupported, using system memory 1.9 GiB instead: 
W200514 19:48:49.009507 1 cli/start.go:1052  Using the default setting for --cache (128 MiB).
  A significantly larger value is usually needed for good performance.
  If you have a dedicated server a reasonable setting is --cache=.25 (497 MiB).
I200514 19:48:49.009646 1 server/status/recorder.go:597  available memory from cgroups (8.0 EiB) is unsupported, using system memory 1.9 GiB instead: 
W200514 19:48:49.009655 1 cli/start.go:1065  Using the default setting for --max-sql-memory (128 MiB).
  A significantly larger value is usually needed in production.
  If you have a dedicated server a reasonable setting is --max-sql-memory=.25 (497 MiB).
I200514 19:48:49.009800 1 server/status/recorder.go:597  available memory from cgroups (8.0 EiB) is unsupported, using system memory 1.9 GiB instead: 
I200514 19:48:49.009812 1 cli/start.go:1196  CockroachDB CCL v19.2.5 (x86_64-unknown-linux-gnu, built 2020/03/16 18:27:12, go1.12.12)
W200514 19:48:49.978253 1 cli/start.go:511  running 'cockroach start' without --join is deprecated.
Consider using 'cockroach start-single-node' or 'cockroach init' instead.
I200514 19:48:49.987377 1 server/status/recorder.go:597  available memory from cgroups (8.0 EiB) is unsupported, using system memory 1.9 GiB instead: 
I200514 19:48:49.987394 1 server/config.go:394  system total memory: 1.9 GiB
I200514 19:48:49.987446 1 server/config.go:396  server configuration:
max offset             500000000
cache size             128 MiB
SQL memory pool size   128 MiB
scan interval          10m0s
scan min idle time     10ms
scan max idle time     1s
event log enabled      true
I200514 19:48:49.987459 1 cli/start.go:1030  using local environment variables: COCKROACH_CHANNEL=official-docker
I200514 19:48:49.987469 1 cli/start.go:1037  process identity: uid 0 euid 0 gid 0 egid 0
I200514 19:48:49.987533 1 cli/start.go:644  starting cockroach node
I200514 19:48:49.990969 26 storage/engine/rocksdb.go:622  opening rocksdb instance at "/var/lib/cockroach/cockroach-temp194107181"
I200514 19:48:50.281316 26 server/server.go:928  [n?] monitoring forward clock jumps based on server.clock.forward_jump_check_enabled
I200514 19:48:50.281862 26 storage/engine/rocksdb.go:622  opening rocksdb instance at "/var/lib/cockroach"
I200514 19:48:50.358498 26 server/config.go:502  [n?] 1 storage engine initialized
I200514 19:48:50.358512 26 server/config.go:505  [n?] RocksDB cache size: 128 MiB
I200514 19:48:50.358516 26 server/config.go:505  [n?] store 0: RocksDB, max size 0 B, max open file limit 1043576
W200514 19:48:50.375652 26 cli/start.go:996  neither --listen-addr nor --advertise-addr was specified.
The server will advertise "51a12fd19941" to other nodes, is this routable?

Consider using:
- for local-only servers:  --listen-addr=localhost
- for multi-node clusters: --advertise-addr=<host/IP addr>
I200514 19:48:50.376888 26 server/server.go:978  [n?] Sleeping till wall time 1589485730376851025 to catches up to 1589485730781287426 to ensure monotonicity. Delta: 404.436401ms
I200514 19:48:50.781659 26 gossip/gossip.go:394  [n1] NodeDescriptor set to node_id:1 address:<network_field:"tcp" address_field:"51a12fd19941:26257" > attrs:<> locality:<> ServerVersion:<major_val:19 minor_val:2 patch:0 unstable:0 > build_tag:"v19.2.5" started_at:1589485730781555524 cluster_name:"" sql_address:<network_field:"tcp" address_field:"51a12fd19941:26257" > 
W200514 19:48:50.843985 110 storage/replica_range_lease.go:554  can't determine lease status due to node liveness error: node not in the liveness table
github.com/cockroachdb/cockroach/pkg/storage.init.ializers
	/go/src/github.com/cockroachdb/cockroach/pkg/storage/node_liveness.go:44
runtime.main
	/usr/local/go/src/runtime/proc.go:188
runtime.goexit
	/usr/local/go/src/runtime/asm_amd64.s:1337
W200514 19:48:50.844031 110 storage/store.go:1530  [n1,s1,r6/1:/Table/{SystemCon…-11}] could not gossip system config: [NotLeaseHolderError] r6: replica (n1,s1):1 not lease holder; lease holder unknown
I200514 19:48:51.059747 26 server/node.go:431  [n1] initialized store [n1,s1]: disk (capacity=894 GiB, available=579 GiB, used=21 MiB, logicalBytes=98 MiB), ranges=40, leases=3, queries=0.00, writes=0.00, bytesPerReplica={p10=0.00 p25=0.00 p50=146.00 p75=27421.00 p90=12033537.00 pMax=37144035.00}, writesPerReplica={p10=0.00 p25=0.00 p50=0.00 p75=0.00 p90=0.00 pMax=0.00}
I200514 19:48:51.059837 26 storage/stores.go:240  [n1] read 0 node addresses from persistent storage
I200514 19:48:51.059910 26 server/node.go:645  [n1] connecting to gossip network to verify cluster ID...
I200514 19:48:51.059922 26 server/node.go:665  [n1] node connected via gossip and verified as part of cluster "3d423bb5-5d67-4ebf-947b-999bec430444"
I200514 19:48:51.059950 26 server/node.go:512  [n1] node=1: started with [ssd=/var/lib/cockroach] engine(s) and attributes []
I200514 19:48:51.062380 26 server/server.go:1514  [n1] starting http server at [::]:8080 (use: 51a12fd19941:8080)
I200514 19:48:51.062390 26 server/server.go:1521  [n1] starting grpc/postgres server at [::]:26257
I200514 19:48:51.062398 26 server/server.go:1522  [n1] advertising CockroachDB node at 51a12fd19941:26257
I200514 19:48:51.183345 26 server/server.go:1590  [n1] done ensuring all necessary migrations have run
I200514 19:48:51.183392 26 server/server.go:1841  [n1] serving sql connections
I200514 19:48:51.183443 26 cli/start.go:803  [config] clusterID: 3d423bb5-5d67-4ebf-947b-999bec430444
I200514 19:48:51.183455 26 cli/start.go:812  node startup completed:
CockroachDB node starting at 2020-05-14 19:48:51.183404324 +0000 UTC (took 2.2s)
build:               CCL v19.2.5 @ 2020/03/16 18:27:12 (go1.12.12)
webui:               http://51a12fd19941:8080
sql:                 postgresql://root@51a12fd19941:26257?sslmode=disable
RPC client flags:    /cockroach/cockroach <client cmd> --host=51a12fd19941:26257 --insecure
logs:                /var/lib/cockroach/logs
temp dir:            /var/lib/cockroach/cockroach-temp194107181
external I/O path:   /var/lib/cockroach/extern
store[0]:            path=/var/lib/cockroach,attrs=ssd
status:              restarted pre-existing node
clusterID:           3d423bb5-5d67-4ebf-947b-999bec430444
nodeID:              1
I200514 19:48:51.188327 298 server/server_update.go:53  [n1] no need to upgrade, cluster already at the newest version
I200514 19:48:51.201043 300 sql/event_log.go:130  [n1] Event: "node_restart", target: 1, info: {Descriptor:{NodeID:1 Address:51a12fd19941:26257 Attrs: Locality: ServerVersion:19.2 BuildTag:v19.2.5 StartedAt:1589485730781555524 LocalityAddress:[] ClusterName: SQLAddress:51a12fd19941:26257} ClusterID:3d423bb5-5d67-4ebf-947b-999bec430444 StartedAt:1589485730781555524 LastUp:1589485726845583126}
I200514 19:48:52.039045 302 server/updates.go:267  [n1] A new version is available: 20.1.0, details: https://www.cockroachlabs.com/docs/releases/v20.1.0.html
I200514 19:48:52.859698 84 gossip/gossip.go:1531  [n1] node has connected to cluster via gossip
I200514 19:48:52.859758 84 storage/stores.go:259  [n1] wrote 0 node addresses to persistent storage
I200514 19:49:01.065262 126 server/status/runtime.go:498  [n1] runtime stats: 119 MiB RSS, 117 goroutines, 102 MiB/22 MiB/135 MiB GO alloc/idle/total, 16 MiB/18 MiB CGO alloc/total, 0.0 CGO/sec, 0.0/0.0 %(u/s)time, 0.0 %gc (9x), 35 KiB/43 KiB (r/w)net
I200514 19:49:11.065312 126 server/status/runtime.go:498  [n1] runtime stats: 130 MiB RSS, 117 goroutines, 112 MiB/12 MiB/135 MiB GO alloc/idle/total, 16 MiB/18 MiB CGO alloc/total, 60.7 CGO/sec, 0.6/0.3 %(u/s)time, 0.0 %gc (0x), 1.7 KiB/926 B (r/w)net
I200514 19:49:11.164012 121 storage/store.go:2364  [n1,s1] sstables (read amplification = 2):
0 [ 70K 1 ]: 70K
6 [ 11M 3 ]: 4M[2] 3M
I200514 19:49:11.164073 121 storage/store.go:2365  [n1,s1] 
** Compaction Stats [default] **
Level    Files   Size     Score Read(GB)  Rn(GB) Rnp1(GB) Write(GB) Wnew(GB) Moved(GB) W-Amp Rd(MB/s) Wr(MB/s) Comp(sec) CompMergeCPU(sec) Comp(cnt) Avg(sec) KeyIn KeyDrop
----------------------------------------------------------------------------------------------------------------------------------------------------------------------------
  L0      1/0   69.66 KB   0.5      0.0     0.0      0.0       0.0      0.0       0.0   1.0      0.0      5.5      0.01              0.00         1    0.012       0      0
  L6      3/0   11.20 MB   0.0      0.0     0.0      0.0       0.0      0.0       0.0   0.0      0.0      0.0      0.00              0.00         0    0.000       0      0
 Sum      4/0   11.27 MB   0.0      0.0     0.0      0.0       0.0      0.0       0.0   1.0      0.0      5.5      0.01              0.00         1    0.012       0      0
 Int      0/0    0.00 KB   0.0      0.0     0.0      0.0       0.0      0.0       0.0   1.0      0.0      5.5      0.01              0.00         1    0.012       0      0

** Compaction Stats [default] **
Priority    Files   Size     Score Read(GB)  Rn(GB) Rnp1(GB) Write(GB) Wnew(GB) Moved(GB) W-Amp Rd(MB/s) Wr(MB/s) Comp(sec) CompMergeCPU(sec) Comp(cnt) Avg(sec) KeyIn KeyDrop
-------------------------------------------------------------------------------------------------------------------------------------------------------------------------------
User      0/0    0.00 KB   0.0      0.0     0.0      0.0       0.0      0.0       0.0   0.0      0.0      5.5      0.01              0.00         1    0.012       0      0
Uptime(secs): 20.9 total, 20.9 interval
Flush(GB): cumulative 0.000, interval 0.000
AddFile(GB): cumulative 0.000, interval 0.000
AddFile(Total Files): cumulative 0, interval 0
AddFile(L0 Files): cumulative 0, interval 0
AddFile(Keys): cumulative 0, interval 0
Cumulative compaction: 0.00 GB write, 0.00 MB/s write, 0.00 GB read, 0.00 MB/s read, 0.0 seconds
Interval compaction: 0.00 GB write, 0.00 MB/s write, 0.00 GB read, 0.00 MB/s read, 0.0 seconds
Stalls(count): 0 level0_slowdown, 0 level0_slowdown_with_compaction, 0 level0_numfiles, 0 level0_numfiles_with_compaction, 0 stop for pending_compaction_bytes, 0 slowdown for pending_compaction_bytes, 0 memtable_compaction, 0 memtable_slowdown, interval 0 total count
estimated_pending_compaction_bytes: 0 B
I200514 19:49:21.065339 126 server/status/runtime.go:498  [n1] runtime stats: 139 MiB RSS, 117 goroutines, 77 MiB/41 MiB/135 MiB GO alloc/idle/total, 16 MiB/18 MiB CGO alloc/total, 62.7 CGO/sec, 0.6/0.2 %(u/s)time, 0.0 %gc (1x), 140 B/0 B (r/w)net
I200514 19:49:31.065413 126 server/status/runtime.go:498  [n1] runtime stats: 140 MiB RSS, 118 goroutines, 85 MiB/35 MiB/135 MiB GO alloc/idle/total, 16 MiB/19 MiB CGO alloc/total, 59.6 CGO/sec, 0.5/0.2 %(u/s)time, 0.0 %gc (0x), 0 B/0 B (r/w)net
I200514 19:49:41.065512 126 server/status/runtime.go:498  [n1] runtime stats: 140 MiB RSS, 118 goroutines, 91 MiB/29 MiB/135 MiB GO alloc/idle/total, 16 MiB/19 MiB CGO alloc/total, 26.6 CGO/sec, 0.4/0.1 %(u/s)time, 0.0 %gc (0x), 0 B/0 B (r/w)net
I200514 19:49:51.064766 122 gossip/gossip.go:566  [n1] gossip status (ok, 1 node)
gossip client (0/3 cur/max conns)
gossip server (0/3 cur/max conns, infos 0/0 sent/received, bytes 0B/0B sent/received)
gossip connectivity
  n1 [sentinel];
I200514 19:49:51.065602 126 server/status/runtime.go:498  [n1] runtime stats: 141 MiB RSS, 118 goroutines, 98 MiB/23 MiB/135 MiB GO alloc/idle/total, 16 MiB/19 MiB CGO alloc/total, 29.4 CGO/sec, 0.4/0.2 %(u/s)time, 0.0 %gc (0x), 70 B/0 B (r/w)net
I200514 19:50:01.065875 126 server/status/runtime.go:498  [n1] runtime stats: 142 MiB RSS, 117 goroutines, 108 MiB/16 MiB/135 MiB GO alloc/idle/total, 16 MiB/19 MiB CGO alloc/total, 88.5 CGO/sec, 0.5/0.1 %(u/s)time, 0.0 %gc (0x), 70 B/0 B (r/w)net
I200514 19:50:11.066317 126 server/status/runtime.go:498  [n1] runtime stats: 146 MiB RSS, 117 goroutines, 114 MiB/9.4 MiB/135 MiB GO alloc/idle/total, 16 MiB/19 MiB CGO alloc/total, 23.5 CGO/sec, 0.3/0.1 %(u/s)time, 0.0 %gc (0x), 150 B/150 B (r/w)net
I200514 19:50:21.066178 126 server/status/runtime.go:498  [n1] runtime stats: 147 MiB RSS, 117 goroutines, 122 MiB/1.4 MiB/135 MiB GO alloc/idle/total, 16 MiB/19 MiB CGO alloc/total, 30.3 CGO/sec, 0.3/0.3 %(u/s)time, 0.0 %gc (0x), 0 B/0 B (r/w)net
I200514 19:50:31.066270 126 server/status/runtime.go:498  [n1] runtime stats: 153 MiB RSS, 118 goroutines, 130 MiB/58 MiB/202 MiB GO alloc/idle/total, 16 MiB/19 MiB CGO alloc/total, 26.5 CGO/sec, 0.4/0.1 %(u/s)time, 0.0 %gc (0x), 0 B/0 B (r/w)net
I200514 19:50:41.066461 126 server/status/runtime.go:498  [n1] runtime stats: 161 MiB RSS, 118 goroutines, 80 MiB/103 MiB/202 MiB GO alloc/idle/total, 16 MiB/19 MiB CGO alloc/total, 27.4 CGO/sec, 0.4/0.3 %(u/s)time, 0.0 %gc (1x), 0 B/0 B (r/w)net
I200514 19:50:51.064730 122 gossip/gossip.go:566  [n1] gossip status (ok, 1 node)
gossip client (0/3 cur/max conns)
gossip server (0/3 cur/max conns, infos 0/0 sent/received, bytes 0B/0B sent/received)
I200514 19:50:51.066725 126 server/status/runtime.go:498  [n1] runtime stats: 162 MiB RSS, 118 goroutines, 86 MiB/97 MiB/202 MiB GO alloc/idle/total, 16 MiB/19 MiB CGO alloc/total, 26.8 CGO/sec, 0.3/0.1 %(u/s)time, 0.0 %gc (0x), 70 B/0 B (r/w)net
I200514 19:50:59.101187 1 cli/start.go:865  received signal 'terminated'
I200514 19:50:59.101519 1 cli/start.go:930  initiating graceful shutdown of server
I200514 19:50:59.119089 2027 util/stop/stopper.go:542  [server drain process] quiescing; tasks left:
1      [async] intent_resolver_ir_batcher
1      [async] intent_resolver_gc_batcher
1      [async] closedts-rangefeed-subscriber
I200514 19:50:59.119276 2027 util/stop/stopper.go:542  [server drain process] quiescing; tasks left:
1      [async] intent_resolver_gc_batcher
1      [async] closedts-rangefeed-subscriber
W200514 19:50:59.119575 30 vendor/google.golang.org/grpc/clientconn.go:1206  grpc: addrConn.createTransport failed to connect to {51a12fd19941:26257 0  <nil>}. Err :connection error: desc = "transport: failed to write client preface: io: read/write on closed pipe". Reconnecting...
I200514 19:50:59.124929 2027 util/stop/stopper.go:542  [server drain process] quiescing; tasks left:
1      [async] closedts-rangefeed-subscriber
I200514 19:50:59.125918 2027 storage/engine/rocksdb.go:762  closing rocksdb instance at "/var/lib/cockroach/cockroach-temp194107181"
I200514 19:50:59.135860 2027 storage/engine/rocksdb.go:762  closing rocksdb instance at "/var/lib/cockroach"
I200514 19:50:59.146388 1 cli/start.go:976  server drained and shutdown completed
