I200514 14:57:33.865247 13 util/log/clog.go:1196  [config] file created at: 2020/05/14 14:57:33
I200514 14:57:33.865247 13 util/log/clog.go:1196  [config] running on machine: 3cca733fd4d5
I200514 14:57:33.865247 13 util/log/clog.go:1196  [config] binary: CockroachDB CCL v19.2.5 (x86_64-unknown-linux-gnu, built 2020/03/16 18:27:12, go1.12.12)
I200514 14:57:33.865247 13 util/log/clog.go:1196  [config] arguments: [/cockroach/cockroach start --insecure --store=attrs=ssd,path=/var/lib/cockroach/]
I200514 14:57:33.865247 13 util/log/clog.go:1196  line format: [IWEF]yymmdd hh:mm:ss.uuuuuu goid file:line msg utf8=✓
I200514 14:57:33.865246 13 storage/engine/rocksdb.go:120  RocksDB version: 6.2.1
I200514 14:57:33.873859 13 storage/engine/rocksdb.go:120  Git sha rocksdb_build_git_sha:@b7009236531fa784872f4823eabf393501e41bf2@
I200514 14:57:33.873863 13 storage/engine/rocksdb.go:120  Compile date Mar 16 2020
I200514 14:57:33.873867 13 storage/engine/rocksdb.go:120  DB SUMMARY
I200514 14:57:33.874485 13 storage/engine/rocksdb.go:120  SST files in /var/lib/cockroach/cockroach-temp792624327 dir, Total Num: 0, files: 
I200514 14:57:33.985898 13 storage/engine/rocksdb.go:120  Write Ahead Log file in /var/lib/cockroach/cockroach-temp792624327: 
I200514 14:57:33.985908 13 storage/engine/rocksdb.go:120                          Options.error_if_exists: 0
I200514 14:57:33.985910 13 storage/engine/rocksdb.go:120                        Options.create_if_missing: 1
I200514 14:57:33.985913 13 storage/engine/rocksdb.go:120                          Options.paranoid_checks: 1
I200514 14:57:33.985916 13 storage/engine/rocksdb.go:120                                      Options.env: 0x75757a0
I200514 14:57:33.985918 13 storage/engine/rocksdb.go:120                                 Options.info_log: 0x7f14c0a270e0
I200514 14:57:33.985921 13 storage/engine/rocksdb.go:120                 Options.max_file_opening_threads: 16
I200514 14:57:33.985923 13 storage/engine/rocksdb.go:120                               Options.statistics: 0x7f14c0a34010
I200514 14:57:33.985926 13 storage/engine/rocksdb.go:120                                Options.use_fsync: 0
I200514 14:57:33.985929 13 storage/engine/rocksdb.go:120                        Options.max_log_file_size: 0
I200514 14:57:33.985932 13 storage/engine/rocksdb.go:120                   Options.max_manifest_file_size: 134217728
I200514 14:57:33.985934 13 storage/engine/rocksdb.go:120                    Options.log_file_time_to_roll: 0
I200514 14:57:33.985937 13 storage/engine/rocksdb.go:120                        Options.keep_log_file_num: 1000
I200514 14:57:33.985940 13 storage/engine/rocksdb.go:120                     Options.recycle_log_file_num: 1
I200514 14:57:33.985942 13 storage/engine/rocksdb.go:120                          Options.allow_fallocate: 1
I200514 14:57:33.985945 13 storage/engine/rocksdb.go:120                         Options.allow_mmap_reads: 0
I200514 14:57:33.985948 13 storage/engine/rocksdb.go:120                        Options.allow_mmap_writes: 0
I200514 14:57:33.985950 13 storage/engine/rocksdb.go:120                         Options.use_direct_reads: 0
I200514 14:57:33.985953 13 storage/engine/rocksdb.go:120                         Options.use_direct_io_for_flush_and_compaction: 0
I200514 14:57:33.985956 13 storage/engine/rocksdb.go:120           Options.create_missing_column_families: 0
I200514 14:57:33.985958 13 storage/engine/rocksdb.go:120                               Options.db_log_dir: 
I200514 14:57:33.985961 13 storage/engine/rocksdb.go:120                                  Options.wal_dir: /var/lib/cockroach/cockroach-temp792624327
I200514 14:57:33.985963 13 storage/engine/rocksdb.go:120                 Options.table_cache_numshardbits: 6
I200514 14:57:33.985966 13 storage/engine/rocksdb.go:120                       Options.max_subcompactions: 1
I200514 14:57:33.985969 13 storage/engine/rocksdb.go:120                   Options.max_background_flushes: -1
I200514 14:57:33.985971 13 storage/engine/rocksdb.go:120                          Options.WAL_ttl_seconds: 0
I200514 14:57:33.985974 13 storage/engine/rocksdb.go:120                        Options.WAL_size_limit_MB: 0
I200514 14:57:33.985976 13 storage/engine/rocksdb.go:120              Options.manifest_preallocation_size: 4194304
I200514 14:57:33.985979 13 storage/engine/rocksdb.go:120                      Options.is_fd_close_on_exec: 1
I200514 14:57:33.985981 13 storage/engine/rocksdb.go:120                    Options.advise_random_on_open: 1
I200514 14:57:33.985984 13 storage/engine/rocksdb.go:120                     Options.db_write_buffer_size: 0
I200514 14:57:33.985986 13 storage/engine/rocksdb.go:120                     Options.write_buffer_manager: 0x7f14c0a190f0
I200514 14:57:33.985989 13 storage/engine/rocksdb.go:120          Options.access_hint_on_compaction_start: 1
I200514 14:57:33.985991 13 storage/engine/rocksdb.go:120   Options.new_table_reader_for_compaction_inputs: 0
I200514 14:57:33.985994 13 storage/engine/rocksdb.go:120            Options.random_access_max_buffer_size: 1048576
I200514 14:57:33.985997 13 storage/engine/rocksdb.go:120                       Options.use_adaptive_mutex: 0
I200514 14:57:33.986000 13 storage/engine/rocksdb.go:120                             Options.rate_limiter: (nil)
I200514 14:57:33.986003 13 storage/engine/rocksdb.go:120      Options.sst_file_manager.rate_bytes_per_sec: 0
I200514 14:57:33.986006 13 storage/engine/rocksdb.go:120                        Options.wal_recovery_mode: 0
I200514 14:57:33.986009 13 storage/engine/rocksdb.go:120                   Options.enable_thread_tracking: 0
I200514 14:57:33.986011 13 storage/engine/rocksdb.go:120                   Options.enable_pipelined_write: 0
I200514 14:57:33.986014 13 storage/engine/rocksdb.go:120          Options.allow_concurrent_memtable_write: 1
I200514 14:57:33.986017 13 storage/engine/rocksdb.go:120       Options.enable_write_thread_adaptive_yield: 1
I200514 14:57:33.986020 13 storage/engine/rocksdb.go:120              Options.write_thread_max_yield_usec: 100
I200514 14:57:33.986022 13 storage/engine/rocksdb.go:120             Options.write_thread_slow_yield_usec: 3
I200514 14:57:33.986025 13 storage/engine/rocksdb.go:120                                Options.row_cache: None
I200514 14:57:33.986028 13 storage/engine/rocksdb.go:120                               Options.wal_filter: None
I200514 14:57:33.986030 13 storage/engine/rocksdb.go:120              Options.avoid_flush_during_recovery: 0
I200514 14:57:33.986033 13 storage/engine/rocksdb.go:120              Options.allow_ingest_behind: 0
I200514 14:57:33.986035 13 storage/engine/rocksdb.go:120              Options.preserve_deletes: 0
I200514 14:57:33.986038 13 storage/engine/rocksdb.go:120              Options.two_write_queues: 0
I200514 14:57:33.986040 13 storage/engine/rocksdb.go:120              Options.manual_wal_flush: 1
I200514 14:57:33.986043 13 storage/engine/rocksdb.go:120              Options.atomic_flush: 0
I200514 14:57:33.986045 13 storage/engine/rocksdb.go:120              Options.avoid_unnecessary_blocking_io: 0
I200514 14:57:33.986048 13 storage/engine/rocksdb.go:120              Options.max_background_jobs: 2
I200514 14:57:33.986051 13 storage/engine/rocksdb.go:120              Options.max_background_compactions: -1
I200514 14:57:33.986053 13 storage/engine/rocksdb.go:120              Options.avoid_flush_during_shutdown: 0
I200514 14:57:33.986056 13 storage/engine/rocksdb.go:120            Options.writable_file_max_buffer_size: 1048576
I200514 14:57:33.986058 13 storage/engine/rocksdb.go:120              Options.delayed_write_rate : 16777216
I200514 14:57:33.986061 13 storage/engine/rocksdb.go:120              Options.max_total_wal_size: 0
I200514 14:57:33.986064 13 storage/engine/rocksdb.go:120              Options.delete_obsolete_files_period_micros: 21600000000
I200514 14:57:33.986066 13 storage/engine/rocksdb.go:120                    Options.stats_dump_period_sec: 0
I200514 14:57:33.986069 13 storage/engine/rocksdb.go:120                  Options.stats_persist_period_sec: 600
I200514 14:57:33.986071 13 storage/engine/rocksdb.go:120                  Options.stats_history_buffer_size: 1048576
I200514 14:57:33.986074 13 storage/engine/rocksdb.go:120                           Options.max_open_files: 128
I200514 14:57:33.986076 13 storage/engine/rocksdb.go:120                           Options.bytes_per_sync: 524288
I200514 14:57:33.986079 13 storage/engine/rocksdb.go:120                       Options.wal_bytes_per_sync: 0
I200514 14:57:33.986081 13 storage/engine/rocksdb.go:120                    Options.strict_bytes_per_sync: 1
I200514 14:57:33.986084 13 storage/engine/rocksdb.go:120        Options.compaction_readahead_size: 0
I200514 14:57:33.986087 13 storage/engine/rocksdb.go:120  Compression algorithms supported:
I200514 14:57:33.986090 13 storage/engine/rocksdb.go:120  	kZSTDNotFinalCompression supported: 0
I200514 14:57:33.986093 13 storage/engine/rocksdb.go:120  	kZSTD supported: 0
I200514 14:57:33.986095 13 storage/engine/rocksdb.go:120  	kXpressCompression supported: 0
I200514 14:57:33.986098 13 storage/engine/rocksdb.go:120  	kLZ4HCCompression supported: 0
I200514 14:57:33.986113 13 storage/engine/rocksdb.go:120  	kLZ4Compression supported: 0
I200514 14:57:33.986122 13 storage/engine/rocksdb.go:120  	kBZip2Compression supported: 0
I200514 14:57:33.986127 13 storage/engine/rocksdb.go:120  	kZlibCompression supported: 0
I200514 14:57:33.986130 13 storage/engine/rocksdb.go:120  	kSnappyCompression supported: 1
I200514 14:57:33.986138 13 storage/engine/rocksdb.go:120  Fast CRC32 supported: Supported on x86
I200514 14:57:33.990797 13 storage/engine/rocksdb.go:120  [db/db_impl_open.cc:242] Creating manifest 1 
I200514 14:57:34.029233 13 storage/engine/rocksdb.go:120  [db/version_set.cc:4072] Recovering from manifest file: /var/lib/cockroach/cockroach-temp792624327/MANIFEST-000001
I200514 14:57:34.031372 13 storage/engine/rocksdb.go:120  [db/column_family.cc:488] --------------- Options for column family [default]:
I200514 14:57:34.031378 13 storage/engine/rocksdb.go:120                Options.comparator: cockroach_comparator
I200514 14:57:34.031382 13 storage/engine/rocksdb.go:120            Options.merge_operator: cockroach_merge_operator
I200514 14:57:34.031385 13 storage/engine/rocksdb.go:120         Options.compaction_filter: None
I200514 14:57:34.031387 13 storage/engine/rocksdb.go:120         Options.compaction_filter_factory: None
I200514 14:57:34.031390 13 storage/engine/rocksdb.go:120          Options.memtable_factory: SkipListFactory
I200514 14:57:34.031393 13 storage/engine/rocksdb.go:120             Options.table_factory: BlockBasedTable
I200514 14:57:34.031413 13 storage/engine/rocksdb.go:120             table_factory options:   flush_block_policy_factory: FlushBlockBySizePolicyFactory (0x7f14c0a28030)
  cache_index_and_filter_blocks: 0
  cache_index_and_filter_blocks_with_high_priority: 0
  pin_l0_filter_and_index_blocks_in_cache: 0
  pin_top_level_index_and_filter: 1
  index_type: 0
  data_block_index_type: 0
  index_shortening: 1
  data_block_hash_table_util_ratio: 0.750000
  hash_index_allow_collision: 1
  checksum: 1
  no_block_cache: 0
  block_cache: 0x7f14c0a1c010
  block_cache_name: LRUCache
  block_cache_options:
    capacity : 1048576
    num_shard_bits : 4
    strict_capacity_limit : 0
    memory_allocator : None
    high_pri_pool_ratio: 0.000
  block_cache_compressed: (nil)
  persistent_cache: (nil)
  block_size: 32768
  block_size_deviation: 10
  block_restart_interval: 16
  index_block_restart_interval: 1
  metadata_block_size: 4096
  partition_filters: 0
  use_delta_encoding: 1
  filter_policy: rocksdb.BuiltinBloomFilter
  whole_key_filtering: 0
  verify_compression: 0
  read_amp_bytes_per_bit: 0
  format_version: 2
  enable_index_compression: 1
  block_align: 0
I200514 14:57:34.031417 13 storage/engine/rocksdb.go:120         Options.write_buffer_size: 67108864
I200514 14:57:34.031421 13 storage/engine/rocksdb.go:120   Options.max_write_buffer_number: 4
I200514 14:57:34.031427 13 storage/engine/rocksdb.go:120           Options.compression: Snappy
I200514 14:57:34.031430 13 storage/engine/rocksdb.go:120                   Options.bottommost_compression: Disabled
I200514 14:57:34.031433 13 storage/engine/rocksdb.go:120        Options.prefix_extractor: cockroach_prefix_extractor
I200514 14:57:34.031436 13 storage/engine/rocksdb.go:120    Options.memtable_insert_with_hint_prefix_extractor: nullptr
I200514 14:57:34.031438 13 storage/engine/rocksdb.go:120              Options.num_levels: 7
I200514 14:57:34.031441 13 storage/engine/rocksdb.go:120         Options.min_write_buffer_number_to_merge: 1
I200514 14:57:34.031443 13 storage/engine/rocksdb.go:120      Options.max_write_buffer_number_to_maintain: 0
I200514 14:57:34.031451 13 storage/engine/rocksdb.go:120             Options.bottommost_compression_opts.window_bits: -14
I200514 14:57:34.031454 13 storage/engine/rocksdb.go:120                   Options.bottommost_compression_opts.level: 32767
I200514 14:57:34.031456 13 storage/engine/rocksdb.go:120                Options.bottommost_compression_opts.strategy: 0
I200514 14:57:34.031459 13 storage/engine/rocksdb.go:120          Options.bottommost_compression_opts.max_dict_bytes: 0
I200514 14:57:34.031461 13 storage/engine/rocksdb.go:120          Options.bottommost_compression_opts.zstd_max_train_bytes: 0
I200514 14:57:34.031464 13 storage/engine/rocksdb.go:120                   Options.bottommost_compression_opts.enabled: false
I200514 14:57:34.031467 13 storage/engine/rocksdb.go:120             Options.compression_opts.window_bits: -14
I200514 14:57:34.031469 13 storage/engine/rocksdb.go:120                   Options.compression_opts.level: 32767
I200514 14:57:34.031472 13 storage/engine/rocksdb.go:120                Options.compression_opts.strategy: 0
I200514 14:57:34.031474 13 storage/engine/rocksdb.go:120          Options.compression_opts.max_dict_bytes: 0
I200514 14:57:34.031477 13 storage/engine/rocksdb.go:120          Options.compression_opts.zstd_max_train_bytes: 0
I200514 14:57:34.031479 13 storage/engine/rocksdb.go:120                   Options.compression_opts.enabled: false
I200514 14:57:34.031482 13 storage/engine/rocksdb.go:120       Options.level0_file_num_compaction_trigger: 2
I200514 14:57:34.031484 13 storage/engine/rocksdb.go:120           Options.level0_slowdown_writes_trigger: 950
I200514 14:57:34.031487 13 storage/engine/rocksdb.go:120               Options.level0_stop_writes_trigger: 1000
I200514 14:57:34.031490 13 storage/engine/rocksdb.go:120                    Options.target_file_size_base: 4194304
I200514 14:57:34.031492 13 storage/engine/rocksdb.go:120              Options.target_file_size_multiplier: 2
I200514 14:57:34.031495 13 storage/engine/rocksdb.go:120                 Options.max_bytes_for_level_base: 67108864
I200514 14:57:34.031497 13 storage/engine/rocksdb.go:120  Options.level_compaction_dynamic_level_bytes: 1
I200514 14:57:34.031501 13 storage/engine/rocksdb.go:120           Options.max_bytes_for_level_multiplier: 10.000000
I200514 14:57:34.031503 13 storage/engine/rocksdb.go:120  Options.max_bytes_for_level_multiplier_addtl[0]: 1
I200514 14:57:34.031506 13 storage/engine/rocksdb.go:120  Options.max_bytes_for_level_multiplier_addtl[1]: 1
I200514 14:57:34.031508 13 storage/engine/rocksdb.go:120  Options.max_bytes_for_level_multiplier_addtl[2]: 1
I200514 14:57:34.031511 13 storage/engine/rocksdb.go:120  Options.max_bytes_for_level_multiplier_addtl[3]: 1
I200514 14:57:34.031524 13 storage/engine/rocksdb.go:120  Options.max_bytes_for_level_multiplier_addtl[4]: 1
I200514 14:57:34.031530 13 storage/engine/rocksdb.go:120  Options.max_bytes_for_level_multiplier_addtl[5]: 1
I200514 14:57:34.031533 13 storage/engine/rocksdb.go:120  Options.max_bytes_for_level_multiplier_addtl[6]: 1
I200514 14:57:34.031535 13 storage/engine/rocksdb.go:120        Options.max_sequential_skip_in_iterations: 8
I200514 14:57:34.031538 13 storage/engine/rocksdb.go:120                     Options.max_compaction_bytes: 104857600
I200514 14:57:34.031540 13 storage/engine/rocksdb.go:120                         Options.arena_block_size: 8388608
I200514 14:57:34.031543 13 storage/engine/rocksdb.go:120    Options.soft_pending_compaction_bytes_limit: 2199023255552
I200514 14:57:34.031546 13 storage/engine/rocksdb.go:120    Options.hard_pending_compaction_bytes_limit: 4400193994752
I200514 14:57:34.031548 13 storage/engine/rocksdb.go:120        Options.rate_limit_delay_max_milliseconds: 100
I200514 14:57:34.031551 13 storage/engine/rocksdb.go:120                 Options.disable_auto_compactions: 0
I200514 14:57:34.031555 13 storage/engine/rocksdb.go:120                         Options.compaction_style: kCompactionStyleLevel
I200514 14:57:34.031558 13 storage/engine/rocksdb.go:120                           Options.compaction_pri: kMinOverlappingRatio
I200514 14:57:34.031560 13 storage/engine/rocksdb.go:120  Options.compaction_options_universal.size_ratio: 1
I200514 14:57:34.031563 13 storage/engine/rocksdb.go:120  Options.compaction_options_universal.min_merge_width: 2
I200514 14:57:34.031566 13 storage/engine/rocksdb.go:120  Options.compaction_options_universal.max_merge_width: 4294967295
I200514 14:57:34.031569 13 storage/engine/rocksdb.go:120  Options.compaction_options_universal.max_size_amplification_percent: 200
I200514 14:57:34.031571 13 storage/engine/rocksdb.go:120  Options.compaction_options_universal.compression_size_percent: -1
I200514 14:57:34.031574 13 storage/engine/rocksdb.go:120  Options.compaction_options_universal.stop_style: kCompactionStopStyleTotalSize
I200514 14:57:34.031577 13 storage/engine/rocksdb.go:120  Options.compaction_options_fifo.max_table_files_size: 1073741824
I200514 14:57:34.031580 13 storage/engine/rocksdb.go:120  Options.compaction_options_fifo.allow_compaction: 0
I200514 14:57:34.031583 13 storage/engine/rocksdb.go:120                    Options.table_properties_collectors: TimeBoundTblPropCollectorFactory; DeleteRangeTblPropCollectorFactory; 
I200514 14:57:34.031586 13 storage/engine/rocksdb.go:120                    Options.inplace_update_support: 0
I200514 14:57:34.031590 13 storage/engine/rocksdb.go:120                  Options.inplace_update_num_locks: 10000
I200514 14:57:34.031593 13 storage/engine/rocksdb.go:120                Options.memtable_prefix_bloom_size_ratio: 0.000000
I200514 14:57:34.031596 13 storage/engine/rocksdb.go:120                Options.memtable_whole_key_filtering: 0
I200514 14:57:34.031599 13 storage/engine/rocksdb.go:120    Options.memtable_huge_page_size: 0
I200514 14:57:34.031612 13 storage/engine/rocksdb.go:120                            Options.bloom_locality: 0
I200514 14:57:34.031635 13 storage/engine/rocksdb.go:120                     Options.max_successive_merges: 0
I200514 14:57:34.031637 13 storage/engine/rocksdb.go:120                 Options.optimize_filters_for_hits: 1
I200514 14:57:34.031640 13 storage/engine/rocksdb.go:120                 Options.paranoid_file_checks: 0
I200514 14:57:34.031643 13 storage/engine/rocksdb.go:120                 Options.force_consistency_checks: 0
I200514 14:57:34.031645 13 storage/engine/rocksdb.go:120                 Options.report_bg_io_stats: 0
I200514 14:57:34.031648 13 storage/engine/rocksdb.go:120                                Options.ttl: 0
I200514 14:57:34.031650 13 storage/engine/rocksdb.go:120           Options.periodic_compaction_seconds: 0
I200514 14:57:34.032921 13 storage/engine/rocksdb.go:120  [db/version_set.cc:4286] Recovered from manifest file:/var/lib/cockroach/cockroach-temp792624327/MANIFEST-000001 succeeded,manifest_file_number is 1, next_file_number is 3, last_sequence is 0, log_number is 0,prev_log_number is 0,max_column_family is 0,min_log_number_to_keep is 0
I200514 14:57:34.032926 13 storage/engine/rocksdb.go:120  [db/version_set.cc:4295] Column family [default] (ID 0), log number is 0
I200514 14:57:34.052008 13 storage/engine/rocksdb.go:120  DB pointer 0x7f14c0aa4000
I200514 14:57:34.125936 13 storage/engine/rocksdb.go:120  RocksDB version: 6.2.1
I200514 14:57:34.125945 13 storage/engine/rocksdb.go:120  Git sha rocksdb_build_git_sha:@b7009236531fa784872f4823eabf393501e41bf2@
I200514 14:57:34.125948 13 storage/engine/rocksdb.go:120  Compile date Mar 16 2020
I200514 14:57:34.125951 13 storage/engine/rocksdb.go:120  DB SUMMARY
I200514 14:57:34.127012 13 storage/engine/rocksdb.go:120  CURRENT file:  CURRENT
I200514 14:57:34.127017 13 storage/engine/rocksdb.go:120  IDENTITY file:  IDENTITY
I200514 14:57:34.127437 13 storage/engine/rocksdb.go:120  MANIFEST file:  MANIFEST-000375 size: 868 Bytes
I200514 14:57:34.127443 13 storage/engine/rocksdb.go:120  SST files in /var/lib/cockroach dir, Total Num: 3, files: 000379.sst 000380.sst 000381.sst 
I200514 14:57:34.127447 13 storage/engine/rocksdb.go:120  Write Ahead Log file in /var/lib/cockroach: 000376.log size: 1154400 ; 
I200514 14:57:34.127451 13 storage/engine/rocksdb.go:120                          Options.error_if_exists: 0
I200514 14:57:34.127454 13 storage/engine/rocksdb.go:120                        Options.create_if_missing: 1
I200514 14:57:34.127456 13 storage/engine/rocksdb.go:120                          Options.paranoid_checks: 1
I200514 14:57:34.127459 13 storage/engine/rocksdb.go:120                                      Options.env: 0x75757a0
I200514 14:57:34.127462 13 storage/engine/rocksdb.go:120                                 Options.info_log: 0x7f14c0a27260
I200514 14:57:34.127464 13 storage/engine/rocksdb.go:120                 Options.max_file_opening_threads: 16
I200514 14:57:34.127467 13 storage/engine/rocksdb.go:120                               Options.statistics: 0x7f14c0a34080
I200514 14:57:34.127470 13 storage/engine/rocksdb.go:120                                Options.use_fsync: 0
I200514 14:57:34.127473 13 storage/engine/rocksdb.go:120                        Options.max_log_file_size: 0
I200514 14:57:34.127475 13 storage/engine/rocksdb.go:120                   Options.max_manifest_file_size: 134217728
I200514 14:57:34.127478 13 storage/engine/rocksdb.go:120                    Options.log_file_time_to_roll: 0
I200514 14:57:34.127480 13 storage/engine/rocksdb.go:120                        Options.keep_log_file_num: 1000
I200514 14:57:34.127483 13 storage/engine/rocksdb.go:120                     Options.recycle_log_file_num: 1
I200514 14:57:34.127486 13 storage/engine/rocksdb.go:120                          Options.allow_fallocate: 1
I200514 14:57:34.127489 13 storage/engine/rocksdb.go:120                         Options.allow_mmap_reads: 0
I200514 14:57:34.127491 13 storage/engine/rocksdb.go:120                        Options.allow_mmap_writes: 0
I200514 14:57:34.127494 13 storage/engine/rocksdb.go:120                         Options.use_direct_reads: 0
I200514 14:57:34.127502 13 storage/engine/rocksdb.go:120                         Options.use_direct_io_for_flush_and_compaction: 0
I200514 14:57:34.127505 13 storage/engine/rocksdb.go:120           Options.create_missing_column_families: 0
I200514 14:57:34.127508 13 storage/engine/rocksdb.go:120                               Options.db_log_dir: 
I200514 14:57:34.127510 13 storage/engine/rocksdb.go:120                                  Options.wal_dir: /var/lib/cockroach
I200514 14:57:34.127513 13 storage/engine/rocksdb.go:120                 Options.table_cache_numshardbits: 6
I200514 14:57:34.127516 13 storage/engine/rocksdb.go:120                       Options.max_subcompactions: 1
I200514 14:57:34.127518 13 storage/engine/rocksdb.go:120                   Options.max_background_flushes: -1
I200514 14:57:34.127521 13 storage/engine/rocksdb.go:120                          Options.WAL_ttl_seconds: 0
I200514 14:57:34.127523 13 storage/engine/rocksdb.go:120                        Options.WAL_size_limit_MB: 0
I200514 14:57:34.127526 13 storage/engine/rocksdb.go:120              Options.manifest_preallocation_size: 4194304
I200514 14:57:34.127528 13 storage/engine/rocksdb.go:120                      Options.is_fd_close_on_exec: 1
I200514 14:57:34.127531 13 storage/engine/rocksdb.go:120                    Options.advise_random_on_open: 1
I200514 14:57:34.127533 13 storage/engine/rocksdb.go:120                     Options.db_write_buffer_size: 0
I200514 14:57:34.127536 13 storage/engine/rocksdb.go:120                     Options.write_buffer_manager: 0x7f14c0a19090
I200514 14:57:34.127539 13 storage/engine/rocksdb.go:120          Options.access_hint_on_compaction_start: 1
I200514 14:57:34.127541 13 storage/engine/rocksdb.go:120   Options.new_table_reader_for_compaction_inputs: 0
I200514 14:57:34.127544 13 storage/engine/rocksdb.go:120            Options.random_access_max_buffer_size: 1048576
I200514 14:57:34.127547 13 storage/engine/rocksdb.go:120                       Options.use_adaptive_mutex: 0
I200514 14:57:34.127549 13 storage/engine/rocksdb.go:120                             Options.rate_limiter: (nil)
I200514 14:57:34.127552 13 storage/engine/rocksdb.go:120      Options.sst_file_manager.rate_bytes_per_sec: 0
I200514 14:57:34.127555 13 storage/engine/rocksdb.go:120                        Options.wal_recovery_mode: 0
I200514 14:57:34.127557 13 storage/engine/rocksdb.go:120                   Options.enable_thread_tracking: 0
I200514 14:57:34.127560 13 storage/engine/rocksdb.go:120                   Options.enable_pipelined_write: 0
I200514 14:57:34.127563 13 storage/engine/rocksdb.go:120          Options.allow_concurrent_memtable_write: 1
I200514 14:57:34.127565 13 storage/engine/rocksdb.go:120       Options.enable_write_thread_adaptive_yield: 1
I200514 14:57:34.127568 13 storage/engine/rocksdb.go:120              Options.write_thread_max_yield_usec: 100
I200514 14:57:34.127570 13 storage/engine/rocksdb.go:120             Options.write_thread_slow_yield_usec: 3
I200514 14:57:34.127573 13 storage/engine/rocksdb.go:120                                Options.row_cache: None
I200514 14:57:34.127575 13 storage/engine/rocksdb.go:120                               Options.wal_filter: None
I200514 14:57:34.127578 13 storage/engine/rocksdb.go:120              Options.avoid_flush_during_recovery: 0
I200514 14:57:34.127581 13 storage/engine/rocksdb.go:120              Options.allow_ingest_behind: 0
I200514 14:57:34.127583 13 storage/engine/rocksdb.go:120              Options.preserve_deletes: 0
I200514 14:57:34.127586 13 storage/engine/rocksdb.go:120              Options.two_write_queues: 0
I200514 14:57:34.127588 13 storage/engine/rocksdb.go:120              Options.manual_wal_flush: 1
I200514 14:57:34.127591 13 storage/engine/rocksdb.go:120              Options.atomic_flush: 0
I200514 14:57:34.127593 13 storage/engine/rocksdb.go:120              Options.avoid_unnecessary_blocking_io: 0
I200514 14:57:34.127596 13 storage/engine/rocksdb.go:120              Options.max_background_jobs: 2
I200514 14:57:34.127598 13 storage/engine/rocksdb.go:120              Options.max_background_compactions: -1
I200514 14:57:34.127601 13 storage/engine/rocksdb.go:120              Options.avoid_flush_during_shutdown: 0
I200514 14:57:34.127625 13 storage/engine/rocksdb.go:120            Options.writable_file_max_buffer_size: 1048576
I200514 14:57:34.127631 13 storage/engine/rocksdb.go:120              Options.delayed_write_rate : 16777216
I200514 14:57:34.127634 13 storage/engine/rocksdb.go:120              Options.max_total_wal_size: 0
I200514 14:57:34.127636 13 storage/engine/rocksdb.go:120              Options.delete_obsolete_files_period_micros: 21600000000
I200514 14:57:34.127639 13 storage/engine/rocksdb.go:120                    Options.stats_dump_period_sec: 0
I200514 14:57:34.127642 13 storage/engine/rocksdb.go:120                  Options.stats_persist_period_sec: 600
I200514 14:57:34.127645 13 storage/engine/rocksdb.go:120                  Options.stats_history_buffer_size: 1048576
I200514 14:57:34.127647 13 storage/engine/rocksdb.go:120                           Options.max_open_files: 1043576
I200514 14:57:34.127650 13 storage/engine/rocksdb.go:120                           Options.bytes_per_sync: 524288
I200514 14:57:34.127652 13 storage/engine/rocksdb.go:120                       Options.wal_bytes_per_sync: 0
I200514 14:57:34.127655 13 storage/engine/rocksdb.go:120                    Options.strict_bytes_per_sync: 1
I200514 14:57:34.127657 13 storage/engine/rocksdb.go:120        Options.compaction_readahead_size: 0
I200514 14:57:34.127660 13 storage/engine/rocksdb.go:120  Compression algorithms supported:
I200514 14:57:34.127663 13 storage/engine/rocksdb.go:120  	kZSTDNotFinalCompression supported: 0
I200514 14:57:34.127666 13 storage/engine/rocksdb.go:120  	kZSTD supported: 0
I200514 14:57:34.127668 13 storage/engine/rocksdb.go:120  	kXpressCompression supported: 0
I200514 14:57:34.127671 13 storage/engine/rocksdb.go:120  	kLZ4HCCompression supported: 0
I200514 14:57:34.127674 13 storage/engine/rocksdb.go:120  	kLZ4Compression supported: 0
I200514 14:57:34.127677 13 storage/engine/rocksdb.go:120  	kBZip2Compression supported: 0
I200514 14:57:34.127679 13 storage/engine/rocksdb.go:120  	kZlibCompression supported: 0
I200514 14:57:34.127682 13 storage/engine/rocksdb.go:120  	kSnappyCompression supported: 1
I200514 14:57:34.127688 13 storage/engine/rocksdb.go:120  Fast CRC32 supported: Supported on x86
I200514 14:57:34.130985 13 storage/engine/rocksdb.go:120  [db/version_set.cc:4072] Recovering from manifest file: /var/lib/cockroach/MANIFEST-000375
I200514 14:57:34.131537 13 storage/engine/rocksdb.go:120  [db/column_family.cc:488] --------------- Options for column family [default]:
I200514 14:57:34.131543 13 storage/engine/rocksdb.go:120                Options.comparator: cockroach_comparator
I200514 14:57:34.131546 13 storage/engine/rocksdb.go:120            Options.merge_operator: cockroach_merge_operator
I200514 14:57:34.131549 13 storage/engine/rocksdb.go:120         Options.compaction_filter: None
I200514 14:57:34.131551 13 storage/engine/rocksdb.go:120         Options.compaction_filter_factory: None
I200514 14:57:34.131555 13 storage/engine/rocksdb.go:120          Options.memtable_factory: SkipListFactory
I200514 14:57:34.131557 13 storage/engine/rocksdb.go:120             Options.table_factory: BlockBasedTable
I200514 14:57:34.131574 13 storage/engine/rocksdb.go:120             table_factory options:   flush_block_policy_factory: FlushBlockBySizePolicyFactory (0x7f14c0a28090)
  cache_index_and_filter_blocks: 0
  cache_index_and_filter_blocks_with_high_priority: 0
  pin_l0_filter_and_index_blocks_in_cache: 0
  pin_top_level_index_and_filter: 1
  index_type: 0
  data_block_index_type: 0
  index_shortening: 1
  data_block_hash_table_util_ratio: 0.750000
  hash_index_allow_collision: 1
  checksum: 1
  no_block_cache: 0
  block_cache: 0x7f14c0abc210
  block_cache_name: LRUCache
  block_cache_options:
    capacity : 67108864
    num_shard_bits : 4
    strict_capacity_limit : 0
    memory_allocator : None
    high_pri_pool_ratio: 0.000
  block_cache_compressed: (nil)
  persistent_cache: (nil)
  block_size: 32768
  block_size_deviation: 10
  block_restart_interval: 16
  index_block_restart_interval: 1
  metadata_block_size: 4096
  partition_filters: 0
  use_delta_encoding: 1
  filter_policy: rocksdb.BuiltinBloomFilter
  whole_key_filtering: 0
  verify_compression: 0
  read_amp_bytes_per_bit: 0
  format_version: 2
  enable_index_compression: 1
  block_align: 0
I200514 14:57:34.131579 13 storage/engine/rocksdb.go:120         Options.write_buffer_size: 67108864
I200514 14:57:34.131582 13 storage/engine/rocksdb.go:120   Options.max_write_buffer_number: 4
I200514 14:57:34.131585 13 storage/engine/rocksdb.go:120           Options.compression: Snappy
I200514 14:57:34.131588 13 storage/engine/rocksdb.go:120                   Options.bottommost_compression: Disabled
I200514 14:57:34.131591 13 storage/engine/rocksdb.go:120        Options.prefix_extractor: cockroach_prefix_extractor
I200514 14:57:34.131594 13 storage/engine/rocksdb.go:120    Options.memtable_insert_with_hint_prefix_extractor: nullptr
I200514 14:57:34.131596 13 storage/engine/rocksdb.go:120              Options.num_levels: 7
I200514 14:57:34.131599 13 storage/engine/rocksdb.go:120         Options.min_write_buffer_number_to_merge: 1
I200514 14:57:34.131626 13 storage/engine/rocksdb.go:120      Options.max_write_buffer_number_to_maintain: 0
I200514 14:57:34.131634 13 storage/engine/rocksdb.go:120             Options.bottommost_compression_opts.window_bits: -14
I200514 14:57:34.131637 13 storage/engine/rocksdb.go:120                   Options.bottommost_compression_opts.level: 32767
I200514 14:57:34.131640 13 storage/engine/rocksdb.go:120                Options.bottommost_compression_opts.strategy: 0
I200514 14:57:34.131643 13 storage/engine/rocksdb.go:120          Options.bottommost_compression_opts.max_dict_bytes: 0
I200514 14:57:34.131645 13 storage/engine/rocksdb.go:120          Options.bottommost_compression_opts.zstd_max_train_bytes: 0
I200514 14:57:34.131654 13 storage/engine/rocksdb.go:120                   Options.bottommost_compression_opts.enabled: false
I200514 14:57:34.131657 13 storage/engine/rocksdb.go:120             Options.compression_opts.window_bits: -14
I200514 14:57:34.131660 13 storage/engine/rocksdb.go:120                   Options.compression_opts.level: 32767
I200514 14:57:34.131662 13 storage/engine/rocksdb.go:120                Options.compression_opts.strategy: 0
I200514 14:57:34.131665 13 storage/engine/rocksdb.go:120          Options.compression_opts.max_dict_bytes: 0
I200514 14:57:34.131667 13 storage/engine/rocksdb.go:120          Options.compression_opts.zstd_max_train_bytes: 0
I200514 14:57:34.131670 13 storage/engine/rocksdb.go:120                   Options.compression_opts.enabled: false
I200514 14:57:34.131673 13 storage/engine/rocksdb.go:120       Options.level0_file_num_compaction_trigger: 2
I200514 14:57:34.131675 13 storage/engine/rocksdb.go:120           Options.level0_slowdown_writes_trigger: 950
I200514 14:57:34.131678 13 storage/engine/rocksdb.go:120               Options.level0_stop_writes_trigger: 1000
I200514 14:57:34.131680 13 storage/engine/rocksdb.go:120                    Options.target_file_size_base: 4194304
I200514 14:57:34.131683 13 storage/engine/rocksdb.go:120              Options.target_file_size_multiplier: 2
I200514 14:57:34.131686 13 storage/engine/rocksdb.go:120                 Options.max_bytes_for_level_base: 67108864
I200514 14:57:34.131688 13 storage/engine/rocksdb.go:120  Options.level_compaction_dynamic_level_bytes: 1
I200514 14:57:34.131692 13 storage/engine/rocksdb.go:120           Options.max_bytes_for_level_multiplier: 10.000000
I200514 14:57:34.131695 13 storage/engine/rocksdb.go:120  Options.max_bytes_for_level_multiplier_addtl[0]: 1
I200514 14:57:34.131697 13 storage/engine/rocksdb.go:120  Options.max_bytes_for_level_multiplier_addtl[1]: 1
I200514 14:57:34.131700 13 storage/engine/rocksdb.go:120  Options.max_bytes_for_level_multiplier_addtl[2]: 1
I200514 14:57:34.131703 13 storage/engine/rocksdb.go:120  Options.max_bytes_for_level_multiplier_addtl[3]: 1
I200514 14:57:34.131705 13 storage/engine/rocksdb.go:120  Options.max_bytes_for_level_multiplier_addtl[4]: 1
I200514 14:57:34.131708 13 storage/engine/rocksdb.go:120  Options.max_bytes_for_level_multiplier_addtl[5]: 1
I200514 14:57:34.131710 13 storage/engine/rocksdb.go:120  Options.max_bytes_for_level_multiplier_addtl[6]: 1
I200514 14:57:34.131713 13 storage/engine/rocksdb.go:120        Options.max_sequential_skip_in_iterations: 8
I200514 14:57:34.131716 13 storage/engine/rocksdb.go:120                     Options.max_compaction_bytes: 104857600
I200514 14:57:34.131719 13 storage/engine/rocksdb.go:120                         Options.arena_block_size: 8388608
I200514 14:57:34.131722 13 storage/engine/rocksdb.go:120    Options.soft_pending_compaction_bytes_limit: 2199023255552
I200514 14:57:34.131724 13 storage/engine/rocksdb.go:120    Options.hard_pending_compaction_bytes_limit: 4400193994752
I200514 14:57:34.131727 13 storage/engine/rocksdb.go:120        Options.rate_limit_delay_max_milliseconds: 100
I200514 14:57:34.131729 13 storage/engine/rocksdb.go:120                 Options.disable_auto_compactions: 0
I200514 14:57:34.131733 13 storage/engine/rocksdb.go:120                         Options.compaction_style: kCompactionStyleLevel
I200514 14:57:34.131736 13 storage/engine/rocksdb.go:120                           Options.compaction_pri: kMinOverlappingRatio
I200514 14:57:34.131739 13 storage/engine/rocksdb.go:120  Options.compaction_options_universal.size_ratio: 1
I200514 14:57:34.131741 13 storage/engine/rocksdb.go:120  Options.compaction_options_universal.min_merge_width: 2
I200514 14:57:34.131744 13 storage/engine/rocksdb.go:120  Options.compaction_options_universal.max_merge_width: 4294967295
I200514 14:57:34.131746 13 storage/engine/rocksdb.go:120  Options.compaction_options_universal.max_size_amplification_percent: 200
I200514 14:57:34.131749 13 storage/engine/rocksdb.go:120  Options.compaction_options_universal.compression_size_percent: -1
I200514 14:57:34.131752 13 storage/engine/rocksdb.go:120  Options.compaction_options_universal.stop_style: kCompactionStopStyleTotalSize
I200514 14:57:34.131754 13 storage/engine/rocksdb.go:120  Options.compaction_options_fifo.max_table_files_size: 1073741824
I200514 14:57:34.131757 13 storage/engine/rocksdb.go:120  Options.compaction_options_fifo.allow_compaction: 0
I200514 14:57:34.131761 13 storage/engine/rocksdb.go:120                    Options.table_properties_collectors: TimeBoundTblPropCollectorFactory; DeleteRangeTblPropCollectorFactory; 
I200514 14:57:34.131764 13 storage/engine/rocksdb.go:120                    Options.inplace_update_support: 0
I200514 14:57:34.131767 13 storage/engine/rocksdb.go:120                  Options.inplace_update_num_locks: 10000
I200514 14:57:34.131770 13 storage/engine/rocksdb.go:120                Options.memtable_prefix_bloom_size_ratio: 0.000000
I200514 14:57:34.131772 13 storage/engine/rocksdb.go:120                Options.memtable_whole_key_filtering: 0
I200514 14:57:34.131775 13 storage/engine/rocksdb.go:120    Options.memtable_huge_page_size: 0
I200514 14:57:34.131777 13 storage/engine/rocksdb.go:120                            Options.bloom_locality: 0
I200514 14:57:34.131781 13 storage/engine/rocksdb.go:120                     Options.max_successive_merges: 0
I200514 14:57:34.131784 13 storage/engine/rocksdb.go:120                 Options.optimize_filters_for_hits: 1
I200514 14:57:34.131786 13 storage/engine/rocksdb.go:120                 Options.paranoid_file_checks: 0
I200514 14:57:34.131789 13 storage/engine/rocksdb.go:120                 Options.force_consistency_checks: 0
I200514 14:57:34.131791 13 storage/engine/rocksdb.go:120                 Options.report_bg_io_stats: 0
I200514 14:57:34.131794 13 storage/engine/rocksdb.go:120                                Options.ttl: 0
I200514 14:57:34.131797 13 storage/engine/rocksdb.go:120           Options.periodic_compaction_seconds: 0
I200514 14:57:34.145243 13 storage/engine/rocksdb.go:120  [db/version_set.cc:4286] Recovered from manifest file:/var/lib/cockroach/MANIFEST-000375 succeeded,manifest_file_number is 375, next_file_number is 383, last_sequence is 8213837, log_number is 374,prev_log_number is 0,max_column_family is 0,min_log_number_to_keep is 0
I200514 14:57:34.145252 13 storage/engine/rocksdb.go:120  [db/version_set.cc:4295] Column family [default] (ID 0), log number is 374
I200514 14:57:34.153784 13 storage/engine/rocksdb.go:120  EVENT_LOG_v1 {"time_micros": 1589468254153760, "job": 1, "event": "recovery_started", "log_files": [376]}
I200514 14:57:34.153794 13 storage/engine/rocksdb.go:120  [db/db_impl_open.cc:598] Recovering log #376 mode 0
I200514 14:57:34.182361 13 storage/engine/rocksdb.go:120  EVENT_LOG_v1 {"time_micros": 1589468254182321, "cf_name": "default", "job": 1, "event": "table_file_creation", "file_number": 383, "file_size": 76522, "table_properties": {"data_size": 73669, "index_size": 355, "index_partitions": 0, "top_level_index_size": 0, "index_key_is_user_key": 0, "index_value_is_delta_encoded": 0, "filter_size": 1605, "raw_key_size": 52559, "raw_average_key_size": 40, "raw_value_size": 233830, "raw_average_value_size": 181, "num_data_blocks": 8, "num_entries": 1287, "num_deletions": 176, "num_merge_operands": 664, "num_range_deletions": 664, "format_version": 0, "fixed_key_len": 0, "filter_policy": "rocksdb.BuiltinBloomFilter", "column_family_name": "default", "column_family_id": 0, "comparator": "cockroach_comparator", "merge_operator": "cockroach_merge_operator", "prefix_extractor_name": "cockroach_prefix_extractor", "property_collectors": "[TimeBoundTblPropCollectorFactory,DeleteRangeTblPropCollectorFactory]", "compression": "Snappy", "compression_options": "window_bits=-14; level=32767; strategy=0; max_dict_bytes=0; zstd_max_train_bytes=0; enabled=0; ", "creation_time": 1589468254, "oldest_key_time": 3, "file_creation_time": 0}}
I200514 14:57:34.182570 13 storage/engine/rocksdb.go:120  [db/version_set.cc:3560] Creating manifest 384
I200514 14:57:34.191894 13 storage/engine/rocksdb.go:120  EVENT_LOG_v1 {"time_micros": 1589468254191871, "job": 1, "event": "recovery_finished"}
I200514 14:57:34.217755 13 storage/engine/rocksdb.go:120  DB pointer 0x7f14c0b34000
I200514 15:00:52.823663 3042 storage/engine/rocksdb.go:120  bloom filter utility:    -nan%
I200514 15:00:52.823950 3042 storage/engine/rocksdb.go:120  [db/db_impl.cc:392] Shutdown: canceling all background work
I200514 15:00:52.826284 3042 storage/engine/rocksdb.go:120  [db/db_impl.cc:565] Shutdown complete
I200514 15:00:52.838960 3042 storage/engine/rocksdb.go:120  bloom filter utility:    82.0%
I200514 15:00:52.839335 3042 storage/engine/rocksdb.go:120  [db/db_impl.cc:392] Shutdown: canceling all background work
I200514 15:00:52.850534 3042 storage/engine/rocksdb.go:120  [db/db_impl.cc:565] Shutdown complete
