I200521 20:34:19.160839 1 util/log/clog.go:1196  [config] file created at: 2020/05/21 20:34:19
I200521 20:34:19.160839 1 util/log/clog.go:1196  [config] running on machine: 24493028985c
I200521 20:34:19.160839 1 util/log/clog.go:1196  [config] binary: CockroachDB CCL v19.2.5 (x86_64-unknown-linux-gnu, built 2020/03/16 18:27:12, go1.12.12)
I200521 20:34:19.160839 1 util/log/clog.go:1196  [config] arguments: [/cockroach/cockroach start --insecure --store=attrs=ssd,path=/var/lib/cockroach/]
I200521 20:34:19.160839 1 util/log/clog.go:1196  line format: [IWEF]yymmdd hh:mm:ss.uuuuuu goid file:line msg utf8=✓
I200521 20:34:19.160838 1 cli/start.go:1144  logging to directory /var/lib/cockroach/logs
W200521 20:34:19.181949 1 cli/start.go:1182  RUNNING IN INSECURE MODE!

- Your cluster is open for any client that can access <all your IP addresses>.
- Any user, even root, can log in without providing a password.
- Any user, connecting as root, can read or write any data in your cluster.
- There is no network encryption nor authentication, and thus no confidentiality.

Check out how to secure your cluster: https://www.cockroachlabs.com/docs/v19.2/secure-a-cluster.html
I200521 20:34:19.182231 1 server/status/recorder.go:597  available memory from cgroups (8.0 EiB) is unsupported, using system memory 1.9 GiB instead: 
W200521 20:34:19.182284 1 cli/start.go:1052  Using the default setting for --cache (128 MiB).
  A significantly larger value is usually needed for good performance.
  If you have a dedicated server a reasonable setting is --cache=.25 (497 MiB).
I200521 20:34:19.182536 1 server/status/recorder.go:597  available memory from cgroups (8.0 EiB) is unsupported, using system memory 1.9 GiB instead: 
W200521 20:34:19.182570 1 cli/start.go:1065  Using the default setting for --max-sql-memory (128 MiB).
  A significantly larger value is usually needed in production.
  If you have a dedicated server a reasonable setting is --max-sql-memory=.25 (497 MiB).
I200521 20:34:19.183002 1 server/status/recorder.go:597  available memory from cgroups (8.0 EiB) is unsupported, using system memory 1.9 GiB instead: 
I200521 20:34:19.183013 1 cli/start.go:1196  CockroachDB CCL v19.2.5 (x86_64-unknown-linux-gnu, built 2020/03/16 18:27:12, go1.12.12)
W200521 20:34:20.551415 1 cli/start.go:511  running 'cockroach start' without --join is deprecated.
Consider using 'cockroach start-single-node' or 'cockroach init' instead.
I200521 20:34:20.574302 1 server/status/recorder.go:597  available memory from cgroups (8.0 EiB) is unsupported, using system memory 1.9 GiB instead: 
I200521 20:34:20.574320 1 server/config.go:394  system total memory: 1.9 GiB
I200521 20:34:20.574370 1 server/config.go:396  server configuration:
max offset             500000000
cache size             128 MiB
SQL memory pool size   128 MiB
scan interval          10m0s
scan min idle time     10ms
scan max idle time     1s
event log enabled      true
I200521 20:34:20.574382 1 cli/start.go:1030  using local environment variables: COCKROACH_CHANNEL=official-docker
I200521 20:34:20.574392 1 cli/start.go:1037  process identity: uid 0 euid 0 gid 0 egid 0
I200521 20:34:20.574433 1 cli/start.go:644  starting cockroach node
I200521 20:34:20.577276 10 storage/engine/rocksdb.go:622  opening rocksdb instance at "/var/lib/cockroach/cockroach-temp305176846"
I200521 20:34:20.930999 10 server/server.go:928  [n?] monitoring forward clock jumps based on server.clock.forward_jump_check_enabled
I200521 20:34:20.931843 10 storage/engine/rocksdb.go:622  opening rocksdb instance at "/var/lib/cockroach"
I200521 20:34:21.522510 10 server/config.go:502  [n?] 1 storage engine initialized
I200521 20:34:21.522517 10 server/config.go:505  [n?] RocksDB cache size: 128 MiB
I200521 20:34:21.522522 10 server/config.go:505  [n?] store 0: RocksDB, max size 0 B, max open file limit 1043576
W200521 20:34:21.542033 10 cli/start.go:996  neither --listen-addr nor --advertise-addr was specified.
The server will advertise "24493028985c" to other nodes, is this routable?

Consider using:
- for local-only servers:  --listen-addr=localhost
- for multi-node clusters: --advertise-addr=<host/IP addr>
I200521 20:34:21.542913 10 gossip/gossip.go:394  [n1] NodeDescriptor set to node_id:1 address:<network_field:"tcp" address_field:"24493028985c:26257" > attrs:<> locality:<> ServerVersion:<major_val:19 minor_val:2 patch:0 unstable:0 > build_tag:"v19.2.5" started_at:1590093261542800443 cluster_name:"" sql_address:<network_field:"tcp" address_field:"24493028985c:26257" > 
W200521 20:34:21.591757 104 storage/replica_range_lease.go:554  can't determine lease status due to node liveness error: node not in the liveness table
github.com/cockroachdb/cockroach/pkg/storage.init.ializers
	/go/src/github.com/cockroachdb/cockroach/pkg/storage/node_liveness.go:44
runtime.main
	/usr/local/go/src/runtime/proc.go:188
runtime.goexit
	/usr/local/go/src/runtime/asm_amd64.s:1337
W200521 20:34:21.591778 104 storage/store.go:1530  [n1,s1,r6/1:/Table/{SystemCon…-11}] could not gossip system config: [NotLeaseHolderError] r6: replica (n1,s1):1 not lease holder; lease holder unknown
I200521 20:34:21.975045 10 server/node.go:431  [n1] initialized store [n1,s1]: disk (capacity=894 GiB, available=562 GiB, used=44 MiB, logicalBytes=228 MiB), ranges=44, leases=3, queries=0.00, writes=0.00, bytesPerReplica={p10=0.00 p25=0.00 p50=3824.00 p75=71560.00 p90=24767560.00 pMax=45753740.00}, writesPerReplica={p10=0.00 p25=0.00 p50=0.00 p75=0.00 p90=0.00 pMax=0.00}
I200521 20:34:21.975166 10 storage/stores.go:240  [n1] read 0 node addresses from persistent storage
I200521 20:34:21.975241 10 server/node.go:645  [n1] connecting to gossip network to verify cluster ID...
I200521 20:34:21.975254 10 server/node.go:665  [n1] node connected via gossip and verified as part of cluster "3d423bb5-5d67-4ebf-947b-999bec430444"
I200521 20:34:21.975288 10 server/node.go:512  [n1] node=1: started with [ssd=/var/lib/cockroach] engine(s) and attributes []
I200521 20:34:21.980596 89 storage/queue.go:577  [n1,s1,r24/1:/Table/{28-53}] rate limited in MaybeAdd (merge): throttled on async limiting semaphore
I200521 20:34:21.982602 10 server/server.go:1514  [n1] starting http server at [::]:8080 (use: 24493028985c:8080)
I200521 20:34:21.982613 10 server/server.go:1521  [n1] starting grpc/postgres server at [::]:26257
I200521 20:34:21.982621 10 server/server.go:1522  [n1] advertising CockroachDB node at 24493028985c:26257
I200521 20:34:22.016784 10 server/server.go:1590  [n1] done ensuring all necessary migrations have run
I200521 20:34:22.016804 10 server/server.go:1841  [n1] serving sql connections
I200521 20:34:22.016871 10 cli/start.go:803  [config] clusterID: 3d423bb5-5d67-4ebf-947b-999bec430444
I200521 20:34:22.016886 10 cli/start.go:812  node startup completed:
CockroachDB node starting at 2020-05-21 20:34:22.016815845 +0000 UTC (took 2.9s)
build:               CCL v19.2.5 @ 2020/03/16 18:27:12 (go1.12.12)
webui:               http://24493028985c:8080
sql:                 postgresql://root@24493028985c:26257?sslmode=disable
RPC client flags:    /cockroach/cockroach <client cmd> --host=24493028985c:26257 --insecure
logs:                /var/lib/cockroach/logs
temp dir:            /var/lib/cockroach/cockroach-temp305176846
external I/O path:   /var/lib/cockroach/extern
store[0]:            path=/var/lib/cockroach,attrs=ssd
status:              restarted pre-existing node
clusterID:           3d423bb5-5d67-4ebf-947b-999bec430444
nodeID:              1
I200521 20:34:22.055178 294 server/server_update.go:53  [n1] no need to upgrade, cluster already at the newest version
I200521 20:34:22.069263 296 sql/event_log.go:130  [n1] Event: "node_restart", target: 1, info: {Descriptor:{NodeID:1 Address:24493028985c:26257 Attrs: Locality: ServerVersion:19.2 BuildTag:v19.2.5 StartedAt:1590093261542800443 LocalityAddress:[] ClusterName: SQLAddress:24493028985c:26257} ClusterID:3d423bb5-5d67-4ebf-947b-999bec430444 StartedAt:1590093261542800443 LastUp:1590093257781110826}
I200521 20:34:24.016665 74 gossip/gossip.go:1531  [n1] node has connected to cluster via gossip
I200521 20:34:24.016747 74 storage/stores.go:259  [n1] wrote 0 node addresses to persistent storage
I200521 20:34:24.198134 298 server/updates.go:267  [n1] A new version is available: 20.1.0, details: https://www.cockroachlabs.com/docs/releases/v20.1.0.html
I200521 20:34:32.008111 223 server/status/runtime.go:498  [n1] runtime stats: 156 MiB RSS, 117 goroutines, 104 MiB/20 MiB/135 MiB GO alloc/idle/total, 16 MiB/19 MiB CGO alloc/total, 0.0 CGO/sec, 0.0/0.0 %(u/s)time, 0.0 %gc (10x), 35 KiB/43 KiB (r/w)net
I200521 20:34:42.008855 223 server/status/runtime.go:498  [n1] runtime stats: 166 MiB RSS, 117 goroutines, 113 MiB/11 MiB/135 MiB GO alloc/idle/total, 16 MiB/19 MiB CGO alloc/total, 58.4 CGO/sec, 0.6/0.2 %(u/s)time, 0.0 %gc (0x), 0 B/0 B (r/w)net
I200521 20:34:42.008966 128 storage/store.go:2364  [n1,s1] sstables (read amplification = 2):
0 [ 304K 1 ]: 304K
6 [  25M 7 ]: 4M[6] 1M
I200521 20:34:42.009039 128 storage/store.go:2365  [n1,s1] 
** Compaction Stats [default] **
Level    Files   Size     Score Read(GB)  Rn(GB) Rnp1(GB) Write(GB) Wnew(GB) Moved(GB) W-Amp Rd(MB/s) Wr(MB/s) Comp(sec) CompMergeCPU(sec) Comp(cnt) Avg(sec) KeyIn KeyDrop
----------------------------------------------------------------------------------------------------------------------------------------------------------------------------
  L0      1/0   303.78 KB   0.5      0.0     0.0      0.0       0.0      0.0       0.0   1.0      0.0      1.4      0.22              0.00         1    0.217       0      0
  L6      7/0   25.42 MB   0.0      0.0     0.0      0.0       0.0      0.0       0.0   0.0      0.0      0.0      0.00              0.00         0    0.000       0      0
 Sum      8/0   25.72 MB   0.0      0.0     0.0      0.0       0.0      0.0       0.0   1.0      0.0      1.4      0.22              0.00         1    0.217       0      0
 Int      0/0    0.00 KB   0.0      0.0     0.0      0.0       0.0      0.0       0.0   1.0      0.0      1.4      0.22              0.00         1    0.217       0      0

** Compaction Stats [default] **
Priority    Files   Size     Score Read(GB)  Rn(GB) Rnp1(GB) Write(GB) Wnew(GB) Moved(GB) W-Amp Rd(MB/s) Wr(MB/s) Comp(sec) CompMergeCPU(sec) Comp(cnt) Avg(sec) KeyIn KeyDrop
-------------------------------------------------------------------------------------------------------------------------------------------------------------------------------
User      0/0    0.00 KB   0.0      0.0     0.0      0.0       0.0      0.0       0.0   0.0      0.0      1.4      0.22              0.00         1    0.217       0      0
Uptime(secs): 21.1 total, 21.1 interval
Flush(GB): cumulative 0.000, interval 0.000
AddFile(GB): cumulative 0.000, interval 0.000
AddFile(Total Files): cumulative 0, interval 0
AddFile(L0 Files): cumulative 0, interval 0
AddFile(Keys): cumulative 0, interval 0
Cumulative compaction: 0.00 GB write, 0.01 MB/s write, 0.00 GB read, 0.00 MB/s read, 0.2 seconds
Interval compaction: 0.00 GB write, 0.01 MB/s write, 0.00 GB read, 0.00 MB/s read, 0.2 seconds
Stalls(count): 0 level0_slowdown, 0 level0_slowdown_with_compaction, 0 level0_numfiles, 0 level0_numfiles_with_compaction, 0 stop for pending_compaction_bytes, 0 slowdown for pending_compaction_bytes, 0 memtable_compaction, 0 memtable_slowdown, interval 0 total count
estimated_pending_compaction_bytes: 0 B
I200521 20:34:52.008304 223 server/status/runtime.go:498  [n1] runtime stats: 175 MiB RSS, 117 goroutines, 79 MiB/40 MiB/135 MiB GO alloc/idle/total, 16 MiB/20 MiB CGO alloc/total, 65.6 CGO/sec, 0.7/0.2 %(u/s)time, 0.0 %gc (1x), 140 B/0 B (r/w)net
I200521 20:35:02.008378 223 server/status/runtime.go:498  [n1] runtime stats: 176 MiB RSS, 118 goroutines, 86 MiB/34 MiB/135 MiB GO alloc/idle/total, 17 MiB/20 MiB CGO alloc/total, 51.8 CGO/sec, 0.4/0.3 %(u/s)time, 0.0 %gc (0x), 0 B/0 B (r/w)net
I200521 20:35:12.008795 223 server/status/runtime.go:498  [n1] runtime stats: 176 MiB RSS, 118 goroutines, 93 MiB/28 MiB/135 MiB GO alloc/idle/total, 17 MiB/20 MiB CGO alloc/total, 36.5 CGO/sec, 0.5/0.1 %(u/s)time, 0.0 %gc (0x), 0 B/0 B (r/w)net
I200521 20:35:21.975719 129 gossip/gossip.go:566  [n1] gossip status (ok, 1 node)
gossip client (0/3 cur/max conns)
gossip server (0/3 cur/max conns, infos 0/0 sent/received, bytes 0B/0B sent/received)
gossip connectivity
  n1 [sentinel];
I200521 20:35:22.008744 223 server/status/runtime.go:498  [n1] runtime stats: 176 MiB RSS, 118 goroutines, 100 MiB/22 MiB/135 MiB GO alloc/idle/total, 17 MiB/20 MiB CGO alloc/total, 25.5 CGO/sec, 0.5/0.2 %(u/s)time, 0.0 %gc (0x), 140 B/0 B (r/w)net
I200521 20:35:32.008838 223 server/status/runtime.go:498  [n1] runtime stats: 177 MiB RSS, 117 goroutines, 110 MiB/14 MiB/135 MiB GO alloc/idle/total, 16 MiB/20 MiB CGO alloc/total, 99.7 CGO/sec, 0.6/0.1 %(u/s)time, 0.0 %gc (0x), 150 B/150 B (r/w)net
I200521 20:35:42.008962 223 server/status/runtime.go:498  [n1] runtime stats: 179 MiB RSS, 117 goroutines, 116 MiB/7.2 MiB/135 MiB GO alloc/idle/total, 16 MiB/20 MiB CGO alloc/total, 26.3 CGO/sec, 0.3/0.1 %(u/s)time, 0.0 %gc (0x), 0 B/0 B (r/w)net
I200521 20:35:52.009112 223 server/status/runtime.go:498  [n1] runtime stats: 182 MiB RSS, 117 goroutines, 125 MiB/63 MiB/202 MiB GO alloc/idle/total, 16 MiB/20 MiB CGO alloc/total, 28.5 CGO/sec, 0.4/0.2 %(u/s)time, 0.0 %gc (0x), 0 B/0 B (r/w)net
I200521 20:36:02.009583 223 server/status/runtime.go:498  [n1] runtime stats: 191 MiB RSS, 118 goroutines, 134 MiB/54 MiB/202 MiB GO alloc/idle/total, 16 MiB/20 MiB CGO alloc/total, 33.2 CGO/sec, 0.4/0.2 %(u/s)time, 0.0 %gc (0x), 0 B/0 B (r/w)net
I200521 20:36:12.009220 223 server/status/runtime.go:498  [n1] runtime stats: 196 MiB RSS, 118 goroutines, 84 MiB/99 MiB/202 MiB GO alloc/idle/total, 16 MiB/20 MiB CGO alloc/total, 26.1 CGO/sec, 0.4/0.1 %(u/s)time, 0.0 %gc (1x), 70 B/0 B (r/w)net
I200521 20:36:21.975661 129 gossip/gossip.go:566  [n1] gossip status (ok, 1 node)
gossip client (0/3 cur/max conns)
gossip server (0/3 cur/max conns, infos 0/0 sent/received, bytes 0B/0B sent/received)
I200521 20:36:22.009327 223 server/status/runtime.go:498  [n1] runtime stats: 196 MiB RSS, 118 goroutines, 91 MiB/93 MiB/202 MiB GO alloc/idle/total, 16 MiB/20 MiB CGO alloc/total, 25.6 CGO/sec, 0.3/0.2 %(u/s)time, 0.0 %gc (0x), 70 B/0 B (r/w)net
I200521 20:36:32.009510 223 server/status/runtime.go:498  [n1] runtime stats: 197 MiB RSS, 117 goroutines, 98 MiB/87 MiB/202 MiB GO alloc/idle/total, 16 MiB/20 MiB CGO alloc/total, 56.3 CGO/sec, 0.4/0.2 %(u/s)time, 0.0 %gc (0x), 150 B/150 B (r/w)net
I200521 20:36:42.009579 223 server/status/runtime.go:498  [n1] runtime stats: 211 MiB RSS, 118 goroutines, 143 MiB/44 MiB/202 MiB GO alloc/idle/total, 16 MiB/20 MiB CGO alloc/total, 35.4 CGO/sec, 0.9/0.2 %(u/s)time, 0.0 %gc (0x), 20 KiB/5.9 MiB (r/w)net
W200521 20:36:42.421576 2292 vendor/google.golang.org/grpc/server.go:703  grpc: Server.Serve failed to create ServerTransport: connection error: desc = "transport: http2Server.HandleStreams received bogus greeting from client: \"GET / HTTP/1.1\\r\\nHost: 68\""
I200521 20:36:52.010187 223 server/status/runtime.go:498  [n1] runtime stats: 214 MiB RSS, 118 goroutines, 81 MiB/101 MiB/202 MiB GO alloc/idle/total, 16 MiB/21 MiB CGO alloc/total, 31.9 CGO/sec, 0.5/0.1 %(u/s)time, 0.0 %gc (1x), 721 B/306 B (r/w)net
I200521 20:37:02.010198 223 server/status/runtime.go:498  [n1] runtime stats: 214 MiB RSS, 119 goroutines, 89 MiB/96 MiB/202 MiB GO alloc/idle/total, 17 MiB/21 MiB CGO alloc/total, 42.1 CGO/sec, 0.4/0.2 %(u/s)time, 0.0 %gc (0x), 0 B/0 B (r/w)net
I200521 20:37:12.010191 223 server/status/runtime.go:498  [n1] runtime stats: 214 MiB RSS, 119 goroutines, 95 MiB/90 MiB/202 MiB GO alloc/idle/total, 17 MiB/21 MiB CGO alloc/total, 21.6 CGO/sec, 0.3/0.1 %(u/s)time, 0.0 %gc (0x), 0 B/0 B (r/w)net
I200521 20:37:21.975651 129 gossip/gossip.go:566  [n1] gossip status (ok, 1 node)
gossip client (0/3 cur/max conns)
gossip server (0/3 cur/max conns, infos 0/0 sent/received, bytes 0B/0B sent/received)
I200521 20:37:22.010437 223 server/status/runtime.go:498  [n1] runtime stats: 215 MiB RSS, 119 goroutines, 102 MiB/84 MiB/202 MiB GO alloc/idle/total, 16 MiB/21 MiB CGO alloc/total, 27.7 CGO/sec, 0.4/0.2 %(u/s)time, 0.0 %gc (0x), 0 B/0 B (r/w)net
I200521 20:37:32.010672 223 server/status/runtime.go:498  [n1] runtime stats: 215 MiB RSS, 118 goroutines, 110 MiB/77 MiB/202 MiB GO alloc/idle/total, 16 MiB/21 MiB CGO alloc/total, 58.4 CGO/sec, 0.5/0.1 %(u/s)time, 0.0 %gc (0x), 150 B/150 B (r/w)net
I200521 20:37:42.010597 223 server/status/runtime.go:498  [n1] runtime stats: 215 MiB RSS, 118 goroutines, 117 MiB/70 MiB/202 MiB GO alloc/idle/total, 16 MiB/21 MiB CGO alloc/total, 27.0 CGO/sec, 0.4/0.1 %(u/s)time, 0.0 %gc (0x), 0 B/0 B (r/w)net
I200521 20:37:52.010693 223 server/status/runtime.go:498  [n1] runtime stats: 216 MiB RSS, 118 goroutines, 123 MiB/64 MiB/202 MiB GO alloc/idle/total, 16 MiB/21 MiB CGO alloc/total, 25.0 CGO/sec, 0.3/0.1 %(u/s)time, 0.0 %gc (0x), 0 B/0 B (r/w)net
I200521 20:38:02.010845 223 server/status/runtime.go:498  [n1] runtime stats: 216 MiB RSS, 119 goroutines, 130 MiB/58 MiB/202 MiB GO alloc/idle/total, 16 MiB/21 MiB CGO alloc/total, 203.8 CGO/sec, 0.3/0.2 %(u/s)time, 0.0 %gc (0x), 70 B/0 B (r/w)net
I200521 20:38:12.010986 223 server/status/runtime.go:498  [n1] runtime stats: 216 MiB RSS, 119 goroutines, 137 MiB/51 MiB/202 MiB GO alloc/idle/total, 16 MiB/21 MiB CGO alloc/total, 28.0 CGO/sec, 0.3/0.1 %(u/s)time, 0.0 %gc (0x), 0 B/0 B (r/w)net
I200521 20:38:21.975574 129 gossip/gossip.go:566  [n1] gossip status (ok, 1 node)
gossip client (0/3 cur/max conns)
gossip server (0/3 cur/max conns, infos 0/0 sent/received, bytes 0B/0B sent/received)
I200521 20:38:22.011059 223 server/status/runtime.go:498  [n1] runtime stats: 216 MiB RSS, 119 goroutines, 144 MiB/44 MiB/202 MiB GO alloc/idle/total, 16 MiB/21 MiB CGO alloc/total, 30.0 CGO/sec, 0.3/0.1 %(u/s)time, 0.0 %gc (0x), 0 B/0 B (r/w)net
I200521 20:38:32.011334 223 server/status/runtime.go:498  [n1] runtime stats: 218 MiB RSS, 118 goroutines, 78 MiB/104 MiB/202 MiB GO alloc/idle/total, 16 MiB/21 MiB CGO alloc/total, 59.3 CGO/sec, 0.6/0.2 %(u/s)time, 0.0 %gc (1x), 136 B/66 B (r/w)net
I200521 20:38:42.011372 223 server/status/runtime.go:498  [n1] runtime stats: 218 MiB RSS, 118 goroutines, 86 MiB/98 MiB/202 MiB GO alloc/idle/total, 16 MiB/21 MiB CGO alloc/total, 26.0 CGO/sec, 0.3/0.2 %(u/s)time, 0.0 %gc (0x), 84 B/84 B (r/w)net
I200521 20:38:50.633458 1 cli/start.go:865  received signal 'terminated'
I200521 20:38:50.633709 1 cli/start.go:930  initiating graceful shutdown of server
I200521 20:38:50.652038 3740 util/stop/stopper.go:542  [server drain process] quiescing; tasks left:
1      [async] intent_resolver_ir_batcher
1      [async] intent_resolver_gc_batcher
1      [async] closedts-rangefeed-subscriber
W200521 20:38:50.652255 64 vendor/google.golang.org/grpc/clientconn.go:1206  grpc: addrConn.createTransport failed to connect to {24493028985c:26257 0  <nil>}. Err :connection error: desc = "transport: failed to write client preface: io: read/write on closed pipe". Reconnecting...
I200521 20:38:50.653232 3740 storage/engine/rocksdb.go:762  closing rocksdb instance at "/var/lib/cockroach/cockroach-temp305176846"
I200521 20:38:50.666171 3740 storage/engine/rocksdb.go:762  closing rocksdb instance at "/var/lib/cockroach"
I200521 20:38:50.677217 1 cli/start.go:976  server drained and shutdown completed
