I200512 18:56:30.036004 11 util/log/clog.go:1196  [config] file created at: 2020/05/12 18:56:30
I200512 18:56:30.036004 11 util/log/clog.go:1196  [config] running on machine: 994f000fb3fe
I200512 18:56:30.036004 11 util/log/clog.go:1196  [config] binary: CockroachDB CCL v19.2.5 (x86_64-unknown-linux-gnu, built 2020/03/16 18:27:12, go1.12.12)
I200512 18:56:30.036004 11 util/log/clog.go:1196  [config] arguments: [/cockroach/cockroach start --insecure --store=attrs=ssd,path=/var/lib/cockroach/]
I200512 18:56:30.036004 11 util/log/clog.go:1196  line format: [IWEF]yymmdd hh:mm:ss.uuuuuu goid file:line msg utf8=✓
I200512 18:56:30.036003 11 storage/engine/rocksdb.go:120  RocksDB version: 6.2.1
I200512 18:56:30.044304 11 storage/engine/rocksdb.go:120  Git sha rocksdb_build_git_sha:@b7009236531fa784872f4823eabf393501e41bf2@
I200512 18:56:30.090284 11 storage/engine/rocksdb.go:120  Compile date Mar 16 2020
I200512 18:56:30.090288 11 storage/engine/rocksdb.go:120  DB SUMMARY
I200512 18:56:30.091362 11 storage/engine/rocksdb.go:120  SST files in /var/lib/cockroach/cockroach-temp460301030 dir, Total Num: 0, files: 
I200512 18:56:30.091367 11 storage/engine/rocksdb.go:120  Write Ahead Log file in /var/lib/cockroach/cockroach-temp460301030: 
I200512 18:56:30.091371 11 storage/engine/rocksdb.go:120                          Options.error_if_exists: 0
I200512 18:56:30.091373 11 storage/engine/rocksdb.go:120                        Options.create_if_missing: 1
I200512 18:56:30.091376 11 storage/engine/rocksdb.go:120                          Options.paranoid_checks: 1
I200512 18:56:30.091379 11 storage/engine/rocksdb.go:120                                      Options.env: 0x75757a0
I200512 18:56:30.091381 11 storage/engine/rocksdb.go:120                                 Options.info_log: 0x7f4eb8c270e0
I200512 18:56:30.091384 11 storage/engine/rocksdb.go:120                 Options.max_file_opening_threads: 16
I200512 18:56:30.091387 11 storage/engine/rocksdb.go:120                               Options.statistics: 0x7f4eb8c34010
I200512 18:56:30.091389 11 storage/engine/rocksdb.go:120                                Options.use_fsync: 0
I200512 18:56:30.091417 11 storage/engine/rocksdb.go:120                        Options.max_log_file_size: 0
I200512 18:56:30.091422 11 storage/engine/rocksdb.go:120                   Options.max_manifest_file_size: 134217728
I200512 18:56:30.091425 11 storage/engine/rocksdb.go:120                    Options.log_file_time_to_roll: 0
I200512 18:56:30.091440 11 storage/engine/rocksdb.go:120                        Options.keep_log_file_num: 1000
I200512 18:56:30.091446 11 storage/engine/rocksdb.go:120                     Options.recycle_log_file_num: 1
I200512 18:56:30.091450 11 storage/engine/rocksdb.go:120                          Options.allow_fallocate: 1
I200512 18:56:30.091453 11 storage/engine/rocksdb.go:120                         Options.allow_mmap_reads: 0
I200512 18:56:30.091456 11 storage/engine/rocksdb.go:120                        Options.allow_mmap_writes: 0
I200512 18:56:30.091459 11 storage/engine/rocksdb.go:120                         Options.use_direct_reads: 0
I200512 18:56:30.091462 11 storage/engine/rocksdb.go:120                         Options.use_direct_io_for_flush_and_compaction: 0
I200512 18:56:30.091464 11 storage/engine/rocksdb.go:120           Options.create_missing_column_families: 0
I200512 18:56:30.091467 11 storage/engine/rocksdb.go:120                               Options.db_log_dir: 
I200512 18:56:30.091470 11 storage/engine/rocksdb.go:120                                  Options.wal_dir: /var/lib/cockroach/cockroach-temp460301030
I200512 18:56:30.091472 11 storage/engine/rocksdb.go:120                 Options.table_cache_numshardbits: 6
I200512 18:56:30.091475 11 storage/engine/rocksdb.go:120                       Options.max_subcompactions: 1
I200512 18:56:30.091478 11 storage/engine/rocksdb.go:120                   Options.max_background_flushes: -1
I200512 18:56:30.091483 11 storage/engine/rocksdb.go:120                          Options.WAL_ttl_seconds: 0
I200512 18:56:30.091485 11 storage/engine/rocksdb.go:120                        Options.WAL_size_limit_MB: 0
I200512 18:56:30.091488 11 storage/engine/rocksdb.go:120              Options.manifest_preallocation_size: 4194304
I200512 18:56:30.091490 11 storage/engine/rocksdb.go:120                      Options.is_fd_close_on_exec: 1
I200512 18:56:30.091493 11 storage/engine/rocksdb.go:120                    Options.advise_random_on_open: 1
I200512 18:56:30.091496 11 storage/engine/rocksdb.go:120                     Options.db_write_buffer_size: 0
I200512 18:56:30.091498 11 storage/engine/rocksdb.go:120                     Options.write_buffer_manager: 0x7f4eb8c190f0
I200512 18:56:30.091522 11 storage/engine/rocksdb.go:120          Options.access_hint_on_compaction_start: 1
I200512 18:56:30.091526 11 storage/engine/rocksdb.go:120   Options.new_table_reader_for_compaction_inputs: 0
I200512 18:56:30.091529 11 storage/engine/rocksdb.go:120            Options.random_access_max_buffer_size: 1048576
I200512 18:56:30.091532 11 storage/engine/rocksdb.go:120                       Options.use_adaptive_mutex: 0
I200512 18:56:30.091534 11 storage/engine/rocksdb.go:120                             Options.rate_limiter: (nil)
I200512 18:56:30.091538 11 storage/engine/rocksdb.go:120      Options.sst_file_manager.rate_bytes_per_sec: 0
I200512 18:56:30.091540 11 storage/engine/rocksdb.go:120                        Options.wal_recovery_mode: 0
I200512 18:56:30.091543 11 storage/engine/rocksdb.go:120                   Options.enable_thread_tracking: 0
I200512 18:56:30.091545 11 storage/engine/rocksdb.go:120                   Options.enable_pipelined_write: 0
I200512 18:56:30.091548 11 storage/engine/rocksdb.go:120          Options.allow_concurrent_memtable_write: 1
I200512 18:56:30.091550 11 storage/engine/rocksdb.go:120       Options.enable_write_thread_adaptive_yield: 1
I200512 18:56:30.091553 11 storage/engine/rocksdb.go:120              Options.write_thread_max_yield_usec: 100
I200512 18:56:30.091556 11 storage/engine/rocksdb.go:120             Options.write_thread_slow_yield_usec: 3
I200512 18:56:30.091558 11 storage/engine/rocksdb.go:120                                Options.row_cache: None
I200512 18:56:30.091561 11 storage/engine/rocksdb.go:120                               Options.wal_filter: None
I200512 18:56:30.091563 11 storage/engine/rocksdb.go:120              Options.avoid_flush_during_recovery: 0
I200512 18:56:30.091566 11 storage/engine/rocksdb.go:120              Options.allow_ingest_behind: 0
I200512 18:56:30.091568 11 storage/engine/rocksdb.go:120              Options.preserve_deletes: 0
I200512 18:56:30.091571 11 storage/engine/rocksdb.go:120              Options.two_write_queues: 0
I200512 18:56:30.091573 11 storage/engine/rocksdb.go:120              Options.manual_wal_flush: 1
I200512 18:56:30.091576 11 storage/engine/rocksdb.go:120              Options.atomic_flush: 0
I200512 18:56:30.091578 11 storage/engine/rocksdb.go:120              Options.avoid_unnecessary_blocking_io: 0
I200512 18:56:30.091581 11 storage/engine/rocksdb.go:120              Options.max_background_jobs: 2
I200512 18:56:30.091584 11 storage/engine/rocksdb.go:120              Options.max_background_compactions: -1
I200512 18:56:30.091586 11 storage/engine/rocksdb.go:120              Options.avoid_flush_during_shutdown: 0
I200512 18:56:30.091589 11 storage/engine/rocksdb.go:120            Options.writable_file_max_buffer_size: 1048576
I200512 18:56:30.091591 11 storage/engine/rocksdb.go:120              Options.delayed_write_rate : 16777216
I200512 18:56:30.091594 11 storage/engine/rocksdb.go:120              Options.max_total_wal_size: 0
I200512 18:56:30.091596 11 storage/engine/rocksdb.go:120              Options.delete_obsolete_files_period_micros: 21600000000
I200512 18:56:30.091599 11 storage/engine/rocksdb.go:120                    Options.stats_dump_period_sec: 0
I200512 18:56:30.091601 11 storage/engine/rocksdb.go:120                  Options.stats_persist_period_sec: 600
I200512 18:56:30.091604 11 storage/engine/rocksdb.go:120                  Options.stats_history_buffer_size: 1048576
I200512 18:56:30.091606 11 storage/engine/rocksdb.go:120                           Options.max_open_files: 128
I200512 18:56:30.091609 11 storage/engine/rocksdb.go:120                           Options.bytes_per_sync: 524288
I200512 18:56:30.091611 11 storage/engine/rocksdb.go:120                       Options.wal_bytes_per_sync: 0
I200512 18:56:30.091614 11 storage/engine/rocksdb.go:120                    Options.strict_bytes_per_sync: 1
I200512 18:56:30.091616 11 storage/engine/rocksdb.go:120        Options.compaction_readahead_size: 0
I200512 18:56:30.091619 11 storage/engine/rocksdb.go:120  Compression algorithms supported:
I200512 18:56:30.091624 11 storage/engine/rocksdb.go:120  	kZSTDNotFinalCompression supported: 0
I200512 18:56:30.091628 11 storage/engine/rocksdb.go:120  	kZSTD supported: 0
I200512 18:56:30.091631 11 storage/engine/rocksdb.go:120  	kXpressCompression supported: 0
I200512 18:56:30.091633 11 storage/engine/rocksdb.go:120  	kLZ4HCCompression supported: 0
I200512 18:56:30.091636 11 storage/engine/rocksdb.go:120  	kLZ4Compression supported: 0
I200512 18:56:30.091639 11 storage/engine/rocksdb.go:120  	kBZip2Compression supported: 0
I200512 18:56:30.091642 11 storage/engine/rocksdb.go:120  	kZlibCompression supported: 0
I200512 18:56:30.091644 11 storage/engine/rocksdb.go:120  	kSnappyCompression supported: 1
I200512 18:56:30.091651 11 storage/engine/rocksdb.go:120  Fast CRC32 supported: Supported on x86
I200512 18:56:30.095354 11 storage/engine/rocksdb.go:120  [db/db_impl_open.cc:242] Creating manifest 1 
I200512 18:56:30.119022 11 storage/engine/rocksdb.go:120  [db/version_set.cc:4072] Recovering from manifest file: /var/lib/cockroach/cockroach-temp460301030/MANIFEST-000001
I200512 18:56:30.120301 11 storage/engine/rocksdb.go:120  [db/column_family.cc:488] --------------- Options for column family [default]:
I200512 18:56:30.120306 11 storage/engine/rocksdb.go:120                Options.comparator: cockroach_comparator
I200512 18:56:30.120309 11 storage/engine/rocksdb.go:120            Options.merge_operator: cockroach_merge_operator
I200512 18:56:30.120313 11 storage/engine/rocksdb.go:120         Options.compaction_filter: None
I200512 18:56:30.120315 11 storage/engine/rocksdb.go:120         Options.compaction_filter_factory: None
I200512 18:56:30.120318 11 storage/engine/rocksdb.go:120          Options.memtable_factory: SkipListFactory
I200512 18:56:30.120321 11 storage/engine/rocksdb.go:120             Options.table_factory: BlockBasedTable
I200512 18:56:30.120340 11 storage/engine/rocksdb.go:120             table_factory options:   flush_block_policy_factory: FlushBlockBySizePolicyFactory (0x7f4eb8c28030)
  cache_index_and_filter_blocks: 0
  cache_index_and_filter_blocks_with_high_priority: 0
  pin_l0_filter_and_index_blocks_in_cache: 0
  pin_top_level_index_and_filter: 1
  index_type: 0
  data_block_index_type: 0
  index_shortening: 1
  data_block_hash_table_util_ratio: 0.750000
  hash_index_allow_collision: 1
  checksum: 1
  no_block_cache: 0
  block_cache: 0x7f4eb8c1c010
  block_cache_name: LRUCache
  block_cache_options:
    capacity : 1048576
    num_shard_bits : 4
    strict_capacity_limit : 0
    memory_allocator : None
    high_pri_pool_ratio: 0.000
  block_cache_compressed: (nil)
  persistent_cache: (nil)
  block_size: 32768
  block_size_deviation: 10
  block_restart_interval: 16
  index_block_restart_interval: 1
  metadata_block_size: 4096
  partition_filters: 0
  use_delta_encoding: 1
  filter_policy: rocksdb.BuiltinBloomFilter
  whole_key_filtering: 0
  verify_compression: 0
  read_amp_bytes_per_bit: 0
  format_version: 2
  enable_index_compression: 1
  block_align: 0
I200512 18:56:30.120344 11 storage/engine/rocksdb.go:120         Options.write_buffer_size: 67108864
I200512 18:56:30.120348 11 storage/engine/rocksdb.go:120   Options.max_write_buffer_number: 4
I200512 18:56:30.120351 11 storage/engine/rocksdb.go:120           Options.compression: Snappy
I200512 18:56:30.120353 11 storage/engine/rocksdb.go:120                   Options.bottommost_compression: Disabled
I200512 18:56:30.120356 11 storage/engine/rocksdb.go:120        Options.prefix_extractor: cockroach_prefix_extractor
I200512 18:56:30.120360 11 storage/engine/rocksdb.go:120    Options.memtable_insert_with_hint_prefix_extractor: nullptr
I200512 18:56:30.120363 11 storage/engine/rocksdb.go:120              Options.num_levels: 7
I200512 18:56:30.120365 11 storage/engine/rocksdb.go:120         Options.min_write_buffer_number_to_merge: 1
I200512 18:56:30.120368 11 storage/engine/rocksdb.go:120      Options.max_write_buffer_number_to_maintain: 0
I200512 18:56:30.120370 11 storage/engine/rocksdb.go:120             Options.bottommost_compression_opts.window_bits: -14
I200512 18:56:30.120374 11 storage/engine/rocksdb.go:120                   Options.bottommost_compression_opts.level: 32767
I200512 18:56:30.120377 11 storage/engine/rocksdb.go:120                Options.bottommost_compression_opts.strategy: 0
I200512 18:56:30.120379 11 storage/engine/rocksdb.go:120          Options.bottommost_compression_opts.max_dict_bytes: 0
I200512 18:56:30.120382 11 storage/engine/rocksdb.go:120          Options.bottommost_compression_opts.zstd_max_train_bytes: 0
I200512 18:56:30.120385 11 storage/engine/rocksdb.go:120                   Options.bottommost_compression_opts.enabled: false
I200512 18:56:30.120387 11 storage/engine/rocksdb.go:120             Options.compression_opts.window_bits: -14
I200512 18:56:30.120390 11 storage/engine/rocksdb.go:120                   Options.compression_opts.level: 32767
I200512 18:56:30.120392 11 storage/engine/rocksdb.go:120                Options.compression_opts.strategy: 0
I200512 18:56:30.120395 11 storage/engine/rocksdb.go:120          Options.compression_opts.max_dict_bytes: 0
I200512 18:56:30.120397 11 storage/engine/rocksdb.go:120          Options.compression_opts.zstd_max_train_bytes: 0
I200512 18:56:30.120400 11 storage/engine/rocksdb.go:120                   Options.compression_opts.enabled: false
I200512 18:56:30.120403 11 storage/engine/rocksdb.go:120       Options.level0_file_num_compaction_trigger: 2
I200512 18:56:30.120405 11 storage/engine/rocksdb.go:120           Options.level0_slowdown_writes_trigger: 950
I200512 18:56:30.120408 11 storage/engine/rocksdb.go:120               Options.level0_stop_writes_trigger: 1000
I200512 18:56:30.120410 11 storage/engine/rocksdb.go:120                    Options.target_file_size_base: 4194304
I200512 18:56:30.120413 11 storage/engine/rocksdb.go:120              Options.target_file_size_multiplier: 2
I200512 18:56:30.120415 11 storage/engine/rocksdb.go:120                 Options.max_bytes_for_level_base: 67108864
I200512 18:56:30.120418 11 storage/engine/rocksdb.go:120  Options.level_compaction_dynamic_level_bytes: 1
I200512 18:56:30.120424 11 storage/engine/rocksdb.go:120           Options.max_bytes_for_level_multiplier: 10.000000
I200512 18:56:30.120427 11 storage/engine/rocksdb.go:120  Options.max_bytes_for_level_multiplier_addtl[0]: 1
I200512 18:56:30.120445 11 storage/engine/rocksdb.go:120  Options.max_bytes_for_level_multiplier_addtl[1]: 1
I200512 18:56:30.120462 11 storage/engine/rocksdb.go:120  Options.max_bytes_for_level_multiplier_addtl[2]: 1
I200512 18:56:30.120466 11 storage/engine/rocksdb.go:120  Options.max_bytes_for_level_multiplier_addtl[3]: 1
I200512 18:56:30.120469 11 storage/engine/rocksdb.go:120  Options.max_bytes_for_level_multiplier_addtl[4]: 1
I200512 18:56:30.120472 11 storage/engine/rocksdb.go:120  Options.max_bytes_for_level_multiplier_addtl[5]: 1
I200512 18:56:30.120474 11 storage/engine/rocksdb.go:120  Options.max_bytes_for_level_multiplier_addtl[6]: 1
I200512 18:56:30.120477 11 storage/engine/rocksdb.go:120        Options.max_sequential_skip_in_iterations: 8
I200512 18:56:30.120480 11 storage/engine/rocksdb.go:120                     Options.max_compaction_bytes: 104857600
I200512 18:56:30.120482 11 storage/engine/rocksdb.go:120                         Options.arena_block_size: 8388608
I200512 18:56:30.120485 11 storage/engine/rocksdb.go:120    Options.soft_pending_compaction_bytes_limit: 2199023255552
I200512 18:56:30.120488 11 storage/engine/rocksdb.go:120    Options.hard_pending_compaction_bytes_limit: 4400193994752
I200512 18:56:30.120490 11 storage/engine/rocksdb.go:120        Options.rate_limit_delay_max_milliseconds: 100
I200512 18:56:30.120493 11 storage/engine/rocksdb.go:120                 Options.disable_auto_compactions: 0
I200512 18:56:30.120513 11 storage/engine/rocksdb.go:120                         Options.compaction_style: kCompactionStyleLevel
I200512 18:56:30.120516 11 storage/engine/rocksdb.go:120                           Options.compaction_pri: kMinOverlappingRatio
I200512 18:56:30.120520 11 storage/engine/rocksdb.go:120  Options.compaction_options_universal.size_ratio: 1
I200512 18:56:30.120524 11 storage/engine/rocksdb.go:120  Options.compaction_options_universal.min_merge_width: 2
I200512 18:56:30.120527 11 storage/engine/rocksdb.go:120  Options.compaction_options_universal.max_merge_width: 4294967295
I200512 18:56:30.120530 11 storage/engine/rocksdb.go:120  Options.compaction_options_universal.max_size_amplification_percent: 200
I200512 18:56:30.120533 11 storage/engine/rocksdb.go:120  Options.compaction_options_universal.compression_size_percent: -1
I200512 18:56:30.120536 11 storage/engine/rocksdb.go:120  Options.compaction_options_universal.stop_style: kCompactionStopStyleTotalSize
I200512 18:56:30.120538 11 storage/engine/rocksdb.go:120  Options.compaction_options_fifo.max_table_files_size: 1073741824
I200512 18:56:30.120542 11 storage/engine/rocksdb.go:120  Options.compaction_options_fifo.allow_compaction: 0
I200512 18:56:30.120546 11 storage/engine/rocksdb.go:120                    Options.table_properties_collectors: TimeBoundTblPropCollectorFactory; DeleteRangeTblPropCollectorFactory; 
I200512 18:56:30.120550 11 storage/engine/rocksdb.go:120                    Options.inplace_update_support: 0
I200512 18:56:30.120553 11 storage/engine/rocksdb.go:120                  Options.inplace_update_num_locks: 10000
I200512 18:56:30.120556 11 storage/engine/rocksdb.go:120                Options.memtable_prefix_bloom_size_ratio: 0.000000
I200512 18:56:30.120559 11 storage/engine/rocksdb.go:120                Options.memtable_whole_key_filtering: 0
I200512 18:56:30.120563 11 storage/engine/rocksdb.go:120    Options.memtable_huge_page_size: 0
I200512 18:56:30.120566 11 storage/engine/rocksdb.go:120                            Options.bloom_locality: 0
I200512 18:56:30.120569 11 storage/engine/rocksdb.go:120                     Options.max_successive_merges: 0
I200512 18:56:30.120572 11 storage/engine/rocksdb.go:120                 Options.optimize_filters_for_hits: 1
I200512 18:56:30.120575 11 storage/engine/rocksdb.go:120                 Options.paranoid_file_checks: 0
I200512 18:56:30.120577 11 storage/engine/rocksdb.go:120                 Options.force_consistency_checks: 0
I200512 18:56:30.120580 11 storage/engine/rocksdb.go:120                 Options.report_bg_io_stats: 0
I200512 18:56:30.120582 11 storage/engine/rocksdb.go:120                                Options.ttl: 0
I200512 18:56:30.120585 11 storage/engine/rocksdb.go:120           Options.periodic_compaction_seconds: 0
I200512 18:56:30.122080 11 storage/engine/rocksdb.go:120  [db/version_set.cc:4286] Recovered from manifest file:/var/lib/cockroach/cockroach-temp460301030/MANIFEST-000001 succeeded,manifest_file_number is 1, next_file_number is 3, last_sequence is 0, log_number is 0,prev_log_number is 0,max_column_family is 0,min_log_number_to_keep is 0
I200512 18:56:30.122085 11 storage/engine/rocksdb.go:120  [db/version_set.cc:4295] Column family [default] (ID 0), log number is 0
I200512 18:56:30.149652 11 storage/engine/rocksdb.go:120  DB pointer 0x7f4eb8ca4000
I200512 18:56:30.167374 11 storage/engine/rocksdb.go:120  RocksDB version: 6.2.1
I200512 18:56:30.167384 11 storage/engine/rocksdb.go:120  Git sha rocksdb_build_git_sha:@b7009236531fa784872f4823eabf393501e41bf2@
I200512 18:56:30.167386 11 storage/engine/rocksdb.go:120  Compile date Mar 16 2020
I200512 18:56:30.167390 11 storage/engine/rocksdb.go:120  DB SUMMARY
I200512 18:56:30.168809 11 storage/engine/rocksdb.go:120  CURRENT file:  CURRENT
I200512 18:56:30.168843 11 storage/engine/rocksdb.go:120  IDENTITY file:  IDENTITY
I200512 18:56:30.169567 11 storage/engine/rocksdb.go:120  MANIFEST file:  MANIFEST-000195 size: 594 Bytes
I200512 18:56:30.169573 11 storage/engine/rocksdb.go:120  SST files in /var/lib/cockroach dir, Total Num: 2, files: 000199.sst 000200.sst 
I200512 18:56:30.169577 11 storage/engine/rocksdb.go:120  Write Ahead Log file in /var/lib/cockroach: 000196.log size: 249482 ; 
I200512 18:56:30.169581 11 storage/engine/rocksdb.go:120                          Options.error_if_exists: 0
I200512 18:56:30.169590 11 storage/engine/rocksdb.go:120                        Options.create_if_missing: 1
I200512 18:56:30.169593 11 storage/engine/rocksdb.go:120                          Options.paranoid_checks: 1
I200512 18:56:30.169595 11 storage/engine/rocksdb.go:120                                      Options.env: 0x75757a0
I200512 18:56:30.169598 11 storage/engine/rocksdb.go:120                                 Options.info_log: 0x7f4ebc20dce0
I200512 18:56:30.169601 11 storage/engine/rocksdb.go:120                 Options.max_file_opening_threads: 16
I200512 18:56:30.169603 11 storage/engine/rocksdb.go:120                               Options.statistics: 0x7f4ebc225010
I200512 18:56:30.169606 11 storage/engine/rocksdb.go:120                                Options.use_fsync: 0
I200512 18:56:30.169609 11 storage/engine/rocksdb.go:120                        Options.max_log_file_size: 0
I200512 18:56:30.169612 11 storage/engine/rocksdb.go:120                   Options.max_manifest_file_size: 134217728
I200512 18:56:30.169615 11 storage/engine/rocksdb.go:120                    Options.log_file_time_to_roll: 0
I200512 18:56:30.169619 11 storage/engine/rocksdb.go:120                        Options.keep_log_file_num: 1000
I200512 18:56:30.169622 11 storage/engine/rocksdb.go:120                     Options.recycle_log_file_num: 1
I200512 18:56:30.169624 11 storage/engine/rocksdb.go:120                          Options.allow_fallocate: 1
I200512 18:56:30.169627 11 storage/engine/rocksdb.go:120                         Options.allow_mmap_reads: 0
I200512 18:56:30.169630 11 storage/engine/rocksdb.go:120                        Options.allow_mmap_writes: 0
I200512 18:56:30.169633 11 storage/engine/rocksdb.go:120                         Options.use_direct_reads: 0
I200512 18:56:30.169636 11 storage/engine/rocksdb.go:120                         Options.use_direct_io_for_flush_and_compaction: 0
I200512 18:56:30.169639 11 storage/engine/rocksdb.go:120           Options.create_missing_column_families: 0
I200512 18:56:30.169642 11 storage/engine/rocksdb.go:120                               Options.db_log_dir: 
I200512 18:56:30.169645 11 storage/engine/rocksdb.go:120                                  Options.wal_dir: /var/lib/cockroach
I200512 18:56:30.169648 11 storage/engine/rocksdb.go:120                 Options.table_cache_numshardbits: 6
I200512 18:56:30.169651 11 storage/engine/rocksdb.go:120                       Options.max_subcompactions: 1
I200512 18:56:30.169654 11 storage/engine/rocksdb.go:120                   Options.max_background_flushes: -1
I200512 18:56:30.169680 11 storage/engine/rocksdb.go:120                          Options.WAL_ttl_seconds: 0
I200512 18:56:30.169687 11 storage/engine/rocksdb.go:120                        Options.WAL_size_limit_MB: 0
I200512 18:56:30.169689 11 storage/engine/rocksdb.go:120              Options.manifest_preallocation_size: 4194304
I200512 18:56:30.169692 11 storage/engine/rocksdb.go:120                      Options.is_fd_close_on_exec: 1
I200512 18:56:30.169695 11 storage/engine/rocksdb.go:120                    Options.advise_random_on_open: 1
I200512 18:56:30.169698 11 storage/engine/rocksdb.go:120                     Options.db_write_buffer_size: 0
I200512 18:56:30.169701 11 storage/engine/rocksdb.go:120                     Options.write_buffer_manager: 0x7f4ebc28d030
I200512 18:56:30.169704 11 storage/engine/rocksdb.go:120          Options.access_hint_on_compaction_start: 1
I200512 18:56:30.169706 11 storage/engine/rocksdb.go:120   Options.new_table_reader_for_compaction_inputs: 0
I200512 18:56:30.169709 11 storage/engine/rocksdb.go:120            Options.random_access_max_buffer_size: 1048576
I200512 18:56:30.169712 11 storage/engine/rocksdb.go:120                       Options.use_adaptive_mutex: 0
I200512 18:56:30.169715 11 storage/engine/rocksdb.go:120                             Options.rate_limiter: (nil)
I200512 18:56:30.169718 11 storage/engine/rocksdb.go:120      Options.sst_file_manager.rate_bytes_per_sec: 0
I200512 18:56:30.169720 11 storage/engine/rocksdb.go:120                        Options.wal_recovery_mode: 0
I200512 18:56:30.169726 11 storage/engine/rocksdb.go:120                   Options.enable_thread_tracking: 0
I200512 18:56:30.169728 11 storage/engine/rocksdb.go:120                   Options.enable_pipelined_write: 0
I200512 18:56:30.169731 11 storage/engine/rocksdb.go:120          Options.allow_concurrent_memtable_write: 1
I200512 18:56:30.169734 11 storage/engine/rocksdb.go:120       Options.enable_write_thread_adaptive_yield: 1
I200512 18:56:30.169736 11 storage/engine/rocksdb.go:120              Options.write_thread_max_yield_usec: 100
I200512 18:56:30.169739 11 storage/engine/rocksdb.go:120             Options.write_thread_slow_yield_usec: 3
I200512 18:56:30.169742 11 storage/engine/rocksdb.go:120                                Options.row_cache: None
I200512 18:56:30.169745 11 storage/engine/rocksdb.go:120                               Options.wal_filter: None
I200512 18:56:30.169748 11 storage/engine/rocksdb.go:120              Options.avoid_flush_during_recovery: 0
I200512 18:56:30.169751 11 storage/engine/rocksdb.go:120              Options.allow_ingest_behind: 0
I200512 18:56:30.169753 11 storage/engine/rocksdb.go:120              Options.preserve_deletes: 0
I200512 18:56:30.169756 11 storage/engine/rocksdb.go:120              Options.two_write_queues: 0
I200512 18:56:30.169759 11 storage/engine/rocksdb.go:120              Options.manual_wal_flush: 1
I200512 18:56:30.169761 11 storage/engine/rocksdb.go:120              Options.atomic_flush: 0
I200512 18:56:30.169764 11 storage/engine/rocksdb.go:120              Options.avoid_unnecessary_blocking_io: 0
I200512 18:56:30.169767 11 storage/engine/rocksdb.go:120              Options.max_background_jobs: 2
I200512 18:56:30.169769 11 storage/engine/rocksdb.go:120              Options.max_background_compactions: -1
I200512 18:56:30.169772 11 storage/engine/rocksdb.go:120              Options.avoid_flush_during_shutdown: 0
I200512 18:56:30.169775 11 storage/engine/rocksdb.go:120            Options.writable_file_max_buffer_size: 1048576
I200512 18:56:30.169777 11 storage/engine/rocksdb.go:120              Options.delayed_write_rate : 16777216
I200512 18:56:30.169780 11 storage/engine/rocksdb.go:120              Options.max_total_wal_size: 0
I200512 18:56:30.169783 11 storage/engine/rocksdb.go:120              Options.delete_obsolete_files_period_micros: 21600000000
I200512 18:56:30.169786 11 storage/engine/rocksdb.go:120                    Options.stats_dump_period_sec: 0
I200512 18:56:30.169808 11 storage/engine/rocksdb.go:120                  Options.stats_persist_period_sec: 600
I200512 18:56:30.169815 11 storage/engine/rocksdb.go:120                  Options.stats_history_buffer_size: 1048576
I200512 18:56:30.169818 11 storage/engine/rocksdb.go:120                           Options.max_open_files: 1043576
I200512 18:56:30.169820 11 storage/engine/rocksdb.go:120                           Options.bytes_per_sync: 524288
I200512 18:56:30.169823 11 storage/engine/rocksdb.go:120                       Options.wal_bytes_per_sync: 0
I200512 18:56:30.169826 11 storage/engine/rocksdb.go:120                    Options.strict_bytes_per_sync: 1
I200512 18:56:30.169828 11 storage/engine/rocksdb.go:120        Options.compaction_readahead_size: 0
I200512 18:56:30.169831 11 storage/engine/rocksdb.go:120  Compression algorithms supported:
I200512 18:56:30.169834 11 storage/engine/rocksdb.go:120  	kZSTDNotFinalCompression supported: 0
I200512 18:56:30.169837 11 storage/engine/rocksdb.go:120  	kZSTD supported: 0
I200512 18:56:30.169840 11 storage/engine/rocksdb.go:120  	kXpressCompression supported: 0
I200512 18:56:30.169842 11 storage/engine/rocksdb.go:120  	kLZ4HCCompression supported: 0
I200512 18:56:30.169845 11 storage/engine/rocksdb.go:120  	kLZ4Compression supported: 0
I200512 18:56:30.169849 11 storage/engine/rocksdb.go:120  	kBZip2Compression supported: 0
I200512 18:56:30.169852 11 storage/engine/rocksdb.go:120  	kZlibCompression supported: 0
I200512 18:56:30.169854 11 storage/engine/rocksdb.go:120  	kSnappyCompression supported: 1
I200512 18:56:30.169864 11 storage/engine/rocksdb.go:120  Fast CRC32 supported: Supported on x86
I200512 18:56:30.173209 11 storage/engine/rocksdb.go:120  [db/version_set.cc:4072] Recovering from manifest file: /var/lib/cockroach/MANIFEST-000195
I200512 18:56:30.173857 11 storage/engine/rocksdb.go:120  [db/column_family.cc:488] --------------- Options for column family [default]:
I200512 18:56:30.173865 11 storage/engine/rocksdb.go:120                Options.comparator: cockroach_comparator
I200512 18:56:30.173868 11 storage/engine/rocksdb.go:120            Options.merge_operator: cockroach_merge_operator
I200512 18:56:30.173871 11 storage/engine/rocksdb.go:120         Options.compaction_filter: None
I200512 18:56:30.173874 11 storage/engine/rocksdb.go:120         Options.compaction_filter_factory: None
I200512 18:56:30.173877 11 storage/engine/rocksdb.go:120          Options.memtable_factory: SkipListFactory
I200512 18:56:30.173880 11 storage/engine/rocksdb.go:120             Options.table_factory: BlockBasedTable
I200512 18:56:30.173902 11 storage/engine/rocksdb.go:120             table_factory options:   flush_block_policy_factory: FlushBlockBySizePolicyFactory (0x7f4ebc223028)
  cache_index_and_filter_blocks: 0
  cache_index_and_filter_blocks_with_high_priority: 0
  pin_l0_filter_and_index_blocks_in_cache: 0
  pin_top_level_index_and_filter: 1
  index_type: 0
  data_block_index_type: 0
  index_shortening: 1
  data_block_hash_table_util_ratio: 0.750000
  hash_index_allow_collision: 1
  checksum: 1
  no_block_cache: 0
  block_cache: 0x7f4ebc214010
  block_cache_name: LRUCache
  block_cache_options:
    capacity : 67108864
    num_shard_bits : 4
    strict_capacity_limit : 0
    memory_allocator : None
    high_pri_pool_ratio: 0.000
  block_cache_compressed: (nil)
  persistent_cache: (nil)
  block_size: 32768
  block_size_deviation: 10
  block_restart_interval: 16
  index_block_restart_interval: 1
  metadata_block_size: 4096
  partition_filters: 0
  use_delta_encoding: 1
  filter_policy: rocksdb.BuiltinBloomFilter
  whole_key_filtering: 0
  verify_compression: 0
  read_amp_bytes_per_bit: 0
  format_version: 2
  enable_index_compression: 1
  block_align: 0
I200512 18:56:30.173907 11 storage/engine/rocksdb.go:120         Options.write_buffer_size: 67108864
I200512 18:56:30.173912 11 storage/engine/rocksdb.go:120   Options.max_write_buffer_number: 4
I200512 18:56:30.173915 11 storage/engine/rocksdb.go:120           Options.compression: Snappy
I200512 18:56:30.173918 11 storage/engine/rocksdb.go:120                   Options.bottommost_compression: Disabled
I200512 18:56:30.173920 11 storage/engine/rocksdb.go:120        Options.prefix_extractor: cockroach_prefix_extractor
I200512 18:56:30.173923 11 storage/engine/rocksdb.go:120    Options.memtable_insert_with_hint_prefix_extractor: nullptr
I200512 18:56:30.173926 11 storage/engine/rocksdb.go:120              Options.num_levels: 7
I200512 18:56:30.173974 11 storage/engine/rocksdb.go:120         Options.min_write_buffer_number_to_merge: 1
I200512 18:56:30.173982 11 storage/engine/rocksdb.go:120      Options.max_write_buffer_number_to_maintain: 0
I200512 18:56:30.173985 11 storage/engine/rocksdb.go:120             Options.bottommost_compression_opts.window_bits: -14
I200512 18:56:30.173990 11 storage/engine/rocksdb.go:120                   Options.bottommost_compression_opts.level: 32767
I200512 18:56:30.173993 11 storage/engine/rocksdb.go:120                Options.bottommost_compression_opts.strategy: 0
I200512 18:56:30.173996 11 storage/engine/rocksdb.go:120          Options.bottommost_compression_opts.max_dict_bytes: 0
I200512 18:56:30.174000 11 storage/engine/rocksdb.go:120          Options.bottommost_compression_opts.zstd_max_train_bytes: 0
I200512 18:56:30.174004 11 storage/engine/rocksdb.go:120                   Options.bottommost_compression_opts.enabled: false
I200512 18:56:30.174007 11 storage/engine/rocksdb.go:120             Options.compression_opts.window_bits: -14
I200512 18:56:30.174011 11 storage/engine/rocksdb.go:120                   Options.compression_opts.level: 32767
I200512 18:56:30.174020 11 storage/engine/rocksdb.go:120                Options.compression_opts.strategy: 0
I200512 18:56:30.174024 11 storage/engine/rocksdb.go:120          Options.compression_opts.max_dict_bytes: 0
I200512 18:56:30.174027 11 storage/engine/rocksdb.go:120          Options.compression_opts.zstd_max_train_bytes: 0
I200512 18:56:30.174031 11 storage/engine/rocksdb.go:120                   Options.compression_opts.enabled: false
I200512 18:56:30.174034 11 storage/engine/rocksdb.go:120       Options.level0_file_num_compaction_trigger: 2
I200512 18:56:30.174038 11 storage/engine/rocksdb.go:120           Options.level0_slowdown_writes_trigger: 950
I200512 18:56:30.174041 11 storage/engine/rocksdb.go:120               Options.level0_stop_writes_trigger: 1000
I200512 18:56:30.174045 11 storage/engine/rocksdb.go:120                    Options.target_file_size_base: 4194304
I200512 18:56:30.174048 11 storage/engine/rocksdb.go:120              Options.target_file_size_multiplier: 2
I200512 18:56:30.174052 11 storage/engine/rocksdb.go:120                 Options.max_bytes_for_level_base: 67108864
I200512 18:56:30.174056 11 storage/engine/rocksdb.go:120  Options.level_compaction_dynamic_level_bytes: 1
I200512 18:56:30.174062 11 storage/engine/rocksdb.go:120           Options.max_bytes_for_level_multiplier: 10.000000
I200512 18:56:30.174066 11 storage/engine/rocksdb.go:120  Options.max_bytes_for_level_multiplier_addtl[0]: 1
I200512 18:56:30.174071 11 storage/engine/rocksdb.go:120  Options.max_bytes_for_level_multiplier_addtl[1]: 1
I200512 18:56:30.174074 11 storage/engine/rocksdb.go:120  Options.max_bytes_for_level_multiplier_addtl[2]: 1
I200512 18:56:30.174078 11 storage/engine/rocksdb.go:120  Options.max_bytes_for_level_multiplier_addtl[3]: 1
I200512 18:56:30.174082 11 storage/engine/rocksdb.go:120  Options.max_bytes_for_level_multiplier_addtl[4]: 1
I200512 18:56:30.174085 11 storage/engine/rocksdb.go:120  Options.max_bytes_for_level_multiplier_addtl[5]: 1
I200512 18:56:30.174088 11 storage/engine/rocksdb.go:120  Options.max_bytes_for_level_multiplier_addtl[6]: 1
I200512 18:56:30.174092 11 storage/engine/rocksdb.go:120        Options.max_sequential_skip_in_iterations: 8
I200512 18:56:30.174095 11 storage/engine/rocksdb.go:120                     Options.max_compaction_bytes: 104857600
I200512 18:56:30.174099 11 storage/engine/rocksdb.go:120                         Options.arena_block_size: 8388608
I200512 18:56:30.174102 11 storage/engine/rocksdb.go:120    Options.soft_pending_compaction_bytes_limit: 2199023255552
I200512 18:56:30.174106 11 storage/engine/rocksdb.go:120    Options.hard_pending_compaction_bytes_limit: 4400193994752
I200512 18:56:30.174110 11 storage/engine/rocksdb.go:120        Options.rate_limit_delay_max_milliseconds: 100
I200512 18:56:30.174113 11 storage/engine/rocksdb.go:120                 Options.disable_auto_compactions: 0
I200512 18:56:30.174119 11 storage/engine/rocksdb.go:120                         Options.compaction_style: kCompactionStyleLevel
I200512 18:56:30.174123 11 storage/engine/rocksdb.go:120                           Options.compaction_pri: kMinOverlappingRatio
I200512 18:56:30.174126 11 storage/engine/rocksdb.go:120  Options.compaction_options_universal.size_ratio: 1
I200512 18:56:30.174130 11 storage/engine/rocksdb.go:120  Options.compaction_options_universal.min_merge_width: 2
I200512 18:56:30.174133 11 storage/engine/rocksdb.go:120  Options.compaction_options_universal.max_merge_width: 4294967295
I200512 18:56:30.174137 11 storage/engine/rocksdb.go:120  Options.compaction_options_universal.max_size_amplification_percent: 200
I200512 18:56:30.174140 11 storage/engine/rocksdb.go:120  Options.compaction_options_universal.compression_size_percent: -1
I200512 18:56:30.174144 11 storage/engine/rocksdb.go:120  Options.compaction_options_universal.stop_style: kCompactionStopStyleTotalSize
I200512 18:56:30.174148 11 storage/engine/rocksdb.go:120  Options.compaction_options_fifo.max_table_files_size: 1073741824
I200512 18:56:30.174151 11 storage/engine/rocksdb.go:120  Options.compaction_options_fifo.allow_compaction: 0
I200512 18:56:30.174162 11 storage/engine/rocksdb.go:120                    Options.table_properties_collectors: TimeBoundTblPropCollectorFactory; DeleteRangeTblPropCollectorFactory; 
I200512 18:56:30.174167 11 storage/engine/rocksdb.go:120                    Options.inplace_update_support: 0
I200512 18:56:30.174171 11 storage/engine/rocksdb.go:120                  Options.inplace_update_num_locks: 10000
I200512 18:56:30.174175 11 storage/engine/rocksdb.go:120                Options.memtable_prefix_bloom_size_ratio: 0.000000
I200512 18:56:30.174179 11 storage/engine/rocksdb.go:120                Options.memtable_whole_key_filtering: 0
I200512 18:56:30.174182 11 storage/engine/rocksdb.go:120    Options.memtable_huge_page_size: 0
I200512 18:56:30.174186 11 storage/engine/rocksdb.go:120                            Options.bloom_locality: 0
I200512 18:56:30.174190 11 storage/engine/rocksdb.go:120                     Options.max_successive_merges: 0
I200512 18:56:30.174193 11 storage/engine/rocksdb.go:120                 Options.optimize_filters_for_hits: 1
I200512 18:56:30.174197 11 storage/engine/rocksdb.go:120                 Options.paranoid_file_checks: 0
I200512 18:56:30.174389 11 storage/engine/rocksdb.go:120                 Options.force_consistency_checks: 0
I200512 18:56:30.174394 11 storage/engine/rocksdb.go:120                 Options.report_bg_io_stats: 0
I200512 18:56:30.174398 11 storage/engine/rocksdb.go:120                                Options.ttl: 0
I200512 18:56:30.174401 11 storage/engine/rocksdb.go:120           Options.periodic_compaction_seconds: 0
I200512 18:56:30.178555 11 storage/engine/rocksdb.go:120  [db/version_set.cc:4286] Recovered from manifest file:/var/lib/cockroach/MANIFEST-000195 succeeded,manifest_file_number is 195, next_file_number is 202, last_sequence is 5827838, log_number is 194,prev_log_number is 0,max_column_family is 0,min_log_number_to_keep is 0
I200512 18:56:30.178565 11 storage/engine/rocksdb.go:120  [db/version_set.cc:4295] Column family [default] (ID 0), log number is 194
I200512 18:56:30.179533 11 storage/engine/rocksdb.go:120  EVENT_LOG_v1 {"time_micros": 1589309790179518, "job": 1, "event": "recovery_started", "log_files": [196]}
I200512 18:56:30.179541 11 storage/engine/rocksdb.go:120  [db/db_impl_open.cc:598] Recovering log #196 mode 0
I200512 18:56:30.230537 11 storage/engine/rocksdb.go:120  EVENT_LOG_v1 {"time_micros": 1589309790230494, "cf_name": "default", "job": 1, "event": "table_file_creation", "file_number": 202, "file_size": 51551, "table_properties": {"data_size": 49269, "index_size": 281, "index_partitions": 0, "top_level_index_size": 0, "index_key_is_user_key": 0, "index_value_is_delta_encoded": 0, "filter_size": 1093, "raw_key_size": 42809, "raw_average_key_size": 48, "raw_value_size": 193625, "raw_average_value_size": 219, "num_data_blocks": 6, "num_entries": 884, "num_deletions": 22, "num_merge_operands": 664, "num_range_deletions": 664, "format_version": 0, "fixed_key_len": 0, "filter_policy": "rocksdb.BuiltinBloomFilter", "column_family_name": "default", "column_family_id": 0, "comparator": "cockroach_comparator", "merge_operator": "cockroach_merge_operator", "prefix_extractor_name": "cockroach_prefix_extractor", "property_collectors": "[TimeBoundTblPropCollectorFactory,DeleteRangeTblPropCollectorFactory]", "compression": "Snappy", "compression_options": "window_bits=-14; level=32767; strategy=0; max_dict_bytes=0; zstd_max_train_bytes=0; enabled=0; ", "creation_time": 1589309790, "oldest_key_time": 3, "file_creation_time": 0}}
I200512 18:56:30.230656 11 storage/engine/rocksdb.go:120  [db/version_set.cc:3560] Creating manifest 203
I200512 18:56:30.241417 11 storage/engine/rocksdb.go:120  EVENT_LOG_v1 {"time_micros": 1589309790241394, "job": 1, "event": "recovery_finished"}
I200512 18:56:30.275521 11 storage/engine/rocksdb.go:120  DB pointer 0x7f4ebc29f000
I200512 18:57:08.731676 961 storage/engine/rocksdb.go:120  bloom filter utility:    -nan%
I200512 18:57:08.731914 961 storage/engine/rocksdb.go:120  [db/db_impl.cc:392] Shutdown: canceling all background work
I200512 18:57:08.734006 961 storage/engine/rocksdb.go:120  [db/db_impl.cc:565] Shutdown complete
I200512 18:57:08.744491 961 storage/engine/rocksdb.go:120  bloom filter utility:    74.3%
I200512 18:57:08.744906 961 storage/engine/rocksdb.go:120  [db/db_impl.cc:392] Shutdown: canceling all background work
I200512 18:57:08.751659 961 storage/engine/rocksdb.go:120  [db/db_impl.cc:565] Shutdown complete
