I200520 23:58:57.534467 1 util/log/clog.go:1196  [config] file created at: 2020/05/20 23:58:57
I200520 23:58:57.534467 1 util/log/clog.go:1196  [config] running on machine: ece2b9b510ad
I200520 23:58:57.534467 1 util/log/clog.go:1196  [config] binary: CockroachDB CCL v19.2.5 (x86_64-unknown-linux-gnu, built 2020/03/16 18:27:12, go1.12.12)
I200520 23:58:57.534467 1 util/log/clog.go:1196  [config] arguments: [/cockroach/cockroach start --insecure --store=attrs=ssd,path=/var/lib/cockroach/]
I200520 23:58:57.534467 1 util/log/clog.go:1196  line format: [IWEF]yymmdd hh:mm:ss.uuuuuu goid file:line msg utf8=✓
I200520 23:58:57.534466 1 cli/start.go:1144  logging to directory /var/lib/cockroach/logs
W200520 23:58:57.559946 1 cli/start.go:1182  RUNNING IN INSECURE MODE!

- Your cluster is open for any client that can access <all your IP addresses>.
- Any user, even root, can log in without providing a password.
- Any user, connecting as root, can read or write any data in your cluster.
- There is no network encryption nor authentication, and thus no confidentiality.

Check out how to secure your cluster: https://www.cockroachlabs.com/docs/v19.2/secure-a-cluster.html
I200520 23:58:57.560244 1 server/status/recorder.go:597  available memory from cgroups (8.0 EiB) is unsupported, using system memory 1.9 GiB instead: 
W200520 23:58:57.560299 1 cli/start.go:1052  Using the default setting for --cache (128 MiB).
  A significantly larger value is usually needed for good performance.
  If you have a dedicated server a reasonable setting is --cache=.25 (497 MiB).
I200520 23:58:57.560522 1 server/status/recorder.go:597  available memory from cgroups (8.0 EiB) is unsupported, using system memory 1.9 GiB instead: 
W200520 23:58:57.560533 1 cli/start.go:1065  Using the default setting for --max-sql-memory (128 MiB).
  A significantly larger value is usually needed in production.
  If you have a dedicated server a reasonable setting is --max-sql-memory=.25 (497 MiB).
I200520 23:58:57.560753 1 server/status/recorder.go:597  available memory from cgroups (8.0 EiB) is unsupported, using system memory 1.9 GiB instead: 
I200520 23:58:57.560766 1 cli/start.go:1196  CockroachDB CCL v19.2.5 (x86_64-unknown-linux-gnu, built 2020/03/16 18:27:12, go1.12.12)
W200520 23:58:58.829457 1 cli/start.go:511  running 'cockroach start' without --join is deprecated.
Consider using 'cockroach start-single-node' or 'cockroach init' instead.
I200520 23:58:58.856947 1 server/status/recorder.go:597  available memory from cgroups (8.0 EiB) is unsupported, using system memory 1.9 GiB instead: 
I200520 23:58:58.856967 1 server/config.go:394  system total memory: 1.9 GiB
I200520 23:58:58.856994 1 server/config.go:396  server configuration:
max offset             500000000
cache size             128 MiB
SQL memory pool size   128 MiB
scan interval          10m0s
scan min idle time     10ms
scan max idle time     1s
event log enabled      true
I200520 23:58:58.857003 1 cli/start.go:1030  using local environment variables: COCKROACH_CHANNEL=official-docker
I200520 23:58:58.857011 1 cli/start.go:1037  process identity: uid 0 euid 0 gid 0 egid 0
I200520 23:58:58.857051 1 cli/start.go:644  starting cockroach node
I200520 23:58:58.861609 11 storage/engine/rocksdb.go:622  opening rocksdb instance at "/var/lib/cockroach/cockroach-temp871353196"
I200520 23:58:59.237261 11 server/server.go:928  [n?] monitoring forward clock jumps based on server.clock.forward_jump_check_enabled
I200520 23:58:59.238678 11 storage/engine/rocksdb.go:622  opening rocksdb instance at "/var/lib/cockroach"
I200520 23:58:59.330355 11 server/config.go:502  [n?] 1 storage engine initialized
I200520 23:58:59.330363 11 server/config.go:505  [n?] RocksDB cache size: 128 MiB
I200520 23:58:59.330367 11 server/config.go:505  [n?] store 0: RocksDB, max size 0 B, max open file limit 1043576
W200520 23:58:59.370854 11 cli/start.go:996  neither --listen-addr nor --advertise-addr was specified.
The server will advertise "ece2b9b510ad" to other nodes, is this routable?

Consider using:
- for local-only servers:  --listen-addr=localhost
- for multi-node clusters: --advertise-addr=<host/IP addr>
I200520 23:58:59.373513 11 server/server.go:978  [n?] Sleeping till wall time 1590019139373482545 to catches up to 1590019139736947346 to ensure monotonicity. Delta: 363.464801ms
I200520 23:58:59.758545 11 gossip/gossip.go:394  [n1] NodeDescriptor set to node_id:1 address:<network_field:"tcp" address_field:"ece2b9b510ad:26257" > attrs:<> locality:<> ServerVersion:<major_val:19 minor_val:2 patch:0 unstable:0 > build_tag:"v19.2.5" started_at:1590019139755890146 cluster_name:"" sql_address:<network_field:"tcp" address_field:"ece2b9b510ad:26257" > 
W200520 23:58:59.815562 106 storage/replica_range_lease.go:554  can't determine lease status due to node liveness error: node not in the liveness table
github.com/cockroachdb/cockroach/pkg/storage.init.ializers
	/go/src/github.com/cockroachdb/cockroach/pkg/storage/node_liveness.go:44
runtime.main
	/usr/local/go/src/runtime/proc.go:188
runtime.goexit
	/usr/local/go/src/runtime/asm_amd64.s:1337
W200520 23:58:59.815587 106 storage/store.go:1530  [n1,s1,r6/1:/Table/{SystemCon…-11}] could not gossip system config: [NotLeaseHolderError] r6: replica (n1,s1):1 not lease holder; lease holder unknown
I200520 23:59:00.236183 11 server/node.go:431  [n1] initialized store [n1,s1]: disk (capacity=894 GiB, available=562 GiB, used=59 MiB, logicalBytes=156 MiB), ranges=42, leases=3, queries=0.00, writes=0.00, bytesPerReplica={p10=0.00 p25=0.00 p50=209.00 p75=22764.00 p90=13144190.00 pMax=45167292.00}, writesPerReplica={p10=0.00 p25=0.00 p50=0.00 p75=0.00 p90=0.00 pMax=0.00}
I200520 23:59:00.237830 11 storage/stores.go:240  [n1] read 0 node addresses from persistent storage
I200520 23:59:00.237895 11 server/node.go:645  [n1] connecting to gossip network to verify cluster ID...
I200520 23:59:00.237908 11 server/node.go:665  [n1] node connected via gossip and verified as part of cluster "3d423bb5-5d67-4ebf-947b-999bec430444"
I200520 23:59:00.237972 11 server/node.go:512  [n1] node=1: started with [ssd=/var/lib/cockroach] engine(s) and attributes []
I200520 23:59:00.239135 11 server/server.go:1514  [n1] starting http server at [::]:8080 (use: ece2b9b510ad:8080)
I200520 23:59:00.239145 11 server/server.go:1521  [n1] starting grpc/postgres server at [::]:26257
I200520 23:59:00.239169 11 server/server.go:1522  [n1] advertising CockroachDB node at ece2b9b510ad:26257
I200520 23:59:00.445037 11 server/server.go:1590  [n1] done ensuring all necessary migrations have run
I200520 23:59:00.445081 11 server/server.go:1841  [n1] serving sql connections
I200520 23:59:00.445127 11 cli/start.go:803  [config] clusterID: 3d423bb5-5d67-4ebf-947b-999bec430444
I200520 23:59:00.445139 11 cli/start.go:812  node startup completed:
CockroachDB node starting at 2020-05-20 23:59:00.445092747 +0000 UTC (took 2.9s)
build:               CCL v19.2.5 @ 2020/03/16 18:27:12 (go1.12.12)
webui:               http://ece2b9b510ad:8080
sql:                 postgresql://root@ece2b9b510ad:26257?sslmode=disable
RPC client flags:    /cockroach/cockroach <client cmd> --host=ece2b9b510ad:26257 --insecure
logs:                /var/lib/cockroach/logs
temp dir:            /var/lib/cockroach/cockroach-temp871353196
external I/O path:   /var/lib/cockroach/extern
store[0]:            path=/var/lib/cockroach,attrs=ssd
status:              restarted pre-existing node
clusterID:           3d423bb5-5d67-4ebf-947b-999bec430444
nodeID:              1
I200520 23:59:00.447039 301 server/server_update.go:53  [n1] no need to upgrade, cluster already at the newest version
I200520 23:59:00.458757 303 sql/event_log.go:130  [n1] Event: "node_restart", target: 1, info: {Descriptor:{NodeID:1 Address:ece2b9b510ad:26257 Attrs: Locality: ServerVersion:19.2 BuildTag:v19.2.5 StartedAt:1590019139755890146 LocalityAddress:[] ClusterName: SQLAddress:ece2b9b510ad:26257} ClusterID:3d423bb5-5d67-4ebf-947b-999bec430444 StartedAt:1590019139755890146 LastUp:1590019136351387138}
I200520 23:59:00.921289 73 gossip/gossip.go:1531  [n1] node has connected to cluster via gossip
I200520 23:59:00.921367 73 storage/stores.go:259  [n1] wrote 0 node addresses to persistent storage
I200520 23:59:01.702910 305 server/updates.go:267  [n1] A new version is available: 20.1.0, details: https://www.cockroachlabs.com/docs/releases/v20.1.0.html
I200520 23:59:10.246416 229 server/status/runtime.go:498  [n1] runtime stats: 138 MiB RSS, 115 goroutines, 85 MiB/37 MiB/135 MiB GO alloc/idle/total, 16 MiB/19 MiB CGO alloc/total, 0.0 CGO/sec, 0.0/0.0 %(u/s)time, 0.0 %gc (10x), 64 KiB/86 KiB (r/w)net
I200520 23:59:20.246515 229 server/status/runtime.go:498  [n1] runtime stats: 141 MiB RSS, 117 goroutines, 102 MiB/21 MiB/135 MiB GO alloc/idle/total, 17 MiB/20 MiB CGO alloc/total, 87.2 CGO/sec, 0.9/0.4 %(u/s)time, 0.0 %gc (0x), 9.8 KiB/14 KiB (r/w)net
I200520 23:59:20.560855 192 storage/store.go:2364  [n1,s1] sstables (read amplification = 1):
6 [ 22M 6 ]: 4M[5] 1M
I200520 23:59:20.560929 192 storage/store.go:2365  [n1,s1] 
** Compaction Stats [default] **
Level    Files   Size     Score Read(GB)  Rn(GB) Rnp1(GB) Write(GB) Wnew(GB) Moved(GB) W-Amp Rd(MB/s) Wr(MB/s) Comp(sec) CompMergeCPU(sec) Comp(cnt) Avg(sec) KeyIn KeyDrop
----------------------------------------------------------------------------------------------------------------------------------------------------------------------------
  L0      0/0    0.00 KB   0.0      0.0     0.0      0.0       0.0      0.0       0.0   1.0      0.0      5.3      0.01              0.00         1    0.014       0      0
  L6      6/0   21.53 MB   0.0      0.0     0.0      0.0       0.0      0.0       0.0 126.1     43.4     43.2      0.50              0.20         1    0.499     55K   1077
 Sum      6/0   21.53 MB   0.0      0.0     0.0      0.0       0.0      0.0       0.0 292.8     42.2     42.1      0.51              0.20         2    0.256     55K   1077
 Int      0/0    0.00 KB   0.0      0.0     0.0      0.0       0.0      0.0       0.0 292.8     42.2     42.1      0.51              0.20         2    0.256     55K   1077

** Compaction Stats [default] **
Priority    Files   Size     Score Read(GB)  Rn(GB) Rnp1(GB) Write(GB) Wnew(GB) Moved(GB) W-Amp Rd(MB/s) Wr(MB/s) Comp(sec) CompMergeCPU(sec) Comp(cnt) Avg(sec) KeyIn KeyDrop
-------------------------------------------------------------------------------------------------------------------------------------------------------------------------------
 Low      0/0    0.00 KB   0.0      0.0     0.0      0.0       0.0      0.0       0.0   0.0     43.4     43.2      0.50              0.20         1    0.499     55K   1077
User      0/0    0.00 KB   0.0      0.0     0.0      0.0       0.0      0.0       0.0   0.0      0.0      5.3      0.01              0.00         1    0.014       0      0
Uptime(secs): 21.3 total, 21.3 interval
Flush(GB): cumulative 0.000, interval 0.000
AddFile(GB): cumulative 0.000, interval 0.000
AddFile(Total Files): cumulative 0, interval 0
AddFile(L0 Files): cumulative 0, interval 0
AddFile(Keys): cumulative 0, interval 0
Cumulative compaction: 0.02 GB write, 1.01 MB/s write, 0.02 GB read, 1.01 MB/s read, 0.5 seconds
Interval compaction: 0.02 GB write, 1.01 MB/s write, 0.02 GB read, 1.01 MB/s read, 0.5 seconds
Stalls(count): 0 level0_slowdown, 0 level0_slowdown_with_compaction, 0 level0_numfiles, 0 level0_numfiles_with_compaction, 0 stop for pending_compaction_bytes, 0 slowdown for pending_compaction_bytes, 0 memtable_compaction, 0 memtable_slowdown, interval 0 total count
estimated_pending_compaction_bytes: 0 B
I200520 23:59:24.231805 1 cli/start.go:865  received signal 'terminated'
I200520 23:59:24.232098 1 cli/start.go:930  initiating graceful shutdown of server
I200520 23:59:24.252919 834 util/stop/stopper.go:542  [server drain process] quiescing; tasks left:
1      [async] intent_resolver_ir_batcher
1      [async] intent_resolver_gc_batcher
1      [async] closedts-rangefeed-subscriber
I200520 23:59:24.253103 834 util/stop/stopper.go:542  [server drain process] quiescing; tasks left:
1      [async] intent_resolver_gc_batcher
1      [async] closedts-rangefeed-subscriber
I200520 23:59:24.253299 834 util/stop/stopper.go:542  [server drain process] quiescing; tasks left:
1      [async] closedts-rangefeed-subscriber
W200520 23:59:24.258145 63 vendor/google.golang.org/grpc/clientconn.go:1206  grpc: addrConn.createTransport failed to connect to {ece2b9b510ad:26257 0  <nil>}. Err :connection error: desc = "transport: failed to write client preface: io: read/write on closed pipe". Reconnecting...
I200520 23:59:24.258851 834 storage/engine/rocksdb.go:762  closing rocksdb instance at "/var/lib/cockroach/cockroach-temp871353196"
I200520 23:59:24.273193 834 storage/engine/rocksdb.go:762  closing rocksdb instance at "/var/lib/cockroach"
I200520 23:59:24.283448 1 cli/start.go:976  server drained and shutdown completed
