I200514 19:16:22.021227 1 util/log/clog.go:1196  [config] file created at: 2020/05/14 19:16:22
I200514 19:16:22.021227 1 util/log/clog.go:1196  [config] running on machine: aef8b69ec529
I200514 19:16:22.021227 1 util/log/clog.go:1196  [config] binary: CockroachDB CCL v19.2.5 (x86_64-unknown-linux-gnu, built 2020/03/16 18:27:12, go1.12.12)
I200514 19:16:22.021227 1 util/log/clog.go:1196  [config] arguments: [/cockroach/cockroach start --insecure --store=attrs=ssd,path=/var/lib/cockroach/]
I200514 19:16:22.021227 1 util/log/clog.go:1196  line format: [IWEF]yymmdd hh:mm:ss.uuuuuu goid file:line msg utf8=✓
I200514 19:16:22.021227 1 cli/start.go:1144  logging to directory /var/lib/cockroach/logs
W200514 19:16:22.029404 1 cli/start.go:1182  RUNNING IN INSECURE MODE!

- Your cluster is open for any client that can access <all your IP addresses>.
- Any user, even root, can log in without providing a password.
- Any user, connecting as root, can read or write any data in your cluster.
- There is no network encryption nor authentication, and thus no confidentiality.

Check out how to secure your cluster: https://www.cockroachlabs.com/docs/v19.2/secure-a-cluster.html
I200514 19:16:22.029772 1 server/status/recorder.go:597  available memory from cgroups (8.0 EiB) is unsupported, using system memory 1.9 GiB instead: 
W200514 19:16:22.029826 1 cli/start.go:1052  Using the default setting for --cache (128 MiB).
  A significantly larger value is usually needed for good performance.
  If you have a dedicated server a reasonable setting is --cache=.25 (497 MiB).
I200514 19:16:22.030040 1 server/status/recorder.go:597  available memory from cgroups (8.0 EiB) is unsupported, using system memory 1.9 GiB instead: 
W200514 19:16:22.030057 1 cli/start.go:1065  Using the default setting for --max-sql-memory (128 MiB).
  A significantly larger value is usually needed in production.
  If you have a dedicated server a reasonable setting is --max-sql-memory=.25 (497 MiB).
I200514 19:16:22.030231 1 server/status/recorder.go:597  available memory from cgroups (8.0 EiB) is unsupported, using system memory 1.9 GiB instead: 
I200514 19:16:22.030246 1 cli/start.go:1196  CockroachDB CCL v19.2.5 (x86_64-unknown-linux-gnu, built 2020/03/16 18:27:12, go1.12.12)
W200514 19:16:22.870392 1 cli/start.go:511  running 'cockroach start' without --join is deprecated.
Consider using 'cockroach start-single-node' or 'cockroach init' instead.
I200514 19:16:22.896050 1 server/status/recorder.go:597  available memory from cgroups (8.0 EiB) is unsupported, using system memory 1.9 GiB instead: 
I200514 19:16:22.896065 1 server/config.go:394  system total memory: 1.9 GiB
I200514 19:16:22.896094 1 server/config.go:396  server configuration:
max offset             500000000
cache size             128 MiB
SQL memory pool size   128 MiB
scan interval          10m0s
scan min idle time     10ms
scan max idle time     1s
event log enabled      true
I200514 19:16:22.896102 1 cli/start.go:1030  using local environment variables: COCKROACH_CHANNEL=official-docker
I200514 19:16:22.896110 1 cli/start.go:1037  process identity: uid 0 euid 0 gid 0 egid 0
I200514 19:16:22.896154 1 cli/start.go:644  starting cockroach node
I200514 19:16:22.901877 34 storage/engine/rocksdb.go:622  opening rocksdb instance at "/var/lib/cockroach/cockroach-temp048074922"
I200514 19:16:23.131445 34 server/server.go:928  [n?] monitoring forward clock jumps based on server.clock.forward_jump_check_enabled
I200514 19:16:23.132710 34 storage/engine/rocksdb.go:622  opening rocksdb instance at "/var/lib/cockroach"
I200514 19:16:23.215267 34 server/config.go:502  [n?] 1 storage engine initialized
I200514 19:16:23.215274 34 server/config.go:505  [n?] RocksDB cache size: 128 MiB
I200514 19:16:23.215281 34 server/config.go:505  [n?] store 0: RocksDB, max size 0 B, max open file limit 1043576
W200514 19:16:23.236063 34 cli/start.go:996  neither --listen-addr nor --advertise-addr was specified.
The server will advertise "aef8b69ec529" to other nodes, is this routable?

Consider using:
- for local-only servers:  --listen-addr=localhost
- for multi-node clusters: --advertise-addr=<host/IP addr>
I200514 19:16:23.236960 34 server/server.go:978  [n?] Sleeping till wall time 1589483783236942058 to catches up to 1589483783631343859 to ensure monotonicity. Delta: 394.401801ms
I200514 19:16:23.631811 34 gossip/gossip.go:394  [n1] NodeDescriptor set to node_id:1 address:<network_field:"tcp" address_field:"aef8b69ec529:26257" > attrs:<> locality:<> ServerVersion:<major_val:19 minor_val:2 patch:0 unstable:0 > build_tag:"v19.2.5" started_at:1589483783631701857 cluster_name:"" sql_address:<network_field:"tcp" address_field:"aef8b69ec529:26257" > 
W200514 19:16:23.659831 107 storage/replica_range_lease.go:554  can't determine lease status due to node liveness error: node not in the liveness table
github.com/cockroachdb/cockroach/pkg/storage.init.ializers
	/go/src/github.com/cockroachdb/cockroach/pkg/storage/node_liveness.go:44
runtime.main
	/usr/local/go/src/runtime/proc.go:188
runtime.goexit
	/usr/local/go/src/runtime/asm_amd64.s:1337
W200514 19:16:23.659865 107 storage/store.go:1530  [n1,s1,r6/1:/Table/{SystemCon…-11}] could not gossip system config: [NotLeaseHolderError] r6: replica (n1,s1):1 not lease holder; lease holder unknown
I200514 19:16:23.744070 34 server/node.go:431  [n1] initialized store [n1,s1]: disk (capacity=894 GiB, available=579 GiB, used=20 MiB, logicalBytes=92 MiB), ranges=40, leases=3, queries=0.00, writes=0.00, bytesPerReplica={p10=0.00 p25=0.00 p50=146.00 p75=25187.00 p90=11170962.00 pMax=34278060.00}, writesPerReplica={p10=0.00 p25=0.00 p50=0.00 p75=0.00 p90=0.00 pMax=0.00}
I200514 19:16:23.744161 34 storage/stores.go:240  [n1] read 0 node addresses from persistent storage
I200514 19:16:23.744232 34 server/node.go:645  [n1] connecting to gossip network to verify cluster ID...
I200514 19:16:23.744245 34 server/node.go:665  [n1] node connected via gossip and verified as part of cluster "3d423bb5-5d67-4ebf-947b-999bec430444"
I200514 19:16:23.744334 34 server/node.go:512  [n1] node=1: started with [ssd=/var/lib/cockroach] engine(s) and attributes []
I200514 19:16:23.745545 34 server/server.go:1514  [n1] starting http server at [::]:8080 (use: aef8b69ec529:8080)
I200514 19:16:23.745555 34 server/server.go:1521  [n1] starting grpc/postgres server at [::]:26257
I200514 19:16:23.745563 34 server/server.go:1522  [n1] advertising CockroachDB node at aef8b69ec529:26257
I200514 19:16:23.851900 34 server/server.go:1590  [n1] done ensuring all necessary migrations have run
I200514 19:16:23.851930 34 server/server.go:1841  [n1] serving sql connections
I200514 19:16:23.851985 34 cli/start.go:803  [config] clusterID: 3d423bb5-5d67-4ebf-947b-999bec430444
I200514 19:16:23.851998 34 cli/start.go:812  node startup completed:
CockroachDB node starting at 2020-05-14 19:16:23.851945757 +0000 UTC (took 1.8s)
build:               CCL v19.2.5 @ 2020/03/16 18:27:12 (go1.12.12)
webui:               http://aef8b69ec529:8080
sql:                 postgresql://root@aef8b69ec529:26257?sslmode=disable
RPC client flags:    /cockroach/cockroach <client cmd> --host=aef8b69ec529:26257 --insecure
logs:                /var/lib/cockroach/logs
temp dir:            /var/lib/cockroach/cockroach-temp048074922
external I/O path:   /var/lib/cockroach/extern
store[0]:            path=/var/lib/cockroach,attrs=ssd
status:              restarted pre-existing node
clusterID:           3d423bb5-5d67-4ebf-947b-999bec430444
nodeID:              1
I200514 19:16:23.857294 303 server/server_update.go:53  [n1] no need to upgrade, cluster already at the newest version
I200514 19:16:23.861156 305 sql/event_log.go:130  [n1] Event: "node_restart", target: 1, info: {Descriptor:{NodeID:1 Address:aef8b69ec529:26257 Attrs: Locality: ServerVersion:19.2 BuildTag:v19.2.5 StartedAt:1589483783631701857 LocalityAddress:[] ClusterName: SQLAddress:aef8b69ec529:26257} ClusterID:3d423bb5-5d67-4ebf-947b-999bec430444 StartedAt:1589483783631701857 LastUp:1589483778927964263}
I200514 19:16:25.199216 307 server/updates.go:267  [n1] A new version is available: 20.1.0, details: https://www.cockroachlabs.com/docs/releases/v20.1.0.html
I200514 19:16:25.693056 65 gossip/gossip.go:1531  [n1] node has connected to cluster via gossip
I200514 19:16:25.693114 65 storage/stores.go:259  [n1] wrote 0 node addresses to persistent storage
I200514 19:16:33.764901 123 server/status/runtime.go:498  [n1] runtime stats: 118 MiB RSS, 117 goroutines, 103 MiB/22 MiB/135 MiB GO alloc/idle/total, 15 MiB/18 MiB CGO alloc/total, 0.0 CGO/sec, 0.0/0.0 %(u/s)time, 0.0 %gc (9x), 34 KiB/42 KiB (r/w)net
I200514 19:16:43.764946 123 server/status/runtime.go:498  [n1] runtime stats: 128 MiB RSS, 117 goroutines, 112 MiB/13 MiB/135 MiB GO alloc/idle/total, 15 MiB/18 MiB CGO alloc/total, 65.6 CGO/sec, 0.5/0.3 %(u/s)time, 0.0 %gc (0x), 194 B/54 B (r/w)net
I200514 19:16:43.815983 118 storage/store.go:2364  [n1,s1] sstables (read amplification = 2):
0 [ 65K 1 ]: 65K
6 [ 11M 3 ]: 4M[2] 3M
I200514 19:16:43.816048 118 storage/store.go:2365  [n1,s1] 
** Compaction Stats [default] **
Level    Files   Size     Score Read(GB)  Rn(GB) Rnp1(GB) Write(GB) Wnew(GB) Moved(GB) W-Amp Rd(MB/s) Wr(MB/s) Comp(sec) CompMergeCPU(sec) Comp(cnt) Avg(sec) KeyIn KeyDrop
----------------------------------------------------------------------------------------------------------------------------------------------------------------------------
  L0      1/0   64.72 KB   0.5      0.0     0.0      0.0       0.0      0.0       0.0   1.0      0.0      3.4      0.02              0.00         1    0.019       0      0
  L6      3/0   10.92 MB   0.0      0.0     0.0      0.0       0.0      0.0       0.0   0.0      0.0      0.0      0.00              0.00         0    0.000       0      0
 Sum      4/0   10.99 MB   0.0      0.0     0.0      0.0       0.0      0.0       0.0   1.0      0.0      3.4      0.02              0.00         1    0.019       0      0
 Int      0/0    0.00 KB   0.0      0.0     0.0      0.0       0.0      0.0       0.0   1.0      0.0      3.4      0.02              0.00         1    0.019       0      0

** Compaction Stats [default] **
Priority    Files   Size     Score Read(GB)  Rn(GB) Rnp1(GB) Write(GB) Wnew(GB) Moved(GB) W-Amp Rd(MB/s) Wr(MB/s) Comp(sec) CompMergeCPU(sec) Comp(cnt) Avg(sec) KeyIn KeyDrop
-------------------------------------------------------------------------------------------------------------------------------------------------------------------------------
User      0/0    0.00 KB   0.0      0.0     0.0      0.0       0.0      0.0       0.0   0.0      0.0      3.4      0.02              0.00         1    0.019       0      0
Uptime(secs): 20.7 total, 20.7 interval
Flush(GB): cumulative 0.000, interval 0.000
AddFile(GB): cumulative 0.000, interval 0.000
AddFile(Total Files): cumulative 0, interval 0
AddFile(L0 Files): cumulative 0, interval 0
AddFile(Keys): cumulative 0, interval 0
Cumulative compaction: 0.00 GB write, 0.00 MB/s write, 0.00 GB read, 0.00 MB/s read, 0.0 seconds
Interval compaction: 0.00 GB write, 0.00 MB/s write, 0.00 GB read, 0.00 MB/s read, 0.0 seconds
Stalls(count): 0 level0_slowdown, 0 level0_slowdown_with_compaction, 0 level0_numfiles, 0 level0_numfiles_with_compaction, 0 stop for pending_compaction_bytes, 0 slowdown for pending_compaction_bytes, 0 memtable_compaction, 0 memtable_slowdown, interval 0 total count
estimated_pending_compaction_bytes: 0 B
I200514 19:16:53.765036 123 server/status/runtime.go:498  [n1] runtime stats: 136 MiB RSS, 117 goroutines, 79 MiB/41 MiB/135 MiB GO alloc/idle/total, 15 MiB/18 MiB CGO alloc/total, 54.1 CGO/sec, 0.5/0.2 %(u/s)time, 0.0 %gc (1x), 70 B/0 B (r/w)net
I200514 19:17:03.765184 123 server/status/runtime.go:498  [n1] runtime stats: 137 MiB RSS, 118 goroutines, 86 MiB/35 MiB/135 MiB GO alloc/idle/total, 15 MiB/18 MiB CGO alloc/total, 67.2 CGO/sec, 0.6/0.2 %(u/s)time, 0.0 %gc (0x), 576 B/510 B (r/w)net
I200514 19:17:13.765304 123 server/status/runtime.go:498  [n1] runtime stats: 138 MiB RSS, 118 goroutines, 93 MiB/29 MiB/135 MiB GO alloc/idle/total, 16 MiB/18 MiB CGO alloc/total, 26.8 CGO/sec, 0.4/0.1 %(u/s)time, 0.0 %gc (0x), 0 B/0 B (r/w)net
I200514 19:17:23.744576 119 gossip/gossip.go:566  [n1] gossip status (ok, 1 node)
gossip client (0/3 cur/max conns)
gossip server (0/3 cur/max conns, infos 0/0 sent/received, bytes 0B/0B sent/received)
gossip connectivity
  n1 [sentinel];
I200514 19:17:23.765414 123 server/status/runtime.go:498  [n1] runtime stats: 138 MiB RSS, 118 goroutines, 99 MiB/23 MiB/135 MiB GO alloc/idle/total, 16 MiB/18 MiB CGO alloc/total, 29.5 CGO/sec, 0.3/0.2 %(u/s)time, 0.0 %gc (0x), 70 B/0 B (r/w)net
I200514 19:17:33.765612 123 server/status/runtime.go:498  [n1] runtime stats: 140 MiB RSS, 117 goroutines, 109 MiB/15 MiB/135 MiB GO alloc/idle/total, 16 MiB/19 MiB CGO alloc/total, 96.0 CGO/sec, 0.6/0.1 %(u/s)time, 0.0 %gc (0x), 70 B/0 B (r/w)net
I200514 19:17:43.765666 123 server/status/runtime.go:498  [n1] runtime stats: 140 MiB RSS, 117 goroutines, 115 MiB/8.3 MiB/135 MiB GO alloc/idle/total, 16 MiB/19 MiB CGO alloc/total, 26.1 CGO/sec, 0.3/0.1 %(u/s)time, 0.0 %gc (0x), 0 B/0 B (r/w)net
I200514 19:17:47.213257 1 cli/start.go:865  received signal 'terminated'
I200514 19:17:47.213640 1 cli/start.go:930  initiating graceful shutdown of server
I200514 19:17:47.228969 1509 util/stop/stopper.go:542  [server drain process] quiescing; tasks left:
1      [async] intent_resolver_ir_batcher
1      [async] intent_resolver_gc_batcher
1      [async] closedts-rangefeed-subscriber
W200514 19:17:47.239299 33 vendor/google.golang.org/grpc/clientconn.go:1206  grpc: addrConn.createTransport failed to connect to {aef8b69ec529:26257 0  <nil>}. Err :connection error: desc = "transport: failed to write client preface: io: read/write on closed pipe". Reconnecting...
I200514 19:17:47.244912 1509 storage/engine/rocksdb.go:762  closing rocksdb instance at "/var/lib/cockroach/cockroach-temp048074922"
I200514 19:17:47.255110 1509 storage/engine/rocksdb.go:762  closing rocksdb instance at "/var/lib/cockroach"
I200514 19:17:47.263886 1 cli/start.go:976  server drained and shutdown completed
