I200512 19:26:48.835930 1 util/log/clog.go:1196  [config] file created at: 2020/05/12 19:26:48
I200512 19:26:48.835930 1 util/log/clog.go:1196  [config] running on machine: 3c30aa2982ae
I200512 19:26:48.835930 1 util/log/clog.go:1196  [config] binary: CockroachDB CCL v19.2.5 (x86_64-unknown-linux-gnu, built 2020/03/16 18:27:12, go1.12.12)
I200512 19:26:48.835930 1 util/log/clog.go:1196  [config] arguments: [/cockroach/cockroach start --insecure --store=attrs=ssd,path=/var/lib/cockroach/]
I200512 19:26:48.835930 1 util/log/clog.go:1196  line format: [IWEF]yymmdd hh:mm:ss.uuuuuu goid file:line msg utf8=✓
I200512 19:26:48.835929 1 cli/start.go:1144  logging to directory /var/lib/cockroach/logs
W200512 19:26:48.857909 1 cli/start.go:1182  RUNNING IN INSECURE MODE!

- Your cluster is open for any client that can access <all your IP addresses>.
- Any user, even root, can log in without providing a password.
- Any user, connecting as root, can read or write any data in your cluster.
- There is no network encryption nor authentication, and thus no confidentiality.

Check out how to secure your cluster: https://www.cockroachlabs.com/docs/v19.2/secure-a-cluster.html
I200512 19:26:48.858363 1 server/status/recorder.go:597  available memory from cgroups (8.0 EiB) is unsupported, using system memory 1.9 GiB instead: 
W200512 19:26:48.858420 1 cli/start.go:1052  Using the default setting for --cache (128 MiB).
  A significantly larger value is usually needed for good performance.
  If you have a dedicated server a reasonable setting is --cache=.25 (497 MiB).
I200512 19:26:48.858676 1 server/status/recorder.go:597  available memory from cgroups (8.0 EiB) is unsupported, using system memory 1.9 GiB instead: 
W200512 19:26:48.858691 1 cli/start.go:1065  Using the default setting for --max-sql-memory (128 MiB).
  A significantly larger value is usually needed in production.
  If you have a dedicated server a reasonable setting is --max-sql-memory=.25 (497 MiB).
I200512 19:26:48.859069 1 server/status/recorder.go:597  available memory from cgroups (8.0 EiB) is unsupported, using system memory 1.9 GiB instead: 
I200512 19:26:48.859080 1 cli/start.go:1196  CockroachDB CCL v19.2.5 (x86_64-unknown-linux-gnu, built 2020/03/16 18:27:12, go1.12.12)
W200512 19:26:49.118850 1 cli/start.go:511  running 'cockroach start' without --join is deprecated.
Consider using 'cockroach start-single-node' or 'cockroach init' instead.
I200512 19:26:49.132261 1 server/status/recorder.go:597  available memory from cgroups (8.0 EiB) is unsupported, using system memory 1.9 GiB instead: 
I200512 19:26:49.132287 1 server/config.go:394  system total memory: 1.9 GiB
I200512 19:26:49.132323 1 server/config.go:396  server configuration:
max offset             500000000
cache size             128 MiB
SQL memory pool size   128 MiB
scan interval          10m0s
scan min idle time     10ms
scan max idle time     1s
event log enabled      true
I200512 19:26:49.132333 1 cli/start.go:1030  using local environment variables: COCKROACH_CHANNEL=official-docker
I200512 19:26:49.132379 1 cli/start.go:1037  process identity: uid 0 euid 0 gid 0 egid 0
I200512 19:26:49.132448 1 cli/start.go:644  starting cockroach node
I200512 19:26:49.135998 11 storage/engine/rocksdb.go:622  opening rocksdb instance at "/var/lib/cockroach/cockroach-temp455254207"
I200512 19:26:49.278299 11 server/server.go:928  [n?] monitoring forward clock jumps based on server.clock.forward_jump_check_enabled
I200512 19:26:49.279780 11 storage/engine/rocksdb.go:622  opening rocksdb instance at "/var/lib/cockroach"
I200512 19:26:49.363986 11 server/config.go:502  [n?] 1 storage engine initialized
I200512 19:26:49.364007 11 server/config.go:505  [n?] RocksDB cache size: 128 MiB
I200512 19:26:49.364012 11 server/config.go:505  [n?] store 0: RocksDB, max size 0 B, max open file limit 1043576
W200512 19:26:49.403513 11 cli/start.go:996  neither --listen-addr nor --advertise-addr was specified.
The server will advertise "3c30aa2982ae" to other nodes, is this routable?

Consider using:
- for local-only servers:  --listen-addr=localhost
- for multi-node clusters: --advertise-addr=<host/IP addr>
I200512 19:26:49.406214 11 server/server.go:978  [n?] Sleeping till wall time 1589311609406183747 to catches up to 1589311609778268346 to ensure monotonicity. Delta: 372.084599ms
I200512 19:26:49.779548 11 gossip/gossip.go:394  [n1] NodeDescriptor set to node_id:1 address:<network_field:"tcp" address_field:"3c30aa2982ae:26257" > attrs:<> locality:<> ServerVersion:<major_val:19 minor_val:2 patch:0 unstable:0 > build_tag:"v19.2.5" started_at:1589311609779427753 cluster_name:"" sql_address:<network_field:"tcp" address_field:"3c30aa2982ae:26257" > 
W200512 19:26:49.812736 114 storage/replica_range_lease.go:554  can't determine lease status due to node liveness error: node not in the liveness table
github.com/cockroachdb/cockroach/pkg/storage.init.ializers
	/go/src/github.com/cockroachdb/cockroach/pkg/storage/node_liveness.go:44
runtime.main
	/usr/local/go/src/runtime/proc.go:188
runtime.goexit
	/usr/local/go/src/runtime/asm_amd64.s:1337
W200512 19:26:49.812756 114 storage/store.go:1530  [n1,s1,r6/1:/Table/{SystemCon…-11}] could not gossip system config: [NotLeaseHolderError] r6: replica (n1,s1):1 not lease holder; lease holder unknown
I200512 19:26:49.907303 11 server/node.go:431  [n1] initialized store [n1,s1]: disk (capacity=894 GiB, available=593 GiB, used=12 MiB, logicalBytes=57 MiB), ranges=38, leases=3, queries=0.00, writes=0.00, bytesPerReplica={p10=0.00 p25=0.00 p50=0.00 p75=13779.00 p90=104092.00 pMax=42255631.00}, writesPerReplica={p10=0.00 p25=0.00 p50=0.00 p75=0.00 p90=0.00 pMax=0.00}
I200512 19:26:49.907374 11 storage/stores.go:240  [n1] read 0 node addresses from persistent storage
I200512 19:26:49.907461 11 server/node.go:645  [n1] connecting to gossip network to verify cluster ID...
I200512 19:26:49.907474 11 server/node.go:665  [n1] node connected via gossip and verified as part of cluster "3d423bb5-5d67-4ebf-947b-999bec430444"
I200512 19:26:49.907514 11 server/node.go:512  [n1] node=1: started with [ssd=/var/lib/cockroach] engine(s) and attributes []
I200512 19:26:49.910580 11 server/server.go:1514  [n1] starting http server at [::]:8080 (use: 3c30aa2982ae:8080)
I200512 19:26:49.910591 11 server/server.go:1521  [n1] starting grpc/postgres server at [::]:26257
I200512 19:26:49.910599 11 server/server.go:1522  [n1] advertising CockroachDB node at 3c30aa2982ae:26257
I200512 19:26:49.922802 11 server/server.go:1590  [n1] done ensuring all necessary migrations have run
I200512 19:26:49.922822 11 server/server.go:1841  [n1] serving sql connections
I200512 19:26:49.922874 11 cli/start.go:803  [config] clusterID: 3d423bb5-5d67-4ebf-947b-999bec430444
I200512 19:26:49.922885 11 cli/start.go:812  node startup completed:
CockroachDB node starting at 2020-05-12 19:26:49.922834155 +0000 UTC (took 1.1s)
build:               CCL v19.2.5 @ 2020/03/16 18:27:12 (go1.12.12)
webui:               http://3c30aa2982ae:8080
sql:                 postgresql://root@3c30aa2982ae:26257?sslmode=disable
RPC client flags:    /cockroach/cockroach <client cmd> --host=3c30aa2982ae:26257 --insecure
logs:                /var/lib/cockroach/logs
temp dir:            /var/lib/cockroach/cockroach-temp455254207
external I/O path:   /var/lib/cockroach/extern
store[0]:            path=/var/lib/cockroach,attrs=ssd
status:              restarted pre-existing node
clusterID:           3d423bb5-5d67-4ebf-947b-999bec430444
nodeID:              1
I200512 19:26:49.926376 267 server/server_update.go:53  [n1] no need to upgrade, cluster already at the newest version
I200512 19:26:49.940803 269 sql/event_log.go:130  [n1] Event: "node_restart", target: 1, info: {Descriptor:{NodeID:1 Address:3c30aa2982ae:26257 Attrs: Locality: ServerVersion:19.2 BuildTag:v19.2.5 StartedAt:1589311609779427753 LocalityAddress:[] ClusterName: SQLAddress:3c30aa2982ae:26257} ClusterID:3d423bb5-5d67-4ebf-947b-999bec430444 StartedAt:1589311609779427753 LastUp:1589311603195152952}
I200512 19:26:50.951287 271 server/updates.go:267  [n1] A new version is available: 20.1.0, details: https://www.cockroachlabs.com/docs/releases/v20.1.0.html
I200512 19:26:51.091677 70 gossip/gossip.go:1531  [n1] node has connected to cluster via gossip
I200512 19:26:51.091760 70 storage/stores.go:259  [n1] wrote 0 node addresses to persistent storage
I200512 19:26:59.911673 212 server/status/runtime.go:498  [n1] runtime stats: 153 MiB RSS, 117 goroutines, 102 MiB/22 MiB/135 MiB GO alloc/idle/total, 15 MiB/18 MiB CGO alloc/total, 0.0 CGO/sec, 0.0/0.0 %(u/s)time, 0.0 %gc (9x), 33 KiB/42 KiB (r/w)net
I200512 19:27:09.911850 212 server/status/runtime.go:498  [n1] runtime stats: 163 MiB RSS, 117 goroutines, 111 MiB/13 MiB/135 MiB GO alloc/idle/total, 15 MiB/18 MiB CGO alloc/total, 75.3 CGO/sec, 0.6/0.3 %(u/s)time, 0.0 %gc (0x), 678 B/534 B (r/w)net
I200512 19:27:09.917802 122 storage/store.go:2364  [n1,s1] sstables (read amplification = 1):
6 [ 7M 2 ]: 4M 3M
I200512 19:27:09.917875 122 storage/store.go:2365  [n1,s1] 
** Compaction Stats [default] **
Level    Files   Size     Score Read(GB)  Rn(GB) Rnp1(GB) Write(GB) Wnew(GB) Moved(GB) W-Amp Rd(MB/s) Wr(MB/s) Comp(sec) CompMergeCPU(sec) Comp(cnt) Avg(sec) KeyIn KeyDrop
----------------------------------------------------------------------------------------------------------------------------------------------------------------------------
  L0      0/0    0.00 KB   0.0      0.0     0.0      0.0       0.0      0.0       0.0   1.0      0.0      3.3      0.01              0.00         1    0.014       0      0
  L6      2/0    7.05 MB   0.0      0.0     0.0      0.0       0.0      0.0       0.0  61.3     42.7     42.0      0.17              0.07         1    0.168     30K    916
 Sum      2/0    7.05 MB   0.0      0.0     0.0      0.0       0.0      0.0       0.0 151.3     39.3     39.0      0.18              0.07         2    0.091     30K    916
 Int      0/0    0.00 KB   0.0      0.0     0.0      0.0       0.0      0.0       0.0 151.3     39.3     39.0      0.18              0.07         2    0.091     30K    916

** Compaction Stats [default] **
Priority    Files   Size     Score Read(GB)  Rn(GB) Rnp1(GB) Write(GB) Wnew(GB) Moved(GB) W-Amp Rd(MB/s) Wr(MB/s) Comp(sec) CompMergeCPU(sec) Comp(cnt) Avg(sec) KeyIn KeyDrop
-------------------------------------------------------------------------------------------------------------------------------------------------------------------------------
 Low      0/0    0.00 KB   0.0      0.0     0.0      0.0       0.0      0.0       0.0   0.0     42.7     42.0      0.17              0.07         1    0.168     30K    916
User      0/0    0.00 KB   0.0      0.0     0.0      0.0       0.0      0.0       0.0   0.0      0.0      3.3      0.01              0.00         1    0.014       0      0
Uptime(secs): 20.6 total, 20.6 interval
Flush(GB): cumulative 0.000, interval 0.000
AddFile(GB): cumulative 0.000, interval 0.000
AddFile(Total Files): cumulative 0, interval 0
AddFile(L0 Files): cumulative 0, interval 0
AddFile(Keys): cumulative 0, interval 0
Cumulative compaction: 0.01 GB write, 0.34 MB/s write, 0.01 GB read, 0.35 MB/s read, 0.2 seconds
Interval compaction: 0.01 GB write, 0.34 MB/s write, 0.01 GB read, 0.35 MB/s read, 0.2 seconds
Stalls(count): 0 level0_slowdown, 0 level0_slowdown_with_compaction, 0 level0_numfiles, 0 level0_numfiles_with_compaction, 0 stop for pending_compaction_bytes, 0 slowdown for pending_compaction_bytes, 0 memtable_compaction, 0 memtable_slowdown, interval 0 total count
estimated_pending_compaction_bytes: 0 B
I200512 19:27:19.911989 212 server/status/runtime.go:498  [n1] runtime stats: 172 MiB RSS, 117 goroutines, 120 MiB/4.5 MiB/135 MiB GO alloc/idle/total, 15 MiB/18 MiB CGO alloc/total, 44.0 CGO/sec, 0.5/0.3 %(u/s)time, 0.0 %gc (0x), 108 B/108 B (r/w)net
I200512 19:27:29.912826 212 server/status/runtime.go:498  [n1] runtime stats: 174 MiB RSS, 118 goroutines, 85 MiB/34 MiB/135 MiB GO alloc/idle/total, 15 MiB/19 MiB CGO alloc/total, 54.0 CGO/sec, 0.6/0.2 %(u/s)time, 0.0 %gc (1x), 182 B/42 B (r/w)net
I200512 19:27:39.912231 212 server/status/runtime.go:498  [n1] runtime stats: 174 MiB RSS, 118 goroutines, 92 MiB/29 MiB/135 MiB GO alloc/idle/total, 15 MiB/19 MiB CGO alloc/total, 27.8 CGO/sec, 0.4/0.2 %(u/s)time, 0.0 %gc (0x), 0 B/0 B (r/w)net
I200512 19:27:49.907806 123 gossip/gossip.go:566  [n1] gossip status (ok, 1 node)
gossip client (0/3 cur/max conns)
gossip server (0/3 cur/max conns, infos 0/0 sent/received, bytes 0B/0B sent/received)
gossip connectivity
  n1 [sentinel];
I200512 19:27:49.912295 212 server/status/runtime.go:498  [n1] runtime stats: 175 MiB RSS, 118 goroutines, 98 MiB/23 MiB/135 MiB GO alloc/idle/total, 15 MiB/19 MiB CGO alloc/total, 25.1 CGO/sec, 0.4/0.1 %(u/s)time, 0.0 %gc (0x), 0 B/0 B (r/w)net
I200512 19:27:59.912487 212 server/status/runtime.go:498  [n1] runtime stats: 175 MiB RSS, 117 goroutines, 108 MiB/16 MiB/135 MiB GO alloc/idle/total, 15 MiB/19 MiB CGO alloc/total, 92.4 CGO/sec, 0.5/0.2 %(u/s)time, 0.0 %gc (0x), 140 B/0 B (r/w)net
I200512 19:28:09.912446 212 server/status/runtime.go:498  [n1] runtime stats: 177 MiB RSS, 117 goroutines, 114 MiB/9.7 MiB/135 MiB GO alloc/idle/total, 15 MiB/19 MiB CGO alloc/total, 26.1 CGO/sec, 0.3/0.2 %(u/s)time, 0.0 %gc (0x), 66 B/66 B (r/w)net
I200512 19:28:19.912624 212 server/status/runtime.go:498  [n1] runtime stats: 179 MiB RSS, 117 goroutines, 120 MiB/3.9 MiB/135 MiB GO alloc/idle/total, 15 MiB/19 MiB CGO alloc/total, 25.3 CGO/sec, 0.2/0.1 %(u/s)time, 0.0 %gc (0x), 84 B/84 B (r/w)net
I200512 19:28:29.912684 212 server/status/runtime.go:498  [n1] runtime stats: 183 MiB RSS, 118 goroutines, 128 MiB/60 MiB/201 MiB GO alloc/idle/total, 15 MiB/19 MiB CGO alloc/total, 26.7 CGO/sec, 0.3/0.3 %(u/s)time, 0.0 %gc (0x), 0 B/0 B (r/w)net
I200512 19:28:39.912776 212 server/status/runtime.go:498  [n1] runtime stats: 191 MiB RSS, 118 goroutines, 136 MiB/52 MiB/201 MiB GO alloc/idle/total, 15 MiB/19 MiB CGO alloc/total, 23.9 CGO/sec, 0.3/0.2 %(u/s)time, 0.0 %gc (0x), 0 B/0 B (r/w)net
I200512 19:28:49.907790 123 gossip/gossip.go:566  [n1] gossip status (ok, 1 node)
gossip client (0/3 cur/max conns)
gossip server (0/3 cur/max conns, infos 0/0 sent/received, bytes 0B/0B sent/received)
I200512 19:28:49.913069 212 server/status/runtime.go:498  [n1] runtime stats: 199 MiB RSS, 118 goroutines, 84 MiB/99 MiB/201 MiB GO alloc/idle/total, 15 MiB/19 MiB CGO alloc/total, 26.0 CGO/sec, 0.5/0.2 %(u/s)time, 0.0 %gc (1x), 0 B/0 B (r/w)net
I200512 19:28:59.913038 212 server/status/runtime.go:498  [n1] runtime stats: 200 MiB RSS, 117 goroutines, 91 MiB/93 MiB/201 MiB GO alloc/idle/total, 15 MiB/19 MiB CGO alloc/total, 49.7 CGO/sec, 0.3/0.2 %(u/s)time, 0.0 %gc (0x), 0 B/0 B (r/w)net
I200512 19:29:09.913127 212 server/status/runtime.go:498  [n1] runtime stats: 200 MiB RSS, 117 goroutines, 98 MiB/88 MiB/201 MiB GO alloc/idle/total, 15 MiB/19 MiB CGO alloc/total, 29.0 CGO/sec, 0.3/0.1 %(u/s)time, 0.0 %gc (0x), 576 B/510 B (r/w)net
I200512 19:29:12.100673 1 cli/start.go:865  received signal 'terminated'
I200512 19:29:12.101040 1 cli/start.go:930  initiating graceful shutdown of server
I200512 19:29:12.115319 2095 util/stop/stopper.go:542  [server drain process] quiescing; tasks left:
1      [async] intent_resolver_ir_batcher
1      [async] intent_resolver_gc_batcher
1      [async] closedts-rangefeed-subscriber
I200512 19:29:12.119289 2095 util/stop/stopper.go:542  [server drain process] quiescing; tasks left:
1      [async] intent_resolver_gc_batcher
1      [async] closedts-rangefeed-subscriber
W200512 19:29:12.121716 62 vendor/google.golang.org/grpc/clientconn.go:1206  grpc: addrConn.createTransport failed to connect to {3c30aa2982ae:26257 0  <nil>}. Err :connection error: desc = "transport: failed to write client preface: io: read/write on closed pipe". Reconnecting...
I200512 19:29:12.122096 2095 util/stop/stopper.go:542  [server drain process] quiescing; tasks left:
1      [async] closedts-rangefeed-subscriber
I200512 19:29:12.122782 2095 storage/engine/rocksdb.go:762  closing rocksdb instance at "/var/lib/cockroach/cockroach-temp455254207"
I200512 19:29:12.134475 2095 storage/engine/rocksdb.go:762  closing rocksdb instance at "/var/lib/cockroach"
I200512 19:29:12.143653 1 cli/start.go:976  server drained and shutdown completed
