I200520 23:58:39.785716 34 util/log/clog.go:1196  [config] file created at: 2020/05/20 23:58:39
I200520 23:58:39.785716 34 util/log/clog.go:1196  [config] running on machine: 4b93edbe0f22
I200520 23:58:39.785716 34 util/log/clog.go:1196  [config] binary: CockroachDB CCL v19.2.5 (x86_64-unknown-linux-gnu, built 2020/03/16 18:27:12, go1.12.12)
I200520 23:58:39.785716 34 util/log/clog.go:1196  [config] arguments: [/cockroach/cockroach start --insecure --store=attrs=ssd,path=/var/lib/cockroach/]
I200520 23:58:39.785716 34 util/log/clog.go:1196  line format: [IWEF]yymmdd hh:mm:ss.uuuuuu goid file:line msg utf8=✓
I200520 23:58:39.785715 34 storage/engine/rocksdb.go:120  RocksDB version: 6.2.1
I200520 23:58:39.792657 34 storage/engine/rocksdb.go:120  Git sha rocksdb_build_git_sha:@b7009236531fa784872f4823eabf393501e41bf2@
I200520 23:58:40.050634 34 storage/engine/rocksdb.go:120  Compile date Mar 16 2020
I200520 23:58:40.050638 34 storage/engine/rocksdb.go:120  DB SUMMARY
I200520 23:58:40.051705 34 storage/engine/rocksdb.go:120  SST files in /var/lib/cockroach/cockroach-temp782124641 dir, Total Num: 0, files: 
I200520 23:58:40.051709 34 storage/engine/rocksdb.go:120  Write Ahead Log file in /var/lib/cockroach/cockroach-temp782124641: 
I200520 23:58:40.051713 34 storage/engine/rocksdb.go:120                          Options.error_if_exists: 0
I200520 23:58:40.051716 34 storage/engine/rocksdb.go:120                        Options.create_if_missing: 1
I200520 23:58:40.051719 34 storage/engine/rocksdb.go:120                          Options.paranoid_checks: 1
I200520 23:58:40.051722 34 storage/engine/rocksdb.go:120                                      Options.env: 0x75757a0
I200520 23:58:40.051725 34 storage/engine/rocksdb.go:120                                 Options.info_log: 0x7f4ab84270e0
I200520 23:58:40.051750 34 storage/engine/rocksdb.go:120                 Options.max_file_opening_threads: 16
I200520 23:58:40.051756 34 storage/engine/rocksdb.go:120                               Options.statistics: 0x7f4ab8434010
I200520 23:58:40.051760 34 storage/engine/rocksdb.go:120                                Options.use_fsync: 0
I200520 23:58:40.051763 34 storage/engine/rocksdb.go:120                        Options.max_log_file_size: 0
I200520 23:58:40.051765 34 storage/engine/rocksdb.go:120                   Options.max_manifest_file_size: 134217728
I200520 23:58:40.051768 34 storage/engine/rocksdb.go:120                    Options.log_file_time_to_roll: 0
I200520 23:58:40.051771 34 storage/engine/rocksdb.go:120                        Options.keep_log_file_num: 1000
I200520 23:58:40.051773 34 storage/engine/rocksdb.go:120                     Options.recycle_log_file_num: 1
I200520 23:58:40.051776 34 storage/engine/rocksdb.go:120                          Options.allow_fallocate: 1
I200520 23:58:40.051779 34 storage/engine/rocksdb.go:120                         Options.allow_mmap_reads: 0
I200520 23:58:40.051781 34 storage/engine/rocksdb.go:120                        Options.allow_mmap_writes: 0
I200520 23:58:40.051784 34 storage/engine/rocksdb.go:120                         Options.use_direct_reads: 0
I200520 23:58:40.051787 34 storage/engine/rocksdb.go:120                         Options.use_direct_io_for_flush_and_compaction: 0
I200520 23:58:40.051790 34 storage/engine/rocksdb.go:120           Options.create_missing_column_families: 0
I200520 23:58:40.051792 34 storage/engine/rocksdb.go:120                               Options.db_log_dir: 
I200520 23:58:40.051795 34 storage/engine/rocksdb.go:120                                  Options.wal_dir: /var/lib/cockroach/cockroach-temp782124641
I200520 23:58:40.051798 34 storage/engine/rocksdb.go:120                 Options.table_cache_numshardbits: 6
I200520 23:58:40.051800 34 storage/engine/rocksdb.go:120                       Options.max_subcompactions: 1
I200520 23:58:40.051803 34 storage/engine/rocksdb.go:120                   Options.max_background_flushes: -1
I200520 23:58:40.051806 34 storage/engine/rocksdb.go:120                          Options.WAL_ttl_seconds: 0
I200520 23:58:40.051808 34 storage/engine/rocksdb.go:120                        Options.WAL_size_limit_MB: 0
I200520 23:58:40.051811 34 storage/engine/rocksdb.go:120              Options.manifest_preallocation_size: 4194304
I200520 23:58:40.051814 34 storage/engine/rocksdb.go:120                      Options.is_fd_close_on_exec: 1
I200520 23:58:40.051816 34 storage/engine/rocksdb.go:120                    Options.advise_random_on_open: 1
I200520 23:58:40.051819 34 storage/engine/rocksdb.go:120                     Options.db_write_buffer_size: 0
I200520 23:58:40.051822 34 storage/engine/rocksdb.go:120                     Options.write_buffer_manager: 0x7f4ab84190f0
I200520 23:58:40.051825 34 storage/engine/rocksdb.go:120          Options.access_hint_on_compaction_start: 1
I200520 23:58:40.051827 34 storage/engine/rocksdb.go:120   Options.new_table_reader_for_compaction_inputs: 0
I200520 23:58:40.051830 34 storage/engine/rocksdb.go:120            Options.random_access_max_buffer_size: 1048576
I200520 23:58:40.051833 34 storage/engine/rocksdb.go:120                       Options.use_adaptive_mutex: 0
I200520 23:58:40.051836 34 storage/engine/rocksdb.go:120                             Options.rate_limiter: (nil)
I200520 23:58:40.051839 34 storage/engine/rocksdb.go:120      Options.sst_file_manager.rate_bytes_per_sec: 0
I200520 23:58:40.051842 34 storage/engine/rocksdb.go:120                        Options.wal_recovery_mode: 0
I200520 23:58:40.051844 34 storage/engine/rocksdb.go:120                   Options.enable_thread_tracking: 0
I200520 23:58:40.051847 34 storage/engine/rocksdb.go:120                   Options.enable_pipelined_write: 0
I200520 23:58:40.051850 34 storage/engine/rocksdb.go:120          Options.allow_concurrent_memtable_write: 1
I200520 23:58:40.051852 34 storage/engine/rocksdb.go:120       Options.enable_write_thread_adaptive_yield: 1
I200520 23:58:40.051855 34 storage/engine/rocksdb.go:120              Options.write_thread_max_yield_usec: 100
I200520 23:58:40.051858 34 storage/engine/rocksdb.go:120             Options.write_thread_slow_yield_usec: 3
I200520 23:58:40.051860 34 storage/engine/rocksdb.go:120                                Options.row_cache: None
I200520 23:58:40.051863 34 storage/engine/rocksdb.go:120                               Options.wal_filter: None
I200520 23:58:40.051866 34 storage/engine/rocksdb.go:120              Options.avoid_flush_during_recovery: 0
I200520 23:58:40.051868 34 storage/engine/rocksdb.go:120              Options.allow_ingest_behind: 0
I200520 23:58:40.051871 34 storage/engine/rocksdb.go:120              Options.preserve_deletes: 0
I200520 23:58:40.051874 34 storage/engine/rocksdb.go:120              Options.two_write_queues: 0
I200520 23:58:40.051877 34 storage/engine/rocksdb.go:120              Options.manual_wal_flush: 1
I200520 23:58:40.051879 34 storage/engine/rocksdb.go:120              Options.atomic_flush: 0
I200520 23:58:40.051882 34 storage/engine/rocksdb.go:120              Options.avoid_unnecessary_blocking_io: 0
I200520 23:58:40.051885 34 storage/engine/rocksdb.go:120              Options.max_background_jobs: 2
I200520 23:58:40.051887 34 storage/engine/rocksdb.go:120              Options.max_background_compactions: -1
I200520 23:58:40.051890 34 storage/engine/rocksdb.go:120              Options.avoid_flush_during_shutdown: 0
I200520 23:58:40.051892 34 storage/engine/rocksdb.go:120            Options.writable_file_max_buffer_size: 1048576
I200520 23:58:40.051895 34 storage/engine/rocksdb.go:120              Options.delayed_write_rate : 16777216
I200520 23:58:40.051898 34 storage/engine/rocksdb.go:120              Options.max_total_wal_size: 0
I200520 23:58:40.051900 34 storage/engine/rocksdb.go:120              Options.delete_obsolete_files_period_micros: 21600000000
I200520 23:58:40.051903 34 storage/engine/rocksdb.go:120                    Options.stats_dump_period_sec: 0
I200520 23:58:40.051906 34 storage/engine/rocksdb.go:120                  Options.stats_persist_period_sec: 600
I200520 23:58:40.051908 34 storage/engine/rocksdb.go:120                  Options.stats_history_buffer_size: 1048576
I200520 23:58:40.051911 34 storage/engine/rocksdb.go:120                           Options.max_open_files: 128
I200520 23:58:40.051914 34 storage/engine/rocksdb.go:120                           Options.bytes_per_sync: 524288
I200520 23:58:40.051917 34 storage/engine/rocksdb.go:120                       Options.wal_bytes_per_sync: 0
I200520 23:58:40.051919 34 storage/engine/rocksdb.go:120                    Options.strict_bytes_per_sync: 1
I200520 23:58:40.051922 34 storage/engine/rocksdb.go:120        Options.compaction_readahead_size: 0
I200520 23:58:40.051925 34 storage/engine/rocksdb.go:120  Compression algorithms supported:
I200520 23:58:40.051928 34 storage/engine/rocksdb.go:120  	kZSTDNotFinalCompression supported: 0
I200520 23:58:40.051930 34 storage/engine/rocksdb.go:120  	kZSTD supported: 0
I200520 23:58:40.051933 34 storage/engine/rocksdb.go:120  	kXpressCompression supported: 0
I200520 23:58:40.051936 34 storage/engine/rocksdb.go:120  	kLZ4HCCompression supported: 0
I200520 23:58:40.051939 34 storage/engine/rocksdb.go:120  	kLZ4Compression supported: 0
I200520 23:58:40.051941 34 storage/engine/rocksdb.go:120  	kBZip2Compression supported: 0
I200520 23:58:40.051944 34 storage/engine/rocksdb.go:120  	kZlibCompression supported: 0
I200520 23:58:40.051947 34 storage/engine/rocksdb.go:120  	kSnappyCompression supported: 1
I200520 23:58:40.051954 34 storage/engine/rocksdb.go:120  Fast CRC32 supported: Supported on x86
I200520 23:58:40.053842 34 storage/engine/rocksdb.go:120  [db/db_impl_open.cc:242] Creating manifest 1 
I200520 23:58:40.070287 34 storage/engine/rocksdb.go:120  [db/version_set.cc:4072] Recovering from manifest file: /var/lib/cockroach/cockroach-temp782124641/MANIFEST-000001
I200520 23:58:40.072117 34 storage/engine/rocksdb.go:120  [db/column_family.cc:488] --------------- Options for column family [default]:
I200520 23:58:40.072124 34 storage/engine/rocksdb.go:120                Options.comparator: cockroach_comparator
I200520 23:58:40.072127 34 storage/engine/rocksdb.go:120            Options.merge_operator: cockroach_merge_operator
I200520 23:58:40.072130 34 storage/engine/rocksdb.go:120         Options.compaction_filter: None
I200520 23:58:40.072133 34 storage/engine/rocksdb.go:120         Options.compaction_filter_factory: None
I200520 23:58:40.072136 34 storage/engine/rocksdb.go:120          Options.memtable_factory: SkipListFactory
I200520 23:58:40.072139 34 storage/engine/rocksdb.go:120             Options.table_factory: BlockBasedTable
I200520 23:58:40.072159 34 storage/engine/rocksdb.go:120             table_factory options:   flush_block_policy_factory: FlushBlockBySizePolicyFactory (0x7f4ab8428030)
  cache_index_and_filter_blocks: 0
  cache_index_and_filter_blocks_with_high_priority: 0
  pin_l0_filter_and_index_blocks_in_cache: 0
  pin_top_level_index_and_filter: 1
  index_type: 0
  data_block_index_type: 0
  index_shortening: 1
  data_block_hash_table_util_ratio: 0.750000
  hash_index_allow_collision: 1
  checksum: 1
  no_block_cache: 0
  block_cache: 0x7f4ab841c010
  block_cache_name: LRUCache
  block_cache_options:
    capacity : 1048576
    num_shard_bits : 4
    strict_capacity_limit : 0
    memory_allocator : None
    high_pri_pool_ratio: 0.000
  block_cache_compressed: (nil)
  persistent_cache: (nil)
  block_size: 32768
  block_size_deviation: 10
  block_restart_interval: 16
  index_block_restart_interval: 1
  metadata_block_size: 4096
  partition_filters: 0
  use_delta_encoding: 1
  filter_policy: rocksdb.BuiltinBloomFilter
  whole_key_filtering: 0
  verify_compression: 0
  read_amp_bytes_per_bit: 0
  format_version: 2
  enable_index_compression: 1
  block_align: 0
I200520 23:58:40.072163 34 storage/engine/rocksdb.go:120         Options.write_buffer_size: 67108864
I200520 23:58:40.072168 34 storage/engine/rocksdb.go:120   Options.max_write_buffer_number: 4
I200520 23:58:40.072170 34 storage/engine/rocksdb.go:120           Options.compression: Snappy
I200520 23:58:40.072173 34 storage/engine/rocksdb.go:120                   Options.bottommost_compression: Disabled
I200520 23:58:40.072176 34 storage/engine/rocksdb.go:120        Options.prefix_extractor: cockroach_prefix_extractor
I200520 23:58:40.072179 34 storage/engine/rocksdb.go:120    Options.memtable_insert_with_hint_prefix_extractor: nullptr
I200520 23:58:40.072181 34 storage/engine/rocksdb.go:120              Options.num_levels: 7
I200520 23:58:40.072184 34 storage/engine/rocksdb.go:120         Options.min_write_buffer_number_to_merge: 1
I200520 23:58:40.072187 34 storage/engine/rocksdb.go:120      Options.max_write_buffer_number_to_maintain: 0
I200520 23:58:40.072190 34 storage/engine/rocksdb.go:120             Options.bottommost_compression_opts.window_bits: -14
I200520 23:58:40.072194 34 storage/engine/rocksdb.go:120                   Options.bottommost_compression_opts.level: 32767
I200520 23:58:40.072198 34 storage/engine/rocksdb.go:120                Options.bottommost_compression_opts.strategy: 0
I200520 23:58:40.072202 34 storage/engine/rocksdb.go:120          Options.bottommost_compression_opts.max_dict_bytes: 0
I200520 23:58:40.072205 34 storage/engine/rocksdb.go:120          Options.bottommost_compression_opts.zstd_max_train_bytes: 0
I200520 23:58:40.072208 34 storage/engine/rocksdb.go:120                   Options.bottommost_compression_opts.enabled: false
I200520 23:58:40.072212 34 storage/engine/rocksdb.go:120             Options.compression_opts.window_bits: -14
I200520 23:58:40.072215 34 storage/engine/rocksdb.go:120                   Options.compression_opts.level: 32767
I200520 23:58:40.072219 34 storage/engine/rocksdb.go:120                Options.compression_opts.strategy: 0
I200520 23:58:40.072222 34 storage/engine/rocksdb.go:120          Options.compression_opts.max_dict_bytes: 0
I200520 23:58:40.072225 34 storage/engine/rocksdb.go:120          Options.compression_opts.zstd_max_train_bytes: 0
I200520 23:58:40.072228 34 storage/engine/rocksdb.go:120                   Options.compression_opts.enabled: false
I200520 23:58:40.072230 34 storage/engine/rocksdb.go:120       Options.level0_file_num_compaction_trigger: 2
I200520 23:58:40.072233 34 storage/engine/rocksdb.go:120           Options.level0_slowdown_writes_trigger: 950
I200520 23:58:40.072236 34 storage/engine/rocksdb.go:120               Options.level0_stop_writes_trigger: 1000
I200520 23:58:40.072239 34 storage/engine/rocksdb.go:120                    Options.target_file_size_base: 4194304
I200520 23:58:40.072242 34 storage/engine/rocksdb.go:120              Options.target_file_size_multiplier: 2
I200520 23:58:40.072244 34 storage/engine/rocksdb.go:120                 Options.max_bytes_for_level_base: 67108864
I200520 23:58:40.072247 34 storage/engine/rocksdb.go:120  Options.level_compaction_dynamic_level_bytes: 1
I200520 23:58:40.072250 34 storage/engine/rocksdb.go:120           Options.max_bytes_for_level_multiplier: 10.000000
I200520 23:58:40.072253 34 storage/engine/rocksdb.go:120  Options.max_bytes_for_level_multiplier_addtl[0]: 1
I200520 23:58:40.072256 34 storage/engine/rocksdb.go:120  Options.max_bytes_for_level_multiplier_addtl[1]: 1
I200520 23:58:40.072258 34 storage/engine/rocksdb.go:120  Options.max_bytes_for_level_multiplier_addtl[2]: 1
I200520 23:58:40.072261 34 storage/engine/rocksdb.go:120  Options.max_bytes_for_level_multiplier_addtl[3]: 1
I200520 23:58:40.072264 34 storage/engine/rocksdb.go:120  Options.max_bytes_for_level_multiplier_addtl[4]: 1
I200520 23:58:40.072266 34 storage/engine/rocksdb.go:120  Options.max_bytes_for_level_multiplier_addtl[5]: 1
I200520 23:58:40.072269 34 storage/engine/rocksdb.go:120  Options.max_bytes_for_level_multiplier_addtl[6]: 1
I200520 23:58:40.072272 34 storage/engine/rocksdb.go:120        Options.max_sequential_skip_in_iterations: 8
I200520 23:58:40.072277 34 storage/engine/rocksdb.go:120                     Options.max_compaction_bytes: 104857600
I200520 23:58:40.072280 34 storage/engine/rocksdb.go:120                         Options.arena_block_size: 8388608
I200520 23:58:40.072282 34 storage/engine/rocksdb.go:120    Options.soft_pending_compaction_bytes_limit: 2199023255552
I200520 23:58:40.072285 34 storage/engine/rocksdb.go:120    Options.hard_pending_compaction_bytes_limit: 4400193994752
I200520 23:58:40.072288 34 storage/engine/rocksdb.go:120        Options.rate_limit_delay_max_milliseconds: 100
I200520 23:58:40.072291 34 storage/engine/rocksdb.go:120                 Options.disable_auto_compactions: 0
I200520 23:58:40.072294 34 storage/engine/rocksdb.go:120                         Options.compaction_style: kCompactionStyleLevel
I200520 23:58:40.072297 34 storage/engine/rocksdb.go:120                           Options.compaction_pri: kMinOverlappingRatio
I200520 23:58:40.072300 34 storage/engine/rocksdb.go:120  Options.compaction_options_universal.size_ratio: 1
I200520 23:58:40.072303 34 storage/engine/rocksdb.go:120  Options.compaction_options_universal.min_merge_width: 2
I200520 23:58:40.072305 34 storage/engine/rocksdb.go:120  Options.compaction_options_universal.max_merge_width: 4294967295
I200520 23:58:40.072308 34 storage/engine/rocksdb.go:120  Options.compaction_options_universal.max_size_amplification_percent: 200
I200520 23:58:40.072311 34 storage/engine/rocksdb.go:120  Options.compaction_options_universal.compression_size_percent: -1
I200520 23:58:40.072314 34 storage/engine/rocksdb.go:120  Options.compaction_options_universal.stop_style: kCompactionStopStyleTotalSize
I200520 23:58:40.072317 34 storage/engine/rocksdb.go:120  Options.compaction_options_fifo.max_table_files_size: 1073741824
I200520 23:58:40.072319 34 storage/engine/rocksdb.go:120  Options.compaction_options_fifo.allow_compaction: 0
I200520 23:58:40.072323 34 storage/engine/rocksdb.go:120                    Options.table_properties_collectors: TimeBoundTblPropCollectorFactory; DeleteRangeTblPropCollectorFactory; 
I200520 23:58:40.072327 34 storage/engine/rocksdb.go:120                    Options.inplace_update_support: 0
I200520 23:58:40.072330 34 storage/engine/rocksdb.go:120                  Options.inplace_update_num_locks: 10000
I200520 23:58:40.072332 34 storage/engine/rocksdb.go:120                Options.memtable_prefix_bloom_size_ratio: 0.000000
I200520 23:58:40.072335 34 storage/engine/rocksdb.go:120                Options.memtable_whole_key_filtering: 0
I200520 23:58:40.072338 34 storage/engine/rocksdb.go:120    Options.memtable_huge_page_size: 0
I200520 23:58:40.072340 34 storage/engine/rocksdb.go:120                            Options.bloom_locality: 0
I200520 23:58:40.072343 34 storage/engine/rocksdb.go:120                     Options.max_successive_merges: 0
I200520 23:58:40.072346 34 storage/engine/rocksdb.go:120                 Options.optimize_filters_for_hits: 1
I200520 23:58:40.072349 34 storage/engine/rocksdb.go:120                 Options.paranoid_file_checks: 0
I200520 23:58:40.072352 34 storage/engine/rocksdb.go:120                 Options.force_consistency_checks: 0
I200520 23:58:40.072355 34 storage/engine/rocksdb.go:120                 Options.report_bg_io_stats: 0
I200520 23:58:40.072357 34 storage/engine/rocksdb.go:120                                Options.ttl: 0
I200520 23:58:40.072361 34 storage/engine/rocksdb.go:120           Options.periodic_compaction_seconds: 0
I200520 23:58:40.073462 34 storage/engine/rocksdb.go:120  [db/version_set.cc:4286] Recovered from manifest file:/var/lib/cockroach/cockroach-temp782124641/MANIFEST-000001 succeeded,manifest_file_number is 1, next_file_number is 3, last_sequence is 0, log_number is 0,prev_log_number is 0,max_column_family is 0,min_log_number_to_keep is 0
I200520 23:58:40.073469 34 storage/engine/rocksdb.go:120  [db/version_set.cc:4295] Column family [default] (ID 0), log number is 0
I200520 23:58:40.092240 34 storage/engine/rocksdb.go:120  DB pointer 0x7f4ab84a4000
I200520 23:58:40.107306 34 storage/engine/rocksdb.go:120  RocksDB version: 6.2.1
I200520 23:58:40.107314 34 storage/engine/rocksdb.go:120  Git sha rocksdb_build_git_sha:@b7009236531fa784872f4823eabf393501e41bf2@
I200520 23:58:40.107317 34 storage/engine/rocksdb.go:120  Compile date Mar 16 2020
I200520 23:58:40.107320 34 storage/engine/rocksdb.go:120  DB SUMMARY
I200520 23:58:40.108452 34 storage/engine/rocksdb.go:120  CURRENT file:  CURRENT
I200520 23:58:40.108456 34 storage/engine/rocksdb.go:120  IDENTITY file:  IDENTITY
I200520 23:58:40.108811 34 storage/engine/rocksdb.go:120  MANIFEST file:  MANIFEST-001067 size: 1752 Bytes
I200520 23:58:40.108818 34 storage/engine/rocksdb.go:120  SST files in /var/lib/cockroach dir, Total Num: 6, files: 001071.sst 001072.sst 001073.sst 001074.sst 001075.sst 001076.sst 
I200520 23:58:40.108821 34 storage/engine/rocksdb.go:120  Write Ahead Log file in /var/lib/cockroach: 001068.log size: 1385506 ; 
I200520 23:58:40.108825 34 storage/engine/rocksdb.go:120                          Options.error_if_exists: 0
I200520 23:58:40.108828 34 storage/engine/rocksdb.go:120                        Options.create_if_missing: 1
I200520 23:58:40.108831 34 storage/engine/rocksdb.go:120                          Options.paranoid_checks: 1
I200520 23:58:40.108833 34 storage/engine/rocksdb.go:120                                      Options.env: 0x75757a0
I200520 23:58:40.108837 34 storage/engine/rocksdb.go:120                                 Options.info_log: 0x7f4ab8427260
I200520 23:58:40.108839 34 storage/engine/rocksdb.go:120                 Options.max_file_opening_threads: 16
I200520 23:58:40.108849 34 storage/engine/rocksdb.go:120                               Options.statistics: 0x7f4ab8434080
I200520 23:58:40.108852 34 storage/engine/rocksdb.go:120                                Options.use_fsync: 0
I200520 23:58:40.108855 34 storage/engine/rocksdb.go:120                        Options.max_log_file_size: 0
I200520 23:58:40.108858 34 storage/engine/rocksdb.go:120                   Options.max_manifest_file_size: 134217728
I200520 23:58:40.108860 34 storage/engine/rocksdb.go:120                    Options.log_file_time_to_roll: 0
I200520 23:58:40.108863 34 storage/engine/rocksdb.go:120                        Options.keep_log_file_num: 1000
I200520 23:58:40.108866 34 storage/engine/rocksdb.go:120                     Options.recycle_log_file_num: 1
I200520 23:58:40.108869 34 storage/engine/rocksdb.go:120                          Options.allow_fallocate: 1
I200520 23:58:40.108871 34 storage/engine/rocksdb.go:120                         Options.allow_mmap_reads: 0
I200520 23:58:40.108874 34 storage/engine/rocksdb.go:120                        Options.allow_mmap_writes: 0
I200520 23:58:40.108877 34 storage/engine/rocksdb.go:120                         Options.use_direct_reads: 0
I200520 23:58:40.108879 34 storage/engine/rocksdb.go:120                         Options.use_direct_io_for_flush_and_compaction: 0
I200520 23:58:40.108882 34 storage/engine/rocksdb.go:120           Options.create_missing_column_families: 0
I200520 23:58:40.108885 34 storage/engine/rocksdb.go:120                               Options.db_log_dir: 
I200520 23:58:40.108887 34 storage/engine/rocksdb.go:120                                  Options.wal_dir: /var/lib/cockroach
I200520 23:58:40.108890 34 storage/engine/rocksdb.go:120                 Options.table_cache_numshardbits: 6
I200520 23:58:40.108893 34 storage/engine/rocksdb.go:120                       Options.max_subcompactions: 1
I200520 23:58:40.108895 34 storage/engine/rocksdb.go:120                   Options.max_background_flushes: -1
I200520 23:58:40.108898 34 storage/engine/rocksdb.go:120                          Options.WAL_ttl_seconds: 0
I200520 23:58:40.108901 34 storage/engine/rocksdb.go:120                        Options.WAL_size_limit_MB: 0
I200520 23:58:40.108903 34 storage/engine/rocksdb.go:120              Options.manifest_preallocation_size: 4194304
I200520 23:58:40.108906 34 storage/engine/rocksdb.go:120                      Options.is_fd_close_on_exec: 1
I200520 23:58:40.108909 34 storage/engine/rocksdb.go:120                    Options.advise_random_on_open: 1
I200520 23:58:40.108911 34 storage/engine/rocksdb.go:120                     Options.db_write_buffer_size: 0
I200520 23:58:40.108914 34 storage/engine/rocksdb.go:120                     Options.write_buffer_manager: 0x7f4ab8419090
I200520 23:58:40.108916 34 storage/engine/rocksdb.go:120          Options.access_hint_on_compaction_start: 1
I200520 23:58:40.108919 34 storage/engine/rocksdb.go:120   Options.new_table_reader_for_compaction_inputs: 0
I200520 23:58:40.108922 34 storage/engine/rocksdb.go:120            Options.random_access_max_buffer_size: 1048576
I200520 23:58:40.108924 34 storage/engine/rocksdb.go:120                       Options.use_adaptive_mutex: 0
I200520 23:58:40.108927 34 storage/engine/rocksdb.go:120                             Options.rate_limiter: (nil)
I200520 23:58:40.108930 34 storage/engine/rocksdb.go:120      Options.sst_file_manager.rate_bytes_per_sec: 0
I200520 23:58:40.108933 34 storage/engine/rocksdb.go:120                        Options.wal_recovery_mode: 0
I200520 23:58:40.108936 34 storage/engine/rocksdb.go:120                   Options.enable_thread_tracking: 0
I200520 23:58:40.108938 34 storage/engine/rocksdb.go:120                   Options.enable_pipelined_write: 0
I200520 23:58:40.108941 34 storage/engine/rocksdb.go:120          Options.allow_concurrent_memtable_write: 1
I200520 23:58:40.108943 34 storage/engine/rocksdb.go:120       Options.enable_write_thread_adaptive_yield: 1
I200520 23:58:40.108946 34 storage/engine/rocksdb.go:120              Options.write_thread_max_yield_usec: 100
I200520 23:58:40.108949 34 storage/engine/rocksdb.go:120             Options.write_thread_slow_yield_usec: 3
I200520 23:58:40.108951 34 storage/engine/rocksdb.go:120                                Options.row_cache: None
I200520 23:58:40.108955 34 storage/engine/rocksdb.go:120                               Options.wal_filter: None
I200520 23:58:40.108957 34 storage/engine/rocksdb.go:120              Options.avoid_flush_during_recovery: 0
I200520 23:58:40.108960 34 storage/engine/rocksdb.go:120              Options.allow_ingest_behind: 0
I200520 23:58:40.108963 34 storage/engine/rocksdb.go:120              Options.preserve_deletes: 0
I200520 23:58:40.108966 34 storage/engine/rocksdb.go:120              Options.two_write_queues: 0
I200520 23:58:40.108968 34 storage/engine/rocksdb.go:120              Options.manual_wal_flush: 1
I200520 23:58:40.108971 34 storage/engine/rocksdb.go:120              Options.atomic_flush: 0
I200520 23:58:40.108974 34 storage/engine/rocksdb.go:120              Options.avoid_unnecessary_blocking_io: 0
I200520 23:58:40.108976 34 storage/engine/rocksdb.go:120              Options.max_background_jobs: 2
I200520 23:58:40.108979 34 storage/engine/rocksdb.go:120              Options.max_background_compactions: -1
I200520 23:58:40.108982 34 storage/engine/rocksdb.go:120              Options.avoid_flush_during_shutdown: 0
I200520 23:58:40.108985 34 storage/engine/rocksdb.go:120            Options.writable_file_max_buffer_size: 1048576
I200520 23:58:40.108987 34 storage/engine/rocksdb.go:120              Options.delayed_write_rate : 16777216
I200520 23:58:40.108990 34 storage/engine/rocksdb.go:120              Options.max_total_wal_size: 0
I200520 23:58:40.108993 34 storage/engine/rocksdb.go:120              Options.delete_obsolete_files_period_micros: 21600000000
I200520 23:58:40.108995 34 storage/engine/rocksdb.go:120                    Options.stats_dump_period_sec: 0
I200520 23:58:40.108998 34 storage/engine/rocksdb.go:120                  Options.stats_persist_period_sec: 600
I200520 23:58:40.109000 34 storage/engine/rocksdb.go:120                  Options.stats_history_buffer_size: 1048576
I200520 23:58:40.109003 34 storage/engine/rocksdb.go:120                           Options.max_open_files: 1043576
I200520 23:58:40.109006 34 storage/engine/rocksdb.go:120                           Options.bytes_per_sync: 524288
I200520 23:58:40.109008 34 storage/engine/rocksdb.go:120                       Options.wal_bytes_per_sync: 0
I200520 23:58:40.109011 34 storage/engine/rocksdb.go:120                    Options.strict_bytes_per_sync: 1
I200520 23:58:40.109014 34 storage/engine/rocksdb.go:120        Options.compaction_readahead_size: 0
I200520 23:58:40.109016 34 storage/engine/rocksdb.go:120  Compression algorithms supported:
I200520 23:58:40.109020 34 storage/engine/rocksdb.go:120  	kZSTDNotFinalCompression supported: 0
I200520 23:58:40.109022 34 storage/engine/rocksdb.go:120  	kZSTD supported: 0
I200520 23:58:40.109025 34 storage/engine/rocksdb.go:120  	kXpressCompression supported: 0
I200520 23:58:40.109028 34 storage/engine/rocksdb.go:120  	kLZ4HCCompression supported: 0
I200520 23:58:40.109031 34 storage/engine/rocksdb.go:120  	kLZ4Compression supported: 0
I200520 23:58:40.109034 34 storage/engine/rocksdb.go:120  	kBZip2Compression supported: 0
I200520 23:58:40.109036 34 storage/engine/rocksdb.go:120  	kZlibCompression supported: 0
I200520 23:58:40.109039 34 storage/engine/rocksdb.go:120  	kSnappyCompression supported: 1
I200520 23:58:40.109045 34 storage/engine/rocksdb.go:120  Fast CRC32 supported: Supported on x86
I200520 23:58:40.111306 34 storage/engine/rocksdb.go:120  [db/version_set.cc:4072] Recovering from manifest file: /var/lib/cockroach/MANIFEST-001067
I200520 23:58:40.111721 34 storage/engine/rocksdb.go:120  [db/column_family.cc:488] --------------- Options for column family [default]:
I200520 23:58:40.111726 34 storage/engine/rocksdb.go:120                Options.comparator: cockroach_comparator
I200520 23:58:40.111729 34 storage/engine/rocksdb.go:120            Options.merge_operator: cockroach_merge_operator
I200520 23:58:40.111732 34 storage/engine/rocksdb.go:120         Options.compaction_filter: None
I200520 23:58:40.111734 34 storage/engine/rocksdb.go:120         Options.compaction_filter_factory: None
I200520 23:58:40.111738 34 storage/engine/rocksdb.go:120          Options.memtable_factory: SkipListFactory
I200520 23:58:40.111747 34 storage/engine/rocksdb.go:120             Options.table_factory: BlockBasedTable
I200520 23:58:40.111791 34 storage/engine/rocksdb.go:120             table_factory options:   flush_block_policy_factory: FlushBlockBySizePolicyFactory (0x7f4ab8428090)
  cache_index_and_filter_blocks: 0
  cache_index_and_filter_blocks_with_high_priority: 0
  pin_l0_filter_and_index_blocks_in_cache: 0
  pin_top_level_index_and_filter: 1
  index_type: 0
  data_block_index_type: 0
  index_shortening: 1
  data_block_hash_table_util_ratio: 0.750000
  hash_index_allow_collision: 1
  checksum: 1
  no_block_cache: 0
  block_cache: 0x7f4ab84bc210
  block_cache_name: LRUCache
  block_cache_options:
    capacity : 67108864
    num_shard_bits : 4
    strict_capacity_limit : 0
    memory_allocator : None
    high_pri_pool_ratio: 0.000
  block_cache_compressed: (nil)
  persistent_cache: (nil)
  block_size: 32768
  block_size_deviation: 10
  block_restart_interval: 16
  index_block_restart_interval: 1
  metadata_block_size: 4096
  partition_filters: 0
  use_delta_encoding: 1
  filter_policy: rocksdb.BuiltinBloomFilter
  whole_key_filtering: 0
  verify_compression: 0
  read_amp_bytes_per_bit: 0
  format_version: 2
  enable_index_compression: 1
  block_align: 0
I200520 23:58:40.111797 34 storage/engine/rocksdb.go:120         Options.write_buffer_size: 67108864
I200520 23:58:40.111802 34 storage/engine/rocksdb.go:120   Options.max_write_buffer_number: 4
I200520 23:58:40.111804 34 storage/engine/rocksdb.go:120           Options.compression: Snappy
I200520 23:58:40.111807 34 storage/engine/rocksdb.go:120                   Options.bottommost_compression: Disabled
I200520 23:58:40.111810 34 storage/engine/rocksdb.go:120        Options.prefix_extractor: cockroach_prefix_extractor
I200520 23:58:40.111813 34 storage/engine/rocksdb.go:120    Options.memtable_insert_with_hint_prefix_extractor: nullptr
I200520 23:58:40.111816 34 storage/engine/rocksdb.go:120              Options.num_levels: 7
I200520 23:58:40.111819 34 storage/engine/rocksdb.go:120         Options.min_write_buffer_number_to_merge: 1
I200520 23:58:40.111821 34 storage/engine/rocksdb.go:120      Options.max_write_buffer_number_to_maintain: 0
I200520 23:58:40.111825 34 storage/engine/rocksdb.go:120             Options.bottommost_compression_opts.window_bits: -14
I200520 23:58:40.111827 34 storage/engine/rocksdb.go:120                   Options.bottommost_compression_opts.level: 32767
I200520 23:58:40.111830 34 storage/engine/rocksdb.go:120                Options.bottommost_compression_opts.strategy: 0
I200520 23:58:40.111833 34 storage/engine/rocksdb.go:120          Options.bottommost_compression_opts.max_dict_bytes: 0
I200520 23:58:40.111835 34 storage/engine/rocksdb.go:120          Options.bottommost_compression_opts.zstd_max_train_bytes: 0
I200520 23:58:40.111838 34 storage/engine/rocksdb.go:120                   Options.bottommost_compression_opts.enabled: false
I200520 23:58:40.111841 34 storage/engine/rocksdb.go:120             Options.compression_opts.window_bits: -14
I200520 23:58:40.111844 34 storage/engine/rocksdb.go:120                   Options.compression_opts.level: 32767
I200520 23:58:40.111847 34 storage/engine/rocksdb.go:120                Options.compression_opts.strategy: 0
I200520 23:58:40.111849 34 storage/engine/rocksdb.go:120          Options.compression_opts.max_dict_bytes: 0
I200520 23:58:40.111852 34 storage/engine/rocksdb.go:120          Options.compression_opts.zstd_max_train_bytes: 0
I200520 23:58:40.111854 34 storage/engine/rocksdb.go:120                   Options.compression_opts.enabled: false
I200520 23:58:40.111859 34 storage/engine/rocksdb.go:120       Options.level0_file_num_compaction_trigger: 2
I200520 23:58:40.111861 34 storage/engine/rocksdb.go:120           Options.level0_slowdown_writes_trigger: 950
I200520 23:58:40.111864 34 storage/engine/rocksdb.go:120               Options.level0_stop_writes_trigger: 1000
I200520 23:58:40.111867 34 storage/engine/rocksdb.go:120                    Options.target_file_size_base: 4194304
I200520 23:58:40.111870 34 storage/engine/rocksdb.go:120              Options.target_file_size_multiplier: 2
I200520 23:58:40.111872 34 storage/engine/rocksdb.go:120                 Options.max_bytes_for_level_base: 67108864
I200520 23:58:40.111875 34 storage/engine/rocksdb.go:120  Options.level_compaction_dynamic_level_bytes: 1
I200520 23:58:40.111878 34 storage/engine/rocksdb.go:120           Options.max_bytes_for_level_multiplier: 10.000000
I200520 23:58:40.111881 34 storage/engine/rocksdb.go:120  Options.max_bytes_for_level_multiplier_addtl[0]: 1
I200520 23:58:40.111884 34 storage/engine/rocksdb.go:120  Options.max_bytes_for_level_multiplier_addtl[1]: 1
I200520 23:58:40.111887 34 storage/engine/rocksdb.go:120  Options.max_bytes_for_level_multiplier_addtl[2]: 1
I200520 23:58:40.111890 34 storage/engine/rocksdb.go:120  Options.max_bytes_for_level_multiplier_addtl[3]: 1
I200520 23:58:40.111892 34 storage/engine/rocksdb.go:120  Options.max_bytes_for_level_multiplier_addtl[4]: 1
I200520 23:58:40.111895 34 storage/engine/rocksdb.go:120  Options.max_bytes_for_level_multiplier_addtl[5]: 1
I200520 23:58:40.111898 34 storage/engine/rocksdb.go:120  Options.max_bytes_for_level_multiplier_addtl[6]: 1
I200520 23:58:40.111900 34 storage/engine/rocksdb.go:120        Options.max_sequential_skip_in_iterations: 8
I200520 23:58:40.111903 34 storage/engine/rocksdb.go:120                     Options.max_compaction_bytes: 104857600
I200520 23:58:40.111906 34 storage/engine/rocksdb.go:120                         Options.arena_block_size: 8388608
I200520 23:58:40.111909 34 storage/engine/rocksdb.go:120    Options.soft_pending_compaction_bytes_limit: 2199023255552
I200520 23:58:40.111911 34 storage/engine/rocksdb.go:120    Options.hard_pending_compaction_bytes_limit: 4400193994752
I200520 23:58:40.111914 34 storage/engine/rocksdb.go:120        Options.rate_limit_delay_max_milliseconds: 100
I200520 23:58:40.111917 34 storage/engine/rocksdb.go:120                 Options.disable_auto_compactions: 0
I200520 23:58:40.111920 34 storage/engine/rocksdb.go:120                         Options.compaction_style: kCompactionStyleLevel
I200520 23:58:40.111925 34 storage/engine/rocksdb.go:120                           Options.compaction_pri: kMinOverlappingRatio
I200520 23:58:40.111928 34 storage/engine/rocksdb.go:120  Options.compaction_options_universal.size_ratio: 1
I200520 23:58:40.111930 34 storage/engine/rocksdb.go:120  Options.compaction_options_universal.min_merge_width: 2
I200520 23:58:40.111933 34 storage/engine/rocksdb.go:120  Options.compaction_options_universal.max_merge_width: 4294967295
I200520 23:58:40.111936 34 storage/engine/rocksdb.go:120  Options.compaction_options_universal.max_size_amplification_percent: 200
I200520 23:58:40.111939 34 storage/engine/rocksdb.go:120  Options.compaction_options_universal.compression_size_percent: -1
I200520 23:58:40.111941 34 storage/engine/rocksdb.go:120  Options.compaction_options_universal.stop_style: kCompactionStopStyleTotalSize
I200520 23:58:40.111944 34 storage/engine/rocksdb.go:120  Options.compaction_options_fifo.max_table_files_size: 1073741824
I200520 23:58:40.111947 34 storage/engine/rocksdb.go:120  Options.compaction_options_fifo.allow_compaction: 0
I200520 23:58:40.111951 34 storage/engine/rocksdb.go:120                    Options.table_properties_collectors: TimeBoundTblPropCollectorFactory; DeleteRangeTblPropCollectorFactory; 
I200520 23:58:40.111954 34 storage/engine/rocksdb.go:120                    Options.inplace_update_support: 0
I200520 23:58:40.111957 34 storage/engine/rocksdb.go:120                  Options.inplace_update_num_locks: 10000
I200520 23:58:40.111960 34 storage/engine/rocksdb.go:120                Options.memtable_prefix_bloom_size_ratio: 0.000000
I200520 23:58:40.111962 34 storage/engine/rocksdb.go:120                Options.memtable_whole_key_filtering: 0
I200520 23:58:40.111965 34 storage/engine/rocksdb.go:120    Options.memtable_huge_page_size: 0
I200520 23:58:40.111968 34 storage/engine/rocksdb.go:120                            Options.bloom_locality: 0
I200520 23:58:40.111970 34 storage/engine/rocksdb.go:120                     Options.max_successive_merges: 0
I200520 23:58:40.111973 34 storage/engine/rocksdb.go:120                 Options.optimize_filters_for_hits: 1
I200520 23:58:40.111976 34 storage/engine/rocksdb.go:120                 Options.paranoid_file_checks: 0
I200520 23:58:40.111978 34 storage/engine/rocksdb.go:120                 Options.force_consistency_checks: 0
I200520 23:58:40.111981 34 storage/engine/rocksdb.go:120                 Options.report_bg_io_stats: 0
I200520 23:58:40.111984 34 storage/engine/rocksdb.go:120                                Options.ttl: 0
I200520 23:58:40.111986 34 storage/engine/rocksdb.go:120           Options.periodic_compaction_seconds: 0
I200520 23:58:40.125773 34 storage/engine/rocksdb.go:120  [db/version_set.cc:4286] Recovered from manifest file:/var/lib/cockroach/MANIFEST-001067 succeeded,manifest_file_number is 1067, next_file_number is 1078, last_sequence is 19258097, log_number is 1066,prev_log_number is 0,max_column_family is 0,min_log_number_to_keep is 0
I200520 23:58:40.125781 34 storage/engine/rocksdb.go:120  [db/version_set.cc:4295] Column family [default] (ID 0), log number is 1066
I200520 23:58:40.127611 34 storage/engine/rocksdb.go:120  EVENT_LOG_v1 {"time_micros": 1590019120127555, "job": 1, "event": "recovery_started", "log_files": [1068]}
I200520 23:58:40.127632 34 storage/engine/rocksdb.go:120  [db/db_impl_open.cc:598] Recovering log #1068 mode 0
I200520 23:58:40.159085 34 storage/engine/rocksdb.go:120  EVENT_LOG_v1 {"time_micros": 1590019120158970, "cf_name": "default", "job": 1, "event": "table_file_creation", "file_number": 1078, "file_size": 101736, "table_properties": {"data_size": 98306, "index_size": 635, "index_partitions": 0, "top_level_index_size": 0, "index_key_is_user_key": 0, "index_value_is_delta_encoded": 0, "filter_size": 1989, "raw_key_size": 59770, "raw_average_key_size": 37, "raw_value_size": 484017, "raw_average_value_size": 307, "num_data_blocks": 15, "num_entries": 1576, "num_deletions": 493, "num_merge_operands": 664, "num_range_deletions": 664, "format_version": 0, "fixed_key_len": 0, "filter_policy": "rocksdb.BuiltinBloomFilter", "column_family_name": "default", "column_family_id": 0, "comparator": "cockroach_comparator", "merge_operator": "cockroach_merge_operator", "prefix_extractor_name": "cockroach_prefix_extractor", "property_collectors": "[TimeBoundTblPropCollectorFactory,DeleteRangeTblPropCollectorFactory]", "compression": "Snappy", "compression_options": "window_bits=-14; level=32767; strategy=0; max_dict_bytes=0; zstd_max_train_bytes=0; enabled=0; ", "creation_time": 1590019120, "oldest_key_time": 3, "file_creation_time": 0}}
I200520 23:58:40.159395 34 storage/engine/rocksdb.go:120  [db/version_set.cc:3560] Creating manifest 1079
I200520 23:58:40.170233 34 storage/engine/rocksdb.go:120  EVENT_LOG_v1 {"time_micros": 1590019120170206, "job": 1, "event": "recovery_finished"}
I200520 23:58:40.196882 34 storage/engine/rocksdb.go:120  DB pointer 0x7f4ab8534000
I200520 23:58:56.353549 671 storage/engine/rocksdb.go:120  bloom filter utility:    -nan%
I200520 23:58:56.353873 671 storage/engine/rocksdb.go:120  [db/db_impl.cc:392] Shutdown: canceling all background work
I200520 23:58:56.354375 671 storage/engine/rocksdb.go:120  [db/db_impl.cc:565] Shutdown complete
I200520 23:58:56.362996 671 storage/engine/rocksdb.go:120  bloom filter utility:    53.9%
I200520 23:58:56.363410 671 storage/engine/rocksdb.go:120  [db/db_impl.cc:392] Shutdown: canceling all background work
I200520 23:58:56.370181 671 storage/engine/rocksdb.go:120  [db/db_impl.cc:565] Shutdown complete
