I200514 16:42:28.804416 13 util/log/clog.go:1196  [config] file created at: 2020/05/14 16:42:28
I200514 16:42:28.804416 13 util/log/clog.go:1196  [config] running on machine: ec6edf6e6507
I200514 16:42:28.804416 13 util/log/clog.go:1196  [config] binary: CockroachDB CCL v19.2.5 (x86_64-unknown-linux-gnu, built 2020/03/16 18:27:12, go1.12.12)
I200514 16:42:28.804416 13 util/log/clog.go:1196  [config] arguments: [/cockroach/cockroach start --insecure --store=attrs=ssd,path=/var/lib/cockroach/]
I200514 16:42:28.804416 13 util/log/clog.go:1196  line format: [IWEF]yymmdd hh:mm:ss.uuuuuu goid file:line msg utf8=✓
I200514 16:42:28.804415 13 storage/engine/rocksdb.go:120  RocksDB version: 6.2.1
I200514 16:42:28.812184 13 storage/engine/rocksdb.go:120  Git sha rocksdb_build_git_sha:@b7009236531fa784872f4823eabf393501e41bf2@
I200514 16:42:28.812188 13 storage/engine/rocksdb.go:120  Compile date Mar 16 2020
I200514 16:42:28.812191 13 storage/engine/rocksdb.go:120  DB SUMMARY
I200514 16:42:28.812913 13 storage/engine/rocksdb.go:120  SST files in /var/lib/cockroach/cockroach-temp444653472 dir, Total Num: 0, files: 
I200514 16:42:28.962594 13 storage/engine/rocksdb.go:120  Write Ahead Log file in /var/lib/cockroach/cockroach-temp444653472: 
I200514 16:42:28.962600 13 storage/engine/rocksdb.go:120                          Options.error_if_exists: 0
I200514 16:42:28.962603 13 storage/engine/rocksdb.go:120                        Options.create_if_missing: 1
I200514 16:42:28.962605 13 storage/engine/rocksdb.go:120                          Options.paranoid_checks: 1
I200514 16:42:28.962608 13 storage/engine/rocksdb.go:120                                      Options.env: 0x75757a0
I200514 16:42:28.962611 13 storage/engine/rocksdb.go:120                                 Options.info_log: 0x7fb41520d100
I200514 16:42:28.962624 13 storage/engine/rocksdb.go:120                 Options.max_file_opening_threads: 16
I200514 16:42:28.962627 13 storage/engine/rocksdb.go:120                               Options.statistics: 0x7fb415234010
I200514 16:42:28.962630 13 storage/engine/rocksdb.go:120                                Options.use_fsync: 0
I200514 16:42:28.962633 13 storage/engine/rocksdb.go:120                        Options.max_log_file_size: 0
I200514 16:42:28.962636 13 storage/engine/rocksdb.go:120                   Options.max_manifest_file_size: 134217728
I200514 16:42:28.962639 13 storage/engine/rocksdb.go:120                    Options.log_file_time_to_roll: 0
I200514 16:42:28.962641 13 storage/engine/rocksdb.go:120                        Options.keep_log_file_num: 1000
I200514 16:42:28.962644 13 storage/engine/rocksdb.go:120                     Options.recycle_log_file_num: 1
I200514 16:42:28.962647 13 storage/engine/rocksdb.go:120                          Options.allow_fallocate: 1
I200514 16:42:28.962650 13 storage/engine/rocksdb.go:120                         Options.allow_mmap_reads: 0
I200514 16:42:28.962652 13 storage/engine/rocksdb.go:120                        Options.allow_mmap_writes: 0
I200514 16:42:28.962655 13 storage/engine/rocksdb.go:120                         Options.use_direct_reads: 0
I200514 16:42:28.962658 13 storage/engine/rocksdb.go:120                         Options.use_direct_io_for_flush_and_compaction: 0
I200514 16:42:28.962661 13 storage/engine/rocksdb.go:120           Options.create_missing_column_families: 0
I200514 16:42:28.962663 13 storage/engine/rocksdb.go:120                               Options.db_log_dir: 
I200514 16:42:28.962666 13 storage/engine/rocksdb.go:120                                  Options.wal_dir: /var/lib/cockroach/cockroach-temp444653472
I200514 16:42:28.962668 13 storage/engine/rocksdb.go:120                 Options.table_cache_numshardbits: 6
I200514 16:42:28.962671 13 storage/engine/rocksdb.go:120                       Options.max_subcompactions: 1
I200514 16:42:28.962673 13 storage/engine/rocksdb.go:120                   Options.max_background_flushes: -1
I200514 16:42:28.962676 13 storage/engine/rocksdb.go:120                          Options.WAL_ttl_seconds: 0
I200514 16:42:28.962679 13 storage/engine/rocksdb.go:120                        Options.WAL_size_limit_MB: 0
I200514 16:42:28.962681 13 storage/engine/rocksdb.go:120              Options.manifest_preallocation_size: 4194304
I200514 16:42:28.962684 13 storage/engine/rocksdb.go:120                      Options.is_fd_close_on_exec: 1
I200514 16:42:28.962686 13 storage/engine/rocksdb.go:120                    Options.advise_random_on_open: 1
I200514 16:42:28.962689 13 storage/engine/rocksdb.go:120                     Options.db_write_buffer_size: 0
I200514 16:42:28.962691 13 storage/engine/rocksdb.go:120                     Options.write_buffer_manager: 0x7fb41521f0f0
I200514 16:42:28.962694 13 storage/engine/rocksdb.go:120          Options.access_hint_on_compaction_start: 1
I200514 16:42:28.962696 13 storage/engine/rocksdb.go:120   Options.new_table_reader_for_compaction_inputs: 0
I200514 16:42:28.962699 13 storage/engine/rocksdb.go:120            Options.random_access_max_buffer_size: 1048576
I200514 16:42:28.962701 13 storage/engine/rocksdb.go:120                       Options.use_adaptive_mutex: 0
I200514 16:42:28.962704 13 storage/engine/rocksdb.go:120                             Options.rate_limiter: (nil)
I200514 16:42:28.962707 13 storage/engine/rocksdb.go:120      Options.sst_file_manager.rate_bytes_per_sec: 0
I200514 16:42:28.962710 13 storage/engine/rocksdb.go:120                        Options.wal_recovery_mode: 0
I200514 16:42:28.962713 13 storage/engine/rocksdb.go:120                   Options.enable_thread_tracking: 0
I200514 16:42:28.962715 13 storage/engine/rocksdb.go:120                   Options.enable_pipelined_write: 0
I200514 16:42:28.962718 13 storage/engine/rocksdb.go:120          Options.allow_concurrent_memtable_write: 1
I200514 16:42:28.962720 13 storage/engine/rocksdb.go:120       Options.enable_write_thread_adaptive_yield: 1
I200514 16:42:28.962723 13 storage/engine/rocksdb.go:120              Options.write_thread_max_yield_usec: 100
I200514 16:42:28.962725 13 storage/engine/rocksdb.go:120             Options.write_thread_slow_yield_usec: 3
I200514 16:42:28.962728 13 storage/engine/rocksdb.go:120                                Options.row_cache: None
I200514 16:42:28.962730 13 storage/engine/rocksdb.go:120                               Options.wal_filter: None
I200514 16:42:28.962733 13 storage/engine/rocksdb.go:120              Options.avoid_flush_during_recovery: 0
I200514 16:42:28.962735 13 storage/engine/rocksdb.go:120              Options.allow_ingest_behind: 0
I200514 16:42:28.962738 13 storage/engine/rocksdb.go:120              Options.preserve_deletes: 0
I200514 16:42:28.962740 13 storage/engine/rocksdb.go:120              Options.two_write_queues: 0
I200514 16:42:28.962743 13 storage/engine/rocksdb.go:120              Options.manual_wal_flush: 1
I200514 16:42:28.962745 13 storage/engine/rocksdb.go:120              Options.atomic_flush: 0
I200514 16:42:28.962748 13 storage/engine/rocksdb.go:120              Options.avoid_unnecessary_blocking_io: 0
I200514 16:42:28.962750 13 storage/engine/rocksdb.go:120              Options.max_background_jobs: 2
I200514 16:42:28.962753 13 storage/engine/rocksdb.go:120              Options.max_background_compactions: -1
I200514 16:42:28.962755 13 storage/engine/rocksdb.go:120              Options.avoid_flush_during_shutdown: 0
I200514 16:42:28.962758 13 storage/engine/rocksdb.go:120            Options.writable_file_max_buffer_size: 1048576
I200514 16:42:28.962760 13 storage/engine/rocksdb.go:120              Options.delayed_write_rate : 16777216
I200514 16:42:28.962763 13 storage/engine/rocksdb.go:120              Options.max_total_wal_size: 0
I200514 16:42:28.962767 13 storage/engine/rocksdb.go:120              Options.delete_obsolete_files_period_micros: 21600000000
I200514 16:42:28.962770 13 storage/engine/rocksdb.go:120                    Options.stats_dump_period_sec: 0
I200514 16:42:28.962773 13 storage/engine/rocksdb.go:120                  Options.stats_persist_period_sec: 600
I200514 16:42:28.962775 13 storage/engine/rocksdb.go:120                  Options.stats_history_buffer_size: 1048576
I200514 16:42:28.962778 13 storage/engine/rocksdb.go:120                           Options.max_open_files: 128
I200514 16:42:28.962781 13 storage/engine/rocksdb.go:120                           Options.bytes_per_sync: 524288
I200514 16:42:28.962783 13 storage/engine/rocksdb.go:120                       Options.wal_bytes_per_sync: 0
I200514 16:42:28.962786 13 storage/engine/rocksdb.go:120                    Options.strict_bytes_per_sync: 1
I200514 16:42:28.962788 13 storage/engine/rocksdb.go:120        Options.compaction_readahead_size: 0
I200514 16:42:28.962791 13 storage/engine/rocksdb.go:120  Compression algorithms supported:
I200514 16:42:28.962794 13 storage/engine/rocksdb.go:120  	kZSTDNotFinalCompression supported: 0
I200514 16:42:28.962797 13 storage/engine/rocksdb.go:120  	kZSTD supported: 0
I200514 16:42:28.962800 13 storage/engine/rocksdb.go:120  	kXpressCompression supported: 0
I200514 16:42:28.962803 13 storage/engine/rocksdb.go:120  	kLZ4HCCompression supported: 0
I200514 16:42:28.962805 13 storage/engine/rocksdb.go:120  	kLZ4Compression supported: 0
I200514 16:42:28.962808 13 storage/engine/rocksdb.go:120  	kBZip2Compression supported: 0
I200514 16:42:28.962811 13 storage/engine/rocksdb.go:120  	kZlibCompression supported: 0
I200514 16:42:28.962813 13 storage/engine/rocksdb.go:120  	kSnappyCompression supported: 1
I200514 16:42:28.962821 13 storage/engine/rocksdb.go:120  Fast CRC32 supported: Supported on x86
I200514 16:42:28.964831 13 storage/engine/rocksdb.go:120  [db/db_impl_open.cc:242] Creating manifest 1 
I200514 16:42:28.986675 13 storage/engine/rocksdb.go:120  [db/version_set.cc:4072] Recovering from manifest file: /var/lib/cockroach/cockroach-temp444653472/MANIFEST-000001
I200514 16:42:28.987697 13 storage/engine/rocksdb.go:120  [db/column_family.cc:488] --------------- Options for column family [default]:
I200514 16:42:28.987703 13 storage/engine/rocksdb.go:120                Options.comparator: cockroach_comparator
I200514 16:42:28.987707 13 storage/engine/rocksdb.go:120            Options.merge_operator: cockroach_merge_operator
I200514 16:42:28.987710 13 storage/engine/rocksdb.go:120         Options.compaction_filter: None
I200514 16:42:28.987712 13 storage/engine/rocksdb.go:120         Options.compaction_filter_factory: None
I200514 16:42:28.987715 13 storage/engine/rocksdb.go:120          Options.memtable_factory: SkipListFactory
I200514 16:42:28.987718 13 storage/engine/rocksdb.go:120             Options.table_factory: BlockBasedTable
I200514 16:42:28.987737 13 storage/engine/rocksdb.go:120             table_factory options:   flush_block_policy_factory: FlushBlockBySizePolicyFactory (0x7fb41522d030)
  cache_index_and_filter_blocks: 0
  cache_index_and_filter_blocks_with_high_priority: 0
  pin_l0_filter_and_index_blocks_in_cache: 0
  pin_top_level_index_and_filter: 1
  index_type: 0
  data_block_index_type: 0
  index_shortening: 1
  data_block_hash_table_util_ratio: 0.750000
  hash_index_allow_collision: 1
  checksum: 1
  no_block_cache: 0
  block_cache: 0x7fb415222010
  block_cache_name: LRUCache
  block_cache_options:
    capacity : 1048576
    num_shard_bits : 4
    strict_capacity_limit : 0
    memory_allocator : None
    high_pri_pool_ratio: 0.000
  block_cache_compressed: (nil)
  persistent_cache: (nil)
  block_size: 32768
  block_size_deviation: 10
  block_restart_interval: 16
  index_block_restart_interval: 1
  metadata_block_size: 4096
  partition_filters: 0
  use_delta_encoding: 1
  filter_policy: rocksdb.BuiltinBloomFilter
  whole_key_filtering: 0
  verify_compression: 0
  read_amp_bytes_per_bit: 0
  format_version: 2
  enable_index_compression: 1
  block_align: 0
I200514 16:42:28.987741 13 storage/engine/rocksdb.go:120         Options.write_buffer_size: 67108864
I200514 16:42:28.987745 13 storage/engine/rocksdb.go:120   Options.max_write_buffer_number: 4
I200514 16:42:28.987748 13 storage/engine/rocksdb.go:120           Options.compression: Snappy
I200514 16:42:28.987751 13 storage/engine/rocksdb.go:120                   Options.bottommost_compression: Disabled
I200514 16:42:28.987753 13 storage/engine/rocksdb.go:120        Options.prefix_extractor: cockroach_prefix_extractor
I200514 16:42:28.987757 13 storage/engine/rocksdb.go:120    Options.memtable_insert_with_hint_prefix_extractor: nullptr
I200514 16:42:28.987761 13 storage/engine/rocksdb.go:120              Options.num_levels: 7
I200514 16:42:28.987764 13 storage/engine/rocksdb.go:120         Options.min_write_buffer_number_to_merge: 1
I200514 16:42:28.987767 13 storage/engine/rocksdb.go:120      Options.max_write_buffer_number_to_maintain: 0
I200514 16:42:28.987771 13 storage/engine/rocksdb.go:120             Options.bottommost_compression_opts.window_bits: -14
I200514 16:42:28.987796 13 storage/engine/rocksdb.go:120                   Options.bottommost_compression_opts.level: 32767
I200514 16:42:28.987802 13 storage/engine/rocksdb.go:120                Options.bottommost_compression_opts.strategy: 0
I200514 16:42:28.987805 13 storage/engine/rocksdb.go:120          Options.bottommost_compression_opts.max_dict_bytes: 0
I200514 16:42:28.987807 13 storage/engine/rocksdb.go:120          Options.bottommost_compression_opts.zstd_max_train_bytes: 0
I200514 16:42:28.987810 13 storage/engine/rocksdb.go:120                   Options.bottommost_compression_opts.enabled: false
I200514 16:42:28.987815 13 storage/engine/rocksdb.go:120             Options.compression_opts.window_bits: -14
I200514 16:42:28.987818 13 storage/engine/rocksdb.go:120                   Options.compression_opts.level: 32767
I200514 16:42:28.987824 13 storage/engine/rocksdb.go:120                Options.compression_opts.strategy: 0
I200514 16:42:28.987826 13 storage/engine/rocksdb.go:120          Options.compression_opts.max_dict_bytes: 0
I200514 16:42:28.987829 13 storage/engine/rocksdb.go:120          Options.compression_opts.zstd_max_train_bytes: 0
I200514 16:42:28.987831 13 storage/engine/rocksdb.go:120                   Options.compression_opts.enabled: false
I200514 16:42:28.987834 13 storage/engine/rocksdb.go:120       Options.level0_file_num_compaction_trigger: 2
I200514 16:42:28.987837 13 storage/engine/rocksdb.go:120           Options.level0_slowdown_writes_trigger: 950
I200514 16:42:28.987839 13 storage/engine/rocksdb.go:120               Options.level0_stop_writes_trigger: 1000
I200514 16:42:28.987842 13 storage/engine/rocksdb.go:120                    Options.target_file_size_base: 4194304
I200514 16:42:28.987845 13 storage/engine/rocksdb.go:120              Options.target_file_size_multiplier: 2
I200514 16:42:28.987847 13 storage/engine/rocksdb.go:120                 Options.max_bytes_for_level_base: 67108864
I200514 16:42:28.987850 13 storage/engine/rocksdb.go:120  Options.level_compaction_dynamic_level_bytes: 1
I200514 16:42:28.987853 13 storage/engine/rocksdb.go:120           Options.max_bytes_for_level_multiplier: 10.000000
I200514 16:42:28.987856 13 storage/engine/rocksdb.go:120  Options.max_bytes_for_level_multiplier_addtl[0]: 1
I200514 16:42:28.987859 13 storage/engine/rocksdb.go:120  Options.max_bytes_for_level_multiplier_addtl[1]: 1
I200514 16:42:28.987861 13 storage/engine/rocksdb.go:120  Options.max_bytes_for_level_multiplier_addtl[2]: 1
I200514 16:42:28.987864 13 storage/engine/rocksdb.go:120  Options.max_bytes_for_level_multiplier_addtl[3]: 1
I200514 16:42:28.987866 13 storage/engine/rocksdb.go:120  Options.max_bytes_for_level_multiplier_addtl[4]: 1
I200514 16:42:28.987869 13 storage/engine/rocksdb.go:120  Options.max_bytes_for_level_multiplier_addtl[5]: 1
I200514 16:42:28.987873 13 storage/engine/rocksdb.go:120  Options.max_bytes_for_level_multiplier_addtl[6]: 1
I200514 16:42:28.987876 13 storage/engine/rocksdb.go:120        Options.max_sequential_skip_in_iterations: 8
I200514 16:42:28.987879 13 storage/engine/rocksdb.go:120                     Options.max_compaction_bytes: 104857600
I200514 16:42:28.987883 13 storage/engine/rocksdb.go:120                         Options.arena_block_size: 8388608
I200514 16:42:28.987886 13 storage/engine/rocksdb.go:120    Options.soft_pending_compaction_bytes_limit: 2199023255552
I200514 16:42:28.987889 13 storage/engine/rocksdb.go:120    Options.hard_pending_compaction_bytes_limit: 4400193994752
I200514 16:42:28.987891 13 storage/engine/rocksdb.go:120        Options.rate_limit_delay_max_milliseconds: 100
I200514 16:42:28.987894 13 storage/engine/rocksdb.go:120                 Options.disable_auto_compactions: 0
I200514 16:42:28.987898 13 storage/engine/rocksdb.go:120                         Options.compaction_style: kCompactionStyleLevel
I200514 16:42:28.987901 13 storage/engine/rocksdb.go:120                           Options.compaction_pri: kMinOverlappingRatio
I200514 16:42:28.987903 13 storage/engine/rocksdb.go:120  Options.compaction_options_universal.size_ratio: 1
I200514 16:42:28.987906 13 storage/engine/rocksdb.go:120  Options.compaction_options_universal.min_merge_width: 2
I200514 16:42:28.987908 13 storage/engine/rocksdb.go:120  Options.compaction_options_universal.max_merge_width: 4294967295
I200514 16:42:28.987911 13 storage/engine/rocksdb.go:120  Options.compaction_options_universal.max_size_amplification_percent: 200
I200514 16:42:28.987914 13 storage/engine/rocksdb.go:120  Options.compaction_options_universal.compression_size_percent: -1
I200514 16:42:28.987916 13 storage/engine/rocksdb.go:120  Options.compaction_options_universal.stop_style: kCompactionStopStyleTotalSize
I200514 16:42:28.987919 13 storage/engine/rocksdb.go:120  Options.compaction_options_fifo.max_table_files_size: 1073741824
I200514 16:42:28.987921 13 storage/engine/rocksdb.go:120  Options.compaction_options_fifo.allow_compaction: 0
I200514 16:42:28.987925 13 storage/engine/rocksdb.go:120                    Options.table_properties_collectors: TimeBoundTblPropCollectorFactory; DeleteRangeTblPropCollectorFactory; 
I200514 16:42:28.987928 13 storage/engine/rocksdb.go:120                    Options.inplace_update_support: 0
I200514 16:42:28.987931 13 storage/engine/rocksdb.go:120                  Options.inplace_update_num_locks: 10000
I200514 16:42:28.987934 13 storage/engine/rocksdb.go:120                Options.memtable_prefix_bloom_size_ratio: 0.000000
I200514 16:42:28.987960 13 storage/engine/rocksdb.go:120                Options.memtable_whole_key_filtering: 0
I200514 16:42:28.987965 13 storage/engine/rocksdb.go:120    Options.memtable_huge_page_size: 0
I200514 16:42:28.987968 13 storage/engine/rocksdb.go:120                            Options.bloom_locality: 0
I200514 16:42:28.987970 13 storage/engine/rocksdb.go:120                     Options.max_successive_merges: 0
I200514 16:42:28.987973 13 storage/engine/rocksdb.go:120                 Options.optimize_filters_for_hits: 1
I200514 16:42:28.987976 13 storage/engine/rocksdb.go:120                 Options.paranoid_file_checks: 0
I200514 16:42:28.987983 13 storage/engine/rocksdb.go:120                 Options.force_consistency_checks: 0
I200514 16:42:28.987986 13 storage/engine/rocksdb.go:120                 Options.report_bg_io_stats: 0
I200514 16:42:28.987990 13 storage/engine/rocksdb.go:120                                Options.ttl: 0
I200514 16:42:28.987992 13 storage/engine/rocksdb.go:120           Options.periodic_compaction_seconds: 0
I200514 16:42:28.989008 13 storage/engine/rocksdb.go:120  [db/version_set.cc:4286] Recovered from manifest file:/var/lib/cockroach/cockroach-temp444653472/MANIFEST-000001 succeeded,manifest_file_number is 1, next_file_number is 3, last_sequence is 0, log_number is 0,prev_log_number is 0,max_column_family is 0,min_log_number_to_keep is 0
I200514 16:42:28.989013 13 storage/engine/rocksdb.go:120  [db/version_set.cc:4295] Column family [default] (ID 0), log number is 0
I200514 16:42:29.011258 13 storage/engine/rocksdb.go:120  DB pointer 0x7fb4152a4000
I200514 16:42:29.041163 13 storage/engine/rocksdb.go:120  RocksDB version: 6.2.1
I200514 16:42:29.041171 13 storage/engine/rocksdb.go:120  Git sha rocksdb_build_git_sha:@b7009236531fa784872f4823eabf393501e41bf2@
I200514 16:42:29.041174 13 storage/engine/rocksdb.go:120  Compile date Mar 16 2020
I200514 16:42:29.041177 13 storage/engine/rocksdb.go:120  DB SUMMARY
I200514 16:42:29.042527 13 storage/engine/rocksdb.go:120  CURRENT file:  CURRENT
I200514 16:42:29.042532 13 storage/engine/rocksdb.go:120  IDENTITY file:  IDENTITY
I200514 16:42:29.043250 13 storage/engine/rocksdb.go:120  MANIFEST file:  MANIFEST-000471 size: 958 Bytes
I200514 16:42:29.043256 13 storage/engine/rocksdb.go:120  SST files in /var/lib/cockroach dir, Total Num: 3, files: 000475.sst 000476.sst 000477.sst 
I200514 16:42:29.043259 13 storage/engine/rocksdb.go:120  Write Ahead Log file in /var/lib/cockroach: 000472.log size: 1154461 ; 
I200514 16:42:29.043263 13 storage/engine/rocksdb.go:120                          Options.error_if_exists: 0
I200514 16:42:29.043266 13 storage/engine/rocksdb.go:120                        Options.create_if_missing: 1
I200514 16:42:29.043269 13 storage/engine/rocksdb.go:120                          Options.paranoid_checks: 1
I200514 16:42:29.043272 13 storage/engine/rocksdb.go:120                                      Options.env: 0x75757a0
I200514 16:42:29.043275 13 storage/engine/rocksdb.go:120                                 Options.info_log: 0x7fb41c4879a0
I200514 16:42:29.043277 13 storage/engine/rocksdb.go:120                 Options.max_file_opening_threads: 16
I200514 16:42:29.043280 13 storage/engine/rocksdb.go:120                               Options.statistics: 0x7fb41c41fbd0
I200514 16:42:29.043283 13 storage/engine/rocksdb.go:120                                Options.use_fsync: 0
I200514 16:42:29.043285 13 storage/engine/rocksdb.go:120                        Options.max_log_file_size: 0
I200514 16:42:29.043288 13 storage/engine/rocksdb.go:120                   Options.max_manifest_file_size: 134217728
I200514 16:42:29.043291 13 storage/engine/rocksdb.go:120                    Options.log_file_time_to_roll: 0
I200514 16:42:29.043293 13 storage/engine/rocksdb.go:120                        Options.keep_log_file_num: 1000
I200514 16:42:29.043296 13 storage/engine/rocksdb.go:120                     Options.recycle_log_file_num: 1
I200514 16:42:29.043299 13 storage/engine/rocksdb.go:120                          Options.allow_fallocate: 1
I200514 16:42:29.043301 13 storage/engine/rocksdb.go:120                         Options.allow_mmap_reads: 0
I200514 16:42:29.043304 13 storage/engine/rocksdb.go:120                        Options.allow_mmap_writes: 0
I200514 16:42:29.043306 13 storage/engine/rocksdb.go:120                         Options.use_direct_reads: 0
I200514 16:42:29.043309 13 storage/engine/rocksdb.go:120                         Options.use_direct_io_for_flush_and_compaction: 0
I200514 16:42:29.043319 13 storage/engine/rocksdb.go:120           Options.create_missing_column_families: 0
I200514 16:42:29.043322 13 storage/engine/rocksdb.go:120                               Options.db_log_dir: 
I200514 16:42:29.043324 13 storage/engine/rocksdb.go:120                                  Options.wal_dir: /var/lib/cockroach
I200514 16:42:29.043327 13 storage/engine/rocksdb.go:120                 Options.table_cache_numshardbits: 6
I200514 16:42:29.043329 13 storage/engine/rocksdb.go:120                       Options.max_subcompactions: 1
I200514 16:42:29.043332 13 storage/engine/rocksdb.go:120                   Options.max_background_flushes: -1
I200514 16:42:29.043335 13 storage/engine/rocksdb.go:120                          Options.WAL_ttl_seconds: 0
I200514 16:42:29.043337 13 storage/engine/rocksdb.go:120                        Options.WAL_size_limit_MB: 0
I200514 16:42:29.043340 13 storage/engine/rocksdb.go:120              Options.manifest_preallocation_size: 4194304
I200514 16:42:29.043343 13 storage/engine/rocksdb.go:120                      Options.is_fd_close_on_exec: 1
I200514 16:42:29.043345 13 storage/engine/rocksdb.go:120                    Options.advise_random_on_open: 1
I200514 16:42:29.043348 13 storage/engine/rocksdb.go:120                     Options.db_write_buffer_size: 0
I200514 16:42:29.043351 13 storage/engine/rocksdb.go:120                     Options.write_buffer_manager: 0x7fb41c461df0
I200514 16:42:29.043353 13 storage/engine/rocksdb.go:120          Options.access_hint_on_compaction_start: 1
I200514 16:42:29.043356 13 storage/engine/rocksdb.go:120   Options.new_table_reader_for_compaction_inputs: 0
I200514 16:42:29.043358 13 storage/engine/rocksdb.go:120            Options.random_access_max_buffer_size: 1048576
I200514 16:42:29.043361 13 storage/engine/rocksdb.go:120                       Options.use_adaptive_mutex: 0
I200514 16:42:29.043364 13 storage/engine/rocksdb.go:120                             Options.rate_limiter: (nil)
I200514 16:42:29.043367 13 storage/engine/rocksdb.go:120      Options.sst_file_manager.rate_bytes_per_sec: 0
I200514 16:42:29.043370 13 storage/engine/rocksdb.go:120                        Options.wal_recovery_mode: 0
I200514 16:42:29.043372 13 storage/engine/rocksdb.go:120                   Options.enable_thread_tracking: 0
I200514 16:42:29.043375 13 storage/engine/rocksdb.go:120                   Options.enable_pipelined_write: 0
I200514 16:42:29.043377 13 storage/engine/rocksdb.go:120          Options.allow_concurrent_memtable_write: 1
I200514 16:42:29.043380 13 storage/engine/rocksdb.go:120       Options.enable_write_thread_adaptive_yield: 1
I200514 16:42:29.043382 13 storage/engine/rocksdb.go:120              Options.write_thread_max_yield_usec: 100
I200514 16:42:29.043385 13 storage/engine/rocksdb.go:120             Options.write_thread_slow_yield_usec: 3
I200514 16:42:29.043394 13 storage/engine/rocksdb.go:120                                Options.row_cache: None
I200514 16:42:29.043397 13 storage/engine/rocksdb.go:120                               Options.wal_filter: None
I200514 16:42:29.043399 13 storage/engine/rocksdb.go:120              Options.avoid_flush_during_recovery: 0
I200514 16:42:29.043402 13 storage/engine/rocksdb.go:120              Options.allow_ingest_behind: 0
I200514 16:42:29.043405 13 storage/engine/rocksdb.go:120              Options.preserve_deletes: 0
I200514 16:42:29.043407 13 storage/engine/rocksdb.go:120              Options.two_write_queues: 0
I200514 16:42:29.043410 13 storage/engine/rocksdb.go:120              Options.manual_wal_flush: 1
I200514 16:42:29.043412 13 storage/engine/rocksdb.go:120              Options.atomic_flush: 0
I200514 16:42:29.043415 13 storage/engine/rocksdb.go:120              Options.avoid_unnecessary_blocking_io: 0
I200514 16:42:29.043418 13 storage/engine/rocksdb.go:120              Options.max_background_jobs: 2
I200514 16:42:29.043420 13 storage/engine/rocksdb.go:120              Options.max_background_compactions: -1
I200514 16:42:29.043423 13 storage/engine/rocksdb.go:120              Options.avoid_flush_during_shutdown: 0
I200514 16:42:29.043425 13 storage/engine/rocksdb.go:120            Options.writable_file_max_buffer_size: 1048576
I200514 16:42:29.043428 13 storage/engine/rocksdb.go:120              Options.delayed_write_rate : 16777216
I200514 16:42:29.043431 13 storage/engine/rocksdb.go:120              Options.max_total_wal_size: 0
I200514 16:42:29.043434 13 storage/engine/rocksdb.go:120              Options.delete_obsolete_files_period_micros: 21600000000
I200514 16:42:29.043436 13 storage/engine/rocksdb.go:120                    Options.stats_dump_period_sec: 0
I200514 16:42:29.043439 13 storage/engine/rocksdb.go:120                  Options.stats_persist_period_sec: 600
I200514 16:42:29.043441 13 storage/engine/rocksdb.go:120                  Options.stats_history_buffer_size: 1048576
I200514 16:42:29.043444 13 storage/engine/rocksdb.go:120                           Options.max_open_files: 1043576
I200514 16:42:29.043460 13 storage/engine/rocksdb.go:120                           Options.bytes_per_sync: 524288
I200514 16:42:29.043483 13 storage/engine/rocksdb.go:120                       Options.wal_bytes_per_sync: 0
I200514 16:42:29.043487 13 storage/engine/rocksdb.go:120                    Options.strict_bytes_per_sync: 1
I200514 16:42:29.043490 13 storage/engine/rocksdb.go:120        Options.compaction_readahead_size: 0
I200514 16:42:29.043494 13 storage/engine/rocksdb.go:120  Compression algorithms supported:
I200514 16:42:29.043498 13 storage/engine/rocksdb.go:120  	kZSTDNotFinalCompression supported: 0
I200514 16:42:29.043502 13 storage/engine/rocksdb.go:120  	kZSTD supported: 0
I200514 16:42:29.043505 13 storage/engine/rocksdb.go:120  	kXpressCompression supported: 0
I200514 16:42:29.043508 13 storage/engine/rocksdb.go:120  	kLZ4HCCompression supported: 0
I200514 16:42:29.043512 13 storage/engine/rocksdb.go:120  	kLZ4Compression supported: 0
I200514 16:42:29.043515 13 storage/engine/rocksdb.go:120  	kBZip2Compression supported: 0
I200514 16:42:29.043519 13 storage/engine/rocksdb.go:120  	kZlibCompression supported: 0
I200514 16:42:29.043522 13 storage/engine/rocksdb.go:120  	kSnappyCompression supported: 1
I200514 16:42:29.043528 13 storage/engine/rocksdb.go:120  Fast CRC32 supported: Supported on x86
I200514 16:42:29.046399 13 storage/engine/rocksdb.go:120  [db/version_set.cc:4072] Recovering from manifest file: /var/lib/cockroach/MANIFEST-000471
I200514 16:42:29.046830 13 storage/engine/rocksdb.go:120  [db/column_family.cc:488] --------------- Options for column family [default]:
I200514 16:42:29.046837 13 storage/engine/rocksdb.go:120                Options.comparator: cockroach_comparator
I200514 16:42:29.046840 13 storage/engine/rocksdb.go:120            Options.merge_operator: cockroach_merge_operator
I200514 16:42:29.046843 13 storage/engine/rocksdb.go:120         Options.compaction_filter: None
I200514 16:42:29.046846 13 storage/engine/rocksdb.go:120         Options.compaction_filter_factory: None
I200514 16:42:29.046858 13 storage/engine/rocksdb.go:120          Options.memtable_factory: SkipListFactory
I200514 16:42:29.046861 13 storage/engine/rocksdb.go:120             Options.table_factory: BlockBasedTable
I200514 16:42:29.046880 13 storage/engine/rocksdb.go:120             table_factory options:   flush_block_policy_factory: FlushBlockBySizePolicyFactory (0x7fb41c424348)
  cache_index_and_filter_blocks: 0
  cache_index_and_filter_blocks_with_high_priority: 0
  pin_l0_filter_and_index_blocks_in_cache: 0
  pin_top_level_index_and_filter: 1
  index_type: 0
  data_block_index_type: 0
  index_shortening: 1
  data_block_hash_table_util_ratio: 0.750000
  hash_index_allow_collision: 1
  checksum: 1
  no_block_cache: 0
  block_cache: 0x7fb41c4ff010
  block_cache_name: LRUCache
  block_cache_options:
    capacity : 67108864
    num_shard_bits : 4
    strict_capacity_limit : 0
    memory_allocator : None
    high_pri_pool_ratio: 0.000
  block_cache_compressed: (nil)
  persistent_cache: (nil)
  block_size: 32768
  block_size_deviation: 10
  block_restart_interval: 16
  index_block_restart_interval: 1
  metadata_block_size: 4096
  partition_filters: 0
  use_delta_encoding: 1
  filter_policy: rocksdb.BuiltinBloomFilter
  whole_key_filtering: 0
  verify_compression: 0
  read_amp_bytes_per_bit: 0
  format_version: 2
  enable_index_compression: 1
  block_align: 0
I200514 16:42:29.046888 13 storage/engine/rocksdb.go:120         Options.write_buffer_size: 67108864
I200514 16:42:29.046893 13 storage/engine/rocksdb.go:120   Options.max_write_buffer_number: 4
I200514 16:42:29.046895 13 storage/engine/rocksdb.go:120           Options.compression: Snappy
I200514 16:42:29.046898 13 storage/engine/rocksdb.go:120                   Options.bottommost_compression: Disabled
I200514 16:42:29.046901 13 storage/engine/rocksdb.go:120        Options.prefix_extractor: cockroach_prefix_extractor
I200514 16:42:29.046904 13 storage/engine/rocksdb.go:120    Options.memtable_insert_with_hint_prefix_extractor: nullptr
I200514 16:42:29.046906 13 storage/engine/rocksdb.go:120              Options.num_levels: 7
I200514 16:42:29.046910 13 storage/engine/rocksdb.go:120         Options.min_write_buffer_number_to_merge: 1
I200514 16:42:29.046912 13 storage/engine/rocksdb.go:120      Options.max_write_buffer_number_to_maintain: 0
I200514 16:42:29.046915 13 storage/engine/rocksdb.go:120             Options.bottommost_compression_opts.window_bits: -14
I200514 16:42:29.046918 13 storage/engine/rocksdb.go:120                   Options.bottommost_compression_opts.level: 32767
I200514 16:42:29.046920 13 storage/engine/rocksdb.go:120                Options.bottommost_compression_opts.strategy: 0
I200514 16:42:29.046923 13 storage/engine/rocksdb.go:120          Options.bottommost_compression_opts.max_dict_bytes: 0
I200514 16:42:29.046933 13 storage/engine/rocksdb.go:120          Options.bottommost_compression_opts.zstd_max_train_bytes: 0
I200514 16:42:29.046936 13 storage/engine/rocksdb.go:120                   Options.bottommost_compression_opts.enabled: false
I200514 16:42:29.046939 13 storage/engine/rocksdb.go:120             Options.compression_opts.window_bits: -14
I200514 16:42:29.046941 13 storage/engine/rocksdb.go:120                   Options.compression_opts.level: 32767
I200514 16:42:29.046944 13 storage/engine/rocksdb.go:120                Options.compression_opts.strategy: 0
I200514 16:42:29.046959 13 storage/engine/rocksdb.go:120          Options.compression_opts.max_dict_bytes: 0
I200514 16:42:29.046968 13 storage/engine/rocksdb.go:120          Options.compression_opts.zstd_max_train_bytes: 0
I200514 16:42:29.046973 13 storage/engine/rocksdb.go:120                   Options.compression_opts.enabled: false
I200514 16:42:29.046977 13 storage/engine/rocksdb.go:120       Options.level0_file_num_compaction_trigger: 2
I200514 16:42:29.046979 13 storage/engine/rocksdb.go:120           Options.level0_slowdown_writes_trigger: 950
I200514 16:42:29.046982 13 storage/engine/rocksdb.go:120               Options.level0_stop_writes_trigger: 1000
I200514 16:42:29.046985 13 storage/engine/rocksdb.go:120                    Options.target_file_size_base: 4194304
I200514 16:42:29.046987 13 storage/engine/rocksdb.go:120              Options.target_file_size_multiplier: 2
I200514 16:42:29.046990 13 storage/engine/rocksdb.go:120                 Options.max_bytes_for_level_base: 67108864
I200514 16:42:29.046993 13 storage/engine/rocksdb.go:120  Options.level_compaction_dynamic_level_bytes: 1
I200514 16:42:29.046996 13 storage/engine/rocksdb.go:120           Options.max_bytes_for_level_multiplier: 10.000000
I200514 16:42:29.046999 13 storage/engine/rocksdb.go:120  Options.max_bytes_for_level_multiplier_addtl[0]: 1
I200514 16:42:29.047015 13 storage/engine/rocksdb.go:120  Options.max_bytes_for_level_multiplier_addtl[1]: 1
I200514 16:42:29.047018 13 storage/engine/rocksdb.go:120  Options.max_bytes_for_level_multiplier_addtl[2]: 1
I200514 16:42:29.047020 13 storage/engine/rocksdb.go:120  Options.max_bytes_for_level_multiplier_addtl[3]: 1
I200514 16:42:29.047023 13 storage/engine/rocksdb.go:120  Options.max_bytes_for_level_multiplier_addtl[4]: 1
I200514 16:42:29.047026 13 storage/engine/rocksdb.go:120  Options.max_bytes_for_level_multiplier_addtl[5]: 1
I200514 16:42:29.047028 13 storage/engine/rocksdb.go:120  Options.max_bytes_for_level_multiplier_addtl[6]: 1
I200514 16:42:29.047031 13 storage/engine/rocksdb.go:120        Options.max_sequential_skip_in_iterations: 8
I200514 16:42:29.047033 13 storage/engine/rocksdb.go:120                     Options.max_compaction_bytes: 104857600
I200514 16:42:29.047036 13 storage/engine/rocksdb.go:120                         Options.arena_block_size: 8388608
I200514 16:42:29.047038 13 storage/engine/rocksdb.go:120    Options.soft_pending_compaction_bytes_limit: 2199023255552
I200514 16:42:29.047041 13 storage/engine/rocksdb.go:120    Options.hard_pending_compaction_bytes_limit: 4400193994752
I200514 16:42:29.047044 13 storage/engine/rocksdb.go:120        Options.rate_limit_delay_max_milliseconds: 100
I200514 16:42:29.047046 13 storage/engine/rocksdb.go:120                 Options.disable_auto_compactions: 0
I200514 16:42:29.047050 13 storage/engine/rocksdb.go:120                         Options.compaction_style: kCompactionStyleLevel
I200514 16:42:29.047053 13 storage/engine/rocksdb.go:120                           Options.compaction_pri: kMinOverlappingRatio
I200514 16:42:29.047055 13 storage/engine/rocksdb.go:120  Options.compaction_options_universal.size_ratio: 1
I200514 16:42:29.047061 13 storage/engine/rocksdb.go:120  Options.compaction_options_universal.min_merge_width: 2
I200514 16:42:29.047063 13 storage/engine/rocksdb.go:120  Options.compaction_options_universal.max_merge_width: 4294967295
I200514 16:42:29.047066 13 storage/engine/rocksdb.go:120  Options.compaction_options_universal.max_size_amplification_percent: 200
I200514 16:42:29.047069 13 storage/engine/rocksdb.go:120  Options.compaction_options_universal.compression_size_percent: -1
I200514 16:42:29.047072 13 storage/engine/rocksdb.go:120  Options.compaction_options_universal.stop_style: kCompactionStopStyleTotalSize
I200514 16:42:29.047074 13 storage/engine/rocksdb.go:120  Options.compaction_options_fifo.max_table_files_size: 1073741824
I200514 16:42:29.047077 13 storage/engine/rocksdb.go:120  Options.compaction_options_fifo.allow_compaction: 0
I200514 16:42:29.047089 13 storage/engine/rocksdb.go:120                    Options.table_properties_collectors: TimeBoundTblPropCollectorFactory; DeleteRangeTblPropCollectorFactory; 
I200514 16:42:29.047093 13 storage/engine/rocksdb.go:120                    Options.inplace_update_support: 0
I200514 16:42:29.047095 13 storage/engine/rocksdb.go:120                  Options.inplace_update_num_locks: 10000
I200514 16:42:29.047098 13 storage/engine/rocksdb.go:120                Options.memtable_prefix_bloom_size_ratio: 0.000000
I200514 16:42:29.047101 13 storage/engine/rocksdb.go:120                Options.memtable_whole_key_filtering: 0
I200514 16:42:29.047103 13 storage/engine/rocksdb.go:120    Options.memtable_huge_page_size: 0
I200514 16:42:29.047106 13 storage/engine/rocksdb.go:120                            Options.bloom_locality: 0
I200514 16:42:29.047108 13 storage/engine/rocksdb.go:120                     Options.max_successive_merges: 0
I200514 16:42:29.047111 13 storage/engine/rocksdb.go:120                 Options.optimize_filters_for_hits: 1
I200514 16:42:29.047114 13 storage/engine/rocksdb.go:120                 Options.paranoid_file_checks: 0
I200514 16:42:29.047116 13 storage/engine/rocksdb.go:120                 Options.force_consistency_checks: 0
I200514 16:42:29.047119 13 storage/engine/rocksdb.go:120                 Options.report_bg_io_stats: 0
I200514 16:42:29.047121 13 storage/engine/rocksdb.go:120                                Options.ttl: 0
I200514 16:42:29.047124 13 storage/engine/rocksdb.go:120           Options.periodic_compaction_seconds: 0
I200514 16:42:29.052736 13 storage/engine/rocksdb.go:120  [db/version_set.cc:4286] Recovered from manifest file:/var/lib/cockroach/MANIFEST-000471 succeeded,manifest_file_number is 471, next_file_number is 479, last_sequence is 8738368, log_number is 470,prev_log_number is 0,max_column_family is 0,min_log_number_to_keep is 0
I200514 16:42:29.052744 13 storage/engine/rocksdb.go:120  [db/version_set.cc:4295] Column family [default] (ID 0), log number is 470
I200514 16:42:29.054814 13 storage/engine/rocksdb.go:120  EVENT_LOG_v1 {"time_micros": 1589474549054792, "job": 1, "event": "recovery_started", "log_files": [472]}
I200514 16:42:29.054823 13 storage/engine/rocksdb.go:120  [db/db_impl_open.cc:598] Recovering log #472 mode 0
I200514 16:42:29.081288 13 storage/engine/rocksdb.go:120  EVENT_LOG_v1 {"time_micros": 1589474549081245, "cf_name": "default", "job": 1, "event": "table_file_creation", "file_number": 479, "file_size": 79855, "table_properties": {"data_size": 77107, "index_size": 392, "index_partitions": 0, "top_level_index_size": 0, "index_key_is_user_key": 0, "index_value_is_delta_encoded": 0, "filter_size": 1477, "raw_key_size": 50689, "raw_average_key_size": 41, "raw_value_size": 312927, "raw_average_value_size": 258, "num_data_blocks": 9, "num_entries": 1212, "num_deletions": 86, "num_merge_operands": 664, "num_range_deletions": 664, "format_version": 0, "fixed_key_len": 0, "filter_policy": "rocksdb.BuiltinBloomFilter", "column_family_name": "default", "column_family_id": 0, "comparator": "cockroach_comparator", "merge_operator": "cockroach_merge_operator", "prefix_extractor_name": "cockroach_prefix_extractor", "property_collectors": "[TimeBoundTblPropCollectorFactory,DeleteRangeTblPropCollectorFactory]", "compression": "Snappy", "compression_options": "window_bits=-14; level=32767; strategy=0; max_dict_bytes=0; zstd_max_train_bytes=0; enabled=0; ", "creation_time": 1589474549, "oldest_key_time": 3, "file_creation_time": 0}}
I200514 16:42:29.081633 13 storage/engine/rocksdb.go:120  [db/version_set.cc:3560] Creating manifest 480
I200514 16:42:29.093510 13 storage/engine/rocksdb.go:120  EVENT_LOG_v1 {"time_micros": 1589474549093483, "job": 1, "event": "recovery_finished"}
I200514 16:42:29.120111 13 storage/engine/rocksdb.go:120  DB pointer 0x7fb41c57a000
I200514 17:27:59.758224 89 storage/engine/rocksdb.go:120  [db/db_impl_write.cc:1437] [default] New memtable created with log file: #484. Immutable memtables: 0.
I200514 17:27:59.759059 17 storage/engine/rocksdb.go:120  (Original Log Time 2020/05/14-17:27:59.758422) [db/db_impl_compaction_flush.cc:2097] Calling FlushMemTableToOutputFile with column family [default], flush slots available 1, compaction slots available 1, flush slots scheduled 1, compaction slots scheduled 0
I200514 17:27:59.759130 17 storage/engine/rocksdb.go:120  [db/flush_job.cc:322] [default] [JOB 3] Flushing memtable with next log file: 484
I200514 17:27:59.759174 17 storage/engine/rocksdb.go:120  EVENT_LOG_v1 {"time_micros": 1589477279759155, "job": 3, "event": "flush_started", "num_memtables": 1, "num_entries": 217724, "num_deletes": 7811, "total_data_size": 60994274, "memory_usage": 65046000, "flush_reason": "Write Buffer Full"}
I200514 17:27:59.759319 17 storage/engine/rocksdb.go:120  [db/flush_job.cc:351] [default] [JOB 3] Level-0 flush table #485: started
I200514 17:28:00.104521 17 storage/engine/rocksdb.go:120  EVENT_LOG_v1 {"time_micros": 1589477280104433, "cf_name": "default", "job": 3, "event": "table_file_creation", "file_number": 485, "file_size": 429213, "table_properties": {"data_size": 415252, "index_size": 4572, "index_partitions": 0, "top_level_index_size": 0, "index_key_is_user_key": 0, "index_value_is_delta_encoded": 0, "filter_size": 10437, "raw_key_size": 303001, "raw_average_key_size": 30, "raw_value_size": 2279804, "raw_average_value_size": 226, "num_data_blocks": 74, "num_entries": 10047, "num_deletions": 7676, "num_merge_operands": 1328, "num_range_deletions": 1328, "format_version": 0, "fixed_key_len": 0, "filter_policy": "rocksdb.BuiltinBloomFilter", "column_family_name": "default", "column_family_id": 0, "comparator": "cockroach_comparator", "merge_operator": "cockroach_merge_operator", "prefix_extractor_name": "cockroach_prefix_extractor", "property_collectors": "[TimeBoundTblPropCollectorFactory,DeleteRangeTblPropCollectorFactory]", "compression": "Snappy", "compression_options": "window_bits=-14; level=32767; strategy=0; max_dict_bytes=0; zstd_max_train_bytes=0; enabled=0; ", "creation_time": 1589477279, "oldest_key_time": 1589474549, "file_creation_time": 1589477279}}
I200514 17:28:00.104539 17 storage/engine/rocksdb.go:120  [db/flush_job.cc:392] [default] [JOB 3] Level-0 flush table #485: 429213 bytes OK
I200514 17:28:00.105275 17 storage/engine/rocksdb.go:120  [db/db_impl_files.cc:194] adding log 481 to recycle list
I200514 17:28:00.105310 17 storage/engine/rocksdb.go:120  (Original Log Time 2020/05/14-17:28:00.104548) [db/memtable_list.cc:386] [default] Level-0 commit table #485 started
I200514 17:28:00.105317 17 storage/engine/rocksdb.go:120  (Original Log Time 2020/05/14-17:28:00.104864) [db/memtable_list.cc:434] [default] Level-0 commit table #485: memtable #1 done
I200514 17:28:00.105355 17 storage/engine/rocksdb.go:120  (Original Log Time 2020/05/14-17:28:00.104876) EVENT_LOG_v1 {"time_micros": 1589477280104870, "job": 3, "event": "flush_finished", "output_compression": "Snappy", "lsm_state": [2, 0, 0, 0, 0, 0, 3], "immutable_memtables": 0}
I200514 17:28:00.105369 17 storage/engine/rocksdb.go:120  [db/compaction_job.cc:1647] [default] [JOB 4] Compacting 2@0 + 3@6 files to L6, score 1.00
I200514 17:28:00.105375 30594 storage/engine/rocksdb.go:120  (Original Log Time 2020/05/14-17:28:00.104938) [db/db_impl_compaction_flush.cc:208] [default] Level summary: base level 6 level multiplier 10.00 max bytes base 67108864 files[2 0 0 0 0 0 3] max score 1.00
I200514 17:28:00.105399 17 storage/engine/rocksdb.go:120  [db/compaction_job.cc:1651] [default] Compaction start summary: Base version 3 Base level 0, inputs: [485(419KB) 479(77KB)], [475(4121KB) 476(4113KB) 477(2098KB)]
I200514 17:28:00.105429 17 storage/engine/rocksdb.go:120  EVENT_LOG_v1 {"time_micros": 1589477280105412, "job": 4, "event": "compaction_started", "compaction_reason": "LevelL0FilesNum", "files_L0": [485, 479], "files_L6": [475, 476, 477], "score": 1, "input_data_size": 11090046}
I200514 17:28:00.188729 17 storage/engine/rocksdb.go:120  [db/compaction_job.cc:1334] [default] [JOB 4] Generated table #486: 14851 keys, 4221882 bytes
I200514 17:28:00.188776 17 storage/engine/rocksdb.go:120  EVENT_LOG_v1 {"time_micros": 1589477280188750, "cf_name": "default", "job": 4, "event": "table_file_creation", "file_number": 486, "file_size": 4221882, "table_properties": {"data_size": 4199482, "index_size": 79519, "index_partitions": 0, "top_level_index_size": 0, "index_key_is_user_key": 0, "index_value_is_delta_encoded": 0, "filter_size": 0, "raw_key_size": 750904, "raw_average_key_size": 50, "raw_value_size": 35978263, "raw_average_value_size": 2422, "num_data_blocks": 1151, "num_entries": 14851, "num_deletions": 0, "num_merge_operands": 0, "num_range_deletions": 0, "format_version": 0, "fixed_key_len": 0, "filter_policy": "rocksdb.BuiltinBloomFilter", "column_family_name": "default", "column_family_id": 0, "comparator": "cockroach_comparator", "merge_operator": "cockroach_merge_operator", "prefix_extractor_name": "cockroach_prefix_extractor", "property_collectors": "[TimeBoundTblPropCollectorFactory,DeleteRangeTblPropCollectorFactory]", "compression": "Snappy", "compression_options": "window_bits=-14; level=32767; strategy=0; max_dict_bytes=0; zstd_max_train_bytes=0; enabled=0; ", "creation_time": 1589477279, "oldest_key_time": 0, "file_creation_time": 1589477280}}
I200514 17:28:00.253385 17 storage/engine/rocksdb.go:120  [db/compaction_job.cc:1334] [default] [JOB 4] Generated table #487: 8092 keys, 4211983 bytes
I200514 17:28:00.253434 17 storage/engine/rocksdb.go:120  EVENT_LOG_v1 {"time_micros": 1589477280253408, "cf_name": "default", "job": 4, "event": "table_file_creation", "file_number": 487, "file_size": 4211983, "table_properties": {"data_size": 4196003, "index_size": 52215, "index_partitions": 0, "top_level_index_size": 0, "index_key_is_user_key": 0, "index_value_is_delta_encoded": 0, "filter_size": 0, "raw_key_size": 441166, "raw_average_key_size": 54, "raw_value_size": 24239631, "raw_average_value_size": 2995, "num_data_blocks": 777, "num_entries": 8092, "num_deletions": 0, "num_merge_operands": 0, "num_range_deletions": 0, "format_version": 0, "fixed_key_len": 0, "filter_policy": "rocksdb.BuiltinBloomFilter", "column_family_name": "default", "column_family_id": 0, "comparator": "cockroach_comparator", "merge_operator": "cockroach_merge_operator", "prefix_extractor_name": "cockroach_prefix_extractor", "property_collectors": "[TimeBoundTblPropCollectorFactory,DeleteRangeTblPropCollectorFactory]", "compression": "Snappy", "compression_options": "window_bits=-14; level=32767; strategy=0; max_dict_bytes=0; zstd_max_train_bytes=0; enabled=0; ", "creation_time": 1589477279, "oldest_key_time": 0, "file_creation_time": 1589477280}}
I200514 17:28:00.295793 17 storage/engine/rocksdb.go:120  [db/compaction_job.cc:1334] [default] [JOB 4] Generated table #488: 7689 keys, 2430606 bytes
I200514 17:28:00.295932 17 storage/engine/rocksdb.go:120  EVENT_LOG_v1 {"time_micros": 1589477280295892, "cf_name": "default", "job": 4, "event": "table_file_creation", "file_number": 488, "file_size": 2430606, "table_properties": {"data_size": 2420789, "index_size": 31855, "index_partitions": 0, "top_level_index_size": 0, "index_key_is_user_key": 0, "index_value_is_delta_encoded": 0, "filter_size": 0, "raw_key_size": 373464, "raw_average_key_size": 48, "raw_value_size": 14125060, "raw_average_value_size": 1837, "num_data_blocks": 455, "num_entries": 7689, "num_deletions": 0, "num_merge_operands": 0, "num_range_deletions": 0, "format_version": 0, "fixed_key_len": 0, "filter_policy": "rocksdb.BuiltinBloomFilter", "column_family_name": "default", "column_family_id": 0, "comparator": "cockroach_comparator", "merge_operator": "cockroach_merge_operator", "prefix_extractor_name": "cockroach_prefix_extractor", "property_collectors": "[TimeBoundTblPropCollectorFactory,DeleteRangeTblPropCollectorFactory]", "compression": "Snappy", "compression_options": "window_bits=-14; level=32767; strategy=0; max_dict_bytes=0; zstd_max_train_bytes=0; enabled=0; ", "creation_time": 1589477279, "oldest_key_time": 0, "file_creation_time": 1589477280}}
I200514 17:28:00.300470 17 storage/engine/rocksdb.go:120  [db/compaction_job.cc:1397] [default] [JOB 4] Compacted 2@0 + 3@6 files to L6 => 10864471 bytes
I200514 17:28:00.301052 17 storage/engine/rocksdb.go:120  (Original Log Time 2020/05/14-17:28:00.300992) [db/compaction_job.cc:770] [default] compacted to: base level 6 level multiplier 10.00 max bytes base 67108864 files[0 0 0 0 0 0 3] max score 0.00, MB/sec: 58.0 rd, 56.8 wr, level 6, files in(2, 3) out(3) MB in(0.5, 10.1) out(10.4), read-write-amplify(43.1) write-amplify(21.3) OK, records in: 41257, records dropped: 9297 output_compression: Snappy
I200514 17:28:00.301060 17 storage/engine/rocksdb.go:120  (Original Log Time 2020/05/14-17:28:00.301011) EVENT_LOG_v1 {"time_micros": 1589477280301002, "job": 4, "event": "compaction_finished", "compaction_time_micros": 191371, "compaction_time_cpu_micros": 108415, "output_level": 6, "num_output_files": 3, "total_output_size": 10864471, "num_input_records": 39929, "num_output_records": 30632, "num_subcompactions": 1, "output_compression": "Snappy", "num_single_delete_mismatches": 0, "num_single_delete_fallthrough": 0, "lsm_state": [0, 0, 0, 0, 0, 0, 3]}
I200514 17:28:00.301722 17 storage/engine/rocksdb.go:120  EVENT_LOG_v1 {"time_micros": 1589477280301710, "job": 4, "event": "table_file_deletion", "file_number": 485}
I200514 17:28:00.302563 17 storage/engine/rocksdb.go:120  EVENT_LOG_v1 {"time_micros": 1589477280302551, "job": 4, "event": "table_file_deletion", "file_number": 479}
I200514 17:28:00.303693 17 storage/engine/rocksdb.go:120  EVENT_LOG_v1 {"time_micros": 1589477280303681, "job": 4, "event": "table_file_deletion", "file_number": 477}
I200514 17:28:00.305087 17 storage/engine/rocksdb.go:120  EVENT_LOG_v1 {"time_micros": 1589477280305067, "job": 4, "event": "table_file_deletion", "file_number": 476}
I200514 17:28:00.306368 17 storage/engine/rocksdb.go:120  EVENT_LOG_v1 {"time_micros": 1589477280306351, "job": 4, "event": "table_file_deletion", "file_number": 475}
I200514 17:40:28.879757 38777 storage/engine/rocksdb.go:120  bloom filter utility:    -nan%
I200514 17:40:28.880013 38777 storage/engine/rocksdb.go:120  [db/db_impl.cc:392] Shutdown: canceling all background work
I200514 17:40:28.882095 38777 storage/engine/rocksdb.go:120  [db/db_impl.cc:565] Shutdown complete
I200514 17:40:28.894985 38777 storage/engine/rocksdb.go:120  bloom filter utility:    74.9%
I200514 17:40:28.895472 38777 storage/engine/rocksdb.go:120  [db/db_impl.cc:392] Shutdown: canceling all background work
I200514 17:40:28.905671 38777 storage/engine/rocksdb.go:120  [db/db_impl.cc:565] Shutdown complete
