I200512 13:49:36.398875 1 util/log/clog.go:1196  [config] file created at: 2020/05/12 13:49:36
I200512 13:49:36.398875 1 util/log/clog.go:1196  [config] running on machine: 45cf0530331c
I200512 13:49:36.398875 1 util/log/clog.go:1196  [config] binary: CockroachDB CCL v19.2.5 (x86_64-unknown-linux-gnu, built 2020/03/16 18:27:12, go1.12.12)
I200512 13:49:36.398875 1 util/log/clog.go:1196  [config] arguments: [/cockroach/cockroach start --insecure --store=attrs=ssd,path=/var/lib/cockroach/]
I200512 13:49:36.398875 1 util/log/clog.go:1196  line format: [IWEF]yymmdd hh:mm:ss.uuuuuu goid file:line msg utf8=✓
I200512 13:49:36.398874 1 cli/start.go:1144  logging to directory /var/lib/cockroach/logs
W200512 13:49:36.405247 1 cli/start.go:1182  RUNNING IN INSECURE MODE!

- Your cluster is open for any client that can access <all your IP addresses>.
- Any user, even root, can log in without providing a password.
- Any user, connecting as root, can read or write any data in your cluster.
- There is no network encryption nor authentication, and thus no confidentiality.

Check out how to secure your cluster: https://www.cockroachlabs.com/docs/v19.2/secure-a-cluster.html
I200512 13:49:36.405584 1 server/status/recorder.go:597  available memory from cgroups (8.0 EiB) is unsupported, using system memory 1.9 GiB instead: 
W200512 13:49:36.406005 1 cli/start.go:1052  Using the default setting for --cache (128 MiB).
  A significantly larger value is usually needed for good performance.
  If you have a dedicated server a reasonable setting is --cache=.25 (497 MiB).
I200512 13:49:36.406315 1 server/status/recorder.go:597  available memory from cgroups (8.0 EiB) is unsupported, using system memory 1.9 GiB instead: 
W200512 13:49:36.406326 1 cli/start.go:1065  Using the default setting for --max-sql-memory (128 MiB).
  A significantly larger value is usually needed in production.
  If you have a dedicated server a reasonable setting is --max-sql-memory=.25 (497 MiB).
I200512 13:49:36.406437 1 server/status/recorder.go:597  available memory from cgroups (8.0 EiB) is unsupported, using system memory 1.9 GiB instead: 
I200512 13:49:36.406446 1 cli/start.go:1196  CockroachDB CCL v19.2.5 (x86_64-unknown-linux-gnu, built 2020/03/16 18:27:12, go1.12.12)
W200512 13:49:36.553564 1 cli/start.go:511  running 'cockroach start' without --join is deprecated.
Consider using 'cockroach start-single-node' or 'cockroach init' instead.
I200512 13:49:36.559465 1 server/status/recorder.go:597  available memory from cgroups (8.0 EiB) is unsupported, using system memory 1.9 GiB instead: 
I200512 13:49:36.559481 1 server/config.go:394  system total memory: 1.9 GiB
I200512 13:49:36.559505 1 server/config.go:396  server configuration:
max offset             500000000
cache size             128 MiB
SQL memory pool size   128 MiB
scan interval          10m0s
scan min idle time     10ms
scan max idle time     1s
event log enabled      true
I200512 13:49:36.559513 1 cli/start.go:1030  using local environment variables: COCKROACH_CHANNEL=official-docker
I200512 13:49:36.559521 1 cli/start.go:1037  process identity: uid 0 euid 0 gid 0 egid 0
I200512 13:49:36.559554 1 cli/start.go:644  starting cockroach node
I200512 13:49:36.562689 14 storage/engine/rocksdb.go:622  opening rocksdb instance at "/var/lib/cockroach/cockroach-temp722833535"
I200512 13:49:36.661631 14 server/server.go:928  [n?] monitoring forward clock jumps based on server.clock.forward_jump_check_enabled
I200512 13:49:36.667794 14 storage/engine/rocksdb.go:622  opening rocksdb instance at "/var/lib/cockroach"
I200512 13:49:36.826103 14 server/config.go:502  [n?] 1 storage engine initialized
I200512 13:49:36.826110 14 server/config.go:505  [n?] RocksDB cache size: 128 MiB
I200512 13:49:36.826114 14 server/config.go:505  [n?] store 0: RocksDB, max size 0 B, max open file limit 1043576
W200512 13:49:36.843833 14 cli/start.go:996  neither --listen-addr nor --advertise-addr was specified.
The server will advertise "45cf0530331c" to other nodes, is this routable?

Consider using:
- for local-only servers:  --listen-addr=localhost
- for multi-node clusters: --advertise-addr=<host/IP addr>
I200512 13:49:36.844601 14 server/server.go:978  [n?] Sleeping till wall time 1589291376844588863 to catches up to 1589291377161592664 to ensure monotonicity. Delta: 317.003801ms
I200512 13:49:37.161969 14 gossip/gossip.go:394  [n1] NodeDescriptor set to node_id:1 address:<network_field:"tcp" address_field:"45cf0530331c:26257" > attrs:<> locality:<> ServerVersion:<major_val:19 minor_val:2 patch:0 unstable:0 > build_tag:"v19.2.5" started_at:1589291377161883463 cluster_name:"" sql_address:<network_field:"tcp" address_field:"45cf0530331c:26257" > 
W200512 13:49:37.188591 109 storage/replica_range_lease.go:554  can't determine lease status due to node liveness error: node not in the liveness table
github.com/cockroachdb/cockroach/pkg/storage.init.ializers
	/go/src/github.com/cockroachdb/cockroach/pkg/storage/node_liveness.go:44
runtime.main
	/usr/local/go/src/runtime/proc.go:188
runtime.goexit
	/usr/local/go/src/runtime/asm_amd64.s:1337
W200512 13:49:37.188616 109 storage/store.go:1530  [n1,s1,r6/1:/Table/{SystemCon…-11}] could not gossip system config: [NotLeaseHolderError] r6: replica (n1,s1):1 not lease holder; lease holder unknown
I200512 13:49:37.205638 14 server/node.go:431  [n1] initialized store [n1,s1]: disk (capacity=894 GiB, available=593 GiB, used=8.4 MiB, logicalBytes=54 MiB), ranges=38, leases=2, queries=0.00, writes=0.00, bytesPerReplica={p10=0.00 p25=0.00 p50=0.00 p75=13779.00 p90=77336.00 pMax=56397649.00}, writesPerReplica={p10=0.00 p25=0.00 p50=0.00 p75=0.00 p90=0.00 pMax=0.00}
I200512 13:49:37.205747 14 storage/stores.go:240  [n1] read 0 node addresses from persistent storage
I200512 13:49:37.205815 14 server/node.go:645  [n1] connecting to gossip network to verify cluster ID...
I200512 13:49:37.205826 14 server/node.go:665  [n1] node connected via gossip and verified as part of cluster "3d423bb5-5d67-4ebf-947b-999bec430444"
I200512 13:49:37.205918 14 server/node.go:512  [n1] node=1: started with [ssd=/var/lib/cockroach] engine(s) and attributes []
I200512 13:49:37.206921 14 server/server.go:1514  [n1] starting http server at [::]:8080 (use: 45cf0530331c:8080)
I200512 13:49:37.206932 14 server/server.go:1521  [n1] starting grpc/postgres server at [::]:26257
I200512 13:49:37.206940 14 server/server.go:1522  [n1] advertising CockroachDB node at 45cf0530331c:26257
I200512 13:49:37.222010 14 server/server.go:1590  [n1] done ensuring all necessary migrations have run
I200512 13:49:37.222039 14 server/server.go:1841  [n1] serving sql connections
I200512 13:49:37.222083 14 cli/start.go:803  [config] clusterID: 3d423bb5-5d67-4ebf-947b-999bec430444
I200512 13:49:37.222097 14 cli/start.go:812  node startup completed:
CockroachDB node starting at 2020-05-12 13:49:37.222050863 +0000 UTC (took 0.8s)
build:               CCL v19.2.5 @ 2020/03/16 18:27:12 (go1.12.12)
webui:               http://45cf0530331c:8080
sql:                 postgresql://root@45cf0530331c:26257?sslmode=disable
RPC client flags:    /cockroach/cockroach <client cmd> --host=45cf0530331c:26257 --insecure
logs:                /var/lib/cockroach/logs
temp dir:            /var/lib/cockroach/cockroach-temp722833535
external I/O path:   /var/lib/cockroach/extern
store[0]:            path=/var/lib/cockroach,attrs=ssd
status:              restarted pre-existing node
clusterID:           3d423bb5-5d67-4ebf-947b-999bec430444
nodeID:              1
I200512 13:49:37.228451 172 server/server_update.go:53  [n1] no need to upgrade, cluster already at the newest version
I200512 13:49:37.245116 174 sql/event_log.go:130  [n1] Event: "node_restart", target: 1, info: {Descriptor:{NodeID:1 Address:45cf0530331c:26257 Attrs: Locality: ServerVersion:19.2 BuildTag:v19.2.5 StartedAt:1589291377161883463 LocalityAddress:[] ClusterName: SQLAddress:45cf0530331c:26257} ClusterID:3d423bb5-5d67-4ebf-947b-999bec430444 StartedAt:1589291377161883463 LastUp:1589291370987812795}
I200512 13:49:38.422605 85 gossip/gossip.go:1531  [n1] node has connected to cluster via gossip
I200512 13:49:38.422682 85 storage/stores.go:259  [n1] wrote 0 node addresses to persistent storage
I200512 13:49:47.209428 122 server/status/runtime.go:498  [n1] runtime stats: 102 MiB RSS, 117 goroutines, 87 MiB/38 MiB/129 MiB GO alloc/idle/total, 14 MiB/16 MiB CGO alloc/total, 0.0 CGO/sec, 0.0/0.0 %(u/s)time, 0.0 %gc (9x), 11 KiB/14 KiB (r/w)net
I200512 13:49:57.209422 122 server/status/runtime.go:498  [n1] runtime stats: 108 MiB RSS, 117 goroutines, 95 MiB/29 MiB/135 MiB GO alloc/idle/total, 14 MiB/17 MiB CGO alloc/total, 61.6 CGO/sec, 0.5/0.2 %(u/s)time, 0.0 %gc (0x), 140 B/0 B (r/w)net
I200512 13:49:57.224880 117 storage/store.go:2364  [n1,s1] sstables (read amplification = 2):
0 [ 99K 1 ]: 99K
6 [  5M 2 ]: 4M 1M
I200512 13:49:57.225028 117 storage/store.go:2365  [n1,s1] 
** Compaction Stats [default] **
Level    Files   Size     Score Read(GB)  Rn(GB) Rnp1(GB) Write(GB) Wnew(GB) Moved(GB) W-Amp Rd(MB/s) Wr(MB/s) Comp(sec) CompMergeCPU(sec) Comp(cnt) Avg(sec) KeyIn KeyDrop
----------------------------------------------------------------------------------------------------------------------------------------------------------------------------
  L0      1/0   99.42 KB   0.5      0.0     0.0      0.0       0.0      0.0       0.0   1.0      0.0      2.5      0.04              0.00         1    0.039       0      0
  L6      2/0    5.25 MB   0.0      0.0     0.0      0.0       0.0      0.0       0.0   0.0      0.0      0.0      0.00              0.00         0    0.000       0      0
 Sum      3/0    5.34 MB   0.0      0.0     0.0      0.0       0.0      0.0       0.0   1.0      0.0      2.5      0.04              0.00         1    0.039       0      0
 Int      0/0    0.00 KB   0.0      0.0     0.0      0.0       0.0      0.0       0.0   1.0      0.0      2.5      0.04              0.00         1    0.039       0      0

** Compaction Stats [default] **
Priority    Files   Size     Score Read(GB)  Rn(GB) Rnp1(GB) Write(GB) Wnew(GB) Moved(GB) W-Amp Rd(MB/s) Wr(MB/s) Comp(sec) CompMergeCPU(sec) Comp(cnt) Avg(sec) KeyIn KeyDrop
-------------------------------------------------------------------------------------------------------------------------------------------------------------------------------
User      0/0    0.00 KB   0.0      0.0     0.0      0.0       0.0      0.0       0.0   0.0      0.0      2.5      0.04              0.00         1    0.039       0      0
Uptime(secs): 20.5 total, 20.5 interval
Flush(GB): cumulative 0.000, interval 0.000
AddFile(GB): cumulative 0.000, interval 0.000
AddFile(Total Files): cumulative 0, interval 0
AddFile(L0 Files): cumulative 0, interval 0
AddFile(Keys): cumulative 0, interval 0
Cumulative compaction: 0.00 GB write, 0.00 MB/s write, 0.00 GB read, 0.00 MB/s read, 0.0 seconds
Interval compaction: 0.00 GB write, 0.00 MB/s write, 0.00 GB read, 0.00 MB/s read, 0.0 seconds
Stalls(count): 0 level0_slowdown, 0 level0_slowdown_with_compaction, 0 level0_numfiles, 0 level0_numfiles_with_compaction, 0 stop for pending_compaction_bytes, 0 slowdown for pending_compaction_bytes, 0 memtable_compaction, 0 memtable_slowdown, interval 0 total count
estimated_pending_compaction_bytes: 0 B
I200512 13:50:07.209583 122 server/status/runtime.go:498  [n1] runtime stats: 117 MiB RSS, 117 goroutines, 103 MiB/21 MiB/135 MiB GO alloc/idle/total, 15 MiB/17 MiB CGO alloc/total, 68.0 CGO/sec, 0.5/0.2 %(u/s)time, 0.0 %gc (0x), 140 B/0 B (r/w)net
I200512 13:50:17.209841 122 server/status/runtime.go:498  [n1] runtime stats: 126 MiB RSS, 118 goroutines, 112 MiB/13 MiB/135 MiB GO alloc/idle/total, 15 MiB/17 MiB CGO alloc/total, 55.8 CGO/sec, 0.5/0.3 %(u/s)time, 0.0 %gc (0x), 0 B/0 B (r/w)net
I200512 13:50:27.210084 122 server/status/runtime.go:498  [n1] runtime stats: 135 MiB RSS, 118 goroutines, 120 MiB/4.9 MiB/135 MiB GO alloc/idle/total, 15 MiB/17 MiB CGO alloc/total, 25.7 CGO/sec, 0.4/0.2 %(u/s)time, 0.0 %gc (0x), 0 B/0 B (r/w)net
I200512 13:50:37.206175 118 gossip/gossip.go:566  [n1] gossip status (ok, 1 node)
gossip client (0/3 cur/max conns)
gossip server (0/3 cur/max conns, infos 0/0 sent/received, bytes 0B/0B sent/received)
gossip connectivity
  n1 [sentinel];
I200512 13:50:37.210100 122 server/status/runtime.go:498  [n1] runtime stats: 142 MiB RSS, 119 goroutines, 84 MiB/100 MiB/201 MiB GO alloc/idle/total, 15 MiB/17 MiB CGO alloc/total, 30.3 CGO/sec, 0.5/0.2 %(u/s)time, 0.0 %gc (1x), 140 B/0 B (r/w)net
I200512 13:50:47.210062 122 server/status/runtime.go:498  [n1] runtime stats: 142 MiB RSS, 117 goroutines, 93 MiB/93 MiB/201 MiB GO alloc/idle/total, 15 MiB/18 MiB CGO alloc/total, 66.2 CGO/sec, 0.4/0.3 %(u/s)time, 0.0 %gc (0x), 150 B/150 B (r/w)net
I200512 13:50:57.210145 122 server/status/runtime.go:498  [n1] runtime stats: 143 MiB RSS, 117 goroutines, 99 MiB/87 MiB/201 MiB GO alloc/idle/total, 15 MiB/18 MiB CGO alloc/total, 24.0 CGO/sec, 0.4/0.1 %(u/s)time, 0.0 %gc (0x), 0 B/0 B (r/w)net
I200512 13:51:07.210263 122 server/status/runtime.go:498  [n1] runtime stats: 144 MiB RSS, 117 goroutines, 105 MiB/82 MiB/201 MiB GO alloc/idle/total, 15 MiB/18 MiB CGO alloc/total, 23.8 CGO/sec, 0.3/0.1 %(u/s)time, 0.0 %gc (0x), 0 B/0 B (r/w)net
I200512 13:51:17.210428 122 server/status/runtime.go:498  [n1] runtime stats: 145 MiB RSS, 118 goroutines, 112 MiB/76 MiB/201 MiB GO alloc/idle/total, 15 MiB/18 MiB CGO alloc/total, 25.1 CGO/sec, 0.3/0.1 %(u/s)time, 0.0 %gc (0x), 0 B/0 B (r/w)net
I200512 13:51:27.210635 122 server/status/runtime.go:498  [n1] runtime stats: 146 MiB RSS, 118 goroutines, 118 MiB/70 MiB/201 MiB GO alloc/idle/total, 15 MiB/18 MiB CGO alloc/total, 27.6 CGO/sec, 0.3/0.1 %(u/s)time, 0.0 %gc (0x), 70 B/0 B (r/w)net
I200512 13:51:37.206153 118 gossip/gossip.go:566  [n1] gossip status (ok, 1 node)
gossip client (0/3 cur/max conns)
gossip server (0/3 cur/max conns, infos 0/0 sent/received, bytes 0B/0B sent/received)
I200512 13:51:37.210549 122 server/status/runtime.go:498  [n1] runtime stats: 147 MiB RSS, 118 goroutines, 124 MiB/64 MiB/201 MiB GO alloc/idle/total, 15 MiB/18 MiB CGO alloc/total, 27.6 CGO/sec, 0.3/0.1 %(u/s)time, 0.0 %gc (0x), 70 B/0 B (r/w)net
I200512 13:51:47.210779 122 server/status/runtime.go:498  [n1] runtime stats: 154 MiB RSS, 117 goroutines, 133 MiB/55 MiB/201 MiB GO alloc/idle/total, 15 MiB/18 MiB CGO alloc/total, 51.7 CGO/sec, 0.4/0.3 %(u/s)time, 0.0 %gc (0x), 66 B/66 B (r/w)net
I200512 13:51:57.211208 122 server/status/runtime.go:498  [n1] runtime stats: 163 MiB RSS, 117 goroutines, 141 MiB/47 MiB/201 MiB GO alloc/idle/total, 15 MiB/18 MiB CGO alloc/total, 32.2 CGO/sec, 0.3/0.2 %(u/s)time, 0.0 %gc (0x), 84 B/84 B (r/w)net
I200512 13:52:07.210976 122 server/status/runtime.go:498  [n1] runtime stats: 169 MiB RSS, 117 goroutines, 84 MiB/100 MiB/201 MiB GO alloc/idle/total, 15 MiB/18 MiB CGO alloc/total, 21.6 CGO/sec, 0.4/0.2 %(u/s)time, 0.0 %gc (1x), 0 B/0 B (r/w)net
I200512 13:52:17.211187 122 server/status/runtime.go:498  [n1] runtime stats: 169 MiB RSS, 118 goroutines, 90 MiB/94 MiB/201 MiB GO alloc/idle/total, 15 MiB/18 MiB CGO alloc/total, 43.7 CGO/sec, 0.3/0.2 %(u/s)time, 0.0 %gc (0x), 0 B/0 B (r/w)net
I200512 13:52:27.211189 122 server/status/runtime.go:498  [n1] runtime stats: 170 MiB RSS, 118 goroutines, 97 MiB/89 MiB/201 MiB GO alloc/idle/total, 15 MiB/18 MiB CGO alloc/total, 26.9 CGO/sec, 0.3/0.2 %(u/s)time, 0.0 %gc (0x), 0 B/0 B (r/w)net
I200512 13:52:37.206322 118 gossip/gossip.go:566  [n1] gossip status (ok, 1 node)
gossip client (0/3 cur/max conns)
gossip server (0/3 cur/max conns, infos 0/0 sent/received, bytes 0B/0B sent/received)
I200512 13:52:37.211818 122 server/status/runtime.go:498  [n1] runtime stats: 170 MiB RSS, 118 goroutines, 103 MiB/83 MiB/201 MiB GO alloc/idle/total, 15 MiB/18 MiB CGO alloc/total, 25.9 CGO/sec, 0.3/0.1 %(u/s)time, 0.0 %gc (0x), 0 B/0 B (r/w)net
I200512 13:52:47.211599 122 server/status/runtime.go:498  [n1] runtime stats: 171 MiB RSS, 117 goroutines, 111 MiB/76 MiB/201 MiB GO alloc/idle/total, 15 MiB/18 MiB CGO alloc/total, 55.1 CGO/sec, 0.4/0.2 %(u/s)time, 0.0 %gc (0x), 66 B/66 B (r/w)net
I200512 13:52:57.211657 122 server/status/runtime.go:498  [n1] runtime stats: 171 MiB RSS, 117 goroutines, 117 MiB/71 MiB/201 MiB GO alloc/idle/total, 15 MiB/18 MiB CGO alloc/total, 21.8 CGO/sec, 0.3/0.2 %(u/s)time, 0.0 %gc (0x), 84 B/84 B (r/w)net
I200512 13:53:07.211807 122 server/status/runtime.go:498  [n1] runtime stats: 171 MiB RSS, 117 goroutines, 123 MiB/65 MiB/201 MiB GO alloc/idle/total, 15 MiB/18 MiB CGO alloc/total, 25.8 CGO/sec, 0.3/0.2 %(u/s)time, 0.0 %gc (0x), 0 B/0 B (r/w)net
I200512 13:53:17.211904 122 server/status/runtime.go:498  [n1] runtime stats: 171 MiB RSS, 118 goroutines, 129 MiB/59 MiB/201 MiB GO alloc/idle/total, 15 MiB/18 MiB CGO alloc/total, 27.3 CGO/sec, 0.2/0.1 %(u/s)time, 0.0 %gc (0x), 70 B/0 B (r/w)net
I200512 13:53:27.212062 122 server/status/runtime.go:498  [n1] runtime stats: 171 MiB RSS, 118 goroutines, 135 MiB/53 MiB/201 MiB GO alloc/idle/total, 15 MiB/18 MiB CGO alloc/total, 27.5 CGO/sec, 0.3/0.1 %(u/s)time, 0.0 %gc (0x), 0 B/0 B (r/w)net
I200512 13:53:37.206168 118 gossip/gossip.go:566  [n1] gossip status (ok, 1 node)
gossip client (0/3 cur/max conns)
gossip server (0/3 cur/max conns, infos 0/0 sent/received, bytes 0B/0B sent/received)
I200512 13:53:37.212132 122 server/status/runtime.go:498  [n1] runtime stats: 172 MiB RSS, 118 goroutines, 141 MiB/47 MiB/201 MiB GO alloc/idle/total, 15 MiB/18 MiB CGO alloc/total, 25.8 CGO/sec, 0.2/0.2 %(u/s)time, 0.0 %gc (0x), 70 B/0 B (r/w)net
I200512 13:53:47.212277 122 server/status/runtime.go:498  [n1] runtime stats: 176 MiB RSS, 117 goroutines, 80 MiB/104 MiB/201 MiB GO alloc/idle/total, 15 MiB/18 MiB CGO alloc/total, 51.2 CGO/sec, 0.6/0.1 %(u/s)time, 0.0 %gc (1x), 66 B/66 B (r/w)net
I200512 13:53:57.212643 122 server/status/runtime.go:498  [n1] runtime stats: 176 MiB RSS, 117 goroutines, 87 MiB/98 MiB/201 MiB GO alloc/idle/total, 15 MiB/18 MiB CGO alloc/total, 26.0 CGO/sec, 0.3/0.1 %(u/s)time, 0.0 %gc (0x), 168 B/84 B (r/w)net
I200512 13:54:07.212594 122 server/status/runtime.go:498  [n1] runtime stats: 176 MiB RSS, 117 goroutines, 93 MiB/93 MiB/201 MiB GO alloc/idle/total, 15 MiB/18 MiB CGO alloc/total, 35.7 CGO/sec, 0.3/0.2 %(u/s)time, 0.0 %gc (0x), 422 B/426 B (r/w)net
I200512 13:54:15.857558 1 cli/start.go:865  received signal 'terminated'
I200512 13:54:15.857955 1 cli/start.go:930  initiating graceful shutdown of server
I200512 13:54:15.878163 3466 util/stop/stopper.go:542  [server drain process] quiescing; tasks left:
1      [async] stats.Refresher: maybeRefreshStats
1      [async] intent_resolver_ir_batcher
1      [async] intent_resolver_gc_batcher
1      [async] closedts-rangefeed-subscriber
I200512 13:54:15.887923 3466 util/stop/stopper.go:542  [server drain process] quiescing; tasks left:
1      [async] stats.Refresher: maybeRefreshStats
1      [async] intent_resolver_gc_batcher
1      [async] closedts-rangefeed-subscriber
I200512 13:54:15.888150 3466 util/stop/stopper.go:542  [server drain process] quiescing; tasks left:
1      [async] stats.Refresher: maybeRefreshStats
1      [async] closedts-rangefeed-subscriber
W200512 13:54:15.893761 75 vendor/google.golang.org/grpc/clientconn.go:1206  grpc: addrConn.createTransport failed to connect to {45cf0530331c:26257 0  <nil>}. Err :connection error: desc = "transport: failed to write client preface: io: read/write on closed pipe". Reconnecting...
I200512 13:54:15.894124 3466 util/stop/stopper.go:542  [server drain process] quiescing; tasks left:
1      [async] closedts-rangefeed-subscriber
I200512 13:54:15.894808 3466 storage/engine/rocksdb.go:762  closing rocksdb instance at "/var/lib/cockroach/cockroach-temp722833535"
I200512 13:54:15.906411 3466 storage/engine/rocksdb.go:762  closing rocksdb instance at "/var/lib/cockroach"
I200512 13:54:15.915958 1 cli/start.go:976  server drained and shutdown completed
