I200514 15:19:58.599130 1 util/log/clog.go:1196  [config] file created at: 2020/05/14 15:19:58
I200514 15:19:58.599130 1 util/log/clog.go:1196  [config] running on machine: e5e9ba9638a0
I200514 15:19:58.599130 1 util/log/clog.go:1196  [config] binary: CockroachDB CCL v19.2.5 (x86_64-unknown-linux-gnu, built 2020/03/16 18:27:12, go1.12.12)
I200514 15:19:58.599130 1 util/log/clog.go:1196  [config] arguments: [/cockroach/cockroach start --insecure --store=attrs=ssd,path=/var/lib/cockroach/]
I200514 15:19:58.599130 1 util/log/clog.go:1196  line format: [IWEF]yymmdd hh:mm:ss.uuuuuu goid file:line msg utf8=✓
I200514 15:19:58.599129 1 cli/start.go:1144  logging to directory /var/lib/cockroach/logs
W200514 15:19:58.607264 1 cli/start.go:1182  RUNNING IN INSECURE MODE!

- Your cluster is open for any client that can access <all your IP addresses>.
- Any user, even root, can log in without providing a password.
- Any user, connecting as root, can read or write any data in your cluster.
- There is no network encryption nor authentication, and thus no confidentiality.

Check out how to secure your cluster: https://www.cockroachlabs.com/docs/v19.2/secure-a-cluster.html
I200514 15:19:58.607515 1 server/status/recorder.go:597  available memory from cgroups (8.0 EiB) is unsupported, using system memory 1.9 GiB instead: 
W200514 15:19:58.607568 1 cli/start.go:1052  Using the default setting for --cache (128 MiB).
  A significantly larger value is usually needed for good performance.
  If you have a dedicated server a reasonable setting is --cache=.25 (497 MiB).
I200514 15:19:58.607705 1 server/status/recorder.go:597  available memory from cgroups (8.0 EiB) is unsupported, using system memory 1.9 GiB instead: 
W200514 15:19:58.607715 1 cli/start.go:1065  Using the default setting for --max-sql-memory (128 MiB).
  A significantly larger value is usually needed in production.
  If you have a dedicated server a reasonable setting is --max-sql-memory=.25 (497 MiB).
I200514 15:19:58.607818 1 server/status/recorder.go:597  available memory from cgroups (8.0 EiB) is unsupported, using system memory 1.9 GiB instead: 
I200514 15:19:58.607841 1 cli/start.go:1196  CockroachDB CCL v19.2.5 (x86_64-unknown-linux-gnu, built 2020/03/16 18:27:12, go1.12.12)
W200514 15:19:58.963938 1 cli/start.go:511  running 'cockroach start' without --join is deprecated.
Consider using 'cockroach start-single-node' or 'cockroach init' instead.
I200514 15:19:58.987145 1 server/status/recorder.go:597  available memory from cgroups (8.0 EiB) is unsupported, using system memory 1.9 GiB instead: 
I200514 15:19:58.987158 1 server/config.go:394  system total memory: 1.9 GiB
I200514 15:19:58.987183 1 server/config.go:396  server configuration:
max offset             500000000
cache size             128 MiB
SQL memory pool size   128 MiB
scan interval          10m0s
scan min idle time     10ms
scan max idle time     1s
event log enabled      true
I200514 15:19:58.987192 1 cli/start.go:1030  using local environment variables: COCKROACH_CHANNEL=official-docker
I200514 15:19:58.987200 1 cli/start.go:1037  process identity: uid 0 euid 0 gid 0 egid 0
I200514 15:19:58.987233 1 cli/start.go:644  starting cockroach node
I200514 15:19:58.990462 12 storage/engine/rocksdb.go:622  opening rocksdb instance at "/var/lib/cockroach/cockroach-temp268866205"
I200514 15:19:59.175452 12 server/server.go:928  [n?] monitoring forward clock jumps based on server.clock.forward_jump_check_enabled
I200514 15:19:59.175947 12 storage/engine/rocksdb.go:622  opening rocksdb instance at "/var/lib/cockroach"
I200514 15:19:59.599607 12 server/config.go:502  [n?] 1 storage engine initialized
I200514 15:19:59.599633 12 server/config.go:505  [n?] RocksDB cache size: 128 MiB
I200514 15:19:59.599638 12 server/config.go:505  [n?] store 0: RocksDB, max size 0 B, max open file limit 1043576
W200514 15:19:59.617681 12 cli/start.go:996  neither --listen-addr nor --advertise-addr was specified.
The server will advertise "e5e9ba9638a0" to other nodes, is this routable?

Consider using:
- for local-only servers:  --listen-addr=localhost
- for multi-node clusters: --advertise-addr=<host/IP addr>
I200514 15:19:59.618443 12 server/server.go:978  [n?] Sleeping till wall time 1589469599618403456 to catches up to 1589469599675423557 to ensure monotonicity. Delta: 57.020101ms
I200514 15:19:59.675934 12 gossip/gossip.go:394  [n1] NodeDescriptor set to node_id:1 address:<network_field:"tcp" address_field:"e5e9ba9638a0:26257" > attrs:<> locality:<> ServerVersion:<major_val:19 minor_val:2 patch:0 unstable:0 > build_tag:"v19.2.5" started_at:1589469599675799756 cluster_name:"" sql_address:<network_field:"tcp" address_field:"e5e9ba9638a0:26257" > 
W200514 15:19:59.706669 107 storage/replica_range_lease.go:554  can't determine lease status due to node liveness error: node not in the liveness table
github.com/cockroachdb/cockroach/pkg/storage.init.ializers
	/go/src/github.com/cockroachdb/cockroach/pkg/storage/node_liveness.go:44
runtime.main
	/usr/local/go/src/runtime/proc.go:188
runtime.goexit
	/usr/local/go/src/runtime/asm_amd64.s:1337
W200514 15:19:59.706690 107 storage/store.go:1530  [n1,s1,r6/1:/Table/{SystemCon…-11}] could not gossip system config: [NotLeaseHolderError] r6: replica (n1,s1):1 not lease holder; lease holder unknown
I200514 15:19:59.831874 12 server/node.go:431  [n1] initialized store [n1,s1]: disk (capacity=894 GiB, available=579 GiB, used=17 MiB, logicalBytes=70 MiB), ranges=39, leases=3, queries=0.00, writes=0.00, bytesPerReplica={p10=0.00 p25=0.00 p50=0.00 p75=13779.00 p90=63256.00 pMax=41380101.00}, writesPerReplica={p10=0.00 p25=0.00 p50=0.00 p75=0.00 p90=0.00 pMax=0.00}
I200514 15:19:59.831930 12 storage/stores.go:240  [n1] read 0 node addresses from persistent storage
I200514 15:19:59.831994 12 server/node.go:645  [n1] connecting to gossip network to verify cluster ID...
I200514 15:19:59.832006 12 server/node.go:665  [n1] node connected via gossip and verified as part of cluster "3d423bb5-5d67-4ebf-947b-999bec430444"
I200514 15:19:59.832032 12 server/node.go:512  [n1] node=1: started with [ssd=/var/lib/cockroach] engine(s) and attributes []
I200514 15:19:59.833906 12 server/server.go:1514  [n1] starting http server at [::]:8080 (use: e5e9ba9638a0:8080)
I200514 15:19:59.833916 12 server/server.go:1521  [n1] starting grpc/postgres server at [::]:26257
I200514 15:19:59.833924 12 server/server.go:1522  [n1] advertising CockroachDB node at e5e9ba9638a0:26257
I200514 15:19:59.838360 12 server/server.go:1590  [n1] done ensuring all necessary migrations have run
I200514 15:19:59.838393 12 server/server.go:1841  [n1] serving sql connections
I200514 15:19:59.838438 12 cli/start.go:803  [config] clusterID: 3d423bb5-5d67-4ebf-947b-999bec430444
I200514 15:19:59.838449 12 cli/start.go:812  node startup completed:
CockroachDB node starting at 2020-05-14 15:19:59.838404256 +0000 UTC (took 1.3s)
build:               CCL v19.2.5 @ 2020/03/16 18:27:12 (go1.12.12)
webui:               http://e5e9ba9638a0:8080
sql:                 postgresql://root@e5e9ba9638a0:26257?sslmode=disable
RPC client flags:    /cockroach/cockroach <client cmd> --host=e5e9ba9638a0:26257 --insecure
logs:                /var/lib/cockroach/logs
temp dir:            /var/lib/cockroach/cockroach-temp268866205
external I/O path:   /var/lib/cockroach/extern
store[0]:            path=/var/lib/cockroach,attrs=ssd
status:              restarted pre-existing node
clusterID:           3d423bb5-5d67-4ebf-947b-999bec430444
nodeID:              1
I200514 15:19:59.852231 254 server/server_update.go:53  [n1] no need to upgrade, cluster already at the newest version
I200514 15:19:59.858665 256 sql/event_log.go:130  [n1] Event: "node_restart", target: 1, info: {Descriptor:{NodeID:1 Address:e5e9ba9638a0:26257 Attrs: Locality: ServerVersion:19.2 BuildTag:v19.2.5 StartedAt:1589469599675799756 LocalityAddress:[] ClusterName: SQLAddress:e5e9ba9638a0:26257} ClusterID:3d423bb5-5d67-4ebf-947b-999bec430444 StartedAt:1589469599675799756 LastUp:1589469597391246158}
I200514 15:20:01.972367 70 gossip/gossip.go:1531  [n1] node has connected to cluster via gossip
I200514 15:20:01.972447 70 storage/stores.go:259  [n1] wrote 0 node addresses to persistent storage
I200514 15:20:09.842117 204 server/status/runtime.go:498  [n1] runtime stats: 105 MiB RSS, 117 goroutines, 89 MiB/35 MiB/132 MiB GO alloc/idle/total, 14 MiB/16 MiB CGO alloc/total, 0.0 CGO/sec, 0.0/0.0 %(u/s)time, 0.0 %gc (9x), 11 KiB/15 KiB (r/w)net
I200514 15:20:19.846793 199 storage/store.go:2364  [n1,s1] sstables (read amplification = 2):
0 [ 186K 1 ]: 186K
6 [  10M 3 ]: 4M[2] 2M
I200514 15:20:19.846853 199 storage/store.go:2365  [n1,s1] 
** Compaction Stats [default] **
Level    Files   Size     Score Read(GB)  Rn(GB) Rnp1(GB) Write(GB) Wnew(GB) Moved(GB) W-Amp Rd(MB/s) Wr(MB/s) Comp(sec) CompMergeCPU(sec) Comp(cnt) Avg(sec) KeyIn KeyDrop
----------------------------------------------------------------------------------------------------------------------------------------------------------------------------
  L0      1/0   186.20 KB   0.5      0.0     0.0      0.0       0.0      0.0       0.0   1.0      0.0      1.3      0.14              0.00         1    0.136       0      0
  L6      3/0    9.56 MB   0.0      0.0     0.0      0.0       0.0      0.0       0.0   0.0      0.0      0.0      0.00              0.00         0    0.000       0      0
 Sum      4/0    9.75 MB   0.0      0.0     0.0      0.0       0.0      0.0       0.0   1.0      0.0      1.3      0.14              0.00         1    0.136       0      0
 Int      0/0    0.00 KB   0.0      0.0     0.0      0.0       0.0      0.0       0.0   1.0      0.0      1.3      0.14              0.00         1    0.136       0      0

** Compaction Stats [default] **
Priority    Files   Size     Score Read(GB)  Rn(GB) Rnp1(GB) Write(GB) Wnew(GB) Moved(GB) W-Amp Rd(MB/s) Wr(MB/s) Comp(sec) CompMergeCPU(sec) Comp(cnt) Avg(sec) KeyIn KeyDrop
-------------------------------------------------------------------------------------------------------------------------------------------------------------------------------
User      0/0    0.00 KB   0.0      0.0     0.0      0.0       0.0      0.0       0.0   0.0      0.0      1.3      0.14              0.00         1    0.136       0      0
Uptime(secs): 20.7 total, 20.7 interval
Flush(GB): cumulative 0.000, interval 0.000
AddFile(GB): cumulative 0.000, interval 0.000
AddFile(Total Files): cumulative 0, interval 0
AddFile(L0 Files): cumulative 0, interval 0
AddFile(Keys): cumulative 0, interval 0
Cumulative compaction: 0.00 GB write, 0.01 MB/s write, 0.00 GB read, 0.00 MB/s read, 0.1 seconds
Interval compaction: 0.00 GB write, 0.01 MB/s write, 0.00 GB read, 0.00 MB/s read, 0.1 seconds
Stalls(count): 0 level0_slowdown, 0 level0_slowdown_with_compaction, 0 level0_numfiles, 0 level0_numfiles_with_compaction, 0 stop for pending_compaction_bytes, 0 slowdown for pending_compaction_bytes, 0 memtable_compaction, 0 memtable_slowdown, interval 0 total count
estimated_pending_compaction_bytes: 0 B
I200514 15:20:19.847032 204 server/status/runtime.go:498  [n1] runtime stats: 112 MiB RSS, 117 goroutines, 98 MiB/26 MiB/135 MiB GO alloc/idle/total, 14 MiB/17 MiB CGO alloc/total, 59.0 CGO/sec, 0.6/0.2 %(u/s)time, 0.0 %gc (0x), 140 B/0 B (r/w)net
I200514 15:20:29.849293 204 server/status/runtime.go:498  [n1] runtime stats: 122 MiB RSS, 118 goroutines, 107 MiB/17 MiB/135 MiB GO alloc/idle/total, 15 MiB/17 MiB CGO alloc/total, 58.1 CGO/sec, 0.6/0.2 %(u/s)time, 0.0 %gc (0x), 140 B/0 B (r/w)net
I200514 15:20:39.849362 204 server/status/runtime.go:498  [n1] runtime stats: 131 MiB RSS, 118 goroutines, 116 MiB/8.7 MiB/135 MiB GO alloc/idle/total, 15 MiB/17 MiB CGO alloc/total, 40.7 CGO/sec, 0.5/0.1 %(u/s)time, 0.0 %gc (0x), 0 B/0 B (r/w)net
I200514 15:20:49.849456 204 server/status/runtime.go:498  [n1] runtime stats: 138 MiB RSS, 118 goroutines, 81 MiB/37 MiB/135 MiB GO alloc/idle/total, 15 MiB/18 MiB CGO alloc/total, 26.0 CGO/sec, 0.5/0.2 %(u/s)time, 0.0 %gc (1x), 0 B/0 B (r/w)net
I200514 15:20:59.833917 200 gossip/gossip.go:566  [n1] gossip status (ok, 1 node)
gossip client (0/3 cur/max conns)
gossip server (0/3 cur/max conns, infos 0/0 sent/received, bytes 0B/0B sent/received)
gossip connectivity
  n1 [sentinel];
I200514 15:20:59.849673 204 server/status/runtime.go:498  [n1] runtime stats: 139 MiB RSS, 117 goroutines, 90 MiB/32 MiB/135 MiB GO alloc/idle/total, 15 MiB/18 MiB CGO alloc/total, 43.6 CGO/sec, 0.4/0.1 %(u/s)time, 0.0 %gc (0x), 70 B/0 B (r/w)net
I200514 15:21:09.849689 204 server/status/runtime.go:498  [n1] runtime stats: 139 MiB RSS, 117 goroutines, 98 MiB/25 MiB/135 MiB GO alloc/idle/total, 15 MiB/18 MiB CGO alloc/total, 79.8 CGO/sec, 0.4/0.2 %(u/s)time, 0.0 %gc (0x), 136 B/66 B (r/w)net
I200514 15:21:19.849882 204 server/status/runtime.go:498  [n1] runtime stats: 140 MiB RSS, 117 goroutines, 104 MiB/19 MiB/135 MiB GO alloc/idle/total, 15 MiB/18 MiB CGO alloc/total, 25.8 CGO/sec, 0.3/0.1 %(u/s)time, 0.0 %gc (0x), 84 B/84 B (r/w)net
I200514 15:21:29.849943 204 server/status/runtime.go:498  [n1] runtime stats: 141 MiB RSS, 118 goroutines, 110 MiB/13 MiB/135 MiB GO alloc/idle/total, 15 MiB/18 MiB CGO alloc/total, 30.0 CGO/sec, 0.3/0.1 %(u/s)time, 0.0 %gc (0x), 0 B/0 B (r/w)net
I200514 15:21:39.850040 204 server/status/runtime.go:498  [n1] runtime stats: 142 MiB RSS, 118 goroutines, 117 MiB/7.2 MiB/135 MiB GO alloc/idle/total, 15 MiB/18 MiB CGO alloc/total, 24.1 CGO/sec, 0.2/0.1 %(u/s)time, 0.0 %gc (0x), 0 B/0 B (r/w)net
I200514 15:21:49.850115 204 server/status/runtime.go:498  [n1] runtime stats: 146 MiB RSS, 118 goroutines, 125 MiB/63 MiB/201 MiB GO alloc/idle/total, 15 MiB/18 MiB CGO alloc/total, 24.2 CGO/sec, 0.4/0.2 %(u/s)time, 0.0 %gc (0x), 0 B/0 B (r/w)net
I200514 15:21:59.833877 200 gossip/gossip.go:566  [n1] gossip status (ok, 1 node)
gossip client (0/3 cur/max conns)
gossip server (0/3 cur/max conns, infos 0/0 sent/received, bytes 0B/0B sent/received)
I200514 15:21:59.850313 204 server/status/runtime.go:498  [n1] runtime stats: 153 MiB RSS, 117 goroutines, 133 MiB/55 MiB/201 MiB GO alloc/idle/total, 15 MiB/18 MiB CGO alloc/total, 29.4 CGO/sec, 0.3/0.2 %(u/s)time, 0.0 %gc (0x), 70 B/0 B (r/w)net
I200514 15:22:09.850436 204 server/status/runtime.go:498  [n1] runtime stats: 161 MiB RSS, 117 goroutines, 82 MiB/101 MiB/201 MiB GO alloc/idle/total, 15 MiB/18 MiB CGO alloc/total, 51.6 CGO/sec, 0.5/0.2 %(u/s)time, 0.0 %gc (1x), 0 B/0 B (r/w)net
I200514 15:22:19.850506 204 server/status/runtime.go:498  [n1] runtime stats: 161 MiB RSS, 117 goroutines, 89 MiB/96 MiB/201 MiB GO alloc/idle/total, 15 MiB/18 MiB CGO alloc/total, 31.7 CGO/sec, 0.3/0.1 %(u/s)time, 0.0 %gc (0x), 220 B/150 B (r/w)net
I200514 15:22:29.851014 204 server/status/runtime.go:498  [n1] runtime stats: 161 MiB RSS, 118 goroutines, 95 MiB/90 MiB/201 MiB GO alloc/idle/total, 15 MiB/18 MiB CGO alloc/total, 22.3 CGO/sec, 0.3/0.1 %(u/s)time, 0.0 %gc (0x), 0 B/0 B (r/w)net
I200514 15:22:39.850844 204 server/status/runtime.go:498  [n1] runtime stats: 161 MiB RSS, 118 goroutines, 102 MiB/84 MiB/201 MiB GO alloc/idle/total, 15 MiB/18 MiB CGO alloc/total, 50.9 CGO/sec, 0.3/0.1 %(u/s)time, 0.0 %gc (0x), 0 B/0 B (r/w)net
I200514 15:22:49.851003 204 server/status/runtime.go:498  [n1] runtime stats: 162 MiB RSS, 118 goroutines, 108 MiB/78 MiB/201 MiB GO alloc/idle/total, 15 MiB/18 MiB CGO alloc/total, 24.4 CGO/sec, 0.3/0.1 %(u/s)time, 0.0 %gc (0x), 0 B/0 B (r/w)net
I200514 15:22:59.833896 200 gossip/gossip.go:566  [n1] gossip status (ok, 1 node)
gossip client (0/3 cur/max conns)
gossip server (0/3 cur/max conns, infos 0/0 sent/received, bytes 0B/0B sent/received)
I200514 15:22:59.851073 204 server/status/runtime.go:498  [n1] runtime stats: 162 MiB RSS, 117 goroutines, 115 MiB/72 MiB/201 MiB GO alloc/idle/total, 15 MiB/18 MiB CGO alloc/total, 27.4 CGO/sec, 0.4/0.1 %(u/s)time, 0.0 %gc (0x), 0 B/0 B (r/w)net
I200514 15:23:09.851187 204 server/status/runtime.go:498  [n1] runtime stats: 163 MiB RSS, 117 goroutines, 122 MiB/66 MiB/201 MiB GO alloc/idle/total, 15 MiB/18 MiB CGO alloc/total, 51.0 CGO/sec, 0.3/0.1 %(u/s)time, 0.0 %gc (0x), 0 B/0 B (r/w)net
I200514 15:23:19.851295 204 server/status/runtime.go:498  [n1] runtime stats: 164 MiB RSS, 117 goroutines, 128 MiB/60 MiB/201 MiB GO alloc/idle/total, 15 MiB/18 MiB CGO alloc/total, 29.1 CGO/sec, 0.3/0.1 %(u/s)time, 0.0 %gc (0x), 150 B/150 B (r/w)net
I200514 15:23:29.851583 204 server/status/runtime.go:498  [n1] runtime stats: 164 MiB RSS, 118 goroutines, 134 MiB/54 MiB/202 MiB GO alloc/idle/total, 14 MiB/18 MiB CGO alloc/total, 26.5 CGO/sec, 0.4/0.1 %(u/s)time, 0.0 %gc (0x), 0 B/0 B (r/w)net
I200514 15:23:39.851579 204 server/status/runtime.go:498  [n1] runtime stats: 169 MiB RSS, 118 goroutines, 143 MiB/46 MiB/202 MiB GO alloc/idle/total, 14 MiB/18 MiB CGO alloc/total, 24.9 CGO/sec, 0.3/0.2 %(u/s)time, 0.0 %gc (0x), 0 B/0 B (r/w)net
I200514 15:23:49.851698 204 server/status/runtime.go:498  [n1] runtime stats: 175 MiB RSS, 118 goroutines, 82 MiB/100 MiB/202 MiB GO alloc/idle/total, 14 MiB/18 MiB CGO alloc/total, 30.4 CGO/sec, 0.5/0.1 %(u/s)time, 0.0 %gc (1x), 0 B/0 B (r/w)net
I200514 15:23:59.833923 200 gossip/gossip.go:566  [n1] gossip status (ok, 1 node)
gossip client (0/3 cur/max conns)
gossip server (0/3 cur/max conns, infos 0/0 sent/received, bytes 0B/0B sent/received)
I200514 15:23:59.851858 204 server/status/runtime.go:498  [n1] runtime stats: 175 MiB RSS, 117 goroutines, 89 MiB/95 MiB/202 MiB GO alloc/idle/total, 14 MiB/18 MiB CGO alloc/total, 26.0 CGO/sec, 0.3/0.2 %(u/s)time, 0.0 %gc (0x), 0 B/0 B (r/w)net
I200514 15:24:09.852044 204 server/status/runtime.go:498  [n1] runtime stats: 175 MiB RSS, 117 goroutines, 96 MiB/89 MiB/202 MiB GO alloc/idle/total, 14 MiB/18 MiB CGO alloc/total, 56.4 CGO/sec, 0.4/0.1 %(u/s)time, 0.0 %gc (0x), 70 B/0 B (r/w)net
I200514 15:24:19.852003 204 server/status/runtime.go:498  [n1] runtime stats: 176 MiB RSS, 117 goroutines, 102 MiB/84 MiB/202 MiB GO alloc/idle/total, 14 MiB/18 MiB CGO alloc/total, 24.5 CGO/sec, 0.2/0.2 %(u/s)time, 0.0 %gc (0x), 497 B/508 B (r/w)net
I200514 15:24:29.852111 204 server/status/runtime.go:498  [n1] runtime stats: 176 MiB RSS, 118 goroutines, 109 MiB/78 MiB/202 MiB GO alloc/idle/total, 14 MiB/18 MiB CGO alloc/total, 29.4 CGO/sec, 0.4/0.1 %(u/s)time, 0.0 %gc (0x), 70 B/0 B (r/w)net
I200514 15:24:39.852164 204 server/status/runtime.go:498  [n1] runtime stats: 177 MiB RSS, 118 goroutines, 115 MiB/72 MiB/202 MiB GO alloc/idle/total, 14 MiB/18 MiB CGO alloc/total, 26.6 CGO/sec, 0.3/0.1 %(u/s)time, 0.0 %gc (0x), 0 B/0 B (r/w)net
I200514 15:24:49.852353 204 server/status/runtime.go:498  [n1] runtime stats: 177 MiB RSS, 118 goroutines, 121 MiB/66 MiB/202 MiB GO alloc/idle/total, 14 MiB/18 MiB CGO alloc/total, 23.9 CGO/sec, 0.3/0.1 %(u/s)time, 0.0 %gc (0x), 0 B/0 B (r/w)net
I200514 15:24:59.833897 200 gossip/gossip.go:566  [n1] gossip status (ok, 1 node)
gossip client (0/3 cur/max conns)
gossip server (0/3 cur/max conns, infos 0/0 sent/received, bytes 0B/0B sent/received)
I200514 15:24:59.852422 204 server/status/runtime.go:498  [n1] runtime stats: 177 MiB RSS, 117 goroutines, 128 MiB/60 MiB/202 MiB GO alloc/idle/total, 14 MiB/18 MiB CGO alloc/total, 26.2 CGO/sec, 0.3/0.1 %(u/s)time, 0.0 %gc (0x), 0 B/0 B (r/w)net
I200514 15:25:09.852850 204 server/status/runtime.go:498  [n1] runtime stats: 177 MiB RSS, 117 goroutines, 136 MiB/53 MiB/202 MiB GO alloc/idle/total, 14 MiB/18 MiB CGO alloc/total, 76.9 CGO/sec, 0.4/0.2 %(u/s)time, 0.0 %gc (0x), 0 B/0 B (r/w)net
I200514 15:25:19.852641 204 server/status/runtime.go:498  [n1] runtime stats: 177 MiB RSS, 117 goroutines, 142 MiB/46 MiB/202 MiB GO alloc/idle/total, 14 MiB/18 MiB CGO alloc/total, 28.3 CGO/sec, 0.3/0.1 %(u/s)time, 0.0 %gc (0x), 497 B/508 B (r/w)net
I200514 15:25:29.852887 204 server/status/runtime.go:498  [n1] runtime stats: 178 MiB RSS, 118 goroutines, 148 MiB/40 MiB/202 MiB GO alloc/idle/total, 14 MiB/18 MiB CGO alloc/total, 29.5 CGO/sec, 0.4/0.1 %(u/s)time, 0.0 %gc (0x), 413 B/424 B (r/w)net
I200514 15:25:39.852832 204 server/status/runtime.go:498  [n1] runtime stats: 183 MiB RSS, 118 goroutines, 83 MiB/100 MiB/202 MiB GO alloc/idle/total, 14 MiB/18 MiB CGO alloc/total, 26.5 CGO/sec, 0.5/0.2 %(u/s)time, 0.0 %gc (1x), 0 B/0 B (r/w)net
I200514 15:25:49.853005 204 server/status/runtime.go:498  [n1] runtime stats: 184 MiB RSS, 118 goroutines, 89 MiB/94 MiB/202 MiB GO alloc/idle/total, 22 MiB/26 MiB CGO alloc/total, 20.6 CGO/sec, 0.2/0.2 %(u/s)time, 0.0 %gc (0x), 0 B/0 B (r/w)net
I200514 15:25:59.833944 200 gossip/gossip.go:566  [n1] gossip status (ok, 1 node)
gossip client (0/3 cur/max conns)
gossip server (0/3 cur/max conns, infos 0/0 sent/received, bytes 0B/0B sent/received)
I200514 15:25:59.853158 204 server/status/runtime.go:498  [n1] runtime stats: 184 MiB RSS, 117 goroutines, 95 MiB/89 MiB/202 MiB GO alloc/idle/total, 22 MiB/26 MiB CGO alloc/total, 31.5 CGO/sec, 0.3/0.1 %(u/s)time, 0.0 %gc (0x), 0 B/0 B (r/w)net
I200514 15:26:09.853249 204 server/status/runtime.go:498  [n1] runtime stats: 184 MiB RSS, 117 goroutines, 103 MiB/83 MiB/202 MiB GO alloc/idle/total, 22 MiB/26 MiB CGO alloc/total, 52.1 CGO/sec, 0.4/0.1 %(u/s)time, 0.0 %gc (0x), 0 B/0 B (r/w)net
I200514 15:26:19.853576 204 server/status/runtime.go:498  [n1] runtime stats: 184 MiB RSS, 117 goroutines, 109 MiB/77 MiB/202 MiB GO alloc/idle/total, 22 MiB/26 MiB CGO alloc/total, 25.7 CGO/sec, 0.3/0.1 %(u/s)time, 0.0 %gc (0x), 0 B/0 B (r/w)net
I200514 15:26:29.853449 204 server/status/runtime.go:498  [n1] runtime stats: 184 MiB RSS, 118 goroutines, 115 MiB/71 MiB/202 MiB GO alloc/idle/total, 22 MiB/26 MiB CGO alloc/total, 28.2 CGO/sec, 0.4/0.2 %(u/s)time, 0.0 %gc (0x), 497 B/508 B (r/w)net
I200514 15:26:39.853613 204 server/status/runtime.go:498  [n1] runtime stats: 185 MiB RSS, 118 goroutines, 122 MiB/65 MiB/202 MiB GO alloc/idle/total, 22 MiB/26 MiB CGO alloc/total, 26.4 CGO/sec, 0.3/0.0 %(u/s)time, 0.0 %gc (0x), 0 B/0 B (r/w)net
I200514 15:26:49.853715 204 server/status/runtime.go:498  [n1] runtime stats: 185 MiB RSS, 118 goroutines, 128 MiB/60 MiB/202 MiB GO alloc/idle/total, 22 MiB/26 MiB CGO alloc/total, 26.1 CGO/sec, 0.3/0.1 %(u/s)time, 0.0 %gc (0x), 0 B/0 B (r/w)net
I200514 15:26:59.833866 200 gossip/gossip.go:566  [n1] gossip status (ok, 1 node)
gossip client (0/3 cur/max conns)
gossip server (0/3 cur/max conns, infos 0/0 sent/received, bytes 0B/0B sent/received)
I200514 15:26:59.853904 204 server/status/runtime.go:498  [n1] runtime stats: 186 MiB RSS, 117 goroutines, 134 MiB/54 MiB/202 MiB GO alloc/idle/total, 22 MiB/26 MiB CGO alloc/total, 27.7 CGO/sec, 0.3/0.2 %(u/s)time, 0.0 %gc (0x), 0 B/0 B (r/w)net
I200514 15:27:09.853961 204 server/status/runtime.go:498  [n1] runtime stats: 186 MiB RSS, 117 goroutines, 142 MiB/47 MiB/202 MiB GO alloc/idle/total, 22 MiB/26 MiB CGO alloc/total, 55.0 CGO/sec, 0.4/0.1 %(u/s)time, 0.0 %gc (0x), 0 B/0 B (r/w)net
I200514 15:27:19.854339 204 server/status/runtime.go:498  [n1] runtime stats: 186 MiB RSS, 117 goroutines, 148 MiB/41 MiB/202 MiB GO alloc/idle/total, 22 MiB/26 MiB CGO alloc/total, 26.0 CGO/sec, 0.3/0.2 %(u/s)time, 0.0 %gc (0x), 455 B/466 B (r/w)net
I200514 15:27:29.854370 204 server/status/runtime.go:498  [n1] runtime stats: 187 MiB RSS, 118 goroutines, 78 MiB/104 MiB/202 MiB GO alloc/idle/total, 22 MiB/26 MiB CGO alloc/total, 50.6 CGO/sec, 0.4/0.2 %(u/s)time, 0.0 %gc (1x), 0 B/0 B (r/w)net
I200514 15:27:39.854328 204 server/status/runtime.go:498  [n1] runtime stats: 187 MiB RSS, 118 goroutines, 84 MiB/99 MiB/202 MiB GO alloc/idle/total, 22 MiB/26 MiB CGO alloc/total, 26.1 CGO/sec, 0.3/0.1 %(u/s)time, 0.0 %gc (0x), 0 B/0 B (r/w)net
I200514 15:27:49.854396 204 server/status/runtime.go:498  [n1] runtime stats: 187 MiB RSS, 118 goroutines, 91 MiB/93 MiB/202 MiB GO alloc/idle/total, 22 MiB/26 MiB CGO alloc/total, 28.4 CGO/sec, 0.3/0.1 %(u/s)time, 0.0 %gc (0x), 0 B/0 B (r/w)net
I200514 15:27:59.833915 200 gossip/gossip.go:566  [n1] gossip status (ok, 1 node)
gossip client (0/3 cur/max conns)
gossip server (0/3 cur/max conns, infos 0/0 sent/received, bytes 0B/0B sent/received)
I200514 15:27:59.854946 204 server/status/runtime.go:498  [n1] runtime stats: 188 MiB RSS, 118 goroutines, 97 MiB/87 MiB/202 MiB GO alloc/idle/total, 22 MiB/26 MiB CGO alloc/total, 26.6 CGO/sec, 0.3/0.2 %(u/s)time, 0.0 %gc (0x), 413 B/424 B (r/w)net
I200514 15:28:09.854783 204 server/status/runtime.go:498  [n1] runtime stats: 188 MiB RSS, 117 goroutines, 104 MiB/82 MiB/202 MiB GO alloc/idle/total, 22 MiB/27 MiB CGO alloc/total, 52.1 CGO/sec, 0.3/0.1 %(u/s)time, 0.0 %gc (0x), 154 B/84 B (r/w)net
I200514 15:28:19.854930 204 server/status/runtime.go:498  [n1] runtime stats: 188 MiB RSS, 117 goroutines, 111 MiB/76 MiB/202 MiB GO alloc/idle/total, 22 MiB/27 MiB CGO alloc/total, 29.4 CGO/sec, 0.3/0.2 %(u/s)time, 0.0 %gc (0x), 0 B/0 B (r/w)net
I200514 15:28:29.854942 204 server/status/runtime.go:498  [n1] runtime stats: 188 MiB RSS, 118 goroutines, 117 MiB/70 MiB/202 MiB GO alloc/idle/total, 22 MiB/27 MiB CGO alloc/total, 24.3 CGO/sec, 0.4/0.1 %(u/s)time, 0.0 %gc (0x), 413 B/424 B (r/w)net
I200514 15:28:39.855196 204 server/status/runtime.go:498  [n1] runtime stats: 188 MiB RSS, 118 goroutines, 123 MiB/64 MiB/202 MiB GO alloc/idle/total, 22 MiB/27 MiB CGO alloc/total, 26.5 CGO/sec, 0.3/0.1 %(u/s)time, 0.0 %gc (0x), 0 B/0 B (r/w)net
I200514 15:28:49.859893 204 server/status/runtime.go:498  [n1] runtime stats: 189 MiB RSS, 120 goroutines, 132 MiB/55 MiB/202 MiB GO alloc/idle/total, 22 MiB/27 MiB CGO alloc/total, 29.7 CGO/sec, 0.4/0.1 %(u/s)time, 0.0 %gc (0x), 0 B/0 B (r/w)net
I200514 15:28:59.833869 200 gossip/gossip.go:566  [n1] gossip status (ok, 1 node)
gossip client (0/3 cur/max conns)
gossip server (0/3 cur/max conns, infos 0/0 sent/received, bytes 0B/0B sent/received)
I200514 15:28:59.860648 204 server/status/runtime.go:498  [n1] runtime stats: 189 MiB RSS, 119 goroutines, 139 MiB/48 MiB/202 MiB GO alloc/idle/total, 21 MiB/27 MiB CGO alloc/total, 27.0 CGO/sec, 0.3/0.2 %(u/s)time, 0.0 %gc (0x), 413 B/424 B (r/w)net
I200514 15:29:09.860163 204 server/status/runtime.go:498  [n1] runtime stats: 189 MiB RSS, 119 goroutines, 147 MiB/42 MiB/202 MiB GO alloc/idle/total, 21 MiB/27 MiB CGO alloc/total, 54.2 CGO/sec, 0.3/0.1 %(u/s)time, 0.0 %gc (0x), 84 B/84 B (r/w)net
I200514 15:29:19.862377 204 server/status/runtime.go:498  [n1] runtime stats: 190 MiB RSS, 119 goroutines, 81 MiB/101 MiB/202 MiB GO alloc/idle/total, 21 MiB/27 MiB CGO alloc/total, 27.4 CGO/sec, 0.4/0.1 %(u/s)time, 0.0 %gc (1x), 0 B/0 B (r/w)net
I200514 15:29:29.860752 204 server/status/runtime.go:498  [n1] runtime stats: 190 MiB RSS, 121 goroutines, 86 MiB/97 MiB/202 MiB GO alloc/idle/total, 21 MiB/27 MiB CGO alloc/total, 23.9 CGO/sec, 0.3/0.1 %(u/s)time, 0.0 %gc (0x), 0 B/0 B (r/w)net
I200514 15:29:39.860917 204 server/status/runtime.go:498  [n1] runtime stats: 190 MiB RSS, 120 goroutines, 93 MiB/91 MiB/202 MiB GO alloc/idle/total, 21 MiB/27 MiB CGO alloc/total, 27.1 CGO/sec, 0.3/0.1 %(u/s)time, 0.0 %gc (0x), 0 B/0 B (r/w)net
I200514 15:29:49.861006 204 server/status/runtime.go:498  [n1] runtime stats: 190 MiB RSS, 120 goroutines, 99 MiB/86 MiB/202 MiB GO alloc/idle/total, 21 MiB/27 MiB CGO alloc/total, 28.2 CGO/sec, 0.3/0.1 %(u/s)time, 0.0 %gc (0x), 70 B/0 B (r/w)net
E200514 15:29:59.833688 225 storage/queue.go:1203  [n1,replicate] 37 replicas failing with "0 of 1 live stores are able to take a new replica for the range (1 already has a replica); likely not enough nodes in cluster"
E200514 15:29:59.833695 225 storage/queue.go:1203  [n1,replicate] 2 replicas failing with "range requires a replication change, but live replicas [] don't constitute a quorum for [(n1,s1):1]:"
I200514 15:29:59.833872 200 gossip/gossip.go:566  [n1] gossip status (ok, 1 node)
gossip client (0/3 cur/max conns)
gossip server (0/3 cur/max conns, infos 0/0 sent/received, bytes 0B/0B sent/received)
I200514 15:29:59.862508 204 server/status/runtime.go:498  [n1] runtime stats: 190 MiB RSS, 119 goroutines, 106 MiB/80 MiB/202 MiB GO alloc/idle/total, 21 MiB/27 MiB CGO alloc/total, 48.2 CGO/sec, 0.4/0.1 %(u/s)time, 0.0 %gc (0x), 66 B/66 B (r/w)net
I200514 15:30:09.863252 204 server/status/runtime.go:498  [n1] runtime stats: 191 MiB RSS, 120 goroutines, 114 MiB/73 MiB/202 MiB GO alloc/idle/total, 21 MiB/27 MiB CGO alloc/total, 55.1 CGO/sec, 0.4/0.2 %(u/s)time, 0.0 %gc (0x), 84 B/84 B (r/w)net
I200514 15:30:19.838889 199 storage/store.go:2364  [n1,s1] sstables (read amplification = 2):
0 [ 186K 1 ]: 186K
6 [  10M 3 ]: 4M[2] 2M
I200514 15:30:19.838959 199 storage/store.go:2365  [n1,s1] 
** Compaction Stats [default] **
Level    Files   Size     Score Read(GB)  Rn(GB) Rnp1(GB) Write(GB) Wnew(GB) Moved(GB) W-Amp Rd(MB/s) Wr(MB/s) Comp(sec) CompMergeCPU(sec) Comp(cnt) Avg(sec) KeyIn KeyDrop
----------------------------------------------------------------------------------------------------------------------------------------------------------------------------
  L0      1/0   186.20 KB   0.5      0.0     0.0      0.0       0.0      0.0       0.0   1.0      0.0      1.3      0.14              0.00         1    0.136       0      0
  L6      3/0    9.56 MB   0.0      0.0     0.0      0.0       0.0      0.0       0.0   0.0      0.0      0.0      0.00              0.00         0    0.000       0      0
 Sum      4/0    9.75 MB   0.0      0.0     0.0      0.0       0.0      0.0       0.0   1.0      0.0      1.3      0.14              0.00         1    0.136       0      0
 Int      0/0    0.00 KB   0.0      0.0     0.0      0.0       0.0      0.0       0.0   0.0      0.0      0.0      0.00              0.00         0    0.000       0      0

** Compaction Stats [default] **
Priority    Files   Size     Score Read(GB)  Rn(GB) Rnp1(GB) Write(GB) Wnew(GB) Moved(GB) W-Amp Rd(MB/s) Wr(MB/s) Comp(sec) CompMergeCPU(sec) Comp(cnt) Avg(sec) KeyIn KeyDrop
-------------------------------------------------------------------------------------------------------------------------------------------------------------------------------
User      0/0    0.00 KB   0.0      0.0     0.0      0.0       0.0      0.0       0.0   0.0      0.0      1.3      0.14              0.00         1    0.136       0      0
Uptime(secs): 620.7 total, 600.0 interval
Flush(GB): cumulative 0.000, interval 0.000
AddFile(GB): cumulative 0.000, interval 0.000
AddFile(Total Files): cumulative 0, interval 0
AddFile(L0 Files): cumulative 0, interval 0
AddFile(Keys): cumulative 0, interval 0
Cumulative compaction: 0.00 GB write, 0.00 MB/s write, 0.00 GB read, 0.00 MB/s read, 0.1 seconds
Interval compaction: 0.00 GB write, 0.00 MB/s write, 0.00 GB read, 0.00 MB/s read, 0.0 seconds
Stalls(count): 0 level0_slowdown, 0 level0_slowdown_with_compaction, 0 level0_numfiles, 0 level0_numfiles_with_compaction, 0 stop for pending_compaction_bytes, 0 slowdown for pending_compaction_bytes, 0 memtable_compaction, 0 memtable_slowdown, interval 0 total count
estimated_pending_compaction_bytes: 0 B
I200514 15:30:19.868498 204 server/status/runtime.go:498  [n1] runtime stats: 191 MiB RSS, 117 goroutines, 120 MiB/67 MiB/202 MiB GO alloc/idle/total, 21 MiB/27 MiB CGO alloc/total, 27.6 CGO/sec, 0.3/0.1 %(u/s)time, 0.0 %gc (0x), 0 B/0 B (r/w)net
I200514 15:30:29.868749 204 server/status/runtime.go:498  [n1] runtime stats: 191 MiB RSS, 118 goroutines, 126 MiB/62 MiB/202 MiB GO alloc/idle/total, 21 MiB/27 MiB CGO alloc/total, 29.6 CGO/sec, 0.3/0.1 %(u/s)time, 0.0 %gc (0x), 413 B/424 B (r/w)net
I200514 15:30:39.868779 204 server/status/runtime.go:498  [n1] runtime stats: 192 MiB RSS, 118 goroutines, 132 MiB/55 MiB/202 MiB GO alloc/idle/total, 21 MiB/27 MiB CGO alloc/total, 22.5 CGO/sec, 0.3/0.1 %(u/s)time, 0.0 %gc (0x), 0 B/0 B (r/w)net
I200514 15:30:49.868815 204 server/status/runtime.go:498  [n1] runtime stats: 192 MiB RSS, 118 goroutines, 139 MiB/49 MiB/202 MiB GO alloc/idle/total, 21 MiB/27 MiB CGO alloc/total, 23.7 CGO/sec, 0.4/0.1 %(u/s)time, 0.0 %gc (0x), 0 B/0 B (r/w)net
I200514 15:30:59.833873 200 gossip/gossip.go:566  [n1] gossip status (ok, 1 node)
gossip client (0/3 cur/max conns)
gossip server (0/3 cur/max conns, infos 0/0 sent/received, bytes 0B/0B sent/received)
I200514 15:30:59.868935 204 server/status/runtime.go:498  [n1] runtime stats: 192 MiB RSS, 117 goroutines, 145 MiB/43 MiB/202 MiB GO alloc/idle/total, 21 MiB/27 MiB CGO alloc/total, 27.5 CGO/sec, 0.3/0.1 %(u/s)time, 0.0 %gc (0x), 0 B/0 B (r/w)net
I200514 15:31:09.869061 204 server/status/runtime.go:498  [n1] runtime stats: 192 MiB RSS, 119 goroutines, 79 MiB/103 MiB/202 MiB GO alloc/idle/total, 21 MiB/27 MiB CGO alloc/total, 53.3 CGO/sec, 0.4/0.2 %(u/s)time, 0.0 %gc (1x), 0 B/0 B (r/w)net
I200514 15:31:19.869177 204 server/status/runtime.go:498  [n1] runtime stats: 193 MiB RSS, 117 goroutines, 85 MiB/97 MiB/202 MiB GO alloc/idle/total, 21 MiB/27 MiB CGO alloc/total, 30.2 CGO/sec, 0.3/0.0 %(u/s)time, 0.0 %gc (0x), 0 B/0 B (r/w)net
I200514 15:31:29.869314 204 server/status/runtime.go:498  [n1] runtime stats: 193 MiB RSS, 118 goroutines, 92 MiB/92 MiB/202 MiB GO alloc/idle/total, 21 MiB/27 MiB CGO alloc/total, 24.4 CGO/sec, 0.3/0.1 %(u/s)time, 0.0 %gc (0x), 66 B/66 B (r/w)net
I200514 15:31:39.869429 204 server/status/runtime.go:498  [n1] runtime stats: 193 MiB RSS, 118 goroutines, 98 MiB/86 MiB/202 MiB GO alloc/idle/total, 29 MiB/35 MiB CGO alloc/total, 28.2 CGO/sec, 0.4/0.1 %(u/s)time, 0.0 %gc (0x), 84 B/84 B (r/w)net
I200514 15:31:49.869515 204 server/status/runtime.go:498  [n1] runtime stats: 193 MiB RSS, 118 goroutines, 104 MiB/81 MiB/202 MiB GO alloc/idle/total, 29 MiB/35 MiB CGO alloc/total, 23.9 CGO/sec, 0.2/0.2 %(u/s)time, 0.0 %gc (0x), 0 B/0 B (r/w)net
I200514 15:31:59.833918 200 gossip/gossip.go:566  [n1] gossip status (ok, 1 node)
gossip client (0/3 cur/max conns)
gossip server (0/3 cur/max conns, infos 0/0 sent/received, bytes 0B/0B sent/received)
I200514 15:31:59.869613 204 server/status/runtime.go:498  [n1] runtime stats: 194 MiB RSS, 117 goroutines, 110 MiB/75 MiB/202 MiB GO alloc/idle/total, 29 MiB/35 MiB CGO alloc/total, 26.3 CGO/sec, 0.2/0.1 %(u/s)time, 0.0 %gc (0x), 0 B/0 B (r/w)net
I200514 15:32:09.869785 204 server/status/runtime.go:498  [n1] runtime stats: 194 MiB RSS, 117 goroutines, 118 MiB/69 MiB/202 MiB GO alloc/idle/total, 29 MiB/35 MiB CGO alloc/total, 53.4 CGO/sec, 0.4/0.1 %(u/s)time, 0.0 %gc (0x), 0 B/0 B (r/w)net
I200514 15:32:19.869921 204 server/status/runtime.go:498  [n1] runtime stats: 194 MiB RSS, 117 goroutines, 125 MiB/63 MiB/202 MiB GO alloc/idle/total, 29 MiB/35 MiB CGO alloc/total, 44.4 CGO/sec, 0.4/0.1 %(u/s)time, 0.0 %gc (0x), 0 B/0 B (r/w)net
I200514 15:32:29.869974 204 server/status/runtime.go:498  [n1] runtime stats: 194 MiB RSS, 118 goroutines, 131 MiB/57 MiB/202 MiB GO alloc/idle/total, 29 MiB/35 MiB CGO alloc/total, 24.2 CGO/sec, 0.3/0.1 %(u/s)time, 0.0 %gc (0x), 66 B/66 B (r/w)net
I200514 15:32:39.870153 204 server/status/runtime.go:498  [n1] runtime stats: 195 MiB RSS, 118 goroutines, 137 MiB/51 MiB/202 MiB GO alloc/idle/total, 29 MiB/35 MiB CGO alloc/total, 28.3 CGO/sec, 0.2/0.2 %(u/s)time, 0.0 %gc (0x), 84 B/84 B (r/w)net
I200514 15:32:49.870530 204 server/status/runtime.go:498  [n1] runtime stats: 195 MiB RSS, 118 goroutines, 143 MiB/45 MiB/202 MiB GO alloc/idle/total, 29 MiB/35 MiB CGO alloc/total, 27.7 CGO/sec, 0.4/0.1 %(u/s)time, 0.0 %gc (0x), 413 B/424 B (r/w)net
I200514 15:32:59.833896 200 gossip/gossip.go:566  [n1] gossip status (ok, 1 node)
gossip client (0/3 cur/max conns)
gossip server (0/3 cur/max conns, infos 0/0 sent/received, bytes 0B/0B sent/received)
I200514 15:32:59.870479 204 server/status/runtime.go:498  [n1] runtime stats: 195 MiB RSS, 117 goroutines, 150 MiB/39 MiB/202 MiB GO alloc/idle/total, 29 MiB/35 MiB CGO alloc/total, 25.7 CGO/sec, 0.3/0.1 %(u/s)time, 0.0 %gc (0x), 0 B/0 B (r/w)net
I200514 15:33:09.870540 204 server/status/runtime.go:498  [n1] runtime stats: 195 MiB RSS, 120 goroutines, 86 MiB/97 MiB/202 MiB GO alloc/idle/total, 29 MiB/35 MiB CGO alloc/total, 53.3 CGO/sec, 0.5/0.2 %(u/s)time, 0.0 %gc (1x), 0 B/0 B (r/w)net
I200514 15:33:19.870720 204 server/status/runtime.go:498  [n1] runtime stats: 195 MiB RSS, 119 goroutines, 93 MiB/92 MiB/202 MiB GO alloc/idle/total, 29 MiB/35 MiB CGO alloc/total, 26.4 CGO/sec, 0.3/0.1 %(u/s)time, 0.0 %gc (0x), 0 B/0 B (r/w)net
I200514 15:33:29.870823 204 server/status/runtime.go:498  [n1] runtime stats: 196 MiB RSS, 118 goroutines, 100 MiB/86 MiB/202 MiB GO alloc/idle/total, 29 MiB/35 MiB CGO alloc/total, 29.1 CGO/sec, 0.3/0.1 %(u/s)time, 0.0 %gc (0x), 0 B/0 B (r/w)net
I200514 15:33:39.870886 204 server/status/runtime.go:498  [n1] runtime stats: 196 MiB RSS, 118 goroutines, 106 MiB/80 MiB/202 MiB GO alloc/idle/total, 29 MiB/35 MiB CGO alloc/total, 29.4 CGO/sec, 0.4/0.1 %(u/s)time, 0.0 %gc (0x), 0 B/0 B (r/w)net
I200514 15:33:49.871045 204 server/status/runtime.go:498  [n1] runtime stats: 196 MiB RSS, 118 goroutines, 112 MiB/74 MiB/202 MiB GO alloc/idle/total, 29 MiB/35 MiB CGO alloc/total, 20.7 CGO/sec, 0.3/0.1 %(u/s)time, 0.0 %gc (0x), 66 B/66 B (r/w)net
I200514 15:33:59.833879 200 gossip/gossip.go:566  [n1] gossip status (ok, 1 node)
gossip client (0/3 cur/max conns)
gossip server (0/3 cur/max conns, infos 0/0 sent/received, bytes 0B/0B sent/received)
I200514 15:33:59.871666 204 server/status/runtime.go:498  [n1] runtime stats: 196 MiB RSS, 117 goroutines, 118 MiB/68 MiB/202 MiB GO alloc/idle/total, 29 MiB/35 MiB CGO alloc/total, 43.7 CGO/sec, 0.2/0.1 %(u/s)time, 0.0 %gc (0x), 84 B/84 B (r/w)net
I200514 15:34:09.871848 204 server/status/runtime.go:498  [n1] runtime stats: 197 MiB RSS, 117 goroutines, 126 MiB/62 MiB/202 MiB GO alloc/idle/total, 29 MiB/35 MiB CGO alloc/total, 55.4 CGO/sec, 0.4/0.2 %(u/s)time, 0.0 %gc (0x), 0 B/0 B (r/w)net
I200514 15:34:19.872013 204 server/status/runtime.go:498  [n1] runtime stats: 197 MiB RSS, 118 goroutines, 132 MiB/56 MiB/202 MiB GO alloc/idle/total, 29 MiB/35 MiB CGO alloc/total, 24.6 CGO/sec, 0.3/0.0 %(u/s)time, 0.0 %gc (0x), 0 B/0 B (r/w)net
I200514 15:34:29.872104 204 server/status/runtime.go:498  [n1] runtime stats: 197 MiB RSS, 121 goroutines, 138 MiB/50 MiB/202 MiB GO alloc/idle/total, 29 MiB/35 MiB CGO alloc/total, 25.8 CGO/sec, 0.3/0.2 %(u/s)time, 0.0 %gc (0x), 0 B/0 B (r/w)net
I200514 15:34:39.872204 204 server/status/runtime.go:498  [n1] runtime stats: 197 MiB RSS, 118 goroutines, 144 MiB/44 MiB/202 MiB GO alloc/idle/total, 29 MiB/35 MiB CGO alloc/total, 30.1 CGO/sec, 0.3/0.1 %(u/s)time, 0.0 %gc (0x), 0 B/0 B (r/w)net
I200514 15:34:49.872198 204 server/status/runtime.go:498  [n1] runtime stats: 198 MiB RSS, 118 goroutines, 151 MiB/37 MiB/202 MiB GO alloc/idle/total, 29 MiB/35 MiB CGO alloc/total, 48.1 CGO/sec, 0.4/0.1 %(u/s)time, 0.0 %gc (0x), 0 B/0 B (r/w)net
I200514 15:34:50.800431 1 cli/start.go:865  received signal 'terminated'
I200514 15:34:50.800921 1 cli/start.go:930  initiating graceful shutdown of server
I200514 15:34:50.818597 10314 util/stop/stopper.go:542  [server drain process] quiescing; tasks left:
1      [async] stats.Refresher: maybeRefreshStats
1      [async] intent_resolver_ir_batcher
1      [async] intent_resolver_gc_batcher
1      [async] closedts-rangefeed-subscriber
W200514 15:34:50.819901 60 vendor/google.golang.org/grpc/clientconn.go:1206  grpc: addrConn.createTransport failed to connect to {e5e9ba9638a0:26257 0  <nil>}. Err :connection error: desc = "transport: failed to write client preface: io: read/write on closed pipe". Reconnecting...
I200514 15:34:50.820686 10314 storage/engine/rocksdb.go:762  closing rocksdb instance at "/var/lib/cockroach/cockroach-temp268866205"
I200514 15:34:50.832965 10314 storage/engine/rocksdb.go:762  closing rocksdb instance at "/var/lib/cockroach"
I200514 15:34:50.843208 1 cli/start.go:976  server drained and shutdown completed
