I200520 23:57:40.466695 30 util/log/clog.go:1196  [config] file created at: 2020/05/20 23:57:40
I200520 23:57:40.466695 30 util/log/clog.go:1196  [config] running on machine: 02391c643b6c
I200520 23:57:40.466695 30 util/log/clog.go:1196  [config] binary: CockroachDB CCL v19.2.5 (x86_64-unknown-linux-gnu, built 2020/03/16 18:27:12, go1.12.12)
I200520 23:57:40.466695 30 util/log/clog.go:1196  [config] arguments: [/cockroach/cockroach start --insecure --store=attrs=ssd,path=/var/lib/cockroach/]
I200520 23:57:40.466695 30 util/log/clog.go:1196  line format: [IWEF]yymmdd hh:mm:ss.uuuuuu goid file:line msg utf8=✓
I200520 23:57:40.466694 30 storage/engine/rocksdb.go:120  RocksDB version: 6.2.1
I200520 23:57:40.473576 30 storage/engine/rocksdb.go:120  Git sha rocksdb_build_git_sha:@b7009236531fa784872f4823eabf393501e41bf2@
I200520 23:57:40.473586 30 storage/engine/rocksdb.go:120  Compile date Mar 16 2020
I200520 23:57:40.473592 30 storage/engine/rocksdb.go:120  DB SUMMARY
I200520 23:57:40.474949 30 storage/engine/rocksdb.go:120  SST files in /var/lib/cockroach/cockroach-temp261217543 dir, Total Num: 0, files: 
I200520 23:57:40.737177 30 storage/engine/rocksdb.go:120  Write Ahead Log file in /var/lib/cockroach/cockroach-temp261217543: 
I200520 23:57:40.737182 30 storage/engine/rocksdb.go:120                          Options.error_if_exists: 0
I200520 23:57:40.737185 30 storage/engine/rocksdb.go:120                        Options.create_if_missing: 1
I200520 23:57:40.737187 30 storage/engine/rocksdb.go:120                          Options.paranoid_checks: 1
I200520 23:57:40.737190 30 storage/engine/rocksdb.go:120                                      Options.env: 0x75757a0
I200520 23:57:40.737193 30 storage/engine/rocksdb.go:120                                 Options.info_log: 0x7f140a2270e0
I200520 23:57:40.737196 30 storage/engine/rocksdb.go:120                 Options.max_file_opening_threads: 16
I200520 23:57:40.737199 30 storage/engine/rocksdb.go:120                               Options.statistics: 0x7f140a234010
I200520 23:57:40.737201 30 storage/engine/rocksdb.go:120                                Options.use_fsync: 0
I200520 23:57:40.737204 30 storage/engine/rocksdb.go:120                        Options.max_log_file_size: 0
I200520 23:57:40.737207 30 storage/engine/rocksdb.go:120                   Options.max_manifest_file_size: 134217728
I200520 23:57:40.737210 30 storage/engine/rocksdb.go:120                    Options.log_file_time_to_roll: 0
I200520 23:57:40.737212 30 storage/engine/rocksdb.go:120                        Options.keep_log_file_num: 1000
I200520 23:57:40.737215 30 storage/engine/rocksdb.go:120                     Options.recycle_log_file_num: 1
I200520 23:57:40.737218 30 storage/engine/rocksdb.go:120                          Options.allow_fallocate: 1
I200520 23:57:40.737220 30 storage/engine/rocksdb.go:120                         Options.allow_mmap_reads: 0
I200520 23:57:40.737223 30 storage/engine/rocksdb.go:120                        Options.allow_mmap_writes: 0
I200520 23:57:40.737226 30 storage/engine/rocksdb.go:120                         Options.use_direct_reads: 0
I200520 23:57:40.737228 30 storage/engine/rocksdb.go:120                         Options.use_direct_io_for_flush_and_compaction: 0
I200520 23:57:40.737231 30 storage/engine/rocksdb.go:120           Options.create_missing_column_families: 0
I200520 23:57:40.737234 30 storage/engine/rocksdb.go:120                               Options.db_log_dir: 
I200520 23:57:40.737236 30 storage/engine/rocksdb.go:120                                  Options.wal_dir: /var/lib/cockroach/cockroach-temp261217543
I200520 23:57:40.737239 30 storage/engine/rocksdb.go:120                 Options.table_cache_numshardbits: 6
I200520 23:57:40.737242 30 storage/engine/rocksdb.go:120                       Options.max_subcompactions: 1
I200520 23:57:40.737244 30 storage/engine/rocksdb.go:120                   Options.max_background_flushes: -1
I200520 23:57:40.737247 30 storage/engine/rocksdb.go:120                          Options.WAL_ttl_seconds: 0
I200520 23:57:40.737249 30 storage/engine/rocksdb.go:120                        Options.WAL_size_limit_MB: 0
I200520 23:57:40.737252 30 storage/engine/rocksdb.go:120              Options.manifest_preallocation_size: 4194304
I200520 23:57:40.737255 30 storage/engine/rocksdb.go:120                      Options.is_fd_close_on_exec: 1
I200520 23:57:40.737258 30 storage/engine/rocksdb.go:120                    Options.advise_random_on_open: 1
I200520 23:57:40.737261 30 storage/engine/rocksdb.go:120                     Options.db_write_buffer_size: 0
I200520 23:57:40.737263 30 storage/engine/rocksdb.go:120                     Options.write_buffer_manager: 0x7f140a2190f0
I200520 23:57:40.737266 30 storage/engine/rocksdb.go:120          Options.access_hint_on_compaction_start: 1
I200520 23:57:40.737269 30 storage/engine/rocksdb.go:120   Options.new_table_reader_for_compaction_inputs: 0
I200520 23:57:40.737271 30 storage/engine/rocksdb.go:120            Options.random_access_max_buffer_size: 1048576
I200520 23:57:40.737274 30 storage/engine/rocksdb.go:120                       Options.use_adaptive_mutex: 0
I200520 23:57:40.737277 30 storage/engine/rocksdb.go:120                             Options.rate_limiter: (nil)
I200520 23:57:40.737280 30 storage/engine/rocksdb.go:120      Options.sst_file_manager.rate_bytes_per_sec: 0
I200520 23:57:40.737283 30 storage/engine/rocksdb.go:120                        Options.wal_recovery_mode: 0
I200520 23:57:40.737285 30 storage/engine/rocksdb.go:120                   Options.enable_thread_tracking: 0
I200520 23:57:40.737288 30 storage/engine/rocksdb.go:120                   Options.enable_pipelined_write: 0
I200520 23:57:40.737290 30 storage/engine/rocksdb.go:120          Options.allow_concurrent_memtable_write: 1
I200520 23:57:40.737293 30 storage/engine/rocksdb.go:120       Options.enable_write_thread_adaptive_yield: 1
I200520 23:57:40.737296 30 storage/engine/rocksdb.go:120              Options.write_thread_max_yield_usec: 100
I200520 23:57:40.737298 30 storage/engine/rocksdb.go:120             Options.write_thread_slow_yield_usec: 3
I200520 23:57:40.737301 30 storage/engine/rocksdb.go:120                                Options.row_cache: None
I200520 23:57:40.737303 30 storage/engine/rocksdb.go:120                               Options.wal_filter: None
I200520 23:57:40.737306 30 storage/engine/rocksdb.go:120              Options.avoid_flush_during_recovery: 0
I200520 23:57:40.737309 30 storage/engine/rocksdb.go:120              Options.allow_ingest_behind: 0
I200520 23:57:40.737311 30 storage/engine/rocksdb.go:120              Options.preserve_deletes: 0
I200520 23:57:40.737315 30 storage/engine/rocksdb.go:120              Options.two_write_queues: 0
I200520 23:57:40.737318 30 storage/engine/rocksdb.go:120              Options.manual_wal_flush: 1
I200520 23:57:40.737320 30 storage/engine/rocksdb.go:120              Options.atomic_flush: 0
I200520 23:57:40.737323 30 storage/engine/rocksdb.go:120              Options.avoid_unnecessary_blocking_io: 0
I200520 23:57:40.737326 30 storage/engine/rocksdb.go:120              Options.max_background_jobs: 2
I200520 23:57:40.737328 30 storage/engine/rocksdb.go:120              Options.max_background_compactions: -1
I200520 23:57:40.737331 30 storage/engine/rocksdb.go:120              Options.avoid_flush_during_shutdown: 0
I200520 23:57:40.737333 30 storage/engine/rocksdb.go:120            Options.writable_file_max_buffer_size: 1048576
I200520 23:57:40.737336 30 storage/engine/rocksdb.go:120              Options.delayed_write_rate : 16777216
I200520 23:57:40.737338 30 storage/engine/rocksdb.go:120              Options.max_total_wal_size: 0
I200520 23:57:40.737341 30 storage/engine/rocksdb.go:120              Options.delete_obsolete_files_period_micros: 21600000000
I200520 23:57:40.737344 30 storage/engine/rocksdb.go:120                    Options.stats_dump_period_sec: 0
I200520 23:57:40.737346 30 storage/engine/rocksdb.go:120                  Options.stats_persist_period_sec: 600
I200520 23:57:40.737349 30 storage/engine/rocksdb.go:120                  Options.stats_history_buffer_size: 1048576
I200520 23:57:40.737352 30 storage/engine/rocksdb.go:120                           Options.max_open_files: 128
I200520 23:57:40.737354 30 storage/engine/rocksdb.go:120                           Options.bytes_per_sync: 524288
I200520 23:57:40.737357 30 storage/engine/rocksdb.go:120                       Options.wal_bytes_per_sync: 0
I200520 23:57:40.737360 30 storage/engine/rocksdb.go:120                    Options.strict_bytes_per_sync: 1
I200520 23:57:40.737362 30 storage/engine/rocksdb.go:120        Options.compaction_readahead_size: 0
I200520 23:57:40.737365 30 storage/engine/rocksdb.go:120  Compression algorithms supported:
I200520 23:57:40.737368 30 storage/engine/rocksdb.go:120  	kZSTDNotFinalCompression supported: 0
I200520 23:57:40.737371 30 storage/engine/rocksdb.go:120  	kZSTD supported: 0
I200520 23:57:40.737374 30 storage/engine/rocksdb.go:120  	kXpressCompression supported: 0
I200520 23:57:40.737378 30 storage/engine/rocksdb.go:120  	kLZ4HCCompression supported: 0
I200520 23:57:40.737381 30 storage/engine/rocksdb.go:120  	kLZ4Compression supported: 0
I200520 23:57:40.737384 30 storage/engine/rocksdb.go:120  	kBZip2Compression supported: 0
I200520 23:57:40.737387 30 storage/engine/rocksdb.go:120  	kZlibCompression supported: 0
I200520 23:57:40.737389 30 storage/engine/rocksdb.go:120  	kSnappyCompression supported: 1
I200520 23:57:40.737397 30 storage/engine/rocksdb.go:120  Fast CRC32 supported: Supported on x86
I200520 23:57:40.756367 30 storage/engine/rocksdb.go:120  [db/db_impl_open.cc:242] Creating manifest 1 
I200520 23:57:40.774664 30 storage/engine/rocksdb.go:120  [db/version_set.cc:4072] Recovering from manifest file: /var/lib/cockroach/cockroach-temp261217543/MANIFEST-000001
I200520 23:57:40.776209 30 storage/engine/rocksdb.go:120  [db/column_family.cc:488] --------------- Options for column family [default]:
I200520 23:57:40.776215 30 storage/engine/rocksdb.go:120                Options.comparator: cockroach_comparator
I200520 23:57:40.776219 30 storage/engine/rocksdb.go:120            Options.merge_operator: cockroach_merge_operator
I200520 23:57:40.776223 30 storage/engine/rocksdb.go:120         Options.compaction_filter: None
I200520 23:57:40.776226 30 storage/engine/rocksdb.go:120         Options.compaction_filter_factory: None
I200520 23:57:40.776229 30 storage/engine/rocksdb.go:120          Options.memtable_factory: SkipListFactory
I200520 23:57:40.776231 30 storage/engine/rocksdb.go:120             Options.table_factory: BlockBasedTable
I200520 23:57:40.776250 30 storage/engine/rocksdb.go:120             table_factory options:   flush_block_policy_factory: FlushBlockBySizePolicyFactory (0x7f140a228030)
  cache_index_and_filter_blocks: 0
  cache_index_and_filter_blocks_with_high_priority: 0
  pin_l0_filter_and_index_blocks_in_cache: 0
  pin_top_level_index_and_filter: 1
  index_type: 0
  data_block_index_type: 0
  index_shortening: 1
  data_block_hash_table_util_ratio: 0.750000
  hash_index_allow_collision: 1
  checksum: 1
  no_block_cache: 0
  block_cache: 0x7f140a21c010
  block_cache_name: LRUCache
  block_cache_options:
    capacity : 1048576
    num_shard_bits : 4
    strict_capacity_limit : 0
    memory_allocator : None
    high_pri_pool_ratio: 0.000
  block_cache_compressed: (nil)
  persistent_cache: (nil)
  block_size: 32768
  block_size_deviation: 10
  block_restart_interval: 16
  index_block_restart_interval: 1
  metadata_block_size: 4096
  partition_filters: 0
  use_delta_encoding: 1
  filter_policy: rocksdb.BuiltinBloomFilter
  whole_key_filtering: 0
  verify_compression: 0
  read_amp_bytes_per_bit: 0
  format_version: 2
  enable_index_compression: 1
  block_align: 0
I200520 23:57:40.776255 30 storage/engine/rocksdb.go:120         Options.write_buffer_size: 67108864
I200520 23:57:40.776259 30 storage/engine/rocksdb.go:120   Options.max_write_buffer_number: 4
I200520 23:57:40.776262 30 storage/engine/rocksdb.go:120           Options.compression: Snappy
I200520 23:57:40.776265 30 storage/engine/rocksdb.go:120                   Options.bottommost_compression: Disabled
I200520 23:57:40.776267 30 storage/engine/rocksdb.go:120        Options.prefix_extractor: cockroach_prefix_extractor
I200520 23:57:40.776271 30 storage/engine/rocksdb.go:120    Options.memtable_insert_with_hint_prefix_extractor: nullptr
I200520 23:57:40.776273 30 storage/engine/rocksdb.go:120              Options.num_levels: 7
I200520 23:57:40.776276 30 storage/engine/rocksdb.go:120         Options.min_write_buffer_number_to_merge: 1
I200520 23:57:40.776279 30 storage/engine/rocksdb.go:120      Options.max_write_buffer_number_to_maintain: 0
I200520 23:57:40.776281 30 storage/engine/rocksdb.go:120             Options.bottommost_compression_opts.window_bits: -14
I200520 23:57:40.776284 30 storage/engine/rocksdb.go:120                   Options.bottommost_compression_opts.level: 32767
I200520 23:57:40.776287 30 storage/engine/rocksdb.go:120                Options.bottommost_compression_opts.strategy: 0
I200520 23:57:40.776289 30 storage/engine/rocksdb.go:120          Options.bottommost_compression_opts.max_dict_bytes: 0
I200520 23:57:40.776292 30 storage/engine/rocksdb.go:120          Options.bottommost_compression_opts.zstd_max_train_bytes: 0
I200520 23:57:40.776295 30 storage/engine/rocksdb.go:120                   Options.bottommost_compression_opts.enabled: false
I200520 23:57:40.776297 30 storage/engine/rocksdb.go:120             Options.compression_opts.window_bits: -14
I200520 23:57:40.776300 30 storage/engine/rocksdb.go:120                   Options.compression_opts.level: 32767
I200520 23:57:40.776303 30 storage/engine/rocksdb.go:120                Options.compression_opts.strategy: 0
I200520 23:57:40.776305 30 storage/engine/rocksdb.go:120          Options.compression_opts.max_dict_bytes: 0
I200520 23:57:40.776308 30 storage/engine/rocksdb.go:120          Options.compression_opts.zstd_max_train_bytes: 0
I200520 23:57:40.776310 30 storage/engine/rocksdb.go:120                   Options.compression_opts.enabled: false
I200520 23:57:40.776313 30 storage/engine/rocksdb.go:120       Options.level0_file_num_compaction_trigger: 2
I200520 23:57:40.776316 30 storage/engine/rocksdb.go:120           Options.level0_slowdown_writes_trigger: 950
I200520 23:57:40.776318 30 storage/engine/rocksdb.go:120               Options.level0_stop_writes_trigger: 1000
I200520 23:57:40.776321 30 storage/engine/rocksdb.go:120                    Options.target_file_size_base: 4194304
I200520 23:57:40.776323 30 storage/engine/rocksdb.go:120              Options.target_file_size_multiplier: 2
I200520 23:57:40.776326 30 storage/engine/rocksdb.go:120                 Options.max_bytes_for_level_base: 67108864
I200520 23:57:40.776329 30 storage/engine/rocksdb.go:120  Options.level_compaction_dynamic_level_bytes: 1
I200520 23:57:40.776332 30 storage/engine/rocksdb.go:120           Options.max_bytes_for_level_multiplier: 10.000000
I200520 23:57:40.776335 30 storage/engine/rocksdb.go:120  Options.max_bytes_for_level_multiplier_addtl[0]: 1
I200520 23:57:40.776342 30 storage/engine/rocksdb.go:120  Options.max_bytes_for_level_multiplier_addtl[1]: 1
I200520 23:57:40.776344 30 storage/engine/rocksdb.go:120  Options.max_bytes_for_level_multiplier_addtl[2]: 1
I200520 23:57:40.776347 30 storage/engine/rocksdb.go:120  Options.max_bytes_for_level_multiplier_addtl[3]: 1
I200520 23:57:40.776350 30 storage/engine/rocksdb.go:120  Options.max_bytes_for_level_multiplier_addtl[4]: 1
I200520 23:57:40.776352 30 storage/engine/rocksdb.go:120  Options.max_bytes_for_level_multiplier_addtl[5]: 1
I200520 23:57:40.776355 30 storage/engine/rocksdb.go:120  Options.max_bytes_for_level_multiplier_addtl[6]: 1
I200520 23:57:40.776358 30 storage/engine/rocksdb.go:120        Options.max_sequential_skip_in_iterations: 8
I200520 23:57:40.776360 30 storage/engine/rocksdb.go:120                     Options.max_compaction_bytes: 104857600
I200520 23:57:40.776363 30 storage/engine/rocksdb.go:120                         Options.arena_block_size: 8388608
I200520 23:57:40.776366 30 storage/engine/rocksdb.go:120    Options.soft_pending_compaction_bytes_limit: 2199023255552
I200520 23:57:40.776368 30 storage/engine/rocksdb.go:120    Options.hard_pending_compaction_bytes_limit: 4400193994752
I200520 23:57:40.776371 30 storage/engine/rocksdb.go:120        Options.rate_limit_delay_max_milliseconds: 100
I200520 23:57:40.776373 30 storage/engine/rocksdb.go:120                 Options.disable_auto_compactions: 0
I200520 23:57:40.776377 30 storage/engine/rocksdb.go:120                         Options.compaction_style: kCompactionStyleLevel
I200520 23:57:40.776380 30 storage/engine/rocksdb.go:120                           Options.compaction_pri: kMinOverlappingRatio
I200520 23:57:40.776382 30 storage/engine/rocksdb.go:120  Options.compaction_options_universal.size_ratio: 1
I200520 23:57:40.776385 30 storage/engine/rocksdb.go:120  Options.compaction_options_universal.min_merge_width: 2
I200520 23:57:40.776387 30 storage/engine/rocksdb.go:120  Options.compaction_options_universal.max_merge_width: 4294967295
I200520 23:57:40.776390 30 storage/engine/rocksdb.go:120  Options.compaction_options_universal.max_size_amplification_percent: 200
I200520 23:57:40.776393 30 storage/engine/rocksdb.go:120  Options.compaction_options_universal.compression_size_percent: -1
I200520 23:57:40.776396 30 storage/engine/rocksdb.go:120  Options.compaction_options_universal.stop_style: kCompactionStopStyleTotalSize
I200520 23:57:40.776398 30 storage/engine/rocksdb.go:120  Options.compaction_options_fifo.max_table_files_size: 1073741824
I200520 23:57:40.776401 30 storage/engine/rocksdb.go:120  Options.compaction_options_fifo.allow_compaction: 0
I200520 23:57:40.776405 30 storage/engine/rocksdb.go:120                    Options.table_properties_collectors: TimeBoundTblPropCollectorFactory; DeleteRangeTblPropCollectorFactory; 
I200520 23:57:40.776408 30 storage/engine/rocksdb.go:120                    Options.inplace_update_support: 0
I200520 23:57:40.776411 30 storage/engine/rocksdb.go:120                  Options.inplace_update_num_locks: 10000
I200520 23:57:40.776413 30 storage/engine/rocksdb.go:120                Options.memtable_prefix_bloom_size_ratio: 0.000000
I200520 23:57:40.776416 30 storage/engine/rocksdb.go:120                Options.memtable_whole_key_filtering: 0
I200520 23:57:40.776419 30 storage/engine/rocksdb.go:120    Options.memtable_huge_page_size: 0
I200520 23:57:40.776421 30 storage/engine/rocksdb.go:120                            Options.bloom_locality: 0
I200520 23:57:40.776424 30 storage/engine/rocksdb.go:120                     Options.max_successive_merges: 0
I200520 23:57:40.776426 30 storage/engine/rocksdb.go:120                 Options.optimize_filters_for_hits: 1
I200520 23:57:40.776429 30 storage/engine/rocksdb.go:120                 Options.paranoid_file_checks: 0
I200520 23:57:40.776432 30 storage/engine/rocksdb.go:120                 Options.force_consistency_checks: 0
I200520 23:57:40.776434 30 storage/engine/rocksdb.go:120                 Options.report_bg_io_stats: 0
I200520 23:57:40.776437 30 storage/engine/rocksdb.go:120                                Options.ttl: 0
I200520 23:57:40.776439 30 storage/engine/rocksdb.go:120           Options.periodic_compaction_seconds: 0
I200520 23:57:40.777488 30 storage/engine/rocksdb.go:120  [db/version_set.cc:4286] Recovered from manifest file:/var/lib/cockroach/cockroach-temp261217543/MANIFEST-000001 succeeded,manifest_file_number is 1, next_file_number is 3, last_sequence is 0, log_number is 0,prev_log_number is 0,max_column_family is 0,min_log_number_to_keep is 0
I200520 23:57:40.777493 30 storage/engine/rocksdb.go:120  [db/version_set.cc:4295] Column family [default] (ID 0), log number is 0
I200520 23:57:40.796966 30 storage/engine/rocksdb.go:120  DB pointer 0x7f140a2a4000
I200520 23:57:40.813190 30 storage/engine/rocksdb.go:120  RocksDB version: 6.2.1
I200520 23:57:40.813198 30 storage/engine/rocksdb.go:120  Git sha rocksdb_build_git_sha:@b7009236531fa784872f4823eabf393501e41bf2@
I200520 23:57:40.813201 30 storage/engine/rocksdb.go:120  Compile date Mar 16 2020
I200520 23:57:40.813204 30 storage/engine/rocksdb.go:120  DB SUMMARY
I200520 23:57:40.814243 30 storage/engine/rocksdb.go:120  CURRENT file:  CURRENT
I200520 23:57:40.814247 30 storage/engine/rocksdb.go:120  IDENTITY file:  IDENTITY
I200520 23:57:40.814624 30 storage/engine/rocksdb.go:120  MANIFEST file:  MANIFEST-001064 size: 879 Bytes
I200520 23:57:40.814634 30 storage/engine/rocksdb.go:120  SST files in /var/lib/cockroach dir, Total Num: 7, files: 001056.sst 001057.sst 001058.sst 001059.sst 001060.sst 001061.sst 001063.sst 
I200520 23:57:40.814637 30 storage/engine/rocksdb.go:120  Write Ahead Log file in /var/lib/cockroach: 001065.log size: 496764 ; 
I200520 23:57:40.814651 30 storage/engine/rocksdb.go:120                          Options.error_if_exists: 0
I200520 23:57:40.814654 30 storage/engine/rocksdb.go:120                        Options.create_if_missing: 1
I200520 23:57:40.814657 30 storage/engine/rocksdb.go:120                          Options.paranoid_checks: 1
I200520 23:57:40.814660 30 storage/engine/rocksdb.go:120                                      Options.env: 0x75757a0
I200520 23:57:40.814662 30 storage/engine/rocksdb.go:120                                 Options.info_log: 0x7f140ba0dce0
I200520 23:57:40.814665 30 storage/engine/rocksdb.go:120                 Options.max_file_opening_threads: 16
I200520 23:57:40.814668 30 storage/engine/rocksdb.go:120                               Options.statistics: 0x7f140ba25010
I200520 23:57:40.814671 30 storage/engine/rocksdb.go:120                                Options.use_fsync: 0
I200520 23:57:40.814673 30 storage/engine/rocksdb.go:120                        Options.max_log_file_size: 0
I200520 23:57:40.814676 30 storage/engine/rocksdb.go:120                   Options.max_manifest_file_size: 134217728
I200520 23:57:40.814679 30 storage/engine/rocksdb.go:120                    Options.log_file_time_to_roll: 0
I200520 23:57:40.814681 30 storage/engine/rocksdb.go:120                        Options.keep_log_file_num: 1000
I200520 23:57:40.814684 30 storage/engine/rocksdb.go:120                     Options.recycle_log_file_num: 1
I200520 23:57:40.814687 30 storage/engine/rocksdb.go:120                          Options.allow_fallocate: 1
I200520 23:57:40.814690 30 storage/engine/rocksdb.go:120                         Options.allow_mmap_reads: 0
I200520 23:57:40.814692 30 storage/engine/rocksdb.go:120                        Options.allow_mmap_writes: 0
I200520 23:57:40.814695 30 storage/engine/rocksdb.go:120                         Options.use_direct_reads: 0
I200520 23:57:40.814698 30 storage/engine/rocksdb.go:120                         Options.use_direct_io_for_flush_and_compaction: 0
I200520 23:57:40.814700 30 storage/engine/rocksdb.go:120           Options.create_missing_column_families: 0
I200520 23:57:40.814703 30 storage/engine/rocksdb.go:120                               Options.db_log_dir: 
I200520 23:57:40.814706 30 storage/engine/rocksdb.go:120                                  Options.wal_dir: /var/lib/cockroach
I200520 23:57:40.814708 30 storage/engine/rocksdb.go:120                 Options.table_cache_numshardbits: 6
I200520 23:57:40.814725 30 storage/engine/rocksdb.go:120                       Options.max_subcompactions: 1
I200520 23:57:40.814731 30 storage/engine/rocksdb.go:120                   Options.max_background_flushes: -1
I200520 23:57:40.814734 30 storage/engine/rocksdb.go:120                          Options.WAL_ttl_seconds: 0
I200520 23:57:40.814736 30 storage/engine/rocksdb.go:120                        Options.WAL_size_limit_MB: 0
I200520 23:57:40.814739 30 storage/engine/rocksdb.go:120              Options.manifest_preallocation_size: 4194304
I200520 23:57:40.814742 30 storage/engine/rocksdb.go:120                      Options.is_fd_close_on_exec: 1
I200520 23:57:40.814744 30 storage/engine/rocksdb.go:120                    Options.advise_random_on_open: 1
I200520 23:57:40.814747 30 storage/engine/rocksdb.go:120                     Options.db_write_buffer_size: 0
I200520 23:57:40.814749 30 storage/engine/rocksdb.go:120                     Options.write_buffer_manager: 0x7f140ba8d030
I200520 23:57:40.814753 30 storage/engine/rocksdb.go:120          Options.access_hint_on_compaction_start: 1
I200520 23:57:40.814755 30 storage/engine/rocksdb.go:120   Options.new_table_reader_for_compaction_inputs: 0
I200520 23:57:40.814758 30 storage/engine/rocksdb.go:120            Options.random_access_max_buffer_size: 1048576
I200520 23:57:40.814761 30 storage/engine/rocksdb.go:120                       Options.use_adaptive_mutex: 0
I200520 23:57:40.814764 30 storage/engine/rocksdb.go:120                             Options.rate_limiter: (nil)
I200520 23:57:40.814767 30 storage/engine/rocksdb.go:120      Options.sst_file_manager.rate_bytes_per_sec: 0
I200520 23:57:40.814769 30 storage/engine/rocksdb.go:120                        Options.wal_recovery_mode: 0
I200520 23:57:40.814772 30 storage/engine/rocksdb.go:120                   Options.enable_thread_tracking: 0
I200520 23:57:40.814774 30 storage/engine/rocksdb.go:120                   Options.enable_pipelined_write: 0
I200520 23:57:40.814777 30 storage/engine/rocksdb.go:120          Options.allow_concurrent_memtable_write: 1
I200520 23:57:40.814780 30 storage/engine/rocksdb.go:120       Options.enable_write_thread_adaptive_yield: 1
I200520 23:57:40.814782 30 storage/engine/rocksdb.go:120              Options.write_thread_max_yield_usec: 100
I200520 23:57:40.814785 30 storage/engine/rocksdb.go:120             Options.write_thread_slow_yield_usec: 3
I200520 23:57:40.814787 30 storage/engine/rocksdb.go:120                                Options.row_cache: None
I200520 23:57:40.814790 30 storage/engine/rocksdb.go:120                               Options.wal_filter: None
I200520 23:57:40.814793 30 storage/engine/rocksdb.go:120              Options.avoid_flush_during_recovery: 0
I200520 23:57:40.814795 30 storage/engine/rocksdb.go:120              Options.allow_ingest_behind: 0
I200520 23:57:40.814798 30 storage/engine/rocksdb.go:120              Options.preserve_deletes: 0
I200520 23:57:40.814844 30 storage/engine/rocksdb.go:120              Options.two_write_queues: 0
I200520 23:57:40.814852 30 storage/engine/rocksdb.go:120              Options.manual_wal_flush: 1
I200520 23:57:40.814855 30 storage/engine/rocksdb.go:120              Options.atomic_flush: 0
I200520 23:57:40.814858 30 storage/engine/rocksdb.go:120              Options.avoid_unnecessary_blocking_io: 0
I200520 23:57:40.814860 30 storage/engine/rocksdb.go:120              Options.max_background_jobs: 2
I200520 23:57:40.814863 30 storage/engine/rocksdb.go:120              Options.max_background_compactions: -1
I200520 23:57:40.814865 30 storage/engine/rocksdb.go:120              Options.avoid_flush_during_shutdown: 0
I200520 23:57:40.814868 30 storage/engine/rocksdb.go:120            Options.writable_file_max_buffer_size: 1048576
I200520 23:57:40.814871 30 storage/engine/rocksdb.go:120              Options.delayed_write_rate : 16777216
I200520 23:57:40.814874 30 storage/engine/rocksdb.go:120              Options.max_total_wal_size: 0
I200520 23:57:40.814876 30 storage/engine/rocksdb.go:120              Options.delete_obsolete_files_period_micros: 21600000000
I200520 23:57:40.814879 30 storage/engine/rocksdb.go:120                    Options.stats_dump_period_sec: 0
I200520 23:57:40.814882 30 storage/engine/rocksdb.go:120                  Options.stats_persist_period_sec: 600
I200520 23:57:40.814884 30 storage/engine/rocksdb.go:120                  Options.stats_history_buffer_size: 1048576
I200520 23:57:40.814887 30 storage/engine/rocksdb.go:120                           Options.max_open_files: 1043576
I200520 23:57:40.814890 30 storage/engine/rocksdb.go:120                           Options.bytes_per_sync: 524288
I200520 23:57:40.814892 30 storage/engine/rocksdb.go:120                       Options.wal_bytes_per_sync: 0
I200520 23:57:40.814895 30 storage/engine/rocksdb.go:120                    Options.strict_bytes_per_sync: 1
I200520 23:57:40.814898 30 storage/engine/rocksdb.go:120        Options.compaction_readahead_size: 0
I200520 23:57:40.814900 30 storage/engine/rocksdb.go:120  Compression algorithms supported:
I200520 23:57:40.814904 30 storage/engine/rocksdb.go:120  	kZSTDNotFinalCompression supported: 0
I200520 23:57:40.814906 30 storage/engine/rocksdb.go:120  	kZSTD supported: 0
I200520 23:57:40.814915 30 storage/engine/rocksdb.go:120  	kXpressCompression supported: 0
I200520 23:57:40.814918 30 storage/engine/rocksdb.go:120  	kLZ4HCCompression supported: 0
I200520 23:57:40.814921 30 storage/engine/rocksdb.go:120  	kLZ4Compression supported: 0
I200520 23:57:40.814924 30 storage/engine/rocksdb.go:120  	kBZip2Compression supported: 0
I200520 23:57:40.814926 30 storage/engine/rocksdb.go:120  	kZlibCompression supported: 0
I200520 23:57:40.814929 30 storage/engine/rocksdb.go:120  	kSnappyCompression supported: 1
I200520 23:57:40.814936 30 storage/engine/rocksdb.go:120  Fast CRC32 supported: Supported on x86
I200520 23:57:40.817367 30 storage/engine/rocksdb.go:120  [db/version_set.cc:4072] Recovering from manifest file: /var/lib/cockroach/MANIFEST-001064
I200520 23:57:40.817710 30 storage/engine/rocksdb.go:120  [db/column_family.cc:488] --------------- Options for column family [default]:
I200520 23:57:40.817715 30 storage/engine/rocksdb.go:120                Options.comparator: cockroach_comparator
I200520 23:57:40.817718 30 storage/engine/rocksdb.go:120            Options.merge_operator: cockroach_merge_operator
I200520 23:57:40.817721 30 storage/engine/rocksdb.go:120         Options.compaction_filter: None
I200520 23:57:40.817723 30 storage/engine/rocksdb.go:120         Options.compaction_filter_factory: None
I200520 23:57:40.817726 30 storage/engine/rocksdb.go:120          Options.memtable_factory: SkipListFactory
I200520 23:57:40.817729 30 storage/engine/rocksdb.go:120             Options.table_factory: BlockBasedTable
I200520 23:57:40.817748 30 storage/engine/rocksdb.go:120             table_factory options:   flush_block_policy_factory: FlushBlockBySizePolicyFactory (0x7f140ba23028)
  cache_index_and_filter_blocks: 0
  cache_index_and_filter_blocks_with_high_priority: 0
  pin_l0_filter_and_index_blocks_in_cache: 0
  pin_top_level_index_and_filter: 1
  index_type: 0
  data_block_index_type: 0
  index_shortening: 1
  data_block_hash_table_util_ratio: 0.750000
  hash_index_allow_collision: 1
  checksum: 1
  no_block_cache: 0
  block_cache: 0x7f140ba14010
  block_cache_name: LRUCache
  block_cache_options:
    capacity : 67108864
    num_shard_bits : 4
    strict_capacity_limit : 0
    memory_allocator : None
    high_pri_pool_ratio: 0.000
  block_cache_compressed: (nil)
  persistent_cache: (nil)
  block_size: 32768
  block_size_deviation: 10
  block_restart_interval: 16
  index_block_restart_interval: 1
  metadata_block_size: 4096
  partition_filters: 0
  use_delta_encoding: 1
  filter_policy: rocksdb.BuiltinBloomFilter
  whole_key_filtering: 0
  verify_compression: 0
  read_amp_bytes_per_bit: 0
  format_version: 2
  enable_index_compression: 1
  block_align: 0
I200520 23:57:40.817752 30 storage/engine/rocksdb.go:120         Options.write_buffer_size: 67108864
I200520 23:57:40.817756 30 storage/engine/rocksdb.go:120   Options.max_write_buffer_number: 4
I200520 23:57:40.817759 30 storage/engine/rocksdb.go:120           Options.compression: Snappy
I200520 23:57:40.817762 30 storage/engine/rocksdb.go:120                   Options.bottommost_compression: Disabled
I200520 23:57:40.817765 30 storage/engine/rocksdb.go:120        Options.prefix_extractor: cockroach_prefix_extractor
I200520 23:57:40.817768 30 storage/engine/rocksdb.go:120    Options.memtable_insert_with_hint_prefix_extractor: nullptr
I200520 23:57:40.817770 30 storage/engine/rocksdb.go:120              Options.num_levels: 7
I200520 23:57:40.817774 30 storage/engine/rocksdb.go:120         Options.min_write_buffer_number_to_merge: 1
I200520 23:57:40.817777 30 storage/engine/rocksdb.go:120      Options.max_write_buffer_number_to_maintain: 0
I200520 23:57:40.817780 30 storage/engine/rocksdb.go:120             Options.bottommost_compression_opts.window_bits: -14
I200520 23:57:40.817783 30 storage/engine/rocksdb.go:120                   Options.bottommost_compression_opts.level: 32767
I200520 23:57:40.817785 30 storage/engine/rocksdb.go:120                Options.bottommost_compression_opts.strategy: 0
I200520 23:57:40.817788 30 storage/engine/rocksdb.go:120          Options.bottommost_compression_opts.max_dict_bytes: 0
I200520 23:57:40.817791 30 storage/engine/rocksdb.go:120          Options.bottommost_compression_opts.zstd_max_train_bytes: 0
I200520 23:57:40.817794 30 storage/engine/rocksdb.go:120                   Options.bottommost_compression_opts.enabled: false
I200520 23:57:40.817796 30 storage/engine/rocksdb.go:120             Options.compression_opts.window_bits: -14
I200520 23:57:40.817799 30 storage/engine/rocksdb.go:120                   Options.compression_opts.level: 32767
I200520 23:57:40.817802 30 storage/engine/rocksdb.go:120                Options.compression_opts.strategy: 0
I200520 23:57:40.817805 30 storage/engine/rocksdb.go:120          Options.compression_opts.max_dict_bytes: 0
I200520 23:57:40.817807 30 storage/engine/rocksdb.go:120          Options.compression_opts.zstd_max_train_bytes: 0
I200520 23:57:40.817810 30 storage/engine/rocksdb.go:120                   Options.compression_opts.enabled: false
I200520 23:57:40.817813 30 storage/engine/rocksdb.go:120       Options.level0_file_num_compaction_trigger: 2
I200520 23:57:40.817815 30 storage/engine/rocksdb.go:120           Options.level0_slowdown_writes_trigger: 950
I200520 23:57:40.817818 30 storage/engine/rocksdb.go:120               Options.level0_stop_writes_trigger: 1000
I200520 23:57:40.817821 30 storage/engine/rocksdb.go:120                    Options.target_file_size_base: 4194304
I200520 23:57:40.817823 30 storage/engine/rocksdb.go:120              Options.target_file_size_multiplier: 2
I200520 23:57:40.817826 30 storage/engine/rocksdb.go:120                 Options.max_bytes_for_level_base: 67108864
I200520 23:57:40.817829 30 storage/engine/rocksdb.go:120  Options.level_compaction_dynamic_level_bytes: 1
I200520 23:57:40.817833 30 storage/engine/rocksdb.go:120           Options.max_bytes_for_level_multiplier: 10.000000
I200520 23:57:40.817835 30 storage/engine/rocksdb.go:120  Options.max_bytes_for_level_multiplier_addtl[0]: 1
I200520 23:57:40.817840 30 storage/engine/rocksdb.go:120  Options.max_bytes_for_level_multiplier_addtl[1]: 1
I200520 23:57:40.817843 30 storage/engine/rocksdb.go:120  Options.max_bytes_for_level_multiplier_addtl[2]: 1
I200520 23:57:40.817846 30 storage/engine/rocksdb.go:120  Options.max_bytes_for_level_multiplier_addtl[3]: 1
I200520 23:57:40.817848 30 storage/engine/rocksdb.go:120  Options.max_bytes_for_level_multiplier_addtl[4]: 1
I200520 23:57:40.817851 30 storage/engine/rocksdb.go:120  Options.max_bytes_for_level_multiplier_addtl[5]: 1
I200520 23:57:40.817854 30 storage/engine/rocksdb.go:120  Options.max_bytes_for_level_multiplier_addtl[6]: 1
I200520 23:57:40.817856 30 storage/engine/rocksdb.go:120        Options.max_sequential_skip_in_iterations: 8
I200520 23:57:40.817859 30 storage/engine/rocksdb.go:120                     Options.max_compaction_bytes: 104857600
I200520 23:57:40.817902 30 storage/engine/rocksdb.go:120                         Options.arena_block_size: 8388608
I200520 23:57:40.817909 30 storage/engine/rocksdb.go:120    Options.soft_pending_compaction_bytes_limit: 2199023255552
I200520 23:57:40.817912 30 storage/engine/rocksdb.go:120    Options.hard_pending_compaction_bytes_limit: 4400193994752
I200520 23:57:40.817915 30 storage/engine/rocksdb.go:120        Options.rate_limit_delay_max_milliseconds: 100
I200520 23:57:40.817918 30 storage/engine/rocksdb.go:120                 Options.disable_auto_compactions: 0
I200520 23:57:40.817921 30 storage/engine/rocksdb.go:120                         Options.compaction_style: kCompactionStyleLevel
I200520 23:57:40.817925 30 storage/engine/rocksdb.go:120                           Options.compaction_pri: kMinOverlappingRatio
I200520 23:57:40.817927 30 storage/engine/rocksdb.go:120  Options.compaction_options_universal.size_ratio: 1
I200520 23:57:40.817930 30 storage/engine/rocksdb.go:120  Options.compaction_options_universal.min_merge_width: 2
I200520 23:57:40.817933 30 storage/engine/rocksdb.go:120  Options.compaction_options_universal.max_merge_width: 4294967295
I200520 23:57:40.817935 30 storage/engine/rocksdb.go:120  Options.compaction_options_universal.max_size_amplification_percent: 200
I200520 23:57:40.817938 30 storage/engine/rocksdb.go:120  Options.compaction_options_universal.compression_size_percent: -1
I200520 23:57:40.817941 30 storage/engine/rocksdb.go:120  Options.compaction_options_universal.stop_style: kCompactionStopStyleTotalSize
I200520 23:57:40.817944 30 storage/engine/rocksdb.go:120  Options.compaction_options_fifo.max_table_files_size: 1073741824
I200520 23:57:40.817946 30 storage/engine/rocksdb.go:120  Options.compaction_options_fifo.allow_compaction: 0
I200520 23:57:40.817953 30 storage/engine/rocksdb.go:120                    Options.table_properties_collectors: TimeBoundTblPropCollectorFactory; DeleteRangeTblPropCollectorFactory; 
I200520 23:57:40.817960 30 storage/engine/rocksdb.go:120                    Options.inplace_update_support: 0
I200520 23:57:40.817963 30 storage/engine/rocksdb.go:120                  Options.inplace_update_num_locks: 10000
I200520 23:57:40.817966 30 storage/engine/rocksdb.go:120                Options.memtable_prefix_bloom_size_ratio: 0.000000
I200520 23:57:40.817969 30 storage/engine/rocksdb.go:120                Options.memtable_whole_key_filtering: 0
I200520 23:57:40.817971 30 storage/engine/rocksdb.go:120    Options.memtable_huge_page_size: 0
I200520 23:57:40.817974 30 storage/engine/rocksdb.go:120                            Options.bloom_locality: 0
I200520 23:57:40.817977 30 storage/engine/rocksdb.go:120                     Options.max_successive_merges: 0
I200520 23:57:40.817979 30 storage/engine/rocksdb.go:120                 Options.optimize_filters_for_hits: 1
I200520 23:57:40.817982 30 storage/engine/rocksdb.go:120                 Options.paranoid_file_checks: 0
I200520 23:57:40.817985 30 storage/engine/rocksdb.go:120                 Options.force_consistency_checks: 0
I200520 23:57:40.817988 30 storage/engine/rocksdb.go:120                 Options.report_bg_io_stats: 0
I200520 23:57:40.817991 30 storage/engine/rocksdb.go:120                                Options.ttl: 0
I200520 23:57:40.817994 30 storage/engine/rocksdb.go:120           Options.periodic_compaction_seconds: 0
I200520 23:57:40.838420 30 storage/engine/rocksdb.go:120  [db/version_set.cc:4286] Recovered from manifest file:/var/lib/cockroach/MANIFEST-001064 succeeded,manifest_file_number is 1064, next_file_number is 1066, last_sequence is 19255814, log_number is 1054,prev_log_number is 0,max_column_family is 0,min_log_number_to_keep is 0
I200520 23:57:40.838431 30 storage/engine/rocksdb.go:120  [db/version_set.cc:4295] Column family [default] (ID 0), log number is 1054
I200520 23:57:40.841089 30 storage/engine/rocksdb.go:120  EVENT_LOG_v1 {"time_micros": 1590019060841049, "job": 1, "event": "recovery_started", "log_files": [1065]}
I200520 23:57:40.841102 30 storage/engine/rocksdb.go:120  [db/db_impl_open.cc:598] Recovering log #1065 mode 0
I200520 23:57:40.859250 30 storage/engine/rocksdb.go:120  EVENT_LOG_v1 {"time_micros": 1590019060859187, "cf_name": "default", "job": 1, "event": "table_file_creation", "file_number": 1066, "file_size": 58346, "table_properties": {"data_size": 55634, "index_size": 326, "index_partitions": 0, "top_level_index_size": 0, "index_key_is_user_key": 0, "index_value_is_delta_encoded": 0, "filter_size": 1477, "raw_key_size": 49235, "raw_average_key_size": 42, "raw_value_size": 215561, "raw_average_value_size": 187, "num_data_blocks": 7, "num_entries": 1151, "num_deletions": 168, "num_merge_operands": 664, "num_range_deletions": 664, "format_version": 0, "fixed_key_len": 0, "filter_policy": "rocksdb.BuiltinBloomFilter", "column_family_name": "default", "column_family_id": 0, "comparator": "cockroach_comparator", "merge_operator": "cockroach_merge_operator", "prefix_extractor_name": "cockroach_prefix_extractor", "property_collectors": "[TimeBoundTblPropCollectorFactory,DeleteRangeTblPropCollectorFactory]", "compression": "Snappy", "compression_options": "window_bits=-14; level=32767; strategy=0; max_dict_bytes=0; zstd_max_train_bytes=0; enabled=0; ", "creation_time": 1590019060, "oldest_key_time": 3, "file_creation_time": 0}}
I200520 23:57:40.859472 30 storage/engine/rocksdb.go:120  [db/version_set.cc:3560] Creating manifest 1067
I200520 23:57:40.870940 30 storage/engine/rocksdb.go:120  EVENT_LOG_v1 {"time_micros": 1590019060870909, "job": 1, "event": "recovery_finished"}
I200520 23:57:40.893080 17 storage/engine/rocksdb.go:120  [db/compaction_job.cc:1647] [default] [JOB 3] Compacting 2@0 + 6@6 files to L6, score 1.00
I200520 23:57:40.893100 17 storage/engine/rocksdb.go:120  [db/compaction_job.cc:1651] [default] Compaction start summary: Base version 2 Base level 0, inputs: [1066(56KB) 1063(108KB)], [1056(4116KB) 1057(4121KB) 1058(4114KB) 1059(4115KB) 1060(4117KB) 1061(1399KB)]
I200520 23:57:40.893133 17 storage/engine/rocksdb.go:120  EVENT_LOG_v1 {"time_micros": 1590019060893117, "job": 3, "event": "compaction_started", "compaction_reason": "LevelL0FilesNum", "files_L0": [1066, 1063], "files_L6": [1056, 1057, 1058, 1059, 1060, 1061], "score": 1, "input_data_size": 22680880}
I200520 23:57:40.917074 30 storage/engine/rocksdb.go:120  DB pointer 0x7f140ba9f000
I200520 23:57:40.996913 17 storage/engine/rocksdb.go:120  [db/compaction_job.cc:1334] [default] [JOB 3] Generated table #1071: 12207 keys, 4218417 bytes
I200520 23:57:40.996966 17 storage/engine/rocksdb.go:120  EVENT_LOG_v1 {"time_micros": 1590019060996930, "cf_name": "default", "job": 3, "event": "table_file_creation", "file_number": 1071, "file_size": 4218417, "table_properties": {"data_size": 4199950, "index_size": 66586, "index_partitions": 0, "top_level_index_size": 0, "index_key_is_user_key": 0, "index_value_is_delta_encoded": 0, "filter_size": 0, "raw_key_size": 604645, "raw_average_key_size": 49, "raw_value_size": 30260937, "raw_average_value_size": 2478, "num_data_blocks": 970, "num_entries": 12207, "num_deletions": 0, "num_merge_operands": 0, "num_range_deletions": 0, "format_version": 0, "fixed_key_len": 0, "filter_policy": "rocksdb.BuiltinBloomFilter", "column_family_name": "default", "column_family_id": 0, "comparator": "cockroach_comparator", "merge_operator": "cockroach_merge_operator", "prefix_extractor_name": "cockroach_prefix_extractor", "property_collectors": "[TimeBoundTblPropCollectorFactory,DeleteRangeTblPropCollectorFactory]", "compression": "Snappy", "compression_options": "window_bits=-14; level=32767; strategy=0; max_dict_bytes=0; zstd_max_train_bytes=0; enabled=0; ", "creation_time": 1590019060, "oldest_key_time": 0, "file_creation_time": 1590019060}}
I200520 23:57:41.119023 17 storage/engine/rocksdb.go:120  [db/compaction_job.cc:1334] [default] [JOB 3] Generated table #1072: 13444 keys, 4220407 bytes
I200520 23:57:41.119150 17 storage/engine/rocksdb.go:120  EVENT_LOG_v1 {"time_micros": 1590019061119045, "cf_name": "default", "job": 3, "event": "table_file_creation", "file_number": 1072, "file_size": 4220407, "table_properties": {"data_size": 4195302, "index_size": 95340, "index_partitions": 0, "top_level_index_size": 0, "index_key_is_user_key": 0, "index_value_is_delta_encoded": 0, "filter_size": 0, "raw_key_size": 768352, "raw_average_key_size": 57, "raw_value_size": 42690915, "raw_average_value_size": 3175, "num_data_blocks": 1369, "num_entries": 13444, "num_deletions": 0, "num_merge_operands": 0, "num_range_deletions": 0, "format_version": 0, "fixed_key_len": 0, "filter_policy": "rocksdb.BuiltinBloomFilter", "column_family_name": "default", "column_family_id": 0, "comparator": "cockroach_comparator", "merge_operator": "cockroach_merge_operator", "prefix_extractor_name": "cockroach_prefix_extractor", "property_collectors": "[TimeBoundTblPropCollectorFactory,DeleteRangeTblPropCollectorFactory]", "compression": "Snappy", "compression_options": "window_bits=-14; level=32767; strategy=0; max_dict_bytes=0; zstd_max_train_bytes=0; enabled=0; ", "creation_time": 1590019060, "oldest_key_time": 0, "file_creation_time": 1590019060}}
I200520 23:57:41.195201 17 storage/engine/rocksdb.go:120  [db/compaction_job.cc:1334] [default] [JOB 3] Generated table #1073: 6250 keys, 4215955 bytes
I200520 23:57:41.195257 17 storage/engine/rocksdb.go:120  EVENT_LOG_v1 {"time_micros": 1590019061195223, "cf_name": "default", "job": 3, "event": "table_file_creation", "file_number": 1073, "file_size": 4215955, "table_properties": {"data_size": 4203803, "index_size": 42716, "index_partitions": 0, "top_level_index_size": 0, "index_key_is_user_key": 0, "index_value_is_delta_encoded": 0, "filter_size": 0, "raw_key_size": 341701, "raw_average_key_size": 54, "raw_value_size": 19848453, "raw_average_value_size": 3175, "num_data_blocks": 637, "num_entries": 6250, "num_deletions": 0, "num_merge_operands": 0, "num_range_deletions": 0, "format_version": 0, "fixed_key_len": 0, "filter_policy": "rocksdb.BuiltinBloomFilter", "column_family_name": "default", "column_family_id": 0, "comparator": "cockroach_comparator", "merge_operator": "cockroach_merge_operator", "prefix_extractor_name": "cockroach_prefix_extractor", "property_collectors": "[TimeBoundTblPropCollectorFactory,DeleteRangeTblPropCollectorFactory]", "compression": "Snappy", "compression_options": "window_bits=-14; level=32767; strategy=0; max_dict_bytes=0; zstd_max_train_bytes=0; enabled=0; ", "creation_time": 1590019060, "oldest_key_time": 0, "file_creation_time": 1590019061}}
I200520 23:57:41.274516 17 storage/engine/rocksdb.go:120  [db/compaction_job.cc:1334] [default] [JOB 3] Generated table #1074: 8867 keys, 4213858 bytes
I200520 23:57:41.274611 17 storage/engine/rocksdb.go:120  EVENT_LOG_v1 {"time_micros": 1590019061274534, "cf_name": "default", "job": 3, "event": "table_file_creation", "file_number": 1074, "file_size": 4213858, "table_properties": {"data_size": 4196535, "index_size": 60190, "index_partitions": 0, "top_level_index_size": 0, "index_key_is_user_key": 0, "index_value_is_delta_encoded": 0, "filter_size": 0, "raw_key_size": 479892, "raw_average_key_size": 54, "raw_value_size": 28152811, "raw_average_value_size": 3175, "num_data_blocks": 903, "num_entries": 8867, "num_deletions": 0, "num_merge_operands": 0, "num_range_deletions": 0, "format_version": 0, "fixed_key_len": 0, "filter_policy": "rocksdb.BuiltinBloomFilter", "column_family_name": "default", "column_family_id": 0, "comparator": "cockroach_comparator", "merge_operator": "cockroach_merge_operator", "prefix_extractor_name": "cockroach_prefix_extractor", "property_collectors": "[TimeBoundTblPropCollectorFactory,DeleteRangeTblPropCollectorFactory]", "compression": "Snappy", "compression_options": "window_bits=-14; level=32767; strategy=0; max_dict_bytes=0; zstd_max_train_bytes=0; enabled=0; ", "creation_time": 1590019060, "oldest_key_time": 0, "file_creation_time": 1590019061}}
I200520 23:57:41.356761 17 storage/engine/rocksdb.go:120  [db/compaction_job.cc:1334] [default] [JOB 3] Generated table #1075: 7302 keys, 4215654 bytes
I200520 23:57:41.356823 17 storage/engine/rocksdb.go:120  EVENT_LOG_v1 {"time_micros": 1590019061356789, "cf_name": "default", "job": 3, "event": "table_file_creation", "file_number": 1075, "file_size": 4215654, "table_properties": {"data_size": 4201178, "index_size": 52530, "index_partitions": 0, "top_level_index_size": 0, "index_key_is_user_key": 0, "index_value_is_delta_encoded": 0, "filter_size": 0, "raw_key_size": 423643, "raw_average_key_size": 58, "raw_value_size": 23188032, "raw_average_value_size": 3175, "num_data_blocks": 744, "num_entries": 7302, "num_deletions": 0, "num_merge_operands": 0, "num_range_deletions": 0, "format_version": 0, "fixed_key_len": 0, "filter_policy": "rocksdb.BuiltinBloomFilter", "column_family_name": "default", "column_family_id": 0, "comparator": "cockroach_comparator", "merge_operator": "cockroach_merge_operator", "prefix_extractor_name": "cockroach_prefix_extractor", "property_collectors": "[TimeBoundTblPropCollectorFactory,DeleteRangeTblPropCollectorFactory]", "compression": "Snappy", "compression_options": "window_bits=-14; level=32767; strategy=0; max_dict_bytes=0; zstd_max_train_bytes=0; enabled=0; ", "creation_time": 1590019060, "oldest_key_time": 0, "file_creation_time": 1590019061}}
I200520 23:57:41.393668 17 storage/engine/rocksdb.go:120  [db/compaction_job.cc:1334] [default] [JOB 3] Generated table #1076: 5258 keys, 1413132 bytes
I200520 23:57:41.393709 17 storage/engine/rocksdb.go:120  EVENT_LOG_v1 {"time_micros": 1590019061393684, "cf_name": "default", "job": 3, "event": "table_file_creation", "file_number": 1076, "file_size": 1413132, "table_properties": {"data_size": 1405942, "index_size": 23615, "index_partitions": 0, "top_level_index_size": 0, "index_key_is_user_key": 0, "index_value_is_delta_encoded": 0, "filter_size": 0, "raw_key_size": 271825, "raw_average_key_size": 51, "raw_value_size": 10542944, "raw_average_value_size": 2005, "num_data_blocks": 340, "num_entries": 5258, "num_deletions": 0, "num_merge_operands": 0, "num_range_deletions": 0, "format_version": 0, "fixed_key_len": 0, "filter_policy": "rocksdb.BuiltinBloomFilter", "column_family_name": "default", "column_family_id": 0, "comparator": "cockroach_comparator", "merge_operator": "cockroach_merge_operator", "prefix_extractor_name": "cockroach_prefix_extractor", "property_collectors": "[TimeBoundTblPropCollectorFactory,DeleteRangeTblPropCollectorFactory]", "compression": "Snappy", "compression_options": "window_bits=-14; level=32767; strategy=0; max_dict_bytes=0; zstd_max_train_bytes=0; enabled=0; ", "creation_time": 1590019060, "oldest_key_time": 0, "file_creation_time": 1590019061}}
I200520 23:57:41.402068 17 storage/engine/rocksdb.go:120  [db/compaction_job.cc:1397] [default] [JOB 3] Compacted 2@0 + 6@6 files to L6 => 22497423 bytes
I200520 23:57:41.402461 17 storage/engine/rocksdb.go:120  (Original Log Time 2020/05/20-23:57:41.402344) [db/compaction_job.cc:770] [default] compacted to: base level 6 level multiplier 10.00 max bytes base 67108864 files[0 0 0 0 0 0 6] max score 0.00, MB/sec: 45.2 rd, 44.8 wr, level 6, files in(2, 6) out(6) MB in(0.2, 21.5) out(21.5), read-write-amplify(267.2) write-amplify(133.1) OK, records in: 56013, records dropped: 1357 output_compression: Snappy
I200520 23:57:41.402470 17 storage/engine/rocksdb.go:120  (Original Log Time 2020/05/20-23:57:41.402384) EVENT_LOG_v1 {"time_micros": 1590019061402375, "job": 3, "event": "compaction_finished", "compaction_time_micros": 501842, "compaction_time_cpu_micros": 194774, "output_level": 6, "num_output_files": 6, "total_output_size": 22497423, "num_input_records": 54685, "num_output_records": 53328, "num_subcompactions": 1, "output_compression": "Snappy", "num_single_delete_mismatches": 0, "num_single_delete_fallthrough": 0, "lsm_state": [0, 0, 0, 0, 0, 0, 6]}
I200520 23:57:41.403356 17 storage/engine/rocksdb.go:120  EVENT_LOG_v1 {"time_micros": 1590019061403325, "job": 3, "event": "table_file_deletion", "file_number": 1066}
I200520 23:57:41.404078 17 storage/engine/rocksdb.go:120  EVENT_LOG_v1 {"time_micros": 1590019061404062, "job": 3, "event": "table_file_deletion", "file_number": 1063}
I200520 23:57:41.404960 17 storage/engine/rocksdb.go:120  EVENT_LOG_v1 {"time_micros": 1590019061404938, "job": 3, "event": "table_file_deletion", "file_number": 1061}
I200520 23:57:41.406804 17 storage/engine/rocksdb.go:120  EVENT_LOG_v1 {"time_micros": 1590019061406774, "job": 3, "event": "table_file_deletion", "file_number": 1060}
I200520 23:57:41.408438 17 storage/engine/rocksdb.go:120  EVENT_LOG_v1 {"time_micros": 1590019061408413, "job": 3, "event": "table_file_deletion", "file_number": 1059}
I200520 23:57:41.410017 17 storage/engine/rocksdb.go:120  EVENT_LOG_v1 {"time_micros": 1590019061409996, "job": 3, "event": "table_file_deletion", "file_number": 1058}
I200520 23:57:41.411589 17 storage/engine/rocksdb.go:120  EVENT_LOG_v1 {"time_micros": 1590019061411570, "job": 3, "event": "table_file_deletion", "file_number": 1057}
I200520 23:57:41.412164 17 storage/engine/rocksdb.go:120  EVENT_LOG_v1 {"time_micros": 1590019061412148, "job": 3, "event": "table_file_deletion", "file_number": 1056}
I200520 23:58:37.284733 1224 storage/engine/rocksdb.go:120  bloom filter utility:    -nan%
I200520 23:58:37.285054 1224 storage/engine/rocksdb.go:120  [db/db_impl.cc:392] Shutdown: canceling all background work
I200520 23:58:37.285586 1224 storage/engine/rocksdb.go:120  [db/db_impl.cc:565] Shutdown complete
I200520 23:58:37.294032 1224 storage/engine/rocksdb.go:120  bloom filter utility:    51.1%
I200520 23:58:37.294422 1224 storage/engine/rocksdb.go:120  [db/db_impl.cc:392] Shutdown: canceling all background work
I200520 23:58:37.300315 1224 storage/engine/rocksdb.go:120  [db/db_impl.cc:565] Shutdown complete
