I200512 18:55:17.163485 1 util/log/clog.go:1196  [config] file created at: 2020/05/12 18:55:17
I200512 18:55:17.163485 1 util/log/clog.go:1196  [config] running on machine: fe01fe2ab942
I200512 18:55:17.163485 1 util/log/clog.go:1196  [config] binary: CockroachDB CCL v19.2.5 (x86_64-unknown-linux-gnu, built 2020/03/16 18:27:12, go1.12.12)
I200512 18:55:17.163485 1 util/log/clog.go:1196  [config] arguments: [/cockroach/cockroach start --insecure --store=attrs=ssd,path=/var/lib/cockroach/]
I200512 18:55:17.163485 1 util/log/clog.go:1196  line format: [IWEF]yymmdd hh:mm:ss.uuuuuu goid file:line msg utf8=✓
I200512 18:55:17.163484 1 cli/start.go:1144  logging to directory /var/lib/cockroach/logs
W200512 18:55:17.190339 1 cli/start.go:1182  RUNNING IN INSECURE MODE!

- Your cluster is open for any client that can access <all your IP addresses>.
- Any user, even root, can log in without providing a password.
- Any user, connecting as root, can read or write any data in your cluster.
- There is no network encryption nor authentication, and thus no confidentiality.

Check out how to secure your cluster: https://www.cockroachlabs.com/docs/v19.2/secure-a-cluster.html
I200512 18:55:17.191750 1 server/status/recorder.go:597  available memory from cgroups (8.0 EiB) is unsupported, using system memory 1.9 GiB instead: 
W200512 18:55:17.191830 1 cli/start.go:1052  Using the default setting for --cache (128 MiB).
  A significantly larger value is usually needed for good performance.
  If you have a dedicated server a reasonable setting is --cache=.25 (497 MiB).
I200512 18:55:17.192051 1 server/status/recorder.go:597  available memory from cgroups (8.0 EiB) is unsupported, using system memory 1.9 GiB instead: 
W200512 18:55:17.192073 1 cli/start.go:1065  Using the default setting for --max-sql-memory (128 MiB).
  A significantly larger value is usually needed in production.
  If you have a dedicated server a reasonable setting is --max-sql-memory=.25 (497 MiB).
I200512 18:55:17.192213 1 server/status/recorder.go:597  available memory from cgroups (8.0 EiB) is unsupported, using system memory 1.9 GiB instead: 
I200512 18:55:17.192243 1 cli/start.go:1196  CockroachDB CCL v19.2.5 (x86_64-unknown-linux-gnu, built 2020/03/16 18:27:12, go1.12.12)
W200512 18:55:17.361854 1 cli/start.go:511  running 'cockroach start' without --join is deprecated.
Consider using 'cockroach start-single-node' or 'cockroach init' instead.
I200512 18:55:17.368598 1 server/status/recorder.go:597  available memory from cgroups (8.0 EiB) is unsupported, using system memory 1.9 GiB instead: 
I200512 18:55:17.368616 1 server/config.go:394  system total memory: 1.9 GiB
I200512 18:55:17.368641 1 server/config.go:396  server configuration:
max offset             500000000
cache size             128 MiB
SQL memory pool size   128 MiB
scan interval          10m0s
scan min idle time     10ms
scan max idle time     1s
event log enabled      true
I200512 18:55:17.368651 1 cli/start.go:1030  using local environment variables: COCKROACH_CHANNEL=official-docker
I200512 18:55:17.368659 1 cli/start.go:1037  process identity: uid 0 euid 0 gid 0 egid 0
I200512 18:55:17.368696 1 cli/start.go:644  starting cockroach node
I200512 18:55:17.372116 35 storage/engine/rocksdb.go:622  opening rocksdb instance at "/var/lib/cockroach/cockroach-temp435900353"
I200512 18:55:17.484612 35 server/server.go:928  [n?] monitoring forward clock jumps based on server.clock.forward_jump_check_enabled
I200512 18:55:17.485397 35 storage/engine/rocksdb.go:622  opening rocksdb instance at "/var/lib/cockroach"
I200512 18:55:17.802675 35 server/config.go:502  [n?] 1 storage engine initialized
I200512 18:55:17.802683 35 server/config.go:505  [n?] RocksDB cache size: 128 MiB
I200512 18:55:17.802687 35 server/config.go:505  [n?] store 0: RocksDB, max size 0 B, max open file limit 1043576
W200512 18:55:17.821536 35 cli/start.go:996  neither --listen-addr nor --advertise-addr was specified.
The server will advertise "fe01fe2ab942" to other nodes, is this routable?

Consider using:
- for local-only servers:  --listen-addr=localhost
- for multi-node clusters: --advertise-addr=<host/IP addr>
I200512 18:55:17.823306 35 server/server.go:978  [n?] Sleeping till wall time 1589309717823275855 to catches up to 1589309717984553961 to ensure monotonicity. Delta: 161.278106ms
I200512 18:55:17.984992 35 gossip/gossip.go:394  [n1] NodeDescriptor set to node_id:1 address:<network_field:"tcp" address_field:"fe01fe2ab942:26257" > attrs:<> locality:<> ServerVersion:<major_val:19 minor_val:2 patch:0 unstable:0 > build_tag:"v19.2.5" started_at:1589309717984880053 cluster_name:"" sql_address:<network_field:"tcp" address_field:"fe01fe2ab942:26257" > 
W200512 18:55:18.015729 101 storage/replica_range_lease.go:554  can't determine lease status due to node liveness error: node not in the liveness table
github.com/cockroachdb/cockroach/pkg/storage.init.ializers
	/go/src/github.com/cockroachdb/cockroach/pkg/storage/node_liveness.go:44
runtime.main
	/usr/local/go/src/runtime/proc.go:188
runtime.goexit
	/usr/local/go/src/runtime/asm_amd64.s:1337
W200512 18:55:18.015750 101 storage/store.go:1530  [n1,s1,r6/1:/Table/{SystemCon…-11}] could not gossip system config: [NotLeaseHolderError] r6: replica (n1,s1):1 not lease holder; lease holder unknown
I200512 18:55:18.034784 35 server/node.go:431  [n1] initialized store [n1,s1]: disk (capacity=894 GiB, available=593 GiB, used=11 MiB, logicalBytes=54 MiB), ranges=38, leases=2, queries=0.00, writes=0.00, bytesPerReplica={p10=0.00 p25=0.00 p50=0.00 p75=17808.00 p90=103099.00 pMax=40595317.00}, writesPerReplica={p10=0.00 p25=0.00 p50=0.00 p75=0.00 p90=0.00 pMax=0.00}
I200512 18:55:18.034879 35 storage/stores.go:240  [n1] read 0 node addresses from persistent storage
I200512 18:55:18.035010 35 server/node.go:645  [n1] connecting to gossip network to verify cluster ID...
I200512 18:55:18.035027 35 server/node.go:665  [n1] node connected via gossip and verified as part of cluster "3d423bb5-5d67-4ebf-947b-999bec430444"
I200512 18:55:18.035106 35 server/node.go:512  [n1] node=1: started with [ssd=/var/lib/cockroach] engine(s) and attributes []
I200512 18:55:18.036078 35 server/server.go:1514  [n1] starting http server at [::]:8080 (use: fe01fe2ab942:8080)
I200512 18:55:18.036091 35 server/server.go:1521  [n1] starting grpc/postgres server at [::]:26257
I200512 18:55:18.036100 35 server/server.go:1522  [n1] advertising CockroachDB node at fe01fe2ab942:26257
I200512 18:55:18.048662 35 server/server.go:1590  [n1] done ensuring all necessary migrations have run
I200512 18:55:18.048712 35 server/server.go:1841  [n1] serving sql connections
I200512 18:55:18.048764 35 cli/start.go:803  [config] clusterID: 3d423bb5-5d67-4ebf-947b-999bec430444
I200512 18:55:18.048776 35 cli/start.go:812  node startup completed:
CockroachDB node starting at 2020-05-12 18:55:18.048727752 +0000 UTC (took 0.9s)
build:               CCL v19.2.5 @ 2020/03/16 18:27:12 (go1.12.12)
webui:               http://fe01fe2ab942:8080
sql:                 postgresql://root@fe01fe2ab942:26257?sslmode=disable
RPC client flags:    /cockroach/cockroach <client cmd> --host=fe01fe2ab942:26257 --insecure
logs:                /var/lib/cockroach/logs
temp dir:            /var/lib/cockroach/cockroach-temp435900353
external I/O path:   /var/lib/cockroach/extern
store[0]:            path=/var/lib/cockroach,attrs=ssd
status:              restarted pre-existing node
clusterID:           3d423bb5-5d67-4ebf-947b-999bec430444
nodeID:              1
I200512 18:55:18.074556 162 server/server_update.go:53  [n1] no need to upgrade, cluster already at the newest version
I200512 18:55:18.078559 164 sql/event_log.go:130  [n1] Event: "node_restart", target: 1, info: {Descriptor:{NodeID:1 Address:fe01fe2ab942:26257 Attrs: Locality: ServerVersion:19.2 BuildTag:v19.2.5 StartedAt:1589309717984880053 LocalityAddress:[] ClusterName: SQLAddress:fe01fe2ab942:26257} ClusterID:3d423bb5-5d67-4ebf-947b-999bec430444 StartedAt:1589309717984880053 LastUp:1589309714521184947}
I200512 18:55:19.844550 74 gossip/gossip.go:1531  [n1] node has connected to cluster via gossip
I200512 18:55:19.844644 74 storage/stores.go:259  [n1] wrote 0 node addresses to persistent storage
I200512 18:55:28.038995 130 server/status/runtime.go:498  [n1] runtime stats: 103 MiB RSS, 117 goroutines, 86 MiB/38 MiB/129 MiB GO alloc/idle/total, 15 MiB/17 MiB CGO alloc/total, 0.0 CGO/sec, 0.0/0.0 %(u/s)time, 0.0 %gc (9x), 11 KiB/14 KiB (r/w)net
I200512 18:55:38.039099 130 server/status/runtime.go:498  [n1] runtime stats: 109 MiB RSS, 117 goroutines, 95 MiB/29 MiB/135 MiB GO alloc/idle/total, 15 MiB/18 MiB CGO alloc/total, 73.8 CGO/sec, 0.6/0.2 %(u/s)time, 0.0 %gc (0x), 140 B/0 B (r/w)net
I200512 18:55:38.043849 109 storage/store.go:2364  [n1,s1] sstables (read amplification = 2):
0 [ 159K 1 ]: 159K
6 [   7M 2 ]: 4M 3M
I200512 18:55:38.043927 109 storage/store.go:2365  [n1,s1] 
** Compaction Stats [default] **
Level    Files   Size     Score Read(GB)  Rn(GB) Rnp1(GB) Write(GB) Wnew(GB) Moved(GB) W-Amp Rd(MB/s) Wr(MB/s) Comp(sec) CompMergeCPU(sec) Comp(cnt) Avg(sec) KeyIn KeyDrop
----------------------------------------------------------------------------------------------------------------------------------------------------------------------------
  L0      1/0   158.93 KB   0.5      0.0     0.0      0.0       0.0      0.0       0.0   1.0      0.0      1.6      0.10              0.00         1    0.096       0      0
  L6      2/0    6.83 MB   0.0      0.0     0.0      0.0       0.0      0.0       0.0   0.0      0.0      0.0      0.00              0.00         0    0.000       0      0
 Sum      3/0    6.99 MB   0.0      0.0     0.0      0.0       0.0      0.0       0.0   1.0      0.0      1.6      0.10              0.00         1    0.096       0      0
 Int      0/0    0.00 KB   0.0      0.0     0.0      0.0       0.0      0.0       0.0   1.0      0.0      1.6      0.10              0.00         1    0.096       0      0

** Compaction Stats [default] **
Priority    Files   Size     Score Read(GB)  Rn(GB) Rnp1(GB) Write(GB) Wnew(GB) Moved(GB) W-Amp Rd(MB/s) Wr(MB/s) Comp(sec) CompMergeCPU(sec) Comp(cnt) Avg(sec) KeyIn KeyDrop
-------------------------------------------------------------------------------------------------------------------------------------------------------------------------------
User      0/0    0.00 KB   0.0      0.0     0.0      0.0       0.0      0.0       0.0   0.0      0.0      1.6      0.10              0.00         1    0.096       0      0
Uptime(secs): 20.5 total, 20.5 interval
Flush(GB): cumulative 0.000, interval 0.000
AddFile(GB): cumulative 0.000, interval 0.000
AddFile(Total Files): cumulative 0, interval 0
AddFile(L0 Files): cumulative 0, interval 0
AddFile(Keys): cumulative 0, interval 0
Cumulative compaction: 0.00 GB write, 0.01 MB/s write, 0.00 GB read, 0.00 MB/s read, 0.1 seconds
Interval compaction: 0.00 GB write, 0.01 MB/s write, 0.00 GB read, 0.00 MB/s read, 0.1 seconds
Stalls(count): 0 level0_slowdown, 0 level0_slowdown_with_compaction, 0 level0_numfiles, 0 level0_numfiles_with_compaction, 0 stop for pending_compaction_bytes, 0 slowdown for pending_compaction_bytes, 0 memtable_compaction, 0 memtable_slowdown, interval 0 total count
estimated_pending_compaction_bytes: 0 B
I200512 18:55:48.039253 130 server/status/runtime.go:498  [n1] runtime stats: 119 MiB RSS, 117 goroutines, 104 MiB/21 MiB/135 MiB GO alloc/idle/total, 15 MiB/18 MiB CGO alloc/total, 57.7 CGO/sec, 0.7/0.3 %(u/s)time, 0.0 %gc (0x), 562 B/426 B (r/w)net
I200512 18:55:58.039307 130 server/status/runtime.go:498  [n1] runtime stats: 128 MiB RSS, 118 goroutines, 112 MiB/13 MiB/135 MiB GO alloc/idle/total, 15 MiB/18 MiB CGO alloc/total, 57.5 CGO/sec, 0.5/0.2 %(u/s)time, 0.0 %gc (0x), 0 B/0 B (r/w)net
I200512 18:56:08.039438 130 server/status/runtime.go:498  [n1] runtime stats: 136 MiB RSS, 118 goroutines, 76 MiB/44 MiB/135 MiB GO alloc/idle/total, 15 MiB/18 MiB CGO alloc/total, 23.6 CGO/sec, 0.5/0.2 %(u/s)time, 0.0 %gc (1x), 0 B/0 B (r/w)net
I200512 18:56:18.035353 110 gossip/gossip.go:566  [n1] gossip status (ok, 1 node)
gossip client (0/3 cur/max conns)
gossip server (0/3 cur/max conns, infos 0/0 sent/received, bytes 0B/0B sent/received)
gossip connectivity
  n1 [sentinel];
I200512 18:56:18.039398 130 server/status/runtime.go:498  [n1] runtime stats: 137 MiB RSS, 118 goroutines, 83 MiB/38 MiB/135 MiB GO alloc/idle/total, 15 MiB/18 MiB CGO alloc/total, 29.4 CGO/sec, 0.4/0.1 %(u/s)time, 0.0 %gc (0x), 70 B/0 B (r/w)net
I200512 18:56:20.981525 1 cli/start.go:865  received signal 'terminated'
I200512 18:56:20.981846 1 cli/start.go:930  initiating graceful shutdown of server
I200512 18:56:21.005563 1146 util/stop/stopper.go:542  [server drain process] quiescing; tasks left:
1      [async] intent_resolver_ir_batcher
1      [async] intent_resolver_gc_batcher
1      [async] closedts-rangefeed-subscriber
W200512 18:56:21.008413 40 vendor/google.golang.org/grpc/clientconn.go:1206  grpc: addrConn.createTransport failed to connect to {fe01fe2ab942:26257 0  <nil>}. Err :connection error: desc = "transport: failed to write client preface: io: read/write on closed pipe". Reconnecting...
I200512 18:56:21.009312 1146 storage/engine/rocksdb.go:762  closing rocksdb instance at "/var/lib/cockroach/cockroach-temp435900353"
I200512 18:56:21.021441 1146 storage/engine/rocksdb.go:762  closing rocksdb instance at "/var/lib/cockroach"
I200512 18:56:21.029583 1 cli/start.go:976  server drained and shutdown completed
