I200512 18:56:29.758794 1 util/log/clog.go:1196  [config] file created at: 2020/05/12 18:56:29
I200512 18:56:29.758794 1 util/log/clog.go:1196  [config] running on machine: 994f000fb3fe
I200512 18:56:29.758794 1 util/log/clog.go:1196  [config] binary: CockroachDB CCL v19.2.5 (x86_64-unknown-linux-gnu, built 2020/03/16 18:27:12, go1.12.12)
I200512 18:56:29.758794 1 util/log/clog.go:1196  [config] arguments: [/cockroach/cockroach start --insecure --store=attrs=ssd,path=/var/lib/cockroach/]
I200512 18:56:29.758794 1 util/log/clog.go:1196  line format: [IWEF]yymmdd hh:mm:ss.uuuuuu goid file:line msg utf8=✓
I200512 18:56:29.758793 1 cli/start.go:1144  logging to directory /var/lib/cockroach/logs
W200512 18:56:29.778536 1 cli/start.go:1182  RUNNING IN INSECURE MODE!

- Your cluster is open for any client that can access <all your IP addresses>.
- Any user, even root, can log in without providing a password.
- Any user, connecting as root, can read or write any data in your cluster.
- There is no network encryption nor authentication, and thus no confidentiality.

Check out how to secure your cluster: https://www.cockroachlabs.com/docs/v19.2/secure-a-cluster.html
I200512 18:56:29.779122 1 server/status/recorder.go:597  available memory from cgroups (8.0 EiB) is unsupported, using system memory 1.9 GiB instead: 
W200512 18:56:29.779327 1 cli/start.go:1052  Using the default setting for --cache (128 MiB).
  A significantly larger value is usually needed for good performance.
  If you have a dedicated server a reasonable setting is --cache=.25 (497 MiB).
I200512 18:56:29.779728 1 server/status/recorder.go:597  available memory from cgroups (8.0 EiB) is unsupported, using system memory 1.9 GiB instead: 
W200512 18:56:29.779744 1 cli/start.go:1065  Using the default setting for --max-sql-memory (128 MiB).
  A significantly larger value is usually needed in production.
  If you have a dedicated server a reasonable setting is --max-sql-memory=.25 (497 MiB).
I200512 18:56:29.780009 1 server/status/recorder.go:597  available memory from cgroups (8.0 EiB) is unsupported, using system memory 1.9 GiB instead: 
I200512 18:56:29.780024 1 cli/start.go:1196  CockroachDB CCL v19.2.5 (x86_64-unknown-linux-gnu, built 2020/03/16 18:27:12, go1.12.12)
W200512 18:56:30.010845 1 cli/start.go:511  running 'cockroach start' without --join is deprecated.
Consider using 'cockroach start-single-node' or 'cockroach init' instead.
I200512 18:56:30.020220 1 server/status/recorder.go:597  available memory from cgroups (8.0 EiB) is unsupported, using system memory 1.9 GiB instead: 
I200512 18:56:30.020250 1 server/config.go:394  system total memory: 1.9 GiB
I200512 18:56:30.020275 1 server/config.go:396  server configuration:
max offset             500000000
cache size             128 MiB
SQL memory pool size   128 MiB
scan interval          10m0s
scan min idle time     10ms
scan max idle time     1s
event log enabled      true
I200512 18:56:30.020284 1 cli/start.go:1030  using local environment variables: COCKROACH_CHANNEL=official-docker
I200512 18:56:30.020292 1 cli/start.go:1037  process identity: uid 0 euid 0 gid 0 egid 0
I200512 18:56:30.020329 1 cli/start.go:644  starting cockroach node
I200512 18:56:30.031518 11 storage/engine/rocksdb.go:622  opening rocksdb instance at "/var/lib/cockroach/cockroach-temp460301030"
I200512 18:56:30.161103 11 server/server.go:928  [n?] monitoring forward clock jumps based on server.clock.forward_jump_check_enabled
I200512 18:56:30.162220 11 storage/engine/rocksdb.go:622  opening rocksdb instance at "/var/lib/cockroach"
I200512 18:56:30.275651 11 server/config.go:502  [n?] 1 storage engine initialized
I200512 18:56:30.275662 11 server/config.go:505  [n?] RocksDB cache size: 128 MiB
I200512 18:56:30.275667 11 server/config.go:505  [n?] store 0: RocksDB, max size 0 B, max open file limit 1043576
W200512 18:56:30.295564 11 cli/start.go:996  neither --listen-addr nor --advertise-addr was specified.
The server will advertise "994f000fb3fe" to other nodes, is this routable?

Consider using:
- for local-only servers:  --listen-addr=localhost
- for multi-node clusters: --advertise-addr=<host/IP addr>
I200512 18:56:30.296324 11 server/server.go:978  [n?] Sleeping till wall time 1589309790296311076 to catches up to 1589309790661072290 to ensure monotonicity. Delta: 364.761214ms
I200512 18:56:30.661561 11 gossip/gossip.go:394  [n1] NodeDescriptor set to node_id:1 address:<network_field:"tcp" address_field:"994f000fb3fe:26257" > attrs:<> locality:<> ServerVersion:<major_val:19 minor_val:2 patch:0 unstable:0 > build_tag:"v19.2.5" started_at:1589309790661465942 cluster_name:"" sql_address:<network_field:"tcp" address_field:"994f000fb3fe:26257" > 
W200512 18:56:30.693846 111 storage/replica_range_lease.go:554  can't determine lease status due to node liveness error: node not in the liveness table
github.com/cockroachdb/cockroach/pkg/storage.init.ializers
	/go/src/github.com/cockroachdb/cockroach/pkg/storage/node_liveness.go:44
runtime.main
	/usr/local/go/src/runtime/proc.go:188
runtime.goexit
	/usr/local/go/src/runtime/asm_amd64.s:1337
W200512 18:56:30.693868 111 storage/store.go:1530  [n1,s1,r6/1:/Table/{SystemCon…-11}] could not gossip system config: [NotLeaseHolderError] r6: replica (n1,s1):1 not lease holder; lease holder unknown
I200512 18:56:30.769290 11 server/node.go:431  [n1] initialized store [n1,s1]: disk (capacity=894 GiB, available=593 GiB, used=11 MiB, logicalBytes=55 MiB), ranges=38, leases=3, queries=0.00, writes=0.00, bytesPerReplica={p10=0.00 p25=0.00 p50=0.00 p75=17808.00 p90=103264.00 pMax=40783693.00}, writesPerReplica={p10=0.00 p25=0.00 p50=0.00 p75=0.00 p90=0.00 pMax=0.00}
I200512 18:56:30.769380 11 storage/stores.go:240  [n1] read 0 node addresses from persistent storage
I200512 18:56:30.769481 11 server/node.go:645  [n1] connecting to gossip network to verify cluster ID...
I200512 18:56:30.769495 11 server/node.go:665  [n1] node connected via gossip and verified as part of cluster "3d423bb5-5d67-4ebf-947b-999bec430444"
I200512 18:56:30.769567 11 server/node.go:512  [n1] node=1: started with [ssd=/var/lib/cockroach] engine(s) and attributes []
I200512 18:56:30.771201 11 server/server.go:1514  [n1] starting http server at [::]:8080 (use: 994f000fb3fe:8080)
I200512 18:56:30.771216 11 server/server.go:1521  [n1] starting grpc/postgres server at [::]:26257
I200512 18:56:30.771237 11 server/server.go:1522  [n1] advertising CockroachDB node at 994f000fb3fe:26257
I200512 18:56:30.780972 11 server/server.go:1590  [n1] done ensuring all necessary migrations have run
I200512 18:56:30.780999 11 server/server.go:1841  [n1] serving sql connections
I200512 18:56:30.781063 11 cli/start.go:803  [config] clusterID: 3d423bb5-5d67-4ebf-947b-999bec430444
I200512 18:56:30.781080 11 cli/start.go:812  node startup completed:
CockroachDB node starting at 2020-05-12 18:56:30.781014931 +0000 UTC (took 1.0s)
build:               CCL v19.2.5 @ 2020/03/16 18:27:12 (go1.12.12)
webui:               http://994f000fb3fe:8080
sql:                 postgresql://root@994f000fb3fe:26257?sslmode=disable
RPC client flags:    /cockroach/cockroach <client cmd> --host=994f000fb3fe:26257 --insecure
logs:                /var/lib/cockroach/logs
temp dir:            /var/lib/cockroach/cockroach-temp460301030
external I/O path:   /var/lib/cockroach/extern
store[0]:            path=/var/lib/cockroach,attrs=ssd
status:              restarted pre-existing node
clusterID:           3d423bb5-5d67-4ebf-947b-999bec430444
nodeID:              1
I200512 18:56:30.795187 245 server/server_update.go:53  [n1] no need to upgrade, cluster already at the newest version
I200512 18:56:30.803833 247 sql/event_log.go:130  [n1] Event: "node_restart", target: 1, info: {Descriptor:{NodeID:1 Address:994f000fb3fe:26257 Attrs: Locality: ServerVersion:19.2 BuildTag:v19.2.5 StartedAt:1589309790661465942 LocalityAddress:[] ClusterName: SQLAddress:994f000fb3fe:26257} ClusterID:3d423bb5-5d67-4ebf-947b-999bec430444 StartedAt:1589309790661465942 LastUp:1589309787209757161}
I200512 18:56:32.037548 249 server/updates.go:267  [n1] A new version is available: 20.1.0, details: https://www.cockroachlabs.com/docs/releases/v20.1.0.html
I200512 18:56:32.294185 84 gossip/gossip.go:1531  [n1] node has connected to cluster via gossip
I200512 18:56:32.294274 84 storage/stores.go:259  [n1] wrote 0 node addresses to persistent storage
I200512 18:56:40.778297 124 server/status/runtime.go:498  [n1] runtime stats: 119 MiB RSS, 117 goroutines, 103 MiB/21 MiB/135 MiB GO alloc/idle/total, 14 MiB/18 MiB CGO alloc/total, 0.0 CGO/sec, 0.0/0.0 %(u/s)time, 0.0 %gc (9x), 34 KiB/42 KiB (r/w)net
I200512 18:56:50.775396 119 storage/store.go:2364  [n1,s1] sstables (read amplification = 2):
0 [ 50K 1 ]: 50K
6 [  7M 2 ]: 4M 3M
I200512 18:56:50.775463 119 storage/store.go:2365  [n1,s1] 
** Compaction Stats [default] **
Level    Files   Size     Score Read(GB)  Rn(GB) Rnp1(GB) Write(GB) Wnew(GB) Moved(GB) W-Amp Rd(MB/s) Wr(MB/s) Comp(sec) CompMergeCPU(sec) Comp(cnt) Avg(sec) KeyIn KeyDrop
----------------------------------------------------------------------------------------------------------------------------------------------------------------------------
  L0      1/0   50.34 KB   0.5      0.0     0.0      0.0       0.0      0.0       0.0   1.0      0.0      1.1      0.05              0.00         1    0.047       0      0
  L6      2/0    6.93 MB   0.0      0.0     0.0      0.0       0.0      0.0       0.0   0.0      0.0      0.0      0.00              0.00         0    0.000       0      0
 Sum      3/0    6.98 MB   0.0      0.0     0.0      0.0       0.0      0.0       0.0   1.0      0.0      1.1      0.05              0.00         1    0.047       0      0
 Int      0/0    0.00 KB   0.0      0.0     0.0      0.0       0.0      0.0       0.0   1.0      0.0      1.1      0.05              0.00         1    0.047       0      0

** Compaction Stats [default] **
Priority    Files   Size     Score Read(GB)  Rn(GB) Rnp1(GB) Write(GB) Wnew(GB) Moved(GB) W-Amp Rd(MB/s) Wr(MB/s) Comp(sec) CompMergeCPU(sec) Comp(cnt) Avg(sec) KeyIn KeyDrop
-------------------------------------------------------------------------------------------------------------------------------------------------------------------------------
User      0/0    0.00 KB   0.0      0.0     0.0      0.0       0.0      0.0       0.0   0.0      0.0      1.1      0.05              0.00         1    0.047       0      0
Uptime(secs): 20.6 total, 20.6 interval
Flush(GB): cumulative 0.000, interval 0.000
AddFile(GB): cumulative 0.000, interval 0.000
AddFile(Total Files): cumulative 0, interval 0
AddFile(L0 Files): cumulative 0, interval 0
AddFile(Keys): cumulative 0, interval 0
Cumulative compaction: 0.00 GB write, 0.00 MB/s write, 0.00 GB read, 0.00 MB/s read, 0.0 seconds
Interval compaction: 0.00 GB write, 0.00 MB/s write, 0.00 GB read, 0.00 MB/s read, 0.0 seconds
Stalls(count): 0 level0_slowdown, 0 level0_slowdown_with_compaction, 0 level0_numfiles, 0 level0_numfiles_with_compaction, 0 stop for pending_compaction_bytes, 0 slowdown for pending_compaction_bytes, 0 memtable_compaction, 0 memtable_slowdown, interval 0 total count
estimated_pending_compaction_bytes: 0 B
I200512 18:56:50.778421 124 server/status/runtime.go:498  [n1] runtime stats: 130 MiB RSS, 117 goroutines, 112 MiB/13 MiB/135 MiB GO alloc/idle/total, 14 MiB/18 MiB CGO alloc/total, 58.4 CGO/sec, 0.5/0.3 %(u/s)time, 0.0 %gc (0x), 302 B/162 B (r/w)net
I200512 18:57:00.778482 124 server/status/runtime.go:498  [n1] runtime stats: 139 MiB RSS, 117 goroutines, 120 MiB/4.5 MiB/135 MiB GO alloc/idle/total, 14 MiB/18 MiB CGO alloc/total, 54.7 CGO/sec, 0.6/0.2 %(u/s)time, 0.0 %gc (0x), 70 B/0 B (r/w)net
I200512 18:57:08.723878 1 cli/start.go:865  received signal 'terminated'
I200512 18:57:08.724285 1 cli/start.go:930  initiating graceful shutdown of server
I200512 18:57:08.730270 961 util/stop/stopper.go:542  [server drain process] quiescing; tasks left:
1      [async] stats.Refresher: maybeRefreshStats
1      [async] intent_resolver_ir_batcher
1      [async] intent_resolver_gc_batcher
1      [async] closedts-rangefeed-subscriber
W200512 18:57:08.730511 62 vendor/google.golang.org/grpc/clientconn.go:1206  grpc: addrConn.createTransport failed to connect to {994f000fb3fe:26257 0  <nil>}. Err :connection error: desc = "transport: failed to write client preface: io: read/write on closed pipe". Reconnecting...
I200512 18:57:08.731139 961 storage/engine/rocksdb.go:762  closing rocksdb instance at "/var/lib/cockroach/cockroach-temp460301030"
I200512 18:57:08.743884 961 storage/engine/rocksdb.go:762  closing rocksdb instance at "/var/lib/cockroach"
I200512 18:57:08.752505 1 cli/start.go:976  server drained and shutdown completed
