I200520 23:53:26.611968 14 util/log/clog.go:1196  [config] file created at: 2020/05/20 23:53:26
I200520 23:53:26.611968 14 util/log/clog.go:1196  [config] running on machine: f57e128b0bad
I200520 23:53:26.611968 14 util/log/clog.go:1196  [config] binary: CockroachDB CCL v19.2.5 (x86_64-unknown-linux-gnu, built 2020/03/16 18:27:12, go1.12.12)
I200520 23:53:26.611968 14 util/log/clog.go:1196  [config] arguments: [/cockroach/cockroach start --insecure --store=attrs=ssd,path=/var/lib/cockroach/]
I200520 23:53:26.611968 14 util/log/clog.go:1196  line format: [IWEF]yymmdd hh:mm:ss.uuuuuu goid file:line msg utf8=✓
I200520 23:53:26.611967 14 storage/engine/rocksdb.go:120  RocksDB version: 6.2.1
I200520 23:53:26.618474 14 storage/engine/rocksdb.go:120  Git sha rocksdb_build_git_sha:@b7009236531fa784872f4823eabf393501e41bf2@
I200520 23:53:26.618478 14 storage/engine/rocksdb.go:120  Compile date Mar 16 2020
I200520 23:53:26.618482 14 storage/engine/rocksdb.go:120  DB SUMMARY
I200520 23:53:26.619563 14 storage/engine/rocksdb.go:120  SST files in /var/lib/cockroach/cockroach-temp139789905 dir, Total Num: 0, files: 
I200520 23:53:26.866069 14 storage/engine/rocksdb.go:120  Write Ahead Log file in /var/lib/cockroach/cockroach-temp139789905: 
I200520 23:53:26.866075 14 storage/engine/rocksdb.go:120                          Options.error_if_exists: 0
I200520 23:53:26.866078 14 storage/engine/rocksdb.go:120                        Options.create_if_missing: 1
I200520 23:53:26.866081 14 storage/engine/rocksdb.go:120                          Options.paranoid_checks: 1
I200520 23:53:26.866084 14 storage/engine/rocksdb.go:120                                      Options.env: 0x75757a0
I200520 23:53:26.866087 14 storage/engine/rocksdb.go:120                                 Options.info_log: 0x7fd7b9287fa0
I200520 23:53:26.866089 14 storage/engine/rocksdb.go:120                 Options.max_file_opening_threads: 16
I200520 23:53:26.866092 14 storage/engine/rocksdb.go:120                               Options.statistics: 0x7fd7b921d8d0
I200520 23:53:26.866095 14 storage/engine/rocksdb.go:120                                Options.use_fsync: 0
I200520 23:53:26.866098 14 storage/engine/rocksdb.go:120                        Options.max_log_file_size: 0
I200520 23:53:26.866101 14 storage/engine/rocksdb.go:120                   Options.max_manifest_file_size: 134217728
I200520 23:53:26.866103 14 storage/engine/rocksdb.go:120                    Options.log_file_time_to_roll: 0
I200520 23:53:26.866106 14 storage/engine/rocksdb.go:120                        Options.keep_log_file_num: 1000
I200520 23:53:26.866109 14 storage/engine/rocksdb.go:120                     Options.recycle_log_file_num: 1
I200520 23:53:26.866111 14 storage/engine/rocksdb.go:120                          Options.allow_fallocate: 1
I200520 23:53:26.866114 14 storage/engine/rocksdb.go:120                         Options.allow_mmap_reads: 0
I200520 23:53:26.866117 14 storage/engine/rocksdb.go:120                        Options.allow_mmap_writes: 0
I200520 23:53:26.866119 14 storage/engine/rocksdb.go:120                         Options.use_direct_reads: 0
I200520 23:53:26.866122 14 storage/engine/rocksdb.go:120                         Options.use_direct_io_for_flush_and_compaction: 0
I200520 23:53:26.866125 14 storage/engine/rocksdb.go:120           Options.create_missing_column_families: 0
I200520 23:53:26.866128 14 storage/engine/rocksdb.go:120                               Options.db_log_dir: 
I200520 23:53:26.866130 14 storage/engine/rocksdb.go:120                                  Options.wal_dir: /var/lib/cockroach/cockroach-temp139789905
I200520 23:53:26.866133 14 storage/engine/rocksdb.go:120                 Options.table_cache_numshardbits: 6
I200520 23:53:26.866136 14 storage/engine/rocksdb.go:120                       Options.max_subcompactions: 1
I200520 23:53:26.866138 14 storage/engine/rocksdb.go:120                   Options.max_background_flushes: -1
I200520 23:53:26.866141 14 storage/engine/rocksdb.go:120                          Options.WAL_ttl_seconds: 0
I200520 23:53:26.866143 14 storage/engine/rocksdb.go:120                        Options.WAL_size_limit_MB: 0
I200520 23:53:26.866146 14 storage/engine/rocksdb.go:120              Options.manifest_preallocation_size: 4194304
I200520 23:53:26.866149 14 storage/engine/rocksdb.go:120                      Options.is_fd_close_on_exec: 1
I200520 23:53:26.866151 14 storage/engine/rocksdb.go:120                    Options.advise_random_on_open: 1
I200520 23:53:26.866154 14 storage/engine/rocksdb.go:120                     Options.db_write_buffer_size: 0
I200520 23:53:26.866157 14 storage/engine/rocksdb.go:120                     Options.write_buffer_manager: 0x7fd7b9260d40
I200520 23:53:26.866159 14 storage/engine/rocksdb.go:120          Options.access_hint_on_compaction_start: 1
I200520 23:53:26.866173 14 storage/engine/rocksdb.go:120   Options.new_table_reader_for_compaction_inputs: 0
I200520 23:53:26.866180 14 storage/engine/rocksdb.go:120            Options.random_access_max_buffer_size: 1048576
I200520 23:53:26.866182 14 storage/engine/rocksdb.go:120                       Options.use_adaptive_mutex: 0
I200520 23:53:26.866185 14 storage/engine/rocksdb.go:120                             Options.rate_limiter: (nil)
I200520 23:53:26.866189 14 storage/engine/rocksdb.go:120      Options.sst_file_manager.rate_bytes_per_sec: 0
I200520 23:53:26.866191 14 storage/engine/rocksdb.go:120                        Options.wal_recovery_mode: 0
I200520 23:53:26.866194 14 storage/engine/rocksdb.go:120                   Options.enable_thread_tracking: 0
I200520 23:53:26.866200 14 storage/engine/rocksdb.go:120                   Options.enable_pipelined_write: 0
I200520 23:53:26.866203 14 storage/engine/rocksdb.go:120          Options.allow_concurrent_memtable_write: 1
I200520 23:53:26.866205 14 storage/engine/rocksdb.go:120       Options.enable_write_thread_adaptive_yield: 1
I200520 23:53:26.866208 14 storage/engine/rocksdb.go:120              Options.write_thread_max_yield_usec: 100
I200520 23:53:26.866211 14 storage/engine/rocksdb.go:120             Options.write_thread_slow_yield_usec: 3
I200520 23:53:26.866213 14 storage/engine/rocksdb.go:120                                Options.row_cache: None
I200520 23:53:26.866216 14 storage/engine/rocksdb.go:120                               Options.wal_filter: None
I200520 23:53:26.866218 14 storage/engine/rocksdb.go:120              Options.avoid_flush_during_recovery: 0
I200520 23:53:26.866221 14 storage/engine/rocksdb.go:120              Options.allow_ingest_behind: 0
I200520 23:53:26.866224 14 storage/engine/rocksdb.go:120              Options.preserve_deletes: 0
I200520 23:53:26.866226 14 storage/engine/rocksdb.go:120              Options.two_write_queues: 0
I200520 23:53:26.866229 14 storage/engine/rocksdb.go:120              Options.manual_wal_flush: 1
I200520 23:53:26.866231 14 storage/engine/rocksdb.go:120              Options.atomic_flush: 0
I200520 23:53:26.866234 14 storage/engine/rocksdb.go:120              Options.avoid_unnecessary_blocking_io: 0
I200520 23:53:26.866237 14 storage/engine/rocksdb.go:120              Options.max_background_jobs: 2
I200520 23:53:26.866239 14 storage/engine/rocksdb.go:120              Options.max_background_compactions: -1
I200520 23:53:26.866242 14 storage/engine/rocksdb.go:120              Options.avoid_flush_during_shutdown: 0
I200520 23:53:26.866244 14 storage/engine/rocksdb.go:120            Options.writable_file_max_buffer_size: 1048576
I200520 23:53:26.866247 14 storage/engine/rocksdb.go:120              Options.delayed_write_rate : 16777216
I200520 23:53:26.866250 14 storage/engine/rocksdb.go:120              Options.max_total_wal_size: 0
I200520 23:53:26.866252 14 storage/engine/rocksdb.go:120              Options.delete_obsolete_files_period_micros: 21600000000
I200520 23:53:26.866255 14 storage/engine/rocksdb.go:120                    Options.stats_dump_period_sec: 0
I200520 23:53:26.866258 14 storage/engine/rocksdb.go:120                  Options.stats_persist_period_sec: 600
I200520 23:53:26.866262 14 storage/engine/rocksdb.go:120                  Options.stats_history_buffer_size: 1048576
I200520 23:53:26.866265 14 storage/engine/rocksdb.go:120                           Options.max_open_files: 128
I200520 23:53:26.866267 14 storage/engine/rocksdb.go:120                           Options.bytes_per_sync: 524288
I200520 23:53:26.866270 14 storage/engine/rocksdb.go:120                       Options.wal_bytes_per_sync: 0
I200520 23:53:26.866273 14 storage/engine/rocksdb.go:120                    Options.strict_bytes_per_sync: 1
I200520 23:53:26.866275 14 storage/engine/rocksdb.go:120        Options.compaction_readahead_size: 0
I200520 23:53:26.866278 14 storage/engine/rocksdb.go:120  Compression algorithms supported:
I200520 23:53:26.866281 14 storage/engine/rocksdb.go:120  	kZSTDNotFinalCompression supported: 0
I200520 23:53:26.866284 14 storage/engine/rocksdb.go:120  	kZSTD supported: 0
I200520 23:53:26.866287 14 storage/engine/rocksdb.go:120  	kXpressCompression supported: 0
I200520 23:53:26.866290 14 storage/engine/rocksdb.go:120  	kLZ4HCCompression supported: 0
I200520 23:53:26.866293 14 storage/engine/rocksdb.go:120  	kLZ4Compression supported: 0
I200520 23:53:26.866295 14 storage/engine/rocksdb.go:120  	kBZip2Compression supported: 0
I200520 23:53:26.866298 14 storage/engine/rocksdb.go:120  	kZlibCompression supported: 0
I200520 23:53:26.866301 14 storage/engine/rocksdb.go:120  	kSnappyCompression supported: 1
I200520 23:53:26.866309 14 storage/engine/rocksdb.go:120  Fast CRC32 supported: Supported on x86
I200520 23:53:26.868417 14 storage/engine/rocksdb.go:120  [db/db_impl_open.cc:242] Creating manifest 1 
I200520 23:53:26.884585 14 storage/engine/rocksdb.go:120  [db/version_set.cc:4072] Recovering from manifest file: /var/lib/cockroach/cockroach-temp139789905/MANIFEST-000001
I200520 23:53:26.886148 14 storage/engine/rocksdb.go:120  [db/column_family.cc:488] --------------- Options for column family [default]:
I200520 23:53:26.886154 14 storage/engine/rocksdb.go:120                Options.comparator: cockroach_comparator
I200520 23:53:26.886157 14 storage/engine/rocksdb.go:120            Options.merge_operator: cockroach_merge_operator
I200520 23:53:26.886160 14 storage/engine/rocksdb.go:120         Options.compaction_filter: None
I200520 23:53:26.886163 14 storage/engine/rocksdb.go:120         Options.compaction_filter_factory: None
I200520 23:53:26.886180 14 storage/engine/rocksdb.go:120          Options.memtable_factory: SkipListFactory
I200520 23:53:26.886184 14 storage/engine/rocksdb.go:120             Options.table_factory: BlockBasedTable
I200520 23:53:26.886206 14 storage/engine/rocksdb.go:120             table_factory options:   flush_block_policy_factory: FlushBlockBySizePolicyFactory (0x7fd7b9224040)
  cache_index_and_filter_blocks: 0
  cache_index_and_filter_blocks_with_high_priority: 0
  pin_l0_filter_and_index_blocks_in_cache: 0
  pin_top_level_index_and_filter: 1
  index_type: 0
  data_block_index_type: 0
  index_shortening: 1
  data_block_hash_table_util_ratio: 0.750000
  hash_index_allow_collision: 1
  checksum: 1
  no_block_cache: 0
  block_cache: 0x7fd7b927a190
  block_cache_name: LRUCache
  block_cache_options:
    capacity : 1048576
    num_shard_bits : 4
    strict_capacity_limit : 0
    memory_allocator : None
    high_pri_pool_ratio: 0.000
  block_cache_compressed: (nil)
  persistent_cache: (nil)
  block_size: 32768
  block_size_deviation: 10
  block_restart_interval: 16
  index_block_restart_interval: 1
  metadata_block_size: 4096
  partition_filters: 0
  use_delta_encoding: 1
  filter_policy: rocksdb.BuiltinBloomFilter
  whole_key_filtering: 0
  verify_compression: 0
  read_amp_bytes_per_bit: 0
  format_version: 2
  enable_index_compression: 1
  block_align: 0
I200520 23:53:26.886211 14 storage/engine/rocksdb.go:120         Options.write_buffer_size: 67108864
I200520 23:53:26.886216 14 storage/engine/rocksdb.go:120   Options.max_write_buffer_number: 4
I200520 23:53:26.886218 14 storage/engine/rocksdb.go:120           Options.compression: Snappy
I200520 23:53:26.886221 14 storage/engine/rocksdb.go:120                   Options.bottommost_compression: Disabled
I200520 23:53:26.886224 14 storage/engine/rocksdb.go:120        Options.prefix_extractor: cockroach_prefix_extractor
I200520 23:53:26.886227 14 storage/engine/rocksdb.go:120    Options.memtable_insert_with_hint_prefix_extractor: nullptr
I200520 23:53:26.886229 14 storage/engine/rocksdb.go:120              Options.num_levels: 7
I200520 23:53:26.886232 14 storage/engine/rocksdb.go:120         Options.min_write_buffer_number_to_merge: 1
I200520 23:53:26.886235 14 storage/engine/rocksdb.go:120      Options.max_write_buffer_number_to_maintain: 0
I200520 23:53:26.886237 14 storage/engine/rocksdb.go:120             Options.bottommost_compression_opts.window_bits: -14
I200520 23:53:26.886240 14 storage/engine/rocksdb.go:120                   Options.bottommost_compression_opts.level: 32767
I200520 23:53:26.886243 14 storage/engine/rocksdb.go:120                Options.bottommost_compression_opts.strategy: 0
I200520 23:53:26.886245 14 storage/engine/rocksdb.go:120          Options.bottommost_compression_opts.max_dict_bytes: 0
I200520 23:53:26.886248 14 storage/engine/rocksdb.go:120          Options.bottommost_compression_opts.zstd_max_train_bytes: 0
I200520 23:53:26.886251 14 storage/engine/rocksdb.go:120                   Options.bottommost_compression_opts.enabled: false
I200520 23:53:26.886254 14 storage/engine/rocksdb.go:120             Options.compression_opts.window_bits: -14
I200520 23:53:26.886256 14 storage/engine/rocksdb.go:120                   Options.compression_opts.level: 32767
I200520 23:53:26.886259 14 storage/engine/rocksdb.go:120                Options.compression_opts.strategy: 0
I200520 23:53:26.886262 14 storage/engine/rocksdb.go:120          Options.compression_opts.max_dict_bytes: 0
I200520 23:53:26.886264 14 storage/engine/rocksdb.go:120          Options.compression_opts.zstd_max_train_bytes: 0
I200520 23:53:26.886270 14 storage/engine/rocksdb.go:120                   Options.compression_opts.enabled: false
I200520 23:53:26.886273 14 storage/engine/rocksdb.go:120       Options.level0_file_num_compaction_trigger: 2
I200520 23:53:26.886276 14 storage/engine/rocksdb.go:120           Options.level0_slowdown_writes_trigger: 950
I200520 23:53:26.886278 14 storage/engine/rocksdb.go:120               Options.level0_stop_writes_trigger: 1000
I200520 23:53:26.886281 14 storage/engine/rocksdb.go:120                    Options.target_file_size_base: 4194304
I200520 23:53:26.886284 14 storage/engine/rocksdb.go:120              Options.target_file_size_multiplier: 2
I200520 23:53:26.886286 14 storage/engine/rocksdb.go:120                 Options.max_bytes_for_level_base: 67108864
I200520 23:53:26.886289 14 storage/engine/rocksdb.go:120  Options.level_compaction_dynamic_level_bytes: 1
I200520 23:53:26.886292 14 storage/engine/rocksdb.go:120           Options.max_bytes_for_level_multiplier: 10.000000
I200520 23:53:26.886295 14 storage/engine/rocksdb.go:120  Options.max_bytes_for_level_multiplier_addtl[0]: 1
I200520 23:53:26.886298 14 storage/engine/rocksdb.go:120  Options.max_bytes_for_level_multiplier_addtl[1]: 1
I200520 23:53:26.886300 14 storage/engine/rocksdb.go:120  Options.max_bytes_for_level_multiplier_addtl[2]: 1
I200520 23:53:26.886303 14 storage/engine/rocksdb.go:120  Options.max_bytes_for_level_multiplier_addtl[3]: 1
I200520 23:53:26.886305 14 storage/engine/rocksdb.go:120  Options.max_bytes_for_level_multiplier_addtl[4]: 1
I200520 23:53:26.886308 14 storage/engine/rocksdb.go:120  Options.max_bytes_for_level_multiplier_addtl[5]: 1
I200520 23:53:26.886311 14 storage/engine/rocksdb.go:120  Options.max_bytes_for_level_multiplier_addtl[6]: 1
I200520 23:53:26.886313 14 storage/engine/rocksdb.go:120        Options.max_sequential_skip_in_iterations: 8
I200520 23:53:26.886316 14 storage/engine/rocksdb.go:120                     Options.max_compaction_bytes: 104857600
I200520 23:53:26.886319 14 storage/engine/rocksdb.go:120                         Options.arena_block_size: 8388608
I200520 23:53:26.886321 14 storage/engine/rocksdb.go:120    Options.soft_pending_compaction_bytes_limit: 2199023255552
I200520 23:53:26.886324 14 storage/engine/rocksdb.go:120    Options.hard_pending_compaction_bytes_limit: 4400193994752
I200520 23:53:26.886326 14 storage/engine/rocksdb.go:120        Options.rate_limit_delay_max_milliseconds: 100
I200520 23:53:26.886329 14 storage/engine/rocksdb.go:120                 Options.disable_auto_compactions: 0
I200520 23:53:26.886332 14 storage/engine/rocksdb.go:120                         Options.compaction_style: kCompactionStyleLevel
I200520 23:53:26.886336 14 storage/engine/rocksdb.go:120                           Options.compaction_pri: kMinOverlappingRatio
I200520 23:53:26.886338 14 storage/engine/rocksdb.go:120  Options.compaction_options_universal.size_ratio: 1
I200520 23:53:26.886341 14 storage/engine/rocksdb.go:120  Options.compaction_options_universal.min_merge_width: 2
I200520 23:53:26.886343 14 storage/engine/rocksdb.go:120  Options.compaction_options_universal.max_merge_width: 4294967295
I200520 23:53:26.886346 14 storage/engine/rocksdb.go:120  Options.compaction_options_universal.max_size_amplification_percent: 200
I200520 23:53:26.886349 14 storage/engine/rocksdb.go:120  Options.compaction_options_universal.compression_size_percent: -1
I200520 23:53:26.886352 14 storage/engine/rocksdb.go:120  Options.compaction_options_universal.stop_style: kCompactionStopStyleTotalSize
I200520 23:53:26.886354 14 storage/engine/rocksdb.go:120  Options.compaction_options_fifo.max_table_files_size: 1073741824
I200520 23:53:26.886357 14 storage/engine/rocksdb.go:120  Options.compaction_options_fifo.allow_compaction: 0
I200520 23:53:26.886361 14 storage/engine/rocksdb.go:120                    Options.table_properties_collectors: TimeBoundTblPropCollectorFactory; DeleteRangeTblPropCollectorFactory; 
I200520 23:53:26.886364 14 storage/engine/rocksdb.go:120                    Options.inplace_update_support: 0
I200520 23:53:26.886367 14 storage/engine/rocksdb.go:120                  Options.inplace_update_num_locks: 10000
I200520 23:53:26.886369 14 storage/engine/rocksdb.go:120                Options.memtable_prefix_bloom_size_ratio: 0.000000
I200520 23:53:26.886372 14 storage/engine/rocksdb.go:120                Options.memtable_whole_key_filtering: 0
I200520 23:53:26.886375 14 storage/engine/rocksdb.go:120    Options.memtable_huge_page_size: 0
I200520 23:53:26.886378 14 storage/engine/rocksdb.go:120                            Options.bloom_locality: 0
I200520 23:53:26.886380 14 storage/engine/rocksdb.go:120                     Options.max_successive_merges: 0
I200520 23:53:26.886383 14 storage/engine/rocksdb.go:120                 Options.optimize_filters_for_hits: 1
I200520 23:53:26.886386 14 storage/engine/rocksdb.go:120                 Options.paranoid_file_checks: 0
I200520 23:53:26.886388 14 storage/engine/rocksdb.go:120                 Options.force_consistency_checks: 0
I200520 23:53:26.886391 14 storage/engine/rocksdb.go:120                 Options.report_bg_io_stats: 0
I200520 23:53:26.886394 14 storage/engine/rocksdb.go:120                                Options.ttl: 0
I200520 23:53:26.886397 14 storage/engine/rocksdb.go:120           Options.periodic_compaction_seconds: 0
I200520 23:53:26.887378 14 storage/engine/rocksdb.go:120  [db/version_set.cc:4286] Recovered from manifest file:/var/lib/cockroach/cockroach-temp139789905/MANIFEST-000001 succeeded,manifest_file_number is 1, next_file_number is 3, last_sequence is 0, log_number is 0,prev_log_number is 0,max_column_family is 0,min_log_number_to_keep is 0
I200520 23:53:26.887386 14 storage/engine/rocksdb.go:120  [db/version_set.cc:4295] Column family [default] (ID 0), log number is 0
I200520 23:53:26.904592 14 storage/engine/rocksdb.go:120  DB pointer 0x7fd7b9358000
I200520 23:53:26.919354 14 storage/engine/rocksdb.go:120  RocksDB version: 6.2.1
I200520 23:53:26.919359 14 storage/engine/rocksdb.go:120  Git sha rocksdb_build_git_sha:@b7009236531fa784872f4823eabf393501e41bf2@
I200520 23:53:26.919362 14 storage/engine/rocksdb.go:120  Compile date Mar 16 2020
I200520 23:53:26.919365 14 storage/engine/rocksdb.go:120  DB SUMMARY
I200520 23:53:26.920358 14 storage/engine/rocksdb.go:120  CURRENT file:  CURRENT
I200520 23:53:26.920363 14 storage/engine/rocksdb.go:120  IDENTITY file:  IDENTITY
I200520 23:53:26.920698 14 storage/engine/rocksdb.go:120  MANIFEST file:  MANIFEST-001022 size: 2029 Bytes
I200520 23:53:26.920704 14 storage/engine/rocksdb.go:120  SST files in /var/lib/cockroach dir, Total Num: 6, files: 001026.sst 001027.sst 001028.sst 001029.sst 001030.sst 001031.sst 
I200520 23:53:26.920707 14 storage/engine/rocksdb.go:120  Write Ahead Log file in /var/lib/cockroach: 001023.log size: 942581 ; 
I200520 23:53:26.920710 14 storage/engine/rocksdb.go:120                          Options.error_if_exists: 0
I200520 23:53:26.920713 14 storage/engine/rocksdb.go:120                        Options.create_if_missing: 1
I200520 23:53:26.920716 14 storage/engine/rocksdb.go:120                          Options.paranoid_checks: 1
I200520 23:53:26.920719 14 storage/engine/rocksdb.go:120                                      Options.env: 0x75757a0
I200520 23:53:26.920721 14 storage/engine/rocksdb.go:120                                 Options.info_log: 0x7fd7b0827080
I200520 23:53:26.920724 14 storage/engine/rocksdb.go:120                 Options.max_file_opening_threads: 16
I200520 23:53:26.920727 14 storage/engine/rocksdb.go:120                               Options.statistics: 0x7fd7b082a010
I200520 23:53:26.920729 14 storage/engine/rocksdb.go:120                                Options.use_fsync: 0
I200520 23:53:26.920732 14 storage/engine/rocksdb.go:120                        Options.max_log_file_size: 0
I200520 23:53:26.920735 14 storage/engine/rocksdb.go:120                   Options.max_manifest_file_size: 134217728
I200520 23:53:26.920737 14 storage/engine/rocksdb.go:120                    Options.log_file_time_to_roll: 0
I200520 23:53:26.920740 14 storage/engine/rocksdb.go:120                        Options.keep_log_file_num: 1000
I200520 23:53:26.920743 14 storage/engine/rocksdb.go:120                     Options.recycle_log_file_num: 1
I200520 23:53:26.920746 14 storage/engine/rocksdb.go:120                          Options.allow_fallocate: 1
I200520 23:53:26.920749 14 storage/engine/rocksdb.go:120                         Options.allow_mmap_reads: 0
I200520 23:53:26.920751 14 storage/engine/rocksdb.go:120                        Options.allow_mmap_writes: 0
I200520 23:53:26.920754 14 storage/engine/rocksdb.go:120                         Options.use_direct_reads: 0
I200520 23:53:26.920757 14 storage/engine/rocksdb.go:120                         Options.use_direct_io_for_flush_and_compaction: 0
I200520 23:53:26.920760 14 storage/engine/rocksdb.go:120           Options.create_missing_column_families: 0
I200520 23:53:26.920762 14 storage/engine/rocksdb.go:120                               Options.db_log_dir: 
I200520 23:53:26.920765 14 storage/engine/rocksdb.go:120                                  Options.wal_dir: /var/lib/cockroach
I200520 23:53:26.920768 14 storage/engine/rocksdb.go:120                 Options.table_cache_numshardbits: 6
I200520 23:53:26.920770 14 storage/engine/rocksdb.go:120                       Options.max_subcompactions: 1
I200520 23:53:26.920773 14 storage/engine/rocksdb.go:120                   Options.max_background_flushes: -1
I200520 23:53:26.920776 14 storage/engine/rocksdb.go:120                          Options.WAL_ttl_seconds: 0
I200520 23:53:26.920778 14 storage/engine/rocksdb.go:120                        Options.WAL_size_limit_MB: 0
I200520 23:53:26.920781 14 storage/engine/rocksdb.go:120              Options.manifest_preallocation_size: 4194304
I200520 23:53:26.920784 14 storage/engine/rocksdb.go:120                      Options.is_fd_close_on_exec: 1
I200520 23:53:26.920787 14 storage/engine/rocksdb.go:120                    Options.advise_random_on_open: 1
I200520 23:53:26.920789 14 storage/engine/rocksdb.go:120                     Options.db_write_buffer_size: 0
I200520 23:53:26.920792 14 storage/engine/rocksdb.go:120                     Options.write_buffer_manager: 0x7fd7b0819060
I200520 23:53:26.920795 14 storage/engine/rocksdb.go:120          Options.access_hint_on_compaction_start: 1
I200520 23:53:26.920798 14 storage/engine/rocksdb.go:120   Options.new_table_reader_for_compaction_inputs: 0
I200520 23:53:26.920800 14 storage/engine/rocksdb.go:120            Options.random_access_max_buffer_size: 1048576
I200520 23:53:26.920803 14 storage/engine/rocksdb.go:120                       Options.use_adaptive_mutex: 0
I200520 23:53:26.920806 14 storage/engine/rocksdb.go:120                             Options.rate_limiter: (nil)
I200520 23:53:26.920809 14 storage/engine/rocksdb.go:120      Options.sst_file_manager.rate_bytes_per_sec: 0
I200520 23:53:26.920812 14 storage/engine/rocksdb.go:120                        Options.wal_recovery_mode: 0
I200520 23:53:26.920814 14 storage/engine/rocksdb.go:120                   Options.enable_thread_tracking: 0
I200520 23:53:26.920817 14 storage/engine/rocksdb.go:120                   Options.enable_pipelined_write: 0
I200520 23:53:26.920820 14 storage/engine/rocksdb.go:120          Options.allow_concurrent_memtable_write: 1
I200520 23:53:26.920823 14 storage/engine/rocksdb.go:120       Options.enable_write_thread_adaptive_yield: 1
I200520 23:53:26.920826 14 storage/engine/rocksdb.go:120              Options.write_thread_max_yield_usec: 100
I200520 23:53:26.920828 14 storage/engine/rocksdb.go:120             Options.write_thread_slow_yield_usec: 3
I200520 23:53:26.920831 14 storage/engine/rocksdb.go:120                                Options.row_cache: None
I200520 23:53:26.920834 14 storage/engine/rocksdb.go:120                               Options.wal_filter: None
I200520 23:53:26.920836 14 storage/engine/rocksdb.go:120              Options.avoid_flush_during_recovery: 0
I200520 23:53:26.920839 14 storage/engine/rocksdb.go:120              Options.allow_ingest_behind: 0
I200520 23:53:26.920842 14 storage/engine/rocksdb.go:120              Options.preserve_deletes: 0
I200520 23:53:26.920844 14 storage/engine/rocksdb.go:120              Options.two_write_queues: 0
I200520 23:53:26.920847 14 storage/engine/rocksdb.go:120              Options.manual_wal_flush: 1
I200520 23:53:26.920850 14 storage/engine/rocksdb.go:120              Options.atomic_flush: 0
I200520 23:53:26.920852 14 storage/engine/rocksdb.go:120              Options.avoid_unnecessary_blocking_io: 0
I200520 23:53:26.920855 14 storage/engine/rocksdb.go:120              Options.max_background_jobs: 2
I200520 23:53:26.920857 14 storage/engine/rocksdb.go:120              Options.max_background_compactions: -1
I200520 23:53:26.920860 14 storage/engine/rocksdb.go:120              Options.avoid_flush_during_shutdown: 0
I200520 23:53:26.920863 14 storage/engine/rocksdb.go:120            Options.writable_file_max_buffer_size: 1048576
I200520 23:53:26.920865 14 storage/engine/rocksdb.go:120              Options.delayed_write_rate : 16777216
I200520 23:53:26.920868 14 storage/engine/rocksdb.go:120              Options.max_total_wal_size: 0
I200520 23:53:26.920871 14 storage/engine/rocksdb.go:120              Options.delete_obsolete_files_period_micros: 21600000000
I200520 23:53:26.920873 14 storage/engine/rocksdb.go:120                    Options.stats_dump_period_sec: 0
I200520 23:53:26.920876 14 storage/engine/rocksdb.go:120                  Options.stats_persist_period_sec: 600
I200520 23:53:26.920879 14 storage/engine/rocksdb.go:120                  Options.stats_history_buffer_size: 1048576
I200520 23:53:26.920881 14 storage/engine/rocksdb.go:120                           Options.max_open_files: 1043576
I200520 23:53:26.920884 14 storage/engine/rocksdb.go:120                           Options.bytes_per_sync: 524288
I200520 23:53:26.920886 14 storage/engine/rocksdb.go:120                       Options.wal_bytes_per_sync: 0
I200520 23:53:26.920889 14 storage/engine/rocksdb.go:120                    Options.strict_bytes_per_sync: 1
I200520 23:53:26.920892 14 storage/engine/rocksdb.go:120        Options.compaction_readahead_size: 0
I200520 23:53:26.920894 14 storage/engine/rocksdb.go:120  Compression algorithms supported:
I200520 23:53:26.920897 14 storage/engine/rocksdb.go:120  	kZSTDNotFinalCompression supported: 0
I200520 23:53:26.920900 14 storage/engine/rocksdb.go:120  	kZSTD supported: 0
I200520 23:53:26.920905 14 storage/engine/rocksdb.go:120  	kXpressCompression supported: 0
I200520 23:53:26.920908 14 storage/engine/rocksdb.go:120  	kLZ4HCCompression supported: 0
I200520 23:53:26.920910 14 storage/engine/rocksdb.go:120  	kLZ4Compression supported: 0
I200520 23:53:26.920913 14 storage/engine/rocksdb.go:120  	kBZip2Compression supported: 0
I200520 23:53:26.920916 14 storage/engine/rocksdb.go:120  	kZlibCompression supported: 0
I200520 23:53:26.920919 14 storage/engine/rocksdb.go:120  	kSnappyCompression supported: 1
I200520 23:53:26.920924 14 storage/engine/rocksdb.go:120  Fast CRC32 supported: Supported on x86
I200520 23:53:26.922936 14 storage/engine/rocksdb.go:120  [db/version_set.cc:4072] Recovering from manifest file: /var/lib/cockroach/MANIFEST-001022
I200520 23:53:26.923334 14 storage/engine/rocksdb.go:120  [db/column_family.cc:488] --------------- Options for column family [default]:
I200520 23:53:26.923338 14 storage/engine/rocksdb.go:120                Options.comparator: cockroach_comparator
I200520 23:53:26.923341 14 storage/engine/rocksdb.go:120            Options.merge_operator: cockroach_merge_operator
I200520 23:53:26.923344 14 storage/engine/rocksdb.go:120         Options.compaction_filter: None
I200520 23:53:26.923347 14 storage/engine/rocksdb.go:120         Options.compaction_filter_factory: None
I200520 23:53:26.923350 14 storage/engine/rocksdb.go:120          Options.memtable_factory: SkipListFactory
I200520 23:53:26.923352 14 storage/engine/rocksdb.go:120             Options.table_factory: BlockBasedTable
I200520 23:53:26.923371 14 storage/engine/rocksdb.go:120             table_factory options:   flush_block_policy_factory: FlushBlockBySizePolicyFactory (0x7fd7b0828028)
  cache_index_and_filter_blocks: 0
  cache_index_and_filter_blocks_with_high_priority: 0
  pin_l0_filter_and_index_blocks_in_cache: 0
  pin_top_level_index_and_filter: 1
  index_type: 0
  data_block_index_type: 0
  index_shortening: 1
  data_block_hash_table_util_ratio: 0.750000
  hash_index_allow_collision: 1
  checksum: 1
  no_block_cache: 0
  block_cache: 0x7fd7b081c010
  block_cache_name: LRUCache
  block_cache_options:
    capacity : 67108864
    num_shard_bits : 4
    strict_capacity_limit : 0
    memory_allocator : None
    high_pri_pool_ratio: 0.000
  block_cache_compressed: (nil)
  persistent_cache: (nil)
  block_size: 32768
  block_size_deviation: 10
  block_restart_interval: 16
  index_block_restart_interval: 1
  metadata_block_size: 4096
  partition_filters: 0
  use_delta_encoding: 1
  filter_policy: rocksdb.BuiltinBloomFilter
  whole_key_filtering: 0
  verify_compression: 0
  read_amp_bytes_per_bit: 0
  format_version: 2
  enable_index_compression: 1
  block_align: 0
I200520 23:53:26.923375 14 storage/engine/rocksdb.go:120         Options.write_buffer_size: 67108864
I200520 23:53:26.923379 14 storage/engine/rocksdb.go:120   Options.max_write_buffer_number: 4
I200520 23:53:26.923382 14 storage/engine/rocksdb.go:120           Options.compression: Snappy
I200520 23:53:26.923384 14 storage/engine/rocksdb.go:120                   Options.bottommost_compression: Disabled
I200520 23:53:26.923387 14 storage/engine/rocksdb.go:120        Options.prefix_extractor: cockroach_prefix_extractor
I200520 23:53:26.923390 14 storage/engine/rocksdb.go:120    Options.memtable_insert_with_hint_prefix_extractor: nullptr
I200520 23:53:26.923393 14 storage/engine/rocksdb.go:120              Options.num_levels: 7
I200520 23:53:26.923396 14 storage/engine/rocksdb.go:120         Options.min_write_buffer_number_to_merge: 1
I200520 23:53:26.923398 14 storage/engine/rocksdb.go:120      Options.max_write_buffer_number_to_maintain: 0
I200520 23:53:26.923401 14 storage/engine/rocksdb.go:120             Options.bottommost_compression_opts.window_bits: -14
I200520 23:53:26.923404 14 storage/engine/rocksdb.go:120                   Options.bottommost_compression_opts.level: 32767
I200520 23:53:26.923406 14 storage/engine/rocksdb.go:120                Options.bottommost_compression_opts.strategy: 0
I200520 23:53:26.923409 14 storage/engine/rocksdb.go:120          Options.bottommost_compression_opts.max_dict_bytes: 0
I200520 23:53:26.923412 14 storage/engine/rocksdb.go:120          Options.bottommost_compression_opts.zstd_max_train_bytes: 0
I200520 23:53:26.923414 14 storage/engine/rocksdb.go:120                   Options.bottommost_compression_opts.enabled: false
I200520 23:53:26.923417 14 storage/engine/rocksdb.go:120             Options.compression_opts.window_bits: -14
I200520 23:53:26.923420 14 storage/engine/rocksdb.go:120                   Options.compression_opts.level: 32767
I200520 23:53:26.923422 14 storage/engine/rocksdb.go:120                Options.compression_opts.strategy: 0
I200520 23:53:26.923425 14 storage/engine/rocksdb.go:120          Options.compression_opts.max_dict_bytes: 0
I200520 23:53:26.923428 14 storage/engine/rocksdb.go:120          Options.compression_opts.zstd_max_train_bytes: 0
I200520 23:53:26.923430 14 storage/engine/rocksdb.go:120                   Options.compression_opts.enabled: false
I200520 23:53:26.923433 14 storage/engine/rocksdb.go:120       Options.level0_file_num_compaction_trigger: 2
I200520 23:53:26.923436 14 storage/engine/rocksdb.go:120           Options.level0_slowdown_writes_trigger: 950
I200520 23:53:26.923438 14 storage/engine/rocksdb.go:120               Options.level0_stop_writes_trigger: 1000
I200520 23:53:26.923441 14 storage/engine/rocksdb.go:120                    Options.target_file_size_base: 4194304
I200520 23:53:26.923444 14 storage/engine/rocksdb.go:120              Options.target_file_size_multiplier: 2
I200520 23:53:26.923446 14 storage/engine/rocksdb.go:120                 Options.max_bytes_for_level_base: 67108864
I200520 23:53:26.923449 14 storage/engine/rocksdb.go:120  Options.level_compaction_dynamic_level_bytes: 1
I200520 23:53:26.923452 14 storage/engine/rocksdb.go:120           Options.max_bytes_for_level_multiplier: 10.000000
I200520 23:53:26.923455 14 storage/engine/rocksdb.go:120  Options.max_bytes_for_level_multiplier_addtl[0]: 1
I200520 23:53:26.923459 14 storage/engine/rocksdb.go:120  Options.max_bytes_for_level_multiplier_addtl[1]: 1
I200520 23:53:26.923462 14 storage/engine/rocksdb.go:120  Options.max_bytes_for_level_multiplier_addtl[2]: 1
I200520 23:53:26.923465 14 storage/engine/rocksdb.go:120  Options.max_bytes_for_level_multiplier_addtl[3]: 1
I200520 23:53:26.923468 14 storage/engine/rocksdb.go:120  Options.max_bytes_for_level_multiplier_addtl[4]: 1
I200520 23:53:26.923470 14 storage/engine/rocksdb.go:120  Options.max_bytes_for_level_multiplier_addtl[5]: 1
I200520 23:53:26.923473 14 storage/engine/rocksdb.go:120  Options.max_bytes_for_level_multiplier_addtl[6]: 1
I200520 23:53:26.923476 14 storage/engine/rocksdb.go:120        Options.max_sequential_skip_in_iterations: 8
I200520 23:53:26.923478 14 storage/engine/rocksdb.go:120                     Options.max_compaction_bytes: 104857600
I200520 23:53:26.923481 14 storage/engine/rocksdb.go:120                         Options.arena_block_size: 8388608
I200520 23:53:26.923484 14 storage/engine/rocksdb.go:120    Options.soft_pending_compaction_bytes_limit: 2199023255552
I200520 23:53:26.923486 14 storage/engine/rocksdb.go:120    Options.hard_pending_compaction_bytes_limit: 4400193994752
I200520 23:53:26.923489 14 storage/engine/rocksdb.go:120        Options.rate_limit_delay_max_milliseconds: 100
I200520 23:53:26.923492 14 storage/engine/rocksdb.go:120                 Options.disable_auto_compactions: 0
I200520 23:53:26.923495 14 storage/engine/rocksdb.go:120                         Options.compaction_style: kCompactionStyleLevel
I200520 23:53:26.923498 14 storage/engine/rocksdb.go:120                           Options.compaction_pri: kMinOverlappingRatio
I200520 23:53:26.923501 14 storage/engine/rocksdb.go:120  Options.compaction_options_universal.size_ratio: 1
I200520 23:53:26.923503 14 storage/engine/rocksdb.go:120  Options.compaction_options_universal.min_merge_width: 2
I200520 23:53:26.923506 14 storage/engine/rocksdb.go:120  Options.compaction_options_universal.max_merge_width: 4294967295
I200520 23:53:26.923509 14 storage/engine/rocksdb.go:120  Options.compaction_options_universal.max_size_amplification_percent: 200
I200520 23:53:26.923511 14 storage/engine/rocksdb.go:120  Options.compaction_options_universal.compression_size_percent: -1
I200520 23:53:26.923514 14 storage/engine/rocksdb.go:120  Options.compaction_options_universal.stop_style: kCompactionStopStyleTotalSize
I200520 23:53:26.923517 14 storage/engine/rocksdb.go:120  Options.compaction_options_fifo.max_table_files_size: 1073741824
I200520 23:53:26.923520 14 storage/engine/rocksdb.go:120  Options.compaction_options_fifo.allow_compaction: 0
I200520 23:53:26.923523 14 storage/engine/rocksdb.go:120                    Options.table_properties_collectors: TimeBoundTblPropCollectorFactory; DeleteRangeTblPropCollectorFactory; 
I200520 23:53:26.923526 14 storage/engine/rocksdb.go:120                    Options.inplace_update_support: 0
I200520 23:53:26.923529 14 storage/engine/rocksdb.go:120                  Options.inplace_update_num_locks: 10000
I200520 23:53:26.923532 14 storage/engine/rocksdb.go:120                Options.memtable_prefix_bloom_size_ratio: 0.000000
I200520 23:53:26.923535 14 storage/engine/rocksdb.go:120                Options.memtable_whole_key_filtering: 0
I200520 23:53:26.923537 14 storage/engine/rocksdb.go:120    Options.memtable_huge_page_size: 0
I200520 23:53:26.923540 14 storage/engine/rocksdb.go:120                            Options.bloom_locality: 0
I200520 23:53:26.923543 14 storage/engine/rocksdb.go:120                     Options.max_successive_merges: 0
I200520 23:53:26.923545 14 storage/engine/rocksdb.go:120                 Options.optimize_filters_for_hits: 1
I200520 23:53:26.923548 14 storage/engine/rocksdb.go:120                 Options.paranoid_file_checks: 0
I200520 23:53:26.923551 14 storage/engine/rocksdb.go:120                 Options.force_consistency_checks: 0
I200520 23:53:26.923553 14 storage/engine/rocksdb.go:120                 Options.report_bg_io_stats: 0
I200520 23:53:26.923556 14 storage/engine/rocksdb.go:120                                Options.ttl: 0
I200520 23:53:26.923559 14 storage/engine/rocksdb.go:120           Options.periodic_compaction_seconds: 0
I200520 23:53:26.928421 14 storage/engine/rocksdb.go:120  [db/version_set.cc:4286] Recovered from manifest file:/var/lib/cockroach/MANIFEST-001022 succeeded,manifest_file_number is 1022, next_file_number is 1033, last_sequence is 19229703, log_number is 1021,prev_log_number is 0,max_column_family is 0,min_log_number_to_keep is 0
I200520 23:53:26.928429 14 storage/engine/rocksdb.go:120  [db/version_set.cc:4295] Column family [default] (ID 0), log number is 1021
I200520 23:53:26.930903 14 storage/engine/rocksdb.go:120  EVENT_LOG_v1 {"time_micros": 1590018806930887, "job": 1, "event": "recovery_started", "log_files": [1023]}
I200520 23:53:26.930911 14 storage/engine/rocksdb.go:120  [db/db_impl_open.cc:598] Recovering log #1023 mode 0
I200520 23:53:26.952999 14 storage/engine/rocksdb.go:120  EVENT_LOG_v1 {"time_micros": 1590018806952928, "cf_name": "default", "job": 1, "event": "table_file_creation", "file_number": 1033, "file_size": 84706, "table_properties": {"data_size": 81757, "index_size": 488, "index_partitions": 0, "top_level_index_size": 0, "index_key_is_user_key": 0, "index_value_is_delta_encoded": 0, "filter_size": 1605, "raw_key_size": 53338, "raw_average_key_size": 40, "raw_value_size": 339242, "raw_average_value_size": 257, "num_data_blocks": 11, "num_entries": 1319, "num_deletions": 218, "num_merge_operands": 664, "num_range_deletions": 664, "format_version": 0, "fixed_key_len": 0, "filter_policy": "rocksdb.BuiltinBloomFilter", "column_family_name": "default", "column_family_id": 0, "comparator": "cockroach_comparator", "merge_operator": "cockroach_merge_operator", "prefix_extractor_name": "cockroach_prefix_extractor", "property_collectors": "[TimeBoundTblPropCollectorFactory,DeleteRangeTblPropCollectorFactory]", "compression": "Snappy", "compression_options": "window_bits=-14; level=32767; strategy=0; max_dict_bytes=0; zstd_max_train_bytes=0; enabled=0; ", "creation_time": 1590018806, "oldest_key_time": 3, "file_creation_time": 0}}
I200520 23:53:26.953230 14 storage/engine/rocksdb.go:120  [db/version_set.cc:3560] Creating manifest 1034
I200520 23:53:26.965348 14 storage/engine/rocksdb.go:120  EVENT_LOG_v1 {"time_micros": 1590018806965297, "job": 1, "event": "recovery_finished"}
I200520 23:53:26.994484 14 storage/engine/rocksdb.go:120  DB pointer 0x7fd7b08a1000
I200520 23:53:55.250073 906 storage/engine/rocksdb.go:120  bloom filter utility:    -nan%
I200520 23:53:55.250287 906 storage/engine/rocksdb.go:120  [db/db_impl.cc:392] Shutdown: canceling all background work
I200520 23:53:55.252337 906 storage/engine/rocksdb.go:120  [db/db_impl.cc:565] Shutdown complete
I200520 23:53:55.262814 906 storage/engine/rocksdb.go:120  bloom filter utility:    65.7%
I200520 23:53:55.263048 906 storage/engine/rocksdb.go:120  [db/db_impl.cc:392] Shutdown: canceling all background work
I200520 23:53:55.270202 906 storage/engine/rocksdb.go:120  [db/db_impl.cc:565] Shutdown complete
