I200514 23:04:20.309305 14 util/log/clog.go:1196  [config] file created at: 2020/05/14 23:04:20
I200514 23:04:20.309305 14 util/log/clog.go:1196  [config] running on machine: a82867c70f4a
I200514 23:04:20.309305 14 util/log/clog.go:1196  [config] binary: CockroachDB CCL v19.2.5 (x86_64-unknown-linux-gnu, built 2020/03/16 18:27:12, go1.12.12)
I200514 23:04:20.309305 14 util/log/clog.go:1196  [config] arguments: [/cockroach/cockroach start --insecure --store=attrs=ssd,path=/var/lib/cockroach/]
I200514 23:04:20.309305 14 util/log/clog.go:1196  line format: [IWEF]yymmdd hh:mm:ss.uuuuuu goid file:line msg utf8=✓
I200514 23:04:20.309304 14 storage/engine/rocksdb.go:120  RocksDB version: 6.2.1
I200514 23:04:20.316612 14 storage/engine/rocksdb.go:120  Git sha rocksdb_build_git_sha:@b7009236531fa784872f4823eabf393501e41bf2@
I200514 23:04:20.316631 14 storage/engine/rocksdb.go:120  Compile date Mar 16 2020
I200514 23:04:20.316637 14 storage/engine/rocksdb.go:120  DB SUMMARY
I200514 23:04:20.318348 14 storage/engine/rocksdb.go:120  SST files in /var/lib/cockroach/cockroach-temp774133273 dir, Total Num: 0, files: 
I200514 23:04:20.596273 14 storage/engine/rocksdb.go:120  Write Ahead Log file in /var/lib/cockroach/cockroach-temp774133273: 
I200514 23:04:20.596279 14 storage/engine/rocksdb.go:120                          Options.error_if_exists: 0
I200514 23:04:20.596283 14 storage/engine/rocksdb.go:120                        Options.create_if_missing: 1
I200514 23:04:20.596286 14 storage/engine/rocksdb.go:120                          Options.paranoid_checks: 1
I200514 23:04:20.596289 14 storage/engine/rocksdb.go:120                                      Options.env: 0x75757a0
I200514 23:04:20.596292 14 storage/engine/rocksdb.go:120                                 Options.info_log: 0x7f80294270e0
I200514 23:04:20.596295 14 storage/engine/rocksdb.go:120                 Options.max_file_opening_threads: 16
I200514 23:04:20.596298 14 storage/engine/rocksdb.go:120                               Options.statistics: 0x7f8029434010
I200514 23:04:20.596302 14 storage/engine/rocksdb.go:120                                Options.use_fsync: 0
I200514 23:04:20.596306 14 storage/engine/rocksdb.go:120                        Options.max_log_file_size: 0
I200514 23:04:20.596309 14 storage/engine/rocksdb.go:120                   Options.max_manifest_file_size: 134217728
I200514 23:04:20.596311 14 storage/engine/rocksdb.go:120                    Options.log_file_time_to_roll: 0
I200514 23:04:20.596314 14 storage/engine/rocksdb.go:120                        Options.keep_log_file_num: 1000
I200514 23:04:20.596318 14 storage/engine/rocksdb.go:120                     Options.recycle_log_file_num: 1
I200514 23:04:20.596321 14 storage/engine/rocksdb.go:120                          Options.allow_fallocate: 1
I200514 23:04:20.596324 14 storage/engine/rocksdb.go:120                         Options.allow_mmap_reads: 0
I200514 23:04:20.596328 14 storage/engine/rocksdb.go:120                        Options.allow_mmap_writes: 0
I200514 23:04:20.596331 14 storage/engine/rocksdb.go:120                         Options.use_direct_reads: 0
I200514 23:04:20.596334 14 storage/engine/rocksdb.go:120                         Options.use_direct_io_for_flush_and_compaction: 0
I200514 23:04:20.596337 14 storage/engine/rocksdb.go:120           Options.create_missing_column_families: 0
I200514 23:04:20.596340 14 storage/engine/rocksdb.go:120                               Options.db_log_dir: 
I200514 23:04:20.596344 14 storage/engine/rocksdb.go:120                                  Options.wal_dir: /var/lib/cockroach/cockroach-temp774133273
I200514 23:04:20.596350 14 storage/engine/rocksdb.go:120                 Options.table_cache_numshardbits: 6
I200514 23:04:20.596356 14 storage/engine/rocksdb.go:120                       Options.max_subcompactions: 1
I200514 23:04:20.596360 14 storage/engine/rocksdb.go:120                   Options.max_background_flushes: -1
I200514 23:04:20.596365 14 storage/engine/rocksdb.go:120                          Options.WAL_ttl_seconds: 0
I200514 23:04:20.596368 14 storage/engine/rocksdb.go:120                        Options.WAL_size_limit_MB: 0
I200514 23:04:20.596371 14 storage/engine/rocksdb.go:120              Options.manifest_preallocation_size: 4194304
I200514 23:04:20.596375 14 storage/engine/rocksdb.go:120                      Options.is_fd_close_on_exec: 1
I200514 23:04:20.596378 14 storage/engine/rocksdb.go:120                    Options.advise_random_on_open: 1
I200514 23:04:20.596382 14 storage/engine/rocksdb.go:120                     Options.db_write_buffer_size: 0
I200514 23:04:20.596385 14 storage/engine/rocksdb.go:120                     Options.write_buffer_manager: 0x7f80294190f0
I200514 23:04:20.596389 14 storage/engine/rocksdb.go:120          Options.access_hint_on_compaction_start: 1
I200514 23:04:20.596393 14 storage/engine/rocksdb.go:120   Options.new_table_reader_for_compaction_inputs: 0
I200514 23:04:20.596396 14 storage/engine/rocksdb.go:120            Options.random_access_max_buffer_size: 1048576
I200514 23:04:20.596400 14 storage/engine/rocksdb.go:120                       Options.use_adaptive_mutex: 0
I200514 23:04:20.596404 14 storage/engine/rocksdb.go:120                             Options.rate_limiter: (nil)
I200514 23:04:20.596408 14 storage/engine/rocksdb.go:120      Options.sst_file_manager.rate_bytes_per_sec: 0
I200514 23:04:20.596412 14 storage/engine/rocksdb.go:120                        Options.wal_recovery_mode: 0
I200514 23:04:20.596415 14 storage/engine/rocksdb.go:120                   Options.enable_thread_tracking: 0
I200514 23:04:20.596419 14 storage/engine/rocksdb.go:120                   Options.enable_pipelined_write: 0
I200514 23:04:20.596422 14 storage/engine/rocksdb.go:120          Options.allow_concurrent_memtable_write: 1
I200514 23:04:20.596426 14 storage/engine/rocksdb.go:120       Options.enable_write_thread_adaptive_yield: 1
I200514 23:04:20.596429 14 storage/engine/rocksdb.go:120              Options.write_thread_max_yield_usec: 100
I200514 23:04:20.596433 14 storage/engine/rocksdb.go:120             Options.write_thread_slow_yield_usec: 3
I200514 23:04:20.596436 14 storage/engine/rocksdb.go:120                                Options.row_cache: None
I200514 23:04:20.596439 14 storage/engine/rocksdb.go:120                               Options.wal_filter: None
I200514 23:04:20.596442 14 storage/engine/rocksdb.go:120              Options.avoid_flush_during_recovery: 0
I200514 23:04:20.596446 14 storage/engine/rocksdb.go:120              Options.allow_ingest_behind: 0
I200514 23:04:20.596450 14 storage/engine/rocksdb.go:120              Options.preserve_deletes: 0
I200514 23:04:20.596454 14 storage/engine/rocksdb.go:120              Options.two_write_queues: 0
I200514 23:04:20.596457 14 storage/engine/rocksdb.go:120              Options.manual_wal_flush: 1
I200514 23:04:20.596461 14 storage/engine/rocksdb.go:120              Options.atomic_flush: 0
I200514 23:04:20.596464 14 storage/engine/rocksdb.go:120              Options.avoid_unnecessary_blocking_io: 0
I200514 23:04:20.596467 14 storage/engine/rocksdb.go:120              Options.max_background_jobs: 2
I200514 23:04:20.596470 14 storage/engine/rocksdb.go:120              Options.max_background_compactions: -1
I200514 23:04:20.596474 14 storage/engine/rocksdb.go:120              Options.avoid_flush_during_shutdown: 0
I200514 23:04:20.596478 14 storage/engine/rocksdb.go:120            Options.writable_file_max_buffer_size: 1048576
I200514 23:04:20.596481 14 storage/engine/rocksdb.go:120              Options.delayed_write_rate : 16777216
I200514 23:04:20.596485 14 storage/engine/rocksdb.go:120              Options.max_total_wal_size: 0
I200514 23:04:20.596488 14 storage/engine/rocksdb.go:120              Options.delete_obsolete_files_period_micros: 21600000000
I200514 23:04:20.596492 14 storage/engine/rocksdb.go:120                    Options.stats_dump_period_sec: 0
I200514 23:04:20.596495 14 storage/engine/rocksdb.go:120                  Options.stats_persist_period_sec: 600
I200514 23:04:20.596498 14 storage/engine/rocksdb.go:120                  Options.stats_history_buffer_size: 1048576
I200514 23:04:20.596504 14 storage/engine/rocksdb.go:120                           Options.max_open_files: 128
I200514 23:04:20.596511 14 storage/engine/rocksdb.go:120                           Options.bytes_per_sync: 524288
I200514 23:04:20.596516 14 storage/engine/rocksdb.go:120                       Options.wal_bytes_per_sync: 0
I200514 23:04:20.596520 14 storage/engine/rocksdb.go:120                    Options.strict_bytes_per_sync: 1
I200514 23:04:20.596525 14 storage/engine/rocksdb.go:120        Options.compaction_readahead_size: 0
I200514 23:04:20.596534 14 storage/engine/rocksdb.go:120  Compression algorithms supported:
I200514 23:04:20.596538 14 storage/engine/rocksdb.go:120  	kZSTDNotFinalCompression supported: 0
I200514 23:04:20.596548 14 storage/engine/rocksdb.go:120  	kZSTD supported: 0
I200514 23:04:20.596551 14 storage/engine/rocksdb.go:120  	kXpressCompression supported: 0
I200514 23:04:20.596554 14 storage/engine/rocksdb.go:120  	kLZ4HCCompression supported: 0
I200514 23:04:20.596556 14 storage/engine/rocksdb.go:120  	kLZ4Compression supported: 0
I200514 23:04:20.596559 14 storage/engine/rocksdb.go:120  	kBZip2Compression supported: 0
I200514 23:04:20.596562 14 storage/engine/rocksdb.go:120  	kZlibCompression supported: 0
I200514 23:04:20.596565 14 storage/engine/rocksdb.go:120  	kSnappyCompression supported: 1
I200514 23:04:20.596573 14 storage/engine/rocksdb.go:120  Fast CRC32 supported: Supported on x86
I200514 23:04:20.600249 14 storage/engine/rocksdb.go:120  [db/db_impl_open.cc:242] Creating manifest 1 
I200514 23:04:20.641604 14 storage/engine/rocksdb.go:120  [db/version_set.cc:4072] Recovering from manifest file: /var/lib/cockroach/cockroach-temp774133273/MANIFEST-000001
I200514 23:04:20.642916 14 storage/engine/rocksdb.go:120  [db/column_family.cc:488] --------------- Options for column family [default]:
I200514 23:04:20.642923 14 storage/engine/rocksdb.go:120                Options.comparator: cockroach_comparator
I200514 23:04:20.642927 14 storage/engine/rocksdb.go:120            Options.merge_operator: cockroach_merge_operator
I200514 23:04:20.642930 14 storage/engine/rocksdb.go:120         Options.compaction_filter: None
I200514 23:04:20.642933 14 storage/engine/rocksdb.go:120         Options.compaction_filter_factory: None
I200514 23:04:20.642936 14 storage/engine/rocksdb.go:120          Options.memtable_factory: SkipListFactory
I200514 23:04:20.642939 14 storage/engine/rocksdb.go:120             Options.table_factory: BlockBasedTable
I200514 23:04:20.642960 14 storage/engine/rocksdb.go:120             table_factory options:   flush_block_policy_factory: FlushBlockBySizePolicyFactory (0x7f8029428030)
  cache_index_and_filter_blocks: 0
  cache_index_and_filter_blocks_with_high_priority: 0
  pin_l0_filter_and_index_blocks_in_cache: 0
  pin_top_level_index_and_filter: 1
  index_type: 0
  data_block_index_type: 0
  index_shortening: 1
  data_block_hash_table_util_ratio: 0.750000
  hash_index_allow_collision: 1
  checksum: 1
  no_block_cache: 0
  block_cache: 0x7f802941c010
  block_cache_name: LRUCache
  block_cache_options:
    capacity : 1048576
    num_shard_bits : 4
    strict_capacity_limit : 0
    memory_allocator : None
    high_pri_pool_ratio: 0.000
  block_cache_compressed: (nil)
  persistent_cache: (nil)
  block_size: 32768
  block_size_deviation: 10
  block_restart_interval: 16
  index_block_restart_interval: 1
  metadata_block_size: 4096
  partition_filters: 0
  use_delta_encoding: 1
  filter_policy: rocksdb.BuiltinBloomFilter
  whole_key_filtering: 0
  verify_compression: 0
  read_amp_bytes_per_bit: 0
  format_version: 2
  enable_index_compression: 1
  block_align: 0
I200514 23:04:20.642964 14 storage/engine/rocksdb.go:120         Options.write_buffer_size: 67108864
I200514 23:04:20.642968 14 storage/engine/rocksdb.go:120   Options.max_write_buffer_number: 4
I200514 23:04:20.642971 14 storage/engine/rocksdb.go:120           Options.compression: Snappy
I200514 23:04:20.642973 14 storage/engine/rocksdb.go:120                   Options.bottommost_compression: Disabled
I200514 23:04:20.642976 14 storage/engine/rocksdb.go:120        Options.prefix_extractor: cockroach_prefix_extractor
I200514 23:04:20.642979 14 storage/engine/rocksdb.go:120    Options.memtable_insert_with_hint_prefix_extractor: nullptr
I200514 23:04:20.642982 14 storage/engine/rocksdb.go:120              Options.num_levels: 7
I200514 23:04:20.642985 14 storage/engine/rocksdb.go:120         Options.min_write_buffer_number_to_merge: 1
I200514 23:04:20.642988 14 storage/engine/rocksdb.go:120      Options.max_write_buffer_number_to_maintain: 0
I200514 23:04:20.642990 14 storage/engine/rocksdb.go:120             Options.bottommost_compression_opts.window_bits: -14
I200514 23:04:20.642993 14 storage/engine/rocksdb.go:120                   Options.bottommost_compression_opts.level: 32767
I200514 23:04:20.642996 14 storage/engine/rocksdb.go:120                Options.bottommost_compression_opts.strategy: 0
I200514 23:04:20.642999 14 storage/engine/rocksdb.go:120          Options.bottommost_compression_opts.max_dict_bytes: 0
I200514 23:04:20.643002 14 storage/engine/rocksdb.go:120          Options.bottommost_compression_opts.zstd_max_train_bytes: 0
I200514 23:04:20.643004 14 storage/engine/rocksdb.go:120                   Options.bottommost_compression_opts.enabled: false
I200514 23:04:20.643007 14 storage/engine/rocksdb.go:120             Options.compression_opts.window_bits: -14
I200514 23:04:20.643009 14 storage/engine/rocksdb.go:120                   Options.compression_opts.level: 32767
I200514 23:04:20.643012 14 storage/engine/rocksdb.go:120                Options.compression_opts.strategy: 0
I200514 23:04:20.643015 14 storage/engine/rocksdb.go:120          Options.compression_opts.max_dict_bytes: 0
I200514 23:04:20.643017 14 storage/engine/rocksdb.go:120          Options.compression_opts.zstd_max_train_bytes: 0
I200514 23:04:20.643020 14 storage/engine/rocksdb.go:120                   Options.compression_opts.enabled: false
I200514 23:04:20.643045 14 storage/engine/rocksdb.go:120       Options.level0_file_num_compaction_trigger: 2
I200514 23:04:20.643052 14 storage/engine/rocksdb.go:120           Options.level0_slowdown_writes_trigger: 950
I200514 23:04:20.643055 14 storage/engine/rocksdb.go:120               Options.level0_stop_writes_trigger: 1000
I200514 23:04:20.643058 14 storage/engine/rocksdb.go:120                    Options.target_file_size_base: 4194304
I200514 23:04:20.643061 14 storage/engine/rocksdb.go:120              Options.target_file_size_multiplier: 2
I200514 23:04:20.643064 14 storage/engine/rocksdb.go:120                 Options.max_bytes_for_level_base: 67108864
I200514 23:04:20.643066 14 storage/engine/rocksdb.go:120  Options.level_compaction_dynamic_level_bytes: 1
I200514 23:04:20.643079 14 storage/engine/rocksdb.go:120           Options.max_bytes_for_level_multiplier: 10.000000
I200514 23:04:20.643082 14 storage/engine/rocksdb.go:120  Options.max_bytes_for_level_multiplier_addtl[0]: 1
I200514 23:04:20.643085 14 storage/engine/rocksdb.go:120  Options.max_bytes_for_level_multiplier_addtl[1]: 1
I200514 23:04:20.643088 14 storage/engine/rocksdb.go:120  Options.max_bytes_for_level_multiplier_addtl[2]: 1
I200514 23:04:20.643090 14 storage/engine/rocksdb.go:120  Options.max_bytes_for_level_multiplier_addtl[3]: 1
I200514 23:04:20.643093 14 storage/engine/rocksdb.go:120  Options.max_bytes_for_level_multiplier_addtl[4]: 1
I200514 23:04:20.643095 14 storage/engine/rocksdb.go:120  Options.max_bytes_for_level_multiplier_addtl[5]: 1
I200514 23:04:20.643098 14 storage/engine/rocksdb.go:120  Options.max_bytes_for_level_multiplier_addtl[6]: 1
I200514 23:04:20.643101 14 storage/engine/rocksdb.go:120        Options.max_sequential_skip_in_iterations: 8
I200514 23:04:20.643103 14 storage/engine/rocksdb.go:120                     Options.max_compaction_bytes: 104857600
I200514 23:04:20.643106 14 storage/engine/rocksdb.go:120                         Options.arena_block_size: 8388608
I200514 23:04:20.643108 14 storage/engine/rocksdb.go:120    Options.soft_pending_compaction_bytes_limit: 2199023255552
I200514 23:04:20.643111 14 storage/engine/rocksdb.go:120    Options.hard_pending_compaction_bytes_limit: 4400193994752
I200514 23:04:20.643114 14 storage/engine/rocksdb.go:120        Options.rate_limit_delay_max_milliseconds: 100
I200514 23:04:20.643116 14 storage/engine/rocksdb.go:120                 Options.disable_auto_compactions: 0
I200514 23:04:20.643120 14 storage/engine/rocksdb.go:120                         Options.compaction_style: kCompactionStyleLevel
I200514 23:04:20.643123 14 storage/engine/rocksdb.go:120                           Options.compaction_pri: kMinOverlappingRatio
I200514 23:04:20.643126 14 storage/engine/rocksdb.go:120  Options.compaction_options_universal.size_ratio: 1
I200514 23:04:20.643128 14 storage/engine/rocksdb.go:120  Options.compaction_options_universal.min_merge_width: 2
I200514 23:04:20.643131 14 storage/engine/rocksdb.go:120  Options.compaction_options_universal.max_merge_width: 4294967295
I200514 23:04:20.643133 14 storage/engine/rocksdb.go:120  Options.compaction_options_universal.max_size_amplification_percent: 200
I200514 23:04:20.643136 14 storage/engine/rocksdb.go:120  Options.compaction_options_universal.compression_size_percent: -1
I200514 23:04:20.643139 14 storage/engine/rocksdb.go:120  Options.compaction_options_universal.stop_style: kCompactionStopStyleTotalSize
I200514 23:04:20.643142 14 storage/engine/rocksdb.go:120  Options.compaction_options_fifo.max_table_files_size: 1073741824
I200514 23:04:20.643144 14 storage/engine/rocksdb.go:120  Options.compaction_options_fifo.allow_compaction: 0
I200514 23:04:20.643148 14 storage/engine/rocksdb.go:120                    Options.table_properties_collectors: TimeBoundTblPropCollectorFactory; DeleteRangeTblPropCollectorFactory; 
I200514 23:04:20.643151 14 storage/engine/rocksdb.go:120                    Options.inplace_update_support: 0
I200514 23:04:20.643154 14 storage/engine/rocksdb.go:120                  Options.inplace_update_num_locks: 10000
I200514 23:04:20.643157 14 storage/engine/rocksdb.go:120                Options.memtable_prefix_bloom_size_ratio: 0.000000
I200514 23:04:20.643160 14 storage/engine/rocksdb.go:120                Options.memtable_whole_key_filtering: 0
I200514 23:04:20.643163 14 storage/engine/rocksdb.go:120    Options.memtable_huge_page_size: 0
I200514 23:04:20.643166 14 storage/engine/rocksdb.go:120                            Options.bloom_locality: 0
I200514 23:04:20.643168 14 storage/engine/rocksdb.go:120                     Options.max_successive_merges: 0
I200514 23:04:20.643171 14 storage/engine/rocksdb.go:120                 Options.optimize_filters_for_hits: 1
I200514 23:04:20.643173 14 storage/engine/rocksdb.go:120                 Options.paranoid_file_checks: 0
I200514 23:04:20.643176 14 storage/engine/rocksdb.go:120                 Options.force_consistency_checks: 0
I200514 23:04:20.643179 14 storage/engine/rocksdb.go:120                 Options.report_bg_io_stats: 0
I200514 23:04:20.643182 14 storage/engine/rocksdb.go:120                                Options.ttl: 0
I200514 23:04:20.643184 14 storage/engine/rocksdb.go:120           Options.periodic_compaction_seconds: 0
I200514 23:04:20.644390 14 storage/engine/rocksdb.go:120  [db/version_set.cc:4286] Recovered from manifest file:/var/lib/cockroach/cockroach-temp774133273/MANIFEST-000001 succeeded,manifest_file_number is 1, next_file_number is 3, last_sequence is 0, log_number is 0,prev_log_number is 0,max_column_family is 0,min_log_number_to_keep is 0
I200514 23:04:20.644399 14 storage/engine/rocksdb.go:120  [db/version_set.cc:4295] Column family [default] (ID 0), log number is 0
I200514 23:04:20.668241 14 storage/engine/rocksdb.go:120  DB pointer 0x7f80294a4000
I200514 23:04:20.698477 14 storage/engine/rocksdb.go:120  RocksDB version: 6.2.1
I200514 23:04:20.698488 14 storage/engine/rocksdb.go:120  Git sha rocksdb_build_git_sha:@b7009236531fa784872f4823eabf393501e41bf2@
I200514 23:04:20.698492 14 storage/engine/rocksdb.go:120  Compile date Mar 16 2020
I200514 23:04:20.698496 14 storage/engine/rocksdb.go:120  DB SUMMARY
I200514 23:04:20.707574 14 storage/engine/rocksdb.go:120  CURRENT file:  CURRENT
I200514 23:04:20.707583 14 storage/engine/rocksdb.go:120  IDENTITY file:  IDENTITY
I200514 23:04:20.708112 14 storage/engine/rocksdb.go:120  MANIFEST file:  MANIFEST-000810 size: 602 Bytes
I200514 23:04:20.708121 14 storage/engine/rocksdb.go:120  SST files in /var/lib/cockroach dir, Total Num: 5, files: 000795.sst 000805.sst 000806.sst 000807.sst 000809.sst 
I200514 23:04:20.708126 14 storage/engine/rocksdb.go:120  Write Ahead Log file in /var/lib/cockroach: 000811.log size: 5963697 ; 
I200514 23:04:20.708131 14 storage/engine/rocksdb.go:120                          Options.error_if_exists: 0
I200514 23:04:20.708135 14 storage/engine/rocksdb.go:120                        Options.create_if_missing: 1
I200514 23:04:20.708139 14 storage/engine/rocksdb.go:120                          Options.paranoid_checks: 1
I200514 23:04:20.708142 14 storage/engine/rocksdb.go:120                                      Options.env: 0x75757a0
I200514 23:04:20.708146 14 storage/engine/rocksdb.go:120                                 Options.info_log: 0x7f8029427260
I200514 23:04:20.708150 14 storage/engine/rocksdb.go:120                 Options.max_file_opening_threads: 16
I200514 23:04:20.708155 14 storage/engine/rocksdb.go:120                               Options.statistics: 0x7f8029434080
I200514 23:04:20.708159 14 storage/engine/rocksdb.go:120                                Options.use_fsync: 0
I200514 23:04:20.708163 14 storage/engine/rocksdb.go:120                        Options.max_log_file_size: 0
I200514 23:04:20.708167 14 storage/engine/rocksdb.go:120                   Options.max_manifest_file_size: 134217728
I200514 23:04:20.708171 14 storage/engine/rocksdb.go:120                    Options.log_file_time_to_roll: 0
I200514 23:04:20.708176 14 storage/engine/rocksdb.go:120                        Options.keep_log_file_num: 1000
I200514 23:04:20.708180 14 storage/engine/rocksdb.go:120                     Options.recycle_log_file_num: 1
I200514 23:04:20.708184 14 storage/engine/rocksdb.go:120                          Options.allow_fallocate: 1
I200514 23:04:20.708188 14 storage/engine/rocksdb.go:120                         Options.allow_mmap_reads: 0
I200514 23:04:20.708192 14 storage/engine/rocksdb.go:120                        Options.allow_mmap_writes: 0
I200514 23:04:20.708195 14 storage/engine/rocksdb.go:120                         Options.use_direct_reads: 0
I200514 23:04:20.708199 14 storage/engine/rocksdb.go:120                         Options.use_direct_io_for_flush_and_compaction: 0
I200514 23:04:20.708203 14 storage/engine/rocksdb.go:120           Options.create_missing_column_families: 0
I200514 23:04:20.708221 14 storage/engine/rocksdb.go:120                               Options.db_log_dir: 
I200514 23:04:20.708229 14 storage/engine/rocksdb.go:120                                  Options.wal_dir: /var/lib/cockroach
I200514 23:04:20.708233 14 storage/engine/rocksdb.go:120                 Options.table_cache_numshardbits: 6
I200514 23:04:20.708236 14 storage/engine/rocksdb.go:120                       Options.max_subcompactions: 1
I200514 23:04:20.708240 14 storage/engine/rocksdb.go:120                   Options.max_background_flushes: -1
I200514 23:04:20.708244 14 storage/engine/rocksdb.go:120                          Options.WAL_ttl_seconds: 0
I200514 23:04:20.708247 14 storage/engine/rocksdb.go:120                        Options.WAL_size_limit_MB: 0
I200514 23:04:20.708251 14 storage/engine/rocksdb.go:120              Options.manifest_preallocation_size: 4194304
I200514 23:04:20.708255 14 storage/engine/rocksdb.go:120                      Options.is_fd_close_on_exec: 1
I200514 23:04:20.708258 14 storage/engine/rocksdb.go:120                    Options.advise_random_on_open: 1
I200514 23:04:20.708262 14 storage/engine/rocksdb.go:120                     Options.db_write_buffer_size: 0
I200514 23:04:20.708265 14 storage/engine/rocksdb.go:120                     Options.write_buffer_manager: 0x7f8029419090
I200514 23:04:20.708269 14 storage/engine/rocksdb.go:120          Options.access_hint_on_compaction_start: 1
I200514 23:04:20.708273 14 storage/engine/rocksdb.go:120   Options.new_table_reader_for_compaction_inputs: 0
I200514 23:04:20.708276 14 storage/engine/rocksdb.go:120            Options.random_access_max_buffer_size: 1048576
I200514 23:04:20.708279 14 storage/engine/rocksdb.go:120                       Options.use_adaptive_mutex: 0
I200514 23:04:20.708283 14 storage/engine/rocksdb.go:120                             Options.rate_limiter: (nil)
I200514 23:04:20.708287 14 storage/engine/rocksdb.go:120      Options.sst_file_manager.rate_bytes_per_sec: 0
I200514 23:04:20.708291 14 storage/engine/rocksdb.go:120                        Options.wal_recovery_mode: 0
I200514 23:04:20.708294 14 storage/engine/rocksdb.go:120                   Options.enable_thread_tracking: 0
I200514 23:04:20.708298 14 storage/engine/rocksdb.go:120                   Options.enable_pipelined_write: 0
I200514 23:04:20.708302 14 storage/engine/rocksdb.go:120          Options.allow_concurrent_memtable_write: 1
I200514 23:04:20.708306 14 storage/engine/rocksdb.go:120       Options.enable_write_thread_adaptive_yield: 1
I200514 23:04:20.708310 14 storage/engine/rocksdb.go:120              Options.write_thread_max_yield_usec: 100
I200514 23:04:20.708314 14 storage/engine/rocksdb.go:120             Options.write_thread_slow_yield_usec: 3
I200514 23:04:20.708317 14 storage/engine/rocksdb.go:120                                Options.row_cache: None
I200514 23:04:20.708321 14 storage/engine/rocksdb.go:120                               Options.wal_filter: None
I200514 23:04:20.708325 14 storage/engine/rocksdb.go:120              Options.avoid_flush_during_recovery: 0
I200514 23:04:20.708329 14 storage/engine/rocksdb.go:120              Options.allow_ingest_behind: 0
I200514 23:04:20.708332 14 storage/engine/rocksdb.go:120              Options.preserve_deletes: 0
I200514 23:04:20.708336 14 storage/engine/rocksdb.go:120              Options.two_write_queues: 0
I200514 23:04:20.708340 14 storage/engine/rocksdb.go:120              Options.manual_wal_flush: 1
I200514 23:04:20.708344 14 storage/engine/rocksdb.go:120              Options.atomic_flush: 0
I200514 23:04:20.708347 14 storage/engine/rocksdb.go:120              Options.avoid_unnecessary_blocking_io: 0
I200514 23:04:20.708351 14 storage/engine/rocksdb.go:120              Options.max_background_jobs: 2
I200514 23:04:20.708355 14 storage/engine/rocksdb.go:120              Options.max_background_compactions: -1
I200514 23:04:20.708359 14 storage/engine/rocksdb.go:120              Options.avoid_flush_during_shutdown: 0
I200514 23:04:20.708363 14 storage/engine/rocksdb.go:120            Options.writable_file_max_buffer_size: 1048576
I200514 23:04:20.708367 14 storage/engine/rocksdb.go:120              Options.delayed_write_rate : 16777216
I200514 23:04:20.708371 14 storage/engine/rocksdb.go:120              Options.max_total_wal_size: 0
I200514 23:04:20.708375 14 storage/engine/rocksdb.go:120              Options.delete_obsolete_files_period_micros: 21600000000
I200514 23:04:20.708378 14 storage/engine/rocksdb.go:120                    Options.stats_dump_period_sec: 0
I200514 23:04:20.708382 14 storage/engine/rocksdb.go:120                  Options.stats_persist_period_sec: 600
I200514 23:04:20.708386 14 storage/engine/rocksdb.go:120                  Options.stats_history_buffer_size: 1048576
I200514 23:04:20.708390 14 storage/engine/rocksdb.go:120                           Options.max_open_files: 1043576
I200514 23:04:20.708395 14 storage/engine/rocksdb.go:120                           Options.bytes_per_sync: 524288
I200514 23:04:20.708399 14 storage/engine/rocksdb.go:120                       Options.wal_bytes_per_sync: 0
I200514 23:04:20.708403 14 storage/engine/rocksdb.go:120                    Options.strict_bytes_per_sync: 1
I200514 23:04:20.708407 14 storage/engine/rocksdb.go:120        Options.compaction_readahead_size: 0
I200514 23:04:20.708411 14 storage/engine/rocksdb.go:120  Compression algorithms supported:
I200514 23:04:20.708416 14 storage/engine/rocksdb.go:120  	kZSTDNotFinalCompression supported: 0
I200514 23:04:20.708420 14 storage/engine/rocksdb.go:120  	kZSTD supported: 0
I200514 23:04:20.708423 14 storage/engine/rocksdb.go:120  	kXpressCompression supported: 0
I200514 23:04:20.708427 14 storage/engine/rocksdb.go:120  	kLZ4HCCompression supported: 0
I200514 23:04:20.708431 14 storage/engine/rocksdb.go:120  	kLZ4Compression supported: 0
I200514 23:04:20.708434 14 storage/engine/rocksdb.go:120  	kBZip2Compression supported: 0
I200514 23:04:20.708438 14 storage/engine/rocksdb.go:120  	kZlibCompression supported: 0
I200514 23:04:20.708441 14 storage/engine/rocksdb.go:120  	kSnappyCompression supported: 1
I200514 23:04:20.708450 14 storage/engine/rocksdb.go:120  Fast CRC32 supported: Supported on x86
I200514 23:04:20.774900 14 storage/engine/rocksdb.go:120  [db/version_set.cc:4072] Recovering from manifest file: /var/lib/cockroach/MANIFEST-000810
I200514 23:04:20.777530 14 storage/engine/rocksdb.go:120  [db/column_family.cc:488] --------------- Options for column family [default]:
I200514 23:04:20.777594 14 storage/engine/rocksdb.go:120                Options.comparator: cockroach_comparator
I200514 23:04:20.777603 14 storage/engine/rocksdb.go:120            Options.merge_operator: cockroach_merge_operator
I200514 23:04:20.777608 14 storage/engine/rocksdb.go:120         Options.compaction_filter: None
I200514 23:04:20.777612 14 storage/engine/rocksdb.go:120         Options.compaction_filter_factory: None
I200514 23:04:20.777641 14 storage/engine/rocksdb.go:120          Options.memtable_factory: SkipListFactory
I200514 23:04:20.777646 14 storage/engine/rocksdb.go:120             Options.table_factory: BlockBasedTable
I200514 23:04:20.777673 14 storage/engine/rocksdb.go:120             table_factory options:   flush_block_policy_factory: FlushBlockBySizePolicyFactory (0x7f8029428090)
  cache_index_and_filter_blocks: 0
  cache_index_and_filter_blocks_with_high_priority: 0
  pin_l0_filter_and_index_blocks_in_cache: 0
  pin_top_level_index_and_filter: 1
  index_type: 0
  data_block_index_type: 0
  index_shortening: 1
  data_block_hash_table_util_ratio: 0.750000
  hash_index_allow_collision: 1
  checksum: 1
  no_block_cache: 0
  block_cache: 0x7f80294bc210
  block_cache_name: LRUCache
  block_cache_options:
    capacity : 67108864
    num_shard_bits : 4
    strict_capacity_limit : 0
    memory_allocator : None
    high_pri_pool_ratio: 0.000
  block_cache_compressed: (nil)
  persistent_cache: (nil)
  block_size: 32768
  block_size_deviation: 10
  block_restart_interval: 16
  index_block_restart_interval: 1
  metadata_block_size: 4096
  partition_filters: 0
  use_delta_encoding: 1
  filter_policy: rocksdb.BuiltinBloomFilter
  whole_key_filtering: 0
  verify_compression: 0
  read_amp_bytes_per_bit: 0
  format_version: 2
  enable_index_compression: 1
  block_align: 0
I200514 23:04:20.777680 14 storage/engine/rocksdb.go:120         Options.write_buffer_size: 67108864
I200514 23:04:20.777686 14 storage/engine/rocksdb.go:120   Options.max_write_buffer_number: 4
I200514 23:04:20.777690 14 storage/engine/rocksdb.go:120           Options.compression: Snappy
I200514 23:04:20.777694 14 storage/engine/rocksdb.go:120                   Options.bottommost_compression: Disabled
I200514 23:04:20.777697 14 storage/engine/rocksdb.go:120        Options.prefix_extractor: cockroach_prefix_extractor
I200514 23:04:20.777701 14 storage/engine/rocksdb.go:120    Options.memtable_insert_with_hint_prefix_extractor: nullptr
I200514 23:04:20.777705 14 storage/engine/rocksdb.go:120              Options.num_levels: 7
I200514 23:04:20.777723 14 storage/engine/rocksdb.go:120         Options.min_write_buffer_number_to_merge: 1
I200514 23:04:20.777731 14 storage/engine/rocksdb.go:120      Options.max_write_buffer_number_to_maintain: 0
I200514 23:04:20.777734 14 storage/engine/rocksdb.go:120             Options.bottommost_compression_opts.window_bits: -14
I200514 23:04:20.777738 14 storage/engine/rocksdb.go:120                   Options.bottommost_compression_opts.level: 32767
I200514 23:04:20.777742 14 storage/engine/rocksdb.go:120                Options.bottommost_compression_opts.strategy: 0
I200514 23:04:20.777745 14 storage/engine/rocksdb.go:120          Options.bottommost_compression_opts.max_dict_bytes: 0
I200514 23:04:20.777749 14 storage/engine/rocksdb.go:120          Options.bottommost_compression_opts.zstd_max_train_bytes: 0
I200514 23:04:20.777752 14 storage/engine/rocksdb.go:120                   Options.bottommost_compression_opts.enabled: false
I200514 23:04:20.777756 14 storage/engine/rocksdb.go:120             Options.compression_opts.window_bits: -14
I200514 23:04:20.777759 14 storage/engine/rocksdb.go:120                   Options.compression_opts.level: 32767
I200514 23:04:20.777763 14 storage/engine/rocksdb.go:120                Options.compression_opts.strategy: 0
I200514 23:04:20.777767 14 storage/engine/rocksdb.go:120          Options.compression_opts.max_dict_bytes: 0
I200514 23:04:20.777771 14 storage/engine/rocksdb.go:120          Options.compression_opts.zstd_max_train_bytes: 0
I200514 23:04:20.777775 14 storage/engine/rocksdb.go:120                   Options.compression_opts.enabled: false
I200514 23:04:20.777778 14 storage/engine/rocksdb.go:120       Options.level0_file_num_compaction_trigger: 2
I200514 23:04:20.777782 14 storage/engine/rocksdb.go:120           Options.level0_slowdown_writes_trigger: 950
I200514 23:04:20.777785 14 storage/engine/rocksdb.go:120               Options.level0_stop_writes_trigger: 1000
I200514 23:04:20.777789 14 storage/engine/rocksdb.go:120                    Options.target_file_size_base: 4194304
I200514 23:04:20.777794 14 storage/engine/rocksdb.go:120              Options.target_file_size_multiplier: 2
I200514 23:04:20.777800 14 storage/engine/rocksdb.go:120                 Options.max_bytes_for_level_base: 67108864
I200514 23:04:20.777803 14 storage/engine/rocksdb.go:120  Options.level_compaction_dynamic_level_bytes: 1
I200514 23:04:20.777808 14 storage/engine/rocksdb.go:120           Options.max_bytes_for_level_multiplier: 10.000000
I200514 23:04:20.777812 14 storage/engine/rocksdb.go:120  Options.max_bytes_for_level_multiplier_addtl[0]: 1
I200514 23:04:20.777815 14 storage/engine/rocksdb.go:120  Options.max_bytes_for_level_multiplier_addtl[1]: 1
I200514 23:04:20.777818 14 storage/engine/rocksdb.go:120  Options.max_bytes_for_level_multiplier_addtl[2]: 1
I200514 23:04:20.777822 14 storage/engine/rocksdb.go:120  Options.max_bytes_for_level_multiplier_addtl[3]: 1
I200514 23:04:20.777825 14 storage/engine/rocksdb.go:120  Options.max_bytes_for_level_multiplier_addtl[4]: 1
I200514 23:04:20.777829 14 storage/engine/rocksdb.go:120  Options.max_bytes_for_level_multiplier_addtl[5]: 1
I200514 23:04:20.777832 14 storage/engine/rocksdb.go:120  Options.max_bytes_for_level_multiplier_addtl[6]: 1
I200514 23:04:20.777836 14 storage/engine/rocksdb.go:120        Options.max_sequential_skip_in_iterations: 8
I200514 23:04:20.777840 14 storage/engine/rocksdb.go:120                     Options.max_compaction_bytes: 104857600
I200514 23:04:20.777843 14 storage/engine/rocksdb.go:120                         Options.arena_block_size: 8388608
I200514 23:04:20.777847 14 storage/engine/rocksdb.go:120    Options.soft_pending_compaction_bytes_limit: 2199023255552
I200514 23:04:20.777850 14 storage/engine/rocksdb.go:120    Options.hard_pending_compaction_bytes_limit: 4400193994752
I200514 23:04:20.777854 14 storage/engine/rocksdb.go:120        Options.rate_limit_delay_max_milliseconds: 100
I200514 23:04:20.777858 14 storage/engine/rocksdb.go:120                 Options.disable_auto_compactions: 0
I200514 23:04:20.777863 14 storage/engine/rocksdb.go:120                         Options.compaction_style: kCompactionStyleLevel
I200514 23:04:20.777867 14 storage/engine/rocksdb.go:120                           Options.compaction_pri: kMinOverlappingRatio
I200514 23:04:20.777871 14 storage/engine/rocksdb.go:120  Options.compaction_options_universal.size_ratio: 1
I200514 23:04:20.777877 14 storage/engine/rocksdb.go:120  Options.compaction_options_universal.min_merge_width: 2
I200514 23:04:20.777880 14 storage/engine/rocksdb.go:120  Options.compaction_options_universal.max_merge_width: 4294967295
I200514 23:04:20.777884 14 storage/engine/rocksdb.go:120  Options.compaction_options_universal.max_size_amplification_percent: 200
I200514 23:04:20.777887 14 storage/engine/rocksdb.go:120  Options.compaction_options_universal.compression_size_percent: -1
I200514 23:04:20.777892 14 storage/engine/rocksdb.go:120  Options.compaction_options_universal.stop_style: kCompactionStopStyleTotalSize
I200514 23:04:20.777895 14 storage/engine/rocksdb.go:120  Options.compaction_options_fifo.max_table_files_size: 1073741824
I200514 23:04:20.777899 14 storage/engine/rocksdb.go:120  Options.compaction_options_fifo.allow_compaction: 0
I200514 23:04:20.777906 14 storage/engine/rocksdb.go:120                    Options.table_properties_collectors: TimeBoundTblPropCollectorFactory; DeleteRangeTblPropCollectorFactory; 
I200514 23:04:20.777919 14 storage/engine/rocksdb.go:120                    Options.inplace_update_support: 0
I200514 23:04:20.777923 14 storage/engine/rocksdb.go:120                  Options.inplace_update_num_locks: 10000
I200514 23:04:20.777928 14 storage/engine/rocksdb.go:120                Options.memtable_prefix_bloom_size_ratio: 0.000000
I200514 23:04:20.777932 14 storage/engine/rocksdb.go:120                Options.memtable_whole_key_filtering: 0
I200514 23:04:20.777939 14 storage/engine/rocksdb.go:120    Options.memtable_huge_page_size: 0
I200514 23:04:20.777943 14 storage/engine/rocksdb.go:120                            Options.bloom_locality: 0
I200514 23:04:20.777946 14 storage/engine/rocksdb.go:120                     Options.max_successive_merges: 0
I200514 23:04:20.777950 14 storage/engine/rocksdb.go:120                 Options.optimize_filters_for_hits: 1
I200514 23:04:20.777953 14 storage/engine/rocksdb.go:120                 Options.paranoid_file_checks: 0
I200514 23:04:20.777956 14 storage/engine/rocksdb.go:120                 Options.force_consistency_checks: 0
I200514 23:04:20.777960 14 storage/engine/rocksdb.go:120                 Options.report_bg_io_stats: 0
I200514 23:04:20.777964 14 storage/engine/rocksdb.go:120                                Options.ttl: 0
I200514 23:04:20.777968 14 storage/engine/rocksdb.go:120           Options.periodic_compaction_seconds: 0
I200514 23:04:20.809111 14 storage/engine/rocksdb.go:120  [db/version_set.cc:4286] Recovered from manifest file:/var/lib/cockroach/MANIFEST-000810 succeeded,manifest_file_number is 810, next_file_number is 812, last_sequence is 10612950, log_number is 803,prev_log_number is 0,max_column_family is 0,min_log_number_to_keep is 0
I200514 23:04:20.809170 14 storage/engine/rocksdb.go:120  [db/version_set.cc:4295] Column family [default] (ID 0), log number is 803
I200514 23:04:20.811868 14 storage/engine/rocksdb.go:120  EVENT_LOG_v1 {"time_micros": 1589497460811836, "job": 1, "event": "recovery_started", "log_files": [811]}
I200514 23:04:20.811880 14 storage/engine/rocksdb.go:120  [db/db_impl_open.cc:598] Recovering log #811 mode 0
I200514 23:04:20.917168 14 storage/engine/rocksdb.go:120  EVENT_LOG_v1 {"time_micros": 1589497460917042, "cf_name": "default", "job": 1, "event": "table_file_creation", "file_number": 812, "file_size": 129025, "table_properties": {"data_size": 124143, "index_size": 895, "index_partitions": 0, "top_level_index_size": 0, "index_key_is_user_key": 0, "index_value_is_delta_encoded": 0, "filter_size": 3269, "raw_key_size": 110529, "raw_average_key_size": 40, "raw_value_size": 517505, "raw_average_value_size": 188, "num_data_blocks": 17, "num_entries": 2741, "num_deletions": 735, "num_merge_operands": 1328, "num_range_deletions": 1328, "format_version": 0, "fixed_key_len": 0, "filter_policy": "rocksdb.BuiltinBloomFilter", "column_family_name": "default", "column_family_id": 0, "comparator": "cockroach_comparator", "merge_operator": "cockroach_merge_operator", "prefix_extractor_name": "cockroach_prefix_extractor", "property_collectors": "[TimeBoundTblPropCollectorFactory,DeleteRangeTblPropCollectorFactory]", "compression": "Snappy", "compression_options": "window_bits=-14; level=32767; strategy=0; max_dict_bytes=0; zstd_max_train_bytes=0; enabled=0; ", "creation_time": 1589497460, "oldest_key_time": 3, "file_creation_time": 0}}
I200514 23:04:20.918166 14 storage/engine/rocksdb.go:120  [db/version_set.cc:3560] Creating manifest 813
I200514 23:04:20.927969 14 storage/engine/rocksdb.go:120  EVENT_LOG_v1 {"time_micros": 1589497460927938, "job": 1, "event": "recovery_finished"}
I200514 23:04:20.963799 17 storage/engine/rocksdb.go:120  [db/compaction_job.cc:1647] [default] [JOB 3] Compacting 2@0 + 3@6 files to L6, score 1.00
I200514 23:04:20.963811 17 storage/engine/rocksdb.go:120  [db/compaction_job.cc:1651] [default] Compaction start summary: Base version 2 Base level 0, inputs: [812(126KB) 809(201KB)], [805(4118KB) 806(4115KB) 807(4105KB)]
I200514 23:04:20.963841 17 storage/engine/rocksdb.go:120  EVENT_LOG_v1 {"time_micros": 1589497460963823, "job": 3, "event": "compaction_started", "compaction_reason": "LevelL0FilesNum", "files_L0": [812, 809], "files_L6": [805, 806, 807], "score": 1, "input_data_size": 12971362}
I200514 23:04:20.971919 14 storage/engine/rocksdb.go:120  DB pointer 0x7f8029534000
I200514 23:04:21.179262 17 storage/engine/rocksdb.go:120  [db/compaction_job.cc:1334] [default] [JOB 3] Generated table #817: 13889 keys, 4218331 bytes
I200514 23:04:21.179304 17 storage/engine/rocksdb.go:120  EVENT_LOG_v1 {"time_micros": 1589497461179279, "cf_name": "default", "job": 3, "event": "table_file_creation", "file_number": 817, "file_size": 4218331, "table_properties": {"data_size": 4197172, "index_size": 78599, "index_partitions": 0, "top_level_index_size": 0, "index_key_is_user_key": 0, "index_value_is_delta_encoded": 0, "filter_size": 0, "raw_key_size": 714437, "raw_average_key_size": 51, "raw_value_size": 35530118, "raw_average_value_size": 2558, "num_data_blocks": 1144, "num_entries": 13889, "num_deletions": 0, "num_merge_operands": 0, "num_range_deletions": 0, "format_version": 0, "fixed_key_len": 0, "filter_policy": "rocksdb.BuiltinBloomFilter", "column_family_name": "default", "column_family_id": 0, "comparator": "cockroach_comparator", "merge_operator": "cockroach_merge_operator", "prefix_extractor_name": "cockroach_prefix_extractor", "property_collectors": "[TimeBoundTblPropCollectorFactory,DeleteRangeTblPropCollectorFactory]", "compression": "Snappy", "compression_options": "window_bits=-14; level=32767; strategy=0; max_dict_bytes=0; zstd_max_train_bytes=0; enabled=0; ", "creation_time": 1589497460, "oldest_key_time": 0, "file_creation_time": 1589497460}}
I200514 23:04:21.280225 17 storage/engine/rocksdb.go:120  [db/compaction_job.cc:1334] [default] [JOB 3] Generated table #818: 8189 keys, 4215295 bytes
I200514 23:04:21.280269 17 storage/engine/rocksdb.go:120  EVENT_LOG_v1 {"time_micros": 1589497461280243, "cf_name": "default", "job": 3, "event": "table_file_creation", "file_number": 818, "file_size": 4215295, "table_properties": {"data_size": 4199965, "index_size": 53690, "index_partitions": 0, "top_level_index_size": 0, "index_key_is_user_key": 0, "index_value_is_delta_encoded": 0, "filter_size": 0, "raw_key_size": 446459, "raw_average_key_size": 54, "raw_value_size": 24863757, "raw_average_value_size": 3036, "num_data_blocks": 801, "num_entries": 8189, "num_deletions": 0, "num_merge_operands": 0, "num_range_deletions": 0, "format_version": 0, "fixed_key_len": 0, "filter_policy": "rocksdb.BuiltinBloomFilter", "column_family_name": "default", "column_family_id": 0, "comparator": "cockroach_comparator", "merge_operator": "cockroach_merge_operator", "prefix_extractor_name": "cockroach_prefix_extractor", "property_collectors": "[TimeBoundTblPropCollectorFactory,DeleteRangeTblPropCollectorFactory]", "compression": "Snappy", "compression_options": "window_bits=-14; level=32767; strategy=0; max_dict_bytes=0; zstd_max_train_bytes=0; enabled=0; ", "creation_time": 1589497460, "oldest_key_time": 0, "file_creation_time": 1589497461}}
I200514 23:04:21.351308 17 storage/engine/rocksdb.go:120  [db/compaction_job.cc:1334] [default] [JOB 3] Generated table #819: 8785 keys, 4224679 bytes
I200514 23:04:21.351391 17 storage/engine/rocksdb.go:120  EVENT_LOG_v1 {"time_micros": 1589497461351336, "cf_name": "default", "job": 3, "event": "table_file_creation", "file_number": 819, "file_size": 4224679, "table_properties": {"data_size": 4208089, "index_size": 60530, "index_partitions": 0, "top_level_index_size": 0, "index_key_is_user_key": 0, "index_value_is_delta_encoded": 0, "filter_size": 0, "raw_key_size": 509471, "raw_average_key_size": 57, "raw_value_size": 26666404, "raw_average_value_size": 3035, "num_data_blocks": 859, "num_entries": 8785, "num_deletions": 0, "num_merge_operands": 0, "num_range_deletions": 0, "format_version": 0, "fixed_key_len": 0, "filter_policy": "rocksdb.BuiltinBloomFilter", "column_family_name": "default", "column_family_id": 0, "comparator": "cockroach_comparator", "merge_operator": "cockroach_merge_operator", "prefix_extractor_name": "cockroach_prefix_extractor", "property_collectors": "[TimeBoundTblPropCollectorFactory,DeleteRangeTblPropCollectorFactory]", "compression": "Snappy", "compression_options": "window_bits=-14; level=32767; strategy=0; max_dict_bytes=0; zstd_max_train_bytes=0; enabled=0; ", "creation_time": 1589497460, "oldest_key_time": 0, "file_creation_time": 1589497461}}
I200514 23:04:21.363775 17 storage/engine/rocksdb.go:120  [db/compaction_job.cc:1334] [default] [JOB 3] Generated table #820: 6666 keys, 189003 bytes
I200514 23:04:21.363864 17 storage/engine/rocksdb.go:120  EVENT_LOG_v1 {"time_micros": 1589497461363794, "cf_name": "default", "job": 3, "event": "table_file_creation", "file_number": 820, "file_size": 189003, "table_properties": {"data_size": 187525, "index_size": 693, "index_partitions": 0, "top_level_index_size": 0, "index_key_is_user_key": 0, "index_value_is_delta_encoded": 0, "filter_size": 0, "raw_key_size": 221966, "raw_average_key_size": 33, "raw_value_size": 250379, "raw_average_value_size": 37, "num_data_blocks": 13, "num_entries": 6666, "num_deletions": 0, "num_merge_operands": 0, "num_range_deletions": 0, "format_version": 0, "fixed_key_len": 0, "filter_policy": "rocksdb.BuiltinBloomFilter", "column_family_name": "default", "column_family_id": 0, "comparator": "cockroach_comparator", "merge_operator": "cockroach_merge_operator", "prefix_extractor_name": "cockroach_prefix_extractor", "property_collectors": "[TimeBoundTblPropCollectorFactory,DeleteRangeTblPropCollectorFactory]", "compression": "Snappy", "compression_options": "window_bits=-14; level=32767; strategy=0; max_dict_bytes=0; zstd_max_train_bytes=0; enabled=0; ", "creation_time": 1589497460, "oldest_key_time": 0, "file_creation_time": 1589497461}}
I200514 23:04:21.370402 17 storage/engine/rocksdb.go:120  [db/compaction_job.cc:1397] [default] [JOB 3] Compacted 2@0 + 3@6 files to L6 => 12847308 bytes
I200514 23:04:21.371775 17 storage/engine/rocksdb.go:120  (Original Log Time 2020/05/14-23:04:21.371574) [db/compaction_job.cc:770] [default] compacted to: base level 6 level multiplier 10.00 max bytes base 67108864 files[0 0 0 0 0 0 5] max score 0.00, MB/sec: 32.4 rd, 32.1 wr, level 6, files in(2, 3) out(4) MB in(0.3, 12.1) out(12.3), read-write-amplify(77.0) write-amplify(38.3) OK, records in: 44319, records dropped: 5462 output_compression: Snappy
I200514 23:04:21.371795 17 storage/engine/rocksdb.go:120  (Original Log Time 2020/05/14-23:04:21.371606) EVENT_LOG_v1 {"time_micros": 1589497461371592, "job": 3, "event": "compaction_finished", "compaction_time_micros": 400455, "compaction_time_cpu_micros": 141509, "output_level": 6, "num_output_files": 4, "total_output_size": 12847308, "num_input_records": 42991, "num_output_records": 37529, "num_subcompactions": 1, "output_compression": "Snappy", "num_single_delete_mismatches": 0, "num_single_delete_fallthrough": 0, "lsm_state": [0, 0, 0, 0, 0, 0, 5]}
I200514 23:04:21.373614 17 storage/engine/rocksdb.go:120  EVENT_LOG_v1 {"time_micros": 1589497461373590, "job": 3, "event": "table_file_deletion", "file_number": 812}
I200514 23:04:21.374668 17 storage/engine/rocksdb.go:120  EVENT_LOG_v1 {"time_micros": 1589497461374653, "job": 3, "event": "table_file_deletion", "file_number": 809}
I200514 23:04:21.375610 17 storage/engine/rocksdb.go:120  EVENT_LOG_v1 {"time_micros": 1589497461375597, "job": 3, "event": "table_file_deletion", "file_number": 807}
I200514 23:04:21.376590 17 storage/engine/rocksdb.go:120  EVENT_LOG_v1 {"time_micros": 1589497461376575, "job": 3, "event": "table_file_deletion", "file_number": 806}
I200514 23:04:21.377463 17 storage/engine/rocksdb.go:120  EVENT_LOG_v1 {"time_micros": 1589497461377445, "job": 3, "event": "table_file_deletion", "file_number": 805}
I200514 23:49:41.754291 100 storage/engine/rocksdb.go:120  [db/db_impl_write.cc:1437] [default] New memtable created with log file: #821. Immutable memtables: 0.
I200514 23:49:41.754444 17 storage/engine/rocksdb.go:120  (Original Log Time 2020/05/14-23:49:41.754384) [db/db_impl_compaction_flush.cc:2097] Calling FlushMemTableToOutputFile with column family [default], flush slots available 1, compaction slots available 1, flush slots scheduled 1, compaction slots scheduled 0
I200514 23:49:41.754454 17 storage/engine/rocksdb.go:120  [db/flush_job.cc:322] [default] [JOB 4] Flushing memtable with next log file: 821
I200514 23:49:41.754484 17 storage/engine/rocksdb.go:120  EVENT_LOG_v1 {"time_micros": 1589500181754471, "job": 4, "event": "flush_started", "num_memtables": 1, "num_entries": 219203, "num_deletes": 7964, "total_data_size": 60974300, "memory_usage": 65049384, "flush_reason": "Write Buffer Full"}
I200514 23:49:41.754491 17 storage/engine/rocksdb.go:120  [db/flush_job.cc:351] [default] [JOB 4] Level-0 flush table #822: started
I200514 23:49:42.205694 17 storage/engine/rocksdb.go:120  EVENT_LOG_v1 {"time_micros": 1589500182205593, "cf_name": "default", "job": 4, "event": "table_file_creation", "file_number": 822, "file_size": 410254, "table_properties": {"data_size": 396316, "index_size": 4503, "index_partitions": 0, "top_level_index_size": 0, "index_key_is_user_key": 0, "index_value_is_delta_encoded": 0, "filter_size": 10565, "raw_key_size": 275345, "raw_average_key_size": 28, "raw_value_size": 2200864, "raw_average_value_size": 224, "num_data_blocks": 72, "num_entries": 9799, "num_deletions": 7822, "num_merge_operands": 664, "num_range_deletions": 664, "format_version": 0, "fixed_key_len": 0, "filter_policy": "rocksdb.BuiltinBloomFilter", "column_family_name": "default", "column_family_id": 0, "comparator": "cockroach_comparator", "merge_operator": "cockroach_merge_operator", "prefix_extractor_name": "cockroach_prefix_extractor", "property_collectors": "[TimeBoundTblPropCollectorFactory,DeleteRangeTblPropCollectorFactory]", "compression": "Snappy", "compression_options": "window_bits=-14; level=32767; strategy=0; max_dict_bytes=0; zstd_max_train_bytes=0; enabled=0; ", "creation_time": 1589500181, "oldest_key_time": 1589497461, "file_creation_time": 1589500181}}
I200514 23:49:42.205758 17 storage/engine/rocksdb.go:120  [db/flush_job.cc:392] [default] [JOB 4] Level-0 flush table #822: 410254 bytes OK
I200514 23:49:42.206404 17 storage/engine/rocksdb.go:120  [db/db_impl_files.cc:194] adding log 814 to recycle list
I200514 23:49:42.206422 17 storage/engine/rocksdb.go:120  (Original Log Time 2020/05/14-23:49:42.205770) [db/memtable_list.cc:386] [default] Level-0 commit table #822 started
I200514 23:49:42.206427 17 storage/engine/rocksdb.go:120  (Original Log Time 2020/05/14-23:49:42.206056) [db/memtable_list.cc:434] [default] Level-0 commit table #822: memtable #1 done
I200514 23:49:42.206433 17 storage/engine/rocksdb.go:120  (Original Log Time 2020/05/14-23:49:42.206068) EVENT_LOG_v1 {"time_micros": 1589500182206062, "job": 4, "event": "flush_finished", "output_compression": "Snappy", "lsm_state": [1, 0, 0, 0, 0, 0, 5], "immutable_memtables": 0}
I200514 23:49:42.206472 17 storage/engine/rocksdb.go:120  (Original Log Time 2020/05/14-23:49:42.206101) [db/db_impl_compaction_flush.cc:208] [default] Level summary: base level 6 level multiplier 10.00 max bytes base 67108864 files[1 0 0 0 0 0 5] max score 0.50
I200515 00:26:44.795787 55149 storage/engine/rocksdb.go:120  bloom filter utility:    -nan%
I200515 00:26:44.796182 55149 storage/engine/rocksdb.go:120  [db/db_impl.cc:392] Shutdown: canceling all background work
I200515 00:26:44.798193 55149 storage/engine/rocksdb.go:120  [db/db_impl.cc:565] Shutdown complete
I200515 00:26:44.808810 55149 storage/engine/rocksdb.go:120  bloom filter utility:    70.1%
I200515 00:26:44.809174 55149 storage/engine/rocksdb.go:120  [db/db_impl.cc:392] Shutdown: canceling all background work
I200515 00:26:44.825815 55149 storage/engine/rocksdb.go:120  [db/db_impl.cc:565] Shutdown complete
