I200514 16:31:45.063405 6 util/log/clog.go:1196  [config] file created at: 2020/05/14 16:31:45
I200514 16:31:45.063405 6 util/log/clog.go:1196  [config] running on machine: ea87ea07de3d
I200514 16:31:45.063405 6 util/log/clog.go:1196  [config] binary: CockroachDB CCL v19.2.5 (x86_64-unknown-linux-gnu, built 2020/03/16 18:27:12, go1.12.12)
I200514 16:31:45.063405 6 util/log/clog.go:1196  [config] arguments: [/cockroach/cockroach start --insecure --store=attrs=ssd,path=/var/lib/cockroach/]
I200514 16:31:45.063405 6 util/log/clog.go:1196  line format: [IWEF]yymmdd hh:mm:ss.uuuuuu goid file:line msg utf8=✓
I200514 16:31:45.063404 6 storage/engine/rocksdb.go:120  RocksDB version: 6.2.1
I200514 16:31:45.072102 6 storage/engine/rocksdb.go:120  Git sha rocksdb_build_git_sha:@b7009236531fa784872f4823eabf393501e41bf2@
I200514 16:31:45.072106 6 storage/engine/rocksdb.go:120  Compile date Mar 16 2020
I200514 16:31:45.072110 6 storage/engine/rocksdb.go:120  DB SUMMARY
I200514 16:31:45.073408 6 storage/engine/rocksdb.go:120  SST files in /var/lib/cockroach/cockroach-temp984248661 dir, Total Num: 0, files: 
I200514 16:31:45.205205 6 storage/engine/rocksdb.go:120  Write Ahead Log file in /var/lib/cockroach/cockroach-temp984248661: 
I200514 16:31:45.205210 6 storage/engine/rocksdb.go:120                          Options.error_if_exists: 0
I200514 16:31:45.205213 6 storage/engine/rocksdb.go:120                        Options.create_if_missing: 1
I200514 16:31:45.205216 6 storage/engine/rocksdb.go:120                          Options.paranoid_checks: 1
I200514 16:31:45.205218 6 storage/engine/rocksdb.go:120                                      Options.env: 0x75757a0
I200514 16:31:45.205221 6 storage/engine/rocksdb.go:120                                 Options.info_log: 0x7fdc76a270e0
I200514 16:31:45.205247 6 storage/engine/rocksdb.go:120                 Options.max_file_opening_threads: 16
I200514 16:31:45.205251 6 storage/engine/rocksdb.go:120                               Options.statistics: 0x7fdc76a34010
I200514 16:31:45.205254 6 storage/engine/rocksdb.go:120                                Options.use_fsync: 0
I200514 16:31:45.205257 6 storage/engine/rocksdb.go:120                        Options.max_log_file_size: 0
I200514 16:31:45.205260 6 storage/engine/rocksdb.go:120                   Options.max_manifest_file_size: 134217728
I200514 16:31:45.205263 6 storage/engine/rocksdb.go:120                    Options.log_file_time_to_roll: 0
I200514 16:31:45.205265 6 storage/engine/rocksdb.go:120                        Options.keep_log_file_num: 1000
I200514 16:31:45.205268 6 storage/engine/rocksdb.go:120                     Options.recycle_log_file_num: 1
I200514 16:31:45.205270 6 storage/engine/rocksdb.go:120                          Options.allow_fallocate: 1
I200514 16:31:45.205273 6 storage/engine/rocksdb.go:120                         Options.allow_mmap_reads: 0
I200514 16:31:45.205275 6 storage/engine/rocksdb.go:120                        Options.allow_mmap_writes: 0
I200514 16:31:45.205278 6 storage/engine/rocksdb.go:120                         Options.use_direct_reads: 0
I200514 16:31:45.205281 6 storage/engine/rocksdb.go:120                         Options.use_direct_io_for_flush_and_compaction: 0
I200514 16:31:45.205284 6 storage/engine/rocksdb.go:120           Options.create_missing_column_families: 0
I200514 16:31:45.205286 6 storage/engine/rocksdb.go:120                               Options.db_log_dir: 
I200514 16:31:45.205289 6 storage/engine/rocksdb.go:120                                  Options.wal_dir: /var/lib/cockroach/cockroach-temp984248661
I200514 16:31:45.205292 6 storage/engine/rocksdb.go:120                 Options.table_cache_numshardbits: 6
I200514 16:31:45.205295 6 storage/engine/rocksdb.go:120                       Options.max_subcompactions: 1
I200514 16:31:45.205297 6 storage/engine/rocksdb.go:120                   Options.max_background_flushes: -1
I200514 16:31:45.205300 6 storage/engine/rocksdb.go:120                          Options.WAL_ttl_seconds: 0
I200514 16:31:45.205303 6 storage/engine/rocksdb.go:120                        Options.WAL_size_limit_MB: 0
I200514 16:31:45.205305 6 storage/engine/rocksdb.go:120              Options.manifest_preallocation_size: 4194304
I200514 16:31:45.205308 6 storage/engine/rocksdb.go:120                      Options.is_fd_close_on_exec: 1
I200514 16:31:45.205311 6 storage/engine/rocksdb.go:120                    Options.advise_random_on_open: 1
I200514 16:31:45.205313 6 storage/engine/rocksdb.go:120                     Options.db_write_buffer_size: 0
I200514 16:31:45.205316 6 storage/engine/rocksdb.go:120                     Options.write_buffer_manager: 0x7fdc76a190f0
I200514 16:31:45.205320 6 storage/engine/rocksdb.go:120          Options.access_hint_on_compaction_start: 1
I200514 16:31:45.205322 6 storage/engine/rocksdb.go:120   Options.new_table_reader_for_compaction_inputs: 0
I200514 16:31:45.205325 6 storage/engine/rocksdb.go:120            Options.random_access_max_buffer_size: 1048576
I200514 16:31:45.205328 6 storage/engine/rocksdb.go:120                       Options.use_adaptive_mutex: 0
I200514 16:31:45.205330 6 storage/engine/rocksdb.go:120                             Options.rate_limiter: (nil)
I200514 16:31:45.205333 6 storage/engine/rocksdb.go:120      Options.sst_file_manager.rate_bytes_per_sec: 0
I200514 16:31:45.205336 6 storage/engine/rocksdb.go:120                        Options.wal_recovery_mode: 0
I200514 16:31:45.205339 6 storage/engine/rocksdb.go:120                   Options.enable_thread_tracking: 0
I200514 16:31:45.205341 6 storage/engine/rocksdb.go:120                   Options.enable_pipelined_write: 0
I200514 16:31:45.205344 6 storage/engine/rocksdb.go:120          Options.allow_concurrent_memtable_write: 1
I200514 16:31:45.205347 6 storage/engine/rocksdb.go:120       Options.enable_write_thread_adaptive_yield: 1
I200514 16:31:45.205349 6 storage/engine/rocksdb.go:120              Options.write_thread_max_yield_usec: 100
I200514 16:31:45.205352 6 storage/engine/rocksdb.go:120             Options.write_thread_slow_yield_usec: 3
I200514 16:31:45.205354 6 storage/engine/rocksdb.go:120                                Options.row_cache: None
I200514 16:31:45.205357 6 storage/engine/rocksdb.go:120                               Options.wal_filter: None
I200514 16:31:45.205360 6 storage/engine/rocksdb.go:120              Options.avoid_flush_during_recovery: 0
I200514 16:31:45.205362 6 storage/engine/rocksdb.go:120              Options.allow_ingest_behind: 0
I200514 16:31:45.205365 6 storage/engine/rocksdb.go:120              Options.preserve_deletes: 0
I200514 16:31:45.205367 6 storage/engine/rocksdb.go:120              Options.two_write_queues: 0
I200514 16:31:45.205370 6 storage/engine/rocksdb.go:120              Options.manual_wal_flush: 1
I200514 16:31:45.205373 6 storage/engine/rocksdb.go:120              Options.atomic_flush: 0
I200514 16:31:45.205375 6 storage/engine/rocksdb.go:120              Options.avoid_unnecessary_blocking_io: 0
I200514 16:31:45.205378 6 storage/engine/rocksdb.go:120              Options.max_background_jobs: 2
I200514 16:31:45.205380 6 storage/engine/rocksdb.go:120              Options.max_background_compactions: -1
I200514 16:31:45.205383 6 storage/engine/rocksdb.go:120              Options.avoid_flush_during_shutdown: 0
I200514 16:31:45.205385 6 storage/engine/rocksdb.go:120            Options.writable_file_max_buffer_size: 1048576
I200514 16:31:45.205388 6 storage/engine/rocksdb.go:120              Options.delayed_write_rate : 16777216
I200514 16:31:45.205390 6 storage/engine/rocksdb.go:120              Options.max_total_wal_size: 0
I200514 16:31:45.205393 6 storage/engine/rocksdb.go:120              Options.delete_obsolete_files_period_micros: 21600000000
I200514 16:31:45.205396 6 storage/engine/rocksdb.go:120                    Options.stats_dump_period_sec: 0
I200514 16:31:45.205398 6 storage/engine/rocksdb.go:120                  Options.stats_persist_period_sec: 600
I200514 16:31:45.205401 6 storage/engine/rocksdb.go:120                  Options.stats_history_buffer_size: 1048576
I200514 16:31:45.205403 6 storage/engine/rocksdb.go:120                           Options.max_open_files: 128
I200514 16:31:45.205406 6 storage/engine/rocksdb.go:120                           Options.bytes_per_sync: 524288
I200514 16:31:45.205409 6 storage/engine/rocksdb.go:120                       Options.wal_bytes_per_sync: 0
I200514 16:31:45.205411 6 storage/engine/rocksdb.go:120                    Options.strict_bytes_per_sync: 1
I200514 16:31:45.205414 6 storage/engine/rocksdb.go:120        Options.compaction_readahead_size: 0
I200514 16:31:45.205416 6 storage/engine/rocksdb.go:120  Compression algorithms supported:
I200514 16:31:45.205419 6 storage/engine/rocksdb.go:120  	kZSTDNotFinalCompression supported: 0
I200514 16:31:45.205423 6 storage/engine/rocksdb.go:120  	kZSTD supported: 0
I200514 16:31:45.205425 6 storage/engine/rocksdb.go:120  	kXpressCompression supported: 0
I200514 16:31:45.205428 6 storage/engine/rocksdb.go:120  	kLZ4HCCompression supported: 0
I200514 16:31:45.205431 6 storage/engine/rocksdb.go:120  	kLZ4Compression supported: 0
I200514 16:31:45.205433 6 storage/engine/rocksdb.go:120  	kBZip2Compression supported: 0
I200514 16:31:45.205436 6 storage/engine/rocksdb.go:120  	kZlibCompression supported: 0
I200514 16:31:45.205438 6 storage/engine/rocksdb.go:120  	kSnappyCompression supported: 1
I200514 16:31:45.205448 6 storage/engine/rocksdb.go:120  Fast CRC32 supported: Supported on x86
I200514 16:31:45.223323 6 storage/engine/rocksdb.go:120  [db/db_impl_open.cc:242] Creating manifest 1 
I200514 16:31:45.244260 6 storage/engine/rocksdb.go:120  [db/version_set.cc:4072] Recovering from manifest file: /var/lib/cockroach/cockroach-temp984248661/MANIFEST-000001
I200514 16:31:45.245587 6 storage/engine/rocksdb.go:120  [db/column_family.cc:488] --------------- Options for column family [default]:
I200514 16:31:45.245740 6 storage/engine/rocksdb.go:120                Options.comparator: cockroach_comparator
I200514 16:31:45.245747 6 storage/engine/rocksdb.go:120            Options.merge_operator: cockroach_merge_operator
I200514 16:31:45.245750 6 storage/engine/rocksdb.go:120         Options.compaction_filter: None
I200514 16:31:45.245753 6 storage/engine/rocksdb.go:120         Options.compaction_filter_factory: None
I200514 16:31:45.245756 6 storage/engine/rocksdb.go:120          Options.memtable_factory: SkipListFactory
I200514 16:31:45.245758 6 storage/engine/rocksdb.go:120             Options.table_factory: BlockBasedTable
I200514 16:31:45.245781 6 storage/engine/rocksdb.go:120             table_factory options:   flush_block_policy_factory: FlushBlockBySizePolicyFactory (0x7fdc76a28030)
  cache_index_and_filter_blocks: 0
  cache_index_and_filter_blocks_with_high_priority: 0
  pin_l0_filter_and_index_blocks_in_cache: 0
  pin_top_level_index_and_filter: 1
  index_type: 0
  data_block_index_type: 0
  index_shortening: 1
  data_block_hash_table_util_ratio: 0.750000
  hash_index_allow_collision: 1
  checksum: 1
  no_block_cache: 0
  block_cache: 0x7fdc76a1c010
  block_cache_name: LRUCache
  block_cache_options:
    capacity : 1048576
    num_shard_bits : 4
    strict_capacity_limit : 0
    memory_allocator : None
    high_pri_pool_ratio: 0.000
  block_cache_compressed: (nil)
  persistent_cache: (nil)
  block_size: 32768
  block_size_deviation: 10
  block_restart_interval: 16
  index_block_restart_interval: 1
  metadata_block_size: 4096
  partition_filters: 0
  use_delta_encoding: 1
  filter_policy: rocksdb.BuiltinBloomFilter
  whole_key_filtering: 0
  verify_compression: 0
  read_amp_bytes_per_bit: 0
  format_version: 2
  enable_index_compression: 1
  block_align: 0
I200514 16:31:45.245785 6 storage/engine/rocksdb.go:120         Options.write_buffer_size: 67108864
I200514 16:31:45.245789 6 storage/engine/rocksdb.go:120   Options.max_write_buffer_number: 4
I200514 16:31:45.245792 6 storage/engine/rocksdb.go:120           Options.compression: Snappy
I200514 16:31:45.245794 6 storage/engine/rocksdb.go:120                   Options.bottommost_compression: Disabled
I200514 16:31:45.245797 6 storage/engine/rocksdb.go:120        Options.prefix_extractor: cockroach_prefix_extractor
I200514 16:31:45.245800 6 storage/engine/rocksdb.go:120    Options.memtable_insert_with_hint_prefix_extractor: nullptr
I200514 16:31:45.245803 6 storage/engine/rocksdb.go:120              Options.num_levels: 7
I200514 16:31:45.245805 6 storage/engine/rocksdb.go:120         Options.min_write_buffer_number_to_merge: 1
I200514 16:31:45.245808 6 storage/engine/rocksdb.go:120      Options.max_write_buffer_number_to_maintain: 0
I200514 16:31:45.245810 6 storage/engine/rocksdb.go:120             Options.bottommost_compression_opts.window_bits: -14
I200514 16:31:45.245813 6 storage/engine/rocksdb.go:120                   Options.bottommost_compression_opts.level: 32767
I200514 16:31:45.245816 6 storage/engine/rocksdb.go:120                Options.bottommost_compression_opts.strategy: 0
I200514 16:31:45.245818 6 storage/engine/rocksdb.go:120          Options.bottommost_compression_opts.max_dict_bytes: 0
I200514 16:31:45.245821 6 storage/engine/rocksdb.go:120          Options.bottommost_compression_opts.zstd_max_train_bytes: 0
I200514 16:31:45.245824 6 storage/engine/rocksdb.go:120                   Options.bottommost_compression_opts.enabled: false
I200514 16:31:45.245826 6 storage/engine/rocksdb.go:120             Options.compression_opts.window_bits: -14
I200514 16:31:45.245829 6 storage/engine/rocksdb.go:120                   Options.compression_opts.level: 32767
I200514 16:31:45.245831 6 storage/engine/rocksdb.go:120                Options.compression_opts.strategy: 0
I200514 16:31:45.245834 6 storage/engine/rocksdb.go:120          Options.compression_opts.max_dict_bytes: 0
I200514 16:31:45.245836 6 storage/engine/rocksdb.go:120          Options.compression_opts.zstd_max_train_bytes: 0
I200514 16:31:45.245839 6 storage/engine/rocksdb.go:120                   Options.compression_opts.enabled: false
I200514 16:31:45.245842 6 storage/engine/rocksdb.go:120       Options.level0_file_num_compaction_trigger: 2
I200514 16:31:45.245845 6 storage/engine/rocksdb.go:120           Options.level0_slowdown_writes_trigger: 950
I200514 16:31:45.245847 6 storage/engine/rocksdb.go:120               Options.level0_stop_writes_trigger: 1000
I200514 16:31:45.245850 6 storage/engine/rocksdb.go:120                    Options.target_file_size_base: 4194304
I200514 16:31:45.245852 6 storage/engine/rocksdb.go:120              Options.target_file_size_multiplier: 2
I200514 16:31:45.245855 6 storage/engine/rocksdb.go:120                 Options.max_bytes_for_level_base: 67108864
I200514 16:31:45.245858 6 storage/engine/rocksdb.go:120  Options.level_compaction_dynamic_level_bytes: 1
I200514 16:31:45.245861 6 storage/engine/rocksdb.go:120           Options.max_bytes_for_level_multiplier: 10.000000
I200514 16:31:45.245863 6 storage/engine/rocksdb.go:120  Options.max_bytes_for_level_multiplier_addtl[0]: 1
I200514 16:31:45.245866 6 storage/engine/rocksdb.go:120  Options.max_bytes_for_level_multiplier_addtl[1]: 1
I200514 16:31:45.245869 6 storage/engine/rocksdb.go:120  Options.max_bytes_for_level_multiplier_addtl[2]: 1
I200514 16:31:45.245871 6 storage/engine/rocksdb.go:120  Options.max_bytes_for_level_multiplier_addtl[3]: 1
I200514 16:31:45.245874 6 storage/engine/rocksdb.go:120  Options.max_bytes_for_level_multiplier_addtl[4]: 1
I200514 16:31:45.245876 6 storage/engine/rocksdb.go:120  Options.max_bytes_for_level_multiplier_addtl[5]: 1
I200514 16:31:45.245883 6 storage/engine/rocksdb.go:120  Options.max_bytes_for_level_multiplier_addtl[6]: 1
I200514 16:31:45.245885 6 storage/engine/rocksdb.go:120        Options.max_sequential_skip_in_iterations: 8
I200514 16:31:45.245888 6 storage/engine/rocksdb.go:120                     Options.max_compaction_bytes: 104857600
I200514 16:31:45.245891 6 storage/engine/rocksdb.go:120                         Options.arena_block_size: 8388608
I200514 16:31:45.245893 6 storage/engine/rocksdb.go:120    Options.soft_pending_compaction_bytes_limit: 2199023255552
I200514 16:31:45.245896 6 storage/engine/rocksdb.go:120    Options.hard_pending_compaction_bytes_limit: 4400193994752
I200514 16:31:45.245898 6 storage/engine/rocksdb.go:120        Options.rate_limit_delay_max_milliseconds: 100
I200514 16:31:45.245901 6 storage/engine/rocksdb.go:120                 Options.disable_auto_compactions: 0
I200514 16:31:45.245904 6 storage/engine/rocksdb.go:120                         Options.compaction_style: kCompactionStyleLevel
I200514 16:31:45.245907 6 storage/engine/rocksdb.go:120                           Options.compaction_pri: kMinOverlappingRatio
I200514 16:31:45.245910 6 storage/engine/rocksdb.go:120  Options.compaction_options_universal.size_ratio: 1
I200514 16:31:45.245913 6 storage/engine/rocksdb.go:120  Options.compaction_options_universal.min_merge_width: 2
I200514 16:31:45.245915 6 storage/engine/rocksdb.go:120  Options.compaction_options_universal.max_merge_width: 4294967295
I200514 16:31:45.245918 6 storage/engine/rocksdb.go:120  Options.compaction_options_universal.max_size_amplification_percent: 200
I200514 16:31:45.245921 6 storage/engine/rocksdb.go:120  Options.compaction_options_universal.compression_size_percent: -1
I200514 16:31:45.245923 6 storage/engine/rocksdb.go:120  Options.compaction_options_universal.stop_style: kCompactionStopStyleTotalSize
I200514 16:31:45.245926 6 storage/engine/rocksdb.go:120  Options.compaction_options_fifo.max_table_files_size: 1073741824
I200514 16:31:45.245929 6 storage/engine/rocksdb.go:120  Options.compaction_options_fifo.allow_compaction: 0
I200514 16:31:45.245932 6 storage/engine/rocksdb.go:120                    Options.table_properties_collectors: TimeBoundTblPropCollectorFactory; DeleteRangeTblPropCollectorFactory; 
I200514 16:31:45.245935 6 storage/engine/rocksdb.go:120                    Options.inplace_update_support: 0
I200514 16:31:45.245938 6 storage/engine/rocksdb.go:120                  Options.inplace_update_num_locks: 10000
I200514 16:31:45.245941 6 storage/engine/rocksdb.go:120                Options.memtable_prefix_bloom_size_ratio: 0.000000
I200514 16:31:45.245943 6 storage/engine/rocksdb.go:120                Options.memtable_whole_key_filtering: 0
I200514 16:31:45.245965 6 storage/engine/rocksdb.go:120    Options.memtable_huge_page_size: 0
I200514 16:31:45.245989 6 storage/engine/rocksdb.go:120                            Options.bloom_locality: 0
I200514 16:31:45.245998 6 storage/engine/rocksdb.go:120                     Options.max_successive_merges: 0
I200514 16:31:45.246003 6 storage/engine/rocksdb.go:120                 Options.optimize_filters_for_hits: 1
I200514 16:31:45.246009 6 storage/engine/rocksdb.go:120                 Options.paranoid_file_checks: 0
I200514 16:31:45.246012 6 storage/engine/rocksdb.go:120                 Options.force_consistency_checks: 0
I200514 16:31:45.246015 6 storage/engine/rocksdb.go:120                 Options.report_bg_io_stats: 0
I200514 16:31:45.246018 6 storage/engine/rocksdb.go:120                                Options.ttl: 0
I200514 16:31:45.246021 6 storage/engine/rocksdb.go:120           Options.periodic_compaction_seconds: 0
I200514 16:31:45.247360 6 storage/engine/rocksdb.go:120  [db/version_set.cc:4286] Recovered from manifest file:/var/lib/cockroach/cockroach-temp984248661/MANIFEST-000001 succeeded,manifest_file_number is 1, next_file_number is 3, last_sequence is 0, log_number is 0,prev_log_number is 0,max_column_family is 0,min_log_number_to_keep is 0
I200514 16:31:45.247367 6 storage/engine/rocksdb.go:120  [db/version_set.cc:4295] Column family [default] (ID 0), log number is 0
I200514 16:31:45.266700 6 storage/engine/rocksdb.go:120  DB pointer 0x7fdc76aa4000
I200514 16:31:45.284040 6 storage/engine/rocksdb.go:120  RocksDB version: 6.2.1
I200514 16:31:45.284049 6 storage/engine/rocksdb.go:120  Git sha rocksdb_build_git_sha:@b7009236531fa784872f4823eabf393501e41bf2@
I200514 16:31:45.284053 6 storage/engine/rocksdb.go:120  Compile date Mar 16 2020
I200514 16:31:45.284056 6 storage/engine/rocksdb.go:120  DB SUMMARY
I200514 16:31:45.285148 6 storage/engine/rocksdb.go:120  CURRENT file:  CURRENT
I200514 16:31:45.285154 6 storage/engine/rocksdb.go:120  IDENTITY file:  IDENTITY
I200514 16:31:45.285542 6 storage/engine/rocksdb.go:120  MANIFEST file:  MANIFEST-000447 size: 959 Bytes
I200514 16:31:45.285549 6 storage/engine/rocksdb.go:120  SST files in /var/lib/cockroach dir, Total Num: 3, files: 000451.sst 000452.sst 000453.sst 
I200514 16:31:45.285553 6 storage/engine/rocksdb.go:120  Write Ahead Log file in /var/lib/cockroach: 000448.log size: 478861 ; 
I200514 16:31:45.285556 6 storage/engine/rocksdb.go:120                          Options.error_if_exists: 0
I200514 16:31:45.285559 6 storage/engine/rocksdb.go:120                        Options.create_if_missing: 1
I200514 16:31:45.285562 6 storage/engine/rocksdb.go:120                          Options.paranoid_checks: 1
I200514 16:31:45.285564 6 storage/engine/rocksdb.go:120                                      Options.env: 0x75757a0
I200514 16:31:45.285567 6 storage/engine/rocksdb.go:120                                 Options.info_log: 0x7fdc7920dcc0
I200514 16:31:45.285570 6 storage/engine/rocksdb.go:120                 Options.max_file_opening_threads: 16
I200514 16:31:45.285572 6 storage/engine/rocksdb.go:120                               Options.statistics: 0x7fdc79225010
I200514 16:31:45.285575 6 storage/engine/rocksdb.go:120                                Options.use_fsync: 0
I200514 16:31:45.285578 6 storage/engine/rocksdb.go:120                        Options.max_log_file_size: 0
I200514 16:31:45.285580 6 storage/engine/rocksdb.go:120                   Options.max_manifest_file_size: 134217728
I200514 16:31:45.285583 6 storage/engine/rocksdb.go:120                    Options.log_file_time_to_roll: 0
I200514 16:31:45.285586 6 storage/engine/rocksdb.go:120                        Options.keep_log_file_num: 1000
I200514 16:31:45.285588 6 storage/engine/rocksdb.go:120                     Options.recycle_log_file_num: 1
I200514 16:31:45.285591 6 storage/engine/rocksdb.go:120                          Options.allow_fallocate: 1
I200514 16:31:45.285593 6 storage/engine/rocksdb.go:120                         Options.allow_mmap_reads: 0
I200514 16:31:45.285596 6 storage/engine/rocksdb.go:120                        Options.allow_mmap_writes: 0
I200514 16:31:45.285598 6 storage/engine/rocksdb.go:120                         Options.use_direct_reads: 0
I200514 16:31:45.285601 6 storage/engine/rocksdb.go:120                         Options.use_direct_io_for_flush_and_compaction: 0
I200514 16:31:45.285604 6 storage/engine/rocksdb.go:120           Options.create_missing_column_families: 0
I200514 16:31:45.285606 6 storage/engine/rocksdb.go:120                               Options.db_log_dir: 
I200514 16:31:45.285609 6 storage/engine/rocksdb.go:120                                  Options.wal_dir: /var/lib/cockroach
I200514 16:31:45.285612 6 storage/engine/rocksdb.go:120                 Options.table_cache_numshardbits: 6
I200514 16:31:45.285629 6 storage/engine/rocksdb.go:120                       Options.max_subcompactions: 1
I200514 16:31:45.285632 6 storage/engine/rocksdb.go:120                   Options.max_background_flushes: -1
I200514 16:31:45.285635 6 storage/engine/rocksdb.go:120                          Options.WAL_ttl_seconds: 0
I200514 16:31:45.285638 6 storage/engine/rocksdb.go:120                        Options.WAL_size_limit_MB: 0
I200514 16:31:45.285640 6 storage/engine/rocksdb.go:120              Options.manifest_preallocation_size: 4194304
I200514 16:31:45.285643 6 storage/engine/rocksdb.go:120                      Options.is_fd_close_on_exec: 1
I200514 16:31:45.285646 6 storage/engine/rocksdb.go:120                    Options.advise_random_on_open: 1
I200514 16:31:45.285648 6 storage/engine/rocksdb.go:120                     Options.db_write_buffer_size: 0
I200514 16:31:45.285651 6 storage/engine/rocksdb.go:120                     Options.write_buffer_manager: 0x7fdc7928d030
I200514 16:31:45.285654 6 storage/engine/rocksdb.go:120          Options.access_hint_on_compaction_start: 1
I200514 16:31:45.285657 6 storage/engine/rocksdb.go:120   Options.new_table_reader_for_compaction_inputs: 0
I200514 16:31:45.285661 6 storage/engine/rocksdb.go:120            Options.random_access_max_buffer_size: 1048576
I200514 16:31:45.285664 6 storage/engine/rocksdb.go:120                       Options.use_adaptive_mutex: 0
I200514 16:31:45.285666 6 storage/engine/rocksdb.go:120                             Options.rate_limiter: (nil)
I200514 16:31:45.285670 6 storage/engine/rocksdb.go:120      Options.sst_file_manager.rate_bytes_per_sec: 0
I200514 16:31:45.285673 6 storage/engine/rocksdb.go:120                        Options.wal_recovery_mode: 0
I200514 16:31:45.285677 6 storage/engine/rocksdb.go:120                   Options.enable_thread_tracking: 0
I200514 16:31:45.285680 6 storage/engine/rocksdb.go:120                   Options.enable_pipelined_write: 0
I200514 16:31:45.285684 6 storage/engine/rocksdb.go:120          Options.allow_concurrent_memtable_write: 1
I200514 16:31:45.285687 6 storage/engine/rocksdb.go:120       Options.enable_write_thread_adaptive_yield: 1
I200514 16:31:45.285690 6 storage/engine/rocksdb.go:120              Options.write_thread_max_yield_usec: 100
I200514 16:31:45.285692 6 storage/engine/rocksdb.go:120             Options.write_thread_slow_yield_usec: 3
I200514 16:31:45.285695 6 storage/engine/rocksdb.go:120                                Options.row_cache: None
I200514 16:31:45.285698 6 storage/engine/rocksdb.go:120                               Options.wal_filter: None
I200514 16:31:45.285700 6 storage/engine/rocksdb.go:120              Options.avoid_flush_during_recovery: 0
I200514 16:31:45.285703 6 storage/engine/rocksdb.go:120              Options.allow_ingest_behind: 0
I200514 16:31:45.285705 6 storage/engine/rocksdb.go:120              Options.preserve_deletes: 0
I200514 16:31:45.285708 6 storage/engine/rocksdb.go:120              Options.two_write_queues: 0
I200514 16:31:45.285711 6 storage/engine/rocksdb.go:120              Options.manual_wal_flush: 1
I200514 16:31:45.285714 6 storage/engine/rocksdb.go:120              Options.atomic_flush: 0
I200514 16:31:45.285716 6 storage/engine/rocksdb.go:120              Options.avoid_unnecessary_blocking_io: 0
I200514 16:31:45.285719 6 storage/engine/rocksdb.go:120              Options.max_background_jobs: 2
I200514 16:31:45.285721 6 storage/engine/rocksdb.go:120              Options.max_background_compactions: -1
I200514 16:31:45.285741 6 storage/engine/rocksdb.go:120              Options.avoid_flush_during_shutdown: 0
I200514 16:31:45.285746 6 storage/engine/rocksdb.go:120            Options.writable_file_max_buffer_size: 1048576
I200514 16:31:45.285750 6 storage/engine/rocksdb.go:120              Options.delayed_write_rate : 16777216
I200514 16:31:45.285754 6 storage/engine/rocksdb.go:120              Options.max_total_wal_size: 0
I200514 16:31:45.285758 6 storage/engine/rocksdb.go:120              Options.delete_obsolete_files_period_micros: 21600000000
I200514 16:31:45.285761 6 storage/engine/rocksdb.go:120                    Options.stats_dump_period_sec: 0
I200514 16:31:45.285833 6 storage/engine/rocksdb.go:120                  Options.stats_persist_period_sec: 600
I200514 16:31:45.285838 6 storage/engine/rocksdb.go:120                  Options.stats_history_buffer_size: 1048576
I200514 16:31:45.285842 6 storage/engine/rocksdb.go:120                           Options.max_open_files: 1043576
I200514 16:31:45.285846 6 storage/engine/rocksdb.go:120                           Options.bytes_per_sync: 524288
I200514 16:31:45.285849 6 storage/engine/rocksdb.go:120                       Options.wal_bytes_per_sync: 0
I200514 16:31:45.285853 6 storage/engine/rocksdb.go:120                    Options.strict_bytes_per_sync: 1
I200514 16:31:45.285856 6 storage/engine/rocksdb.go:120        Options.compaction_readahead_size: 0
I200514 16:31:45.285860 6 storage/engine/rocksdb.go:120  Compression algorithms supported:
I200514 16:31:45.285864 6 storage/engine/rocksdb.go:120  	kZSTDNotFinalCompression supported: 0
I200514 16:31:45.285868 6 storage/engine/rocksdb.go:120  	kZSTD supported: 0
I200514 16:31:45.285871 6 storage/engine/rocksdb.go:120  	kXpressCompression supported: 0
I200514 16:31:45.285875 6 storage/engine/rocksdb.go:120  	kLZ4HCCompression supported: 0
I200514 16:31:45.285878 6 storage/engine/rocksdb.go:120  	kLZ4Compression supported: 0
I200514 16:31:45.285882 6 storage/engine/rocksdb.go:120  	kBZip2Compression supported: 0
I200514 16:31:45.285886 6 storage/engine/rocksdb.go:120  	kZlibCompression supported: 0
I200514 16:31:45.285890 6 storage/engine/rocksdb.go:120  	kSnappyCompression supported: 1
I200514 16:31:45.285897 6 storage/engine/rocksdb.go:120  Fast CRC32 supported: Supported on x86
I200514 16:31:45.288592 6 storage/engine/rocksdb.go:120  [db/version_set.cc:4072] Recovering from manifest file: /var/lib/cockroach/MANIFEST-000447
I200514 16:31:45.289035 6 storage/engine/rocksdb.go:120  [db/column_family.cc:488] --------------- Options for column family [default]:
I200514 16:31:45.289040 6 storage/engine/rocksdb.go:120                Options.comparator: cockroach_comparator
I200514 16:31:45.289044 6 storage/engine/rocksdb.go:120            Options.merge_operator: cockroach_merge_operator
I200514 16:31:45.289047 6 storage/engine/rocksdb.go:120         Options.compaction_filter: None
I200514 16:31:45.289051 6 storage/engine/rocksdb.go:120         Options.compaction_filter_factory: None
I200514 16:31:45.289054 6 storage/engine/rocksdb.go:120          Options.memtable_factory: SkipListFactory
I200514 16:31:45.289056 6 storage/engine/rocksdb.go:120             Options.table_factory: BlockBasedTable
I200514 16:31:45.289076 6 storage/engine/rocksdb.go:120             table_factory options:   flush_block_policy_factory: FlushBlockBySizePolicyFactory (0x7fdc79223028)
  cache_index_and_filter_blocks: 0
  cache_index_and_filter_blocks_with_high_priority: 0
  pin_l0_filter_and_index_blocks_in_cache: 0
  pin_top_level_index_and_filter: 1
  index_type: 0
  data_block_index_type: 0
  index_shortening: 1
  data_block_hash_table_util_ratio: 0.750000
  hash_index_allow_collision: 1
  checksum: 1
  no_block_cache: 0
  block_cache: 0x7fdc79214010
  block_cache_name: LRUCache
  block_cache_options:
    capacity : 67108864
    num_shard_bits : 4
    strict_capacity_limit : 0
    memory_allocator : None
    high_pri_pool_ratio: 0.000
  block_cache_compressed: (nil)
  persistent_cache: (nil)
  block_size: 32768
  block_size_deviation: 10
  block_restart_interval: 16
  index_block_restart_interval: 1
  metadata_block_size: 4096
  partition_filters: 0
  use_delta_encoding: 1
  filter_policy: rocksdb.BuiltinBloomFilter
  whole_key_filtering: 0
  verify_compression: 0
  read_amp_bytes_per_bit: 0
  format_version: 2
  enable_index_compression: 1
  block_align: 0
I200514 16:31:45.289080 6 storage/engine/rocksdb.go:120         Options.write_buffer_size: 67108864
I200514 16:31:45.289084 6 storage/engine/rocksdb.go:120   Options.max_write_buffer_number: 4
I200514 16:31:45.289087 6 storage/engine/rocksdb.go:120           Options.compression: Snappy
I200514 16:31:45.289089 6 storage/engine/rocksdb.go:120                   Options.bottommost_compression: Disabled
I200514 16:31:45.289092 6 storage/engine/rocksdb.go:120        Options.prefix_extractor: cockroach_prefix_extractor
I200514 16:31:45.289095 6 storage/engine/rocksdb.go:120    Options.memtable_insert_with_hint_prefix_extractor: nullptr
I200514 16:31:45.289097 6 storage/engine/rocksdb.go:120              Options.num_levels: 7
I200514 16:31:45.289100 6 storage/engine/rocksdb.go:120         Options.min_write_buffer_number_to_merge: 1
I200514 16:31:45.289103 6 storage/engine/rocksdb.go:120      Options.max_write_buffer_number_to_maintain: 0
I200514 16:31:45.289105 6 storage/engine/rocksdb.go:120             Options.bottommost_compression_opts.window_bits: -14
I200514 16:31:45.289108 6 storage/engine/rocksdb.go:120                   Options.bottommost_compression_opts.level: 32767
I200514 16:31:45.289111 6 storage/engine/rocksdb.go:120                Options.bottommost_compression_opts.strategy: 0
I200514 16:31:45.289113 6 storage/engine/rocksdb.go:120          Options.bottommost_compression_opts.max_dict_bytes: 0
I200514 16:31:45.289116 6 storage/engine/rocksdb.go:120          Options.bottommost_compression_opts.zstd_max_train_bytes: 0
I200514 16:31:45.289119 6 storage/engine/rocksdb.go:120                   Options.bottommost_compression_opts.enabled: false
I200514 16:31:45.289121 6 storage/engine/rocksdb.go:120             Options.compression_opts.window_bits: -14
I200514 16:31:45.289124 6 storage/engine/rocksdb.go:120                   Options.compression_opts.level: 32767
I200514 16:31:45.289127 6 storage/engine/rocksdb.go:120                Options.compression_opts.strategy: 0
I200514 16:31:45.289129 6 storage/engine/rocksdb.go:120          Options.compression_opts.max_dict_bytes: 0
I200514 16:31:45.289132 6 storage/engine/rocksdb.go:120          Options.compression_opts.zstd_max_train_bytes: 0
I200514 16:31:45.289134 6 storage/engine/rocksdb.go:120                   Options.compression_opts.enabled: false
I200514 16:31:45.289137 6 storage/engine/rocksdb.go:120       Options.level0_file_num_compaction_trigger: 2
I200514 16:31:45.289140 6 storage/engine/rocksdb.go:120           Options.level0_slowdown_writes_trigger: 950
I200514 16:31:45.289142 6 storage/engine/rocksdb.go:120               Options.level0_stop_writes_trigger: 1000
I200514 16:31:45.289145 6 storage/engine/rocksdb.go:120                    Options.target_file_size_base: 4194304
I200514 16:31:45.289147 6 storage/engine/rocksdb.go:120              Options.target_file_size_multiplier: 2
I200514 16:31:45.289150 6 storage/engine/rocksdb.go:120                 Options.max_bytes_for_level_base: 67108864
I200514 16:31:45.289153 6 storage/engine/rocksdb.go:120  Options.level_compaction_dynamic_level_bytes: 1
I200514 16:31:45.289156 6 storage/engine/rocksdb.go:120           Options.max_bytes_for_level_multiplier: 10.000000
I200514 16:31:45.289159 6 storage/engine/rocksdb.go:120  Options.max_bytes_for_level_multiplier_addtl[0]: 1
I200514 16:31:45.289162 6 storage/engine/rocksdb.go:120  Options.max_bytes_for_level_multiplier_addtl[1]: 1
I200514 16:31:45.289165 6 storage/engine/rocksdb.go:120  Options.max_bytes_for_level_multiplier_addtl[2]: 1
I200514 16:31:45.289168 6 storage/engine/rocksdb.go:120  Options.max_bytes_for_level_multiplier_addtl[3]: 1
I200514 16:31:45.289170 6 storage/engine/rocksdb.go:120  Options.max_bytes_for_level_multiplier_addtl[4]: 1
I200514 16:31:45.289173 6 storage/engine/rocksdb.go:120  Options.max_bytes_for_level_multiplier_addtl[5]: 1
I200514 16:31:45.289175 6 storage/engine/rocksdb.go:120  Options.max_bytes_for_level_multiplier_addtl[6]: 1
I200514 16:31:45.289178 6 storage/engine/rocksdb.go:120        Options.max_sequential_skip_in_iterations: 8
I200514 16:31:45.289180 6 storage/engine/rocksdb.go:120                     Options.max_compaction_bytes: 104857600
I200514 16:31:45.289183 6 storage/engine/rocksdb.go:120                         Options.arena_block_size: 8388608
I200514 16:31:45.289186 6 storage/engine/rocksdb.go:120    Options.soft_pending_compaction_bytes_limit: 2199023255552
I200514 16:31:45.289188 6 storage/engine/rocksdb.go:120    Options.hard_pending_compaction_bytes_limit: 4400193994752
I200514 16:31:45.289191 6 storage/engine/rocksdb.go:120        Options.rate_limit_delay_max_milliseconds: 100
I200514 16:31:45.289194 6 storage/engine/rocksdb.go:120                 Options.disable_auto_compactions: 0
I200514 16:31:45.289197 6 storage/engine/rocksdb.go:120                         Options.compaction_style: kCompactionStyleLevel
I200514 16:31:45.289200 6 storage/engine/rocksdb.go:120                           Options.compaction_pri: kMinOverlappingRatio
I200514 16:31:45.289203 6 storage/engine/rocksdb.go:120  Options.compaction_options_universal.size_ratio: 1
I200514 16:31:45.289205 6 storage/engine/rocksdb.go:120  Options.compaction_options_universal.min_merge_width: 2
I200514 16:31:45.289208 6 storage/engine/rocksdb.go:120  Options.compaction_options_universal.max_merge_width: 4294967295
I200514 16:31:45.289211 6 storage/engine/rocksdb.go:120  Options.compaction_options_universal.max_size_amplification_percent: 200
I200514 16:31:45.289213 6 storage/engine/rocksdb.go:120  Options.compaction_options_universal.compression_size_percent: -1
I200514 16:31:45.289216 6 storage/engine/rocksdb.go:120  Options.compaction_options_universal.stop_style: kCompactionStopStyleTotalSize
I200514 16:31:45.289219 6 storage/engine/rocksdb.go:120  Options.compaction_options_fifo.max_table_files_size: 1073741824
I200514 16:31:45.289221 6 storage/engine/rocksdb.go:120  Options.compaction_options_fifo.allow_compaction: 0
I200514 16:31:45.289241 6 storage/engine/rocksdb.go:120                    Options.table_properties_collectors: TimeBoundTblPropCollectorFactory; DeleteRangeTblPropCollectorFactory; 
I200514 16:31:45.289251 6 storage/engine/rocksdb.go:120                    Options.inplace_update_support: 0
I200514 16:31:45.289254 6 storage/engine/rocksdb.go:120                  Options.inplace_update_num_locks: 10000
I200514 16:31:45.289258 6 storage/engine/rocksdb.go:120                Options.memtable_prefix_bloom_size_ratio: 0.000000
I200514 16:31:45.289261 6 storage/engine/rocksdb.go:120                Options.memtable_whole_key_filtering: 0
I200514 16:31:45.289264 6 storage/engine/rocksdb.go:120    Options.memtable_huge_page_size: 0
I200514 16:31:45.289266 6 storage/engine/rocksdb.go:120                            Options.bloom_locality: 0
I200514 16:31:45.289269 6 storage/engine/rocksdb.go:120                     Options.max_successive_merges: 0
I200514 16:31:45.289271 6 storage/engine/rocksdb.go:120                 Options.optimize_filters_for_hits: 1
I200514 16:31:45.289280 6 storage/engine/rocksdb.go:120                 Options.paranoid_file_checks: 0
I200514 16:31:45.289283 6 storage/engine/rocksdb.go:120                 Options.force_consistency_checks: 0
I200514 16:31:45.289286 6 storage/engine/rocksdb.go:120                 Options.report_bg_io_stats: 0
I200514 16:31:45.289288 6 storage/engine/rocksdb.go:120                                Options.ttl: 0
I200514 16:31:45.289291 6 storage/engine/rocksdb.go:120           Options.periodic_compaction_seconds: 0
I200514 16:31:45.295276 6 storage/engine/rocksdb.go:120  [db/version_set.cc:4286] Recovered from manifest file:/var/lib/cockroach/MANIFEST-000447 succeeded,manifest_file_number is 447, next_file_number is 455, last_sequence is 8686058, log_number is 446,prev_log_number is 0,max_column_family is 0,min_log_number_to_keep is 0
I200514 16:31:45.295284 6 storage/engine/rocksdb.go:120  [db/version_set.cc:4295] Column family [default] (ID 0), log number is 446
I200514 16:31:45.296451 6 storage/engine/rocksdb.go:120  EVENT_LOG_v1 {"time_micros": 1589473905296428, "job": 1, "event": "recovery_started", "log_files": [448]}
I200514 16:31:45.296459 6 storage/engine/rocksdb.go:120  [db/db_impl_open.cc:598] Recovering log #448 mode 0
I200514 16:31:45.323972 6 storage/engine/rocksdb.go:120  EVENT_LOG_v1 {"time_micros": 1589473905323931, "cf_name": "default", "job": 1, "event": "table_file_creation", "file_number": 455, "file_size": 65383, "table_properties": {"data_size": 62699, "index_size": 295, "index_partitions": 0, "top_level_index_size": 0, "index_key_is_user_key": 0, "index_value_is_delta_encoded": 0, "filter_size": 1477, "raw_key_size": 49487, "raw_average_key_size": 43, "raw_value_size": 208147, "raw_average_value_size": 180, "num_data_blocks": 7, "num_entries": 1150, "num_deletions": 260, "num_merge_operands": 664, "num_range_deletions": 664, "format_version": 0, "fixed_key_len": 0, "filter_policy": "rocksdb.BuiltinBloomFilter", "column_family_name": "default", "column_family_id": 0, "comparator": "cockroach_comparator", "merge_operator": "cockroach_merge_operator", "prefix_extractor_name": "cockroach_prefix_extractor", "property_collectors": "[TimeBoundTblPropCollectorFactory,DeleteRangeTblPropCollectorFactory]", "compression": "Snappy", "compression_options": "window_bits=-14; level=32767; strategy=0; max_dict_bytes=0; zstd_max_train_bytes=0; enabled=0; ", "creation_time": 1589473905, "oldest_key_time": 3, "file_creation_time": 0}}
I200514 16:31:45.324137 6 storage/engine/rocksdb.go:120  [db/version_set.cc:3560] Creating manifest 456
I200514 16:31:45.338299 6 storage/engine/rocksdb.go:120  EVENT_LOG_v1 {"time_micros": 1589473905338249, "job": 1, "event": "recovery_finished"}
I200514 16:31:45.368489 6 storage/engine/rocksdb.go:120  DB pointer 0x7fdc7929f000
I200514 16:32:48.894865 1309 storage/engine/rocksdb.go:120  bloom filter utility:    -nan%
I200514 16:32:48.895163 1309 storage/engine/rocksdb.go:120  [db/db_impl.cc:392] Shutdown: canceling all background work
I200514 16:32:48.897318 1309 storage/engine/rocksdb.go:120  [db/db_impl.cc:565] Shutdown complete
I200514 16:32:48.907960 1309 storage/engine/rocksdb.go:120  bloom filter utility:    73.9%
I200514 16:32:48.908237 1309 storage/engine/rocksdb.go:120  [db/db_impl.cc:392] Shutdown: canceling all background work
I200514 16:32:48.915589 1309 storage/engine/rocksdb.go:120  [db/db_impl.cc:565] Shutdown complete
