I200514 19:22:31.158090 1 util/log/clog.go:1196  [config] file created at: 2020/05/14 19:22:31
I200514 19:22:31.158090 1 util/log/clog.go:1196  [config] running on machine: 4cc077b89061
I200514 19:22:31.158090 1 util/log/clog.go:1196  [config] binary: CockroachDB CCL v19.2.5 (x86_64-unknown-linux-gnu, built 2020/03/16 18:27:12, go1.12.12)
I200514 19:22:31.158090 1 util/log/clog.go:1196  [config] arguments: [/cockroach/cockroach start --insecure --store=attrs=ssd,path=/var/lib/cockroach/]
I200514 19:22:31.158090 1 util/log/clog.go:1196  line format: [IWEF]yymmdd hh:mm:ss.uuuuuu goid file:line msg utf8=✓
I200514 19:22:31.158089 1 cli/start.go:1144  logging to directory /var/lib/cockroach/logs
W200514 19:22:31.182714 1 cli/start.go:1182  RUNNING IN INSECURE MODE!

- Your cluster is open for any client that can access <all your IP addresses>.
- Any user, even root, can log in without providing a password.
- Any user, connecting as root, can read or write any data in your cluster.
- There is no network encryption nor authentication, and thus no confidentiality.

Check out how to secure your cluster: https://www.cockroachlabs.com/docs/v19.2/secure-a-cluster.html
I200514 19:22:31.182961 1 server/status/recorder.go:597  available memory from cgroups (8.0 EiB) is unsupported, using system memory 1.9 GiB instead: 
W200514 19:22:31.183008 1 cli/start.go:1052  Using the default setting for --cache (128 MiB).
  A significantly larger value is usually needed for good performance.
  If you have a dedicated server a reasonable setting is --cache=.25 (497 MiB).
I200514 19:22:31.183205 1 server/status/recorder.go:597  available memory from cgroups (8.0 EiB) is unsupported, using system memory 1.9 GiB instead: 
W200514 19:22:31.183218 1 cli/start.go:1065  Using the default setting for --max-sql-memory (128 MiB).
  A significantly larger value is usually needed in production.
  If you have a dedicated server a reasonable setting is --max-sql-memory=.25 (497 MiB).
I200514 19:22:31.183380 1 server/status/recorder.go:597  available memory from cgroups (8.0 EiB) is unsupported, using system memory 1.9 GiB instead: 
I200514 19:22:31.183391 1 cli/start.go:1196  CockroachDB CCL v19.2.5 (x86_64-unknown-linux-gnu, built 2020/03/16 18:27:12, go1.12.12)
W200514 19:22:32.049832 1 cli/start.go:511  running 'cockroach start' without --join is deprecated.
Consider using 'cockroach start-single-node' or 'cockroach init' instead.
I200514 19:22:32.071510 1 server/status/recorder.go:597  available memory from cgroups (8.0 EiB) is unsupported, using system memory 1.9 GiB instead: 
I200514 19:22:32.071527 1 server/config.go:394  system total memory: 1.9 GiB
I200514 19:22:32.071552 1 server/config.go:396  server configuration:
max offset             500000000
cache size             128 MiB
SQL memory pool size   128 MiB
scan interval          10m0s
scan min idle time     10ms
scan max idle time     1s
event log enabled      true
I200514 19:22:32.071561 1 cli/start.go:1030  using local environment variables: COCKROACH_CHANNEL=official-docker
I200514 19:22:32.071569 1 cli/start.go:1037  process identity: uid 0 euid 0 gid 0 egid 0
I200514 19:22:32.071639 1 cli/start.go:644  starting cockroach node
I200514 19:22:32.074779 34 storage/engine/rocksdb.go:622  opening rocksdb instance at "/var/lib/cockroach/cockroach-temp829705741"
I200514 19:22:32.352409 34 server/server.go:928  [n?] monitoring forward clock jumps based on server.clock.forward_jump_check_enabled
I200514 19:22:32.354677 34 storage/engine/rocksdb.go:622  opening rocksdb instance at "/var/lib/cockroach"
I200514 19:22:32.456994 34 server/config.go:502  [n?] 1 storage engine initialized
I200514 19:22:32.457002 34 server/config.go:505  [n?] RocksDB cache size: 128 MiB
I200514 19:22:32.457006 34 server/config.go:505  [n?] store 0: RocksDB, max size 0 B, max open file limit 1043576
W200514 19:22:32.477475 34 cli/start.go:996  neither --listen-addr nor --advertise-addr was specified.
The server will advertise "4cc077b89061" to other nodes, is this routable?

Consider using:
- for local-only servers:  --listen-addr=localhost
- for multi-node clusters: --advertise-addr=<host/IP addr>
I200514 19:22:32.479153 34 server/server.go:978  [n?] Sleeping till wall time 1589484152479133356 to catches up to 1589484152852333957 to ensure monotonicity. Delta: 373.200601ms
I200514 19:22:32.852656 34 gossip/gossip.go:394  [n1] NodeDescriptor set to node_id:1 address:<network_field:"tcp" address_field:"4cc077b89061:26257" > attrs:<> locality:<> ServerVersion:<major_val:19 minor_val:2 patch:0 unstable:0 > build_tag:"v19.2.5" started_at:1589484152852540556 cluster_name:"" sql_address:<network_field:"tcp" address_field:"4cc077b89061:26257" > 
W200514 19:22:32.884360 102 storage/replica_range_lease.go:554  can't determine lease status due to node liveness error: node not in the liveness table
github.com/cockroachdb/cockroach/pkg/storage.init.ializers
	/go/src/github.com/cockroachdb/cockroach/pkg/storage/node_liveness.go:44
runtime.main
	/usr/local/go/src/runtime/proc.go:188
runtime.goexit
	/usr/local/go/src/runtime/asm_amd64.s:1337
W200514 19:22:32.884380 102 storage/store.go:1530  [n1,s1,r6/1:/Table/{SystemCon…-11}] could not gossip system config: [NotLeaseHolderError] r6: replica (n1,s1):1 not lease holder; lease holder unknown
I200514 19:22:33.157290 34 server/node.go:431  [n1] initialized store [n1,s1]: disk (capacity=894 GiB, available=579 GiB, used=20 MiB, logicalBytes=93 MiB), ranges=40, leases=3, queries=0.00, writes=0.00, bytesPerReplica={p10=0.00 p25=0.00 p50=146.00 p75=28470.00 p90=11334177.00 pMax=34820355.00}, writesPerReplica={p10=0.00 p25=0.00 p50=0.00 p75=0.00 p90=0.00 pMax=0.00}
I200514 19:22:33.157381 34 storage/stores.go:240  [n1] read 0 node addresses from persistent storage
I200514 19:22:33.157453 34 server/node.go:645  [n1] connecting to gossip network to verify cluster ID...
I200514 19:22:33.157467 34 server/node.go:665  [n1] node connected via gossip and verified as part of cluster "3d423bb5-5d67-4ebf-947b-999bec430444"
I200514 19:22:33.157553 34 server/node.go:512  [n1] node=1: started with [ssd=/var/lib/cockroach] engine(s) and attributes []
I200514 19:22:33.163036 96 storage/queue.go:577  [n1,s1,r24/1:/Table/{28-53}] rate limited in MaybeAdd (merge): throttled on async limiting semaphore
I200514 19:22:33.164573 34 server/server.go:1514  [n1] starting http server at [::]:8080 (use: 4cc077b89061:8080)
I200514 19:22:33.164583 34 server/server.go:1521  [n1] starting grpc/postgres server at [::]:26257
I200514 19:22:33.164591 34 server/server.go:1522  [n1] advertising CockroachDB node at 4cc077b89061:26257
I200514 19:22:33.293642 34 server/server.go:1590  [n1] done ensuring all necessary migrations have run
I200514 19:22:33.293687 34 server/server.go:1841  [n1] serving sql connections
I200514 19:22:33.293735 34 cli/start.go:803  [config] clusterID: 3d423bb5-5d67-4ebf-947b-999bec430444
I200514 19:22:33.293747 34 cli/start.go:812  node startup completed:
CockroachDB node starting at 2020-05-14 19:22:33.293699555 +0000 UTC (took 2.1s)
build:               CCL v19.2.5 @ 2020/03/16 18:27:12 (go1.12.12)
webui:               http://4cc077b89061:8080
sql:                 postgresql://root@4cc077b89061:26257?sslmode=disable
RPC client flags:    /cockroach/cockroach <client cmd> --host=4cc077b89061:26257 --insecure
logs:                /var/lib/cockroach/logs
temp dir:            /var/lib/cockroach/cockroach-temp829705741
external I/O path:   /var/lib/cockroach/extern
store[0]:            path=/var/lib/cockroach,attrs=ssd
status:              restarted pre-existing node
clusterID:           3d423bb5-5d67-4ebf-947b-999bec430444
nodeID:              1
I200514 19:22:33.297054 292 server/server_update.go:53  [n1] no need to upgrade, cluster already at the newest version
I200514 19:22:33.301745 294 sql/event_log.go:130  [n1] Event: "node_restart", target: 1, info: {Descriptor:{NodeID:1 Address:4cc077b89061:26257 Attrs: Locality: ServerVersion:19.2 BuildTag:v19.2.5 StartedAt:1589484152852540556 LocalityAddress:[] ClusterName: SQLAddress:4cc077b89061:26257} ClusterID:3d423bb5-5d67-4ebf-947b-999bec430444 StartedAt:1589484152852540556 LastUp:1589484150000178359}
I200514 19:22:33.983352 28 gossip/gossip.go:1531  [n1] node has connected to cluster via gossip
I200514 19:22:33.983432 28 storage/stores.go:259  [n1] wrote 0 node addresses to persistent storage
I200514 19:22:35.484442 296 server/updates.go:267  [n1] A new version is available: 20.1.0, details: https://www.cockroachlabs.com/docs/releases/v20.1.0.html
I200514 19:22:43.196761 197 server/status/runtime.go:498  [n1] runtime stats: 123 MiB RSS, 117 goroutines, 107 MiB/17 MiB/135 MiB GO alloc/idle/total, 15 MiB/17 MiB CGO alloc/total, 0.0 CGO/sec, 0.0/0.0 %(u/s)time, 0.0 %gc (10x), 38 KiB/47 KiB (r/w)net
I200514 19:22:53.196758 197 server/status/runtime.go:498  [n1] runtime stats: 134 MiB RSS, 117 goroutines, 117 MiB/7.2 MiB/135 MiB GO alloc/idle/total, 15 MiB/18 MiB CGO alloc/total, 67.0 CGO/sec, 0.6/0.4 %(u/s)time, 0.0 %gc (0x), 2.0 KiB/1.9 KiB (r/w)net
I200514 19:22:53.234769 110 storage/store.go:2364  [n1,s1] sstables (read amplification = 2):
0 [ 86K 1 ]: 86K
6 [ 11M 3 ]: 4M[2] 3M
I200514 19:22:53.234833 110 storage/store.go:2365  [n1,s1] 
** Compaction Stats [default] **
Level    Files   Size     Score Read(GB)  Rn(GB) Rnp1(GB) Write(GB) Wnew(GB) Moved(GB) W-Amp Rd(MB/s) Wr(MB/s) Comp(sec) CompMergeCPU(sec) Comp(cnt) Avg(sec) KeyIn KeyDrop
----------------------------------------------------------------------------------------------------------------------------------------------------------------------------
  L0      1/0   86.34 KB   0.5      0.0     0.0      0.0       0.0      0.0       0.0   1.0      0.0      2.4      0.03              0.00         1    0.034       0      0
  L6      3/0   10.94 MB   0.0      0.0     0.0      0.0       0.0      0.0       0.0   0.0      0.0      0.0      0.00              0.00         0    0.000       0      0
 Sum      4/0   11.03 MB   0.0      0.0     0.0      0.0       0.0      0.0       0.0   1.0      0.0      2.4      0.03              0.00         1    0.034       0      0
 Int      0/0    0.00 KB   0.0      0.0     0.0      0.0       0.0      0.0       0.0   1.0      0.0      2.4      0.03              0.00         1    0.034       0      0

** Compaction Stats [default] **
Priority    Files   Size     Score Read(GB)  Rn(GB) Rnp1(GB) Write(GB) Wnew(GB) Moved(GB) W-Amp Rd(MB/s) Wr(MB/s) Comp(sec) CompMergeCPU(sec) Comp(cnt) Avg(sec) KeyIn KeyDrop
-------------------------------------------------------------------------------------------------------------------------------------------------------------------------------
User      0/0    0.00 KB   0.0      0.0     0.0      0.0       0.0      0.0       0.0   0.0      0.0      2.4      0.03              0.00         1    0.034       0      0
Uptime(secs): 20.9 total, 20.9 interval
Flush(GB): cumulative 0.000, interval 0.000
AddFile(GB): cumulative 0.000, interval 0.000
AddFile(Total Files): cumulative 0, interval 0
AddFile(L0 Files): cumulative 0, interval 0
AddFile(Keys): cumulative 0, interval 0
Cumulative compaction: 0.00 GB write, 0.00 MB/s write, 0.00 GB read, 0.00 MB/s read, 0.0 seconds
Interval compaction: 0.00 GB write, 0.00 MB/s write, 0.00 GB read, 0.00 MB/s read, 0.0 seconds
Stalls(count): 0 level0_slowdown, 0 level0_slowdown_with_compaction, 0 level0_numfiles, 0 level0_numfiles_with_compaction, 0 stop for pending_compaction_bytes, 0 slowdown for pending_compaction_bytes, 0 memtable_compaction, 0 memtable_slowdown, interval 0 total count
estimated_pending_compaction_bytes: 0 B
I200514 19:23:03.197008 197 server/status/runtime.go:498  [n1] runtime stats: 137 MiB RSS, 117 goroutines, 85 MiB/34 MiB/135 MiB GO alloc/idle/total, 16 MiB/18 MiB CGO alloc/total, 46.5 CGO/sec, 0.6/0.2 %(u/s)time, 0.0 %gc (1x), 140 B/0 B (r/w)net
I200514 19:23:13.196957 197 server/status/runtime.go:498  [n1] runtime stats: 137 MiB RSS, 118 goroutines, 92 MiB/28 MiB/135 MiB GO alloc/idle/total, 16 MiB/18 MiB CGO alloc/total, 62.8 CGO/sec, 0.5/0.1 %(u/s)time, 0.0 %gc (0x), 0 B/0 B (r/w)net
I200514 19:23:22.272483 1 cli/start.go:865  received signal 'terminated'
I200514 19:23:22.272734 1 cli/start.go:930  initiating graceful shutdown of server
I200514 19:23:22.289304 1123 util/stop/stopper.go:542  [server drain process] quiescing; tasks left:
1      [async] stats.Refresher: maybeRefreshStats
1      [async] intent_resolver_ir_batcher
1      [async] intent_resolver_gc_batcher
1      [async] closedts-rangefeed-subscriber
I200514 19:23:22.289936 1123 util/stop/stopper.go:542  [server drain process] quiescing; tasks left:
1      [async] stats.Refresher: maybeRefreshStats
1      [async] intent_resolver_gc_batcher
1      [async] closedts-rangefeed-subscriber
I200514 19:23:22.290398 1123 util/stop/stopper.go:542  [server drain process] quiescing; tasks left:
1      [async] stats.Refresher: maybeRefreshStats
1      [async] closedts-rangefeed-subscriber
W200514 19:23:22.290992 70 vendor/google.golang.org/grpc/clientconn.go:1206  grpc: addrConn.createTransport failed to connect to {4cc077b89061:26257 0  <nil>}. Err :connection error: desc = "transport: failed to write client preface: io: read/write on closed pipe". Reconnecting...
I200514 19:23:22.291470 1123 util/stop/stopper.go:542  [server drain process] quiescing; tasks left:
1      [async] closedts-rangefeed-subscriber
I200514 19:23:22.292555 1123 storage/engine/rocksdb.go:762  closing rocksdb instance at "/var/lib/cockroach/cockroach-temp829705741"
I200514 19:23:22.302235 1123 storage/engine/rocksdb.go:762  closing rocksdb instance at "/var/lib/cockroach"
I200514 19:23:22.311649 1 cli/start.go:976  server drained and shutdown completed
