I200514 20:18:11.743400 1 util/log/clog.go:1196  [config] file created at: 2020/05/14 20:18:11
I200514 20:18:11.743400 1 util/log/clog.go:1196  [config] running on machine: 8ab5d97e8741
I200514 20:18:11.743400 1 util/log/clog.go:1196  [config] binary: CockroachDB CCL v19.2.5 (x86_64-unknown-linux-gnu, built 2020/03/16 18:27:12, go1.12.12)
I200514 20:18:11.743400 1 util/log/clog.go:1196  [config] arguments: [/cockroach/cockroach start --insecure --store=attrs=ssd,path=/var/lib/cockroach/]
I200514 20:18:11.743400 1 util/log/clog.go:1196  line format: [IWEF]yymmdd hh:mm:ss.uuuuuu goid file:line msg utf8=✓
I200514 20:18:11.743399 1 cli/start.go:1144  logging to directory /var/lib/cockroach/logs
W200514 20:18:11.765539 1 cli/start.go:1182  RUNNING IN INSECURE MODE!

- Your cluster is open for any client that can access <all your IP addresses>.
- Any user, even root, can log in without providing a password.
- Any user, connecting as root, can read or write any data in your cluster.
- There is no network encryption nor authentication, and thus no confidentiality.

Check out how to secure your cluster: https://www.cockroachlabs.com/docs/v19.2/secure-a-cluster.html
I200514 20:18:11.767146 1 server/status/recorder.go:597  available memory from cgroups (8.0 EiB) is unsupported, using system memory 1.9 GiB instead: 
W200514 20:18:11.767582 1 cli/start.go:1052  Using the default setting for --cache (128 MiB).
  A significantly larger value is usually needed for good performance.
  If you have a dedicated server a reasonable setting is --cache=.25 (497 MiB).
I200514 20:18:11.768006 1 server/status/recorder.go:597  available memory from cgroups (8.0 EiB) is unsupported, using system memory 1.9 GiB instead: 
W200514 20:18:11.768020 1 cli/start.go:1065  Using the default setting for --max-sql-memory (128 MiB).
  A significantly larger value is usually needed in production.
  If you have a dedicated server a reasonable setting is --max-sql-memory=.25 (497 MiB).
I200514 20:18:11.768287 1 server/status/recorder.go:597  available memory from cgroups (8.0 EiB) is unsupported, using system memory 1.9 GiB instead: 
I200514 20:18:11.768303 1 cli/start.go:1196  CockroachDB CCL v19.2.5 (x86_64-unknown-linux-gnu, built 2020/03/16 18:27:12, go1.12.12)
W200514 20:18:12.866127 1 cli/start.go:511  running 'cockroach start' without --join is deprecated.
Consider using 'cockroach start-single-node' or 'cockroach init' instead.
I200514 20:18:12.894520 1 server/status/recorder.go:597  available memory from cgroups (8.0 EiB) is unsupported, using system memory 1.9 GiB instead: 
I200514 20:18:12.894538 1 server/config.go:394  system total memory: 1.9 GiB
I200514 20:18:12.894571 1 server/config.go:396  server configuration:
max offset             500000000
cache size             128 MiB
SQL memory pool size   128 MiB
scan interval          10m0s
scan min idle time     10ms
scan max idle time     1s
event log enabled      true
I200514 20:18:12.894581 1 cli/start.go:1030  using local environment variables: COCKROACH_CHANNEL=official-docker
I200514 20:18:12.894589 1 cli/start.go:1037  process identity: uid 0 euid 0 gid 0 egid 0
I200514 20:18:12.894634 1 cli/start.go:644  starting cockroach node
I200514 20:18:12.898104 15 storage/engine/rocksdb.go:622  opening rocksdb instance at "/var/lib/cockroach/cockroach-temp088038684"
I200514 20:18:13.234095 15 server/server.go:928  [n?] monitoring forward clock jumps based on server.clock.forward_jump_check_enabled
I200514 20:18:13.234914 15 storage/engine/rocksdb.go:622  opening rocksdb instance at "/var/lib/cockroach"
I200514 20:18:13.352250 15 server/config.go:502  [n?] 1 storage engine initialized
I200514 20:18:13.352257 15 server/config.go:505  [n?] RocksDB cache size: 128 MiB
I200514 20:18:13.352274 15 server/config.go:505  [n?] store 0: RocksDB, max size 0 B, max open file limit 1043576
W200514 20:18:13.389534 15 cli/start.go:996  neither --listen-addr nor --advertise-addr was specified.
The server will advertise "8ab5d97e8741" to other nodes, is this routable?

Consider using:
- for local-only servers:  --listen-addr=localhost
- for multi-node clusters: --advertise-addr=<host/IP addr>
I200514 20:18:13.392205 15 server/server.go:978  [n?] Sleeping till wall time 1589487493392133181 to catches up to 1589487493734052892 to ensure monotonicity. Delta: 341.919711ms
I200514 20:18:13.736599 15 gossip/gossip.go:394  [n1] NodeDescriptor set to node_id:1 address:<network_field:"tcp" address_field:"8ab5d97e8741:26257" > attrs:<> locality:<> ServerVersion:<major_val:19 minor_val:2 patch:0 unstable:0 > build_tag:"v19.2.5" started_at:1589487493736500557 cluster_name:"" sql_address:<network_field:"tcp" address_field:"8ab5d97e8741:26257" > 
W200514 20:18:13.776973 113 storage/replica_range_lease.go:554  can't determine lease status due to node liveness error: node not in the liveness table
github.com/cockroachdb/cockroach/pkg/storage.init.ializers
	/go/src/github.com/cockroachdb/cockroach/pkg/storage/node_liveness.go:44
runtime.main
	/usr/local/go/src/runtime/proc.go:188
runtime.goexit
	/usr/local/go/src/runtime/asm_amd64.s:1337
W200514 20:18:13.776998 113 storage/store.go:1530  [n1,s1,r6/1:/Table/{SystemCon…-11}] could not gossip system config: [NotLeaseHolderError] r6: replica (n1,s1):1 not lease holder; lease holder unknown
I200514 20:18:14.067803 15 server/node.go:431  [n1] initialized store [n1,s1]: disk (capacity=894 GiB, available=579 GiB, used=22 MiB, logicalBytes=104 MiB), ranges=40, leases=3, queries=0.00, writes=0.00, bytesPerReplica={p10=0.00 p25=0.00 p50=146.00 p75=25187.00 p90=12801345.00 pMax=39695139.00}, writesPerReplica={p10=0.00 p25=0.00 p50=0.00 p75=0.00 p90=0.00 pMax=0.00}
I200514 20:18:14.067854 15 storage/stores.go:240  [n1] read 0 node addresses from persistent storage
I200514 20:18:14.068440 15 server/node.go:645  [n1] connecting to gossip network to verify cluster ID...
I200514 20:18:14.068453 15 server/node.go:665  [n1] node connected via gossip and verified as part of cluster "3d423bb5-5d67-4ebf-947b-999bec430444"
I200514 20:18:14.068481 15 server/node.go:512  [n1] node=1: started with [ssd=/var/lib/cockroach] engine(s) and attributes []
I200514 20:18:14.072298 15 server/server.go:1514  [n1] starting http server at [::]:8080 (use: 8ab5d97e8741:8080)
I200514 20:18:14.072311 15 server/server.go:1521  [n1] starting grpc/postgres server at [::]:26257
I200514 20:18:14.072320 15 server/server.go:1522  [n1] advertising CockroachDB node at 8ab5d97e8741:26257
I200514 20:18:14.410900 15 server/server.go:1590  [n1] done ensuring all necessary migrations have run
I200514 20:18:14.410951 15 server/server.go:1841  [n1] serving sql connections
I200514 20:18:14.411005 15 cli/start.go:803  [config] clusterID: 3d423bb5-5d67-4ebf-947b-999bec430444
I200514 20:18:14.411018 15 cli/start.go:812  node startup completed:
CockroachDB node starting at 2020-05-14 20:18:14.410965212 +0000 UTC (took 2.7s)
build:               CCL v19.2.5 @ 2020/03/16 18:27:12 (go1.12.12)
webui:               http://8ab5d97e8741:8080
sql:                 postgresql://root@8ab5d97e8741:26257?sslmode=disable
RPC client flags:    /cockroach/cockroach <client cmd> --host=8ab5d97e8741:26257 --insecure
logs:                /var/lib/cockroach/logs
temp dir:            /var/lib/cockroach/cockroach-temp088038684
external I/O path:   /var/lib/cockroach/extern
store[0]:            path=/var/lib/cockroach,attrs=ssd
status:              restarted pre-existing node
clusterID:           3d423bb5-5d67-4ebf-947b-999bec430444
nodeID:              1
I200514 20:18:14.413134 224 server/server_update.go:53  [n1] no need to upgrade, cluster already at the newest version
I200514 20:18:14.419046 226 sql/event_log.go:130  [n1] Event: "node_restart", target: 1, info: {Descriptor:{NodeID:1 Address:8ab5d97e8741:26257 Attrs: Locality: ServerVersion:19.2 BuildTag:v19.2.5 StartedAt:1589487493736500557 LocalityAddress:[] ClusterName: SQLAddress:8ab5d97e8741:26257} ClusterID:3d423bb5-5d67-4ebf-947b-999bec430444 StartedAt:1589487493736500557 LastUp:1589487490483580677}
I200514 20:18:15.497362 71 gossip/gossip.go:1531  [n1] node has connected to cluster via gossip
I200514 20:18:15.497463 71 storage/stores.go:259  [n1] wrote 0 node addresses to persistent storage
I200514 20:18:16.613585 308 server/updates.go:267  [n1] A new version is available: 20.1.0, details: https://www.cockroachlabs.com/docs/releases/v20.1.0.html
I200514 20:18:24.077716 240 server/status/runtime.go:498  [n1] runtime stats: 133 MiB RSS, 115 goroutines, 89 MiB/34 MiB/135 MiB GO alloc/idle/total, 14 MiB/17 MiB CGO alloc/total, 0.0 CGO/sec, 0.0/0.0 %(u/s)time, 0.0 %gc (10x), 63 KiB/85 KiB (r/w)net
I200514 20:18:34.077787 240 server/status/runtime.go:498  [n1] runtime stats: 136 MiB RSS, 115 goroutines, 106 MiB/18 MiB/135 MiB GO alloc/idle/total, 14 MiB/17 MiB CGO alloc/total, 81.8 CGO/sec, 0.7/0.4 %(u/s)time, 0.0 %gc (0x), 10 KiB/14 KiB (r/w)net
I200514 20:18:34.344825 177 storage/store.go:2364  [n1,s1] sstables (read amplification = 1):
6 [ 11M 3 ]: 4M[2] 3M
I200514 20:18:34.344894 177 storage/store.go:2365  [n1,s1] 
** Compaction Stats [default] **
Level    Files   Size     Score Read(GB)  Rn(GB) Rnp1(GB) Write(GB) Wnew(GB) Moved(GB) W-Amp Rd(MB/s) Wr(MB/s) Comp(sec) CompMergeCPU(sec) Comp(cnt) Avg(sec) KeyIn KeyDrop
----------------------------------------------------------------------------------------------------------------------------------------------------------------------------
  L0      0/0    0.00 KB   0.0      0.0     0.0      0.0       0.0      0.0       0.0   1.0      0.0      2.2      0.04              0.00         1    0.039       0      0
  L6      3/0   11.34 MB   0.0      0.0     0.0      0.0       0.0      0.0       0.0  61.5     40.7     40.2      0.28              0.12         1    0.282     37K   1644
 Sum      3/0   11.34 MB   0.0      0.0     0.0      0.0       0.0      0.0       0.0 131.0     35.7     35.5      0.32              0.12         2    0.161     37K   1644
 Int      0/0    0.00 KB   0.0      0.0     0.0      0.0       0.0      0.0       0.0 131.0     35.7     35.5      0.32              0.12         2    0.161     37K   1644

** Compaction Stats [default] **
Priority    Files   Size     Score Read(GB)  Rn(GB) Rnp1(GB) Write(GB) Wnew(GB) Moved(GB) W-Amp Rd(MB/s) Wr(MB/s) Comp(sec) CompMergeCPU(sec) Comp(cnt) Avg(sec) KeyIn KeyDrop
-------------------------------------------------------------------------------------------------------------------------------------------------------------------------------
 Low      0/0    0.00 KB   0.0      0.0     0.0      0.0       0.0      0.0       0.0   0.0     40.7     40.2      0.28              0.12         1    0.282     37K   1644
User      0/0    0.00 KB   0.0      0.0     0.0      0.0       0.0      0.0       0.0   0.0      0.0      2.2      0.04              0.00         1    0.039       0      0
Uptime(secs): 21.1 total, 21.1 interval
Flush(GB): cumulative 0.000, interval 0.000
AddFile(GB): cumulative 0.000, interval 0.000
AddFile(Total Files): cumulative 0, interval 0
AddFile(L0 Files): cumulative 0, interval 0
AddFile(Keys): cumulative 0, interval 0
Cumulative compaction: 0.01 GB write, 0.54 MB/s write, 0.01 GB read, 0.54 MB/s read, 0.3 seconds
Interval compaction: 0.01 GB write, 0.54 MB/s write, 0.01 GB read, 0.54 MB/s read, 0.3 seconds
Stalls(count): 0 level0_slowdown, 0 level0_slowdown_with_compaction, 0 level0_numfiles, 0 level0_numfiles_with_compaction, 0 stop for pending_compaction_bytes, 0 slowdown for pending_compaction_bytes, 0 memtable_compaction, 0 memtable_slowdown, interval 0 total count
estimated_pending_compaction_bytes: 0 B
I200514 20:18:44.077883 240 server/status/runtime.go:498  [n1] runtime stats: 142 MiB RSS, 115 goroutines, 123 MiB/1.7 MiB/136 MiB GO alloc/idle/total, 15 MiB/18 MiB CGO alloc/total, 83.0 CGO/sec, 0.8/0.5 %(u/s)time, 0.0 %gc (0x), 10 KiB/14 KiB (r/w)net
I200514 20:18:54.078122 240 server/status/runtime.go:498  [n1] runtime stats: 149 MiB RSS, 116 goroutines, 131 MiB/57 MiB/202 MiB GO alloc/idle/total, 15 MiB/18 MiB CGO alloc/total, 59.0 CGO/sec, 0.4/0.4 %(u/s)time, 0.0 %gc (0x), 0 B/0 B (r/w)net
I200514 20:19:04.078177 240 server/status/runtime.go:498  [n1] runtime stats: 157 MiB RSS, 116 goroutines, 79 MiB/104 MiB/202 MiB GO alloc/idle/total, 15 MiB/18 MiB CGO alloc/total, 28.5 CGO/sec, 0.5/0.2 %(u/s)time, 0.0 %gc (1x), 0 B/0 B (r/w)net
I200514 20:19:05.574655 1 cli/start.go:865  received signal 'terminated'
I200514 20:19:05.575084 1 cli/start.go:930  initiating graceful shutdown of server
I200514 20:19:05.579081 1212 util/stop/stopper.go:542  [server drain process] quiescing; tasks left:
1      [async] stats.Refresher: maybeRefreshStats
1      [async] intent_resolver_ir_batcher
1      [async] intent_resolver_gc_batcher
1      [async] closedts-rangefeed-subscriber
I200514 20:19:05.580003 1212 storage/engine/rocksdb.go:762  closing rocksdb instance at "/var/lib/cockroach/cockroach-temp088038684"
I200514 20:19:05.589260 1212 storage/engine/rocksdb.go:762  closing rocksdb instance at "/var/lib/cockroach"
I200514 20:19:05.597636 1 cli/start.go:976  server drained and shutdown completed
