I200511 11:28:09.939415 1 util/log/clog.go:1196  [config] file created at: 2020/05/11 11:28:09
I200511 11:28:09.939415 1 util/log/clog.go:1196  [config] running on machine: b3c7ca506b5d
I200511 11:28:09.939415 1 util/log/clog.go:1196  [config] binary: CockroachDB CCL v19.2.5 (x86_64-unknown-linux-gnu, built 2020/03/16 18:27:12, go1.12.12)
I200511 11:28:09.939415 1 util/log/clog.go:1196  [config] arguments: [/cockroach/cockroach start --insecure --store=attrs=ssd,path=/var/lib/cockroach/]
I200511 11:28:09.939415 1 util/log/clog.go:1196  line format: [IWEF]yymmdd hh:mm:ss.uuuuuu goid file:line msg utf8=✓
I200511 11:28:09.939414 1 cli/start.go:1144  logging to directory /var/lib/cockroach/logs
W200511 11:28:09.957553 1 cli/start.go:1182  RUNNING IN INSECURE MODE!

- Your cluster is open for any client that can access <all your IP addresses>.
- Any user, even root, can log in without providing a password.
- Any user, connecting as root, can read or write any data in your cluster.
- There is no network encryption nor authentication, and thus no confidentiality.

Check out how to secure your cluster: https://www.cockroachlabs.com/docs/v19.2/secure-a-cluster.html
I200511 11:28:09.958352 1 server/status/recorder.go:597  available memory from cgroups (8.0 EiB) is unsupported, using system memory 1.9 GiB instead: 
W200511 11:28:09.958423 1 cli/start.go:1052  Using the default setting for --cache (128 MiB).
  A significantly larger value is usually needed for good performance.
  If you have a dedicated server a reasonable setting is --cache=.25 (497 MiB).
I200511 11:28:09.958639 1 server/status/recorder.go:597  available memory from cgroups (8.0 EiB) is unsupported, using system memory 1.9 GiB instead: 
W200511 11:28:09.958652 1 cli/start.go:1065  Using the default setting for --max-sql-memory (128 MiB).
  A significantly larger value is usually needed in production.
  If you have a dedicated server a reasonable setting is --max-sql-memory=.25 (497 MiB).
I200511 11:28:09.958852 1 server/status/recorder.go:597  available memory from cgroups (8.0 EiB) is unsupported, using system memory 1.9 GiB instead: 
I200511 11:28:09.958863 1 cli/start.go:1196  CockroachDB CCL v19.2.5 (x86_64-unknown-linux-gnu, built 2020/03/16 18:27:12, go1.12.12)
W200511 11:28:10.103528 1 cli/start.go:511  running 'cockroach start' without --join is deprecated.
Consider using 'cockroach start-single-node' or 'cockroach init' instead.
I200511 11:28:10.110691 1 server/status/recorder.go:597  available memory from cgroups (8.0 EiB) is unsupported, using system memory 1.9 GiB instead: 
I200511 11:28:10.110704 1 server/config.go:394  system total memory: 1.9 GiB
I200511 11:28:10.110728 1 server/config.go:396  server configuration:
max offset             500000000
cache size             128 MiB
SQL memory pool size   128 MiB
scan interval          10m0s
scan min idle time     10ms
scan max idle time     1s
event log enabled      true
I200511 11:28:10.110738 1 cli/start.go:1030  using local environment variables: COCKROACH_CHANNEL=official-docker
I200511 11:28:10.110748 1 cli/start.go:1037  process identity: uid 0 euid 0 gid 0 egid 0
I200511 11:28:10.110779 1 cli/start.go:644  starting cockroach node
I200511 11:28:10.113121 32 storage/engine/rocksdb.go:622  opening rocksdb instance at "/var/lib/cockroach/cockroach-temp302489056"
I200511 11:28:10.187992 32 server/server.go:928  [n?] monitoring forward clock jumps based on server.clock.forward_jump_check_enabled
I200511 11:28:10.193595 32 storage/engine/rocksdb.go:622  opening rocksdb instance at "/var/lib/cockroach"
I200511 11:28:10.286854 32 server/config.go:502  [n?] 1 storage engine initialized
I200511 11:28:10.286861 32 server/config.go:505  [n?] RocksDB cache size: 128 MiB
I200511 11:28:10.286865 32 server/config.go:505  [n?] store 0: RocksDB, max size 0 B, max open file limit 1043576
W200511 11:28:10.304271 32 cli/start.go:996  neither --listen-addr nor --advertise-addr was specified.
The server will advertise "b3c7ca506b5d" to other nodes, is this routable?

Consider using:
- for local-only servers:  --listen-addr=localhost
- for multi-node clusters: --advertise-addr=<host/IP addr>
I200511 11:28:10.305249 32 server/server.go:978  [n?] Sleeping till wall time 1589196490305219480 to catches up to 1589196490687831181 to ensure monotonicity. Delta: 382.611701ms
I200511 11:28:10.688263 32 gossip/gossip.go:394  [n1] NodeDescriptor set to node_id:1 address:<network_field:"tcp" address_field:"b3c7ca506b5d:26257" > attrs:<> locality:<> ServerVersion:<major_val:19 minor_val:2 patch:0 unstable:0 > build_tag:"v19.2.5" started_at:1589196490688176180 cluster_name:"" sql_address:<network_field:"tcp" address_field:"b3c7ca506b5d:26257" > 
W200511 11:28:10.717623 102 storage/replica_range_lease.go:554  can't determine lease status due to node liveness error: node not in the liveness table
github.com/cockroachdb/cockroach/pkg/storage.init.ializers
	/go/src/github.com/cockroachdb/cockroach/pkg/storage/node_liveness.go:44
runtime.main
	/usr/local/go/src/runtime/proc.go:188
runtime.goexit
	/usr/local/go/src/runtime/asm_amd64.s:1337
W200511 11:28:10.717645 102 storage/store.go:1530  [n1,s1,r6/1:/Table/{SystemCon…-11}] could not gossip system config: [NotLeaseHolderError] r6: replica (n1,s1):1 not lease holder; lease holder unknown
I200511 11:28:10.738478 32 server/node.go:431  [n1] initialized store [n1,s1]: disk (capacity=894 GiB, available=592 GiB, used=1.2 MiB, logicalBytes=12 MiB), ranges=37, leases=2, queries=0.00, writes=0.00, bytesPerReplica={p10=0.00 p25=0.00 p50=0.00 p75=4883.00 p90=25962.00 pMax=12048344.00}, writesPerReplica={p10=0.00 p25=0.00 p50=0.00 p75=0.00 p90=0.00 pMax=0.00}
I200511 11:28:10.738571 32 storage/stores.go:240  [n1] read 0 node addresses from persistent storage
I200511 11:28:10.738643 32 server/node.go:645  [n1] connecting to gossip network to verify cluster ID...
I200511 11:28:10.738655 32 server/node.go:665  [n1] node connected via gossip and verified as part of cluster "3d423bb5-5d67-4ebf-947b-999bec430444"
I200511 11:28:10.738744 32 server/node.go:512  [n1] node=1: started with [ssd=/var/lib/cockroach] engine(s) and attributes []
I200511 11:28:10.739448 32 server/server.go:1514  [n1] starting http server at [::]:8080 (use: b3c7ca506b5d:8080)
I200511 11:28:10.739484 32 server/server.go:1521  [n1] starting grpc/postgres server at [::]:26257
I200511 11:28:10.739496 32 server/server.go:1522  [n1] advertising CockroachDB node at b3c7ca506b5d:26257
I200511 11:28:10.767938 32 server/server.go:1590  [n1] done ensuring all necessary migrations have run
I200511 11:28:10.768020 32 server/server.go:1841  [n1] serving sql connections
I200511 11:28:10.768074 32 cli/start.go:803  [config] clusterID: 3d423bb5-5d67-4ebf-947b-999bec430444
I200511 11:28:10.768245 32 cli/start.go:812  node startup completed:
CockroachDB node starting at 2020-05-11 11:28:10.76803888 +0000 UTC (took 0.8s)
build:               CCL v19.2.5 @ 2020/03/16 18:27:12 (go1.12.12)
webui:               http://b3c7ca506b5d:8080
sql:                 postgresql://root@b3c7ca506b5d:26257?sslmode=disable
RPC client flags:    /cockroach/cockroach <client cmd> --host=b3c7ca506b5d:26257 --insecure
logs:                /var/lib/cockroach/logs
temp dir:            /var/lib/cockroach/cockroach-temp302489056
external I/O path:   /var/lib/cockroach/extern
store[0]:            path=/var/lib/cockroach,attrs=ssd
status:              restarted pre-existing node
clusterID:           3d423bb5-5d67-4ebf-947b-999bec430444
nodeID:              1
I200511 11:28:10.779362 168 sql/event_log.go:130  [n1] Event: "node_restart", target: 1, info: {Descriptor:{NodeID:1 Address:b3c7ca506b5d:26257 Attrs: Locality: ServerVersion:19.2 BuildTag:v19.2.5 StartedAt:1589196490688176180 LocalityAddress:[] ClusterName: SQLAddress:b3c7ca506b5d:26257} ClusterID:3d423bb5-5d67-4ebf-947b-999bec430444 StartedAt:1589196490688176180 LastUp:1589196488707794381}
I200511 11:28:10.785365 166 server/server_update.go:53  [n1] no need to upgrade, cluster already at the newest version
I200511 11:28:11.860614 77 gossip/gossip.go:1531  [n1] node has connected to cluster via gossip
I200511 11:28:11.860693 77 storage/stores.go:259  [n1] wrote 0 node addresses to persistent storage
I200511 11:28:20.743626 131 server/status/runtime.go:498  [n1] runtime stats: 100 MiB RSS, 117 goroutines, 84 MiB/40 MiB/130 MiB GO alloc/idle/total, 14 MiB/16 MiB CGO alloc/total, 0.0 CGO/sec, 0.0/0.0 %(u/s)time, 0.0 %gc (9x), 10 KiB/14 KiB (r/w)net
I200511 11:28:30.741866 110 storage/store.go:2364  [n1,s1] sstables (read amplification = 2):
0 [  70K 1 ]: 70K
6 [ 462K 1 ]: 462K
I200511 11:28:30.741963 110 storage/store.go:2365  [n1,s1] 
** Compaction Stats [default] **
Level    Files   Size     Score Read(GB)  Rn(GB) Rnp1(GB) Write(GB) Wnew(GB) Moved(GB) W-Amp Rd(MB/s) Wr(MB/s) Comp(sec) CompMergeCPU(sec) Comp(cnt) Avg(sec) KeyIn KeyDrop
----------------------------------------------------------------------------------------------------------------------------------------------------------------------------
  L0      1/0   70.29 KB   0.5      0.0     0.0      0.0       0.0      0.0       0.0   1.0      0.0      2.7      0.03              0.00         1    0.025       0      0
  L6      1/0   462.24 KB   0.0      0.0     0.0      0.0       0.0      0.0       0.0   0.0      0.0      0.0      0.00              0.00         0    0.000       0      0
 Sum      2/0   532.53 KB   0.0      0.0     0.0      0.0       0.0      0.0       0.0   1.0      0.0      2.7      0.03              0.00         1    0.025       0      0
 Int      0/0    0.00 KB   0.0      0.0     0.0      0.0       0.0      0.0       0.0   1.0      0.0      2.7      0.03              0.00         1    0.025       0      0

** Compaction Stats [default] **
Priority    Files   Size     Score Read(GB)  Rn(GB) Rnp1(GB) Write(GB) Wnew(GB) Moved(GB) W-Amp Rd(MB/s) Wr(MB/s) Comp(sec) CompMergeCPU(sec) Comp(cnt) Avg(sec) KeyIn KeyDrop
-------------------------------------------------------------------------------------------------------------------------------------------------------------------------------
User      0/0    0.00 KB   0.0      0.0     0.0      0.0       0.0      0.0       0.0   0.0      0.0      2.7      0.03              0.00         1    0.025       0      0
Uptime(secs): 20.5 total, 20.5 interval
Flush(GB): cumulative 0.000, interval 0.000
AddFile(GB): cumulative 0.000, interval 0.000
AddFile(Total Files): cumulative 0, interval 0
AddFile(L0 Files): cumulative 0, interval 0
AddFile(Keys): cumulative 0, interval 0
Cumulative compaction: 0.00 GB write, 0.00 MB/s write, 0.00 GB read, 0.00 MB/s read, 0.0 seconds
Interval compaction: 0.00 GB write, 0.00 MB/s write, 0.00 GB read, 0.00 MB/s read, 0.0 seconds
Stalls(count): 0 level0_slowdown, 0 level0_slowdown_with_compaction, 0 level0_numfiles, 0 level0_numfiles_with_compaction, 0 stop for pending_compaction_bytes, 0 slowdown for pending_compaction_bytes, 0 memtable_compaction, 0 memtable_slowdown, interval 0 total count
estimated_pending_compaction_bytes: 0 B
I200511 11:28:30.743740 131 server/status/runtime.go:498  [n1] runtime stats: 107 MiB RSS, 117 goroutines, 93 MiB/31 MiB/135 MiB GO alloc/idle/total, 14 MiB/16 MiB CGO alloc/total, 62.0 CGO/sec, 0.4/0.2 %(u/s)time, 0.0 %gc (0x), 140 B/0 B (r/w)net
I200511 11:28:40.743801 131 server/status/runtime.go:498  [n1] runtime stats: 117 MiB RSS, 117 goroutines, 101 MiB/23 MiB/135 MiB GO alloc/idle/total, 14 MiB/16 MiB CGO alloc/total, 63.5 CGO/sec, 0.5/0.2 %(u/s)time, 0.0 %gc (0x), 224 B/0 B (r/w)net
I200511 11:28:50.744004 131 server/status/runtime.go:498  [n1] runtime stats: 126 MiB RSS, 118 goroutines, 110 MiB/15 MiB/135 MiB GO alloc/idle/total, 14 MiB/17 MiB CGO alloc/total, 57.2 CGO/sec, 0.5/0.2 %(u/s)time, 0.0 %gc (0x), 0 B/0 B (r/w)net
I200511 11:29:00.744034 131 server/status/runtime.go:498  [n1] runtime stats: 137 MiB RSS, 118 goroutines, 76 MiB/43 MiB/135 MiB GO alloc/idle/total, 14 MiB/17 MiB CGO alloc/total, 44.9 CGO/sec, 0.5/0.3 %(u/s)time, 0.0 %gc (1x), 2.4 KiB/2.5 KiB (r/w)net
I200511 11:29:10.739082 111 gossip/gossip.go:566  [n1] gossip status (ok, 1 node)
gossip client (0/3 cur/max conns)
gossip server (0/3 cur/max conns, infos 0/0 sent/received, bytes 0B/0B sent/received)
gossip connectivity
  n1 [sentinel];
I200511 11:29:10.745525 131 server/status/runtime.go:498  [n1] runtime stats: 138 MiB RSS, 120 goroutines, 83 MiB/37 MiB/135 MiB GO alloc/idle/total, 14 MiB/17 MiB CGO alloc/total, 27.8 CGO/sec, 0.3/0.3 %(u/s)time, 0.0 %gc (0x), 70 B/0 B (r/w)net
I200511 11:29:20.745640 131 server/status/runtime.go:498  [n1] runtime stats: 138 MiB RSS, 117 goroutines, 91 MiB/31 MiB/135 MiB GO alloc/idle/total, 14 MiB/17 MiB CGO alloc/total, 58.7 CGO/sec, 0.3/0.2 %(u/s)time, 0.0 %gc (0x), 70 B/0 B (r/w)net
I200511 11:29:30.745754 131 server/status/runtime.go:498  [n1] runtime stats: 138 MiB RSS, 117 goroutines, 98 MiB/25 MiB/135 MiB GO alloc/idle/total, 14 MiB/17 MiB CGO alloc/total, 20.8 CGO/sec, 0.3/0.1 %(u/s)time, 0.0 %gc (0x), 0 B/0 B (r/w)net
I200511 11:29:40.745955 131 server/status/runtime.go:498  [n1] runtime stats: 139 MiB RSS, 117 goroutines, 104 MiB/20 MiB/135 MiB GO alloc/idle/total, 14 MiB/17 MiB CGO alloc/total, 27.3 CGO/sec, 0.3/0.2 %(u/s)time, 0.0 %gc (0x), 0 B/0 B (r/w)net
I200511 11:29:50.745999 131 server/status/runtime.go:498  [n1] runtime stats: 140 MiB RSS, 118 goroutines, 110 MiB/14 MiB/135 MiB GO alloc/idle/total, 14 MiB/17 MiB CGO alloc/total, 25.9 CGO/sec, 0.2/0.2 %(u/s)time, 0.0 %gc (0x), 0 B/0 B (r/w)net
I200511 11:30:00.746000 131 server/status/runtime.go:498  [n1] runtime stats: 141 MiB RSS, 118 goroutines, 118 MiB/6.1 MiB/135 MiB GO alloc/idle/total, 14 MiB/17 MiB CGO alloc/total, 23.3 CGO/sec, 0.3/0.1 %(u/s)time, 0.0 %gc (0x), 66 B/66 B (r/w)net
I200511 11:30:10.738931 111 gossip/gossip.go:566  [n1] gossip status (ok, 1 node)
gossip client (0/3 cur/max conns)
gossip server (0/3 cur/max conns, infos 0/0 sent/received, bytes 0B/0B sent/received)
I200511 11:30:10.746141 131 server/status/runtime.go:498  [n1] runtime stats: 147 MiB RSS, 118 goroutines, 126 MiB/62 MiB/201 MiB GO alloc/idle/total, 14 MiB/17 MiB CGO alloc/total, 25.4 CGO/sec, 0.3/0.2 %(u/s)time, 0.0 %gc (0x), 84 B/84 B (r/w)net
I200511 11:30:20.746219 131 server/status/runtime.go:498  [n1] runtime stats: 156 MiB RSS, 117 goroutines, 135 MiB/54 MiB/201 MiB GO alloc/idle/total, 14 MiB/17 MiB CGO alloc/total, 50.2 CGO/sec, 0.4/0.2 %(u/s)time, 0.0 %gc (0x), 70 B/0 B (r/w)net
I200511 11:30:30.746310 131 server/status/runtime.go:498  [n1] runtime stats: 159 MiB RSS, 117 goroutines, 84 MiB/99 MiB/201 MiB GO alloc/idle/total, 14 MiB/17 MiB CGO alloc/total, 26.9 CGO/sec, 0.3/0.2 %(u/s)time, 0.0 %gc (1x), 70 B/0 B (r/w)net
I200511 11:30:34.147055 1 cli/start.go:865  received signal 'terminated'
I200511 11:30:34.147491 1 cli/start.go:930  initiating graceful shutdown of server
I200511 11:30:34.153663 1989 util/stop/stopper.go:542  [server drain process] quiescing; tasks left:
1      [async] intent_resolver_ir_batcher
1      [async] intent_resolver_gc_batcher
1      [async] closedts-rangefeed-subscriber
I200511 11:30:34.154567 1989 storage/engine/rocksdb.go:762  closing rocksdb instance at "/var/lib/cockroach/cockroach-temp302489056"
I200511 11:30:34.166168 1989 storage/engine/rocksdb.go:762  closing rocksdb instance at "/var/lib/cockroach"
I200511 11:30:34.173507 1 cli/start.go:976  server drained and shutdown completed
