I200514 19:46:59.739135 30 util/log/clog.go:1196  [config] file created at: 2020/05/14 19:46:59
I200514 19:46:59.739135 30 util/log/clog.go:1196  [config] running on machine: 68aba25a9676
I200514 19:46:59.739135 30 util/log/clog.go:1196  [config] binary: CockroachDB CCL v19.2.5 (x86_64-unknown-linux-gnu, built 2020/03/16 18:27:12, go1.12.12)
I200514 19:46:59.739135 30 util/log/clog.go:1196  [config] arguments: [/cockroach/cockroach start --insecure --store=attrs=ssd,path=/var/lib/cockroach/]
I200514 19:46:59.739135 30 util/log/clog.go:1196  line format: [IWEF]yymmdd hh:mm:ss.uuuuuu goid file:line msg utf8=✓
I200514 19:46:59.739134 30 storage/engine/rocksdb.go:120  RocksDB version: 6.2.1
I200514 19:46:59.746191 30 storage/engine/rocksdb.go:120  Git sha rocksdb_build_git_sha:@b7009236531fa784872f4823eabf393501e41bf2@
I200514 19:46:59.746194 30 storage/engine/rocksdb.go:120  Compile date Mar 16 2020
I200514 19:46:59.746198 30 storage/engine/rocksdb.go:120  DB SUMMARY
I200514 19:46:59.747322 30 storage/engine/rocksdb.go:120  SST files in /var/lib/cockroach/cockroach-temp918078049 dir, Total Num: 0, files: 
I200514 19:46:59.977277 30 storage/engine/rocksdb.go:120  Write Ahead Log file in /var/lib/cockroach/cockroach-temp918078049: 
I200514 19:46:59.977284 30 storage/engine/rocksdb.go:120                          Options.error_if_exists: 0
I200514 19:46:59.977286 30 storage/engine/rocksdb.go:120                        Options.create_if_missing: 1
I200514 19:46:59.977289 30 storage/engine/rocksdb.go:120                          Options.paranoid_checks: 1
I200514 19:46:59.977292 30 storage/engine/rocksdb.go:120                                      Options.env: 0x75757a0
I200514 19:46:59.977295 30 storage/engine/rocksdb.go:120                                 Options.info_log: 0x7f9eff6270e0
I200514 19:46:59.977297 30 storage/engine/rocksdb.go:120                 Options.max_file_opening_threads: 16
I200514 19:46:59.977300 30 storage/engine/rocksdb.go:120                               Options.statistics: 0x7f9eff634010
I200514 19:46:59.977303 30 storage/engine/rocksdb.go:120                                Options.use_fsync: 0
I200514 19:46:59.977305 30 storage/engine/rocksdb.go:120                        Options.max_log_file_size: 0
I200514 19:46:59.977308 30 storage/engine/rocksdb.go:120                   Options.max_manifest_file_size: 134217728
I200514 19:46:59.977311 30 storage/engine/rocksdb.go:120                    Options.log_file_time_to_roll: 0
I200514 19:46:59.977314 30 storage/engine/rocksdb.go:120                        Options.keep_log_file_num: 1000
I200514 19:46:59.977316 30 storage/engine/rocksdb.go:120                     Options.recycle_log_file_num: 1
I200514 19:46:59.977320 30 storage/engine/rocksdb.go:120                          Options.allow_fallocate: 1
I200514 19:46:59.977322 30 storage/engine/rocksdb.go:120                         Options.allow_mmap_reads: 0
I200514 19:46:59.977325 30 storage/engine/rocksdb.go:120                        Options.allow_mmap_writes: 0
I200514 19:46:59.977328 30 storage/engine/rocksdb.go:120                         Options.use_direct_reads: 0
I200514 19:46:59.977330 30 storage/engine/rocksdb.go:120                         Options.use_direct_io_for_flush_and_compaction: 0
I200514 19:46:59.977333 30 storage/engine/rocksdb.go:120           Options.create_missing_column_families: 0
I200514 19:46:59.977336 30 storage/engine/rocksdb.go:120                               Options.db_log_dir: 
I200514 19:46:59.977339 30 storage/engine/rocksdb.go:120                                  Options.wal_dir: /var/lib/cockroach/cockroach-temp918078049
I200514 19:46:59.977342 30 storage/engine/rocksdb.go:120                 Options.table_cache_numshardbits: 6
I200514 19:46:59.977345 30 storage/engine/rocksdb.go:120                       Options.max_subcompactions: 1
I200514 19:46:59.977348 30 storage/engine/rocksdb.go:120                   Options.max_background_flushes: -1
I200514 19:46:59.977350 30 storage/engine/rocksdb.go:120                          Options.WAL_ttl_seconds: 0
I200514 19:46:59.977353 30 storage/engine/rocksdb.go:120                        Options.WAL_size_limit_MB: 0
I200514 19:46:59.977355 30 storage/engine/rocksdb.go:120              Options.manifest_preallocation_size: 4194304
I200514 19:46:59.977358 30 storage/engine/rocksdb.go:120                      Options.is_fd_close_on_exec: 1
I200514 19:46:59.977361 30 storage/engine/rocksdb.go:120                    Options.advise_random_on_open: 1
I200514 19:46:59.977363 30 storage/engine/rocksdb.go:120                     Options.db_write_buffer_size: 0
I200514 19:46:59.977366 30 storage/engine/rocksdb.go:120                     Options.write_buffer_manager: 0x7f9eff6190f0
I200514 19:46:59.977368 30 storage/engine/rocksdb.go:120          Options.access_hint_on_compaction_start: 1
I200514 19:46:59.977371 30 storage/engine/rocksdb.go:120   Options.new_table_reader_for_compaction_inputs: 0
I200514 19:46:59.977374 30 storage/engine/rocksdb.go:120            Options.random_access_max_buffer_size: 1048576
I200514 19:46:59.977376 30 storage/engine/rocksdb.go:120                       Options.use_adaptive_mutex: 0
I200514 19:46:59.977379 30 storage/engine/rocksdb.go:120                             Options.rate_limiter: (nil)
I200514 19:46:59.977382 30 storage/engine/rocksdb.go:120      Options.sst_file_manager.rate_bytes_per_sec: 0
I200514 19:46:59.977385 30 storage/engine/rocksdb.go:120                        Options.wal_recovery_mode: 0
I200514 19:46:59.977387 30 storage/engine/rocksdb.go:120                   Options.enable_thread_tracking: 0
I200514 19:46:59.977390 30 storage/engine/rocksdb.go:120                   Options.enable_pipelined_write: 0
I200514 19:46:59.977392 30 storage/engine/rocksdb.go:120          Options.allow_concurrent_memtable_write: 1
I200514 19:46:59.977395 30 storage/engine/rocksdb.go:120       Options.enable_write_thread_adaptive_yield: 1
I200514 19:46:59.977398 30 storage/engine/rocksdb.go:120              Options.write_thread_max_yield_usec: 100
I200514 19:46:59.977400 30 storage/engine/rocksdb.go:120             Options.write_thread_slow_yield_usec: 3
I200514 19:46:59.977402 30 storage/engine/rocksdb.go:120                                Options.row_cache: None
I200514 19:46:59.977405 30 storage/engine/rocksdb.go:120                               Options.wal_filter: None
I200514 19:46:59.977408 30 storage/engine/rocksdb.go:120              Options.avoid_flush_during_recovery: 0
I200514 19:46:59.977410 30 storage/engine/rocksdb.go:120              Options.allow_ingest_behind: 0
I200514 19:46:59.977413 30 storage/engine/rocksdb.go:120              Options.preserve_deletes: 0
I200514 19:46:59.977415 30 storage/engine/rocksdb.go:120              Options.two_write_queues: 0
I200514 19:46:59.977418 30 storage/engine/rocksdb.go:120              Options.manual_wal_flush: 1
I200514 19:46:59.977420 30 storage/engine/rocksdb.go:120              Options.atomic_flush: 0
I200514 19:46:59.977423 30 storage/engine/rocksdb.go:120              Options.avoid_unnecessary_blocking_io: 0
I200514 19:46:59.977425 30 storage/engine/rocksdb.go:120              Options.max_background_jobs: 2
I200514 19:46:59.977428 30 storage/engine/rocksdb.go:120              Options.max_background_compactions: -1
I200514 19:46:59.977431 30 storage/engine/rocksdb.go:120              Options.avoid_flush_during_shutdown: 0
I200514 19:46:59.977433 30 storage/engine/rocksdb.go:120            Options.writable_file_max_buffer_size: 1048576
I200514 19:46:59.977436 30 storage/engine/rocksdb.go:120              Options.delayed_write_rate : 16777216
I200514 19:46:59.977439 30 storage/engine/rocksdb.go:120              Options.max_total_wal_size: 0
I200514 19:46:59.977441 30 storage/engine/rocksdb.go:120              Options.delete_obsolete_files_period_micros: 21600000000
I200514 19:46:59.977444 30 storage/engine/rocksdb.go:120                    Options.stats_dump_period_sec: 0
I200514 19:46:59.977446 30 storage/engine/rocksdb.go:120                  Options.stats_persist_period_sec: 600
I200514 19:46:59.977449 30 storage/engine/rocksdb.go:120                  Options.stats_history_buffer_size: 1048576
I200514 19:46:59.977455 30 storage/engine/rocksdb.go:120                           Options.max_open_files: 128
I200514 19:46:59.977458 30 storage/engine/rocksdb.go:120                           Options.bytes_per_sync: 524288
I200514 19:46:59.977461 30 storage/engine/rocksdb.go:120                       Options.wal_bytes_per_sync: 0
I200514 19:46:59.977463 30 storage/engine/rocksdb.go:120                    Options.strict_bytes_per_sync: 1
I200514 19:46:59.977466 30 storage/engine/rocksdb.go:120        Options.compaction_readahead_size: 0
I200514 19:46:59.977468 30 storage/engine/rocksdb.go:120  Compression algorithms supported:
I200514 19:46:59.977471 30 storage/engine/rocksdb.go:120  	kZSTDNotFinalCompression supported: 0
I200514 19:46:59.977474 30 storage/engine/rocksdb.go:120  	kZSTD supported: 0
I200514 19:46:59.977477 30 storage/engine/rocksdb.go:120  	kXpressCompression supported: 0
I200514 19:46:59.977480 30 storage/engine/rocksdb.go:120  	kLZ4HCCompression supported: 0
I200514 19:46:59.977482 30 storage/engine/rocksdb.go:120  	kLZ4Compression supported: 0
I200514 19:46:59.977485 30 storage/engine/rocksdb.go:120  	kBZip2Compression supported: 0
I200514 19:46:59.977488 30 storage/engine/rocksdb.go:120  	kZlibCompression supported: 0
I200514 19:46:59.977490 30 storage/engine/rocksdb.go:120  	kSnappyCompression supported: 1
I200514 19:46:59.977499 30 storage/engine/rocksdb.go:120  Fast CRC32 supported: Supported on x86
I200514 19:46:59.980015 30 storage/engine/rocksdb.go:120  [db/db_impl_open.cc:242] Creating manifest 1 
I200514 19:46:59.999637 30 storage/engine/rocksdb.go:120  [db/version_set.cc:4072] Recovering from manifest file: /var/lib/cockroach/cockroach-temp918078049/MANIFEST-000001
I200514 19:47:00.000808 30 storage/engine/rocksdb.go:120  [db/column_family.cc:488] --------------- Options for column family [default]:
I200514 19:47:00.000814 30 storage/engine/rocksdb.go:120                Options.comparator: cockroach_comparator
I200514 19:47:00.000818 30 storage/engine/rocksdb.go:120            Options.merge_operator: cockroach_merge_operator
I200514 19:47:00.000821 30 storage/engine/rocksdb.go:120         Options.compaction_filter: None
I200514 19:47:00.000824 30 storage/engine/rocksdb.go:120         Options.compaction_filter_factory: None
I200514 19:47:00.000828 30 storage/engine/rocksdb.go:120          Options.memtable_factory: SkipListFactory
I200514 19:47:00.000830 30 storage/engine/rocksdb.go:120             Options.table_factory: BlockBasedTable
I200514 19:47:00.000850 30 storage/engine/rocksdb.go:120             table_factory options:   flush_block_policy_factory: FlushBlockBySizePolicyFactory (0x7f9eff628030)
  cache_index_and_filter_blocks: 0
  cache_index_and_filter_blocks_with_high_priority: 0
  pin_l0_filter_and_index_blocks_in_cache: 0
  pin_top_level_index_and_filter: 1
  index_type: 0
  data_block_index_type: 0
  index_shortening: 1
  data_block_hash_table_util_ratio: 0.750000
  hash_index_allow_collision: 1
  checksum: 1
  no_block_cache: 0
  block_cache: 0x7f9eff61c010
  block_cache_name: LRUCache
  block_cache_options:
    capacity : 1048576
    num_shard_bits : 4
    strict_capacity_limit : 0
    memory_allocator : None
    high_pri_pool_ratio: 0.000
  block_cache_compressed: (nil)
  persistent_cache: (nil)
  block_size: 32768
  block_size_deviation: 10
  block_restart_interval: 16
  index_block_restart_interval: 1
  metadata_block_size: 4096
  partition_filters: 0
  use_delta_encoding: 1
  filter_policy: rocksdb.BuiltinBloomFilter
  whole_key_filtering: 0
  verify_compression: 0
  read_amp_bytes_per_bit: 0
  format_version: 2
  enable_index_compression: 1
  block_align: 0
I200514 19:47:00.000855 30 storage/engine/rocksdb.go:120         Options.write_buffer_size: 67108864
I200514 19:47:00.000859 30 storage/engine/rocksdb.go:120   Options.max_write_buffer_number: 4
I200514 19:47:00.000862 30 storage/engine/rocksdb.go:120           Options.compression: Snappy
I200514 19:47:00.000865 30 storage/engine/rocksdb.go:120                   Options.bottommost_compression: Disabled
I200514 19:47:00.000868 30 storage/engine/rocksdb.go:120        Options.prefix_extractor: cockroach_prefix_extractor
I200514 19:47:00.000871 30 storage/engine/rocksdb.go:120    Options.memtable_insert_with_hint_prefix_extractor: nullptr
I200514 19:47:00.000873 30 storage/engine/rocksdb.go:120              Options.num_levels: 7
I200514 19:47:00.000876 30 storage/engine/rocksdb.go:120         Options.min_write_buffer_number_to_merge: 1
I200514 19:47:00.000879 30 storage/engine/rocksdb.go:120      Options.max_write_buffer_number_to_maintain: 0
I200514 19:47:00.000881 30 storage/engine/rocksdb.go:120             Options.bottommost_compression_opts.window_bits: -14
I200514 19:47:00.000884 30 storage/engine/rocksdb.go:120                   Options.bottommost_compression_opts.level: 32767
I200514 19:47:00.000887 30 storage/engine/rocksdb.go:120                Options.bottommost_compression_opts.strategy: 0
I200514 19:47:00.000889 30 storage/engine/rocksdb.go:120          Options.bottommost_compression_opts.max_dict_bytes: 0
I200514 19:47:00.000892 30 storage/engine/rocksdb.go:120          Options.bottommost_compression_opts.zstd_max_train_bytes: 0
I200514 19:47:00.000894 30 storage/engine/rocksdb.go:120                   Options.bottommost_compression_opts.enabled: false
I200514 19:47:00.000897 30 storage/engine/rocksdb.go:120             Options.compression_opts.window_bits: -14
I200514 19:47:00.000901 30 storage/engine/rocksdb.go:120                   Options.compression_opts.level: 32767
I200514 19:47:00.000903 30 storage/engine/rocksdb.go:120                Options.compression_opts.strategy: 0
I200514 19:47:00.000906 30 storage/engine/rocksdb.go:120          Options.compression_opts.max_dict_bytes: 0
I200514 19:47:00.000908 30 storage/engine/rocksdb.go:120          Options.compression_opts.zstd_max_train_bytes: 0
I200514 19:47:00.000911 30 storage/engine/rocksdb.go:120                   Options.compression_opts.enabled: false
I200514 19:47:00.000918 30 storage/engine/rocksdb.go:120       Options.level0_file_num_compaction_trigger: 2
I200514 19:47:00.000921 30 storage/engine/rocksdb.go:120           Options.level0_slowdown_writes_trigger: 950
I200514 19:47:00.000923 30 storage/engine/rocksdb.go:120               Options.level0_stop_writes_trigger: 1000
I200514 19:47:00.000926 30 storage/engine/rocksdb.go:120                    Options.target_file_size_base: 4194304
I200514 19:47:00.000929 30 storage/engine/rocksdb.go:120              Options.target_file_size_multiplier: 2
I200514 19:47:00.000932 30 storage/engine/rocksdb.go:120                 Options.max_bytes_for_level_base: 67108864
I200514 19:47:00.000934 30 storage/engine/rocksdb.go:120  Options.level_compaction_dynamic_level_bytes: 1
I200514 19:47:00.000938 30 storage/engine/rocksdb.go:120           Options.max_bytes_for_level_multiplier: 10.000000
I200514 19:47:00.000940 30 storage/engine/rocksdb.go:120  Options.max_bytes_for_level_multiplier_addtl[0]: 1
I200514 19:47:00.000943 30 storage/engine/rocksdb.go:120  Options.max_bytes_for_level_multiplier_addtl[1]: 1
I200514 19:47:00.000946 30 storage/engine/rocksdb.go:120  Options.max_bytes_for_level_multiplier_addtl[2]: 1
I200514 19:47:00.000948 30 storage/engine/rocksdb.go:120  Options.max_bytes_for_level_multiplier_addtl[3]: 1
I200514 19:47:00.000951 30 storage/engine/rocksdb.go:120  Options.max_bytes_for_level_multiplier_addtl[4]: 1
I200514 19:47:00.000953 30 storage/engine/rocksdb.go:120  Options.max_bytes_for_level_multiplier_addtl[5]: 1
I200514 19:47:00.000956 30 storage/engine/rocksdb.go:120  Options.max_bytes_for_level_multiplier_addtl[6]: 1
I200514 19:47:00.000959 30 storage/engine/rocksdb.go:120        Options.max_sequential_skip_in_iterations: 8
I200514 19:47:00.000961 30 storage/engine/rocksdb.go:120                     Options.max_compaction_bytes: 104857600
I200514 19:47:00.000964 30 storage/engine/rocksdb.go:120                         Options.arena_block_size: 8388608
I200514 19:47:00.000966 30 storage/engine/rocksdb.go:120    Options.soft_pending_compaction_bytes_limit: 2199023255552
I200514 19:47:00.000969 30 storage/engine/rocksdb.go:120    Options.hard_pending_compaction_bytes_limit: 4400193994752
I200514 19:47:00.000972 30 storage/engine/rocksdb.go:120        Options.rate_limit_delay_max_milliseconds: 100
I200514 19:47:00.000974 30 storage/engine/rocksdb.go:120                 Options.disable_auto_compactions: 0
I200514 19:47:00.000977 30 storage/engine/rocksdb.go:120                         Options.compaction_style: kCompactionStyleLevel
I200514 19:47:00.000981 30 storage/engine/rocksdb.go:120                           Options.compaction_pri: kMinOverlappingRatio
I200514 19:47:00.000983 30 storage/engine/rocksdb.go:120  Options.compaction_options_universal.size_ratio: 1
I200514 19:47:00.000986 30 storage/engine/rocksdb.go:120  Options.compaction_options_universal.min_merge_width: 2
I200514 19:47:00.000988 30 storage/engine/rocksdb.go:120  Options.compaction_options_universal.max_merge_width: 4294967295
I200514 19:47:00.000991 30 storage/engine/rocksdb.go:120  Options.compaction_options_universal.max_size_amplification_percent: 200
I200514 19:47:00.000994 30 storage/engine/rocksdb.go:120  Options.compaction_options_universal.compression_size_percent: -1
I200514 19:47:00.000996 30 storage/engine/rocksdb.go:120  Options.compaction_options_universal.stop_style: kCompactionStopStyleTotalSize
I200514 19:47:00.000999 30 storage/engine/rocksdb.go:120  Options.compaction_options_fifo.max_table_files_size: 1073741824
I200514 19:47:00.001002 30 storage/engine/rocksdb.go:120  Options.compaction_options_fifo.allow_compaction: 0
I200514 19:47:00.001006 30 storage/engine/rocksdb.go:120                    Options.table_properties_collectors: TimeBoundTblPropCollectorFactory; DeleteRangeTblPropCollectorFactory; 
I200514 19:47:00.001009 30 storage/engine/rocksdb.go:120                    Options.inplace_update_support: 0
I200514 19:47:00.001012 30 storage/engine/rocksdb.go:120                  Options.inplace_update_num_locks: 10000
I200514 19:47:00.001015 30 storage/engine/rocksdb.go:120                Options.memtable_prefix_bloom_size_ratio: 0.000000
I200514 19:47:00.001017 30 storage/engine/rocksdb.go:120                Options.memtable_whole_key_filtering: 0
I200514 19:47:00.001020 30 storage/engine/rocksdb.go:120    Options.memtable_huge_page_size: 0
I200514 19:47:00.001023 30 storage/engine/rocksdb.go:120                            Options.bloom_locality: 0
I200514 19:47:00.001025 30 storage/engine/rocksdb.go:120                     Options.max_successive_merges: 0
I200514 19:47:00.001028 30 storage/engine/rocksdb.go:120                 Options.optimize_filters_for_hits: 1
I200514 19:47:00.001030 30 storage/engine/rocksdb.go:120                 Options.paranoid_file_checks: 0
I200514 19:47:00.001033 30 storage/engine/rocksdb.go:120                 Options.force_consistency_checks: 0
I200514 19:47:00.001035 30 storage/engine/rocksdb.go:120                 Options.report_bg_io_stats: 0
I200514 19:47:00.001038 30 storage/engine/rocksdb.go:120                                Options.ttl: 0
I200514 19:47:00.001040 30 storage/engine/rocksdb.go:120           Options.periodic_compaction_seconds: 0
I200514 19:47:00.002333 30 storage/engine/rocksdb.go:120  [db/version_set.cc:4286] Recovered from manifest file:/var/lib/cockroach/cockroach-temp918078049/MANIFEST-000001 succeeded,manifest_file_number is 1, next_file_number is 3, last_sequence is 0, log_number is 0,prev_log_number is 0,max_column_family is 0,min_log_number_to_keep is 0
I200514 19:47:00.002339 30 storage/engine/rocksdb.go:120  [db/version_set.cc:4295] Column family [default] (ID 0), log number is 0
I200514 19:47:00.023505 30 storage/engine/rocksdb.go:120  DB pointer 0x7f9eff6a4000
I200514 19:47:00.043927 30 storage/engine/rocksdb.go:120  RocksDB version: 6.2.1
I200514 19:47:00.043935 30 storage/engine/rocksdb.go:120  Git sha rocksdb_build_git_sha:@b7009236531fa784872f4823eabf393501e41bf2@
I200514 19:47:00.043938 30 storage/engine/rocksdb.go:120  Compile date Mar 16 2020
I200514 19:47:00.043941 30 storage/engine/rocksdb.go:120  DB SUMMARY
I200514 19:47:00.045255 30 storage/engine/rocksdb.go:120  CURRENT file:  CURRENT
I200514 19:47:00.045259 30 storage/engine/rocksdb.go:120  IDENTITY file:  IDENTITY
I200514 19:47:00.045537 30 storage/engine/rocksdb.go:120  MANIFEST file:  MANIFEST-000670 size: 494 Bytes
I200514 19:47:00.045543 30 storage/engine/rocksdb.go:120  SST files in /var/lib/cockroach dir, Total Num: 4, files: 000665.sst 000666.sst 000667.sst 000669.sst 
I200514 19:47:00.045546 30 storage/engine/rocksdb.go:120  Write Ahead Log file in /var/lib/cockroach: 000671.log size: 1405841 ; 
I200514 19:47:00.045573 30 storage/engine/rocksdb.go:120                          Options.error_if_exists: 0
I200514 19:47:00.045580 30 storage/engine/rocksdb.go:120                        Options.create_if_missing: 1
I200514 19:47:00.045583 30 storage/engine/rocksdb.go:120                          Options.paranoid_checks: 1
I200514 19:47:00.045586 30 storage/engine/rocksdb.go:120                                      Options.env: 0x75757a0
I200514 19:47:00.045589 30 storage/engine/rocksdb.go:120                                 Options.info_log: 0x7f9eff627260
I200514 19:47:00.045591 30 storage/engine/rocksdb.go:120                 Options.max_file_opening_threads: 16
I200514 19:47:00.045594 30 storage/engine/rocksdb.go:120                               Options.statistics: 0x7f9eff634080
I200514 19:47:00.045597 30 storage/engine/rocksdb.go:120                                Options.use_fsync: 0
I200514 19:47:00.045600 30 storage/engine/rocksdb.go:120                        Options.max_log_file_size: 0
I200514 19:47:00.045602 30 storage/engine/rocksdb.go:120                   Options.max_manifest_file_size: 134217728
I200514 19:47:00.045605 30 storage/engine/rocksdb.go:120                    Options.log_file_time_to_roll: 0
I200514 19:47:00.045608 30 storage/engine/rocksdb.go:120                        Options.keep_log_file_num: 1000
I200514 19:47:00.045610 30 storage/engine/rocksdb.go:120                     Options.recycle_log_file_num: 1
I200514 19:47:00.045613 30 storage/engine/rocksdb.go:120                          Options.allow_fallocate: 1
I200514 19:47:00.045634 30 storage/engine/rocksdb.go:120                         Options.allow_mmap_reads: 0
I200514 19:47:00.045636 30 storage/engine/rocksdb.go:120                        Options.allow_mmap_writes: 0
I200514 19:47:00.045639 30 storage/engine/rocksdb.go:120                         Options.use_direct_reads: 0
I200514 19:47:00.045642 30 storage/engine/rocksdb.go:120                         Options.use_direct_io_for_flush_and_compaction: 0
I200514 19:47:00.045644 30 storage/engine/rocksdb.go:120           Options.create_missing_column_families: 0
I200514 19:47:00.045647 30 storage/engine/rocksdb.go:120                               Options.db_log_dir: 
I200514 19:47:00.045650 30 storage/engine/rocksdb.go:120                                  Options.wal_dir: /var/lib/cockroach
I200514 19:47:00.045653 30 storage/engine/rocksdb.go:120                 Options.table_cache_numshardbits: 6
I200514 19:47:00.045656 30 storage/engine/rocksdb.go:120                       Options.max_subcompactions: 1
I200514 19:47:00.045659 30 storage/engine/rocksdb.go:120                   Options.max_background_flushes: -1
I200514 19:47:00.045661 30 storage/engine/rocksdb.go:120                          Options.WAL_ttl_seconds: 0
I200514 19:47:00.045664 30 storage/engine/rocksdb.go:120                        Options.WAL_size_limit_MB: 0
I200514 19:47:00.045666 30 storage/engine/rocksdb.go:120              Options.manifest_preallocation_size: 4194304
I200514 19:47:00.045669 30 storage/engine/rocksdb.go:120                      Options.is_fd_close_on_exec: 1
I200514 19:47:00.045672 30 storage/engine/rocksdb.go:120                    Options.advise_random_on_open: 1
I200514 19:47:00.045674 30 storage/engine/rocksdb.go:120                     Options.db_write_buffer_size: 0
I200514 19:47:00.045677 30 storage/engine/rocksdb.go:120                     Options.write_buffer_manager: 0x7f9eff619090
I200514 19:47:00.045679 30 storage/engine/rocksdb.go:120          Options.access_hint_on_compaction_start: 1
I200514 19:47:00.045682 30 storage/engine/rocksdb.go:120   Options.new_table_reader_for_compaction_inputs: 0
I200514 19:47:00.045685 30 storage/engine/rocksdb.go:120            Options.random_access_max_buffer_size: 1048576
I200514 19:47:00.045687 30 storage/engine/rocksdb.go:120                       Options.use_adaptive_mutex: 0
I200514 19:47:00.045690 30 storage/engine/rocksdb.go:120                             Options.rate_limiter: (nil)
I200514 19:47:00.045693 30 storage/engine/rocksdb.go:120      Options.sst_file_manager.rate_bytes_per_sec: 0
I200514 19:47:00.045695 30 storage/engine/rocksdb.go:120                        Options.wal_recovery_mode: 0
I200514 19:47:00.045698 30 storage/engine/rocksdb.go:120                   Options.enable_thread_tracking: 0
I200514 19:47:00.045700 30 storage/engine/rocksdb.go:120                   Options.enable_pipelined_write: 0
I200514 19:47:00.045703 30 storage/engine/rocksdb.go:120          Options.allow_concurrent_memtable_write: 1
I200514 19:47:00.045705 30 storage/engine/rocksdb.go:120       Options.enable_write_thread_adaptive_yield: 1
I200514 19:47:00.045708 30 storage/engine/rocksdb.go:120              Options.write_thread_max_yield_usec: 100
I200514 19:47:00.045710 30 storage/engine/rocksdb.go:120             Options.write_thread_slow_yield_usec: 3
I200514 19:47:00.045713 30 storage/engine/rocksdb.go:120                                Options.row_cache: None
I200514 19:47:00.045715 30 storage/engine/rocksdb.go:120                               Options.wal_filter: None
I200514 19:47:00.045718 30 storage/engine/rocksdb.go:120              Options.avoid_flush_during_recovery: 0
I200514 19:47:00.045721 30 storage/engine/rocksdb.go:120              Options.allow_ingest_behind: 0
I200514 19:47:00.045723 30 storage/engine/rocksdb.go:120              Options.preserve_deletes: 0
I200514 19:47:00.045726 30 storage/engine/rocksdb.go:120              Options.two_write_queues: 0
I200514 19:47:00.045728 30 storage/engine/rocksdb.go:120              Options.manual_wal_flush: 1
I200514 19:47:00.045764 30 storage/engine/rocksdb.go:120              Options.atomic_flush: 0
I200514 19:47:00.045779 30 storage/engine/rocksdb.go:120              Options.avoid_unnecessary_blocking_io: 0
I200514 19:47:00.045782 30 storage/engine/rocksdb.go:120              Options.max_background_jobs: 2
I200514 19:47:00.045785 30 storage/engine/rocksdb.go:120              Options.max_background_compactions: -1
I200514 19:47:00.045788 30 storage/engine/rocksdb.go:120              Options.avoid_flush_during_shutdown: 0
I200514 19:47:00.045792 30 storage/engine/rocksdb.go:120            Options.writable_file_max_buffer_size: 1048576
I200514 19:47:00.045795 30 storage/engine/rocksdb.go:120              Options.delayed_write_rate : 16777216
I200514 19:47:00.045802 30 storage/engine/rocksdb.go:120              Options.max_total_wal_size: 0
I200514 19:47:00.045805 30 storage/engine/rocksdb.go:120              Options.delete_obsolete_files_period_micros: 21600000000
I200514 19:47:00.045808 30 storage/engine/rocksdb.go:120                    Options.stats_dump_period_sec: 0
I200514 19:47:00.045811 30 storage/engine/rocksdb.go:120                  Options.stats_persist_period_sec: 600
I200514 19:47:00.045814 30 storage/engine/rocksdb.go:120                  Options.stats_history_buffer_size: 1048576
I200514 19:47:00.045816 30 storage/engine/rocksdb.go:120                           Options.max_open_files: 1043576
I200514 19:47:00.045819 30 storage/engine/rocksdb.go:120                           Options.bytes_per_sync: 524288
I200514 19:47:00.045822 30 storage/engine/rocksdb.go:120                       Options.wal_bytes_per_sync: 0
I200514 19:47:00.045824 30 storage/engine/rocksdb.go:120                    Options.strict_bytes_per_sync: 1
I200514 19:47:00.045827 30 storage/engine/rocksdb.go:120        Options.compaction_readahead_size: 0
I200514 19:47:00.045830 30 storage/engine/rocksdb.go:120  Compression algorithms supported:
I200514 19:47:00.045833 30 storage/engine/rocksdb.go:120  	kZSTDNotFinalCompression supported: 0
I200514 19:47:00.045836 30 storage/engine/rocksdb.go:120  	kZSTD supported: 0
I200514 19:47:00.045839 30 storage/engine/rocksdb.go:120  	kXpressCompression supported: 0
I200514 19:47:00.045842 30 storage/engine/rocksdb.go:120  	kLZ4HCCompression supported: 0
I200514 19:47:00.045845 30 storage/engine/rocksdb.go:120  	kLZ4Compression supported: 0
I200514 19:47:00.045848 30 storage/engine/rocksdb.go:120  	kBZip2Compression supported: 0
I200514 19:47:00.045850 30 storage/engine/rocksdb.go:120  	kZlibCompression supported: 0
I200514 19:47:00.045853 30 storage/engine/rocksdb.go:120  	kSnappyCompression supported: 1
I200514 19:47:00.045861 30 storage/engine/rocksdb.go:120  Fast CRC32 supported: Supported on x86
I200514 19:47:00.048098 30 storage/engine/rocksdb.go:120  [db/version_set.cc:4072] Recovering from manifest file: /var/lib/cockroach/MANIFEST-000670
I200514 19:47:00.048524 30 storage/engine/rocksdb.go:120  [db/column_family.cc:488] --------------- Options for column family [default]:
I200514 19:47:00.048554 30 storage/engine/rocksdb.go:120                Options.comparator: cockroach_comparator
I200514 19:47:00.048559 30 storage/engine/rocksdb.go:120            Options.merge_operator: cockroach_merge_operator
I200514 19:47:00.048562 30 storage/engine/rocksdb.go:120         Options.compaction_filter: None
I200514 19:47:00.048564 30 storage/engine/rocksdb.go:120         Options.compaction_filter_factory: None
I200514 19:47:00.048567 30 storage/engine/rocksdb.go:120          Options.memtable_factory: SkipListFactory
I200514 19:47:00.048570 30 storage/engine/rocksdb.go:120             Options.table_factory: BlockBasedTable
I200514 19:47:00.048591 30 storage/engine/rocksdb.go:120             table_factory options:   flush_block_policy_factory: FlushBlockBySizePolicyFactory (0x7f9eff628090)
  cache_index_and_filter_blocks: 0
  cache_index_and_filter_blocks_with_high_priority: 0
  pin_l0_filter_and_index_blocks_in_cache: 0
  pin_top_level_index_and_filter: 1
  index_type: 0
  data_block_index_type: 0
  index_shortening: 1
  data_block_hash_table_util_ratio: 0.750000
  hash_index_allow_collision: 1
  checksum: 1
  no_block_cache: 0
  block_cache: 0x7f9eff6bc210
  block_cache_name: LRUCache
  block_cache_options:
    capacity : 67108864
    num_shard_bits : 4
    strict_capacity_limit : 0
    memory_allocator : None
    high_pri_pool_ratio: 0.000
  block_cache_compressed: (nil)
  persistent_cache: (nil)
  block_size: 32768
  block_size_deviation: 10
  block_restart_interval: 16
  index_block_restart_interval: 1
  metadata_block_size: 4096
  partition_filters: 0
  use_delta_encoding: 1
  filter_policy: rocksdb.BuiltinBloomFilter
  whole_key_filtering: 0
  verify_compression: 0
  read_amp_bytes_per_bit: 0
  format_version: 2
  enable_index_compression: 1
  block_align: 0
I200514 19:47:00.048595 30 storage/engine/rocksdb.go:120         Options.write_buffer_size: 67108864
I200514 19:47:00.048599 30 storage/engine/rocksdb.go:120   Options.max_write_buffer_number: 4
I200514 19:47:00.048602 30 storage/engine/rocksdb.go:120           Options.compression: Snappy
I200514 19:47:00.048605 30 storage/engine/rocksdb.go:120                   Options.bottommost_compression: Disabled
I200514 19:47:00.048608 30 storage/engine/rocksdb.go:120        Options.prefix_extractor: cockroach_prefix_extractor
I200514 19:47:00.048610 30 storage/engine/rocksdb.go:120    Options.memtable_insert_with_hint_prefix_extractor: nullptr
I200514 19:47:00.048613 30 storage/engine/rocksdb.go:120              Options.num_levels: 7
I200514 19:47:00.048645 30 storage/engine/rocksdb.go:120         Options.min_write_buffer_number_to_merge: 1
I200514 19:47:00.048648 30 storage/engine/rocksdb.go:120      Options.max_write_buffer_number_to_maintain: 0
I200514 19:47:00.048651 30 storage/engine/rocksdb.go:120             Options.bottommost_compression_opts.window_bits: -14
I200514 19:47:00.048653 30 storage/engine/rocksdb.go:120                   Options.bottommost_compression_opts.level: 32767
I200514 19:47:00.048656 30 storage/engine/rocksdb.go:120                Options.bottommost_compression_opts.strategy: 0
I200514 19:47:00.048659 30 storage/engine/rocksdb.go:120          Options.bottommost_compression_opts.max_dict_bytes: 0
I200514 19:47:00.048661 30 storage/engine/rocksdb.go:120          Options.bottommost_compression_opts.zstd_max_train_bytes: 0
I200514 19:47:00.048664 30 storage/engine/rocksdb.go:120                   Options.bottommost_compression_opts.enabled: false
I200514 19:47:00.048667 30 storage/engine/rocksdb.go:120             Options.compression_opts.window_bits: -14
I200514 19:47:00.048669 30 storage/engine/rocksdb.go:120                   Options.compression_opts.level: 32767
I200514 19:47:00.048676 30 storage/engine/rocksdb.go:120                Options.compression_opts.strategy: 0
I200514 19:47:00.048679 30 storage/engine/rocksdb.go:120          Options.compression_opts.max_dict_bytes: 0
I200514 19:47:00.048681 30 storage/engine/rocksdb.go:120          Options.compression_opts.zstd_max_train_bytes: 0
I200514 19:47:00.048684 30 storage/engine/rocksdb.go:120                   Options.compression_opts.enabled: false
I200514 19:47:00.048687 30 storage/engine/rocksdb.go:120       Options.level0_file_num_compaction_trigger: 2
I200514 19:47:00.048690 30 storage/engine/rocksdb.go:120           Options.level0_slowdown_writes_trigger: 950
I200514 19:47:00.048692 30 storage/engine/rocksdb.go:120               Options.level0_stop_writes_trigger: 1000
I200514 19:47:00.048695 30 storage/engine/rocksdb.go:120                    Options.target_file_size_base: 4194304
I200514 19:47:00.048698 30 storage/engine/rocksdb.go:120              Options.target_file_size_multiplier: 2
I200514 19:47:00.048700 30 storage/engine/rocksdb.go:120                 Options.max_bytes_for_level_base: 67108864
I200514 19:47:00.048703 30 storage/engine/rocksdb.go:120  Options.level_compaction_dynamic_level_bytes: 1
I200514 19:47:00.048706 30 storage/engine/rocksdb.go:120           Options.max_bytes_for_level_multiplier: 10.000000
I200514 19:47:00.048710 30 storage/engine/rocksdb.go:120  Options.max_bytes_for_level_multiplier_addtl[0]: 1
I200514 19:47:00.048712 30 storage/engine/rocksdb.go:120  Options.max_bytes_for_level_multiplier_addtl[1]: 1
I200514 19:47:00.048715 30 storage/engine/rocksdb.go:120  Options.max_bytes_for_level_multiplier_addtl[2]: 1
I200514 19:47:00.048718 30 storage/engine/rocksdb.go:120  Options.max_bytes_for_level_multiplier_addtl[3]: 1
I200514 19:47:00.048720 30 storage/engine/rocksdb.go:120  Options.max_bytes_for_level_multiplier_addtl[4]: 1
I200514 19:47:00.048723 30 storage/engine/rocksdb.go:120  Options.max_bytes_for_level_multiplier_addtl[5]: 1
I200514 19:47:00.048725 30 storage/engine/rocksdb.go:120  Options.max_bytes_for_level_multiplier_addtl[6]: 1
I200514 19:47:00.048728 30 storage/engine/rocksdb.go:120        Options.max_sequential_skip_in_iterations: 8
I200514 19:47:00.048743 30 storage/engine/rocksdb.go:120                     Options.max_compaction_bytes: 104857600
I200514 19:47:00.048748 30 storage/engine/rocksdb.go:120                         Options.arena_block_size: 8388608
I200514 19:47:00.048751 30 storage/engine/rocksdb.go:120    Options.soft_pending_compaction_bytes_limit: 2199023255552
I200514 19:47:00.048753 30 storage/engine/rocksdb.go:120    Options.hard_pending_compaction_bytes_limit: 4400193994752
I200514 19:47:00.048756 30 storage/engine/rocksdb.go:120        Options.rate_limit_delay_max_milliseconds: 100
I200514 19:47:00.048758 30 storage/engine/rocksdb.go:120                 Options.disable_auto_compactions: 0
I200514 19:47:00.048762 30 storage/engine/rocksdb.go:120                         Options.compaction_style: kCompactionStyleLevel
I200514 19:47:00.058900 30 storage/engine/rocksdb.go:120                           Options.compaction_pri: kMinOverlappingRatio
I200514 19:47:00.058923 30 storage/engine/rocksdb.go:120  Options.compaction_options_universal.size_ratio: 1
I200514 19:47:00.058926 30 storage/engine/rocksdb.go:120  Options.compaction_options_universal.min_merge_width: 2
I200514 19:47:00.058929 30 storage/engine/rocksdb.go:120  Options.compaction_options_universal.max_merge_width: 4294967295
I200514 19:47:00.058932 30 storage/engine/rocksdb.go:120  Options.compaction_options_universal.max_size_amplification_percent: 200
I200514 19:47:00.058935 30 storage/engine/rocksdb.go:120  Options.compaction_options_universal.compression_size_percent: -1
I200514 19:47:00.058941 30 storage/engine/rocksdb.go:120  Options.compaction_options_universal.stop_style: kCompactionStopStyleTotalSize
I200514 19:47:00.058944 30 storage/engine/rocksdb.go:120  Options.compaction_options_fifo.max_table_files_size: 1073741824
I200514 19:47:00.058947 30 storage/engine/rocksdb.go:120  Options.compaction_options_fifo.allow_compaction: 0
I200514 19:47:00.058952 30 storage/engine/rocksdb.go:120                    Options.table_properties_collectors: TimeBoundTblPropCollectorFactory; DeleteRangeTblPropCollectorFactory; 
I200514 19:47:00.058958 30 storage/engine/rocksdb.go:120                    Options.inplace_update_support: 0
I200514 19:47:00.058961 30 storage/engine/rocksdb.go:120                  Options.inplace_update_num_locks: 10000
I200514 19:47:00.058965 30 storage/engine/rocksdb.go:120                Options.memtable_prefix_bloom_size_ratio: 0.000000
I200514 19:47:00.058968 30 storage/engine/rocksdb.go:120                Options.memtable_whole_key_filtering: 0
I200514 19:47:00.058971 30 storage/engine/rocksdb.go:120    Options.memtable_huge_page_size: 0
I200514 19:47:00.058974 30 storage/engine/rocksdb.go:120                            Options.bloom_locality: 0
I200514 19:47:00.058976 30 storage/engine/rocksdb.go:120                     Options.max_successive_merges: 0
I200514 19:47:00.058979 30 storage/engine/rocksdb.go:120                 Options.optimize_filters_for_hits: 1
I200514 19:47:00.058981 30 storage/engine/rocksdb.go:120                 Options.paranoid_file_checks: 0
I200514 19:47:00.058984 30 storage/engine/rocksdb.go:120                 Options.force_consistency_checks: 0
I200514 19:47:00.058987 30 storage/engine/rocksdb.go:120                 Options.report_bg_io_stats: 0
I200514 19:47:00.058989 30 storage/engine/rocksdb.go:120                                Options.ttl: 0
I200514 19:47:00.058992 30 storage/engine/rocksdb.go:120           Options.periodic_compaction_seconds: 0
I200514 19:47:00.069187 30 storage/engine/rocksdb.go:120  [db/version_set.cc:4286] Recovered from manifest file:/var/lib/cockroach/MANIFEST-000670 succeeded,manifest_file_number is 670, next_file_number is 672, last_sequence is 9648219, log_number is 663,prev_log_number is 0,max_column_family is 0,min_log_number_to_keep is 0
I200514 19:47:00.069195 30 storage/engine/rocksdb.go:120  [db/version_set.cc:4295] Column family [default] (ID 0), log number is 663
I200514 19:47:00.071666 30 storage/engine/rocksdb.go:120  EVENT_LOG_v1 {"time_micros": 1589485620071602, "job": 1, "event": "recovery_started", "log_files": [671]}
I200514 19:47:00.071679 30 storage/engine/rocksdb.go:120  [db/db_impl_open.cc:598] Recovering log #671 mode 0
I200514 19:47:00.097912 30 storage/engine/rocksdb.go:120  EVENT_LOG_v1 {"time_micros": 1589485620097800, "cf_name": "default", "job": 1, "event": "table_file_creation", "file_number": 672, "file_size": 93872, "table_properties": {"data_size": 90648, "index_size": 490, "index_partitions": 0, "top_level_index_size": 0, "index_key_is_user_key": 0, "index_value_is_delta_encoded": 0, "filter_size": 1861, "raw_key_size": 60669, "raw_average_key_size": 38, "raw_value_size": 349406, "raw_average_value_size": 223, "num_data_blocks": 10, "num_entries": 1565, "num_deletions": 437, "num_merge_operands": 664, "num_range_deletions": 664, "format_version": 0, "fixed_key_len": 0, "filter_policy": "rocksdb.BuiltinBloomFilter", "column_family_name": "default", "column_family_id": 0, "comparator": "cockroach_comparator", "merge_operator": "cockroach_merge_operator", "prefix_extractor_name": "cockroach_prefix_extractor", "property_collectors": "[TimeBoundTblPropCollectorFactory,DeleteRangeTblPropCollectorFactory]", "compression": "Snappy", "compression_options": "window_bits=-14; level=32767; strategy=0; max_dict_bytes=0; zstd_max_train_bytes=0; enabled=0; ", "creation_time": 1589485620, "oldest_key_time": 3, "file_creation_time": 0}}
I200514 19:47:00.098280 30 storage/engine/rocksdb.go:120  [db/version_set.cc:3560] Creating manifest 673
I200514 19:47:00.107373 30 storage/engine/rocksdb.go:120  EVENT_LOG_v1 {"time_micros": 1589485620107345, "job": 1, "event": "recovery_finished"}
I200514 19:47:00.129999 17 storage/engine/rocksdb.go:120  [db/compaction_job.cc:1647] [default] [JOB 3] Compacting 2@0 + 3@6 files to L6, score 1.00
I200514 19:47:00.130013 17 storage/engine/rocksdb.go:120  [db/compaction_job.cc:1651] [default] Compaction start summary: Base version 2 Base level 0, inputs: [672(91KB) 669(81KB)], [665(4118KB) 666(4122KB) 667(3122KB)]
I200514 19:47:00.130051 17 storage/engine/rocksdb.go:120  EVENT_LOG_v1 {"time_micros": 1589485620130032, "job": 3, "event": "compaction_started", "compaction_reason": "LevelL0FilesNum", "files_L0": [672, 669], "files_L6": [665, 666, 667], "score": 1, "input_data_size": 11814815}
I200514 19:47:00.134639 30 storage/engine/rocksdb.go:120  DB pointer 0x7f9eff734000
I200514 19:47:00.226286 17 storage/engine/rocksdb.go:120  [db/compaction_job.cc:1334] [default] [JOB 3] Generated table #677: 14513 keys, 4222389 bytes
I200514 19:47:00.226331 17 storage/engine/rocksdb.go:120  EVENT_LOG_v1 {"time_micros": 1589485620226306, "cf_name": "default", "job": 3, "event": "table_file_creation", "file_number": 677, "file_size": 4222389, "table_properties": {"data_size": 4200154, "index_size": 79965, "index_partitions": 0, "top_level_index_size": 0, "index_key_is_user_key": 0, "index_value_is_delta_encoded": 0, "filter_size": 0, "raw_key_size": 730625, "raw_average_key_size": 50, "raw_value_size": 35778836, "raw_average_value_size": 2465, "num_data_blocks": 1165, "num_entries": 14513, "num_deletions": 0, "num_merge_operands": 0, "num_range_deletions": 0, "format_version": 0, "fixed_key_len": 0, "filter_policy": "rocksdb.BuiltinBloomFilter", "column_family_name": "default", "column_family_id": 0, "comparator": "cockroach_comparator", "merge_operator": "cockroach_merge_operator", "prefix_extractor_name": "cockroach_prefix_extractor", "property_collectors": "[TimeBoundTblPropCollectorFactory,DeleteRangeTblPropCollectorFactory]", "compression": "Snappy", "compression_options": "window_bits=-14; level=32767; strategy=0; max_dict_bytes=0; zstd_max_train_bytes=0; enabled=0; ", "creation_time": 1589485620, "oldest_key_time": 0, "file_creation_time": 1589485620}}
I200514 19:47:00.302988 17 storage/engine/rocksdb.go:120  [db/compaction_job.cc:1334] [default] [JOB 3] Generated table #678: 7932 keys, 4215598 bytes
I200514 19:47:00.303070 17 storage/engine/rocksdb.go:120  EVENT_LOG_v1 {"time_micros": 1589485620303010, "cf_name": "default", "job": 3, "event": "table_file_creation", "file_number": 678, "file_size": 4215598, "table_properties": {"data_size": 4199959, "index_size": 53120, "index_partitions": 0, "top_level_index_size": 0, "index_key_is_user_key": 0, "index_value_is_delta_encoded": 0, "filter_size": 0, "raw_key_size": 434181, "raw_average_key_size": 54, "raw_value_size": 24189827, "raw_average_value_size": 3049, "num_data_blocks": 789, "num_entries": 7932, "num_deletions": 0, "num_merge_operands": 0, "num_range_deletions": 0, "format_version": 0, "fixed_key_len": 0, "filter_policy": "rocksdb.BuiltinBloomFilter", "column_family_name": "default", "column_family_id": 0, "comparator": "cockroach_comparator", "merge_operator": "cockroach_merge_operator", "prefix_extractor_name": "cockroach_prefix_extractor", "property_collectors": "[TimeBoundTblPropCollectorFactory,DeleteRangeTblPropCollectorFactory]", "compression": "Snappy", "compression_options": "window_bits=-14; level=32767; strategy=0; max_dict_bytes=0; zstd_max_train_bytes=0; enabled=0; ", "creation_time": 1589485620, "oldest_key_time": 0, "file_creation_time": 1589485620}}
I200514 19:47:00.364790 17 storage/engine/rocksdb.go:120  [db/compaction_job.cc:1334] [default] [JOB 3] Generated table #679: 10721 keys, 3234927 bytes
I200514 19:47:00.364834 17 storage/engine/rocksdb.go:120  EVENT_LOG_v1 {"time_micros": 1589485620364809, "cf_name": "default", "job": 3, "event": "table_file_creation", "file_number": 679, "file_size": 3234927, "table_properties": {"data_size": 3221615, "index_size": 45402, "index_partitions": 0, "top_level_index_size": 0, "index_key_is_user_key": 0, "index_value_is_delta_encoded": 0, "filter_size": 0, "raw_key_size": 519921, "raw_average_key_size": 48, "raw_value_size": 19677081, "raw_average_value_size": 1835, "num_data_blocks": 644, "num_entries": 10721, "num_deletions": 0, "num_merge_operands": 0, "num_range_deletions": 0, "format_version": 0, "fixed_key_len": 0, "filter_policy": "rocksdb.BuiltinBloomFilter", "column_family_name": "default", "column_family_id": 0, "comparator": "cockroach_comparator", "merge_operator": "cockroach_merge_operator", "prefix_extractor_name": "cockroach_prefix_extractor", "property_collectors": "[TimeBoundTblPropCollectorFactory,DeleteRangeTblPropCollectorFactory]", "compression": "Snappy", "compression_options": "window_bits=-14; level=32767; strategy=0; max_dict_bytes=0; zstd_max_train_bytes=0; enabled=0; ", "creation_time": 1589485620, "oldest_key_time": 0, "file_creation_time": 1589485620}}
I200514 19:47:00.369688 17 storage/engine/rocksdb.go:120  [db/compaction_job.cc:1397] [default] [JOB 3] Compacted 2@0 + 3@6 files to L6 => 11672914 bytes
I200514 19:47:00.370457 17 storage/engine/rocksdb.go:120  (Original Log Time 2020/05/14-19:47:00.370363) [db/compaction_job.cc:770] [default] compacted to: base level 6 level multiplier 10.00 max bytes base 67108864 files[0 0 0 0 0 0 3] max score 0.00, MB/sec: 50.1 rd, 49.5 wr, level 6, files in(2, 3) out(3) MB in(0.2, 11.1) out(11.1), read-write-amplify(132.1) write-amplify(65.7) OK, records in: 36282, records dropped: 1788 output_compression: Snappy
I200514 19:47:00.370486 17 storage/engine/rocksdb.go:120  (Original Log Time 2020/05/14-19:47:00.370384) EVENT_LOG_v1 {"time_micros": 1589485620370374, "job": 3, "event": "compaction_finished", "compaction_time_micros": 235639, "compaction_time_cpu_micros": 106303, "output_level": 6, "num_output_files": 3, "total_output_size": 11672914, "num_input_records": 34954, "num_output_records": 33166, "num_subcompactions": 1, "output_compression": "Snappy", "num_single_delete_mismatches": 0, "num_single_delete_fallthrough": 0, "lsm_state": [0, 0, 0, 0, 0, 0, 3]}
I200514 19:47:00.371203 17 storage/engine/rocksdb.go:120  EVENT_LOG_v1 {"time_micros": 1589485620371190, "job": 3, "event": "table_file_deletion", "file_number": 672}
I200514 19:47:00.371951 17 storage/engine/rocksdb.go:120  EVENT_LOG_v1 {"time_micros": 1589485620371940, "job": 3, "event": "table_file_deletion", "file_number": 669}
I200514 19:47:00.372923 17 storage/engine/rocksdb.go:120  EVENT_LOG_v1 {"time_micros": 1589485620372910, "job": 3, "event": "table_file_deletion", "file_number": 667}
I200514 19:47:00.374463 17 storage/engine/rocksdb.go:120  EVENT_LOG_v1 {"time_micros": 1589485620374445, "job": 3, "event": "table_file_deletion", "file_number": 666}
I200514 19:47:00.376187 17 storage/engine/rocksdb.go:120  EVENT_LOG_v1 {"time_micros": 1589485620376160, "job": 3, "event": "table_file_deletion", "file_number": 665}
I200514 19:48:02.197775 1305 storage/engine/rocksdb.go:120  bloom filter utility:    -nan%
I200514 19:48:02.198202 1305 storage/engine/rocksdb.go:120  [db/db_impl.cc:392] Shutdown: canceling all background work
I200514 19:48:02.200274 1305 storage/engine/rocksdb.go:120  [db/db_impl.cc:565] Shutdown complete
I200514 19:48:02.209883 1305 storage/engine/rocksdb.go:120  bloom filter utility:    66.7%
I200514 19:48:02.210418 1305 storage/engine/rocksdb.go:120  [db/db_impl.cc:392] Shutdown: canceling all background work
I200514 19:48:02.217550 1305 storage/engine/rocksdb.go:120  [db/db_impl.cc:565] Shutdown complete
