I200513 16:55:50.377358 35 util/log/clog.go:1196  [config] file created at: 2020/05/13 16:55:50
I200513 16:55:50.377358 35 util/log/clog.go:1196  [config] running on machine: 25b99b7ee74d
I200513 16:55:50.377358 35 util/log/clog.go:1196  [config] binary: CockroachDB CCL v19.2.5 (x86_64-unknown-linux-gnu, built 2020/03/16 18:27:12, go1.12.12)
I200513 16:55:50.377358 35 util/log/clog.go:1196  [config] arguments: [/cockroach/cockroach start --insecure --store=attrs=ssd,path=/var/lib/cockroach/]
I200513 16:55:50.377358 35 util/log/clog.go:1196  line format: [IWEF]yymmdd hh:mm:ss.uuuuuu goid file:line msg utf8=✓
I200513 16:55:50.377357 35 storage/engine/rocksdb.go:120  RocksDB version: 6.2.1
I200513 16:55:50.383801 35 storage/engine/rocksdb.go:120  Git sha rocksdb_build_git_sha:@b7009236531fa784872f4823eabf393501e41bf2@
I200513 16:55:50.383805 35 storage/engine/rocksdb.go:120  Compile date Mar 16 2020
I200513 16:55:50.383811 35 storage/engine/rocksdb.go:120  DB SUMMARY
I200513 16:55:50.384571 35 storage/engine/rocksdb.go:120  SST files in /var/lib/cockroach/cockroach-temp904969725 dir, Total Num: 0, files: 
I200513 16:55:50.524278 35 storage/engine/rocksdb.go:120  Write Ahead Log file in /var/lib/cockroach/cockroach-temp904969725: 
I200513 16:55:50.524283 35 storage/engine/rocksdb.go:120                          Options.error_if_exists: 0
I200513 16:55:50.524286 35 storage/engine/rocksdb.go:120                        Options.create_if_missing: 1
I200513 16:55:50.524289 35 storage/engine/rocksdb.go:120                          Options.paranoid_checks: 1
I200513 16:55:50.524292 35 storage/engine/rocksdb.go:120                                      Options.env: 0x75757a0
I200513 16:55:50.524295 35 storage/engine/rocksdb.go:120                                 Options.info_log: 0x7f25eee270e0
I200513 16:55:50.524297 35 storage/engine/rocksdb.go:120                 Options.max_file_opening_threads: 16
I200513 16:55:50.524300 35 storage/engine/rocksdb.go:120                               Options.statistics: 0x7f25eee34010
I200513 16:55:50.524303 35 storage/engine/rocksdb.go:120                                Options.use_fsync: 0
I200513 16:55:50.524306 35 storage/engine/rocksdb.go:120                        Options.max_log_file_size: 0
I200513 16:55:50.524309 35 storage/engine/rocksdb.go:120                   Options.max_manifest_file_size: 134217728
I200513 16:55:50.524312 35 storage/engine/rocksdb.go:120                    Options.log_file_time_to_roll: 0
I200513 16:55:50.524315 35 storage/engine/rocksdb.go:120                        Options.keep_log_file_num: 1000
I200513 16:55:50.524317 35 storage/engine/rocksdb.go:120                     Options.recycle_log_file_num: 1
I200513 16:55:50.524320 35 storage/engine/rocksdb.go:120                          Options.allow_fallocate: 1
I200513 16:55:50.524322 35 storage/engine/rocksdb.go:120                         Options.allow_mmap_reads: 0
I200513 16:55:50.524325 35 storage/engine/rocksdb.go:120                        Options.allow_mmap_writes: 0
I200513 16:55:50.524328 35 storage/engine/rocksdb.go:120                         Options.use_direct_reads: 0
I200513 16:55:50.524330 35 storage/engine/rocksdb.go:120                         Options.use_direct_io_for_flush_and_compaction: 0
I200513 16:55:50.524333 35 storage/engine/rocksdb.go:120           Options.create_missing_column_families: 0
I200513 16:55:50.524336 35 storage/engine/rocksdb.go:120                               Options.db_log_dir: 
I200513 16:55:50.524339 35 storage/engine/rocksdb.go:120                                  Options.wal_dir: /var/lib/cockroach/cockroach-temp904969725
I200513 16:55:50.524341 35 storage/engine/rocksdb.go:120                 Options.table_cache_numshardbits: 6
I200513 16:55:50.524344 35 storage/engine/rocksdb.go:120                       Options.max_subcompactions: 1
I200513 16:55:50.524347 35 storage/engine/rocksdb.go:120                   Options.max_background_flushes: -1
I200513 16:55:50.524349 35 storage/engine/rocksdb.go:120                          Options.WAL_ttl_seconds: 0
I200513 16:55:50.524352 35 storage/engine/rocksdb.go:120                        Options.WAL_size_limit_MB: 0
I200513 16:55:50.524355 35 storage/engine/rocksdb.go:120              Options.manifest_preallocation_size: 4194304
I200513 16:55:50.524357 35 storage/engine/rocksdb.go:120                      Options.is_fd_close_on_exec: 1
I200513 16:55:50.524360 35 storage/engine/rocksdb.go:120                    Options.advise_random_on_open: 1
I200513 16:55:50.524362 35 storage/engine/rocksdb.go:120                     Options.db_write_buffer_size: 0
I200513 16:55:50.524365 35 storage/engine/rocksdb.go:120                     Options.write_buffer_manager: 0x7f25eee190f0
I200513 16:55:50.524367 35 storage/engine/rocksdb.go:120          Options.access_hint_on_compaction_start: 1
I200513 16:55:50.524370 35 storage/engine/rocksdb.go:120   Options.new_table_reader_for_compaction_inputs: 0
I200513 16:55:50.524373 35 storage/engine/rocksdb.go:120            Options.random_access_max_buffer_size: 1048576
I200513 16:55:50.524375 35 storage/engine/rocksdb.go:120                       Options.use_adaptive_mutex: 0
I200513 16:55:50.524378 35 storage/engine/rocksdb.go:120                             Options.rate_limiter: (nil)
I200513 16:55:50.524381 35 storage/engine/rocksdb.go:120      Options.sst_file_manager.rate_bytes_per_sec: 0
I200513 16:55:50.524384 35 storage/engine/rocksdb.go:120                        Options.wal_recovery_mode: 0
I200513 16:55:50.524386 35 storage/engine/rocksdb.go:120                   Options.enable_thread_tracking: 0
I200513 16:55:50.524389 35 storage/engine/rocksdb.go:120                   Options.enable_pipelined_write: 0
I200513 16:55:50.524391 35 storage/engine/rocksdb.go:120          Options.allow_concurrent_memtable_write: 1
I200513 16:55:50.524394 35 storage/engine/rocksdb.go:120       Options.enable_write_thread_adaptive_yield: 1
I200513 16:55:50.524396 35 storage/engine/rocksdb.go:120              Options.write_thread_max_yield_usec: 100
I200513 16:55:50.524399 35 storage/engine/rocksdb.go:120             Options.write_thread_slow_yield_usec: 3
I200513 16:55:50.524402 35 storage/engine/rocksdb.go:120                                Options.row_cache: None
I200513 16:55:50.524404 35 storage/engine/rocksdb.go:120                               Options.wal_filter: None
I200513 16:55:50.524407 35 storage/engine/rocksdb.go:120              Options.avoid_flush_during_recovery: 0
I200513 16:55:50.524409 35 storage/engine/rocksdb.go:120              Options.allow_ingest_behind: 0
I200513 16:55:50.524417 35 storage/engine/rocksdb.go:120              Options.preserve_deletes: 0
I200513 16:55:50.524420 35 storage/engine/rocksdb.go:120              Options.two_write_queues: 0
I200513 16:55:50.524422 35 storage/engine/rocksdb.go:120              Options.manual_wal_flush: 1
I200513 16:55:50.524425 35 storage/engine/rocksdb.go:120              Options.atomic_flush: 0
I200513 16:55:50.524427 35 storage/engine/rocksdb.go:120              Options.avoid_unnecessary_blocking_io: 0
I200513 16:55:50.524430 35 storage/engine/rocksdb.go:120              Options.max_background_jobs: 2
I200513 16:55:50.524446 35 storage/engine/rocksdb.go:120              Options.max_background_compactions: -1
I200513 16:55:50.524451 35 storage/engine/rocksdb.go:120              Options.avoid_flush_during_shutdown: 0
I200513 16:55:50.524454 35 storage/engine/rocksdb.go:120            Options.writable_file_max_buffer_size: 1048576
I200513 16:55:50.524456 35 storage/engine/rocksdb.go:120              Options.delayed_write_rate : 16777216
I200513 16:55:50.524459 35 storage/engine/rocksdb.go:120              Options.max_total_wal_size: 0
I200513 16:55:50.524462 35 storage/engine/rocksdb.go:120              Options.delete_obsolete_files_period_micros: 21600000000
I200513 16:55:50.524464 35 storage/engine/rocksdb.go:120                    Options.stats_dump_period_sec: 0
I200513 16:55:50.524467 35 storage/engine/rocksdb.go:120                  Options.stats_persist_period_sec: 600
I200513 16:55:50.524469 35 storage/engine/rocksdb.go:120                  Options.stats_history_buffer_size: 1048576
I200513 16:55:50.524472 35 storage/engine/rocksdb.go:120                           Options.max_open_files: 128
I200513 16:55:50.524474 35 storage/engine/rocksdb.go:120                           Options.bytes_per_sync: 524288
I200513 16:55:50.524477 35 storage/engine/rocksdb.go:120                       Options.wal_bytes_per_sync: 0
I200513 16:55:50.524479 35 storage/engine/rocksdb.go:120                    Options.strict_bytes_per_sync: 1
I200513 16:55:50.524483 35 storage/engine/rocksdb.go:120        Options.compaction_readahead_size: 0
I200513 16:55:50.524485 35 storage/engine/rocksdb.go:120  Compression algorithms supported:
I200513 16:55:50.524489 35 storage/engine/rocksdb.go:120  	kZSTDNotFinalCompression supported: 0
I200513 16:55:50.524492 35 storage/engine/rocksdb.go:120  	kZSTD supported: 0
I200513 16:55:50.524495 35 storage/engine/rocksdb.go:120  	kXpressCompression supported: 0
I200513 16:55:50.524497 35 storage/engine/rocksdb.go:120  	kLZ4HCCompression supported: 0
I200513 16:55:50.524500 35 storage/engine/rocksdb.go:120  	kLZ4Compression supported: 0
I200513 16:55:50.524503 35 storage/engine/rocksdb.go:120  	kBZip2Compression supported: 0
I200513 16:55:50.524506 35 storage/engine/rocksdb.go:120  	kZlibCompression supported: 0
I200513 16:55:50.524509 35 storage/engine/rocksdb.go:120  	kSnappyCompression supported: 1
I200513 16:55:50.524516 35 storage/engine/rocksdb.go:120  Fast CRC32 supported: Supported on x86
I200513 16:55:50.527148 35 storage/engine/rocksdb.go:120  [db/db_impl_open.cc:242] Creating manifest 1 
I200513 16:55:50.548236 35 storage/engine/rocksdb.go:120  [db/version_set.cc:4072] Recovering from manifest file: /var/lib/cockroach/cockroach-temp904969725/MANIFEST-000001
I200513 16:55:50.549090 35 storage/engine/rocksdb.go:120  [db/column_family.cc:488] --------------- Options for column family [default]:
I200513 16:55:50.549095 35 storage/engine/rocksdb.go:120                Options.comparator: cockroach_comparator
I200513 16:55:50.549098 35 storage/engine/rocksdb.go:120            Options.merge_operator: cockroach_merge_operator
I200513 16:55:50.549101 35 storage/engine/rocksdb.go:120         Options.compaction_filter: None
I200513 16:55:50.549110 35 storage/engine/rocksdb.go:120         Options.compaction_filter_factory: None
I200513 16:55:50.549113 35 storage/engine/rocksdb.go:120          Options.memtable_factory: SkipListFactory
I200513 16:55:50.549116 35 storage/engine/rocksdb.go:120             Options.table_factory: BlockBasedTable
I200513 16:55:50.549134 35 storage/engine/rocksdb.go:120             table_factory options:   flush_block_policy_factory: FlushBlockBySizePolicyFactory (0x7f25eee28030)
  cache_index_and_filter_blocks: 0
  cache_index_and_filter_blocks_with_high_priority: 0
  pin_l0_filter_and_index_blocks_in_cache: 0
  pin_top_level_index_and_filter: 1
  index_type: 0
  data_block_index_type: 0
  index_shortening: 1
  data_block_hash_table_util_ratio: 0.750000
  hash_index_allow_collision: 1
  checksum: 1
  no_block_cache: 0
  block_cache: 0x7f25eee1c010
  block_cache_name: LRUCache
  block_cache_options:
    capacity : 1048576
    num_shard_bits : 4
    strict_capacity_limit : 0
    memory_allocator : None
    high_pri_pool_ratio: 0.000
  block_cache_compressed: (nil)
  persistent_cache: (nil)
  block_size: 32768
  block_size_deviation: 10
  block_restart_interval: 16
  index_block_restart_interval: 1
  metadata_block_size: 4096
  partition_filters: 0
  use_delta_encoding: 1
  filter_policy: rocksdb.BuiltinBloomFilter
  whole_key_filtering: 0
  verify_compression: 0
  read_amp_bytes_per_bit: 0
  format_version: 2
  enable_index_compression: 1
  block_align: 0
I200513 16:55:50.549139 35 storage/engine/rocksdb.go:120         Options.write_buffer_size: 67108864
I200513 16:55:50.549143 35 storage/engine/rocksdb.go:120   Options.max_write_buffer_number: 4
I200513 16:55:50.549146 35 storage/engine/rocksdb.go:120           Options.compression: Snappy
I200513 16:55:50.549149 35 storage/engine/rocksdb.go:120                   Options.bottommost_compression: Disabled
I200513 16:55:50.549151 35 storage/engine/rocksdb.go:120        Options.prefix_extractor: cockroach_prefix_extractor
I200513 16:55:50.549154 35 storage/engine/rocksdb.go:120    Options.memtable_insert_with_hint_prefix_extractor: nullptr
I200513 16:55:50.549160 35 storage/engine/rocksdb.go:120              Options.num_levels: 7
I200513 16:55:50.549163 35 storage/engine/rocksdb.go:120         Options.min_write_buffer_number_to_merge: 1
I200513 16:55:50.549166 35 storage/engine/rocksdb.go:120      Options.max_write_buffer_number_to_maintain: 0
I200513 16:55:50.549169 35 storage/engine/rocksdb.go:120             Options.bottommost_compression_opts.window_bits: -14
I200513 16:55:50.549172 35 storage/engine/rocksdb.go:120                   Options.bottommost_compression_opts.level: 32767
I200513 16:55:50.549174 35 storage/engine/rocksdb.go:120                Options.bottommost_compression_opts.strategy: 0
I200513 16:55:50.549177 35 storage/engine/rocksdb.go:120          Options.bottommost_compression_opts.max_dict_bytes: 0
I200513 16:55:50.549179 35 storage/engine/rocksdb.go:120          Options.bottommost_compression_opts.zstd_max_train_bytes: 0
I200513 16:55:50.549182 35 storage/engine/rocksdb.go:120                   Options.bottommost_compression_opts.enabled: false
I200513 16:55:50.549185 35 storage/engine/rocksdb.go:120             Options.compression_opts.window_bits: -14
I200513 16:55:50.549187 35 storage/engine/rocksdb.go:120                   Options.compression_opts.level: 32767
I200513 16:55:50.549190 35 storage/engine/rocksdb.go:120                Options.compression_opts.strategy: 0
I200513 16:55:50.549192 35 storage/engine/rocksdb.go:120          Options.compression_opts.max_dict_bytes: 0
I200513 16:55:50.549195 35 storage/engine/rocksdb.go:120          Options.compression_opts.zstd_max_train_bytes: 0
I200513 16:55:50.549198 35 storage/engine/rocksdb.go:120                   Options.compression_opts.enabled: false
I200513 16:55:50.549201 35 storage/engine/rocksdb.go:120       Options.level0_file_num_compaction_trigger: 2
I200513 16:55:50.549203 35 storage/engine/rocksdb.go:120           Options.level0_slowdown_writes_trigger: 950
I200513 16:55:50.549206 35 storage/engine/rocksdb.go:120               Options.level0_stop_writes_trigger: 1000
I200513 16:55:50.549208 35 storage/engine/rocksdb.go:120                    Options.target_file_size_base: 4194304
I200513 16:55:50.549211 35 storage/engine/rocksdb.go:120              Options.target_file_size_multiplier: 2
I200513 16:55:50.549214 35 storage/engine/rocksdb.go:120                 Options.max_bytes_for_level_base: 67108864
I200513 16:55:50.549217 35 storage/engine/rocksdb.go:120  Options.level_compaction_dynamic_level_bytes: 1
I200513 16:55:50.549220 35 storage/engine/rocksdb.go:120           Options.max_bytes_for_level_multiplier: 10.000000
I200513 16:55:50.549223 35 storage/engine/rocksdb.go:120  Options.max_bytes_for_level_multiplier_addtl[0]: 1
I200513 16:55:50.549225 35 storage/engine/rocksdb.go:120  Options.max_bytes_for_level_multiplier_addtl[1]: 1
I200513 16:55:50.549228 35 storage/engine/rocksdb.go:120  Options.max_bytes_for_level_multiplier_addtl[2]: 1
I200513 16:55:50.549231 35 storage/engine/rocksdb.go:120  Options.max_bytes_for_level_multiplier_addtl[3]: 1
I200513 16:55:50.549233 35 storage/engine/rocksdb.go:120  Options.max_bytes_for_level_multiplier_addtl[4]: 1
I200513 16:55:50.549236 35 storage/engine/rocksdb.go:120  Options.max_bytes_for_level_multiplier_addtl[5]: 1
I200513 16:55:50.549238 35 storage/engine/rocksdb.go:120  Options.max_bytes_for_level_multiplier_addtl[6]: 1
I200513 16:55:50.549241 35 storage/engine/rocksdb.go:120        Options.max_sequential_skip_in_iterations: 8
I200513 16:55:50.549244 35 storage/engine/rocksdb.go:120                     Options.max_compaction_bytes: 104857600
I200513 16:55:50.549246 35 storage/engine/rocksdb.go:120                         Options.arena_block_size: 8388608
I200513 16:55:50.549249 35 storage/engine/rocksdb.go:120    Options.soft_pending_compaction_bytes_limit: 2199023255552
I200513 16:55:50.549252 35 storage/engine/rocksdb.go:120    Options.hard_pending_compaction_bytes_limit: 4400193994752
I200513 16:55:50.549254 35 storage/engine/rocksdb.go:120        Options.rate_limit_delay_max_milliseconds: 100
I200513 16:55:50.549257 35 storage/engine/rocksdb.go:120                 Options.disable_auto_compactions: 0
I200513 16:55:50.549260 35 storage/engine/rocksdb.go:120                         Options.compaction_style: kCompactionStyleLevel
I200513 16:55:50.549263 35 storage/engine/rocksdb.go:120                           Options.compaction_pri: kMinOverlappingRatio
I200513 16:55:50.549266 35 storage/engine/rocksdb.go:120  Options.compaction_options_universal.size_ratio: 1
I200513 16:55:50.549268 35 storage/engine/rocksdb.go:120  Options.compaction_options_universal.min_merge_width: 2
I200513 16:55:50.549271 35 storage/engine/rocksdb.go:120  Options.compaction_options_universal.max_merge_width: 4294967295
I200513 16:55:50.549274 35 storage/engine/rocksdb.go:120  Options.compaction_options_universal.max_size_amplification_percent: 200
I200513 16:55:50.549277 35 storage/engine/rocksdb.go:120  Options.compaction_options_universal.compression_size_percent: -1
I200513 16:55:50.549280 35 storage/engine/rocksdb.go:120  Options.compaction_options_universal.stop_style: kCompactionStopStyleTotalSize
I200513 16:55:50.549283 35 storage/engine/rocksdb.go:120  Options.compaction_options_fifo.max_table_files_size: 1073741824
I200513 16:55:50.549286 35 storage/engine/rocksdb.go:120  Options.compaction_options_fifo.allow_compaction: 0
I200513 16:55:50.549290 35 storage/engine/rocksdb.go:120                    Options.table_properties_collectors: TimeBoundTblPropCollectorFactory; DeleteRangeTblPropCollectorFactory; 
I200513 16:55:50.549293 35 storage/engine/rocksdb.go:120                    Options.inplace_update_support: 0
I200513 16:55:50.549296 35 storage/engine/rocksdb.go:120                  Options.inplace_update_num_locks: 10000
I200513 16:55:50.549299 35 storage/engine/rocksdb.go:120                Options.memtable_prefix_bloom_size_ratio: 0.000000
I200513 16:55:50.549301 35 storage/engine/rocksdb.go:120                Options.memtable_whole_key_filtering: 0
I200513 16:55:50.549304 35 storage/engine/rocksdb.go:120    Options.memtable_huge_page_size: 0
I200513 16:55:50.549306 35 storage/engine/rocksdb.go:120                            Options.bloom_locality: 0
I200513 16:55:50.549309 35 storage/engine/rocksdb.go:120                     Options.max_successive_merges: 0
I200513 16:55:50.549312 35 storage/engine/rocksdb.go:120                 Options.optimize_filters_for_hits: 1
I200513 16:55:50.549314 35 storage/engine/rocksdb.go:120                 Options.paranoid_file_checks: 0
I200513 16:55:50.549317 35 storage/engine/rocksdb.go:120                 Options.force_consistency_checks: 0
I200513 16:55:50.549319 35 storage/engine/rocksdb.go:120                 Options.report_bg_io_stats: 0
I200513 16:55:50.549322 35 storage/engine/rocksdb.go:120                                Options.ttl: 0
I200513 16:55:50.549325 35 storage/engine/rocksdb.go:120           Options.periodic_compaction_seconds: 0
I200513 16:55:50.550151 35 storage/engine/rocksdb.go:120  [db/version_set.cc:4286] Recovered from manifest file:/var/lib/cockroach/cockroach-temp904969725/MANIFEST-000001 succeeded,manifest_file_number is 1, next_file_number is 3, last_sequence is 0, log_number is 0,prev_log_number is 0,max_column_family is 0,min_log_number_to_keep is 0
I200513 16:55:50.550156 35 storage/engine/rocksdb.go:120  [db/version_set.cc:4295] Column family [default] (ID 0), log number is 0
I200513 16:55:50.566989 35 storage/engine/rocksdb.go:120  DB pointer 0x7f25eeea4000
I200513 16:55:50.588269 35 storage/engine/rocksdb.go:120  RocksDB version: 6.2.1
I200513 16:55:50.588279 35 storage/engine/rocksdb.go:120  Git sha rocksdb_build_git_sha:@b7009236531fa784872f4823eabf393501e41bf2@
I200513 16:55:50.588282 35 storage/engine/rocksdb.go:120  Compile date Mar 16 2020
I200513 16:55:50.588286 35 storage/engine/rocksdb.go:120  DB SUMMARY
I200513 16:55:50.589244 35 storage/engine/rocksdb.go:120  CURRENT file:  CURRENT
I200513 16:55:50.589249 35 storage/engine/rocksdb.go:120  IDENTITY file:  IDENTITY
I200513 16:55:50.589600 35 storage/engine/rocksdb.go:120  MANIFEST file:  MANIFEST-000372 size: 445 Bytes
I200513 16:55:50.589606 35 storage/engine/rocksdb.go:120  SST files in /var/lib/cockroach dir, Total Num: 4, files: 000367.sst 000368.sst 000369.sst 000371.sst 
I200513 16:55:50.589609 35 storage/engine/rocksdb.go:120  Write Ahead Log file in /var/lib/cockroach: 000373.log size: 28088811 ; 
I200513 16:55:50.589614 35 storage/engine/rocksdb.go:120                          Options.error_if_exists: 0
I200513 16:55:50.589621 35 storage/engine/rocksdb.go:120                        Options.create_if_missing: 1
I200513 16:55:50.589624 35 storage/engine/rocksdb.go:120                          Options.paranoid_checks: 1
I200513 16:55:50.589627 35 storage/engine/rocksdb.go:120                                      Options.env: 0x75757a0
I200513 16:55:50.589630 35 storage/engine/rocksdb.go:120                                 Options.info_log: 0x7f25eee27260
I200513 16:55:50.589633 35 storage/engine/rocksdb.go:120                 Options.max_file_opening_threads: 16
I200513 16:55:50.589636 35 storage/engine/rocksdb.go:120                               Options.statistics: 0x7f25eee34080
I200513 16:55:50.589643 35 storage/engine/rocksdb.go:120                                Options.use_fsync: 0
I200513 16:55:50.589646 35 storage/engine/rocksdb.go:120                        Options.max_log_file_size: 0
I200513 16:55:50.589649 35 storage/engine/rocksdb.go:120                   Options.max_manifest_file_size: 134217728
I200513 16:55:50.589652 35 storage/engine/rocksdb.go:120                    Options.log_file_time_to_roll: 0
I200513 16:55:50.589655 35 storage/engine/rocksdb.go:120                        Options.keep_log_file_num: 1000
I200513 16:55:50.589658 35 storage/engine/rocksdb.go:120                     Options.recycle_log_file_num: 1
I200513 16:55:50.589661 35 storage/engine/rocksdb.go:120                          Options.allow_fallocate: 1
I200513 16:55:50.589666 35 storage/engine/rocksdb.go:120                         Options.allow_mmap_reads: 0
I200513 16:55:50.589669 35 storage/engine/rocksdb.go:120                        Options.allow_mmap_writes: 0
I200513 16:55:50.589672 35 storage/engine/rocksdb.go:120                         Options.use_direct_reads: 0
I200513 16:55:50.589675 35 storage/engine/rocksdb.go:120                         Options.use_direct_io_for_flush_and_compaction: 0
I200513 16:55:50.589820 35 storage/engine/rocksdb.go:120           Options.create_missing_column_families: 0
I200513 16:55:50.589826 35 storage/engine/rocksdb.go:120                               Options.db_log_dir: 
I200513 16:55:50.589832 35 storage/engine/rocksdb.go:120                                  Options.wal_dir: /var/lib/cockroach
I200513 16:55:50.589835 35 storage/engine/rocksdb.go:120                 Options.table_cache_numshardbits: 6
I200513 16:55:50.589838 35 storage/engine/rocksdb.go:120                       Options.max_subcompactions: 1
I200513 16:55:50.589841 35 storage/engine/rocksdb.go:120                   Options.max_background_flushes: -1
I200513 16:55:50.589844 35 storage/engine/rocksdb.go:120                          Options.WAL_ttl_seconds: 0
I200513 16:55:50.589847 35 storage/engine/rocksdb.go:120                        Options.WAL_size_limit_MB: 0
I200513 16:55:50.589850 35 storage/engine/rocksdb.go:120              Options.manifest_preallocation_size: 4194304
I200513 16:55:50.589855 35 storage/engine/rocksdb.go:120                      Options.is_fd_close_on_exec: 1
I200513 16:55:50.589858 35 storage/engine/rocksdb.go:120                    Options.advise_random_on_open: 1
I200513 16:55:50.589868 35 storage/engine/rocksdb.go:120                     Options.db_write_buffer_size: 0
I200513 16:55:50.589871 35 storage/engine/rocksdb.go:120                     Options.write_buffer_manager: 0x7f25eee19090
I200513 16:55:50.589874 35 storage/engine/rocksdb.go:120          Options.access_hint_on_compaction_start: 1
I200513 16:55:50.589876 35 storage/engine/rocksdb.go:120   Options.new_table_reader_for_compaction_inputs: 0
I200513 16:55:50.589881 35 storage/engine/rocksdb.go:120            Options.random_access_max_buffer_size: 1048576
I200513 16:55:50.589884 35 storage/engine/rocksdb.go:120                       Options.use_adaptive_mutex: 0
I200513 16:55:50.589887 35 storage/engine/rocksdb.go:120                             Options.rate_limiter: (nil)
I200513 16:55:50.589890 35 storage/engine/rocksdb.go:120      Options.sst_file_manager.rate_bytes_per_sec: 0
I200513 16:55:50.589893 35 storage/engine/rocksdb.go:120                        Options.wal_recovery_mode: 0
I200513 16:55:50.589896 35 storage/engine/rocksdb.go:120                   Options.enable_thread_tracking: 0
I200513 16:55:50.589900 35 storage/engine/rocksdb.go:120                   Options.enable_pipelined_write: 0
I200513 16:55:50.589903 35 storage/engine/rocksdb.go:120          Options.allow_concurrent_memtable_write: 1
I200513 16:55:50.589906 35 storage/engine/rocksdb.go:120       Options.enable_write_thread_adaptive_yield: 1
I200513 16:55:50.589909 35 storage/engine/rocksdb.go:120              Options.write_thread_max_yield_usec: 100
I200513 16:55:50.589912 35 storage/engine/rocksdb.go:120             Options.write_thread_slow_yield_usec: 3
I200513 16:55:50.589915 35 storage/engine/rocksdb.go:120                                Options.row_cache: None
I200513 16:55:50.589918 35 storage/engine/rocksdb.go:120                               Options.wal_filter: None
I200513 16:55:50.589922 35 storage/engine/rocksdb.go:120              Options.avoid_flush_during_recovery: 0
I200513 16:55:50.589925 35 storage/engine/rocksdb.go:120              Options.allow_ingest_behind: 0
I200513 16:55:50.589928 35 storage/engine/rocksdb.go:120              Options.preserve_deletes: 0
I200513 16:55:50.589931 35 storage/engine/rocksdb.go:120              Options.two_write_queues: 0
I200513 16:55:50.589948 35 storage/engine/rocksdb.go:120              Options.manual_wal_flush: 1
I200513 16:55:50.589952 35 storage/engine/rocksdb.go:120              Options.atomic_flush: 0
I200513 16:55:50.589958 35 storage/engine/rocksdb.go:120              Options.avoid_unnecessary_blocking_io: 0
I200513 16:55:50.589961 35 storage/engine/rocksdb.go:120              Options.max_background_jobs: 2
I200513 16:55:50.589964 35 storage/engine/rocksdb.go:120              Options.max_background_compactions: -1
I200513 16:55:50.589967 35 storage/engine/rocksdb.go:120              Options.avoid_flush_during_shutdown: 0
I200513 16:55:50.589970 35 storage/engine/rocksdb.go:120            Options.writable_file_max_buffer_size: 1048576
I200513 16:55:50.589973 35 storage/engine/rocksdb.go:120              Options.delayed_write_rate : 16777216
I200513 16:55:50.589976 35 storage/engine/rocksdb.go:120              Options.max_total_wal_size: 0
I200513 16:55:50.589981 35 storage/engine/rocksdb.go:120              Options.delete_obsolete_files_period_micros: 21600000000
I200513 16:55:50.589984 35 storage/engine/rocksdb.go:120                    Options.stats_dump_period_sec: 0
I200513 16:55:50.589987 35 storage/engine/rocksdb.go:120                  Options.stats_persist_period_sec: 600
I200513 16:55:50.589990 35 storage/engine/rocksdb.go:120                  Options.stats_history_buffer_size: 1048576
I200513 16:55:50.589993 35 storage/engine/rocksdb.go:120                           Options.max_open_files: 1043576
I200513 16:55:50.589996 35 storage/engine/rocksdb.go:120                           Options.bytes_per_sync: 524288
I200513 16:55:50.590001 35 storage/engine/rocksdb.go:120                       Options.wal_bytes_per_sync: 0
I200513 16:55:50.590004 35 storage/engine/rocksdb.go:120                    Options.strict_bytes_per_sync: 1
I200513 16:55:50.590007 35 storage/engine/rocksdb.go:120        Options.compaction_readahead_size: 0
I200513 16:55:50.590010 35 storage/engine/rocksdb.go:120  Compression algorithms supported:
I200513 16:55:50.590014 35 storage/engine/rocksdb.go:120  	kZSTDNotFinalCompression supported: 0
I200513 16:55:50.590017 35 storage/engine/rocksdb.go:120  	kZSTD supported: 0
I200513 16:55:50.590022 35 storage/engine/rocksdb.go:120  	kXpressCompression supported: 0
I200513 16:55:50.590025 35 storage/engine/rocksdb.go:120  	kLZ4HCCompression supported: 0
I200513 16:55:50.590028 35 storage/engine/rocksdb.go:120  	kLZ4Compression supported: 0
I200513 16:55:50.590031 35 storage/engine/rocksdb.go:120  	kBZip2Compression supported: 0
I200513 16:55:50.590039 35 storage/engine/rocksdb.go:120  	kZlibCompression supported: 0
I200513 16:55:50.590042 35 storage/engine/rocksdb.go:120  	kSnappyCompression supported: 1
I200513 16:55:50.590048 35 storage/engine/rocksdb.go:120  Fast CRC32 supported: Supported on x86
I200513 16:55:50.593549 35 storage/engine/rocksdb.go:120  [db/version_set.cc:4072] Recovering from manifest file: /var/lib/cockroach/MANIFEST-000372
I200513 16:55:50.593977 35 storage/engine/rocksdb.go:120  [db/column_family.cc:488] --------------- Options for column family [default]:
I200513 16:55:50.593983 35 storage/engine/rocksdb.go:120                Options.comparator: cockroach_comparator
I200513 16:55:50.593986 35 storage/engine/rocksdb.go:120            Options.merge_operator: cockroach_merge_operator
I200513 16:55:50.593989 35 storage/engine/rocksdb.go:120         Options.compaction_filter: None
I200513 16:55:50.593991 35 storage/engine/rocksdb.go:120         Options.compaction_filter_factory: None
I200513 16:55:50.593994 35 storage/engine/rocksdb.go:120          Options.memtable_factory: SkipListFactory
I200513 16:55:50.593997 35 storage/engine/rocksdb.go:120             Options.table_factory: BlockBasedTable
I200513 16:55:50.594015 35 storage/engine/rocksdb.go:120             table_factory options:   flush_block_policy_factory: FlushBlockBySizePolicyFactory (0x7f25eee28090)
  cache_index_and_filter_blocks: 0
  cache_index_and_filter_blocks_with_high_priority: 0
  pin_l0_filter_and_index_blocks_in_cache: 0
  pin_top_level_index_and_filter: 1
  index_type: 0
  data_block_index_type: 0
  index_shortening: 1
  data_block_hash_table_util_ratio: 0.750000
  hash_index_allow_collision: 1
  checksum: 1
  no_block_cache: 0
  block_cache: 0x7f25eeebc210
  block_cache_name: LRUCache
  block_cache_options:
    capacity : 67108864
    num_shard_bits : 4
    strict_capacity_limit : 0
    memory_allocator : None
    high_pri_pool_ratio: 0.000
  block_cache_compressed: (nil)
  persistent_cache: (nil)
  block_size: 32768
  block_size_deviation: 10
  block_restart_interval: 16
  index_block_restart_interval: 1
  metadata_block_size: 4096
  partition_filters: 0
  use_delta_encoding: 1
  filter_policy: rocksdb.BuiltinBloomFilter
  whole_key_filtering: 0
  verify_compression: 0
  read_amp_bytes_per_bit: 0
  format_version: 2
  enable_index_compression: 1
  block_align: 0
I200513 16:55:50.594019 35 storage/engine/rocksdb.go:120         Options.write_buffer_size: 67108864
I200513 16:55:50.594023 35 storage/engine/rocksdb.go:120   Options.max_write_buffer_number: 4
I200513 16:55:50.594026 35 storage/engine/rocksdb.go:120           Options.compression: Snappy
I200513 16:55:50.594028 35 storage/engine/rocksdb.go:120                   Options.bottommost_compression: Disabled
I200513 16:55:50.594031 35 storage/engine/rocksdb.go:120        Options.prefix_extractor: cockroach_prefix_extractor
I200513 16:55:50.594034 35 storage/engine/rocksdb.go:120    Options.memtable_insert_with_hint_prefix_extractor: nullptr
I200513 16:55:50.594037 35 storage/engine/rocksdb.go:120              Options.num_levels: 7
I200513 16:55:50.594039 35 storage/engine/rocksdb.go:120         Options.min_write_buffer_number_to_merge: 1
I200513 16:55:50.594042 35 storage/engine/rocksdb.go:120      Options.max_write_buffer_number_to_maintain: 0
I200513 16:55:50.594045 35 storage/engine/rocksdb.go:120             Options.bottommost_compression_opts.window_bits: -14
I200513 16:55:50.594047 35 storage/engine/rocksdb.go:120                   Options.bottommost_compression_opts.level: 32767
I200513 16:55:50.594050 35 storage/engine/rocksdb.go:120                Options.bottommost_compression_opts.strategy: 0
I200513 16:55:50.594060 35 storage/engine/rocksdb.go:120          Options.bottommost_compression_opts.max_dict_bytes: 0
I200513 16:55:50.594063 35 storage/engine/rocksdb.go:120          Options.bottommost_compression_opts.zstd_max_train_bytes: 0
I200513 16:55:50.594066 35 storage/engine/rocksdb.go:120                   Options.bottommost_compression_opts.enabled: false
I200513 16:55:50.594068 35 storage/engine/rocksdb.go:120             Options.compression_opts.window_bits: -14
I200513 16:55:50.594071 35 storage/engine/rocksdb.go:120                   Options.compression_opts.level: 32767
I200513 16:55:50.594073 35 storage/engine/rocksdb.go:120                Options.compression_opts.strategy: 0
I200513 16:55:50.594076 35 storage/engine/rocksdb.go:120          Options.compression_opts.max_dict_bytes: 0
I200513 16:55:50.594079 35 storage/engine/rocksdb.go:120          Options.compression_opts.zstd_max_train_bytes: 0
I200513 16:55:50.594081 35 storage/engine/rocksdb.go:120                   Options.compression_opts.enabled: false
I200513 16:55:50.594084 35 storage/engine/rocksdb.go:120       Options.level0_file_num_compaction_trigger: 2
I200513 16:55:50.594087 35 storage/engine/rocksdb.go:120           Options.level0_slowdown_writes_trigger: 950
I200513 16:55:50.594090 35 storage/engine/rocksdb.go:120               Options.level0_stop_writes_trigger: 1000
I200513 16:55:50.594092 35 storage/engine/rocksdb.go:120                    Options.target_file_size_base: 4194304
I200513 16:55:50.594095 35 storage/engine/rocksdb.go:120              Options.target_file_size_multiplier: 2
I200513 16:55:50.594097 35 storage/engine/rocksdb.go:120                 Options.max_bytes_for_level_base: 67108864
I200513 16:55:50.594100 35 storage/engine/rocksdb.go:120  Options.level_compaction_dynamic_level_bytes: 1
I200513 16:55:50.594118 35 storage/engine/rocksdb.go:120           Options.max_bytes_for_level_multiplier: 10.000000
I200513 16:55:50.594121 35 storage/engine/rocksdb.go:120  Options.max_bytes_for_level_multiplier_addtl[0]: 1
I200513 16:55:50.594124 35 storage/engine/rocksdb.go:120  Options.max_bytes_for_level_multiplier_addtl[1]: 1
I200513 16:55:50.594127 35 storage/engine/rocksdb.go:120  Options.max_bytes_for_level_multiplier_addtl[2]: 1
I200513 16:55:50.594129 35 storage/engine/rocksdb.go:120  Options.max_bytes_for_level_multiplier_addtl[3]: 1
I200513 16:55:50.594132 35 storage/engine/rocksdb.go:120  Options.max_bytes_for_level_multiplier_addtl[4]: 1
I200513 16:55:50.594135 35 storage/engine/rocksdb.go:120  Options.max_bytes_for_level_multiplier_addtl[5]: 1
I200513 16:55:50.594137 35 storage/engine/rocksdb.go:120  Options.max_bytes_for_level_multiplier_addtl[6]: 1
I200513 16:55:50.594140 35 storage/engine/rocksdb.go:120        Options.max_sequential_skip_in_iterations: 8
I200513 16:55:50.594142 35 storage/engine/rocksdb.go:120                     Options.max_compaction_bytes: 104857600
I200513 16:55:50.594145 35 storage/engine/rocksdb.go:120                         Options.arena_block_size: 8388608
I200513 16:55:50.594148 35 storage/engine/rocksdb.go:120    Options.soft_pending_compaction_bytes_limit: 2199023255552
I200513 16:55:50.594150 35 storage/engine/rocksdb.go:120    Options.hard_pending_compaction_bytes_limit: 4400193994752
I200513 16:55:50.594153 35 storage/engine/rocksdb.go:120        Options.rate_limit_delay_max_milliseconds: 100
I200513 16:55:50.594155 35 storage/engine/rocksdb.go:120                 Options.disable_auto_compactions: 0
I200513 16:55:50.594159 35 storage/engine/rocksdb.go:120                         Options.compaction_style: kCompactionStyleLevel
I200513 16:55:50.594162 35 storage/engine/rocksdb.go:120                           Options.compaction_pri: kMinOverlappingRatio
I200513 16:55:50.594164 35 storage/engine/rocksdb.go:120  Options.compaction_options_universal.size_ratio: 1
I200513 16:55:50.594167 35 storage/engine/rocksdb.go:120  Options.compaction_options_universal.min_merge_width: 2
I200513 16:55:50.594169 35 storage/engine/rocksdb.go:120  Options.compaction_options_universal.max_merge_width: 4294967295
I200513 16:55:50.594172 35 storage/engine/rocksdb.go:120  Options.compaction_options_universal.max_size_amplification_percent: 200
I200513 16:55:50.594175 35 storage/engine/rocksdb.go:120  Options.compaction_options_universal.compression_size_percent: -1
I200513 16:55:50.594178 35 storage/engine/rocksdb.go:120  Options.compaction_options_universal.stop_style: kCompactionStopStyleTotalSize
I200513 16:55:50.594181 35 storage/engine/rocksdb.go:120  Options.compaction_options_fifo.max_table_files_size: 1073741824
I200513 16:55:50.594183 35 storage/engine/rocksdb.go:120  Options.compaction_options_fifo.allow_compaction: 0
I200513 16:55:50.594187 35 storage/engine/rocksdb.go:120                    Options.table_properties_collectors: TimeBoundTblPropCollectorFactory; DeleteRangeTblPropCollectorFactory; 
I200513 16:55:50.594190 35 storage/engine/rocksdb.go:120                    Options.inplace_update_support: 0
I200513 16:55:50.594193 35 storage/engine/rocksdb.go:120                  Options.inplace_update_num_locks: 10000
I200513 16:55:50.594196 35 storage/engine/rocksdb.go:120                Options.memtable_prefix_bloom_size_ratio: 0.000000
I200513 16:55:50.594198 35 storage/engine/rocksdb.go:120                Options.memtable_whole_key_filtering: 0
I200513 16:55:50.594201 35 storage/engine/rocksdb.go:120    Options.memtable_huge_page_size: 0
I200513 16:55:50.594204 35 storage/engine/rocksdb.go:120                            Options.bloom_locality: 0
I200513 16:55:50.594206 35 storage/engine/rocksdb.go:120                     Options.max_successive_merges: 0
I200513 16:55:50.594209 35 storage/engine/rocksdb.go:120                 Options.optimize_filters_for_hits: 1
I200513 16:55:50.594211 35 storage/engine/rocksdb.go:120                 Options.paranoid_file_checks: 0
I200513 16:55:50.594214 35 storage/engine/rocksdb.go:120                 Options.force_consistency_checks: 0
I200513 16:55:50.594216 35 storage/engine/rocksdb.go:120                 Options.report_bg_io_stats: 0
I200513 16:55:50.594219 35 storage/engine/rocksdb.go:120                                Options.ttl: 0
I200513 16:55:50.594221 35 storage/engine/rocksdb.go:120           Options.periodic_compaction_seconds: 0
I200513 16:55:50.601403 35 storage/engine/rocksdb.go:120  [db/version_set.cc:4286] Recovered from manifest file:/var/lib/cockroach/MANIFEST-000372 succeeded,manifest_file_number is 372, next_file_number is 374, last_sequence is 8111597, log_number is 366,prev_log_number is 0,max_column_family is 0,min_log_number_to_keep is 0
I200513 16:55:50.601412 35 storage/engine/rocksdb.go:120  [db/version_set.cc:4295] Column family [default] (ID 0), log number is 366
I200513 16:55:50.604171 35 storage/engine/rocksdb.go:120  EVENT_LOG_v1 {"time_micros": 1589388950604156, "job": 1, "event": "recovery_started", "log_files": [373]}
I200513 16:55:50.604179 35 storage/engine/rocksdb.go:120  [db/db_impl_open.cc:598] Recovering log #373 mode 0
I200513 16:55:51.037981 35 storage/engine/rocksdb.go:120  EVENT_LOG_v1 {"time_micros": 1589388951037850, "cf_name": "default", "job": 1, "event": "table_file_creation", "file_number": 374, "file_size": 232156, "table_properties": {"data_size": 224664, "index_size": 2284, "index_partitions": 0, "top_level_index_size": 0, "index_key_is_user_key": 0, "index_value_is_delta_encoded": 0, "filter_size": 5189, "raw_key_size": 151169, "raw_average_key_size": 30, "raw_value_size": 1203246, "raw_average_value_size": 239, "num_data_blocks": 38, "num_entries": 5020, "num_deletions": 3391, "num_merge_operands": 664, "num_range_deletions": 664, "format_version": 0, "fixed_key_len": 0, "filter_policy": "rocksdb.BuiltinBloomFilter", "column_family_name": "default", "column_family_id": 0, "comparator": "cockroach_comparator", "merge_operator": "cockroach_merge_operator", "prefix_extractor_name": "cockroach_prefix_extractor", "property_collectors": "[TimeBoundTblPropCollectorFactory,DeleteRangeTblPropCollectorFactory]", "compression": "Snappy", "compression_options": "window_bits=-14; level=32767; strategy=0; max_dict_bytes=0; zstd_max_train_bytes=0; enabled=0; ", "creation_time": 1589388950, "oldest_key_time": 3, "file_creation_time": 0}}
I200513 16:55:51.041716 35 storage/engine/rocksdb.go:120  [db/version_set.cc:3560] Creating manifest 375
I200513 16:55:51.051233 35 storage/engine/rocksdb.go:120  EVENT_LOG_v1 {"time_micros": 1589388951051179, "job": 1, "event": "recovery_finished"}
I200513 16:55:51.072761 17 storage/engine/rocksdb.go:120  [db/compaction_job.cc:1647] [default] [JOB 3] Compacting 2@0 + 3@6 files to L6, score 1.00
I200513 16:55:51.072775 17 storage/engine/rocksdb.go:120  [db/compaction_job.cc:1651] [default] Compaction start summary: Base version 2 Base level 0, inputs: [374(226KB) 371(147KB)], [367(4121KB) 368(4112KB) 369(1471KB)]
I200513 16:55:51.072878 17 storage/engine/rocksdb.go:120  EVENT_LOG_v1 {"time_micros": 1589388951072829, "job": 3, "event": "compaction_started", "compaction_reason": "LevelL0FilesNum", "files_L0": [374, 371], "files_L6": [367, 368, 369], "score": 1, "input_data_size": 10322580}
I200513 16:55:51.085052 35 storage/engine/rocksdb.go:120  DB pointer 0x7f25eef34000
I200513 16:55:51.174973 17 storage/engine/rocksdb.go:120  [db/compaction_job.cc:1334] [default] [JOB 3] Generated table #379: 14002 keys, 4217645 bytes
I200513 16:55:51.175018 17 storage/engine/rocksdb.go:120  EVENT_LOG_v1 {"time_micros": 1589388951174993, "cf_name": "default", "job": 3, "event": "table_file_creation", "file_number": 379, "file_size": 4217645, "table_properties": {"data_size": 4195419, "index_size": 80985, "index_partitions": 0, "top_level_index_size": 0, "index_key_is_user_key": 0, "index_value_is_delta_encoded": 0, "filter_size": 0, "raw_key_size": 723045, "raw_average_key_size": 51, "raw_value_size": 36347945, "raw_average_value_size": 2595, "num_data_blocks": 1171, "num_entries": 14002, "num_deletions": 0, "num_merge_operands": 0, "num_range_deletions": 0, "format_version": 0, "fixed_key_len": 0, "filter_policy": "rocksdb.BuiltinBloomFilter", "column_family_name": "default", "column_family_id": 0, "comparator": "cockroach_comparator", "merge_operator": "cockroach_merge_operator", "prefix_extractor_name": "cockroach_prefix_extractor", "property_collectors": "[TimeBoundTblPropCollectorFactory,DeleteRangeTblPropCollectorFactory]", "compression": "Snappy", "compression_options": "window_bits=-14; level=32767; strategy=0; max_dict_bytes=0; zstd_max_train_bytes=0; enabled=0; ", "creation_time": 1589388950, "oldest_key_time": 0, "file_creation_time": 1589388951}}
I200513 16:55:51.245765 17 storage/engine/rocksdb.go:120  [db/compaction_job.cc:1334] [default] [JOB 3] Generated table #380: 7172 keys, 4216798 bytes
I200513 16:55:51.245813 17 storage/engine/rocksdb.go:120  EVENT_LOG_v1 {"time_micros": 1589388951245787, "cf_name": "default", "job": 3, "event": "table_file_creation", "file_number": 380, "file_size": 4216798, "table_properties": {"data_size": 4202238, "index_size": 49299, "index_partitions": 0, "top_level_index_size": 0, "index_key_is_user_key": 0, "index_value_is_delta_encoded": 0, "filter_size": 0, "raw_key_size": 403828, "raw_average_key_size": 56, "raw_value_size": 22159405, "raw_average_value_size": 3089, "num_data_blocks": 715, "num_entries": 7172, "num_deletions": 0, "num_merge_operands": 0, "num_range_deletions": 0, "format_version": 0, "fixed_key_len": 0, "filter_policy": "rocksdb.BuiltinBloomFilter", "column_family_name": "default", "column_family_id": 0, "comparator": "cockroach_comparator", "merge_operator": "cockroach_merge_operator", "prefix_extractor_name": "cockroach_prefix_extractor", "property_collectors": "[TimeBoundTblPropCollectorFactory,DeleteRangeTblPropCollectorFactory]", "compression": "Snappy", "compression_options": "window_bits=-14; level=32767; strategy=0; max_dict_bytes=0; zstd_max_train_bytes=0; enabled=0; ", "creation_time": 1589388950, "oldest_key_time": 0, "file_creation_time": 1589388951}}
I200513 16:55:51.284730 17 storage/engine/rocksdb.go:120  [db/compaction_job.cc:1334] [default] [JOB 3] Generated table #381: 15128 keys, 1731495 bytes
I200513 16:55:51.284773 17 storage/engine/rocksdb.go:120  EVENT_LOG_v1 {"time_micros": 1589388951284749, "cf_name": "default", "job": 3, "event": "table_file_creation", "file_number": 381, "file_size": 1731495, "table_properties": {"data_size": 1723993, "index_size": 21516, "index_partitions": 0, "top_level_index_size": 0, "index_key_is_user_key": 0, "index_value_is_delta_encoded": 0, "filter_size": 0, "raw_key_size": 530353, "raw_average_key_size": 35, "raw_value_size": 9910116, "raw_average_value_size": 655, "num_data_blocks": 328, "num_entries": 15128, "num_deletions": 0, "num_merge_operands": 0, "num_range_deletions": 0, "format_version": 0, "fixed_key_len": 0, "filter_policy": "rocksdb.BuiltinBloomFilter", "column_family_name": "default", "column_family_id": 0, "comparator": "cockroach_comparator", "merge_operator": "cockroach_merge_operator", "prefix_extractor_name": "cockroach_prefix_extractor", "property_collectors": "[TimeBoundTblPropCollectorFactory,DeleteRangeTblPropCollectorFactory]", "compression": "Snappy", "compression_options": "window_bits=-14; level=32767; strategy=0; max_dict_bytes=0; zstd_max_train_bytes=0; enabled=0; ", "creation_time": 1589388950, "oldest_key_time": 0, "file_creation_time": 1589388951}}
I200513 16:55:51.289124 17 storage/engine/rocksdb.go:120  [db/compaction_job.cc:1397] [default] [JOB 3] Compacted 2@0 + 3@6 files to L6 => 10165938 bytes
I200513 16:55:51.290011 17 storage/engine/rocksdb.go:120  (Original Log Time 2020/05/13-16:55:51.289886) [db/compaction_job.cc:770] [default] compacted to: base level 6 level multiplier 10.00 max bytes base 67108864 files[0 0 0 0 0 0 3] max score 0.00, MB/sec: 48.5 rd, 47.8 wr, level 6, files in(2, 3) out(3) MB in(0.4, 9.5) out(9.7), read-write-amplify(53.4) write-amplify(26.5) OK, records in: 44220, records dropped: 6590 output_compression: Snappy
I200513 16:55:51.290020 17 storage/engine/rocksdb.go:120  (Original Log Time 2020/05/13-16:55:51.289929) EVENT_LOG_v1 {"time_micros": 1589388951289898, "job": 3, "event": "compaction_finished", "compaction_time_micros": 212872, "compaction_time_cpu_micros": 101457, "output_level": 6, "num_output_files": 3, "total_output_size": 10165938, "num_input_records": 42892, "num_output_records": 36302, "num_subcompactions": 1, "output_compression": "Snappy", "num_single_delete_mismatches": 0, "num_single_delete_fallthrough": 0, "lsm_state": [0, 0, 0, 0, 0, 0, 3]}
I200513 16:55:51.290619 17 storage/engine/rocksdb.go:120  EVENT_LOG_v1 {"time_micros": 1589388951290607, "job": 3, "event": "table_file_deletion", "file_number": 374}
I200513 16:55:51.291675 17 storage/engine/rocksdb.go:120  EVENT_LOG_v1 {"time_micros": 1589388951291663, "job": 3, "event": "table_file_deletion", "file_number": 371}
I200513 16:55:51.292543 17 storage/engine/rocksdb.go:120  EVENT_LOG_v1 {"time_micros": 1589388951292523, "job": 3, "event": "table_file_deletion", "file_number": 369}
I200513 16:55:51.293842 17 storage/engine/rocksdb.go:120  EVENT_LOG_v1 {"time_micros": 1589388951293827, "job": 3, "event": "table_file_deletion", "file_number": 368}
I200513 16:55:51.295237 17 storage/engine/rocksdb.go:120  EVENT_LOG_v1 {"time_micros": 1589388951295220, "job": 3, "event": "table_file_deletion", "file_number": 367}
I200513 16:56:37.104054 1070 storage/engine/rocksdb.go:120  bloom filter utility:    -nan%
I200513 16:56:37.104349 1070 storage/engine/rocksdb.go:120  [db/db_impl.cc:392] Shutdown: canceling all background work
I200513 16:56:37.106654 1070 storage/engine/rocksdb.go:120  [db/db_impl.cc:565] Shutdown complete
I200513 16:56:37.117308 1070 storage/engine/rocksdb.go:120  bloom filter utility:    63.7%
I200513 16:56:37.117806 1070 storage/engine/rocksdb.go:120  [db/db_impl.cc:392] Shutdown: canceling all background work
I200513 16:56:37.125079 1070 storage/engine/rocksdb.go:120  [db/db_impl.cc:565] Shutdown complete
