I200514 19:19:09.827274 16 util/log/clog.go:1196  [config] file created at: 2020/05/14 19:19:09
I200514 19:19:09.827274 16 util/log/clog.go:1196  [config] running on machine: 2ada2709afbb
I200514 19:19:09.827274 16 util/log/clog.go:1196  [config] binary: CockroachDB CCL v19.2.5 (x86_64-unknown-linux-gnu, built 2020/03/16 18:27:12, go1.12.12)
I200514 19:19:09.827274 16 util/log/clog.go:1196  [config] arguments: [/cockroach/cockroach start --insecure --store=attrs=ssd,path=/var/lib/cockroach/]
I200514 19:19:09.827274 16 util/log/clog.go:1196  line format: [IWEF]yymmdd hh:mm:ss.uuuuuu goid file:line msg utf8=✓
I200514 19:19:09.827273 16 storage/engine/rocksdb.go:120  RocksDB version: 6.2.1
I200514 19:19:09.833673 16 storage/engine/rocksdb.go:120  Git sha rocksdb_build_git_sha:@b7009236531fa784872f4823eabf393501e41bf2@
I200514 19:19:09.833678 16 storage/engine/rocksdb.go:120  Compile date Mar 16 2020
I200514 19:19:09.833681 16 storage/engine/rocksdb.go:120  DB SUMMARY
I200514 19:19:09.834991 16 storage/engine/rocksdb.go:120  SST files in /var/lib/cockroach/cockroach-temp086027347 dir, Total Num: 0, files: 
I200514 19:19:10.038441 16 storage/engine/rocksdb.go:120  Write Ahead Log file in /var/lib/cockroach/cockroach-temp086027347: 
I200514 19:19:10.038446 16 storage/engine/rocksdb.go:120                          Options.error_if_exists: 0
I200514 19:19:10.038449 16 storage/engine/rocksdb.go:120                        Options.create_if_missing: 1
I200514 19:19:10.038452 16 storage/engine/rocksdb.go:120                          Options.paranoid_checks: 1
I200514 19:19:10.038455 16 storage/engine/rocksdb.go:120                                      Options.env: 0x75757a0
I200514 19:19:10.038457 16 storage/engine/rocksdb.go:120                                 Options.info_log: 0x7fed948270e0
I200514 19:19:10.038460 16 storage/engine/rocksdb.go:120                 Options.max_file_opening_threads: 16
I200514 19:19:10.038462 16 storage/engine/rocksdb.go:120                               Options.statistics: 0x7fed94834010
I200514 19:19:10.038465 16 storage/engine/rocksdb.go:120                                Options.use_fsync: 0
I200514 19:19:10.038468 16 storage/engine/rocksdb.go:120                        Options.max_log_file_size: 0
I200514 19:19:10.038471 16 storage/engine/rocksdb.go:120                   Options.max_manifest_file_size: 134217728
I200514 19:19:10.038473 16 storage/engine/rocksdb.go:120                    Options.log_file_time_to_roll: 0
I200514 19:19:10.038477 16 storage/engine/rocksdb.go:120                        Options.keep_log_file_num: 1000
I200514 19:19:10.038479 16 storage/engine/rocksdb.go:120                     Options.recycle_log_file_num: 1
I200514 19:19:10.038482 16 storage/engine/rocksdb.go:120                          Options.allow_fallocate: 1
I200514 19:19:10.038484 16 storage/engine/rocksdb.go:120                         Options.allow_mmap_reads: 0
I200514 19:19:10.038487 16 storage/engine/rocksdb.go:120                        Options.allow_mmap_writes: 0
I200514 19:19:10.038490 16 storage/engine/rocksdb.go:120                         Options.use_direct_reads: 0
I200514 19:19:10.038492 16 storage/engine/rocksdb.go:120                         Options.use_direct_io_for_flush_and_compaction: 0
I200514 19:19:10.038495 16 storage/engine/rocksdb.go:120           Options.create_missing_column_families: 0
I200514 19:19:10.038498 16 storage/engine/rocksdb.go:120                               Options.db_log_dir: 
I200514 19:19:10.038501 16 storage/engine/rocksdb.go:120                                  Options.wal_dir: /var/lib/cockroach/cockroach-temp086027347
I200514 19:19:10.038503 16 storage/engine/rocksdb.go:120                 Options.table_cache_numshardbits: 6
I200514 19:19:10.038506 16 storage/engine/rocksdb.go:120                       Options.max_subcompactions: 1
I200514 19:19:10.038508 16 storage/engine/rocksdb.go:120                   Options.max_background_flushes: -1
I200514 19:19:10.038511 16 storage/engine/rocksdb.go:120                          Options.WAL_ttl_seconds: 0
I200514 19:19:10.038513 16 storage/engine/rocksdb.go:120                        Options.WAL_size_limit_MB: 0
I200514 19:19:10.038516 16 storage/engine/rocksdb.go:120              Options.manifest_preallocation_size: 4194304
I200514 19:19:10.038519 16 storage/engine/rocksdb.go:120                      Options.is_fd_close_on_exec: 1
I200514 19:19:10.038523 16 storage/engine/rocksdb.go:120                    Options.advise_random_on_open: 1
I200514 19:19:10.038526 16 storage/engine/rocksdb.go:120                     Options.db_write_buffer_size: 0
I200514 19:19:10.038785 16 storage/engine/rocksdb.go:120                     Options.write_buffer_manager: 0x7fed948190f0
I200514 19:19:10.038788 16 storage/engine/rocksdb.go:120          Options.access_hint_on_compaction_start: 1
I200514 19:19:10.038790 16 storage/engine/rocksdb.go:120   Options.new_table_reader_for_compaction_inputs: 0
I200514 19:19:10.038793 16 storage/engine/rocksdb.go:120            Options.random_access_max_buffer_size: 1048576
I200514 19:19:10.038796 16 storage/engine/rocksdb.go:120                       Options.use_adaptive_mutex: 0
I200514 19:19:10.038798 16 storage/engine/rocksdb.go:120                             Options.rate_limiter: (nil)
I200514 19:19:10.038802 16 storage/engine/rocksdb.go:120      Options.sst_file_manager.rate_bytes_per_sec: 0
I200514 19:19:10.038804 16 storage/engine/rocksdb.go:120                        Options.wal_recovery_mode: 0
I200514 19:19:10.038807 16 storage/engine/rocksdb.go:120                   Options.enable_thread_tracking: 0
I200514 19:19:10.038809 16 storage/engine/rocksdb.go:120                   Options.enable_pipelined_write: 0
I200514 19:19:10.038812 16 storage/engine/rocksdb.go:120          Options.allow_concurrent_memtable_write: 1
I200514 19:19:10.038814 16 storage/engine/rocksdb.go:120       Options.enable_write_thread_adaptive_yield: 1
I200514 19:19:10.038817 16 storage/engine/rocksdb.go:120              Options.write_thread_max_yield_usec: 100
I200514 19:19:10.038820 16 storage/engine/rocksdb.go:120             Options.write_thread_slow_yield_usec: 3
I200514 19:19:10.038822 16 storage/engine/rocksdb.go:120                                Options.row_cache: None
I200514 19:19:10.038825 16 storage/engine/rocksdb.go:120                               Options.wal_filter: None
I200514 19:19:10.038828 16 storage/engine/rocksdb.go:120              Options.avoid_flush_during_recovery: 0
I200514 19:19:10.038830 16 storage/engine/rocksdb.go:120              Options.allow_ingest_behind: 0
I200514 19:19:10.038837 16 storage/engine/rocksdb.go:120              Options.preserve_deletes: 0
I200514 19:19:10.038839 16 storage/engine/rocksdb.go:120              Options.two_write_queues: 0
I200514 19:19:10.038842 16 storage/engine/rocksdb.go:120              Options.manual_wal_flush: 1
I200514 19:19:10.038844 16 storage/engine/rocksdb.go:120              Options.atomic_flush: 0
I200514 19:19:10.038847 16 storage/engine/rocksdb.go:120              Options.avoid_unnecessary_blocking_io: 0
I200514 19:19:10.038849 16 storage/engine/rocksdb.go:120              Options.max_background_jobs: 2
I200514 19:19:10.038852 16 storage/engine/rocksdb.go:120              Options.max_background_compactions: -1
I200514 19:19:10.038854 16 storage/engine/rocksdb.go:120              Options.avoid_flush_during_shutdown: 0
I200514 19:19:10.038857 16 storage/engine/rocksdb.go:120            Options.writable_file_max_buffer_size: 1048576
I200514 19:19:10.038860 16 storage/engine/rocksdb.go:120              Options.delayed_write_rate : 16777216
I200514 19:19:10.038862 16 storage/engine/rocksdb.go:120              Options.max_total_wal_size: 0
I200514 19:19:10.038865 16 storage/engine/rocksdb.go:120              Options.delete_obsolete_files_period_micros: 21600000000
I200514 19:19:10.038868 16 storage/engine/rocksdb.go:120                    Options.stats_dump_period_sec: 0
I200514 19:19:10.038870 16 storage/engine/rocksdb.go:120                  Options.stats_persist_period_sec: 600
I200514 19:19:10.038873 16 storage/engine/rocksdb.go:120                  Options.stats_history_buffer_size: 1048576
I200514 19:19:10.038876 16 storage/engine/rocksdb.go:120                           Options.max_open_files: 128
I200514 19:19:10.038879 16 storage/engine/rocksdb.go:120                           Options.bytes_per_sync: 524288
I200514 19:19:10.038881 16 storage/engine/rocksdb.go:120                       Options.wal_bytes_per_sync: 0
I200514 19:19:10.038884 16 storage/engine/rocksdb.go:120                    Options.strict_bytes_per_sync: 1
I200514 19:19:10.038886 16 storage/engine/rocksdb.go:120        Options.compaction_readahead_size: 0
I200514 19:19:10.038889 16 storage/engine/rocksdb.go:120  Compression algorithms supported:
I200514 19:19:10.038892 16 storage/engine/rocksdb.go:120  	kZSTDNotFinalCompression supported: 0
I200514 19:19:10.038895 16 storage/engine/rocksdb.go:120  	kZSTD supported: 0
I200514 19:19:10.038899 16 storage/engine/rocksdb.go:120  	kXpressCompression supported: 0
I200514 19:19:10.038902 16 storage/engine/rocksdb.go:120  	kLZ4HCCompression supported: 0
I200514 19:19:10.038905 16 storage/engine/rocksdb.go:120  	kLZ4Compression supported: 0
I200514 19:19:10.038907 16 storage/engine/rocksdb.go:120  	kBZip2Compression supported: 0
I200514 19:19:10.038910 16 storage/engine/rocksdb.go:120  	kZlibCompression supported: 0
I200514 19:19:10.038913 16 storage/engine/rocksdb.go:120  	kSnappyCompression supported: 1
I200514 19:19:10.038920 16 storage/engine/rocksdb.go:120  Fast CRC32 supported: Supported on x86
I200514 19:19:10.041264 16 storage/engine/rocksdb.go:120  [db/db_impl_open.cc:242] Creating manifest 1 
I200514 19:19:10.060831 16 storage/engine/rocksdb.go:120  [db/version_set.cc:4072] Recovering from manifest file: /var/lib/cockroach/cockroach-temp086027347/MANIFEST-000001
I200514 19:19:10.061680 16 storage/engine/rocksdb.go:120  [db/column_family.cc:488] --------------- Options for column family [default]:
I200514 19:19:10.061686 16 storage/engine/rocksdb.go:120                Options.comparator: cockroach_comparator
I200514 19:19:10.061689 16 storage/engine/rocksdb.go:120            Options.merge_operator: cockroach_merge_operator
I200514 19:19:10.061697 16 storage/engine/rocksdb.go:120         Options.compaction_filter: None
I200514 19:19:10.061723 16 storage/engine/rocksdb.go:120         Options.compaction_filter_factory: None
I200514 19:19:10.061727 16 storage/engine/rocksdb.go:120          Options.memtable_factory: SkipListFactory
I200514 19:19:10.061729 16 storage/engine/rocksdb.go:120             Options.table_factory: BlockBasedTable
I200514 19:19:10.061752 16 storage/engine/rocksdb.go:120             table_factory options:   flush_block_policy_factory: FlushBlockBySizePolicyFactory (0x7fed94828030)
  cache_index_and_filter_blocks: 0
  cache_index_and_filter_blocks_with_high_priority: 0
  pin_l0_filter_and_index_blocks_in_cache: 0
  pin_top_level_index_and_filter: 1
  index_type: 0
  data_block_index_type: 0
  index_shortening: 1
  data_block_hash_table_util_ratio: 0.750000
  hash_index_allow_collision: 1
  checksum: 1
  no_block_cache: 0
  block_cache: 0x7fed9481c010
  block_cache_name: LRUCache
  block_cache_options:
    capacity : 1048576
    num_shard_bits : 4
    strict_capacity_limit : 0
    memory_allocator : None
    high_pri_pool_ratio: 0.000
  block_cache_compressed: (nil)
  persistent_cache: (nil)
  block_size: 32768
  block_size_deviation: 10
  block_restart_interval: 16
  index_block_restart_interval: 1
  metadata_block_size: 4096
  partition_filters: 0
  use_delta_encoding: 1
  filter_policy: rocksdb.BuiltinBloomFilter
  whole_key_filtering: 0
  verify_compression: 0
  read_amp_bytes_per_bit: 0
  format_version: 2
  enable_index_compression: 1
  block_align: 0
I200514 19:19:10.061757 16 storage/engine/rocksdb.go:120         Options.write_buffer_size: 67108864
I200514 19:19:10.061761 16 storage/engine/rocksdb.go:120   Options.max_write_buffer_number: 4
I200514 19:19:10.061764 16 storage/engine/rocksdb.go:120           Options.compression: Snappy
I200514 19:19:10.061766 16 storage/engine/rocksdb.go:120                   Options.bottommost_compression: Disabled
I200514 19:19:10.061769 16 storage/engine/rocksdb.go:120        Options.prefix_extractor: cockroach_prefix_extractor
I200514 19:19:10.061772 16 storage/engine/rocksdb.go:120    Options.memtable_insert_with_hint_prefix_extractor: nullptr
I200514 19:19:10.061774 16 storage/engine/rocksdb.go:120              Options.num_levels: 7
I200514 19:19:10.061777 16 storage/engine/rocksdb.go:120         Options.min_write_buffer_number_to_merge: 1
I200514 19:19:10.061780 16 storage/engine/rocksdb.go:120      Options.max_write_buffer_number_to_maintain: 0
I200514 19:19:10.061783 16 storage/engine/rocksdb.go:120             Options.bottommost_compression_opts.window_bits: -14
I200514 19:19:10.061786 16 storage/engine/rocksdb.go:120                   Options.bottommost_compression_opts.level: 32767
I200514 19:19:10.061788 16 storage/engine/rocksdb.go:120                Options.bottommost_compression_opts.strategy: 0
I200514 19:19:10.061791 16 storage/engine/rocksdb.go:120          Options.bottommost_compression_opts.max_dict_bytes: 0
I200514 19:19:10.061793 16 storage/engine/rocksdb.go:120          Options.bottommost_compression_opts.zstd_max_train_bytes: 0
I200514 19:19:10.061796 16 storage/engine/rocksdb.go:120                   Options.bottommost_compression_opts.enabled: false
I200514 19:19:10.061799 16 storage/engine/rocksdb.go:120             Options.compression_opts.window_bits: -14
I200514 19:19:10.061801 16 storage/engine/rocksdb.go:120                   Options.compression_opts.level: 32767
I200514 19:19:10.061804 16 storage/engine/rocksdb.go:120                Options.compression_opts.strategy: 0
I200514 19:19:10.061806 16 storage/engine/rocksdb.go:120          Options.compression_opts.max_dict_bytes: 0
I200514 19:19:10.061809 16 storage/engine/rocksdb.go:120          Options.compression_opts.zstd_max_train_bytes: 0
I200514 19:19:10.061812 16 storage/engine/rocksdb.go:120                   Options.compression_opts.enabled: false
I200514 19:19:10.061814 16 storage/engine/rocksdb.go:120       Options.level0_file_num_compaction_trigger: 2
I200514 19:19:10.061817 16 storage/engine/rocksdb.go:120           Options.level0_slowdown_writes_trigger: 950
I200514 19:19:10.061820 16 storage/engine/rocksdb.go:120               Options.level0_stop_writes_trigger: 1000
I200514 19:19:10.061822 16 storage/engine/rocksdb.go:120                    Options.target_file_size_base: 4194304
I200514 19:19:10.061825 16 storage/engine/rocksdb.go:120              Options.target_file_size_multiplier: 2
I200514 19:19:10.061828 16 storage/engine/rocksdb.go:120                 Options.max_bytes_for_level_base: 67108864
I200514 19:19:10.061830 16 storage/engine/rocksdb.go:120  Options.level_compaction_dynamic_level_bytes: 1
I200514 19:19:10.061833 16 storage/engine/rocksdb.go:120           Options.max_bytes_for_level_multiplier: 10.000000
I200514 19:19:10.061840 16 storage/engine/rocksdb.go:120  Options.max_bytes_for_level_multiplier_addtl[0]: 1
I200514 19:19:10.061843 16 storage/engine/rocksdb.go:120  Options.max_bytes_for_level_multiplier_addtl[1]: 1
I200514 19:19:10.061845 16 storage/engine/rocksdb.go:120  Options.max_bytes_for_level_multiplier_addtl[2]: 1
I200514 19:19:10.061848 16 storage/engine/rocksdb.go:120  Options.max_bytes_for_level_multiplier_addtl[3]: 1
I200514 19:19:10.061850 16 storage/engine/rocksdb.go:120  Options.max_bytes_for_level_multiplier_addtl[4]: 1
I200514 19:19:10.061853 16 storage/engine/rocksdb.go:120  Options.max_bytes_for_level_multiplier_addtl[5]: 1
I200514 19:19:10.061856 16 storage/engine/rocksdb.go:120  Options.max_bytes_for_level_multiplier_addtl[6]: 1
I200514 19:19:10.061858 16 storage/engine/rocksdb.go:120        Options.max_sequential_skip_in_iterations: 8
I200514 19:19:10.061861 16 storage/engine/rocksdb.go:120                     Options.max_compaction_bytes: 104857600
I200514 19:19:10.061863 16 storage/engine/rocksdb.go:120                         Options.arena_block_size: 8388608
I200514 19:19:10.061866 16 storage/engine/rocksdb.go:120    Options.soft_pending_compaction_bytes_limit: 2199023255552
I200514 19:19:10.061868 16 storage/engine/rocksdb.go:120    Options.hard_pending_compaction_bytes_limit: 4400193994752
I200514 19:19:10.061871 16 storage/engine/rocksdb.go:120        Options.rate_limit_delay_max_milliseconds: 100
I200514 19:19:10.061873 16 storage/engine/rocksdb.go:120                 Options.disable_auto_compactions: 0
I200514 19:19:10.061877 16 storage/engine/rocksdb.go:120                         Options.compaction_style: kCompactionStyleLevel
I200514 19:19:10.061880 16 storage/engine/rocksdb.go:120                           Options.compaction_pri: kMinOverlappingRatio
I200514 19:19:10.061882 16 storage/engine/rocksdb.go:120  Options.compaction_options_universal.size_ratio: 1
I200514 19:19:10.061885 16 storage/engine/rocksdb.go:120  Options.compaction_options_universal.min_merge_width: 2
I200514 19:19:10.061887 16 storage/engine/rocksdb.go:120  Options.compaction_options_universal.max_merge_width: 4294967295
I200514 19:19:10.061890 16 storage/engine/rocksdb.go:120  Options.compaction_options_universal.max_size_amplification_percent: 200
I200514 19:19:10.061892 16 storage/engine/rocksdb.go:120  Options.compaction_options_universal.compression_size_percent: -1
I200514 19:19:10.061895 16 storage/engine/rocksdb.go:120  Options.compaction_options_universal.stop_style: kCompactionStopStyleTotalSize
I200514 19:19:10.061898 16 storage/engine/rocksdb.go:120  Options.compaction_options_fifo.max_table_files_size: 1073741824
I200514 19:19:10.061900 16 storage/engine/rocksdb.go:120  Options.compaction_options_fifo.allow_compaction: 0
I200514 19:19:10.061904 16 storage/engine/rocksdb.go:120                    Options.table_properties_collectors: TimeBoundTblPropCollectorFactory; DeleteRangeTblPropCollectorFactory; 
I200514 19:19:10.061909 16 storage/engine/rocksdb.go:120                    Options.inplace_update_support: 0
I200514 19:19:10.061911 16 storage/engine/rocksdb.go:120                  Options.inplace_update_num_locks: 10000
I200514 19:19:10.061914 16 storage/engine/rocksdb.go:120                Options.memtable_prefix_bloom_size_ratio: 0.000000
I200514 19:19:10.061917 16 storage/engine/rocksdb.go:120                Options.memtable_whole_key_filtering: 0
I200514 19:19:10.061919 16 storage/engine/rocksdb.go:120    Options.memtable_huge_page_size: 0
I200514 19:19:10.061922 16 storage/engine/rocksdb.go:120                            Options.bloom_locality: 0
I200514 19:19:10.061925 16 storage/engine/rocksdb.go:120                     Options.max_successive_merges: 0
I200514 19:19:10.061928 16 storage/engine/rocksdb.go:120                 Options.optimize_filters_for_hits: 1
I200514 19:19:10.061931 16 storage/engine/rocksdb.go:120                 Options.paranoid_file_checks: 0
I200514 19:19:10.061934 16 storage/engine/rocksdb.go:120                 Options.force_consistency_checks: 0
I200514 19:19:10.061937 16 storage/engine/rocksdb.go:120                 Options.report_bg_io_stats: 0
I200514 19:19:10.061940 16 storage/engine/rocksdb.go:120                                Options.ttl: 0
I200514 19:19:10.061942 16 storage/engine/rocksdb.go:120           Options.periodic_compaction_seconds: 0
I200514 19:19:10.062805 16 storage/engine/rocksdb.go:120  [db/version_set.cc:4286] Recovered from manifest file:/var/lib/cockroach/cockroach-temp086027347/MANIFEST-000001 succeeded,manifest_file_number is 1, next_file_number is 3, last_sequence is 0, log_number is 0,prev_log_number is 0,max_column_family is 0,min_log_number_to_keep is 0
I200514 19:19:10.062810 16 storage/engine/rocksdb.go:120  [db/version_set.cc:4295] Column family [default] (ID 0), log number is 0
I200514 19:19:10.080546 16 storage/engine/rocksdb.go:120  DB pointer 0x7fed948a4000
I200514 19:19:10.099376 16 storage/engine/rocksdb.go:120  RocksDB version: 6.2.1
I200514 19:19:10.099384 16 storage/engine/rocksdb.go:120  Git sha rocksdb_build_git_sha:@b7009236531fa784872f4823eabf393501e41bf2@
I200514 19:19:10.099388 16 storage/engine/rocksdb.go:120  Compile date Mar 16 2020
I200514 19:19:10.099391 16 storage/engine/rocksdb.go:120  DB SUMMARY
I200514 19:19:10.100473 16 storage/engine/rocksdb.go:120  CURRENT file:  CURRENT
I200514 19:19:10.100478 16 storage/engine/rocksdb.go:120  IDENTITY file:  IDENTITY
I200514 19:19:10.100779 16 storage/engine/rocksdb.go:120  MANIFEST file:  MANIFEST-000565 size: 984 Bytes
I200514 19:19:10.100785 16 storage/engine/rocksdb.go:120  SST files in /var/lib/cockroach dir, Total Num: 3, files: 000569.sst 000570.sst 000571.sst 
I200514 19:19:10.100788 16 storage/engine/rocksdb.go:120  Write Ahead Log file in /var/lib/cockroach: 000566.log size: 487622 ; 
I200514 19:19:10.100792 16 storage/engine/rocksdb.go:120                          Options.error_if_exists: 0
I200514 19:19:10.100795 16 storage/engine/rocksdb.go:120                        Options.create_if_missing: 1
I200514 19:19:10.100798 16 storage/engine/rocksdb.go:120                          Options.paranoid_checks: 1
I200514 19:19:10.100800 16 storage/engine/rocksdb.go:120                                      Options.env: 0x75757a0
I200514 19:19:10.100831 16 storage/engine/rocksdb.go:120                                 Options.info_log: 0x7fed94827260
I200514 19:19:10.100837 16 storage/engine/rocksdb.go:120                 Options.max_file_opening_threads: 16
I200514 19:19:10.100840 16 storage/engine/rocksdb.go:120                               Options.statistics: 0x7fed94834080
I200514 19:19:10.100843 16 storage/engine/rocksdb.go:120                                Options.use_fsync: 0
I200514 19:19:10.100846 16 storage/engine/rocksdb.go:120                        Options.max_log_file_size: 0
I200514 19:19:10.100849 16 storage/engine/rocksdb.go:120                   Options.max_manifest_file_size: 134217728
I200514 19:19:10.100852 16 storage/engine/rocksdb.go:120                    Options.log_file_time_to_roll: 0
I200514 19:19:10.100855 16 storage/engine/rocksdb.go:120                        Options.keep_log_file_num: 1000
I200514 19:19:10.100858 16 storage/engine/rocksdb.go:120                     Options.recycle_log_file_num: 1
I200514 19:19:10.100860 16 storage/engine/rocksdb.go:120                          Options.allow_fallocate: 1
I200514 19:19:10.100863 16 storage/engine/rocksdb.go:120                         Options.allow_mmap_reads: 0
I200514 19:19:10.100866 16 storage/engine/rocksdb.go:120                        Options.allow_mmap_writes: 0
I200514 19:19:10.100868 16 storage/engine/rocksdb.go:120                         Options.use_direct_reads: 0
I200514 19:19:10.100871 16 storage/engine/rocksdb.go:120                         Options.use_direct_io_for_flush_and_compaction: 0
I200514 19:19:10.100874 16 storage/engine/rocksdb.go:120           Options.create_missing_column_families: 0
I200514 19:19:10.100876 16 storage/engine/rocksdb.go:120                               Options.db_log_dir: 
I200514 19:19:10.100880 16 storage/engine/rocksdb.go:120                                  Options.wal_dir: /var/lib/cockroach
I200514 19:19:10.100882 16 storage/engine/rocksdb.go:120                 Options.table_cache_numshardbits: 6
I200514 19:19:10.100885 16 storage/engine/rocksdb.go:120                       Options.max_subcompactions: 1
I200514 19:19:10.100888 16 storage/engine/rocksdb.go:120                   Options.max_background_flushes: -1
I200514 19:19:10.100890 16 storage/engine/rocksdb.go:120                          Options.WAL_ttl_seconds: 0
I200514 19:19:10.100893 16 storage/engine/rocksdb.go:120                        Options.WAL_size_limit_MB: 0
I200514 19:19:10.100895 16 storage/engine/rocksdb.go:120              Options.manifest_preallocation_size: 4194304
I200514 19:19:10.100898 16 storage/engine/rocksdb.go:120                      Options.is_fd_close_on_exec: 1
I200514 19:19:10.100900 16 storage/engine/rocksdb.go:120                    Options.advise_random_on_open: 1
I200514 19:19:10.100903 16 storage/engine/rocksdb.go:120                     Options.db_write_buffer_size: 0
I200514 19:19:10.100905 16 storage/engine/rocksdb.go:120                     Options.write_buffer_manager: 0x7fed94819090
I200514 19:19:10.100908 16 storage/engine/rocksdb.go:120          Options.access_hint_on_compaction_start: 1
I200514 19:19:10.100910 16 storage/engine/rocksdb.go:120   Options.new_table_reader_for_compaction_inputs: 0
I200514 19:19:10.100913 16 storage/engine/rocksdb.go:120            Options.random_access_max_buffer_size: 1048576
I200514 19:19:10.100915 16 storage/engine/rocksdb.go:120                       Options.use_adaptive_mutex: 0
I200514 19:19:10.100918 16 storage/engine/rocksdb.go:120                             Options.rate_limiter: (nil)
I200514 19:19:10.100921 16 storage/engine/rocksdb.go:120      Options.sst_file_manager.rate_bytes_per_sec: 0
I200514 19:19:10.100923 16 storage/engine/rocksdb.go:120                        Options.wal_recovery_mode: 0
I200514 19:19:10.100926 16 storage/engine/rocksdb.go:120                   Options.enable_thread_tracking: 0
I200514 19:19:10.100929 16 storage/engine/rocksdb.go:120                   Options.enable_pipelined_write: 0
I200514 19:19:10.100931 16 storage/engine/rocksdb.go:120          Options.allow_concurrent_memtable_write: 1
I200514 19:19:10.100934 16 storage/engine/rocksdb.go:120       Options.enable_write_thread_adaptive_yield: 1
I200514 19:19:10.100936 16 storage/engine/rocksdb.go:120              Options.write_thread_max_yield_usec: 100
I200514 19:19:10.100939 16 storage/engine/rocksdb.go:120             Options.write_thread_slow_yield_usec: 3
I200514 19:19:10.100941 16 storage/engine/rocksdb.go:120                                Options.row_cache: None
I200514 19:19:10.100944 16 storage/engine/rocksdb.go:120                               Options.wal_filter: None
I200514 19:19:10.100946 16 storage/engine/rocksdb.go:120              Options.avoid_flush_during_recovery: 0
I200514 19:19:10.100949 16 storage/engine/rocksdb.go:120              Options.allow_ingest_behind: 0
I200514 19:19:10.100952 16 storage/engine/rocksdb.go:120              Options.preserve_deletes: 0
I200514 19:19:10.100954 16 storage/engine/rocksdb.go:120              Options.two_write_queues: 0
I200514 19:19:10.100957 16 storage/engine/rocksdb.go:120              Options.manual_wal_flush: 1
I200514 19:19:10.100959 16 storage/engine/rocksdb.go:120              Options.atomic_flush: 0
I200514 19:19:10.100962 16 storage/engine/rocksdb.go:120              Options.avoid_unnecessary_blocking_io: 0
I200514 19:19:10.100965 16 storage/engine/rocksdb.go:120              Options.max_background_jobs: 2
I200514 19:19:10.100967 16 storage/engine/rocksdb.go:120              Options.max_background_compactions: -1
I200514 19:19:10.100970 16 storage/engine/rocksdb.go:120              Options.avoid_flush_during_shutdown: 0
I200514 19:19:10.100972 16 storage/engine/rocksdb.go:120            Options.writable_file_max_buffer_size: 1048576
I200514 19:19:10.100975 16 storage/engine/rocksdb.go:120              Options.delayed_write_rate : 16777216
I200514 19:19:10.100978 16 storage/engine/rocksdb.go:120              Options.max_total_wal_size: 0
I200514 19:19:10.100981 16 storage/engine/rocksdb.go:120              Options.delete_obsolete_files_period_micros: 21600000000
I200514 19:19:10.100983 16 storage/engine/rocksdb.go:120                    Options.stats_dump_period_sec: 0
I200514 19:19:10.100986 16 storage/engine/rocksdb.go:120                  Options.stats_persist_period_sec: 600
I200514 19:19:10.100988 16 storage/engine/rocksdb.go:120                  Options.stats_history_buffer_size: 1048576
I200514 19:19:10.100991 16 storage/engine/rocksdb.go:120                           Options.max_open_files: 1043576
I200514 19:19:10.100993 16 storage/engine/rocksdb.go:120                           Options.bytes_per_sync: 524288
I200514 19:19:10.100996 16 storage/engine/rocksdb.go:120                       Options.wal_bytes_per_sync: 0
I200514 19:19:10.100999 16 storage/engine/rocksdb.go:120                    Options.strict_bytes_per_sync: 1
I200514 19:19:10.101001 16 storage/engine/rocksdb.go:120        Options.compaction_readahead_size: 0
I200514 19:19:10.101004 16 storage/engine/rocksdb.go:120  Compression algorithms supported:
I200514 19:19:10.101007 16 storage/engine/rocksdb.go:120  	kZSTDNotFinalCompression supported: 0
I200514 19:19:10.101010 16 storage/engine/rocksdb.go:120  	kZSTD supported: 0
I200514 19:19:10.101013 16 storage/engine/rocksdb.go:120  	kXpressCompression supported: 0
I200514 19:19:10.101015 16 storage/engine/rocksdb.go:120  	kLZ4HCCompression supported: 0
I200514 19:19:10.101018 16 storage/engine/rocksdb.go:120  	kLZ4Compression supported: 0
I200514 19:19:10.101020 16 storage/engine/rocksdb.go:120  	kBZip2Compression supported: 0
I200514 19:19:10.101023 16 storage/engine/rocksdb.go:120  	kZlibCompression supported: 0
I200514 19:19:10.101026 16 storage/engine/rocksdb.go:120  	kSnappyCompression supported: 1
I200514 19:19:10.101033 16 storage/engine/rocksdb.go:120  Fast CRC32 supported: Supported on x86
I200514 19:19:10.103675 16 storage/engine/rocksdb.go:120  [db/version_set.cc:4072] Recovering from manifest file: /var/lib/cockroach/MANIFEST-000565
I200514 19:19:10.104257 16 storage/engine/rocksdb.go:120  [db/column_family.cc:488] --------------- Options for column family [default]:
I200514 19:19:10.104261 16 storage/engine/rocksdb.go:120                Options.comparator: cockroach_comparator
I200514 19:19:10.104265 16 storage/engine/rocksdb.go:120            Options.merge_operator: cockroach_merge_operator
I200514 19:19:10.104267 16 storage/engine/rocksdb.go:120         Options.compaction_filter: None
I200514 19:19:10.104270 16 storage/engine/rocksdb.go:120         Options.compaction_filter_factory: None
I200514 19:19:10.104273 16 storage/engine/rocksdb.go:120          Options.memtable_factory: SkipListFactory
I200514 19:19:10.104276 16 storage/engine/rocksdb.go:120             Options.table_factory: BlockBasedTable
I200514 19:19:10.104294 16 storage/engine/rocksdb.go:120             table_factory options:   flush_block_policy_factory: FlushBlockBySizePolicyFactory (0x7fed94828090)
  cache_index_and_filter_blocks: 0
  cache_index_and_filter_blocks_with_high_priority: 0
  pin_l0_filter_and_index_blocks_in_cache: 0
  pin_top_level_index_and_filter: 1
  index_type: 0
  data_block_index_type: 0
  index_shortening: 1
  data_block_hash_table_util_ratio: 0.750000
  hash_index_allow_collision: 1
  checksum: 1
  no_block_cache: 0
  block_cache: 0x7fed948bc210
  block_cache_name: LRUCache
  block_cache_options:
    capacity : 67108864
    num_shard_bits : 4
    strict_capacity_limit : 0
    memory_allocator : None
    high_pri_pool_ratio: 0.000
  block_cache_compressed: (nil)
  persistent_cache: (nil)
  block_size: 32768
  block_size_deviation: 10
  block_restart_interval: 16
  index_block_restart_interval: 1
  metadata_block_size: 4096
  partition_filters: 0
  use_delta_encoding: 1
  filter_policy: rocksdb.BuiltinBloomFilter
  whole_key_filtering: 0
  verify_compression: 0
  read_amp_bytes_per_bit: 0
  format_version: 2
  enable_index_compression: 1
  block_align: 0
I200514 19:19:10.104299 16 storage/engine/rocksdb.go:120         Options.write_buffer_size: 67108864
I200514 19:19:10.104303 16 storage/engine/rocksdb.go:120   Options.max_write_buffer_number: 4
I200514 19:19:10.104305 16 storage/engine/rocksdb.go:120           Options.compression: Snappy
I200514 19:19:10.104308 16 storage/engine/rocksdb.go:120                   Options.bottommost_compression: Disabled
I200514 19:19:10.104311 16 storage/engine/rocksdb.go:120        Options.prefix_extractor: cockroach_prefix_extractor
I200514 19:19:10.104314 16 storage/engine/rocksdb.go:120    Options.memtable_insert_with_hint_prefix_extractor: nullptr
I200514 19:19:10.104316 16 storage/engine/rocksdb.go:120              Options.num_levels: 7
I200514 19:19:10.104340 16 storage/engine/rocksdb.go:120         Options.min_write_buffer_number_to_merge: 1
I200514 19:19:10.104347 16 storage/engine/rocksdb.go:120      Options.max_write_buffer_number_to_maintain: 0
I200514 19:19:10.104350 16 storage/engine/rocksdb.go:120             Options.bottommost_compression_opts.window_bits: -14
I200514 19:19:10.104353 16 storage/engine/rocksdb.go:120                   Options.bottommost_compression_opts.level: 32767
I200514 19:19:10.104355 16 storage/engine/rocksdb.go:120                Options.bottommost_compression_opts.strategy: 0
I200514 19:19:10.104358 16 storage/engine/rocksdb.go:120          Options.bottommost_compression_opts.max_dict_bytes: 0
I200514 19:19:10.104361 16 storage/engine/rocksdb.go:120          Options.bottommost_compression_opts.zstd_max_train_bytes: 0
I200514 19:19:10.104363 16 storage/engine/rocksdb.go:120                   Options.bottommost_compression_opts.enabled: false
I200514 19:19:10.104366 16 storage/engine/rocksdb.go:120             Options.compression_opts.window_bits: -14
I200514 19:19:10.104369 16 storage/engine/rocksdb.go:120                   Options.compression_opts.level: 32767
I200514 19:19:10.104371 16 storage/engine/rocksdb.go:120                Options.compression_opts.strategy: 0
I200514 19:19:10.104374 16 storage/engine/rocksdb.go:120          Options.compression_opts.max_dict_bytes: 0
I200514 19:19:10.104379 16 storage/engine/rocksdb.go:120          Options.compression_opts.zstd_max_train_bytes: 0
I200514 19:19:10.104381 16 storage/engine/rocksdb.go:120                   Options.compression_opts.enabled: false
I200514 19:19:10.104384 16 storage/engine/rocksdb.go:120       Options.level0_file_num_compaction_trigger: 2
I200514 19:19:10.104387 16 storage/engine/rocksdb.go:120           Options.level0_slowdown_writes_trigger: 950
I200514 19:19:10.104389 16 storage/engine/rocksdb.go:120               Options.level0_stop_writes_trigger: 1000
I200514 19:19:10.104392 16 storage/engine/rocksdb.go:120                    Options.target_file_size_base: 4194304
I200514 19:19:10.104394 16 storage/engine/rocksdb.go:120              Options.target_file_size_multiplier: 2
I200514 19:19:10.104397 16 storage/engine/rocksdb.go:120                 Options.max_bytes_for_level_base: 67108864
I200514 19:19:10.104400 16 storage/engine/rocksdb.go:120  Options.level_compaction_dynamic_level_bytes: 1
I200514 19:19:10.104403 16 storage/engine/rocksdb.go:120           Options.max_bytes_for_level_multiplier: 10.000000
I200514 19:19:10.104406 16 storage/engine/rocksdb.go:120  Options.max_bytes_for_level_multiplier_addtl[0]: 1
I200514 19:19:10.104408 16 storage/engine/rocksdb.go:120  Options.max_bytes_for_level_multiplier_addtl[1]: 1
I200514 19:19:10.104411 16 storage/engine/rocksdb.go:120  Options.max_bytes_for_level_multiplier_addtl[2]: 1
I200514 19:19:10.104414 16 storage/engine/rocksdb.go:120  Options.max_bytes_for_level_multiplier_addtl[3]: 1
I200514 19:19:10.104416 16 storage/engine/rocksdb.go:120  Options.max_bytes_for_level_multiplier_addtl[4]: 1
I200514 19:19:10.104419 16 storage/engine/rocksdb.go:120  Options.max_bytes_for_level_multiplier_addtl[5]: 1
I200514 19:19:10.104422 16 storage/engine/rocksdb.go:120  Options.max_bytes_for_level_multiplier_addtl[6]: 1
I200514 19:19:10.104425 16 storage/engine/rocksdb.go:120        Options.max_sequential_skip_in_iterations: 8
I200514 19:19:10.104427 16 storage/engine/rocksdb.go:120                     Options.max_compaction_bytes: 104857600
I200514 19:19:10.104430 16 storage/engine/rocksdb.go:120                         Options.arena_block_size: 8388608
I200514 19:19:10.104432 16 storage/engine/rocksdb.go:120    Options.soft_pending_compaction_bytes_limit: 2199023255552
I200514 19:19:10.104435 16 storage/engine/rocksdb.go:120    Options.hard_pending_compaction_bytes_limit: 4400193994752
I200514 19:19:10.104438 16 storage/engine/rocksdb.go:120        Options.rate_limit_delay_max_milliseconds: 100
I200514 19:19:10.104440 16 storage/engine/rocksdb.go:120                 Options.disable_auto_compactions: 0
I200514 19:19:10.104444 16 storage/engine/rocksdb.go:120                         Options.compaction_style: kCompactionStyleLevel
I200514 19:19:10.104447 16 storage/engine/rocksdb.go:120                           Options.compaction_pri: kMinOverlappingRatio
I200514 19:19:10.104449 16 storage/engine/rocksdb.go:120  Options.compaction_options_universal.size_ratio: 1
I200514 19:19:10.104452 16 storage/engine/rocksdb.go:120  Options.compaction_options_universal.min_merge_width: 2
I200514 19:19:10.104454 16 storage/engine/rocksdb.go:120  Options.compaction_options_universal.max_merge_width: 4294967295
I200514 19:19:10.104457 16 storage/engine/rocksdb.go:120  Options.compaction_options_universal.max_size_amplification_percent: 200
I200514 19:19:10.104459 16 storage/engine/rocksdb.go:120  Options.compaction_options_universal.compression_size_percent: -1
I200514 19:19:10.104463 16 storage/engine/rocksdb.go:120  Options.compaction_options_universal.stop_style: kCompactionStopStyleTotalSize
I200514 19:19:10.104466 16 storage/engine/rocksdb.go:120  Options.compaction_options_fifo.max_table_files_size: 1073741824
I200514 19:19:10.104468 16 storage/engine/rocksdb.go:120  Options.compaction_options_fifo.allow_compaction: 0
I200514 19:19:10.104473 16 storage/engine/rocksdb.go:120                    Options.table_properties_collectors: TimeBoundTblPropCollectorFactory; DeleteRangeTblPropCollectorFactory; 
I200514 19:19:10.104476 16 storage/engine/rocksdb.go:120                    Options.inplace_update_support: 0
I200514 19:19:10.104479 16 storage/engine/rocksdb.go:120                  Options.inplace_update_num_locks: 10000
I200514 19:19:10.104482 16 storage/engine/rocksdb.go:120                Options.memtable_prefix_bloom_size_ratio: 0.000000
I200514 19:19:10.104484 16 storage/engine/rocksdb.go:120                Options.memtable_whole_key_filtering: 0
I200514 19:19:10.104487 16 storage/engine/rocksdb.go:120    Options.memtable_huge_page_size: 0
I200514 19:19:10.104489 16 storage/engine/rocksdb.go:120                            Options.bloom_locality: 0
I200514 19:19:10.104492 16 storage/engine/rocksdb.go:120                     Options.max_successive_merges: 0
I200514 19:19:10.104495 16 storage/engine/rocksdb.go:120                 Options.optimize_filters_for_hits: 1
I200514 19:19:10.104499 16 storage/engine/rocksdb.go:120                 Options.paranoid_file_checks: 0
I200514 19:19:10.104502 16 storage/engine/rocksdb.go:120                 Options.force_consistency_checks: 0
I200514 19:19:10.104505 16 storage/engine/rocksdb.go:120                 Options.report_bg_io_stats: 0
I200514 19:19:10.104510 16 storage/engine/rocksdb.go:120                                Options.ttl: 0
I200514 19:19:10.104514 16 storage/engine/rocksdb.go:120           Options.periodic_compaction_seconds: 0
I200514 19:19:10.110863 16 storage/engine/rocksdb.go:120  [db/version_set.cc:4286] Recovered from manifest file:/var/lib/cockroach/MANIFEST-000565 succeeded,manifest_file_number is 565, next_file_number is 573, last_sequence is 9499172, log_number is 564,prev_log_number is 0,max_column_family is 0,min_log_number_to_keep is 0
I200514 19:19:10.110871 16 storage/engine/rocksdb.go:120  [db/version_set.cc:4295] Column family [default] (ID 0), log number is 564
I200514 19:19:10.111993 16 storage/engine/rocksdb.go:120  EVENT_LOG_v1 {"time_micros": 1589483950111978, "job": 1, "event": "recovery_started", "log_files": [566]}
I200514 19:19:10.112001 16 storage/engine/rocksdb.go:120  [db/db_impl_open.cc:598] Recovering log #566 mode 0
I200514 19:19:10.132167 16 storage/engine/rocksdb.go:120  EVENT_LOG_v1 {"time_micros": 1589483950132088, "cf_name": "default", "job": 1, "event": "table_file_creation", "file_number": 573, "file_size": 71934, "table_properties": {"data_size": 69089, "index_size": 352, "index_partitions": 0, "top_level_index_size": 0, "index_key_is_user_key": 0, "index_value_is_delta_encoded": 0, "filter_size": 1605, "raw_key_size": 52217, "raw_average_key_size": 41, "raw_value_size": 232845, "raw_average_value_size": 184, "num_data_blocks": 8, "num_entries": 1264, "num_deletions": 292, "num_merge_operands": 664, "num_range_deletions": 664, "format_version": 0, "fixed_key_len": 0, "filter_policy": "rocksdb.BuiltinBloomFilter", "column_family_name": "default", "column_family_id": 0, "comparator": "cockroach_comparator", "merge_operator": "cockroach_merge_operator", "prefix_extractor_name": "cockroach_prefix_extractor", "property_collectors": "[TimeBoundTblPropCollectorFactory,DeleteRangeTblPropCollectorFactory]", "compression": "Snappy", "compression_options": "window_bits=-14; level=32767; strategy=0; max_dict_bytes=0; zstd_max_train_bytes=0; enabled=0; ", "creation_time": 1589483950, "oldest_key_time": 3, "file_creation_time": 0}}
I200514 19:19:10.132462 16 storage/engine/rocksdb.go:120  [db/version_set.cc:3560] Creating manifest 574
I200514 19:19:10.141859 16 storage/engine/rocksdb.go:120  EVENT_LOG_v1 {"time_micros": 1589483950141834, "job": 1, "event": "recovery_finished"}
I200514 19:19:10.170573 16 storage/engine/rocksdb.go:120  DB pointer 0x7fed94934000
I200514 19:19:41.877981 902 storage/engine/rocksdb.go:120  bloom filter utility:    -nan%
I200514 19:19:41.878313 902 storage/engine/rocksdb.go:120  [db/db_impl.cc:392] Shutdown: canceling all background work
I200514 19:19:41.880633 902 storage/engine/rocksdb.go:120  [db/db_impl.cc:565] Shutdown complete
I200514 19:19:41.891658 902 storage/engine/rocksdb.go:120  bloom filter utility:    65.6%
I200514 19:19:41.892034 902 storage/engine/rocksdb.go:120  [db/db_impl.cc:392] Shutdown: canceling all background work
I200514 19:19:41.901348 902 storage/engine/rocksdb.go:120  [db/db_impl.cc:565] Shutdown complete
