I200514 19:48:49.994182 26 util/log/clog.go:1196  [config] file created at: 2020/05/14 19:48:49
I200514 19:48:49.994182 26 util/log/clog.go:1196  [config] running on machine: 51a12fd19941
I200514 19:48:49.994182 26 util/log/clog.go:1196  [config] binary: CockroachDB CCL v19.2.5 (x86_64-unknown-linux-gnu, built 2020/03/16 18:27:12, go1.12.12)
I200514 19:48:49.994182 26 util/log/clog.go:1196  [config] arguments: [/cockroach/cockroach start --insecure --store=attrs=ssd,path=/var/lib/cockroach/]
I200514 19:48:49.994182 26 util/log/clog.go:1196  line format: [IWEF]yymmdd hh:mm:ss.uuuuuu goid file:line msg utf8=✓
I200514 19:48:49.994181 26 storage/engine/rocksdb.go:120  RocksDB version: 6.2.1
I200514 19:48:50.001110 26 storage/engine/rocksdb.go:120  Git sha rocksdb_build_git_sha:@b7009236531fa784872f4823eabf393501e41bf2@
I200514 19:48:50.001114 26 storage/engine/rocksdb.go:120  Compile date Mar 16 2020
I200514 19:48:50.001119 26 storage/engine/rocksdb.go:120  DB SUMMARY
I200514 19:48:50.003046 26 storage/engine/rocksdb.go:120  SST files in /var/lib/cockroach/cockroach-temp194107181 dir, Total Num: 0, files: 
I200514 19:48:50.219650 26 storage/engine/rocksdb.go:120  Write Ahead Log file in /var/lib/cockroach/cockroach-temp194107181: 
I200514 19:48:50.219656 26 storage/engine/rocksdb.go:120                          Options.error_if_exists: 0
I200514 19:48:50.219659 26 storage/engine/rocksdb.go:120                        Options.create_if_missing: 1
I200514 19:48:50.219662 26 storage/engine/rocksdb.go:120                          Options.paranoid_checks: 1
I200514 19:48:50.219664 26 storage/engine/rocksdb.go:120                                      Options.env: 0x75757a0
I200514 19:48:50.219667 26 storage/engine/rocksdb.go:120                                 Options.info_log: 0x7ff064a87fa0
I200514 19:48:50.219670 26 storage/engine/rocksdb.go:120                 Options.max_file_opening_threads: 16
I200514 19:48:50.219673 26 storage/engine/rocksdb.go:120                               Options.statistics: 0x7ff064a1d8d0
I200514 19:48:50.219675 26 storage/engine/rocksdb.go:120                                Options.use_fsync: 0
I200514 19:48:50.219678 26 storage/engine/rocksdb.go:120                        Options.max_log_file_size: 0
I200514 19:48:50.219681 26 storage/engine/rocksdb.go:120                   Options.max_manifest_file_size: 134217728
I200514 19:48:50.219683 26 storage/engine/rocksdb.go:120                    Options.log_file_time_to_roll: 0
I200514 19:48:50.219686 26 storage/engine/rocksdb.go:120                        Options.keep_log_file_num: 1000
I200514 19:48:50.219688 26 storage/engine/rocksdb.go:120                     Options.recycle_log_file_num: 1
I200514 19:48:50.219691 26 storage/engine/rocksdb.go:120                          Options.allow_fallocate: 1
I200514 19:48:50.219694 26 storage/engine/rocksdb.go:120                         Options.allow_mmap_reads: 0
I200514 19:48:50.219697 26 storage/engine/rocksdb.go:120                        Options.allow_mmap_writes: 0
I200514 19:48:50.219699 26 storage/engine/rocksdb.go:120                         Options.use_direct_reads: 0
I200514 19:48:50.219702 26 storage/engine/rocksdb.go:120                         Options.use_direct_io_for_flush_and_compaction: 0
I200514 19:48:50.219705 26 storage/engine/rocksdb.go:120           Options.create_missing_column_families: 0
I200514 19:48:50.219708 26 storage/engine/rocksdb.go:120                               Options.db_log_dir: 
I200514 19:48:50.219710 26 storage/engine/rocksdb.go:120                                  Options.wal_dir: /var/lib/cockroach/cockroach-temp194107181
I200514 19:48:50.219713 26 storage/engine/rocksdb.go:120                 Options.table_cache_numshardbits: 6
I200514 19:48:50.219716 26 storage/engine/rocksdb.go:120                       Options.max_subcompactions: 1
I200514 19:48:50.219718 26 storage/engine/rocksdb.go:120                   Options.max_background_flushes: -1
I200514 19:48:50.219733 26 storage/engine/rocksdb.go:120                          Options.WAL_ttl_seconds: 0
I200514 19:48:50.219738 26 storage/engine/rocksdb.go:120                        Options.WAL_size_limit_MB: 0
I200514 19:48:50.219741 26 storage/engine/rocksdb.go:120              Options.manifest_preallocation_size: 4194304
I200514 19:48:50.219744 26 storage/engine/rocksdb.go:120                      Options.is_fd_close_on_exec: 1
I200514 19:48:50.219747 26 storage/engine/rocksdb.go:120                    Options.advise_random_on_open: 1
I200514 19:48:50.219749 26 storage/engine/rocksdb.go:120                     Options.db_write_buffer_size: 0
I200514 19:48:50.219752 26 storage/engine/rocksdb.go:120                     Options.write_buffer_manager: 0x7ff064a60d40
I200514 19:48:50.219758 26 storage/engine/rocksdb.go:120          Options.access_hint_on_compaction_start: 1
I200514 19:48:50.219761 26 storage/engine/rocksdb.go:120   Options.new_table_reader_for_compaction_inputs: 0
I200514 19:48:50.219763 26 storage/engine/rocksdb.go:120            Options.random_access_max_buffer_size: 1048576
I200514 19:48:50.219766 26 storage/engine/rocksdb.go:120                       Options.use_adaptive_mutex: 0
I200514 19:48:50.219769 26 storage/engine/rocksdb.go:120                             Options.rate_limiter: (nil)
I200514 19:48:50.219773 26 storage/engine/rocksdb.go:120      Options.sst_file_manager.rate_bytes_per_sec: 0
I200514 19:48:50.219776 26 storage/engine/rocksdb.go:120                        Options.wal_recovery_mode: 0
I200514 19:48:50.219779 26 storage/engine/rocksdb.go:120                   Options.enable_thread_tracking: 0
I200514 19:48:50.219782 26 storage/engine/rocksdb.go:120                   Options.enable_pipelined_write: 0
I200514 19:48:50.219784 26 storage/engine/rocksdb.go:120          Options.allow_concurrent_memtable_write: 1
I200514 19:48:50.219787 26 storage/engine/rocksdb.go:120       Options.enable_write_thread_adaptive_yield: 1
I200514 19:48:50.219790 26 storage/engine/rocksdb.go:120              Options.write_thread_max_yield_usec: 100
I200514 19:48:50.219792 26 storage/engine/rocksdb.go:120             Options.write_thread_slow_yield_usec: 3
I200514 19:48:50.219795 26 storage/engine/rocksdb.go:120                                Options.row_cache: None
I200514 19:48:50.219798 26 storage/engine/rocksdb.go:120                               Options.wal_filter: None
I200514 19:48:50.219800 26 storage/engine/rocksdb.go:120              Options.avoid_flush_during_recovery: 0
I200514 19:48:50.219803 26 storage/engine/rocksdb.go:120              Options.allow_ingest_behind: 0
I200514 19:48:50.219805 26 storage/engine/rocksdb.go:120              Options.preserve_deletes: 0
I200514 19:48:50.219808 26 storage/engine/rocksdb.go:120              Options.two_write_queues: 0
I200514 19:48:50.219810 26 storage/engine/rocksdb.go:120              Options.manual_wal_flush: 1
I200514 19:48:50.219813 26 storage/engine/rocksdb.go:120              Options.atomic_flush: 0
I200514 19:48:50.219815 26 storage/engine/rocksdb.go:120              Options.avoid_unnecessary_blocking_io: 0
I200514 19:48:50.219818 26 storage/engine/rocksdb.go:120              Options.max_background_jobs: 2
I200514 19:48:50.219821 26 storage/engine/rocksdb.go:120              Options.max_background_compactions: -1
I200514 19:48:50.219823 26 storage/engine/rocksdb.go:120              Options.avoid_flush_during_shutdown: 0
I200514 19:48:50.219826 26 storage/engine/rocksdb.go:120            Options.writable_file_max_buffer_size: 1048576
I200514 19:48:50.219828 26 storage/engine/rocksdb.go:120              Options.delayed_write_rate : 16777216
I200514 19:48:50.219831 26 storage/engine/rocksdb.go:120              Options.max_total_wal_size: 0
I200514 19:48:50.219833 26 storage/engine/rocksdb.go:120              Options.delete_obsolete_files_period_micros: 21600000000
I200514 19:48:50.219836 26 storage/engine/rocksdb.go:120                    Options.stats_dump_period_sec: 0
I200514 19:48:50.219838 26 storage/engine/rocksdb.go:120                  Options.stats_persist_period_sec: 600
I200514 19:48:50.219841 26 storage/engine/rocksdb.go:120                  Options.stats_history_buffer_size: 1048576
I200514 19:48:50.219844 26 storage/engine/rocksdb.go:120                           Options.max_open_files: 128
I200514 19:48:50.219846 26 storage/engine/rocksdb.go:120                           Options.bytes_per_sync: 524288
I200514 19:48:50.219849 26 storage/engine/rocksdb.go:120                       Options.wal_bytes_per_sync: 0
I200514 19:48:50.219851 26 storage/engine/rocksdb.go:120                    Options.strict_bytes_per_sync: 1
I200514 19:48:50.219854 26 storage/engine/rocksdb.go:120        Options.compaction_readahead_size: 0
I200514 19:48:50.219856 26 storage/engine/rocksdb.go:120  Compression algorithms supported:
I200514 19:48:50.219860 26 storage/engine/rocksdb.go:120  	kZSTDNotFinalCompression supported: 0
I200514 19:48:50.219863 26 storage/engine/rocksdb.go:120  	kZSTD supported: 0
I200514 19:48:50.219866 26 storage/engine/rocksdb.go:120  	kXpressCompression supported: 0
I200514 19:48:50.219868 26 storage/engine/rocksdb.go:120  	kLZ4HCCompression supported: 0
I200514 19:48:50.219871 26 storage/engine/rocksdb.go:120  	kLZ4Compression supported: 0
I200514 19:48:50.219874 26 storage/engine/rocksdb.go:120  	kBZip2Compression supported: 0
I200514 19:48:50.219876 26 storage/engine/rocksdb.go:120  	kZlibCompression supported: 0
I200514 19:48:50.219879 26 storage/engine/rocksdb.go:120  	kSnappyCompression supported: 1
I200514 19:48:50.219887 26 storage/engine/rocksdb.go:120  Fast CRC32 supported: Supported on x86
I200514 19:48:50.221789 26 storage/engine/rocksdb.go:120  [db/db_impl_open.cc:242] Creating manifest 1 
I200514 19:48:50.242181 26 storage/engine/rocksdb.go:120  [db/version_set.cc:4072] Recovering from manifest file: /var/lib/cockroach/cockroach-temp194107181/MANIFEST-000001
I200514 19:48:50.242987 26 storage/engine/rocksdb.go:120  [db/column_family.cc:488] --------------- Options for column family [default]:
I200514 19:48:50.242993 26 storage/engine/rocksdb.go:120                Options.comparator: cockroach_comparator
I200514 19:48:50.243001 26 storage/engine/rocksdb.go:120            Options.merge_operator: cockroach_merge_operator
I200514 19:48:50.243004 26 storage/engine/rocksdb.go:120         Options.compaction_filter: None
I200514 19:48:50.243007 26 storage/engine/rocksdb.go:120         Options.compaction_filter_factory: None
I200514 19:48:50.243010 26 storage/engine/rocksdb.go:120          Options.memtable_factory: SkipListFactory
I200514 19:48:50.243013 26 storage/engine/rocksdb.go:120             Options.table_factory: BlockBasedTable
I200514 19:48:50.243031 26 storage/engine/rocksdb.go:120             table_factory options:   flush_block_policy_factory: FlushBlockBySizePolicyFactory (0x7ff064a24040)
  cache_index_and_filter_blocks: 0
  cache_index_and_filter_blocks_with_high_priority: 0
  pin_l0_filter_and_index_blocks_in_cache: 0
  pin_top_level_index_and_filter: 1
  index_type: 0
  data_block_index_type: 0
  index_shortening: 1
  data_block_hash_table_util_ratio: 0.750000
  hash_index_allow_collision: 1
  checksum: 1
  no_block_cache: 0
  block_cache: 0x7ff064a7a190
  block_cache_name: LRUCache
  block_cache_options:
    capacity : 1048576
    num_shard_bits : 4
    strict_capacity_limit : 0
    memory_allocator : None
    high_pri_pool_ratio: 0.000
  block_cache_compressed: (nil)
  persistent_cache: (nil)
  block_size: 32768
  block_size_deviation: 10
  block_restart_interval: 16
  index_block_restart_interval: 1
  metadata_block_size: 4096
  partition_filters: 0
  use_delta_encoding: 1
  filter_policy: rocksdb.BuiltinBloomFilter
  whole_key_filtering: 0
  verify_compression: 0
  read_amp_bytes_per_bit: 0
  format_version: 2
  enable_index_compression: 1
  block_align: 0
I200514 19:48:50.243035 26 storage/engine/rocksdb.go:120         Options.write_buffer_size: 67108864
I200514 19:48:50.243039 26 storage/engine/rocksdb.go:120   Options.max_write_buffer_number: 4
I200514 19:48:50.243042 26 storage/engine/rocksdb.go:120           Options.compression: Snappy
I200514 19:48:50.243044 26 storage/engine/rocksdb.go:120                   Options.bottommost_compression: Disabled
I200514 19:48:50.243048 26 storage/engine/rocksdb.go:120        Options.prefix_extractor: cockroach_prefix_extractor
I200514 19:48:50.243050 26 storage/engine/rocksdb.go:120    Options.memtable_insert_with_hint_prefix_extractor: nullptr
I200514 19:48:50.243053 26 storage/engine/rocksdb.go:120              Options.num_levels: 7
I200514 19:48:50.243056 26 storage/engine/rocksdb.go:120         Options.min_write_buffer_number_to_merge: 1
I200514 19:48:50.243058 26 storage/engine/rocksdb.go:120      Options.max_write_buffer_number_to_maintain: 0
I200514 19:48:50.243061 26 storage/engine/rocksdb.go:120             Options.bottommost_compression_opts.window_bits: -14
I200514 19:48:50.243065 26 storage/engine/rocksdb.go:120                   Options.bottommost_compression_opts.level: 32767
I200514 19:48:50.243068 26 storage/engine/rocksdb.go:120                Options.bottommost_compression_opts.strategy: 0
I200514 19:48:50.243070 26 storage/engine/rocksdb.go:120          Options.bottommost_compression_opts.max_dict_bytes: 0
I200514 19:48:50.243073 26 storage/engine/rocksdb.go:120          Options.bottommost_compression_opts.zstd_max_train_bytes: 0
I200514 19:48:50.243075 26 storage/engine/rocksdb.go:120                   Options.bottommost_compression_opts.enabled: false
I200514 19:48:50.243078 26 storage/engine/rocksdb.go:120             Options.compression_opts.window_bits: -14
I200514 19:48:50.243081 26 storage/engine/rocksdb.go:120                   Options.compression_opts.level: 32767
I200514 19:48:50.243083 26 storage/engine/rocksdb.go:120                Options.compression_opts.strategy: 0
I200514 19:48:50.243086 26 storage/engine/rocksdb.go:120          Options.compression_opts.max_dict_bytes: 0
I200514 19:48:50.243088 26 storage/engine/rocksdb.go:120          Options.compression_opts.zstd_max_train_bytes: 0
I200514 19:48:50.243091 26 storage/engine/rocksdb.go:120                   Options.compression_opts.enabled: false
I200514 19:48:50.243093 26 storage/engine/rocksdb.go:120       Options.level0_file_num_compaction_trigger: 2
I200514 19:48:50.243096 26 storage/engine/rocksdb.go:120           Options.level0_slowdown_writes_trigger: 950
I200514 19:48:50.243099 26 storage/engine/rocksdb.go:120               Options.level0_stop_writes_trigger: 1000
I200514 19:48:50.243101 26 storage/engine/rocksdb.go:120                    Options.target_file_size_base: 4194304
I200514 19:48:50.243104 26 storage/engine/rocksdb.go:120              Options.target_file_size_multiplier: 2
I200514 19:48:50.243106 26 storage/engine/rocksdb.go:120                 Options.max_bytes_for_level_base: 67108864
I200514 19:48:50.243109 26 storage/engine/rocksdb.go:120  Options.level_compaction_dynamic_level_bytes: 1
I200514 19:48:50.243112 26 storage/engine/rocksdb.go:120           Options.max_bytes_for_level_multiplier: 10.000000
I200514 19:48:50.243115 26 storage/engine/rocksdb.go:120  Options.max_bytes_for_level_multiplier_addtl[0]: 1
I200514 19:48:50.243118 26 storage/engine/rocksdb.go:120  Options.max_bytes_for_level_multiplier_addtl[1]: 1
I200514 19:48:50.243120 26 storage/engine/rocksdb.go:120  Options.max_bytes_for_level_multiplier_addtl[2]: 1
I200514 19:48:50.243123 26 storage/engine/rocksdb.go:120  Options.max_bytes_for_level_multiplier_addtl[3]: 1
I200514 19:48:50.243125 26 storage/engine/rocksdb.go:120  Options.max_bytes_for_level_multiplier_addtl[4]: 1
I200514 19:48:50.243128 26 storage/engine/rocksdb.go:120  Options.max_bytes_for_level_multiplier_addtl[5]: 1
I200514 19:48:50.243131 26 storage/engine/rocksdb.go:120  Options.max_bytes_for_level_multiplier_addtl[6]: 1
I200514 19:48:50.243134 26 storage/engine/rocksdb.go:120        Options.max_sequential_skip_in_iterations: 8
I200514 19:48:50.243136 26 storage/engine/rocksdb.go:120                     Options.max_compaction_bytes: 104857600
I200514 19:48:50.243139 26 storage/engine/rocksdb.go:120                         Options.arena_block_size: 8388608
I200514 19:48:50.243141 26 storage/engine/rocksdb.go:120    Options.soft_pending_compaction_bytes_limit: 2199023255552
I200514 19:48:50.243145 26 storage/engine/rocksdb.go:120    Options.hard_pending_compaction_bytes_limit: 4400193994752
I200514 19:48:50.243147 26 storage/engine/rocksdb.go:120        Options.rate_limit_delay_max_milliseconds: 100
I200514 19:48:50.243150 26 storage/engine/rocksdb.go:120                 Options.disable_auto_compactions: 0
I200514 19:48:50.243153 26 storage/engine/rocksdb.go:120                         Options.compaction_style: kCompactionStyleLevel
I200514 19:48:50.243156 26 storage/engine/rocksdb.go:120                           Options.compaction_pri: kMinOverlappingRatio
I200514 19:48:50.243158 26 storage/engine/rocksdb.go:120  Options.compaction_options_universal.size_ratio: 1
I200514 19:48:50.243162 26 storage/engine/rocksdb.go:120  Options.compaction_options_universal.min_merge_width: 2
I200514 19:48:50.243165 26 storage/engine/rocksdb.go:120  Options.compaction_options_universal.max_merge_width: 4294967295
I200514 19:48:50.243167 26 storage/engine/rocksdb.go:120  Options.compaction_options_universal.max_size_amplification_percent: 200
I200514 19:48:50.243170 26 storage/engine/rocksdb.go:120  Options.compaction_options_universal.compression_size_percent: -1
I200514 19:48:50.243173 26 storage/engine/rocksdb.go:120  Options.compaction_options_universal.stop_style: kCompactionStopStyleTotalSize
I200514 19:48:50.243175 26 storage/engine/rocksdb.go:120  Options.compaction_options_fifo.max_table_files_size: 1073741824
I200514 19:48:50.243178 26 storage/engine/rocksdb.go:120  Options.compaction_options_fifo.allow_compaction: 0
I200514 19:48:50.243181 26 storage/engine/rocksdb.go:120                    Options.table_properties_collectors: TimeBoundTblPropCollectorFactory; DeleteRangeTblPropCollectorFactory; 
I200514 19:48:50.243185 26 storage/engine/rocksdb.go:120                    Options.inplace_update_support: 0
I200514 19:48:50.243187 26 storage/engine/rocksdb.go:120                  Options.inplace_update_num_locks: 10000
I200514 19:48:50.243190 26 storage/engine/rocksdb.go:120                Options.memtable_prefix_bloom_size_ratio: 0.000000
I200514 19:48:50.243192 26 storage/engine/rocksdb.go:120                Options.memtable_whole_key_filtering: 0
I200514 19:48:50.243195 26 storage/engine/rocksdb.go:120    Options.memtable_huge_page_size: 0
I200514 19:48:50.243198 26 storage/engine/rocksdb.go:120                            Options.bloom_locality: 0
I200514 19:48:50.243200 26 storage/engine/rocksdb.go:120                     Options.max_successive_merges: 0
I200514 19:48:50.243203 26 storage/engine/rocksdb.go:120                 Options.optimize_filters_for_hits: 1
I200514 19:48:50.243205 26 storage/engine/rocksdb.go:120                 Options.paranoid_file_checks: 0
I200514 19:48:50.243208 26 storage/engine/rocksdb.go:120                 Options.force_consistency_checks: 0
I200514 19:48:50.243210 26 storage/engine/rocksdb.go:120                 Options.report_bg_io_stats: 0
I200514 19:48:50.243213 26 storage/engine/rocksdb.go:120                                Options.ttl: 0
I200514 19:48:50.243215 26 storage/engine/rocksdb.go:120           Options.periodic_compaction_seconds: 0
I200514 19:48:50.244161 26 storage/engine/rocksdb.go:120  [db/version_set.cc:4286] Recovered from manifest file:/var/lib/cockroach/cockroach-temp194107181/MANIFEST-000001 succeeded,manifest_file_number is 1, next_file_number is 3, last_sequence is 0, log_number is 0,prev_log_number is 0,max_column_family is 0,min_log_number_to_keep is 0
I200514 19:48:50.244165 26 storage/engine/rocksdb.go:120  [db/version_set.cc:4295] Column family [default] (ID 0), log number is 0
I200514 19:48:50.268259 26 storage/engine/rocksdb.go:120  DB pointer 0x7ff064b58000
I200514 19:48:50.294222 26 storage/engine/rocksdb.go:120  RocksDB version: 6.2.1
I200514 19:48:50.294269 26 storage/engine/rocksdb.go:120  Git sha rocksdb_build_git_sha:@b7009236531fa784872f4823eabf393501e41bf2@
I200514 19:48:50.294278 26 storage/engine/rocksdb.go:120  Compile date Mar 16 2020
I200514 19:48:50.294282 26 storage/engine/rocksdb.go:120  DB SUMMARY
I200514 19:48:50.295425 26 storage/engine/rocksdb.go:120  CURRENT file:  CURRENT
I200514 19:48:50.295453 26 storage/engine/rocksdb.go:120  IDENTITY file:  IDENTITY
I200514 19:48:50.295829 26 storage/engine/rocksdb.go:120  MANIFEST file:  MANIFEST-000685 size: 946 Bytes
I200514 19:48:50.295861 26 storage/engine/rocksdb.go:120  SST files in /var/lib/cockroach dir, Total Num: 3, files: 000689.sst 000690.sst 000691.sst 
I200514 19:48:50.295866 26 storage/engine/rocksdb.go:120  Write Ahead Log file in /var/lib/cockroach: 000686.log size: 709969 ; 
I200514 19:48:50.295870 26 storage/engine/rocksdb.go:120                          Options.error_if_exists: 0
I200514 19:48:50.295876 26 storage/engine/rocksdb.go:120                        Options.create_if_missing: 1
I200514 19:48:50.295879 26 storage/engine/rocksdb.go:120                          Options.paranoid_checks: 1
I200514 19:48:50.295882 26 storage/engine/rocksdb.go:120                                      Options.env: 0x75757a0
I200514 19:48:50.295884 26 storage/engine/rocksdb.go:120                                 Options.info_log: 0x7ff05e00dce0
I200514 19:48:50.295887 26 storage/engine/rocksdb.go:120                 Options.max_file_opening_threads: 16
I200514 19:48:50.295890 26 storage/engine/rocksdb.go:120                               Options.statistics: 0x7ff05e025010
I200514 19:48:50.295892 26 storage/engine/rocksdb.go:120                                Options.use_fsync: 0
I200514 19:48:50.295895 26 storage/engine/rocksdb.go:120                        Options.max_log_file_size: 0
I200514 19:48:50.295898 26 storage/engine/rocksdb.go:120                   Options.max_manifest_file_size: 134217728
I200514 19:48:50.295900 26 storage/engine/rocksdb.go:120                    Options.log_file_time_to_roll: 0
I200514 19:48:50.295903 26 storage/engine/rocksdb.go:120                        Options.keep_log_file_num: 1000
I200514 19:48:50.295905 26 storage/engine/rocksdb.go:120                     Options.recycle_log_file_num: 1
I200514 19:48:50.295908 26 storage/engine/rocksdb.go:120                          Options.allow_fallocate: 1
I200514 19:48:50.295911 26 storage/engine/rocksdb.go:120                         Options.allow_mmap_reads: 0
I200514 19:48:50.295913 26 storage/engine/rocksdb.go:120                        Options.allow_mmap_writes: 0
I200514 19:48:50.295916 26 storage/engine/rocksdb.go:120                         Options.use_direct_reads: 0
I200514 19:48:50.295918 26 storage/engine/rocksdb.go:120                         Options.use_direct_io_for_flush_and_compaction: 0
I200514 19:48:50.295921 26 storage/engine/rocksdb.go:120           Options.create_missing_column_families: 0
I200514 19:48:50.295924 26 storage/engine/rocksdb.go:120                               Options.db_log_dir: 
I200514 19:48:50.295926 26 storage/engine/rocksdb.go:120                                  Options.wal_dir: /var/lib/cockroach
I200514 19:48:50.295929 26 storage/engine/rocksdb.go:120                 Options.table_cache_numshardbits: 6
I200514 19:48:50.295932 26 storage/engine/rocksdb.go:120                       Options.max_subcompactions: 1
I200514 19:48:50.295935 26 storage/engine/rocksdb.go:120                   Options.max_background_flushes: -1
I200514 19:48:50.295937 26 storage/engine/rocksdb.go:120                          Options.WAL_ttl_seconds: 0
I200514 19:48:50.295940 26 storage/engine/rocksdb.go:120                        Options.WAL_size_limit_MB: 0
I200514 19:48:50.295942 26 storage/engine/rocksdb.go:120              Options.manifest_preallocation_size: 4194304
I200514 19:48:50.295945 26 storage/engine/rocksdb.go:120                      Options.is_fd_close_on_exec: 1
I200514 19:48:50.295948 26 storage/engine/rocksdb.go:120                    Options.advise_random_on_open: 1
I200514 19:48:50.295951 26 storage/engine/rocksdb.go:120                     Options.db_write_buffer_size: 0
I200514 19:48:50.295953 26 storage/engine/rocksdb.go:120                     Options.write_buffer_manager: 0x7ff05e08d030
I200514 19:48:50.295956 26 storage/engine/rocksdb.go:120          Options.access_hint_on_compaction_start: 1
I200514 19:48:50.295958 26 storage/engine/rocksdb.go:120   Options.new_table_reader_for_compaction_inputs: 0
I200514 19:48:50.295961 26 storage/engine/rocksdb.go:120            Options.random_access_max_buffer_size: 1048576
I200514 19:48:50.295963 26 storage/engine/rocksdb.go:120                       Options.use_adaptive_mutex: 0
I200514 19:48:50.295966 26 storage/engine/rocksdb.go:120                             Options.rate_limiter: (nil)
I200514 19:48:50.295969 26 storage/engine/rocksdb.go:120      Options.sst_file_manager.rate_bytes_per_sec: 0
I200514 19:48:50.295972 26 storage/engine/rocksdb.go:120                        Options.wal_recovery_mode: 0
I200514 19:48:50.295975 26 storage/engine/rocksdb.go:120                   Options.enable_thread_tracking: 0
I200514 19:48:50.295978 26 storage/engine/rocksdb.go:120                   Options.enable_pipelined_write: 0
I200514 19:48:50.295981 26 storage/engine/rocksdb.go:120          Options.allow_concurrent_memtable_write: 1
I200514 19:48:50.295983 26 storage/engine/rocksdb.go:120       Options.enable_write_thread_adaptive_yield: 1
I200514 19:48:50.295986 26 storage/engine/rocksdb.go:120              Options.write_thread_max_yield_usec: 100
I200514 19:48:50.295989 26 storage/engine/rocksdb.go:120             Options.write_thread_slow_yield_usec: 3
I200514 19:48:50.295991 26 storage/engine/rocksdb.go:120                                Options.row_cache: None
I200514 19:48:50.295994 26 storage/engine/rocksdb.go:120                               Options.wal_filter: None
I200514 19:48:50.295996 26 storage/engine/rocksdb.go:120              Options.avoid_flush_during_recovery: 0
I200514 19:48:50.295999 26 storage/engine/rocksdb.go:120              Options.allow_ingest_behind: 0
I200514 19:48:50.296001 26 storage/engine/rocksdb.go:120              Options.preserve_deletes: 0
I200514 19:48:50.296004 26 storage/engine/rocksdb.go:120              Options.two_write_queues: 0
I200514 19:48:50.296006 26 storage/engine/rocksdb.go:120              Options.manual_wal_flush: 1
I200514 19:48:50.296009 26 storage/engine/rocksdb.go:120              Options.atomic_flush: 0
I200514 19:48:50.296012 26 storage/engine/rocksdb.go:120              Options.avoid_unnecessary_blocking_io: 0
I200514 19:48:50.296014 26 storage/engine/rocksdb.go:120              Options.max_background_jobs: 2
I200514 19:48:50.296017 26 storage/engine/rocksdb.go:120              Options.max_background_compactions: -1
I200514 19:48:50.296019 26 storage/engine/rocksdb.go:120              Options.avoid_flush_during_shutdown: 0
I200514 19:48:50.296022 26 storage/engine/rocksdb.go:120            Options.writable_file_max_buffer_size: 1048576
I200514 19:48:50.296025 26 storage/engine/rocksdb.go:120              Options.delayed_write_rate : 16777216
I200514 19:48:50.296027 26 storage/engine/rocksdb.go:120              Options.max_total_wal_size: 0
I200514 19:48:50.296030 26 storage/engine/rocksdb.go:120              Options.delete_obsolete_files_period_micros: 21600000000
I200514 19:48:50.296033 26 storage/engine/rocksdb.go:120                    Options.stats_dump_period_sec: 0
I200514 19:48:50.296036 26 storage/engine/rocksdb.go:120                  Options.stats_persist_period_sec: 600
I200514 19:48:50.296039 26 storage/engine/rocksdb.go:120                  Options.stats_history_buffer_size: 1048576
I200514 19:48:50.296041 26 storage/engine/rocksdb.go:120                           Options.max_open_files: 1043576
I200514 19:48:50.296044 26 storage/engine/rocksdb.go:120                           Options.bytes_per_sync: 524288
I200514 19:48:50.296047 26 storage/engine/rocksdb.go:120                       Options.wal_bytes_per_sync: 0
I200514 19:48:50.296049 26 storage/engine/rocksdb.go:120                    Options.strict_bytes_per_sync: 1
I200514 19:48:50.296052 26 storage/engine/rocksdb.go:120        Options.compaction_readahead_size: 0
I200514 19:48:50.296055 26 storage/engine/rocksdb.go:120  Compression algorithms supported:
I200514 19:48:50.296058 26 storage/engine/rocksdb.go:120  	kZSTDNotFinalCompression supported: 0
I200514 19:48:50.296061 26 storage/engine/rocksdb.go:120  	kZSTD supported: 0
I200514 19:48:50.296063 26 storage/engine/rocksdb.go:120  	kXpressCompression supported: 0
I200514 19:48:50.296066 26 storage/engine/rocksdb.go:120  	kLZ4HCCompression supported: 0
I200514 19:48:50.296069 26 storage/engine/rocksdb.go:120  	kLZ4Compression supported: 0
I200514 19:48:50.296072 26 storage/engine/rocksdb.go:120  	kBZip2Compression supported: 0
I200514 19:48:50.296074 26 storage/engine/rocksdb.go:120  	kZlibCompression supported: 0
I200514 19:48:50.296077 26 storage/engine/rocksdb.go:120  	kSnappyCompression supported: 1
I200514 19:48:50.296084 26 storage/engine/rocksdb.go:120  Fast CRC32 supported: Supported on x86
I200514 19:48:50.298857 26 storage/engine/rocksdb.go:120  [db/version_set.cc:4072] Recovering from manifest file: /var/lib/cockroach/MANIFEST-000685
I200514 19:48:50.299297 26 storage/engine/rocksdb.go:120  [db/column_family.cc:488] --------------- Options for column family [default]:
I200514 19:48:50.299304 26 storage/engine/rocksdb.go:120                Options.comparator: cockroach_comparator
I200514 19:48:50.299307 26 storage/engine/rocksdb.go:120            Options.merge_operator: cockroach_merge_operator
I200514 19:48:50.299311 26 storage/engine/rocksdb.go:120         Options.compaction_filter: None
I200514 19:48:50.299314 26 storage/engine/rocksdb.go:120         Options.compaction_filter_factory: None
I200514 19:48:50.299319 26 storage/engine/rocksdb.go:120          Options.memtable_factory: SkipListFactory
I200514 19:48:50.299322 26 storage/engine/rocksdb.go:120             Options.table_factory: BlockBasedTable
I200514 19:48:50.299345 26 storage/engine/rocksdb.go:120             table_factory options:   flush_block_policy_factory: FlushBlockBySizePolicyFactory (0x7ff05e023028)
  cache_index_and_filter_blocks: 0
  cache_index_and_filter_blocks_with_high_priority: 0
  pin_l0_filter_and_index_blocks_in_cache: 0
  pin_top_level_index_and_filter: 1
  index_type: 0
  data_block_index_type: 0
  index_shortening: 1
  data_block_hash_table_util_ratio: 0.750000
  hash_index_allow_collision: 1
  checksum: 1
  no_block_cache: 0
  block_cache: 0x7ff05e014010
  block_cache_name: LRUCache
  block_cache_options:
    capacity : 67108864
    num_shard_bits : 4
    strict_capacity_limit : 0
    memory_allocator : None
    high_pri_pool_ratio: 0.000
  block_cache_compressed: (nil)
  persistent_cache: (nil)
  block_size: 32768
  block_size_deviation: 10
  block_restart_interval: 16
  index_block_restart_interval: 1
  metadata_block_size: 4096
  partition_filters: 0
  use_delta_encoding: 1
  filter_policy: rocksdb.BuiltinBloomFilter
  whole_key_filtering: 0
  verify_compression: 0
  read_amp_bytes_per_bit: 0
  format_version: 2
  enable_index_compression: 1
  block_align: 0
I200514 19:48:50.299349 26 storage/engine/rocksdb.go:120         Options.write_buffer_size: 67108864
I200514 19:48:50.299353 26 storage/engine/rocksdb.go:120   Options.max_write_buffer_number: 4
I200514 19:48:50.299356 26 storage/engine/rocksdb.go:120           Options.compression: Snappy
I200514 19:48:50.299359 26 storage/engine/rocksdb.go:120                   Options.bottommost_compression: Disabled
I200514 19:48:50.299362 26 storage/engine/rocksdb.go:120        Options.prefix_extractor: cockroach_prefix_extractor
I200514 19:48:50.299365 26 storage/engine/rocksdb.go:120    Options.memtable_insert_with_hint_prefix_extractor: nullptr
I200514 19:48:50.299367 26 storage/engine/rocksdb.go:120              Options.num_levels: 7
I200514 19:48:50.299370 26 storage/engine/rocksdb.go:120         Options.min_write_buffer_number_to_merge: 1
I200514 19:48:50.299372 26 storage/engine/rocksdb.go:120      Options.max_write_buffer_number_to_maintain: 0
I200514 19:48:50.299375 26 storage/engine/rocksdb.go:120             Options.bottommost_compression_opts.window_bits: -14
I200514 19:48:50.299378 26 storage/engine/rocksdb.go:120                   Options.bottommost_compression_opts.level: 32767
I200514 19:48:50.299380 26 storage/engine/rocksdb.go:120                Options.bottommost_compression_opts.strategy: 0
I200514 19:48:50.299383 26 storage/engine/rocksdb.go:120          Options.bottommost_compression_opts.max_dict_bytes: 0
I200514 19:48:50.299386 26 storage/engine/rocksdb.go:120          Options.bottommost_compression_opts.zstd_max_train_bytes: 0
I200514 19:48:50.299389 26 storage/engine/rocksdb.go:120                   Options.bottommost_compression_opts.enabled: false
I200514 19:48:50.299391 26 storage/engine/rocksdb.go:120             Options.compression_opts.window_bits: -14
I200514 19:48:50.299394 26 storage/engine/rocksdb.go:120                   Options.compression_opts.level: 32767
I200514 19:48:50.299398 26 storage/engine/rocksdb.go:120                Options.compression_opts.strategy: 0
I200514 19:48:50.299400 26 storage/engine/rocksdb.go:120          Options.compression_opts.max_dict_bytes: 0
I200514 19:48:50.299403 26 storage/engine/rocksdb.go:120          Options.compression_opts.zstd_max_train_bytes: 0
I200514 19:48:50.299405 26 storage/engine/rocksdb.go:120                   Options.compression_opts.enabled: false
I200514 19:48:50.299408 26 storage/engine/rocksdb.go:120       Options.level0_file_num_compaction_trigger: 2
I200514 19:48:50.299414 26 storage/engine/rocksdb.go:120           Options.level0_slowdown_writes_trigger: 950
I200514 19:48:50.299416 26 storage/engine/rocksdb.go:120               Options.level0_stop_writes_trigger: 1000
I200514 19:48:50.299419 26 storage/engine/rocksdb.go:120                    Options.target_file_size_base: 4194304
I200514 19:48:50.299422 26 storage/engine/rocksdb.go:120              Options.target_file_size_multiplier: 2
I200514 19:48:50.299424 26 storage/engine/rocksdb.go:120                 Options.max_bytes_for_level_base: 67108864
I200514 19:48:50.299427 26 storage/engine/rocksdb.go:120  Options.level_compaction_dynamic_level_bytes: 1
I200514 19:48:50.299430 26 storage/engine/rocksdb.go:120           Options.max_bytes_for_level_multiplier: 10.000000
I200514 19:48:50.299433 26 storage/engine/rocksdb.go:120  Options.max_bytes_for_level_multiplier_addtl[0]: 1
I200514 19:48:50.299436 26 storage/engine/rocksdb.go:120  Options.max_bytes_for_level_multiplier_addtl[1]: 1
I200514 19:48:50.299438 26 storage/engine/rocksdb.go:120  Options.max_bytes_for_level_multiplier_addtl[2]: 1
I200514 19:48:50.299441 26 storage/engine/rocksdb.go:120  Options.max_bytes_for_level_multiplier_addtl[3]: 1
I200514 19:48:50.299443 26 storage/engine/rocksdb.go:120  Options.max_bytes_for_level_multiplier_addtl[4]: 1
I200514 19:48:50.299446 26 storage/engine/rocksdb.go:120  Options.max_bytes_for_level_multiplier_addtl[5]: 1
I200514 19:48:50.299448 26 storage/engine/rocksdb.go:120  Options.max_bytes_for_level_multiplier_addtl[6]: 1
I200514 19:48:50.299451 26 storage/engine/rocksdb.go:120        Options.max_sequential_skip_in_iterations: 8
I200514 19:48:50.299454 26 storage/engine/rocksdb.go:120                     Options.max_compaction_bytes: 104857600
I200514 19:48:50.299456 26 storage/engine/rocksdb.go:120                         Options.arena_block_size: 8388608
I200514 19:48:50.299459 26 storage/engine/rocksdb.go:120    Options.soft_pending_compaction_bytes_limit: 2199023255552
I200514 19:48:50.299461 26 storage/engine/rocksdb.go:120    Options.hard_pending_compaction_bytes_limit: 4400193994752
I200514 19:48:50.299464 26 storage/engine/rocksdb.go:120        Options.rate_limit_delay_max_milliseconds: 100
I200514 19:48:50.299466 26 storage/engine/rocksdb.go:120                 Options.disable_auto_compactions: 0
I200514 19:48:50.299470 26 storage/engine/rocksdb.go:120                         Options.compaction_style: kCompactionStyleLevel
I200514 19:48:50.299472 26 storage/engine/rocksdb.go:120                           Options.compaction_pri: kMinOverlappingRatio
I200514 19:48:50.299475 26 storage/engine/rocksdb.go:120  Options.compaction_options_universal.size_ratio: 1
I200514 19:48:50.299477 26 storage/engine/rocksdb.go:120  Options.compaction_options_universal.min_merge_width: 2
I200514 19:48:50.299480 26 storage/engine/rocksdb.go:120  Options.compaction_options_universal.max_merge_width: 4294967295
I200514 19:48:50.299483 26 storage/engine/rocksdb.go:120  Options.compaction_options_universal.max_size_amplification_percent: 200
I200514 19:48:50.299485 26 storage/engine/rocksdb.go:120  Options.compaction_options_universal.compression_size_percent: -1
I200514 19:48:50.299488 26 storage/engine/rocksdb.go:120  Options.compaction_options_universal.stop_style: kCompactionStopStyleTotalSize
I200514 19:48:50.299491 26 storage/engine/rocksdb.go:120  Options.compaction_options_fifo.max_table_files_size: 1073741824
I200514 19:48:50.299493 26 storage/engine/rocksdb.go:120  Options.compaction_options_fifo.allow_compaction: 0
I200514 19:48:50.299498 26 storage/engine/rocksdb.go:120                    Options.table_properties_collectors: TimeBoundTblPropCollectorFactory; DeleteRangeTblPropCollectorFactory; 
I200514 19:48:50.299501 26 storage/engine/rocksdb.go:120                    Options.inplace_update_support: 0
I200514 19:48:50.299504 26 storage/engine/rocksdb.go:120                  Options.inplace_update_num_locks: 10000
I200514 19:48:50.299507 26 storage/engine/rocksdb.go:120                Options.memtable_prefix_bloom_size_ratio: 0.000000
I200514 19:48:50.299509 26 storage/engine/rocksdb.go:120                Options.memtable_whole_key_filtering: 0
I200514 19:48:50.299512 26 storage/engine/rocksdb.go:120    Options.memtable_huge_page_size: 0
I200514 19:48:50.299514 26 storage/engine/rocksdb.go:120                            Options.bloom_locality: 0
I200514 19:48:50.299517 26 storage/engine/rocksdb.go:120                     Options.max_successive_merges: 0
I200514 19:48:50.299519 26 storage/engine/rocksdb.go:120                 Options.optimize_filters_for_hits: 1
I200514 19:48:50.299522 26 storage/engine/rocksdb.go:120                 Options.paranoid_file_checks: 0
I200514 19:48:50.299524 26 storage/engine/rocksdb.go:120                 Options.force_consistency_checks: 0
I200514 19:48:50.299527 26 storage/engine/rocksdb.go:120                 Options.report_bg_io_stats: 0
I200514 19:48:50.299529 26 storage/engine/rocksdb.go:120                                Options.ttl: 0
I200514 19:48:50.299532 26 storage/engine/rocksdb.go:120           Options.periodic_compaction_seconds: 0
I200514 19:48:50.304147 26 storage/engine/rocksdb.go:120  [db/version_set.cc:4286] Recovered from manifest file:/var/lib/cockroach/MANIFEST-000685 succeeded,manifest_file_number is 685, next_file_number is 693, last_sequence is 9661467, log_number is 684,prev_log_number is 0,max_column_family is 0,min_log_number_to_keep is 0
I200514 19:48:50.304158 26 storage/engine/rocksdb.go:120  [db/version_set.cc:4295] Column family [default] (ID 0), log number is 684
I200514 19:48:50.305130 26 storage/engine/rocksdb.go:120  EVENT_LOG_v1 {"time_micros": 1589485730305117, "job": 1, "event": "recovery_started", "log_files": [686]}
I200514 19:48:50.305137 26 storage/engine/rocksdb.go:120  [db/db_impl_open.cc:598] Recovering log #686 mode 0
I200514 19:48:50.325115 26 storage/engine/rocksdb.go:120  EVENT_LOG_v1 {"time_micros": 1589485730324989, "cf_name": "default", "job": 1, "event": "table_file_creation", "file_number": 693, "file_size": 71331, "table_properties": {"data_size": 68734, "index_size": 383, "index_partitions": 0, "top_level_index_size": 0, "index_key_is_user_key": 0, "index_value_is_delta_encoded": 0, "filter_size": 1349, "raw_key_size": 48114, "raw_average_key_size": 43, "raw_value_size": 309740, "raw_average_value_size": 279, "num_data_blocks": 9, "num_entries": 1107, "num_deletions": 62, "num_merge_operands": 664, "num_range_deletions": 664, "format_version": 0, "fixed_key_len": 0, "filter_policy": "rocksdb.BuiltinBloomFilter", "column_family_name": "default", "column_family_id": 0, "comparator": "cockroach_comparator", "merge_operator": "cockroach_merge_operator", "prefix_extractor_name": "cockroach_prefix_extractor", "property_collectors": "[TimeBoundTblPropCollectorFactory,DeleteRangeTblPropCollectorFactory]", "compression": "Snappy", "compression_options": "window_bits=-14; level=32767; strategy=0; max_dict_bytes=0; zstd_max_train_bytes=0; enabled=0; ", "creation_time": 1589485730, "oldest_key_time": 3, "file_creation_time": 0}}
I200514 19:48:50.325356 26 storage/engine/rocksdb.go:120  [db/version_set.cc:3560] Creating manifest 694
I200514 19:48:50.334234 26 storage/engine/rocksdb.go:120  EVENT_LOG_v1 {"time_micros": 1589485730334204, "job": 1, "event": "recovery_finished"}
I200514 19:48:50.358416 26 storage/engine/rocksdb.go:120  DB pointer 0x7ff05e09f000
I200514 19:50:59.126375 2027 storage/engine/rocksdb.go:120  bloom filter utility:    -nan%
I200514 19:50:59.126632 2027 storage/engine/rocksdb.go:120  [db/db_impl.cc:392] Shutdown: canceling all background work
I200514 19:50:59.127152 2027 storage/engine/rocksdb.go:120  [db/db_impl.cc:565] Shutdown complete
I200514 19:50:59.136650 2027 storage/engine/rocksdb.go:120  bloom filter utility:    69.5%
I200514 19:50:59.137085 2027 storage/engine/rocksdb.go:120  [db/db_impl.cc:392] Shutdown: canceling all background work
I200514 19:50:59.145294 2027 storage/engine/rocksdb.go:120  [db/db_impl.cc:565] Shutdown complete
