I200512 19:25:53.973203 1 util/log/clog.go:1196  [config] file created at: 2020/05/12 19:25:53
I200512 19:25:53.973203 1 util/log/clog.go:1196  [config] running on machine: d5aece8bbbe8
I200512 19:25:53.973203 1 util/log/clog.go:1196  [config] binary: CockroachDB CCL v19.2.5 (x86_64-unknown-linux-gnu, built 2020/03/16 18:27:12, go1.12.12)
I200512 19:25:53.973203 1 util/log/clog.go:1196  [config] arguments: [/cockroach/cockroach start --insecure --store=attrs=ssd,path=/var/lib/cockroach/]
I200512 19:25:53.973203 1 util/log/clog.go:1196  line format: [IWEF]yymmdd hh:mm:ss.uuuuuu goid file:line msg utf8=✓
I200512 19:25:53.973203 1 cli/start.go:1144  logging to directory /var/lib/cockroach/logs
W200512 19:25:53.998219 1 cli/start.go:1182  RUNNING IN INSECURE MODE!

- Your cluster is open for any client that can access <all your IP addresses>.
- Any user, even root, can log in without providing a password.
- Any user, connecting as root, can read or write any data in your cluster.
- There is no network encryption nor authentication, and thus no confidentiality.

Check out how to secure your cluster: https://www.cockroachlabs.com/docs/v19.2/secure-a-cluster.html
I200512 19:25:53.998562 1 server/status/recorder.go:597  available memory from cgroups (8.0 EiB) is unsupported, using system memory 1.9 GiB instead: 
W200512 19:25:53.998620 1 cli/start.go:1052  Using the default setting for --cache (128 MiB).
  A significantly larger value is usually needed for good performance.
  If you have a dedicated server a reasonable setting is --cache=.25 (497 MiB).
I200512 19:25:53.998739 1 server/status/recorder.go:597  available memory from cgroups (8.0 EiB) is unsupported, using system memory 1.9 GiB instead: 
W200512 19:25:53.998748 1 cli/start.go:1065  Using the default setting for --max-sql-memory (128 MiB).
  A significantly larger value is usually needed in production.
  If you have a dedicated server a reasonable setting is --max-sql-memory=.25 (497 MiB).
I200512 19:25:53.998862 1 server/status/recorder.go:597  available memory from cgroups (8.0 EiB) is unsupported, using system memory 1.9 GiB instead: 
I200512 19:25:53.998872 1 cli/start.go:1196  CockroachDB CCL v19.2.5 (x86_64-unknown-linux-gnu, built 2020/03/16 18:27:12, go1.12.12)
W200512 19:25:54.242841 1 cli/start.go:511  running 'cockroach start' without --join is deprecated.
Consider using 'cockroach start-single-node' or 'cockroach init' instead.
I200512 19:25:54.255047 1 server/status/recorder.go:597  available memory from cgroups (8.0 EiB) is unsupported, using system memory 1.9 GiB instead: 
I200512 19:25:54.255066 1 server/config.go:394  system total memory: 1.9 GiB
I200512 19:25:54.255097 1 server/config.go:396  server configuration:
max offset             500000000
cache size             128 MiB
SQL memory pool size   128 MiB
scan interval          10m0s
scan min idle time     10ms
scan max idle time     1s
event log enabled      true
I200512 19:25:54.255110 1 cli/start.go:1030  using local environment variables: COCKROACH_CHANNEL=official-docker
I200512 19:25:54.255120 1 cli/start.go:1037  process identity: uid 0 euid 0 gid 0 egid 0
I200512 19:25:54.255191 1 cli/start.go:644  starting cockroach node
I200512 19:25:54.259470 31 storage/engine/rocksdb.go:622  opening rocksdb instance at "/var/lib/cockroach/cockroach-temp575280774"
I200512 19:25:54.364859 31 server/server.go:928  [n?] monitoring forward clock jumps based on server.clock.forward_jump_check_enabled
I200512 19:25:54.365565 31 storage/engine/rocksdb.go:622  opening rocksdb instance at "/var/lib/cockroach"
I200512 19:25:54.465414 31 server/config.go:502  [n?] 1 storage engine initialized
I200512 19:25:54.465421 31 server/config.go:505  [n?] RocksDB cache size: 128 MiB
I200512 19:25:54.465426 31 server/config.go:505  [n?] store 0: RocksDB, max size 0 B, max open file limit 1043576
W200512 19:25:54.487314 31 cli/start.go:996  neither --listen-addr nor --advertise-addr was specified.
The server will advertise "d5aece8bbbe8" to other nodes, is this routable?

Consider using:
- for local-only servers:  --listen-addr=localhost
- for multi-node clusters: --advertise-addr=<host/IP addr>
I200512 19:25:54.490515 31 server/server.go:978  [n?] Sleeping till wall time 1589311554490479690 to catches up to 1589311554864826991 to ensure monotonicity. Delta: 374.347301ms
I200512 19:25:54.865710 31 gossip/gossip.go:394  [n1] NodeDescriptor set to node_id:1 address:<network_field:"tcp" address_field:"d5aece8bbbe8:26257" > attrs:<> locality:<> ServerVersion:<major_val:19 minor_val:2 patch:0 unstable:0 > build_tag:"v19.2.5" started_at:1589311554865623489 cluster_name:"" sql_address:<network_field:"tcp" address_field:"d5aece8bbbe8:26257" > 
W200512 19:25:54.892975 105 storage/replica_range_lease.go:554  can't determine lease status due to node liveness error: node not in the liveness table
github.com/cockroachdb/cockroach/pkg/storage.init.ializers
	/go/src/github.com/cockroachdb/cockroach/pkg/storage/node_liveness.go:44
runtime.main
	/usr/local/go/src/runtime/proc.go:188
runtime.goexit
	/usr/local/go/src/runtime/asm_amd64.s:1337
W200512 19:25:54.892998 105 storage/store.go:1530  [n1,s1,r6/1:/Table/{SystemCon…-11}] could not gossip system config: [NotLeaseHolderError] r6: replica (n1,s1):1 not lease holder; lease holder unknown
I200512 19:25:54.977990 31 server/node.go:431  [n1] initialized store [n1,s1]: disk (capacity=894 GiB, available=593 GiB, used=12 MiB, logicalBytes=56 MiB), ranges=38, leases=3, queries=0.00, writes=0.00, bytesPerReplica={p10=0.00 p25=0.00 p50=0.00 p75=13779.00 p90=103925.00 pMax=42114349.00}, writesPerReplica={p10=0.00 p25=0.00 p50=0.00 p75=0.00 p90=0.00 pMax=0.00}
I200512 19:25:54.978063 31 storage/stores.go:240  [n1] read 0 node addresses from persistent storage
I200512 19:25:54.978141 31 server/node.go:645  [n1] connecting to gossip network to verify cluster ID...
I200512 19:25:54.978154 31 server/node.go:665  [n1] node connected via gossip and verified as part of cluster "3d423bb5-5d67-4ebf-947b-999bec430444"
I200512 19:25:54.978220 31 server/node.go:512  [n1] node=1: started with [ssd=/var/lib/cockroach] engine(s) and attributes []
I200512 19:25:54.979463 31 server/server.go:1514  [n1] starting http server at [::]:8080 (use: d5aece8bbbe8:8080)
I200512 19:25:54.979473 31 server/server.go:1521  [n1] starting grpc/postgres server at [::]:26257
I200512 19:25:54.979482 31 server/server.go:1522  [n1] advertising CockroachDB node at d5aece8bbbe8:26257
I200512 19:25:54.993535 31 server/server.go:1590  [n1] done ensuring all necessary migrations have run
I200512 19:25:54.993564 31 server/server.go:1841  [n1] serving sql connections
I200512 19:25:54.993622 31 cli/start.go:803  [config] clusterID: 3d423bb5-5d67-4ebf-947b-999bec430444
I200512 19:25:54.993636 31 cli/start.go:812  node startup completed:
CockroachDB node starting at 2020-05-12 19:25:54.993578389 +0000 UTC (took 1.0s)
build:               CCL v19.2.5 @ 2020/03/16 18:27:12 (go1.12.12)
webui:               http://d5aece8bbbe8:8080
sql:                 postgresql://root@d5aece8bbbe8:26257?sslmode=disable
RPC client flags:    /cockroach/cockroach <client cmd> --host=d5aece8bbbe8:26257 --insecure
logs:                /var/lib/cockroach/logs
temp dir:            /var/lib/cockroach/cockroach-temp575280774
external I/O path:   /var/lib/cockroach/extern
store[0]:            path=/var/lib/cockroach,attrs=ssd
status:              restarted pre-existing node
clusterID:           3d423bb5-5d67-4ebf-947b-999bec430444
nodeID:              1
I200512 19:25:55.004964 259 server/server_update.go:53  [n1] no need to upgrade, cluster already at the newest version
I200512 19:25:55.008268 261 sql/event_log.go:130  [n1] Event: "node_restart", target: 1, info: {Descriptor:{NodeID:1 Address:d5aece8bbbe8:26257 Attrs: Locality: ServerVersion:19.2 BuildTag:v19.2.5 StartedAt:1589311554865623489 LocalityAddress:[] ClusterName: SQLAddress:d5aece8bbbe8:26257} ClusterID:3d423bb5-5d67-4ebf-947b-999bec430444 StartedAt:1589311554865623489 LastUp:1589311551674480995}
I200512 19:25:56.109063 79 gossip/gossip.go:1531  [n1] node has connected to cluster via gossip
I200512 19:25:56.109139 79 storage/stores.go:259  [n1] wrote 0 node addresses to persistent storage
I200512 19:25:56.464373 263 server/updates.go:267  [n1] A new version is available: 20.1.0, details: https://www.cockroachlabs.com/docs/releases/v20.1.0.html
I200512 19:26:04.986460 214 server/status/runtime.go:498  [n1] runtime stats: 117 MiB RSS, 117 goroutines, 101 MiB/23 MiB/135 MiB GO alloc/idle/total, 14 MiB/17 MiB CGO alloc/total, 0.0 CGO/sec, 0.0/0.0 %(u/s)time, 0.0 %gc (9x), 32 KiB/41 KiB (r/w)net
I200512 19:26:14.985727 113 storage/store.go:2364  [n1,s1] sstables (read amplification = 1):
6 [ 7M 2 ]: 4M 3M
I200512 19:26:14.985875 113 storage/store.go:2365  [n1,s1] 
** Compaction Stats [default] **
Level    Files   Size     Score Read(GB)  Rn(GB) Rnp1(GB) Write(GB) Wnew(GB) Moved(GB) W-Amp Rd(MB/s) Wr(MB/s) Comp(sec) CompMergeCPU(sec) Comp(cnt) Avg(sec) KeyIn KeyDrop
----------------------------------------------------------------------------------------------------------------------------------------------------------------------------
  L0      0/0    0.00 KB   0.0      0.0     0.0      0.0       0.0      0.0       0.0   1.0      0.0      3.2      0.03              0.00         1    0.027       0      0
  L6      2/0    7.04 MB   0.0      0.0     0.0      0.0       0.0      0.0       0.0  48.3     27.5     27.0      0.26              0.07         1    0.260     30K    832
 Sum      2/0    7.04 MB   0.0      0.0     0.0      0.0       0.0      0.0       0.0  84.8     24.9     24.8      0.29              0.07         2    0.144     30K    832
 Int      0/0    0.00 KB   0.0      0.0     0.0      0.0       0.0      0.0       0.0  84.8     24.9     24.8      0.29              0.07         2    0.144     30K    832

** Compaction Stats [default] **
Priority    Files   Size     Score Read(GB)  Rn(GB) Rnp1(GB) Write(GB) Wnew(GB) Moved(GB) W-Amp Rd(MB/s) Wr(MB/s) Comp(sec) CompMergeCPU(sec) Comp(cnt) Avg(sec) KeyIn KeyDrop
-------------------------------------------------------------------------------------------------------------------------------------------------------------------------------
 Low      0/0    0.00 KB   0.0      0.0     0.0      0.0       0.0      0.0       0.0   0.0     27.5     27.0      0.26              0.07         1    0.260     30K    832
User      0/0    0.00 KB   0.0      0.0     0.0      0.0       0.0      0.0       0.0   0.0      0.0      3.2      0.03              0.00         1    0.027       0      0
Uptime(secs): 20.6 total, 20.6 interval
Flush(GB): cumulative 0.000, interval 0.000
AddFile(GB): cumulative 0.000, interval 0.000
AddFile(Total Files): cumulative 0, interval 0
AddFile(L0 Files): cumulative 0, interval 0
AddFile(Keys): cumulative 0, interval 0
Cumulative compaction: 0.01 GB write, 0.35 MB/s write, 0.01 GB read, 0.35 MB/s read, 0.3 seconds
Interval compaction: 0.01 GB write, 0.35 MB/s write, 0.01 GB read, 0.35 MB/s read, 0.3 seconds
Stalls(count): 0 level0_slowdown, 0 level0_slowdown_with_compaction, 0 level0_numfiles, 0 level0_numfiles_with_compaction, 0 stop for pending_compaction_bytes, 0 slowdown for pending_compaction_bytes, 0 memtable_compaction, 0 memtable_slowdown, interval 0 total count
estimated_pending_compaction_bytes: 0 B
I200512 19:26:14.986306 214 server/status/runtime.go:498  [n1] runtime stats: 128 MiB RSS, 117 goroutines, 110 MiB/14 MiB/135 MiB GO alloc/idle/total, 15 MiB/18 MiB CGO alloc/total, 69.7 CGO/sec, 0.6/0.3 %(u/s)time, 0.0 %gc (0x), 832 B/696 B (r/w)net
I200512 19:26:24.986531 214 server/status/runtime.go:498  [n1] runtime stats: 137 MiB RSS, 117 goroutines, 118 MiB/5.9 MiB/135 MiB GO alloc/idle/total, 15 MiB/18 MiB CGO alloc/total, 62.6 CGO/sec, 0.6/0.1 %(u/s)time, 0.0 %gc (0x), 140 B/0 B (r/w)net
I200512 19:26:34.986799 214 server/status/runtime.go:498  [n1] runtime stats: 141 MiB RSS, 118 goroutines, 85 MiB/34 MiB/135 MiB GO alloc/idle/total, 15 MiB/18 MiB CGO alloc/total, 49.2 CGO/sec, 0.6/0.2 %(u/s)time, 0.0 %gc (1x), 0 B/0 B (r/w)net
I200512 19:26:38.661127 1 cli/start.go:865  received signal 'terminated'
I200512 19:26:38.661619 1 cli/start.go:930  initiating graceful shutdown of server
I200512 19:26:38.687376 1021 util/stop/stopper.go:542  [server drain process] quiescing; tasks left:
1      [async] stats.Refresher: maybeRefreshStats
1      [async] intent_resolver_ir_batcher
1      [async] intent_resolver_gc_batcher
1      [async] closedts-rangefeed-subscriber
W200512 19:26:38.687647 35 vendor/google.golang.org/grpc/clientconn.go:1206  grpc: addrConn.createTransport failed to connect to {d5aece8bbbe8:26257 0  <nil>}. Err :connection error: desc = "transport: failed to write client preface: io: read/write on closed pipe". Reconnecting...
I200512 19:26:38.688495 1021 storage/engine/rocksdb.go:762  closing rocksdb instance at "/var/lib/cockroach/cockroach-temp575280774"
I200512 19:26:38.701578 1021 storage/engine/rocksdb.go:762  closing rocksdb instance at "/var/lib/cockroach"
I200512 19:26:38.709965 1 cli/start.go:976  server drained and shutdown completed
