I200512 19:23:38.022660 1 util/log/clog.go:1196  [config] file created at: 2020/05/12 19:23:38
I200512 19:23:38.022660 1 util/log/clog.go:1196  [config] running on machine: cee7d0c69da8
I200512 19:23:38.022660 1 util/log/clog.go:1196  [config] binary: CockroachDB CCL v19.2.5 (x86_64-unknown-linux-gnu, built 2020/03/16 18:27:12, go1.12.12)
I200512 19:23:38.022660 1 util/log/clog.go:1196  [config] arguments: [/cockroach/cockroach start --insecure --store=attrs=ssd,path=/var/lib/cockroach/]
I200512 19:23:38.022660 1 util/log/clog.go:1196  line format: [IWEF]yymmdd hh:mm:ss.uuuuuu goid file:line msg utf8=✓
I200512 19:23:38.022659 1 cli/start.go:1144  logging to directory /var/lib/cockroach/logs
W200512 19:23:38.028721 1 cli/start.go:1182  RUNNING IN INSECURE MODE!

- Your cluster is open for any client that can access <all your IP addresses>.
- Any user, even root, can log in without providing a password.
- Any user, connecting as root, can read or write any data in your cluster.
- There is no network encryption nor authentication, and thus no confidentiality.

Check out how to secure your cluster: https://www.cockroachlabs.com/docs/v19.2/secure-a-cluster.html
I200512 19:23:38.028951 1 server/status/recorder.go:597  available memory from cgroups (8.0 EiB) is unsupported, using system memory 1.9 GiB instead: 
W200512 19:23:38.029003 1 cli/start.go:1052  Using the default setting for --cache (128 MiB).
  A significantly larger value is usually needed for good performance.
  If you have a dedicated server a reasonable setting is --cache=.25 (497 MiB).
I200512 19:23:38.029618 1 server/status/recorder.go:597  available memory from cgroups (8.0 EiB) is unsupported, using system memory 1.9 GiB instead: 
W200512 19:23:38.029630 1 cli/start.go:1065  Using the default setting for --max-sql-memory (128 MiB).
  A significantly larger value is usually needed in production.
  If you have a dedicated server a reasonable setting is --max-sql-memory=.25 (497 MiB).
I200512 19:23:38.029750 1 server/status/recorder.go:597  available memory from cgroups (8.0 EiB) is unsupported, using system memory 1.9 GiB instead: 
I200512 19:23:38.029759 1 cli/start.go:1196  CockroachDB CCL v19.2.5 (x86_64-unknown-linux-gnu, built 2020/03/16 18:27:12, go1.12.12)
W200512 19:23:38.288543 1 cli/start.go:511  running 'cockroach start' without --join is deprecated.
Consider using 'cockroach start-single-node' or 'cockroach init' instead.
I200512 19:23:38.297985 1 server/status/recorder.go:597  available memory from cgroups (8.0 EiB) is unsupported, using system memory 1.9 GiB instead: 
I200512 19:23:38.298003 1 server/config.go:394  system total memory: 1.9 GiB
I200512 19:23:38.298029 1 server/config.go:396  server configuration:
max offset             500000000
cache size             128 MiB
SQL memory pool size   128 MiB
scan interval          10m0s
scan min idle time     10ms
scan max idle time     1s
event log enabled      true
I200512 19:23:38.298039 1 cli/start.go:1030  using local environment variables: COCKROACH_CHANNEL=official-docker
I200512 19:23:38.298047 1 cli/start.go:1037  process identity: uid 0 euid 0 gid 0 egid 0
I200512 19:23:38.298081 1 cli/start.go:644  starting cockroach node
I200512 19:23:38.306650 32 storage/engine/rocksdb.go:622  opening rocksdb instance at "/var/lib/cockroach/cockroach-temp375228986"
I200512 19:23:38.426192 32 server/server.go:928  [n?] monitoring forward clock jumps based on server.clock.forward_jump_check_enabled
I200512 19:23:38.426929 32 storage/engine/rocksdb.go:622  opening rocksdb instance at "/var/lib/cockroach"
I200512 19:23:38.616069 32 server/config.go:502  [n?] 1 storage engine initialized
I200512 19:23:38.616076 32 server/config.go:505  [n?] RocksDB cache size: 128 MiB
I200512 19:23:38.616080 32 server/config.go:505  [n?] store 0: RocksDB, max size 0 B, max open file limit 1043576
W200512 19:23:38.665745 32 cli/start.go:996  neither --listen-addr nor --advertise-addr was specified.
The server will advertise "cee7d0c69da8" to other nodes, is this routable?

Consider using:
- for local-only servers:  --listen-addr=localhost
- for multi-node clusters: --advertise-addr=<host/IP addr>
I200512 19:23:38.669894 32 server/server.go:978  [n?] Sleeping till wall time 1589311418669868699 to catches up to 1589311418926160502 to ensure monotonicity. Delta: 256.291803ms
I200512 19:23:38.927075 32 gossip/gossip.go:394  [n1] NodeDescriptor set to node_id:1 address:<network_field:"tcp" address_field:"cee7d0c69da8:26257" > attrs:<> locality:<> ServerVersion:<major_val:19 minor_val:2 patch:0 unstable:0 > build_tag:"v19.2.5" started_at:1589311418926987498 cluster_name:"" sql_address:<network_field:"tcp" address_field:"cee7d0c69da8:26257" > 
W200512 19:23:38.952106 102 storage/replica_range_lease.go:554  can't determine lease status due to node liveness error: node not in the liveness table
github.com/cockroachdb/cockroach/pkg/storage.init.ializers
	/go/src/github.com/cockroachdb/cockroach/pkg/storage/node_liveness.go:44
runtime.main
	/usr/local/go/src/runtime/proc.go:188
runtime.goexit
	/usr/local/go/src/runtime/asm_amd64.s:1337
W200512 19:23:38.952132 102 storage/store.go:1530  [n1,s1,r6/1:/Table/{SystemCon…-11}] could not gossip system config: [NotLeaseHolderError] r6: replica (n1,s1):1 not lease holder; lease holder unknown
I200512 19:23:39.033538 32 server/node.go:431  [n1] initialized store [n1,s1]: disk (capacity=894 GiB, available=593 GiB, used=12 MiB, logicalBytes=56 MiB), ranges=38, leases=2, queries=0.00, writes=0.00, bytesPerReplica={p10=0.00 p25=0.00 p50=0.00 p75=13779.00 p90=103757.00 pMax=41784691.00}, writesPerReplica={p10=0.00 p25=0.00 p50=0.00 p75=0.00 p90=0.00 pMax=0.00}
I200512 19:23:39.033621 32 storage/stores.go:240  [n1] read 0 node addresses from persistent storage
I200512 19:23:39.033688 32 server/node.go:645  [n1] connecting to gossip network to verify cluster ID...
I200512 19:23:39.033701 32 server/node.go:665  [n1] node connected via gossip and verified as part of cluster "3d423bb5-5d67-4ebf-947b-999bec430444"
I200512 19:23:39.033786 32 server/node.go:512  [n1] node=1: started with [ssd=/var/lib/cockroach] engine(s) and attributes []
I200512 19:23:39.050595 32 server/server.go:1514  [n1] starting http server at [::]:8080 (use: cee7d0c69da8:8080)
I200512 19:23:39.050607 32 server/server.go:1521  [n1] starting grpc/postgres server at [::]:26257
I200512 19:23:39.050616 32 server/server.go:1522  [n1] advertising CockroachDB node at cee7d0c69da8:26257
I200512 19:23:39.058517 140 storage/node_liveness.go:474  [n1,liveness-hb] heartbeat failed on epoch increment; retrying
I200512 19:23:39.059786 32 server/server.go:1590  [n1] done ensuring all necessary migrations have run
I200512 19:23:39.059806 32 server/server.go:1841  [n1] serving sql connections
I200512 19:23:39.059858 32 cli/start.go:803  [config] clusterID: 3d423bb5-5d67-4ebf-947b-999bec430444
I200512 19:23:39.059869 32 cli/start.go:812  node startup completed:
CockroachDB node starting at 2020-05-12 19:23:39.059817997 +0000 UTC (took 1.1s)
build:               CCL v19.2.5 @ 2020/03/16 18:27:12 (go1.12.12)
webui:               http://cee7d0c69da8:8080
sql:                 postgresql://root@cee7d0c69da8:26257?sslmode=disable
RPC client flags:    /cockroach/cockroach <client cmd> --host=cee7d0c69da8:26257 --insecure
logs:                /var/lib/cockroach/logs
temp dir:            /var/lib/cockroach/cockroach-temp375228986
external I/O path:   /var/lib/cockroach/extern
store[0]:            path=/var/lib/cockroach,attrs=ssd
status:              restarted pre-existing node
clusterID:           3d423bb5-5d67-4ebf-947b-999bec430444
nodeID:              1
I200512 19:23:39.066345 170 server/server_update.go:50  [n1] failed attempt to upgrade cluster version, error: node 1 not running (UNAVAILABLE), cannot determine version
I200512 19:23:39.078811 91 storage/queue.go:577  [n1,s1,r7/1:/Table/1{1-2}] rate limited in MaybeAdd (merge): throttled on async limiting semaphore
I200512 19:23:39.084687 172 sql/event_log.go:130  [n1] Event: "node_restart", target: 1, info: {Descriptor:{NodeID:1 Address:cee7d0c69da8:26257 Attrs: Locality: ServerVersion:19.2 BuildTag:v19.2.5 StartedAt:1589311418926987498 LocalityAddress:[] ClusterName: SQLAddress:cee7d0c69da8:26257} ClusterID:3d423bb5-5d67-4ebf-947b-999bec430444 StartedAt:1589311418926987498 LastUp:1589311374447361045}
I200512 19:23:39.964281 170 server/server_update.go:53  [n1] no need to upgrade, cluster already at the newest version
I200512 19:23:41.013053 45 gossip/gossip.go:1531  [n1] node has connected to cluster via gossip
I200512 19:23:41.013128 45 storage/stores.go:259  [n1] wrote 0 node addresses to persistent storage
I200512 19:23:49.055509 134 server/status/runtime.go:498  [n1] runtime stats: 103 MiB RSS, 117 goroutines, 87 MiB/37 MiB/130 MiB GO alloc/idle/total, 15 MiB/17 MiB CGO alloc/total, 0.0 CGO/sec, 0.0/0.0 %(u/s)time, 0.0 %gc (9x), 11 KiB/15 KiB (r/w)net
I200512 19:23:59.038065 129 storage/store.go:2364  [n1,s1] sstables (read amplification = 1):
6 [ 7M 2 ]: 4M 3M
I200512 19:23:59.038140 129 storage/store.go:2365  [n1,s1] 
** Compaction Stats [default] **
Level    Files   Size     Score Read(GB)  Rn(GB) Rnp1(GB) Write(GB) Wnew(GB) Moved(GB) W-Amp Rd(MB/s) Wr(MB/s) Comp(sec) CompMergeCPU(sec) Comp(cnt) Avg(sec) KeyIn KeyDrop
----------------------------------------------------------------------------------------------------------------------------------------------------------------------------
  L0      0/0    0.00 KB   0.0      0.0     0.0      0.0       0.0      0.0       0.0   1.0      0.0      2.1      0.06              0.00         1    0.055       0      0
  L6      2/0    7.01 MB   0.0      0.0     0.0      0.0       0.0      0.0       0.0  40.9     36.8     36.3      0.19              0.08         1    0.193     31K   3152
 Sum      2/0    7.01 MB   0.0      0.0     0.0      0.0       0.0      0.0       0.0  61.9     28.6     28.7      0.25              0.08         2    0.124     31K   3152
 Int      0/0    0.00 KB   0.0      0.0     0.0      0.0       0.0      0.0       0.0  61.9     28.6     28.7      0.25              0.08         2    0.124     31K   3152

** Compaction Stats [default] **
Priority    Files   Size     Score Read(GB)  Rn(GB) Rnp1(GB) Write(GB) Wnew(GB) Moved(GB) W-Amp Rd(MB/s) Wr(MB/s) Comp(sec) CompMergeCPU(sec) Comp(cnt) Avg(sec) KeyIn KeyDrop
-------------------------------------------------------------------------------------------------------------------------------------------------------------------------------
 Low      0/0    0.00 KB   0.0      0.0     0.0      0.0       0.0      0.0       0.0   0.0     36.8     36.3      0.19              0.08         1    0.193     31K   3152
User      0/0    0.00 KB   0.0      0.0     0.0      0.0       0.0      0.0       0.0   0.0      0.0      2.1      0.06              0.00         1    0.055       0      0
Uptime(secs): 20.6 total, 20.6 interval
Flush(GB): cumulative 0.000, interval 0.000
AddFile(GB): cumulative 0.000, interval 0.000
AddFile(Total Files): cumulative 0, interval 0
AddFile(L0 Files): cumulative 0, interval 0
AddFile(Keys): cumulative 0, interval 0
Cumulative compaction: 0.01 GB write, 0.35 MB/s write, 0.01 GB read, 0.34 MB/s read, 0.2 seconds
Interval compaction: 0.01 GB write, 0.35 MB/s write, 0.01 GB read, 0.34 MB/s read, 0.2 seconds
Stalls(count): 0 level0_slowdown, 0 level0_slowdown_with_compaction, 0 level0_numfiles, 0 level0_numfiles_with_compaction, 0 stop for pending_compaction_bytes, 0 slowdown for pending_compaction_bytes, 0 memtable_compaction, 0 memtable_slowdown, interval 0 total count
estimated_pending_compaction_bytes: 0 B
I200512 19:23:59.055579 134 server/status/runtime.go:498  [n1] runtime stats: 110 MiB RSS, 117 goroutines, 96 MiB/28 MiB/135 MiB GO alloc/idle/total, 15 MiB/17 MiB CGO alloc/total, 61.6 CGO/sec, 0.6/0.3 %(u/s)time, 0.0 %gc (0x), 140 B/0 B (r/w)net
I200512 19:24:03.350809 1 cli/start.go:865  received signal 'terminated'
I200512 19:24:03.351138 1 cli/start.go:930  initiating graceful shutdown of server
I200512 19:24:03.369630 678 util/stop/stopper.go:542  [server drain process] quiescing; tasks left:
1      [async] intent_resolver_ir_batcher
1      [async] intent_resolver_gc_batcher
1      [async] closedts-rangefeed-subscriber
I200512 19:24:03.375499 678 util/stop/stopper.go:542  [server drain process] quiescing; tasks left:
1      [async] intent_resolver_gc_batcher
1      [async] closedts-rangefeed-subscriber
I200512 19:24:03.375732 678 util/stop/stopper.go:542  [server drain process] quiescing; tasks left:
1      [async] closedts-rangefeed-subscriber
I200512 19:24:03.376653 678 storage/engine/rocksdb.go:762  closing rocksdb instance at "/var/lib/cockroach/cockroach-temp375228986"
I200512 19:24:03.391840 678 storage/engine/rocksdb.go:762  closing rocksdb instance at "/var/lib/cockroach"
I200512 19:24:03.399621 1 cli/start.go:976  server drained and shutdown completed
