I200512 19:36:10.957134 16 util/log/clog.go:1196  [config] file created at: 2020/05/12 19:36:10
I200512 19:36:10.957134 16 util/log/clog.go:1196  [config] running on machine: 42b05008e05c
I200512 19:36:10.957134 16 util/log/clog.go:1196  [config] binary: CockroachDB CCL v19.2.5 (x86_64-unknown-linux-gnu, built 2020/03/16 18:27:12, go1.12.12)
I200512 19:36:10.957134 16 util/log/clog.go:1196  [config] arguments: [/cockroach/cockroach start --insecure --store=attrs=ssd,path=/var/lib/cockroach/]
I200512 19:36:10.957134 16 util/log/clog.go:1196  line format: [IWEF]yymmdd hh:mm:ss.uuuuuu goid file:line msg utf8=✓
I200512 19:36:10.957133 16 storage/engine/rocksdb.go:120  RocksDB version: 6.2.1
I200512 19:36:10.965744 16 storage/engine/rocksdb.go:120  Git sha rocksdb_build_git_sha:@b7009236531fa784872f4823eabf393501e41bf2@
I200512 19:36:11.071920 16 storage/engine/rocksdb.go:120  Compile date Mar 16 2020
I200512 19:36:11.071924 16 storage/engine/rocksdb.go:120  DB SUMMARY
I200512 19:36:11.073176 16 storage/engine/rocksdb.go:120  SST files in /var/lib/cockroach/cockroach-temp158713136 dir, Total Num: 0, files: 
I200512 19:36:11.073180 16 storage/engine/rocksdb.go:120  Write Ahead Log file in /var/lib/cockroach/cockroach-temp158713136: 
I200512 19:36:11.073184 16 storage/engine/rocksdb.go:120                          Options.error_if_exists: 0
I200512 19:36:11.073187 16 storage/engine/rocksdb.go:120                        Options.create_if_missing: 1
I200512 19:36:11.073189 16 storage/engine/rocksdb.go:120                          Options.paranoid_checks: 1
I200512 19:36:11.073192 16 storage/engine/rocksdb.go:120                                      Options.env: 0x75757a0
I200512 19:36:11.073195 16 storage/engine/rocksdb.go:120                                 Options.info_log: 0x7facf88270e0
I200512 19:36:11.073235 16 storage/engine/rocksdb.go:120                 Options.max_file_opening_threads: 16
I200512 19:36:11.073241 16 storage/engine/rocksdb.go:120                               Options.statistics: 0x7facf8834010
I200512 19:36:11.073245 16 storage/engine/rocksdb.go:120                                Options.use_fsync: 0
I200512 19:36:11.073248 16 storage/engine/rocksdb.go:120                        Options.max_log_file_size: 0
I200512 19:36:11.073251 16 storage/engine/rocksdb.go:120                   Options.max_manifest_file_size: 134217728
I200512 19:36:11.073254 16 storage/engine/rocksdb.go:120                    Options.log_file_time_to_roll: 0
I200512 19:36:11.073256 16 storage/engine/rocksdb.go:120                        Options.keep_log_file_num: 1000
I200512 19:36:11.073259 16 storage/engine/rocksdb.go:120                     Options.recycle_log_file_num: 1
I200512 19:36:11.073262 16 storage/engine/rocksdb.go:120                          Options.allow_fallocate: 1
I200512 19:36:11.073264 16 storage/engine/rocksdb.go:120                         Options.allow_mmap_reads: 0
I200512 19:36:11.073267 16 storage/engine/rocksdb.go:120                        Options.allow_mmap_writes: 0
I200512 19:36:11.073270 16 storage/engine/rocksdb.go:120                         Options.use_direct_reads: 0
I200512 19:36:11.073272 16 storage/engine/rocksdb.go:120                         Options.use_direct_io_for_flush_and_compaction: 0
I200512 19:36:11.073275 16 storage/engine/rocksdb.go:120           Options.create_missing_column_families: 0
I200512 19:36:11.073278 16 storage/engine/rocksdb.go:120                               Options.db_log_dir: 
I200512 19:36:11.073281 16 storage/engine/rocksdb.go:120                                  Options.wal_dir: /var/lib/cockroach/cockroach-temp158713136
I200512 19:36:11.073284 16 storage/engine/rocksdb.go:120                 Options.table_cache_numshardbits: 6
I200512 19:36:11.073286 16 storage/engine/rocksdb.go:120                       Options.max_subcompactions: 1
I200512 19:36:11.073289 16 storage/engine/rocksdb.go:120                   Options.max_background_flushes: -1
I200512 19:36:11.073291 16 storage/engine/rocksdb.go:120                          Options.WAL_ttl_seconds: 0
I200512 19:36:11.073294 16 storage/engine/rocksdb.go:120                        Options.WAL_size_limit_MB: 0
I200512 19:36:11.073297 16 storage/engine/rocksdb.go:120              Options.manifest_preallocation_size: 4194304
I200512 19:36:11.073299 16 storage/engine/rocksdb.go:120                      Options.is_fd_close_on_exec: 1
I200512 19:36:11.073302 16 storage/engine/rocksdb.go:120                    Options.advise_random_on_open: 1
I200512 19:36:11.073304 16 storage/engine/rocksdb.go:120                     Options.db_write_buffer_size: 0
I200512 19:36:11.073307 16 storage/engine/rocksdb.go:120                     Options.write_buffer_manager: 0x7facf88190f0
I200512 19:36:11.073309 16 storage/engine/rocksdb.go:120          Options.access_hint_on_compaction_start: 1
I200512 19:36:11.073312 16 storage/engine/rocksdb.go:120   Options.new_table_reader_for_compaction_inputs: 0
I200512 19:36:11.073314 16 storage/engine/rocksdb.go:120            Options.random_access_max_buffer_size: 1048576
I200512 19:36:11.073317 16 storage/engine/rocksdb.go:120                       Options.use_adaptive_mutex: 0
I200512 19:36:11.073320 16 storage/engine/rocksdb.go:120                             Options.rate_limiter: (nil)
I200512 19:36:11.073323 16 storage/engine/rocksdb.go:120      Options.sst_file_manager.rate_bytes_per_sec: 0
I200512 19:36:11.073325 16 storage/engine/rocksdb.go:120                        Options.wal_recovery_mode: 0
I200512 19:36:11.073328 16 storage/engine/rocksdb.go:120                   Options.enable_thread_tracking: 0
I200512 19:36:11.073330 16 storage/engine/rocksdb.go:120                   Options.enable_pipelined_write: 0
I200512 19:36:11.073333 16 storage/engine/rocksdb.go:120          Options.allow_concurrent_memtable_write: 1
I200512 19:36:11.073336 16 storage/engine/rocksdb.go:120       Options.enable_write_thread_adaptive_yield: 1
I200512 19:36:11.073338 16 storage/engine/rocksdb.go:120              Options.write_thread_max_yield_usec: 100
I200512 19:36:11.073341 16 storage/engine/rocksdb.go:120             Options.write_thread_slow_yield_usec: 3
I200512 19:36:11.073343 16 storage/engine/rocksdb.go:120                                Options.row_cache: None
I200512 19:36:11.073346 16 storage/engine/rocksdb.go:120                               Options.wal_filter: None
I200512 19:36:11.073349 16 storage/engine/rocksdb.go:120              Options.avoid_flush_during_recovery: 0
I200512 19:36:11.073351 16 storage/engine/rocksdb.go:120              Options.allow_ingest_behind: 0
I200512 19:36:11.073354 16 storage/engine/rocksdb.go:120              Options.preserve_deletes: 0
I200512 19:36:11.073357 16 storage/engine/rocksdb.go:120              Options.two_write_queues: 0
I200512 19:36:11.073359 16 storage/engine/rocksdb.go:120              Options.manual_wal_flush: 1
I200512 19:36:11.073362 16 storage/engine/rocksdb.go:120              Options.atomic_flush: 0
I200512 19:36:11.073364 16 storage/engine/rocksdb.go:120              Options.avoid_unnecessary_blocking_io: 0
I200512 19:36:11.073367 16 storage/engine/rocksdb.go:120              Options.max_background_jobs: 2
I200512 19:36:11.073370 16 storage/engine/rocksdb.go:120              Options.max_background_compactions: -1
I200512 19:36:11.073372 16 storage/engine/rocksdb.go:120              Options.avoid_flush_during_shutdown: 0
I200512 19:36:11.073375 16 storage/engine/rocksdb.go:120            Options.writable_file_max_buffer_size: 1048576
I200512 19:36:11.073378 16 storage/engine/rocksdb.go:120              Options.delayed_write_rate : 16777216
I200512 19:36:11.073380 16 storage/engine/rocksdb.go:120              Options.max_total_wal_size: 0
I200512 19:36:11.073383 16 storage/engine/rocksdb.go:120              Options.delete_obsolete_files_period_micros: 21600000000
I200512 19:36:11.073385 16 storage/engine/rocksdb.go:120                    Options.stats_dump_period_sec: 0
I200512 19:36:11.073388 16 storage/engine/rocksdb.go:120                  Options.stats_persist_period_sec: 600
I200512 19:36:11.073391 16 storage/engine/rocksdb.go:120                  Options.stats_history_buffer_size: 1048576
I200512 19:36:11.073393 16 storage/engine/rocksdb.go:120                           Options.max_open_files: 128
I200512 19:36:11.073396 16 storage/engine/rocksdb.go:120                           Options.bytes_per_sync: 524288
I200512 19:36:11.073398 16 storage/engine/rocksdb.go:120                       Options.wal_bytes_per_sync: 0
I200512 19:36:11.073401 16 storage/engine/rocksdb.go:120                    Options.strict_bytes_per_sync: 1
I200512 19:36:11.073403 16 storage/engine/rocksdb.go:120        Options.compaction_readahead_size: 0
I200512 19:36:11.073406 16 storage/engine/rocksdb.go:120  Compression algorithms supported:
I200512 19:36:11.073409 16 storage/engine/rocksdb.go:120  	kZSTDNotFinalCompression supported: 0
I200512 19:36:11.073412 16 storage/engine/rocksdb.go:120  	kZSTD supported: 0
I200512 19:36:11.073415 16 storage/engine/rocksdb.go:120  	kXpressCompression supported: 0
I200512 19:36:11.073417 16 storage/engine/rocksdb.go:120  	kLZ4HCCompression supported: 0
I200512 19:36:11.073420 16 storage/engine/rocksdb.go:120  	kLZ4Compression supported: 0
I200512 19:36:11.073423 16 storage/engine/rocksdb.go:120  	kBZip2Compression supported: 0
I200512 19:36:11.073425 16 storage/engine/rocksdb.go:120  	kZlibCompression supported: 0
I200512 19:36:11.073461 16 storage/engine/rocksdb.go:120  	kSnappyCompression supported: 1
I200512 19:36:11.073477 16 storage/engine/rocksdb.go:120  Fast CRC32 supported: Supported on x86
I200512 19:36:11.092966 16 storage/engine/rocksdb.go:120  [db/db_impl_open.cc:242] Creating manifest 1 
I200512 19:36:11.112700 16 storage/engine/rocksdb.go:120  [db/version_set.cc:4072] Recovering from manifest file: /var/lib/cockroach/cockroach-temp158713136/MANIFEST-000001
I200512 19:36:11.114184 16 storage/engine/rocksdb.go:120  [db/column_family.cc:488] --------------- Options for column family [default]:
I200512 19:36:11.114189 16 storage/engine/rocksdb.go:120                Options.comparator: cockroach_comparator
I200512 19:36:11.114192 16 storage/engine/rocksdb.go:120            Options.merge_operator: cockroach_merge_operator
I200512 19:36:11.114200 16 storage/engine/rocksdb.go:120         Options.compaction_filter: None
I200512 19:36:11.114203 16 storage/engine/rocksdb.go:120         Options.compaction_filter_factory: None
I200512 19:36:11.114206 16 storage/engine/rocksdb.go:120          Options.memtable_factory: SkipListFactory
I200512 19:36:11.114208 16 storage/engine/rocksdb.go:120             Options.table_factory: BlockBasedTable
I200512 19:36:11.114282 16 storage/engine/rocksdb.go:120             table_factory options:   flush_block_policy_factory: FlushBlockBySizePolicyFactory (0x7facf8828030)
  cache_index_and_filter_blocks: 0
  cache_index_and_filter_blocks_with_high_priority: 0
  pin_l0_filter_and_index_blocks_in_cache: 0
  pin_top_level_index_and_filter: 1
  index_type: 0
  data_block_index_type: 0
  index_shortening: 1
  data_block_hash_table_util_ratio: 0.750000
  hash_index_allow_collision: 1
  checksum: 1
  no_block_cache: 0
  block_cache: 0x7facf881c010
  block_cache_name: LRUCache
  block_cache_options:
    capacity : 1048576
    num_shard_bits : 4
    strict_capacity_limit : 0
    memory_allocator : None
    high_pri_pool_ratio: 0.000
  block_cache_compressed: (nil)
  persistent_cache: (nil)
  block_size: 32768
  block_size_deviation: 10
  block_restart_interval: 16
  index_block_restart_interval: 1
  metadata_block_size: 4096
  partition_filters: 0
  use_delta_encoding: 1
  filter_policy: rocksdb.BuiltinBloomFilter
  whole_key_filtering: 0
  verify_compression: 0
  read_amp_bytes_per_bit: 0
  format_version: 2
  enable_index_compression: 1
  block_align: 0
I200512 19:36:11.114286 16 storage/engine/rocksdb.go:120         Options.write_buffer_size: 67108864
I200512 19:36:11.114290 16 storage/engine/rocksdb.go:120   Options.max_write_buffer_number: 4
I200512 19:36:11.114293 16 storage/engine/rocksdb.go:120           Options.compression: Snappy
I200512 19:36:11.114296 16 storage/engine/rocksdb.go:120                   Options.bottommost_compression: Disabled
I200512 19:36:11.114299 16 storage/engine/rocksdb.go:120        Options.prefix_extractor: cockroach_prefix_extractor
I200512 19:36:11.114301 16 storage/engine/rocksdb.go:120    Options.memtable_insert_with_hint_prefix_extractor: nullptr
I200512 19:36:11.114304 16 storage/engine/rocksdb.go:120              Options.num_levels: 7
I200512 19:36:11.114306 16 storage/engine/rocksdb.go:120         Options.min_write_buffer_number_to_merge: 1
I200512 19:36:11.114309 16 storage/engine/rocksdb.go:120      Options.max_write_buffer_number_to_maintain: 0
I200512 19:36:11.114311 16 storage/engine/rocksdb.go:120             Options.bottommost_compression_opts.window_bits: -14
I200512 19:36:11.114314 16 storage/engine/rocksdb.go:120                   Options.bottommost_compression_opts.level: 32767
I200512 19:36:11.114317 16 storage/engine/rocksdb.go:120                Options.bottommost_compression_opts.strategy: 0
I200512 19:36:11.114320 16 storage/engine/rocksdb.go:120          Options.bottommost_compression_opts.max_dict_bytes: 0
I200512 19:36:11.114322 16 storage/engine/rocksdb.go:120          Options.bottommost_compression_opts.zstd_max_train_bytes: 0
I200512 19:36:11.114325 16 storage/engine/rocksdb.go:120                   Options.bottommost_compression_opts.enabled: false
I200512 19:36:11.114328 16 storage/engine/rocksdb.go:120             Options.compression_opts.window_bits: -14
I200512 19:36:11.114330 16 storage/engine/rocksdb.go:120                   Options.compression_opts.level: 32767
I200512 19:36:11.114333 16 storage/engine/rocksdb.go:120                Options.compression_opts.strategy: 0
I200512 19:36:11.114336 16 storage/engine/rocksdb.go:120          Options.compression_opts.max_dict_bytes: 0
I200512 19:36:11.114338 16 storage/engine/rocksdb.go:120          Options.compression_opts.zstd_max_train_bytes: 0
I200512 19:36:11.114341 16 storage/engine/rocksdb.go:120                   Options.compression_opts.enabled: false
I200512 19:36:11.114344 16 storage/engine/rocksdb.go:120       Options.level0_file_num_compaction_trigger: 2
I200512 19:36:11.114346 16 storage/engine/rocksdb.go:120           Options.level0_slowdown_writes_trigger: 950
I200512 19:36:11.114349 16 storage/engine/rocksdb.go:120               Options.level0_stop_writes_trigger: 1000
I200512 19:36:11.114352 16 storage/engine/rocksdb.go:120                    Options.target_file_size_base: 4194304
I200512 19:36:11.114354 16 storage/engine/rocksdb.go:120              Options.target_file_size_multiplier: 2
I200512 19:36:11.114357 16 storage/engine/rocksdb.go:120                 Options.max_bytes_for_level_base: 67108864
I200512 19:36:11.114359 16 storage/engine/rocksdb.go:120  Options.level_compaction_dynamic_level_bytes: 1
I200512 19:36:11.114363 16 storage/engine/rocksdb.go:120           Options.max_bytes_for_level_multiplier: 10.000000
I200512 19:36:11.114365 16 storage/engine/rocksdb.go:120  Options.max_bytes_for_level_multiplier_addtl[0]: 1
I200512 19:36:11.114368 16 storage/engine/rocksdb.go:120  Options.max_bytes_for_level_multiplier_addtl[1]: 1
I200512 19:36:11.114370 16 storage/engine/rocksdb.go:120  Options.max_bytes_for_level_multiplier_addtl[2]: 1
I200512 19:36:11.114373 16 storage/engine/rocksdb.go:120  Options.max_bytes_for_level_multiplier_addtl[3]: 1
I200512 19:36:11.114376 16 storage/engine/rocksdb.go:120  Options.max_bytes_for_level_multiplier_addtl[4]: 1
I200512 19:36:11.114378 16 storage/engine/rocksdb.go:120  Options.max_bytes_for_level_multiplier_addtl[5]: 1
I200512 19:36:11.114381 16 storage/engine/rocksdb.go:120  Options.max_bytes_for_level_multiplier_addtl[6]: 1
I200512 19:36:11.114383 16 storage/engine/rocksdb.go:120        Options.max_sequential_skip_in_iterations: 8
I200512 19:36:11.114386 16 storage/engine/rocksdb.go:120                     Options.max_compaction_bytes: 104857600
I200512 19:36:11.114388 16 storage/engine/rocksdb.go:120                         Options.arena_block_size: 8388608
I200512 19:36:11.114391 16 storage/engine/rocksdb.go:120    Options.soft_pending_compaction_bytes_limit: 2199023255552
I200512 19:36:11.114395 16 storage/engine/rocksdb.go:120    Options.hard_pending_compaction_bytes_limit: 4400193994752
I200512 19:36:11.114398 16 storage/engine/rocksdb.go:120        Options.rate_limit_delay_max_milliseconds: 100
I200512 19:36:11.114400 16 storage/engine/rocksdb.go:120                 Options.disable_auto_compactions: 0
I200512 19:36:11.114403 16 storage/engine/rocksdb.go:120                         Options.compaction_style: kCompactionStyleLevel
I200512 19:36:11.114406 16 storage/engine/rocksdb.go:120                           Options.compaction_pri: kMinOverlappingRatio
I200512 19:36:11.114409 16 storage/engine/rocksdb.go:120  Options.compaction_options_universal.size_ratio: 1
I200512 19:36:11.114412 16 storage/engine/rocksdb.go:120  Options.compaction_options_universal.min_merge_width: 2
I200512 19:36:11.114414 16 storage/engine/rocksdb.go:120  Options.compaction_options_universal.max_merge_width: 4294967295
I200512 19:36:11.114417 16 storage/engine/rocksdb.go:120  Options.compaction_options_universal.max_size_amplification_percent: 200
I200512 19:36:11.114419 16 storage/engine/rocksdb.go:120  Options.compaction_options_universal.compression_size_percent: -1
I200512 19:36:11.114423 16 storage/engine/rocksdb.go:120  Options.compaction_options_universal.stop_style: kCompactionStopStyleTotalSize
I200512 19:36:11.114425 16 storage/engine/rocksdb.go:120  Options.compaction_options_fifo.max_table_files_size: 1073741824
I200512 19:36:11.114440 16 storage/engine/rocksdb.go:120  Options.compaction_options_fifo.allow_compaction: 0
I200512 19:36:11.114447 16 storage/engine/rocksdb.go:120                    Options.table_properties_collectors: TimeBoundTblPropCollectorFactory; DeleteRangeTblPropCollectorFactory; 
I200512 19:36:11.114451 16 storage/engine/rocksdb.go:120                    Options.inplace_update_support: 0
I200512 19:36:11.114454 16 storage/engine/rocksdb.go:120                  Options.inplace_update_num_locks: 10000
I200512 19:36:11.114457 16 storage/engine/rocksdb.go:120                Options.memtable_prefix_bloom_size_ratio: 0.000000
I200512 19:36:11.114460 16 storage/engine/rocksdb.go:120                Options.memtable_whole_key_filtering: 0
I200512 19:36:11.114462 16 storage/engine/rocksdb.go:120    Options.memtable_huge_page_size: 0
I200512 19:36:11.114465 16 storage/engine/rocksdb.go:120                            Options.bloom_locality: 0
I200512 19:36:11.114468 16 storage/engine/rocksdb.go:120                     Options.max_successive_merges: 0
I200512 19:36:11.114470 16 storage/engine/rocksdb.go:120                 Options.optimize_filters_for_hits: 1
I200512 19:36:11.114473 16 storage/engine/rocksdb.go:120                 Options.paranoid_file_checks: 0
I200512 19:36:11.114479 16 storage/engine/rocksdb.go:120                 Options.force_consistency_checks: 0
I200512 19:36:11.114482 16 storage/engine/rocksdb.go:120                 Options.report_bg_io_stats: 0
I200512 19:36:11.114484 16 storage/engine/rocksdb.go:120                                Options.ttl: 0
I200512 19:36:11.114487 16 storage/engine/rocksdb.go:120           Options.periodic_compaction_seconds: 0
I200512 19:36:11.120835 16 storage/engine/rocksdb.go:120  [db/version_set.cc:4286] Recovered from manifest file:/var/lib/cockroach/cockroach-temp158713136/MANIFEST-000001 succeeded,manifest_file_number is 1, next_file_number is 3, last_sequence is 0, log_number is 0,prev_log_number is 0,max_column_family is 0,min_log_number_to_keep is 0
I200512 19:36:11.120866 16 storage/engine/rocksdb.go:120  [db/version_set.cc:4295] Column family [default] (ID 0), log number is 0
I200512 19:36:11.141407 16 storage/engine/rocksdb.go:120  DB pointer 0x7facf88a4000
I200512 19:36:11.158220 16 storage/engine/rocksdb.go:120  RocksDB version: 6.2.1
I200512 19:36:11.158243 16 storage/engine/rocksdb.go:120  Git sha rocksdb_build_git_sha:@b7009236531fa784872f4823eabf393501e41bf2@
I200512 19:36:11.158246 16 storage/engine/rocksdb.go:120  Compile date Mar 16 2020
I200512 19:36:11.158249 16 storage/engine/rocksdb.go:120  DB SUMMARY
I200512 19:36:11.159317 16 storage/engine/rocksdb.go:120  CURRENT file:  CURRENT
I200512 19:36:11.159321 16 storage/engine/rocksdb.go:120  IDENTITY file:  IDENTITY
I200512 19:36:11.159730 16 storage/engine/rocksdb.go:120  MANIFEST file:  MANIFEST-000261 size: 602 Bytes
I200512 19:36:11.159777 16 storage/engine/rocksdb.go:120  SST files in /var/lib/cockroach dir, Total Num: 2, files: 000265.sst 000266.sst 
I200512 19:36:11.159784 16 storage/engine/rocksdb.go:120  Write Ahead Log file in /var/lib/cockroach: 000262.log size: 468295 ; 
I200512 19:36:11.159789 16 storage/engine/rocksdb.go:120                          Options.error_if_exists: 0
I200512 19:36:11.159828 16 storage/engine/rocksdb.go:120                        Options.create_if_missing: 1
I200512 19:36:11.159831 16 storage/engine/rocksdb.go:120                          Options.paranoid_checks: 1
I200512 19:36:11.159834 16 storage/engine/rocksdb.go:120                                      Options.env: 0x75757a0
I200512 19:36:11.159837 16 storage/engine/rocksdb.go:120                                 Options.info_log: 0x7facf8827260
I200512 19:36:11.159840 16 storage/engine/rocksdb.go:120                 Options.max_file_opening_threads: 16
I200512 19:36:11.159842 16 storage/engine/rocksdb.go:120                               Options.statistics: 0x7facf8834080
I200512 19:36:11.159845 16 storage/engine/rocksdb.go:120                                Options.use_fsync: 0
I200512 19:36:11.159848 16 storage/engine/rocksdb.go:120                        Options.max_log_file_size: 0
I200512 19:36:11.159850 16 storage/engine/rocksdb.go:120                   Options.max_manifest_file_size: 134217728
I200512 19:36:11.159853 16 storage/engine/rocksdb.go:120                    Options.log_file_time_to_roll: 0
I200512 19:36:11.159893 16 storage/engine/rocksdb.go:120                        Options.keep_log_file_num: 1000
I200512 19:36:11.159900 16 storage/engine/rocksdb.go:120                     Options.recycle_log_file_num: 1
I200512 19:36:11.159903 16 storage/engine/rocksdb.go:120                          Options.allow_fallocate: 1
I200512 19:36:11.159905 16 storage/engine/rocksdb.go:120                         Options.allow_mmap_reads: 0
I200512 19:36:11.159908 16 storage/engine/rocksdb.go:120                        Options.allow_mmap_writes: 0
I200512 19:36:11.159911 16 storage/engine/rocksdb.go:120                         Options.use_direct_reads: 0
I200512 19:36:11.159913 16 storage/engine/rocksdb.go:120                         Options.use_direct_io_for_flush_and_compaction: 0
I200512 19:36:11.159916 16 storage/engine/rocksdb.go:120           Options.create_missing_column_families: 0
I200512 19:36:11.159918 16 storage/engine/rocksdb.go:120                               Options.db_log_dir: 
I200512 19:36:11.159921 16 storage/engine/rocksdb.go:120                                  Options.wal_dir: /var/lib/cockroach
I200512 19:36:11.159924 16 storage/engine/rocksdb.go:120                 Options.table_cache_numshardbits: 6
I200512 19:36:11.159985 16 storage/engine/rocksdb.go:120                       Options.max_subcompactions: 1
I200512 19:36:11.159992 16 storage/engine/rocksdb.go:120                   Options.max_background_flushes: -1
I200512 19:36:11.159995 16 storage/engine/rocksdb.go:120                          Options.WAL_ttl_seconds: 0
I200512 19:36:11.159998 16 storage/engine/rocksdb.go:120                        Options.WAL_size_limit_MB: 0
I200512 19:36:11.160001 16 storage/engine/rocksdb.go:120              Options.manifest_preallocation_size: 4194304
I200512 19:36:11.160004 16 storage/engine/rocksdb.go:120                      Options.is_fd_close_on_exec: 1
I200512 19:36:11.160006 16 storage/engine/rocksdb.go:120                    Options.advise_random_on_open: 1
I200512 19:36:11.160009 16 storage/engine/rocksdb.go:120                     Options.db_write_buffer_size: 0
I200512 19:36:11.160011 16 storage/engine/rocksdb.go:120                     Options.write_buffer_manager: 0x7facf8819090
I200512 19:36:11.160014 16 storage/engine/rocksdb.go:120          Options.access_hint_on_compaction_start: 1
I200512 19:36:11.160017 16 storage/engine/rocksdb.go:120   Options.new_table_reader_for_compaction_inputs: 0
I200512 19:36:11.160019 16 storage/engine/rocksdb.go:120            Options.random_access_max_buffer_size: 1048576
I200512 19:36:11.160022 16 storage/engine/rocksdb.go:120                       Options.use_adaptive_mutex: 0
I200512 19:36:11.160025 16 storage/engine/rocksdb.go:120                             Options.rate_limiter: (nil)
I200512 19:36:11.160029 16 storage/engine/rocksdb.go:120      Options.sst_file_manager.rate_bytes_per_sec: 0
I200512 19:36:11.160031 16 storage/engine/rocksdb.go:120                        Options.wal_recovery_mode: 0
I200512 19:36:11.160035 16 storage/engine/rocksdb.go:120                   Options.enable_thread_tracking: 0
I200512 19:36:11.160037 16 storage/engine/rocksdb.go:120                   Options.enable_pipelined_write: 0
I200512 19:36:11.160040 16 storage/engine/rocksdb.go:120          Options.allow_concurrent_memtable_write: 1
I200512 19:36:11.160042 16 storage/engine/rocksdb.go:120       Options.enable_write_thread_adaptive_yield: 1
I200512 19:36:11.160045 16 storage/engine/rocksdb.go:120              Options.write_thread_max_yield_usec: 100
I200512 19:36:11.160048 16 storage/engine/rocksdb.go:120             Options.write_thread_slow_yield_usec: 3
I200512 19:36:11.160050 16 storage/engine/rocksdb.go:120                                Options.row_cache: None
I200512 19:36:11.160053 16 storage/engine/rocksdb.go:120                               Options.wal_filter: None
I200512 19:36:11.160056 16 storage/engine/rocksdb.go:120              Options.avoid_flush_during_recovery: 0
I200512 19:36:11.160058 16 storage/engine/rocksdb.go:120              Options.allow_ingest_behind: 0
I200512 19:36:11.160061 16 storage/engine/rocksdb.go:120              Options.preserve_deletes: 0
I200512 19:36:11.160064 16 storage/engine/rocksdb.go:120              Options.two_write_queues: 0
I200512 19:36:11.160066 16 storage/engine/rocksdb.go:120              Options.manual_wal_flush: 1
I200512 19:36:11.160069 16 storage/engine/rocksdb.go:120              Options.atomic_flush: 0
I200512 19:36:11.160072 16 storage/engine/rocksdb.go:120              Options.avoid_unnecessary_blocking_io: 0
I200512 19:36:11.160074 16 storage/engine/rocksdb.go:120              Options.max_background_jobs: 2
I200512 19:36:11.160077 16 storage/engine/rocksdb.go:120              Options.max_background_compactions: -1
I200512 19:36:11.160079 16 storage/engine/rocksdb.go:120              Options.avoid_flush_during_shutdown: 0
I200512 19:36:11.160082 16 storage/engine/rocksdb.go:120            Options.writable_file_max_buffer_size: 1048576
I200512 19:36:11.160085 16 storage/engine/rocksdb.go:120              Options.delayed_write_rate : 16777216
I200512 19:36:11.160087 16 storage/engine/rocksdb.go:120              Options.max_total_wal_size: 0
I200512 19:36:11.160090 16 storage/engine/rocksdb.go:120              Options.delete_obsolete_files_period_micros: 21600000000
I200512 19:36:11.160092 16 storage/engine/rocksdb.go:120                    Options.stats_dump_period_sec: 0
I200512 19:36:11.160095 16 storage/engine/rocksdb.go:120                  Options.stats_persist_period_sec: 600
I200512 19:36:11.160097 16 storage/engine/rocksdb.go:120                  Options.stats_history_buffer_size: 1048576
I200512 19:36:11.160100 16 storage/engine/rocksdb.go:120                           Options.max_open_files: 1043576
I200512 19:36:11.160103 16 storage/engine/rocksdb.go:120                           Options.bytes_per_sync: 524288
I200512 19:36:11.160105 16 storage/engine/rocksdb.go:120                       Options.wal_bytes_per_sync: 0
I200512 19:36:11.160108 16 storage/engine/rocksdb.go:120                    Options.strict_bytes_per_sync: 1
I200512 19:36:11.160111 16 storage/engine/rocksdb.go:120        Options.compaction_readahead_size: 0
I200512 19:36:11.160113 16 storage/engine/rocksdb.go:120  Compression algorithms supported:
I200512 19:36:11.160116 16 storage/engine/rocksdb.go:120  	kZSTDNotFinalCompression supported: 0
I200512 19:36:11.160119 16 storage/engine/rocksdb.go:120  	kZSTD supported: 0
I200512 19:36:11.160122 16 storage/engine/rocksdb.go:120  	kXpressCompression supported: 0
I200512 19:36:11.160125 16 storage/engine/rocksdb.go:120  	kLZ4HCCompression supported: 0
I200512 19:36:11.160128 16 storage/engine/rocksdb.go:120  	kLZ4Compression supported: 0
I200512 19:36:11.160130 16 storage/engine/rocksdb.go:120  	kBZip2Compression supported: 0
I200512 19:36:11.160133 16 storage/engine/rocksdb.go:120  	kZlibCompression supported: 0
I200512 19:36:11.160136 16 storage/engine/rocksdb.go:120  	kSnappyCompression supported: 1
I200512 19:36:11.160142 16 storage/engine/rocksdb.go:120  Fast CRC32 supported: Supported on x86
I200512 19:36:11.162035 16 storage/engine/rocksdb.go:120  [db/version_set.cc:4072] Recovering from manifest file: /var/lib/cockroach/MANIFEST-000261
I200512 19:36:11.162528 16 storage/engine/rocksdb.go:120  [db/column_family.cc:488] --------------- Options for column family [default]:
I200512 19:36:11.162534 16 storage/engine/rocksdb.go:120                Options.comparator: cockroach_comparator
I200512 19:36:11.162537 16 storage/engine/rocksdb.go:120            Options.merge_operator: cockroach_merge_operator
I200512 19:36:11.162540 16 storage/engine/rocksdb.go:120         Options.compaction_filter: None
I200512 19:36:11.162543 16 storage/engine/rocksdb.go:120         Options.compaction_filter_factory: None
I200512 19:36:11.162546 16 storage/engine/rocksdb.go:120          Options.memtable_factory: SkipListFactory
I200512 19:36:11.162549 16 storage/engine/rocksdb.go:120             Options.table_factory: BlockBasedTable
I200512 19:36:11.162576 16 storage/engine/rocksdb.go:120             table_factory options:   flush_block_policy_factory: FlushBlockBySizePolicyFactory (0x7facf8828090)
  cache_index_and_filter_blocks: 0
  cache_index_and_filter_blocks_with_high_priority: 0
  pin_l0_filter_and_index_blocks_in_cache: 0
  pin_top_level_index_and_filter: 1
  index_type: 0
  data_block_index_type: 0
  index_shortening: 1
  data_block_hash_table_util_ratio: 0.750000
  hash_index_allow_collision: 1
  checksum: 1
  no_block_cache: 0
  block_cache: 0x7facf88bc210
  block_cache_name: LRUCache
  block_cache_options:
    capacity : 67108864
    num_shard_bits : 4
    strict_capacity_limit : 0
    memory_allocator : None
    high_pri_pool_ratio: 0.000
  block_cache_compressed: (nil)
  persistent_cache: (nil)
  block_size: 32768
  block_size_deviation: 10
  block_restart_interval: 16
  index_block_restart_interval: 1
  metadata_block_size: 4096
  partition_filters: 0
  use_delta_encoding: 1
  filter_policy: rocksdb.BuiltinBloomFilter
  whole_key_filtering: 0
  verify_compression: 0
  read_amp_bytes_per_bit: 0
  format_version: 2
  enable_index_compression: 1
  block_align: 0
I200512 19:36:11.162581 16 storage/engine/rocksdb.go:120         Options.write_buffer_size: 67108864
I200512 19:36:11.162585 16 storage/engine/rocksdb.go:120   Options.max_write_buffer_number: 4
I200512 19:36:11.162588 16 storage/engine/rocksdb.go:120           Options.compression: Snappy
I200512 19:36:11.162591 16 storage/engine/rocksdb.go:120                   Options.bottommost_compression: Disabled
I200512 19:36:11.162594 16 storage/engine/rocksdb.go:120        Options.prefix_extractor: cockroach_prefix_extractor
I200512 19:36:11.162597 16 storage/engine/rocksdb.go:120    Options.memtable_insert_with_hint_prefix_extractor: nullptr
I200512 19:36:11.162599 16 storage/engine/rocksdb.go:120              Options.num_levels: 7
I200512 19:36:11.162602 16 storage/engine/rocksdb.go:120         Options.min_write_buffer_number_to_merge: 1
I200512 19:36:11.162605 16 storage/engine/rocksdb.go:120      Options.max_write_buffer_number_to_maintain: 0
I200512 19:36:11.162607 16 storage/engine/rocksdb.go:120             Options.bottommost_compression_opts.window_bits: -14
I200512 19:36:11.162610 16 storage/engine/rocksdb.go:120                   Options.bottommost_compression_opts.level: 32767
I200512 19:36:11.162613 16 storage/engine/rocksdb.go:120                Options.bottommost_compression_opts.strategy: 0
I200512 19:36:11.162615 16 storage/engine/rocksdb.go:120          Options.bottommost_compression_opts.max_dict_bytes: 0
I200512 19:36:11.162618 16 storage/engine/rocksdb.go:120          Options.bottommost_compression_opts.zstd_max_train_bytes: 0
I200512 19:36:11.162621 16 storage/engine/rocksdb.go:120                   Options.bottommost_compression_opts.enabled: false
I200512 19:36:11.162624 16 storage/engine/rocksdb.go:120             Options.compression_opts.window_bits: -14
I200512 19:36:11.162627 16 storage/engine/rocksdb.go:120                   Options.compression_opts.level: 32767
I200512 19:36:11.162629 16 storage/engine/rocksdb.go:120                Options.compression_opts.strategy: 0
I200512 19:36:11.162632 16 storage/engine/rocksdb.go:120          Options.compression_opts.max_dict_bytes: 0
I200512 19:36:11.162634 16 storage/engine/rocksdb.go:120          Options.compression_opts.zstd_max_train_bytes: 0
I200512 19:36:11.162637 16 storage/engine/rocksdb.go:120                   Options.compression_opts.enabled: false
I200512 19:36:11.162640 16 storage/engine/rocksdb.go:120       Options.level0_file_num_compaction_trigger: 2
I200512 19:36:11.162643 16 storage/engine/rocksdb.go:120           Options.level0_slowdown_writes_trigger: 950
I200512 19:36:11.162646 16 storage/engine/rocksdb.go:120               Options.level0_stop_writes_trigger: 1000
I200512 19:36:11.162648 16 storage/engine/rocksdb.go:120                    Options.target_file_size_base: 4194304
I200512 19:36:11.162651 16 storage/engine/rocksdb.go:120              Options.target_file_size_multiplier: 2
I200512 19:36:11.162653 16 storage/engine/rocksdb.go:120                 Options.max_bytes_for_level_base: 67108864
I200512 19:36:11.162656 16 storage/engine/rocksdb.go:120  Options.level_compaction_dynamic_level_bytes: 1
I200512 19:36:11.162660 16 storage/engine/rocksdb.go:120           Options.max_bytes_for_level_multiplier: 10.000000
I200512 19:36:11.162662 16 storage/engine/rocksdb.go:120  Options.max_bytes_for_level_multiplier_addtl[0]: 1
I200512 19:36:11.162665 16 storage/engine/rocksdb.go:120  Options.max_bytes_for_level_multiplier_addtl[1]: 1
I200512 19:36:11.162667 16 storage/engine/rocksdb.go:120  Options.max_bytes_for_level_multiplier_addtl[2]: 1
I200512 19:36:11.162670 16 storage/engine/rocksdb.go:120  Options.max_bytes_for_level_multiplier_addtl[3]: 1
I200512 19:36:11.162673 16 storage/engine/rocksdb.go:120  Options.max_bytes_for_level_multiplier_addtl[4]: 1
I200512 19:36:11.162675 16 storage/engine/rocksdb.go:120  Options.max_bytes_for_level_multiplier_addtl[5]: 1
I200512 19:36:11.162678 16 storage/engine/rocksdb.go:120  Options.max_bytes_for_level_multiplier_addtl[6]: 1
I200512 19:36:11.162680 16 storage/engine/rocksdb.go:120        Options.max_sequential_skip_in_iterations: 8
I200512 19:36:11.162683 16 storage/engine/rocksdb.go:120                     Options.max_compaction_bytes: 104857600
I200512 19:36:11.162685 16 storage/engine/rocksdb.go:120                         Options.arena_block_size: 8388608
I200512 19:36:11.162688 16 storage/engine/rocksdb.go:120    Options.soft_pending_compaction_bytes_limit: 2199023255552
I200512 19:36:11.162691 16 storage/engine/rocksdb.go:120    Options.hard_pending_compaction_bytes_limit: 4400193994752
I200512 19:36:11.162693 16 storage/engine/rocksdb.go:120        Options.rate_limit_delay_max_milliseconds: 100
I200512 19:36:11.162696 16 storage/engine/rocksdb.go:120                 Options.disable_auto_compactions: 0
I200512 19:36:11.162699 16 storage/engine/rocksdb.go:120                         Options.compaction_style: kCompactionStyleLevel
I200512 19:36:11.162702 16 storage/engine/rocksdb.go:120                           Options.compaction_pri: kMinOverlappingRatio
I200512 19:36:11.162706 16 storage/engine/rocksdb.go:120  Options.compaction_options_universal.size_ratio: 1
I200512 19:36:11.162708 16 storage/engine/rocksdb.go:120  Options.compaction_options_universal.min_merge_width: 2
I200512 19:36:11.162711 16 storage/engine/rocksdb.go:120  Options.compaction_options_universal.max_merge_width: 4294967295
I200512 19:36:11.162714 16 storage/engine/rocksdb.go:120  Options.compaction_options_universal.max_size_amplification_percent: 200
I200512 19:36:11.162716 16 storage/engine/rocksdb.go:120  Options.compaction_options_universal.compression_size_percent: -1
I200512 19:36:11.162719 16 storage/engine/rocksdb.go:120  Options.compaction_options_universal.stop_style: kCompactionStopStyleTotalSize
I200512 19:36:11.162722 16 storage/engine/rocksdb.go:120  Options.compaction_options_fifo.max_table_files_size: 1073741824
I200512 19:36:11.162724 16 storage/engine/rocksdb.go:120  Options.compaction_options_fifo.allow_compaction: 0
I200512 19:36:11.162728 16 storage/engine/rocksdb.go:120                    Options.table_properties_collectors: TimeBoundTblPropCollectorFactory; DeleteRangeTblPropCollectorFactory; 
I200512 19:36:11.162731 16 storage/engine/rocksdb.go:120                    Options.inplace_update_support: 0
I200512 19:36:11.162734 16 storage/engine/rocksdb.go:120                  Options.inplace_update_num_locks: 10000
I200512 19:36:11.162737 16 storage/engine/rocksdb.go:120                Options.memtable_prefix_bloom_size_ratio: 0.000000
I200512 19:36:11.162739 16 storage/engine/rocksdb.go:120                Options.memtable_whole_key_filtering: 0
I200512 19:36:11.162742 16 storage/engine/rocksdb.go:120    Options.memtable_huge_page_size: 0
I200512 19:36:11.162744 16 storage/engine/rocksdb.go:120                            Options.bloom_locality: 0
I200512 19:36:11.162747 16 storage/engine/rocksdb.go:120                     Options.max_successive_merges: 0
I200512 19:36:11.162750 16 storage/engine/rocksdb.go:120                 Options.optimize_filters_for_hits: 1
I200512 19:36:11.162752 16 storage/engine/rocksdb.go:120                 Options.paranoid_file_checks: 0
I200512 19:36:11.162755 16 storage/engine/rocksdb.go:120                 Options.force_consistency_checks: 0
I200512 19:36:11.162757 16 storage/engine/rocksdb.go:120                 Options.report_bg_io_stats: 0
I200512 19:36:11.162760 16 storage/engine/rocksdb.go:120                                Options.ttl: 0
I200512 19:36:11.162763 16 storage/engine/rocksdb.go:120           Options.periodic_compaction_seconds: 0
I200512 19:36:11.167796 16 storage/engine/rocksdb.go:120  [db/version_set.cc:4286] Recovered from manifest file:/var/lib/cockroach/MANIFEST-000261 succeeded,manifest_file_number is 261, next_file_number is 268, last_sequence is 5926029, log_number is 260,prev_log_number is 0,max_column_family is 0,min_log_number_to_keep is 0
I200512 19:36:11.167804 16 storage/engine/rocksdb.go:120  [db/version_set.cc:4295] Column family [default] (ID 0), log number is 260
I200512 19:36:11.170359 16 storage/engine/rocksdb.go:120  EVENT_LOG_v1 {"time_micros": 1589312171170335, "job": 1, "event": "recovery_started", "log_files": [262]}
I200512 19:36:11.170370 16 storage/engine/rocksdb.go:120  [db/db_impl_open.cc:598] Recovering log #262 mode 0
I200512 19:36:11.187219 16 storage/engine/rocksdb.go:120  EVENT_LOG_v1 {"time_micros": 1589312171187176, "cf_name": "default", "job": 1, "event": "table_file_creation", "file_number": 268, "file_size": 65933, "table_properties": {"data_size": 63500, "index_size": 258, "index_partitions": 0, "top_level_index_size": 0, "index_key_is_user_key": 0, "index_value_is_delta_encoded": 0, "filter_size": 1221, "raw_key_size": 43878, "raw_average_key_size": 47, "raw_value_size": 243259, "raw_average_value_size": 262, "num_data_blocks": 6, "num_entries": 926, "num_deletions": 35, "num_merge_operands": 664, "num_range_deletions": 664, "format_version": 0, "fixed_key_len": 0, "filter_policy": "rocksdb.BuiltinBloomFilter", "column_family_name": "default", "column_family_id": 0, "comparator": "cockroach_comparator", "merge_operator": "cockroach_merge_operator", "prefix_extractor_name": "cockroach_prefix_extractor", "property_collectors": "[TimeBoundTblPropCollectorFactory,DeleteRangeTblPropCollectorFactory]", "compression": "Snappy", "compression_options": "window_bits=-14; level=32767; strategy=0; max_dict_bytes=0; zstd_max_train_bytes=0; enabled=0; ", "creation_time": 1589312171, "oldest_key_time": 3, "file_creation_time": 0}}
I200512 19:36:11.187494 16 storage/engine/rocksdb.go:120  [db/version_set.cc:3560] Creating manifest 269
I200512 19:36:11.197870 16 storage/engine/rocksdb.go:120  EVENT_LOG_v1 {"time_micros": 1589312171197837, "job": 1, "event": "recovery_finished"}
I200512 19:36:11.227904 16 storage/engine/rocksdb.go:120  DB pointer 0x7facf8934000
I200512 19:36:39.143867 815 storage/engine/rocksdb.go:120  bloom filter utility:    -nan%
I200512 19:36:39.144117 815 storage/engine/rocksdb.go:120  [db/db_impl.cc:392] Shutdown: canceling all background work
I200512 19:36:39.146143 815 storage/engine/rocksdb.go:120  [db/db_impl.cc:565] Shutdown complete
I200512 19:36:39.156686 815 storage/engine/rocksdb.go:120  bloom filter utility:    71.1%
I200512 19:36:39.157200 815 storage/engine/rocksdb.go:120  [db/db_impl.cc:392] Shutdown: canceling all background work
I200512 19:36:39.163763 815 storage/engine/rocksdb.go:120  [db/db_impl.cc:565] Shutdown complete
