I200512 19:47:36.298561 13 util/log/clog.go:1196  [config] file created at: 2020/05/12 19:47:36
I200512 19:47:36.298561 13 util/log/clog.go:1196  [config] running on machine: d1236db49687
I200512 19:47:36.298561 13 util/log/clog.go:1196  [config] binary: CockroachDB CCL v19.2.5 (x86_64-unknown-linux-gnu, built 2020/03/16 18:27:12, go1.12.12)
I200512 19:47:36.298561 13 util/log/clog.go:1196  [config] arguments: [/cockroach/cockroach start --insecure --store=attrs=ssd,path=/var/lib/cockroach/]
I200512 19:47:36.298561 13 util/log/clog.go:1196  line format: [IWEF]yymmdd hh:mm:ss.uuuuuu goid file:line msg utf8=✓
I200512 19:47:36.298560 13 storage/engine/rocksdb.go:120  RocksDB version: 6.2.1
I200512 19:47:36.306058 13 storage/engine/rocksdb.go:120  Git sha rocksdb_build_git_sha:@b7009236531fa784872f4823eabf393501e41bf2@
I200512 19:47:36.306065 13 storage/engine/rocksdb.go:120  Compile date Mar 16 2020
I200512 19:47:36.306069 13 storage/engine/rocksdb.go:120  DB SUMMARY
I200512 19:47:36.307452 13 storage/engine/rocksdb.go:120  SST files in /var/lib/cockroach/cockroach-temp340787196 dir, Total Num: 0, files: 
I200512 19:47:36.413095 13 storage/engine/rocksdb.go:120  Write Ahead Log file in /var/lib/cockroach/cockroach-temp340787196: 
I200512 19:47:36.413112 13 storage/engine/rocksdb.go:120                          Options.error_if_exists: 0
I200512 19:47:36.413116 13 storage/engine/rocksdb.go:120                        Options.create_if_missing: 1
I200512 19:47:36.413119 13 storage/engine/rocksdb.go:120                          Options.paranoid_checks: 1
I200512 19:47:36.413122 13 storage/engine/rocksdb.go:120                                      Options.env: 0x75757a0
I200512 19:47:36.413124 13 storage/engine/rocksdb.go:120                                 Options.info_log: 0x7f0e658270e0
I200512 19:47:36.413128 13 storage/engine/rocksdb.go:120                 Options.max_file_opening_threads: 16
I200512 19:47:36.413130 13 storage/engine/rocksdb.go:120                               Options.statistics: 0x7f0e65834010
I200512 19:47:36.413133 13 storage/engine/rocksdb.go:120                                Options.use_fsync: 0
I200512 19:47:36.413136 13 storage/engine/rocksdb.go:120                        Options.max_log_file_size: 0
I200512 19:47:36.413139 13 storage/engine/rocksdb.go:120                   Options.max_manifest_file_size: 134217728
I200512 19:47:36.413141 13 storage/engine/rocksdb.go:120                    Options.log_file_time_to_roll: 0
I200512 19:47:36.413144 13 storage/engine/rocksdb.go:120                        Options.keep_log_file_num: 1000
I200512 19:47:36.413147 13 storage/engine/rocksdb.go:120                     Options.recycle_log_file_num: 1
I200512 19:47:36.413150 13 storage/engine/rocksdb.go:120                          Options.allow_fallocate: 1
I200512 19:47:36.413152 13 storage/engine/rocksdb.go:120                         Options.allow_mmap_reads: 0
I200512 19:47:36.413155 13 storage/engine/rocksdb.go:120                        Options.allow_mmap_writes: 0
I200512 19:47:36.413157 13 storage/engine/rocksdb.go:120                         Options.use_direct_reads: 0
I200512 19:47:36.413160 13 storage/engine/rocksdb.go:120                         Options.use_direct_io_for_flush_and_compaction: 0
I200512 19:47:36.413163 13 storage/engine/rocksdb.go:120           Options.create_missing_column_families: 0
I200512 19:47:36.413165 13 storage/engine/rocksdb.go:120                               Options.db_log_dir: 
I200512 19:47:36.413169 13 storage/engine/rocksdb.go:120                                  Options.wal_dir: /var/lib/cockroach/cockroach-temp340787196
I200512 19:47:36.413171 13 storage/engine/rocksdb.go:120                 Options.table_cache_numshardbits: 6
I200512 19:47:36.413174 13 storage/engine/rocksdb.go:120                       Options.max_subcompactions: 1
I200512 19:47:36.413176 13 storage/engine/rocksdb.go:120                   Options.max_background_flushes: -1
I200512 19:47:36.413179 13 storage/engine/rocksdb.go:120                          Options.WAL_ttl_seconds: 0
I200512 19:47:36.413182 13 storage/engine/rocksdb.go:120                        Options.WAL_size_limit_MB: 0
I200512 19:47:36.413184 13 storage/engine/rocksdb.go:120              Options.manifest_preallocation_size: 4194304
I200512 19:47:36.413187 13 storage/engine/rocksdb.go:120                      Options.is_fd_close_on_exec: 1
I200512 19:47:36.413189 13 storage/engine/rocksdb.go:120                    Options.advise_random_on_open: 1
I200512 19:47:36.413192 13 storage/engine/rocksdb.go:120                     Options.db_write_buffer_size: 0
I200512 19:47:36.413194 13 storage/engine/rocksdb.go:120                     Options.write_buffer_manager: 0x7f0e658190f0
I200512 19:47:36.413197 13 storage/engine/rocksdb.go:120          Options.access_hint_on_compaction_start: 1
I200512 19:47:36.413200 13 storage/engine/rocksdb.go:120   Options.new_table_reader_for_compaction_inputs: 0
I200512 19:47:36.413202 13 storage/engine/rocksdb.go:120            Options.random_access_max_buffer_size: 1048576
I200512 19:47:36.413205 13 storage/engine/rocksdb.go:120                       Options.use_adaptive_mutex: 0
I200512 19:47:36.413208 13 storage/engine/rocksdb.go:120                             Options.rate_limiter: (nil)
I200512 19:47:36.413211 13 storage/engine/rocksdb.go:120      Options.sst_file_manager.rate_bytes_per_sec: 0
I200512 19:47:36.413213 13 storage/engine/rocksdb.go:120                        Options.wal_recovery_mode: 0
I200512 19:47:36.413216 13 storage/engine/rocksdb.go:120                   Options.enable_thread_tracking: 0
I200512 19:47:36.413218 13 storage/engine/rocksdb.go:120                   Options.enable_pipelined_write: 0
I200512 19:47:36.413221 13 storage/engine/rocksdb.go:120          Options.allow_concurrent_memtable_write: 1
I200512 19:47:36.413240 13 storage/engine/rocksdb.go:120       Options.enable_write_thread_adaptive_yield: 1
I200512 19:47:36.413243 13 storage/engine/rocksdb.go:120              Options.write_thread_max_yield_usec: 100
I200512 19:47:36.413246 13 storage/engine/rocksdb.go:120             Options.write_thread_slow_yield_usec: 3
I200512 19:47:36.413248 13 storage/engine/rocksdb.go:120                                Options.row_cache: None
I200512 19:47:36.413251 13 storage/engine/rocksdb.go:120                               Options.wal_filter: None
I200512 19:47:36.413253 13 storage/engine/rocksdb.go:120              Options.avoid_flush_during_recovery: 0
I200512 19:47:36.413256 13 storage/engine/rocksdb.go:120              Options.allow_ingest_behind: 0
I200512 19:47:36.413258 13 storage/engine/rocksdb.go:120              Options.preserve_deletes: 0
I200512 19:47:36.413261 13 storage/engine/rocksdb.go:120              Options.two_write_queues: 0
I200512 19:47:36.413264 13 storage/engine/rocksdb.go:120              Options.manual_wal_flush: 1
I200512 19:47:36.413266 13 storage/engine/rocksdb.go:120              Options.atomic_flush: 0
I200512 19:47:36.413269 13 storage/engine/rocksdb.go:120              Options.avoid_unnecessary_blocking_io: 0
I200512 19:47:36.413271 13 storage/engine/rocksdb.go:120              Options.max_background_jobs: 2
I200512 19:47:36.413274 13 storage/engine/rocksdb.go:120              Options.max_background_compactions: -1
I200512 19:47:36.413276 13 storage/engine/rocksdb.go:120              Options.avoid_flush_during_shutdown: 0
I200512 19:47:36.413279 13 storage/engine/rocksdb.go:120            Options.writable_file_max_buffer_size: 1048576
I200512 19:47:36.413282 13 storage/engine/rocksdb.go:120              Options.delayed_write_rate : 16777216
I200512 19:47:36.413284 13 storage/engine/rocksdb.go:120              Options.max_total_wal_size: 0
I200512 19:47:36.413287 13 storage/engine/rocksdb.go:120              Options.delete_obsolete_files_period_micros: 21600000000
I200512 19:47:36.413289 13 storage/engine/rocksdb.go:120                    Options.stats_dump_period_sec: 0
I200512 19:47:36.413292 13 storage/engine/rocksdb.go:120                  Options.stats_persist_period_sec: 600
I200512 19:47:36.413295 13 storage/engine/rocksdb.go:120                  Options.stats_history_buffer_size: 1048576
I200512 19:47:36.413297 13 storage/engine/rocksdb.go:120                           Options.max_open_files: 128
I200512 19:47:36.413300 13 storage/engine/rocksdb.go:120                           Options.bytes_per_sync: 524288
I200512 19:47:36.413304 13 storage/engine/rocksdb.go:120                       Options.wal_bytes_per_sync: 0
I200512 19:47:36.413307 13 storage/engine/rocksdb.go:120                    Options.strict_bytes_per_sync: 1
I200512 19:47:36.413309 13 storage/engine/rocksdb.go:120        Options.compaction_readahead_size: 0
I200512 19:47:36.413312 13 storage/engine/rocksdb.go:120  Compression algorithms supported:
I200512 19:47:36.413315 13 storage/engine/rocksdb.go:120  	kZSTDNotFinalCompression supported: 0
I200512 19:47:36.413318 13 storage/engine/rocksdb.go:120  	kZSTD supported: 0
I200512 19:47:36.413321 13 storage/engine/rocksdb.go:120  	kXpressCompression supported: 0
I200512 19:47:36.413324 13 storage/engine/rocksdb.go:120  	kLZ4HCCompression supported: 0
I200512 19:47:36.413326 13 storage/engine/rocksdb.go:120  	kLZ4Compression supported: 0
I200512 19:47:36.413329 13 storage/engine/rocksdb.go:120  	kBZip2Compression supported: 0
I200512 19:47:36.413331 13 storage/engine/rocksdb.go:120  	kZlibCompression supported: 0
I200512 19:47:36.413334 13 storage/engine/rocksdb.go:120  	kSnappyCompression supported: 1
I200512 19:47:36.413342 13 storage/engine/rocksdb.go:120  Fast CRC32 supported: Supported on x86
I200512 19:47:36.415667 13 storage/engine/rocksdb.go:120  [db/db_impl_open.cc:242] Creating manifest 1 
I200512 19:47:36.433062 13 storage/engine/rocksdb.go:120  [db/version_set.cc:4072] Recovering from manifest file: /var/lib/cockroach/cockroach-temp340787196/MANIFEST-000001
I200512 19:47:36.434163 13 storage/engine/rocksdb.go:120  [db/column_family.cc:488] --------------- Options for column family [default]:
I200512 19:47:36.434170 13 storage/engine/rocksdb.go:120                Options.comparator: cockroach_comparator
I200512 19:47:36.434173 13 storage/engine/rocksdb.go:120            Options.merge_operator: cockroach_merge_operator
I200512 19:47:36.434176 13 storage/engine/rocksdb.go:120         Options.compaction_filter: None
I200512 19:47:36.434179 13 storage/engine/rocksdb.go:120         Options.compaction_filter_factory: None
I200512 19:47:36.434182 13 storage/engine/rocksdb.go:120          Options.memtable_factory: SkipListFactory
I200512 19:47:36.434184 13 storage/engine/rocksdb.go:120             Options.table_factory: BlockBasedTable
I200512 19:47:36.434203 13 storage/engine/rocksdb.go:120             table_factory options:   flush_block_policy_factory: FlushBlockBySizePolicyFactory (0x7f0e65828030)
  cache_index_and_filter_blocks: 0
  cache_index_and_filter_blocks_with_high_priority: 0
  pin_l0_filter_and_index_blocks_in_cache: 0
  pin_top_level_index_and_filter: 1
  index_type: 0
  data_block_index_type: 0
  index_shortening: 1
  data_block_hash_table_util_ratio: 0.750000
  hash_index_allow_collision: 1
  checksum: 1
  no_block_cache: 0
  block_cache: 0x7f0e6581c010
  block_cache_name: LRUCache
  block_cache_options:
    capacity : 1048576
    num_shard_bits : 4
    strict_capacity_limit : 0
    memory_allocator : None
    high_pri_pool_ratio: 0.000
  block_cache_compressed: (nil)
  persistent_cache: (nil)
  block_size: 32768
  block_size_deviation: 10
  block_restart_interval: 16
  index_block_restart_interval: 1
  metadata_block_size: 4096
  partition_filters: 0
  use_delta_encoding: 1
  filter_policy: rocksdb.BuiltinBloomFilter
  whole_key_filtering: 0
  verify_compression: 0
  read_amp_bytes_per_bit: 0
  format_version: 2
  enable_index_compression: 1
  block_align: 0
I200512 19:47:36.434207 13 storage/engine/rocksdb.go:120         Options.write_buffer_size: 67108864
I200512 19:47:36.434211 13 storage/engine/rocksdb.go:120   Options.max_write_buffer_number: 4
I200512 19:47:36.434214 13 storage/engine/rocksdb.go:120           Options.compression: Snappy
I200512 19:47:36.434217 13 storage/engine/rocksdb.go:120                   Options.bottommost_compression: Disabled
I200512 19:47:36.434220 13 storage/engine/rocksdb.go:120        Options.prefix_extractor: cockroach_prefix_extractor
I200512 19:47:36.434249 13 storage/engine/rocksdb.go:120    Options.memtable_insert_with_hint_prefix_extractor: nullptr
I200512 19:47:36.434253 13 storage/engine/rocksdb.go:120              Options.num_levels: 7
I200512 19:47:36.434255 13 storage/engine/rocksdb.go:120         Options.min_write_buffer_number_to_merge: 1
I200512 19:47:36.434258 13 storage/engine/rocksdb.go:120      Options.max_write_buffer_number_to_maintain: 0
I200512 19:47:36.434260 13 storage/engine/rocksdb.go:120             Options.bottommost_compression_opts.window_bits: -14
I200512 19:47:36.434263 13 storage/engine/rocksdb.go:120                   Options.bottommost_compression_opts.level: 32767
I200512 19:47:36.434266 13 storage/engine/rocksdb.go:120                Options.bottommost_compression_opts.strategy: 0
I200512 19:47:36.434268 13 storage/engine/rocksdb.go:120          Options.bottommost_compression_opts.max_dict_bytes: 0
I200512 19:47:36.434271 13 storage/engine/rocksdb.go:120          Options.bottommost_compression_opts.zstd_max_train_bytes: 0
I200512 19:47:36.434274 13 storage/engine/rocksdb.go:120                   Options.bottommost_compression_opts.enabled: false
I200512 19:47:36.434276 13 storage/engine/rocksdb.go:120             Options.compression_opts.window_bits: -14
I200512 19:47:36.434279 13 storage/engine/rocksdb.go:120                   Options.compression_opts.level: 32767
I200512 19:47:36.434281 13 storage/engine/rocksdb.go:120                Options.compression_opts.strategy: 0
I200512 19:47:36.434284 13 storage/engine/rocksdb.go:120          Options.compression_opts.max_dict_bytes: 0
I200512 19:47:36.434287 13 storage/engine/rocksdb.go:120          Options.compression_opts.zstd_max_train_bytes: 0
I200512 19:47:36.434289 13 storage/engine/rocksdb.go:120                   Options.compression_opts.enabled: false
I200512 19:47:36.434292 13 storage/engine/rocksdb.go:120       Options.level0_file_num_compaction_trigger: 2
I200512 19:47:36.434295 13 storage/engine/rocksdb.go:120           Options.level0_slowdown_writes_trigger: 950
I200512 19:47:36.434327 13 storage/engine/rocksdb.go:120               Options.level0_stop_writes_trigger: 1000
I200512 19:47:36.434333 13 storage/engine/rocksdb.go:120                    Options.target_file_size_base: 4194304
I200512 19:47:36.434336 13 storage/engine/rocksdb.go:120              Options.target_file_size_multiplier: 2
I200512 19:47:36.434359 13 storage/engine/rocksdb.go:120                 Options.max_bytes_for_level_base: 67108864
I200512 19:47:36.434365 13 storage/engine/rocksdb.go:120  Options.level_compaction_dynamic_level_bytes: 1
I200512 19:47:36.434369 13 storage/engine/rocksdb.go:120           Options.max_bytes_for_level_multiplier: 10.000000
I200512 19:47:36.434371 13 storage/engine/rocksdb.go:120  Options.max_bytes_for_level_multiplier_addtl[0]: 1
I200512 19:47:36.434374 13 storage/engine/rocksdb.go:120  Options.max_bytes_for_level_multiplier_addtl[1]: 1
I200512 19:47:36.434376 13 storage/engine/rocksdb.go:120  Options.max_bytes_for_level_multiplier_addtl[2]: 1
I200512 19:47:36.434379 13 storage/engine/rocksdb.go:120  Options.max_bytes_for_level_multiplier_addtl[3]: 1
I200512 19:47:36.434382 13 storage/engine/rocksdb.go:120  Options.max_bytes_for_level_multiplier_addtl[4]: 1
I200512 19:47:36.434384 13 storage/engine/rocksdb.go:120  Options.max_bytes_for_level_multiplier_addtl[5]: 1
I200512 19:47:36.434387 13 storage/engine/rocksdb.go:120  Options.max_bytes_for_level_multiplier_addtl[6]: 1
I200512 19:47:36.434389 13 storage/engine/rocksdb.go:120        Options.max_sequential_skip_in_iterations: 8
I200512 19:47:36.434392 13 storage/engine/rocksdb.go:120                     Options.max_compaction_bytes: 104857600
I200512 19:47:36.434394 13 storage/engine/rocksdb.go:120                         Options.arena_block_size: 8388608
I200512 19:47:36.434397 13 storage/engine/rocksdb.go:120    Options.soft_pending_compaction_bytes_limit: 2199023255552
I200512 19:47:36.434400 13 storage/engine/rocksdb.go:120    Options.hard_pending_compaction_bytes_limit: 4400193994752
I200512 19:47:36.434402 13 storage/engine/rocksdb.go:120        Options.rate_limit_delay_max_milliseconds: 100
I200512 19:47:36.434405 13 storage/engine/rocksdb.go:120                 Options.disable_auto_compactions: 0
I200512 19:47:36.434409 13 storage/engine/rocksdb.go:120                         Options.compaction_style: kCompactionStyleLevel
I200512 19:47:36.434412 13 storage/engine/rocksdb.go:120                           Options.compaction_pri: kMinOverlappingRatio
I200512 19:47:36.434414 13 storage/engine/rocksdb.go:120  Options.compaction_options_universal.size_ratio: 1
I200512 19:47:36.434417 13 storage/engine/rocksdb.go:120  Options.compaction_options_universal.min_merge_width: 2
I200512 19:47:36.434420 13 storage/engine/rocksdb.go:120  Options.compaction_options_universal.max_merge_width: 4294967295
I200512 19:47:36.434422 13 storage/engine/rocksdb.go:120  Options.compaction_options_universal.max_size_amplification_percent: 200
I200512 19:47:36.434425 13 storage/engine/rocksdb.go:120  Options.compaction_options_universal.compression_size_percent: -1
I200512 19:47:36.434428 13 storage/engine/rocksdb.go:120  Options.compaction_options_universal.stop_style: kCompactionStopStyleTotalSize
I200512 19:47:36.434430 13 storage/engine/rocksdb.go:120  Options.compaction_options_fifo.max_table_files_size: 1073741824
I200512 19:47:36.434433 13 storage/engine/rocksdb.go:120  Options.compaction_options_fifo.allow_compaction: 0
I200512 19:47:36.434437 13 storage/engine/rocksdb.go:120                    Options.table_properties_collectors: TimeBoundTblPropCollectorFactory; DeleteRangeTblPropCollectorFactory; 
I200512 19:47:36.434440 13 storage/engine/rocksdb.go:120                    Options.inplace_update_support: 0
I200512 19:47:36.434443 13 storage/engine/rocksdb.go:120                  Options.inplace_update_num_locks: 10000
I200512 19:47:36.434446 13 storage/engine/rocksdb.go:120                Options.memtable_prefix_bloom_size_ratio: 0.000000
I200512 19:47:36.434448 13 storage/engine/rocksdb.go:120                Options.memtable_whole_key_filtering: 0
I200512 19:47:36.434451 13 storage/engine/rocksdb.go:120    Options.memtable_huge_page_size: 0
I200512 19:47:36.434453 13 storage/engine/rocksdb.go:120                            Options.bloom_locality: 0
I200512 19:47:36.434456 13 storage/engine/rocksdb.go:120                     Options.max_successive_merges: 0
I200512 19:47:36.434458 13 storage/engine/rocksdb.go:120                 Options.optimize_filters_for_hits: 1
I200512 19:47:36.434461 13 storage/engine/rocksdb.go:120                 Options.paranoid_file_checks: 0
I200512 19:47:36.434492 13 storage/engine/rocksdb.go:120                 Options.force_consistency_checks: 0
I200512 19:47:36.434498 13 storage/engine/rocksdb.go:120                 Options.report_bg_io_stats: 0
I200512 19:47:36.434501 13 storage/engine/rocksdb.go:120                                Options.ttl: 0
I200512 19:47:36.434504 13 storage/engine/rocksdb.go:120           Options.periodic_compaction_seconds: 0
I200512 19:47:36.435310 13 storage/engine/rocksdb.go:120  [db/version_set.cc:4286] Recovered from manifest file:/var/lib/cockroach/cockroach-temp340787196/MANIFEST-000001 succeeded,manifest_file_number is 1, next_file_number is 3, last_sequence is 0, log_number is 0,prev_log_number is 0,max_column_family is 0,min_log_number_to_keep is 0
I200512 19:47:36.435315 13 storage/engine/rocksdb.go:120  [db/version_set.cc:4295] Column family [default] (ID 0), log number is 0
I200512 19:47:36.456350 13 storage/engine/rocksdb.go:120  DB pointer 0x7f0e658a4000
I200512 19:47:36.473864 13 storage/engine/rocksdb.go:120  RocksDB version: 6.2.1
I200512 19:47:36.473870 13 storage/engine/rocksdb.go:120  Git sha rocksdb_build_git_sha:@b7009236531fa784872f4823eabf393501e41bf2@
I200512 19:47:36.473873 13 storage/engine/rocksdb.go:120  Compile date Mar 16 2020
I200512 19:47:36.473878 13 storage/engine/rocksdb.go:120  DB SUMMARY
I200512 19:47:36.475027 13 storage/engine/rocksdb.go:120  CURRENT file:  CURRENT
I200512 19:47:36.475032 13 storage/engine/rocksdb.go:120  IDENTITY file:  IDENTITY
I200512 19:47:36.475341 13 storage/engine/rocksdb.go:120  MANIFEST file:  MANIFEST-000302 size: 324 Bytes
I200512 19:47:36.475347 13 storage/engine/rocksdb.go:120  SST files in /var/lib/cockroach dir, Total Num: 3, files: 000298.sst 000299.sst 000301.sst 
I200512 19:47:36.475350 13 storage/engine/rocksdb.go:120  Write Ahead Log file in /var/lib/cockroach: 000303.log size: 476850 ; 
I200512 19:47:36.475354 13 storage/engine/rocksdb.go:120                          Options.error_if_exists: 0
I200512 19:47:36.475357 13 storage/engine/rocksdb.go:120                        Options.create_if_missing: 1
I200512 19:47:36.475360 13 storage/engine/rocksdb.go:120                          Options.paranoid_checks: 1
I200512 19:47:36.475375 13 storage/engine/rocksdb.go:120                                      Options.env: 0x75757a0
I200512 19:47:36.475378 13 storage/engine/rocksdb.go:120                                 Options.info_log: 0x7f0e65827260
I200512 19:47:36.475380 13 storage/engine/rocksdb.go:120                 Options.max_file_opening_threads: 16
I200512 19:47:36.475383 13 storage/engine/rocksdb.go:120                               Options.statistics: 0x7f0e65834080
I200512 19:47:36.475386 13 storage/engine/rocksdb.go:120                                Options.use_fsync: 0
I200512 19:47:36.475388 13 storage/engine/rocksdb.go:120                        Options.max_log_file_size: 0
I200512 19:47:36.475391 13 storage/engine/rocksdb.go:120                   Options.max_manifest_file_size: 134217728
I200512 19:47:36.475393 13 storage/engine/rocksdb.go:120                    Options.log_file_time_to_roll: 0
I200512 19:47:36.475396 13 storage/engine/rocksdb.go:120                        Options.keep_log_file_num: 1000
I200512 19:47:36.475399 13 storage/engine/rocksdb.go:120                     Options.recycle_log_file_num: 1
I200512 19:47:36.475402 13 storage/engine/rocksdb.go:120                          Options.allow_fallocate: 1
I200512 19:47:36.475405 13 storage/engine/rocksdb.go:120                         Options.allow_mmap_reads: 0
I200512 19:47:36.475407 13 storage/engine/rocksdb.go:120                        Options.allow_mmap_writes: 0
I200512 19:47:36.475411 13 storage/engine/rocksdb.go:120                         Options.use_direct_reads: 0
I200512 19:47:36.475413 13 storage/engine/rocksdb.go:120                         Options.use_direct_io_for_flush_and_compaction: 0
I200512 19:47:36.475416 13 storage/engine/rocksdb.go:120           Options.create_missing_column_families: 0
I200512 19:47:36.475418 13 storage/engine/rocksdb.go:120                               Options.db_log_dir: 
I200512 19:47:36.475421 13 storage/engine/rocksdb.go:120                                  Options.wal_dir: /var/lib/cockroach
I200512 19:47:36.475424 13 storage/engine/rocksdb.go:120                 Options.table_cache_numshardbits: 6
I200512 19:47:36.475427 13 storage/engine/rocksdb.go:120                       Options.max_subcompactions: 1
I200512 19:47:36.475429 13 storage/engine/rocksdb.go:120                   Options.max_background_flushes: -1
I200512 19:47:36.475432 13 storage/engine/rocksdb.go:120                          Options.WAL_ttl_seconds: 0
I200512 19:47:36.475434 13 storage/engine/rocksdb.go:120                        Options.WAL_size_limit_MB: 0
I200512 19:47:36.475437 13 storage/engine/rocksdb.go:120              Options.manifest_preallocation_size: 4194304
I200512 19:47:36.475440 13 storage/engine/rocksdb.go:120                      Options.is_fd_close_on_exec: 1
I200512 19:47:36.475442 13 storage/engine/rocksdb.go:120                    Options.advise_random_on_open: 1
I200512 19:47:36.475458 13 storage/engine/rocksdb.go:120                     Options.db_write_buffer_size: 0
I200512 19:47:36.475462 13 storage/engine/rocksdb.go:120                     Options.write_buffer_manager: 0x7f0e65819090
I200512 19:47:36.475465 13 storage/engine/rocksdb.go:120          Options.access_hint_on_compaction_start: 1
I200512 19:47:36.475467 13 storage/engine/rocksdb.go:120   Options.new_table_reader_for_compaction_inputs: 0
I200512 19:47:36.475470 13 storage/engine/rocksdb.go:120            Options.random_access_max_buffer_size: 1048576
I200512 19:47:36.475473 13 storage/engine/rocksdb.go:120                       Options.use_adaptive_mutex: 0
I200512 19:47:36.475476 13 storage/engine/rocksdb.go:120                             Options.rate_limiter: (nil)
I200512 19:47:36.475479 13 storage/engine/rocksdb.go:120      Options.sst_file_manager.rate_bytes_per_sec: 0
I200512 19:47:36.475492 13 storage/engine/rocksdb.go:120                        Options.wal_recovery_mode: 0
I200512 19:47:36.475499 13 storage/engine/rocksdb.go:120                   Options.enable_thread_tracking: 0
I200512 19:47:36.475503 13 storage/engine/rocksdb.go:120                   Options.enable_pipelined_write: 0
I200512 19:47:36.475506 13 storage/engine/rocksdb.go:120          Options.allow_concurrent_memtable_write: 1
I200512 19:47:36.475509 13 storage/engine/rocksdb.go:120       Options.enable_write_thread_adaptive_yield: 1
I200512 19:47:36.475513 13 storage/engine/rocksdb.go:120              Options.write_thread_max_yield_usec: 100
I200512 19:47:36.475516 13 storage/engine/rocksdb.go:120             Options.write_thread_slow_yield_usec: 3
I200512 19:47:36.475519 13 storage/engine/rocksdb.go:120                                Options.row_cache: None
I200512 19:47:36.475522 13 storage/engine/rocksdb.go:120                               Options.wal_filter: None
I200512 19:47:36.475525 13 storage/engine/rocksdb.go:120              Options.avoid_flush_during_recovery: 0
I200512 19:47:36.475528 13 storage/engine/rocksdb.go:120              Options.allow_ingest_behind: 0
I200512 19:47:36.475530 13 storage/engine/rocksdb.go:120              Options.preserve_deletes: 0
I200512 19:47:36.475533 13 storage/engine/rocksdb.go:120              Options.two_write_queues: 0
I200512 19:47:36.475535 13 storage/engine/rocksdb.go:120              Options.manual_wal_flush: 1
I200512 19:47:36.475538 13 storage/engine/rocksdb.go:120              Options.atomic_flush: 0
I200512 19:47:36.475541 13 storage/engine/rocksdb.go:120              Options.avoid_unnecessary_blocking_io: 0
I200512 19:47:36.475543 13 storage/engine/rocksdb.go:120              Options.max_background_jobs: 2
I200512 19:47:36.475546 13 storage/engine/rocksdb.go:120              Options.max_background_compactions: -1
I200512 19:47:36.475548 13 storage/engine/rocksdb.go:120              Options.avoid_flush_during_shutdown: 0
I200512 19:47:36.475551 13 storage/engine/rocksdb.go:120            Options.writable_file_max_buffer_size: 1048576
I200512 19:47:36.475553 13 storage/engine/rocksdb.go:120              Options.delayed_write_rate : 16777216
I200512 19:47:36.475556 13 storage/engine/rocksdb.go:120              Options.max_total_wal_size: 0
I200512 19:47:36.475559 13 storage/engine/rocksdb.go:120              Options.delete_obsolete_files_period_micros: 21600000000
I200512 19:47:36.475561 13 storage/engine/rocksdb.go:120                    Options.stats_dump_period_sec: 0
I200512 19:47:36.475564 13 storage/engine/rocksdb.go:120                  Options.stats_persist_period_sec: 600
I200512 19:47:36.475566 13 storage/engine/rocksdb.go:120                  Options.stats_history_buffer_size: 1048576
I200512 19:47:36.475569 13 storage/engine/rocksdb.go:120                           Options.max_open_files: 1043576
I200512 19:47:36.475572 13 storage/engine/rocksdb.go:120                           Options.bytes_per_sync: 524288
I200512 19:47:36.475574 13 storage/engine/rocksdb.go:120                       Options.wal_bytes_per_sync: 0
I200512 19:47:36.475577 13 storage/engine/rocksdb.go:120                    Options.strict_bytes_per_sync: 1
I200512 19:47:36.475579 13 storage/engine/rocksdb.go:120        Options.compaction_readahead_size: 0
I200512 19:47:36.475582 13 storage/engine/rocksdb.go:120  Compression algorithms supported:
I200512 19:47:36.475585 13 storage/engine/rocksdb.go:120  	kZSTDNotFinalCompression supported: 0
I200512 19:47:36.475588 13 storage/engine/rocksdb.go:120  	kZSTD supported: 0
I200512 19:47:36.475591 13 storage/engine/rocksdb.go:120  	kXpressCompression supported: 0
I200512 19:47:36.475593 13 storage/engine/rocksdb.go:120  	kLZ4HCCompression supported: 0
I200512 19:47:36.475602 13 storage/engine/rocksdb.go:120  	kLZ4Compression supported: 0
I200512 19:47:36.475605 13 storage/engine/rocksdb.go:120  	kBZip2Compression supported: 0
I200512 19:47:36.475609 13 storage/engine/rocksdb.go:120  	kZlibCompression supported: 0
I200512 19:47:36.475612 13 storage/engine/rocksdb.go:120  	kSnappyCompression supported: 1
I200512 19:47:36.475620 13 storage/engine/rocksdb.go:120  Fast CRC32 supported: Supported on x86
I200512 19:47:36.477602 13 storage/engine/rocksdb.go:120  [db/version_set.cc:4072] Recovering from manifest file: /var/lib/cockroach/MANIFEST-000302
I200512 19:47:36.478013 13 storage/engine/rocksdb.go:120  [db/column_family.cc:488] --------------- Options for column family [default]:
I200512 19:47:36.478018 13 storage/engine/rocksdb.go:120                Options.comparator: cockroach_comparator
I200512 19:47:36.478021 13 storage/engine/rocksdb.go:120            Options.merge_operator: cockroach_merge_operator
I200512 19:47:36.478024 13 storage/engine/rocksdb.go:120         Options.compaction_filter: None
I200512 19:47:36.478027 13 storage/engine/rocksdb.go:120         Options.compaction_filter_factory: None
I200512 19:47:36.478030 13 storage/engine/rocksdb.go:120          Options.memtable_factory: SkipListFactory
I200512 19:47:36.478032 13 storage/engine/rocksdb.go:120             Options.table_factory: BlockBasedTable
I200512 19:47:36.478052 13 storage/engine/rocksdb.go:120             table_factory options:   flush_block_policy_factory: FlushBlockBySizePolicyFactory (0x7f0e65828090)
  cache_index_and_filter_blocks: 0
  cache_index_and_filter_blocks_with_high_priority: 0
  pin_l0_filter_and_index_blocks_in_cache: 0
  pin_top_level_index_and_filter: 1
  index_type: 0
  data_block_index_type: 0
  index_shortening: 1
  data_block_hash_table_util_ratio: 0.750000
  hash_index_allow_collision: 1
  checksum: 1
  no_block_cache: 0
  block_cache: 0x7f0e658bc210
  block_cache_name: LRUCache
  block_cache_options:
    capacity : 67108864
    num_shard_bits : 4
    strict_capacity_limit : 0
    memory_allocator : None
    high_pri_pool_ratio: 0.000
  block_cache_compressed: (nil)
  persistent_cache: (nil)
  block_size: 32768
  block_size_deviation: 10
  block_restart_interval: 16
  index_block_restart_interval: 1
  metadata_block_size: 4096
  partition_filters: 0
  use_delta_encoding: 1
  filter_policy: rocksdb.BuiltinBloomFilter
  whole_key_filtering: 0
  verify_compression: 0
  read_amp_bytes_per_bit: 0
  format_version: 2
  enable_index_compression: 1
  block_align: 0
I200512 19:47:36.478056 13 storage/engine/rocksdb.go:120         Options.write_buffer_size: 67108864
I200512 19:47:36.478059 13 storage/engine/rocksdb.go:120   Options.max_write_buffer_number: 4
I200512 19:47:36.478062 13 storage/engine/rocksdb.go:120           Options.compression: Snappy
I200512 19:47:36.478065 13 storage/engine/rocksdb.go:120                   Options.bottommost_compression: Disabled
I200512 19:47:36.478068 13 storage/engine/rocksdb.go:120        Options.prefix_extractor: cockroach_prefix_extractor
I200512 19:47:36.478071 13 storage/engine/rocksdb.go:120    Options.memtable_insert_with_hint_prefix_extractor: nullptr
I200512 19:47:36.478074 13 storage/engine/rocksdb.go:120              Options.num_levels: 7
I200512 19:47:36.478076 13 storage/engine/rocksdb.go:120         Options.min_write_buffer_number_to_merge: 1
I200512 19:47:36.478079 13 storage/engine/rocksdb.go:120      Options.max_write_buffer_number_to_maintain: 0
I200512 19:47:36.478082 13 storage/engine/rocksdb.go:120             Options.bottommost_compression_opts.window_bits: -14
I200512 19:47:36.478084 13 storage/engine/rocksdb.go:120                   Options.bottommost_compression_opts.level: 32767
I200512 19:47:36.478087 13 storage/engine/rocksdb.go:120                Options.bottommost_compression_opts.strategy: 0
I200512 19:47:36.478089 13 storage/engine/rocksdb.go:120          Options.bottommost_compression_opts.max_dict_bytes: 0
I200512 19:47:36.478092 13 storage/engine/rocksdb.go:120          Options.bottommost_compression_opts.zstd_max_train_bytes: 0
I200512 19:47:36.478095 13 storage/engine/rocksdb.go:120                   Options.bottommost_compression_opts.enabled: false
I200512 19:47:36.478097 13 storage/engine/rocksdb.go:120             Options.compression_opts.window_bits: -14
I200512 19:47:36.478100 13 storage/engine/rocksdb.go:120                   Options.compression_opts.level: 32767
I200512 19:47:36.478102 13 storage/engine/rocksdb.go:120                Options.compression_opts.strategy: 0
I200512 19:47:36.478105 13 storage/engine/rocksdb.go:120          Options.compression_opts.max_dict_bytes: 0
I200512 19:47:36.478107 13 storage/engine/rocksdb.go:120          Options.compression_opts.zstd_max_train_bytes: 0
I200512 19:47:36.478110 13 storage/engine/rocksdb.go:120                   Options.compression_opts.enabled: false
I200512 19:47:36.478113 13 storage/engine/rocksdb.go:120       Options.level0_file_num_compaction_trigger: 2
I200512 19:47:36.478115 13 storage/engine/rocksdb.go:120           Options.level0_slowdown_writes_trigger: 950
I200512 19:47:36.478140 13 storage/engine/rocksdb.go:120               Options.level0_stop_writes_trigger: 1000
I200512 19:47:36.478146 13 storage/engine/rocksdb.go:120                    Options.target_file_size_base: 4194304
I200512 19:47:36.478149 13 storage/engine/rocksdb.go:120              Options.target_file_size_multiplier: 2
I200512 19:47:36.478151 13 storage/engine/rocksdb.go:120                 Options.max_bytes_for_level_base: 67108864
I200512 19:47:36.478154 13 storage/engine/rocksdb.go:120  Options.level_compaction_dynamic_level_bytes: 1
I200512 19:47:36.478157 13 storage/engine/rocksdb.go:120           Options.max_bytes_for_level_multiplier: 10.000000
I200512 19:47:36.478160 13 storage/engine/rocksdb.go:120  Options.max_bytes_for_level_multiplier_addtl[0]: 1
I200512 19:47:36.478163 13 storage/engine/rocksdb.go:120  Options.max_bytes_for_level_multiplier_addtl[1]: 1
I200512 19:47:36.478165 13 storage/engine/rocksdb.go:120  Options.max_bytes_for_level_multiplier_addtl[2]: 1
I200512 19:47:36.478170 13 storage/engine/rocksdb.go:120  Options.max_bytes_for_level_multiplier_addtl[3]: 1
I200512 19:47:36.478173 13 storage/engine/rocksdb.go:120  Options.max_bytes_for_level_multiplier_addtl[4]: 1
I200512 19:47:36.478176 13 storage/engine/rocksdb.go:120  Options.max_bytes_for_level_multiplier_addtl[5]: 1
I200512 19:47:36.478178 13 storage/engine/rocksdb.go:120  Options.max_bytes_for_level_multiplier_addtl[6]: 1
I200512 19:47:36.478181 13 storage/engine/rocksdb.go:120        Options.max_sequential_skip_in_iterations: 8
I200512 19:47:36.478183 13 storage/engine/rocksdb.go:120                     Options.max_compaction_bytes: 104857600
I200512 19:47:36.478186 13 storage/engine/rocksdb.go:120                         Options.arena_block_size: 8388608
I200512 19:47:36.478188 13 storage/engine/rocksdb.go:120    Options.soft_pending_compaction_bytes_limit: 2199023255552
I200512 19:47:36.478191 13 storage/engine/rocksdb.go:120    Options.hard_pending_compaction_bytes_limit: 4400193994752
I200512 19:47:36.478194 13 storage/engine/rocksdb.go:120        Options.rate_limit_delay_max_milliseconds: 100
I200512 19:47:36.478196 13 storage/engine/rocksdb.go:120                 Options.disable_auto_compactions: 0
I200512 19:47:36.478200 13 storage/engine/rocksdb.go:120                         Options.compaction_style: kCompactionStyleLevel
I200512 19:47:36.478210 13 storage/engine/rocksdb.go:120                           Options.compaction_pri: kMinOverlappingRatio
I200512 19:47:36.478213 13 storage/engine/rocksdb.go:120  Options.compaction_options_universal.size_ratio: 1
I200512 19:47:36.478215 13 storage/engine/rocksdb.go:120  Options.compaction_options_universal.min_merge_width: 2
I200512 19:47:36.478218 13 storage/engine/rocksdb.go:120  Options.compaction_options_universal.max_merge_width: 4294967295
I200512 19:47:36.478220 13 storage/engine/rocksdb.go:120  Options.compaction_options_universal.max_size_amplification_percent: 200
I200512 19:47:36.478232 13 storage/engine/rocksdb.go:120  Options.compaction_options_universal.compression_size_percent: -1
I200512 19:47:36.478235 13 storage/engine/rocksdb.go:120  Options.compaction_options_universal.stop_style: kCompactionStopStyleTotalSize
I200512 19:47:36.478238 13 storage/engine/rocksdb.go:120  Options.compaction_options_fifo.max_table_files_size: 1073741824
I200512 19:47:36.478241 13 storage/engine/rocksdb.go:120  Options.compaction_options_fifo.allow_compaction: 0
I200512 19:47:36.478245 13 storage/engine/rocksdb.go:120                    Options.table_properties_collectors: TimeBoundTblPropCollectorFactory; DeleteRangeTblPropCollectorFactory; 
I200512 19:47:36.478249 13 storage/engine/rocksdb.go:120                    Options.inplace_update_support: 0
I200512 19:47:36.478252 13 storage/engine/rocksdb.go:120                  Options.inplace_update_num_locks: 10000
I200512 19:47:36.478255 13 storage/engine/rocksdb.go:120                Options.memtable_prefix_bloom_size_ratio: 0.000000
I200512 19:47:36.478275 13 storage/engine/rocksdb.go:120                Options.memtable_whole_key_filtering: 0
I200512 19:47:36.478281 13 storage/engine/rocksdb.go:120    Options.memtable_huge_page_size: 0
I200512 19:47:36.478284 13 storage/engine/rocksdb.go:120                            Options.bloom_locality: 0
I200512 19:47:36.478287 13 storage/engine/rocksdb.go:120                     Options.max_successive_merges: 0
I200512 19:47:36.478290 13 storage/engine/rocksdb.go:120                 Options.optimize_filters_for_hits: 1
I200512 19:47:36.478292 13 storage/engine/rocksdb.go:120                 Options.paranoid_file_checks: 0
I200512 19:47:36.478295 13 storage/engine/rocksdb.go:120                 Options.force_consistency_checks: 0
I200512 19:47:36.478298 13 storage/engine/rocksdb.go:120                 Options.report_bg_io_stats: 0
I200512 19:47:36.478301 13 storage/engine/rocksdb.go:120                                Options.ttl: 0
I200512 19:47:36.478304 13 storage/engine/rocksdb.go:120           Options.periodic_compaction_seconds: 0
I200512 19:47:36.487057 13 storage/engine/rocksdb.go:120  [db/version_set.cc:4286] Recovered from manifest file:/var/lib/cockroach/MANIFEST-000302 succeeded,manifest_file_number is 302, next_file_number is 304, last_sequence is 5977521, log_number is 296,prev_log_number is 0,max_column_family is 0,min_log_number_to_keep is 0
I200512 19:47:36.487065 13 storage/engine/rocksdb.go:120  [db/version_set.cc:4295] Column family [default] (ID 0), log number is 296
I200512 19:47:36.488786 13 storage/engine/rocksdb.go:120  EVENT_LOG_v1 {"time_micros": 1589312856488766, "job": 1, "event": "recovery_started", "log_files": [303]}
I200512 19:47:36.488795 13 storage/engine/rocksdb.go:120  [db/db_impl_open.cc:598] Recovering log #303 mode 0
I200512 19:47:36.504804 13 storage/engine/rocksdb.go:120  EVENT_LOG_v1 {"time_micros": 1589312856504758, "cf_name": "default", "job": 1, "event": "table_file_creation", "file_number": 304, "file_size": 68584, "table_properties": {"data_size": 66182, "index_size": 259, "index_partitions": 0, "top_level_index_size": 0, "index_key_is_user_key": 0, "index_value_is_delta_encoded": 0, "filter_size": 1221, "raw_key_size": 44959, "raw_average_key_size": 46, "raw_value_size": 259407, "raw_average_value_size": 266, "num_data_blocks": 6, "num_entries": 972, "num_deletions": 41, "num_merge_operands": 664, "num_range_deletions": 664, "format_version": 0, "fixed_key_len": 0, "filter_policy": "rocksdb.BuiltinBloomFilter", "column_family_name": "default", "column_family_id": 0, "comparator": "cockroach_comparator", "merge_operator": "cockroach_merge_operator", "prefix_extractor_name": "cockroach_prefix_extractor", "property_collectors": "[TimeBoundTblPropCollectorFactory,DeleteRangeTblPropCollectorFactory]", "compression": "Snappy", "compression_options": "window_bits=-14; level=32767; strategy=0; max_dict_bytes=0; zstd_max_train_bytes=0; enabled=0; ", "creation_time": 1589312856, "oldest_key_time": 3, "file_creation_time": 0}}
I200512 19:47:36.505033 13 storage/engine/rocksdb.go:120  [db/version_set.cc:3560] Creating manifest 305
I200512 19:47:36.514788 13 storage/engine/rocksdb.go:120  EVENT_LOG_v1 {"time_micros": 1589312856514758, "job": 1, "event": "recovery_finished"}
I200512 19:47:36.537028 17 storage/engine/rocksdb.go:120  [db/compaction_job.cc:1647] [default] [JOB 3] Compacting 2@0 + 2@6 files to L6, score 1.00
I200512 19:47:36.537042 17 storage/engine/rocksdb.go:120  [db/compaction_job.cc:1651] [default] Compaction start summary: Base version 2 Base level 0, inputs: [304(66KB) 301(95KB)], [298(4122KB) 299(3132KB)]
I200512 19:47:36.537078 17 storage/engine/rocksdb.go:120  EVENT_LOG_v1 {"time_micros": 1589312856537059, "job": 3, "event": "compaction_started", "compaction_reason": "LevelL0FilesNum", "files_L0": [304, 301], "files_L6": [298, 299], "score": 1, "input_data_size": 7595997}
I200512 19:47:36.542474 13 storage/engine/rocksdb.go:120  DB pointer 0x7f0e65934000
I200512 19:47:36.647941 17 storage/engine/rocksdb.go:120  [db/compaction_job.cc:1334] [default] [JOB 3] Generated table #309: 12183 keys, 4225290 bytes
I200512 19:47:36.648004 17 storage/engine/rocksdb.go:120  EVENT_LOG_v1 {"time_micros": 1589312856647958, "cf_name": "default", "job": 3, "event": "table_file_creation", "file_number": 309, "file_size": 4225290, "table_properties": {"data_size": 4206451, "index_size": 65226, "index_partitions": 0, "top_level_index_size": 0, "index_key_is_user_key": 0, "index_value_is_delta_encoded": 0, "filter_size": 0, "raw_key_size": 612576, "raw_average_key_size": 50, "raw_value_size": 30342681, "raw_average_value_size": 2490, "num_data_blocks": 952, "num_entries": 12183, "num_deletions": 0, "num_merge_operands": 0, "num_range_deletions": 0, "format_version": 0, "fixed_key_len": 0, "filter_policy": "rocksdb.BuiltinBloomFilter", "column_family_name": "default", "column_family_id": 0, "comparator": "cockroach_comparator", "merge_operator": "cockroach_merge_operator", "prefix_extractor_name": "cockroach_prefix_extractor", "property_collectors": "[TimeBoundTblPropCollectorFactory,DeleteRangeTblPropCollectorFactory]", "compression": "Snappy", "compression_options": "window_bits=-14; level=32767; strategy=0; max_dict_bytes=0; zstd_max_train_bytes=0; enabled=0; ", "creation_time": 1589312856, "oldest_key_time": 0, "file_creation_time": 1589312856}}
I200512 19:47:36.727662 17 storage/engine/rocksdb.go:120  [db/compaction_job.cc:1334] [default] [JOB 3] Generated table #310: 15730 keys, 3217181 bytes
I200512 19:47:36.727712 17 storage/engine/rocksdb.go:120  EVENT_LOG_v1 {"time_micros": 1589312856727685, "cf_name": "default", "job": 3, "event": "table_file_creation", "file_number": 310, "file_size": 3217181, "table_properties": {"data_size": 3203492, "index_size": 42646, "index_partitions": 0, "top_level_index_size": 0, "index_key_is_user_key": 0, "index_value_is_delta_encoded": 0, "filter_size": 0, "raw_key_size": 641532, "raw_average_key_size": 40, "raw_value_size": 19651310, "raw_average_value_size": 1249, "num_data_blocks": 624, "num_entries": 15730, "num_deletions": 0, "num_merge_operands": 0, "num_range_deletions": 0, "format_version": 0, "fixed_key_len": 0, "filter_policy": "rocksdb.BuiltinBloomFilter", "column_family_name": "default", "column_family_id": 0, "comparator": "cockroach_comparator", "merge_operator": "cockroach_merge_operator", "prefix_extractor_name": "cockroach_prefix_extractor", "property_collectors": "[TimeBoundTblPropCollectorFactory,DeleteRangeTblPropCollectorFactory]", "compression": "Snappy", "compression_options": "window_bits=-14; level=32767; strategy=0; max_dict_bytes=0; zstd_max_train_bytes=0; enabled=0; ", "creation_time": 1589312856, "oldest_key_time": 0, "file_creation_time": 1589312856}}
I200512 19:47:36.732972 17 storage/engine/rocksdb.go:120  [db/compaction_job.cc:1397] [default] [JOB 3] Compacted 2@0 + 2@6 files to L6 => 7442471 bytes
I200512 19:47:36.733364 17 storage/engine/rocksdb.go:120  (Original Log Time 2020/05/12-19:47:36.733251) [db/compaction_job.cc:770] [default] compacted to: base level 6 level multiplier 10.00 max bytes base 67108864 files[0 0 0 0 0 0 2] max score 0.00, MB/sec: 39.7 rd, 38.9 wr, level 6, files in(2, 2) out(2) MB in(0.2, 7.1) out(7.1), read-write-amplify(90.1) write-amplify(44.6) OK, records in: 31184, records dropped: 1943 output_compression: Snappy
I200512 19:47:36.733373 17 storage/engine/rocksdb.go:120  (Original Log Time 2020/05/12-19:47:36.733274) EVENT_LOG_v1 {"time_micros": 1589312856733264, "job": 3, "event": "compaction_finished", "compaction_time_micros": 191140, "compaction_time_cpu_micros": 74155, "output_level": 6, "num_output_files": 2, "total_output_size": 7442471, "num_input_records": 29856, "num_output_records": 27913, "num_subcompactions": 1, "output_compression": "Snappy", "num_single_delete_mismatches": 0, "num_single_delete_fallthrough": 0, "lsm_state": [0, 0, 0, 0, 0, 0, 2]}
I200512 19:47:36.734019 17 storage/engine/rocksdb.go:120  EVENT_LOG_v1 {"time_micros": 1589312856734005, "job": 3, "event": "table_file_deletion", "file_number": 304}
I200512 19:47:36.734621 17 storage/engine/rocksdb.go:120  EVENT_LOG_v1 {"time_micros": 1589312856734610, "job": 3, "event": "table_file_deletion", "file_number": 301}
I200512 19:47:36.735639 17 storage/engine/rocksdb.go:120  EVENT_LOG_v1 {"time_micros": 1589312856735624, "job": 3, "event": "table_file_deletion", "file_number": 299}
I200512 19:47:36.736359 17 storage/engine/rocksdb.go:120  EVENT_LOG_v1 {"time_micros": 1589312856736346, "job": 3, "event": "table_file_deletion", "file_number": 298}
I200512 20:01:54.925608 9958 storage/engine/rocksdb.go:120  bloom filter utility:    -nan%
I200512 20:01:54.925907 9958 storage/engine/rocksdb.go:120  [db/db_impl.cc:392] Shutdown: canceling all background work
I200512 20:01:54.928384 9958 storage/engine/rocksdb.go:120  [db/db_impl.cc:565] Shutdown complete
I200512 20:01:54.940781 9958 storage/engine/rocksdb.go:120  bloom filter utility:    66.7%
I200512 20:01:54.941166 9958 storage/engine/rocksdb.go:120  [db/db_impl.cc:392] Shutdown: canceling all background work
I200512 20:01:54.950594 9958 storage/engine/rocksdb.go:120  [db/db_impl.cc:565] Shutdown complete
