I200512 19:47:35.941328 1 util/log/clog.go:1196  [config] file created at: 2020/05/12 19:47:35
I200512 19:47:35.941328 1 util/log/clog.go:1196  [config] running on machine: d1236db49687
I200512 19:47:35.941328 1 util/log/clog.go:1196  [config] binary: CockroachDB CCL v19.2.5 (x86_64-unknown-linux-gnu, built 2020/03/16 18:27:12, go1.12.12)
I200512 19:47:35.941328 1 util/log/clog.go:1196  [config] arguments: [/cockroach/cockroach start --insecure --store=attrs=ssd,path=/var/lib/cockroach/]
I200512 19:47:35.941328 1 util/log/clog.go:1196  line format: [IWEF]yymmdd hh:mm:ss.uuuuuu goid file:line msg utf8=✓
I200512 19:47:35.941327 1 cli/start.go:1144  logging to directory /var/lib/cockroach/logs
W200512 19:47:35.949313 1 cli/start.go:1182  RUNNING IN INSECURE MODE!

- Your cluster is open for any client that can access <all your IP addresses>.
- Any user, even root, can log in without providing a password.
- Any user, connecting as root, can read or write any data in your cluster.
- There is no network encryption nor authentication, and thus no confidentiality.

Check out how to secure your cluster: https://www.cockroachlabs.com/docs/v19.2/secure-a-cluster.html
I200512 19:47:35.949835 1 server/status/recorder.go:597  available memory from cgroups (8.0 EiB) is unsupported, using system memory 1.9 GiB instead: 
W200512 19:47:35.949899 1 cli/start.go:1052  Using the default setting for --cache (128 MiB).
  A significantly larger value is usually needed for good performance.
  If you have a dedicated server a reasonable setting is --cache=.25 (497 MiB).
I200512 19:47:35.950140 1 server/status/recorder.go:597  available memory from cgroups (8.0 EiB) is unsupported, using system memory 1.9 GiB instead: 
W200512 19:47:35.950160 1 cli/start.go:1065  Using the default setting for --max-sql-memory (128 MiB).
  A significantly larger value is usually needed in production.
  If you have a dedicated server a reasonable setting is --max-sql-memory=.25 (497 MiB).
I200512 19:47:35.950415 1 server/status/recorder.go:597  available memory from cgroups (8.0 EiB) is unsupported, using system memory 1.9 GiB instead: 
I200512 19:47:35.950434 1 cli/start.go:1196  CockroachDB CCL v19.2.5 (x86_64-unknown-linux-gnu, built 2020/03/16 18:27:12, go1.12.12)
W200512 19:47:36.271648 1 cli/start.go:511  running 'cockroach start' without --join is deprecated.
Consider using 'cockroach start-single-node' or 'cockroach init' instead.
I200512 19:47:36.290356 1 server/status/recorder.go:597  available memory from cgroups (8.0 EiB) is unsupported, using system memory 1.9 GiB instead: 
I200512 19:47:36.290373 1 server/config.go:394  system total memory: 1.9 GiB
I200512 19:47:36.290399 1 server/config.go:396  server configuration:
max offset             500000000
cache size             128 MiB
SQL memory pool size   128 MiB
scan interval          10m0s
scan min idle time     10ms
scan max idle time     1s
event log enabled      true
I200512 19:47:36.290408 1 cli/start.go:1030  using local environment variables: COCKROACH_CHANNEL=official-docker
I200512 19:47:36.290416 1 cli/start.go:1037  process identity: uid 0 euid 0 gid 0 egid 0
I200512 19:47:36.290446 1 cli/start.go:644  starting cockroach node
I200512 19:47:36.294151 13 storage/engine/rocksdb.go:622  opening rocksdb instance at "/var/lib/cockroach/cockroach-temp340787196"
I200512 19:47:36.467364 13 server/server.go:928  [n?] monitoring forward clock jumps based on server.clock.forward_jump_check_enabled
I200512 19:47:36.469967 13 storage/engine/rocksdb.go:622  opening rocksdb instance at "/var/lib/cockroach"
I200512 19:47:36.542574 13 server/config.go:502  [n?] 1 storage engine initialized
I200512 19:47:36.542581 13 server/config.go:505  [n?] RocksDB cache size: 128 MiB
I200512 19:47:36.542585 13 server/config.go:505  [n?] store 0: RocksDB, max size 0 B, max open file limit 1043576
W200512 19:47:36.584071 13 cli/start.go:996  neither --listen-addr nor --advertise-addr was specified.
The server will advertise "d1236db49687" to other nodes, is this routable?

Consider using:
- for local-only servers:  --listen-addr=localhost
- for multi-node clusters: --advertise-addr=<host/IP addr>
I200512 19:47:36.589343 13 server/server.go:978  [n?] Sleeping till wall time 1589312856589311905 to catches up to 1589312856967332807 to ensure monotonicity. Delta: 378.020902ms
I200512 19:47:36.968776 13 gossip/gossip.go:394  [n1] NodeDescriptor set to node_id:1 address:<network_field:"tcp" address_field:"d1236db49687:26257" > attrs:<> locality:<> ServerVersion:<major_val:19 minor_val:2 patch:0 unstable:0 > build_tag:"v19.2.5" started_at:1589312856968669003 cluster_name:"" sql_address:<network_field:"tcp" address_field:"d1236db49687:26257" > 
W200512 19:47:36.995577 109 storage/replica_range_lease.go:554  can't determine lease status due to node liveness error: node not in the liveness table
github.com/cockroachdb/cockroach/pkg/storage.init.ializers
	/go/src/github.com/cockroachdb/cockroach/pkg/storage/node_liveness.go:44
runtime.main
	/usr/local/go/src/runtime/proc.go:188
runtime.goexit
	/usr/local/go/src/runtime/asm_amd64.s:1337
W200512 19:47:36.995602 109 storage/store.go:1530  [n1,s1,r6/1:/Table/{SystemCon…-11}] could not gossip system config: [NotLeaseHolderError] r6: replica (n1,s1):1 not lease holder; lease holder unknown
I200512 19:47:37.090764 13 server/node.go:431  [n1] initialized store [n1,s1]: disk (capacity=894 GiB, available=593 GiB, used=13 MiB, logicalBytes=60 MiB), ranges=38, leases=2, queries=0.00, writes=0.00, bytesPerReplica={p10=0.00 p25=0.00 p50=0.00 p75=17808.00 p90=105838.00 pMax=44869348.00}, writesPerReplica={p10=0.00 p25=0.00 p50=0.00 p75=0.00 p90=0.00 pMax=0.00}
I200512 19:47:37.090849 13 storage/stores.go:240  [n1] read 0 node addresses from persistent storage
I200512 19:47:37.090920 13 server/node.go:645  [n1] connecting to gossip network to verify cluster ID...
I200512 19:47:37.090932 13 server/node.go:665  [n1] node connected via gossip and verified as part of cluster "3d423bb5-5d67-4ebf-947b-999bec430444"
I200512 19:47:37.091030 13 server/node.go:512  [n1] node=1: started with [ssd=/var/lib/cockroach] engine(s) and attributes []
I200512 19:47:37.092071 13 server/server.go:1514  [n1] starting http server at [::]:8080 (use: d1236db49687:8080)
I200512 19:47:37.092084 13 server/server.go:1521  [n1] starting grpc/postgres server at [::]:26257
I200512 19:47:37.092094 13 server/server.go:1522  [n1] advertising CockroachDB node at d1236db49687:26257
I200512 19:47:37.113709 128 storage/node_liveness.go:474  [n1,liveness-hb] heartbeat failed on epoch increment; retrying
I200512 19:47:37.121354 13 server/server.go:1590  [n1] done ensuring all necessary migrations have run
I200512 19:47:37.121408 13 server/server.go:1841  [n1] serving sql connections
I200512 19:47:37.121456 13 cli/start.go:803  [config] clusterID: 3d423bb5-5d67-4ebf-947b-999bec430444
I200512 19:47:37.121484 13 cli/start.go:812  node startup completed:
CockroachDB node starting at 2020-05-12 19:47:37.121420601 +0000 UTC (took 1.2s)
build:               CCL v19.2.5 @ 2020/03/16 18:27:12 (go1.12.12)
webui:               http://d1236db49687:8080
sql:                 postgresql://root@d1236db49687:26257?sslmode=disable
RPC client flags:    /cockroach/cockroach <client cmd> --host=d1236db49687:26257 --insecure
logs:                /var/lib/cockroach/logs
temp dir:            /var/lib/cockroach/cockroach-temp340787196
external I/O path:   /var/lib/cockroach/extern
store[0]:            path=/var/lib/cockroach,attrs=ssd
status:              restarted pre-existing node
clusterID:           3d423bb5-5d67-4ebf-947b-999bec430444
nodeID:              1
I200512 19:47:37.124173 171 server/server_update.go:50  [n1] failed attempt to upgrade cluster version, error: node 1 not running (UNAVAILABLE), cannot determine version
I200512 19:47:37.139866 173 sql/event_log.go:130  [n1] Event: "node_restart", target: 1, info: {Descriptor:{NodeID:1 Address:d1236db49687:26257 Attrs: Locality: ServerVersion:19.2 BuildTag:v19.2.5 StartedAt:1589312856968669003 LocalityAddress:[] ClusterName: SQLAddress:d1236db49687:26257} ClusterID:3d423bb5-5d67-4ebf-947b-999bec430444 StartedAt:1589312856968669003 LastUp:1589312848560868643}
I200512 19:47:38.152477 71 gossip/gossip.go:1531  [n1] node has connected to cluster via gossip
I200512 19:47:38.152592 71 storage/stores.go:259  [n1] wrote 0 node addresses to persistent storage
I200512 19:47:38.246857 171 server/server_update.go:53  [n1] no need to upgrade, cluster already at the newest version
I200512 19:47:38.522043 175 server/updates.go:267  [n1] A new version is available: 20.1.0, details: https://www.cockroachlabs.com/docs/releases/v20.1.0.html
I200512 19:47:47.112639 122 server/status/runtime.go:498  [n1] runtime stats: 119 MiB RSS, 117 goroutines, 102 MiB/22 MiB/135 MiB GO alloc/idle/total, 15 MiB/18 MiB CGO alloc/total, 0.0 CGO/sec, 0.0/0.0 %(u/s)time, 0.0 %gc (9x), 34 KiB/41 KiB (r/w)net
I200512 19:47:57.095966 117 storage/store.go:2364  [n1,s1] sstables (read amplification = 1):
6 [ 7M 2 ]: 4M 3M
I200512 19:47:57.096046 117 storage/store.go:2365  [n1,s1] 
** Compaction Stats [default] **
Level    Files   Size     Score Read(GB)  Rn(GB) Rnp1(GB) Write(GB) Wnew(GB) Moved(GB) W-Amp Rd(MB/s) Wr(MB/s) Comp(sec) CompMergeCPU(sec) Comp(cnt) Avg(sec) KeyIn KeyDrop
----------------------------------------------------------------------------------------------------------------------------------------------------------------------------
  L0      0/0    0.00 KB   0.0      0.0     0.0      0.0       0.0      0.0       0.0   1.0      0.0      5.3      0.01              0.00         1    0.012       0      0
  L6      2/0    7.10 MB   0.0      0.0     0.0      0.0       0.0      0.0       0.0  44.6     37.9     37.1      0.19              0.07         1    0.191     31K   1943
 Sum      2/0    7.10 MB   0.0      0.0     0.0      0.0       0.0      0.0       0.0 109.5     35.6     35.2      0.20              0.07         2    0.102     31K   1943
 Int      0/0    0.00 KB   0.0      0.0     0.0      0.0       0.0      0.0       0.0 109.5     35.6     35.2      0.20              0.07         2    0.102     31K   1943

** Compaction Stats [default] **
Priority    Files   Size     Score Read(GB)  Rn(GB) Rnp1(GB) Write(GB) Wnew(GB) Moved(GB) W-Amp Rd(MB/s) Wr(MB/s) Comp(sec) CompMergeCPU(sec) Comp(cnt) Avg(sec) KeyIn KeyDrop
-------------------------------------------------------------------------------------------------------------------------------------------------------------------------------
 Low      0/0    0.00 KB   0.0      0.0     0.0      0.0       0.0      0.0       0.0   0.0     37.9     37.1      0.19              0.07         1    0.191     31K   1943
User      0/0    0.00 KB   0.0      0.0     0.0      0.0       0.0      0.0       0.0   0.0      0.0      5.3      0.01              0.00         1    0.012       0      0
Uptime(secs): 20.6 total, 20.6 interval
Flush(GB): cumulative 0.000, interval 0.000
AddFile(GB): cumulative 0.000, interval 0.000
AddFile(Total Files): cumulative 0, interval 0
AddFile(L0 Files): cumulative 0, interval 0
AddFile(Keys): cumulative 0, interval 0
Cumulative compaction: 0.01 GB write, 0.35 MB/s write, 0.01 GB read, 0.35 MB/s read, 0.2 seconds
Interval compaction: 0.01 GB write, 0.35 MB/s write, 0.01 GB read, 0.35 MB/s read, 0.2 seconds
Stalls(count): 0 level0_slowdown, 0 level0_slowdown_with_compaction, 0 level0_numfiles, 0 level0_numfiles_with_compaction, 0 stop for pending_compaction_bytes, 0 slowdown for pending_compaction_bytes, 0 memtable_compaction, 0 memtable_slowdown, interval 0 total count
estimated_pending_compaction_bytes: 0 B
I200512 19:47:57.112784 122 server/status/runtime.go:498  [n1] runtime stats: 128 MiB RSS, 117 goroutines, 111 MiB/13 MiB/135 MiB GO alloc/idle/total, 15 MiB/18 MiB CGO alloc/total, 72.9 CGO/sec, 0.5/0.3 %(u/s)time, 0.0 %gc (0x), 302 B/162 B (r/w)net
I200512 19:48:07.112811 122 server/status/runtime.go:498  [n1] runtime stats: 137 MiB RSS, 117 goroutines, 77 MiB/42 MiB/135 MiB GO alloc/idle/total, 15 MiB/18 MiB CGO alloc/total, 62.1 CGO/sec, 0.7/0.3 %(u/s)time, 0.0 %gc (1x), 70 B/0 B (r/w)net
I200512 19:48:17.113006 122 server/status/runtime.go:498  [n1] runtime stats: 138 MiB RSS, 118 goroutines, 84 MiB/36 MiB/135 MiB GO alloc/idle/total, 15 MiB/18 MiB CGO alloc/total, 52.8 CGO/sec, 0.5/0.1 %(u/s)time, 0.0 %gc (0x), 70 B/0 B (r/w)net
I200512 19:48:27.113036 122 server/status/runtime.go:498  [n1] runtime stats: 138 MiB RSS, 118 goroutines, 90 MiB/31 MiB/135 MiB GO alloc/idle/total, 15 MiB/18 MiB CGO alloc/total, 35.4 CGO/sec, 0.5/0.1 %(u/s)time, 0.0 %gc (0x), 0 B/0 B (r/w)net
I200512 19:48:37.091356 118 gossip/gossip.go:566  [n1] gossip status (ok, 1 node)
gossip client (0/3 cur/max conns)
gossip server (0/3 cur/max conns, infos 0/0 sent/received, bytes 0B/0B sent/received)
gossip connectivity
  n1 [sentinel];
I200512 19:48:37.113147 122 server/status/runtime.go:498  [n1] runtime stats: 139 MiB RSS, 118 goroutines, 97 MiB/25 MiB/135 MiB GO alloc/idle/total, 15 MiB/18 MiB CGO alloc/total, 29.1 CGO/sec, 0.4/0.2 %(u/s)time, 0.0 %gc (0x), 0 B/0 B (r/w)net
I200512 19:48:47.113924 122 server/status/runtime.go:498  [n1] runtime stats: 140 MiB RSS, 117 goroutines, 106 MiB/17 MiB/135 MiB GO alloc/idle/total, 15 MiB/18 MiB CGO alloc/total, 85.8 CGO/sec, 0.5/0.1 %(u/s)time, 0.0 %gc (0x), 206 B/66 B (r/w)net
I200512 19:48:57.114139 122 server/status/runtime.go:498  [n1] runtime stats: 141 MiB RSS, 117 goroutines, 112 MiB/11 MiB/135 MiB GO alloc/idle/total, 15 MiB/18 MiB CGO alloc/total, 23.9 CGO/sec, 0.3/0.2 %(u/s)time, 0.0 %gc (0x), 84 B/84 B (r/w)net
I200512 19:49:07.114404 122 server/status/runtime.go:498  [n1] runtime stats: 144 MiB RSS, 118 goroutines, 121 MiB/2.8 MiB/135 MiB GO alloc/idle/total, 15 MiB/18 MiB CGO alloc/total, 26.4 CGO/sec, 0.5/0.2 %(u/s)time, 0.0 %gc (0x), 422 B/426 B (r/w)net
I200512 19:49:17.114341 122 server/status/runtime.go:498  [n1] runtime stats: 150 MiB RSS, 119 goroutines, 129 MiB/59 MiB/202 MiB GO alloc/idle/total, 15 MiB/19 MiB CGO alloc/total, 28.0 CGO/sec, 0.4/0.2 %(u/s)time, 0.0 %gc (0x), 0 B/0 B (r/w)net
I200512 19:49:27.114490 122 server/status/runtime.go:498  [n1] runtime stats: 158 MiB RSS, 118 goroutines, 80 MiB/103 MiB/202 MiB GO alloc/idle/total, 15 MiB/19 MiB CGO alloc/total, 21.6 CGO/sec, 0.5/0.2 %(u/s)time, 0.0 %gc (1x), 0 B/0 B (r/w)net
I200512 19:49:37.091528 118 gossip/gossip.go:566  [n1] gossip status (ok, 1 node)
gossip client (0/3 cur/max conns)
gossip server (0/3 cur/max conns, infos 0/0 sent/received, bytes 0B/0B sent/received)
I200512 19:49:37.114574 122 server/status/runtime.go:498  [n1] runtime stats: 159 MiB RSS, 118 goroutines, 86 MiB/97 MiB/202 MiB GO alloc/idle/total, 15 MiB/19 MiB CGO alloc/total, 26.0 CGO/sec, 0.4/0.1 %(u/s)time, 0.0 %gc (0x), 0 B/0 B (r/w)net
I200512 19:49:47.114775 122 server/status/runtime.go:498  [n1] runtime stats: 159 MiB RSS, 117 goroutines, 94 MiB/92 MiB/202 MiB GO alloc/idle/total, 15 MiB/19 MiB CGO alloc/total, 52.6 CGO/sec, 0.3/0.2 %(u/s)time, 0.0 %gc (0x), 0 B/0 B (r/w)net
I200512 19:49:57.114788 122 server/status/runtime.go:498  [n1] runtime stats: 160 MiB RSS, 117 goroutines, 100 MiB/86 MiB/202 MiB GO alloc/idle/total, 15 MiB/19 MiB CGO alloc/total, 27.6 CGO/sec, 0.3/0.1 %(u/s)time, 0.0 %gc (0x), 70 B/0 B (r/w)net
I200512 19:50:07.115022 122 server/status/runtime.go:498  [n1] runtime stats: 160 MiB RSS, 117 goroutines, 106 MiB/80 MiB/202 MiB GO alloc/idle/total, 15 MiB/19 MiB CGO alloc/total, 23.5 CGO/sec, 0.4/0.1 %(u/s)time, 0.0 %gc (0x), 220 B/150 B (r/w)net
I200512 19:50:17.115079 122 server/status/runtime.go:498  [n1] runtime stats: 160 MiB RSS, 118 goroutines, 113 MiB/74 MiB/202 MiB GO alloc/idle/total, 15 MiB/19 MiB CGO alloc/total, 49.9 CGO/sec, 0.4/0.1 %(u/s)time, 0.0 %gc (0x), 0 B/0 B (r/w)net
I200512 19:50:27.115220 122 server/status/runtime.go:498  [n1] runtime stats: 161 MiB RSS, 118 goroutines, 120 MiB/68 MiB/202 MiB GO alloc/idle/total, 15 MiB/19 MiB CGO alloc/total, 22.3 CGO/sec, 0.3/0.1 %(u/s)time, 0.0 %gc (0x), 413 B/424 B (r/w)net
I200512 19:50:37.091360 118 gossip/gossip.go:566  [n1] gossip status (ok, 1 node)
gossip client (0/3 cur/max conns)
gossip server (0/3 cur/max conns, infos 0/0 sent/received, bytes 0B/0B sent/received)
I200512 19:50:37.115324 122 server/status/runtime.go:498  [n1] runtime stats: 162 MiB RSS, 118 goroutines, 126 MiB/62 MiB/202 MiB GO alloc/idle/total, 15 MiB/19 MiB CGO alloc/total, 30.3 CGO/sec, 0.3/0.1 %(u/s)time, 0.0 %gc (0x), 42 B/42 B (r/w)net
I200512 19:50:47.115625 122 server/status/runtime.go:498  [n1] runtime stats: 162 MiB RSS, 117 goroutines, 133 MiB/55 MiB/202 MiB GO alloc/idle/total, 15 MiB/19 MiB CGO alloc/total, 53.2 CGO/sec, 0.5/0.2 %(u/s)time, 0.0 %gc (0x), 422 B/426 B (r/w)net
I200512 19:50:57.115580 122 server/status/runtime.go:498  [n1] runtime stats: 168 MiB RSS, 117 goroutines, 141 MiB/46 MiB/202 MiB GO alloc/idle/total, 15 MiB/19 MiB CGO alloc/total, 19.8 CGO/sec, 0.4/0.2 %(u/s)time, 0.0 %gc (0x), 0 B/0 B (r/w)net
I200512 19:51:07.115739 122 server/status/runtime.go:498  [n1] runtime stats: 177 MiB RSS, 117 goroutines, 82 MiB/101 MiB/202 MiB GO alloc/idle/total, 15 MiB/19 MiB CGO alloc/total, 27.3 CGO/sec, 0.5/0.1 %(u/s)time, 0.0 %gc (1x), 0 B/0 B (r/w)net
I200512 19:51:17.115811 122 server/status/runtime.go:498  [n1] runtime stats: 177 MiB RSS, 118 goroutines, 88 MiB/95 MiB/202 MiB GO alloc/idle/total, 15 MiB/19 MiB CGO alloc/total, 25.7 CGO/sec, 0.4/0.1 %(u/s)time, 0.0 %gc (0x), 0 B/0 B (r/w)net
I200512 19:51:27.115928 122 server/status/runtime.go:498  [n1] runtime stats: 177 MiB RSS, 118 goroutines, 94 MiB/90 MiB/202 MiB GO alloc/idle/total, 15 MiB/19 MiB CGO alloc/total, 31.2 CGO/sec, 0.3/0.1 %(u/s)time, 0.0 %gc (0x), 0 B/0 B (r/w)net
I200512 19:51:37.091340 118 gossip/gossip.go:566  [n1] gossip status (ok, 1 node)
gossip client (0/3 cur/max conns)
gossip server (0/3 cur/max conns, infos 0/0 sent/received, bytes 0B/0B sent/received)
I200512 19:51:37.116052 122 server/status/runtime.go:498  [n1] runtime stats: 177 MiB RSS, 118 goroutines, 101 MiB/84 MiB/202 MiB GO alloc/idle/total, 15 MiB/19 MiB CGO alloc/total, 22.4 CGO/sec, 0.4/0.1 %(u/s)time, 0.0 %gc (0x), 0 B/0 B (r/w)net
I200512 19:51:47.116169 122 server/status/runtime.go:498  [n1] runtime stats: 177 MiB RSS, 117 goroutines, 108 MiB/78 MiB/202 MiB GO alloc/idle/total, 14 MiB/19 MiB CGO alloc/total, 52.9 CGO/sec, 0.4/0.1 %(u/s)time, 0.0 %gc (0x), 150 B/150 B (r/w)net
I200512 19:51:57.116271 122 server/status/runtime.go:498  [n1] runtime stats: 178 MiB RSS, 117 goroutines, 114 MiB/72 MiB/202 MiB GO alloc/idle/total, 14 MiB/19 MiB CGO alloc/total, 21.1 CGO/sec, 0.3/0.1 %(u/s)time, 0.0 %gc (0x), 0 B/0 B (r/w)net
I200512 19:52:07.116366 122 server/status/runtime.go:498  [n1] runtime stats: 178 MiB RSS, 117 goroutines, 120 MiB/66 MiB/202 MiB GO alloc/idle/total, 14 MiB/19 MiB CGO alloc/total, 27.5 CGO/sec, 0.3/0.2 %(u/s)time, 0.0 %gc (0x), 0 B/0 B (r/w)net
I200512 19:52:17.116558 122 server/status/runtime.go:498  [n1] runtime stats: 178 MiB RSS, 118 goroutines, 127 MiB/60 MiB/202 MiB GO alloc/idle/total, 14 MiB/19 MiB CGO alloc/total, 25.5 CGO/sec, 0.3/0.1 %(u/s)time, 0.0 %gc (0x), 0 B/0 B (r/w)net
I200512 19:52:27.116678 122 server/status/runtime.go:498  [n1] runtime stats: 178 MiB RSS, 118 goroutines, 133 MiB/54 MiB/202 MiB GO alloc/idle/total, 14 MiB/19 MiB CGO alloc/total, 23.0 CGO/sec, 0.3/0.1 %(u/s)time, 0.0 %gc (0x), 140 B/0 B (r/w)net
I200512 19:52:37.091316 118 gossip/gossip.go:566  [n1] gossip status (ok, 1 node)
gossip client (0/3 cur/max conns)
gossip server (0/3 cur/max conns, infos 0/0 sent/received, bytes 0B/0B sent/received)
I200512 19:52:37.116790 122 server/status/runtime.go:498  [n1] runtime stats: 178 MiB RSS, 118 goroutines, 139 MiB/48 MiB/202 MiB GO alloc/idle/total, 14 MiB/19 MiB CGO alloc/total, 26.2 CGO/sec, 0.3/0.1 %(u/s)time, 0.0 %gc (0x), 0 B/0 B (r/w)net
I200512 19:52:47.116934 122 server/status/runtime.go:498  [n1] runtime stats: 179 MiB RSS, 117 goroutines, 147 MiB/41 MiB/202 MiB GO alloc/idle/total, 14 MiB/19 MiB CGO alloc/total, 73.1 CGO/sec, 0.5/0.1 %(u/s)time, 0.0 %gc (0x), 150 B/150 B (r/w)net
I200512 19:52:57.117099 122 server/status/runtime.go:498  [n1] runtime stats: 185 MiB RSS, 117 goroutines, 78 MiB/105 MiB/202 MiB GO alloc/idle/total, 14 MiB/19 MiB CGO alloc/total, 28.7 CGO/sec, 0.5/0.2 %(u/s)time, 0.0 %gc (1x), 0 B/0 B (r/w)net
I200512 19:53:07.117195 122 server/status/runtime.go:498  [n1] runtime stats: 186 MiB RSS, 117 goroutines, 84 MiB/99 MiB/202 MiB GO alloc/idle/total, 14 MiB/19 MiB CGO alloc/total, 24.0 CGO/sec, 0.3/0.1 %(u/s)time, 0.0 %gc (0x), 0 B/0 B (r/w)net
I200512 19:53:17.117307 122 server/status/runtime.go:498  [n1] runtime stats: 186 MiB RSS, 118 goroutines, 91 MiB/94 MiB/202 MiB GO alloc/idle/total, 14 MiB/19 MiB CGO alloc/total, 25.3 CGO/sec, 0.3/0.2 %(u/s)time, 0.0 %gc (0x), 0 B/0 B (r/w)net
I200512 19:53:27.117398 122 server/status/runtime.go:498  [n1] runtime stats: 186 MiB RSS, 118 goroutines, 97 MiB/88 MiB/202 MiB GO alloc/idle/total, 14 MiB/19 MiB CGO alloc/total, 24.0 CGO/sec, 0.4/0.0 %(u/s)time, 0.0 %gc (0x), 0 B/0 B (r/w)net
I200512 19:53:37.091319 118 gossip/gossip.go:566  [n1] gossip status (ok, 1 node)
gossip client (0/3 cur/max conns)
gossip server (0/3 cur/max conns, infos 0/0 sent/received, bytes 0B/0B sent/received)
I200512 19:53:37.117532 122 server/status/runtime.go:498  [n1] runtime stats: 186 MiB RSS, 118 goroutines, 103 MiB/82 MiB/202 MiB GO alloc/idle/total, 21 MiB/27 MiB CGO alloc/total, 29.2 CGO/sec, 0.3/0.2 %(u/s)time, 0.0 %gc (0x), 0 B/0 B (r/w)net
I200512 19:53:47.117664 122 server/status/runtime.go:498  [n1] runtime stats: 186 MiB RSS, 117 goroutines, 111 MiB/76 MiB/202 MiB GO alloc/idle/total, 21 MiB/27 MiB CGO alloc/total, 49.8 CGO/sec, 0.4/0.1 %(u/s)time, 0.0 %gc (0x), 66 B/66 B (r/w)net
I200512 19:53:57.117769 122 server/status/runtime.go:498  [n1] runtime stats: 187 MiB RSS, 117 goroutines, 117 MiB/70 MiB/202 MiB GO alloc/idle/total, 21 MiB/27 MiB CGO alloc/total, 24.2 CGO/sec, 0.3/0.1 %(u/s)time, 0.0 %gc (0x), 84 B/84 B (r/w)net
I200512 19:54:07.117894 122 server/status/runtime.go:498  [n1] runtime stats: 187 MiB RSS, 117 goroutines, 123 MiB/64 MiB/202 MiB GO alloc/idle/total, 21 MiB/27 MiB CGO alloc/total, 27.4 CGO/sec, 0.3/0.2 %(u/s)time, 0.0 %gc (0x), 0 B/0 B (r/w)net
I200512 19:54:17.118093 122 server/status/runtime.go:498  [n1] runtime stats: 187 MiB RSS, 118 goroutines, 130 MiB/58 MiB/202 MiB GO alloc/idle/total, 21 MiB/27 MiB CGO alloc/total, 28.9 CGO/sec, 0.3/0.2 %(u/s)time, 0.0 %gc (0x), 0 B/0 B (r/w)net
I200512 19:54:27.118213 122 server/status/runtime.go:498  [n1] runtime stats: 187 MiB RSS, 118 goroutines, 136 MiB/52 MiB/202 MiB GO alloc/idle/total, 21 MiB/27 MiB CGO alloc/total, 27.5 CGO/sec, 0.3/0.1 %(u/s)time, 0.0 %gc (0x), 0 B/0 B (r/w)net
I200512 19:54:37.091284 118 gossip/gossip.go:566  [n1] gossip status (ok, 1 node)
gossip client (0/3 cur/max conns)
gossip server (0/3 cur/max conns, infos 0/0 sent/received, bytes 0B/0B sent/received)
I200512 19:54:37.118297 122 server/status/runtime.go:498  [n1] runtime stats: 188 MiB RSS, 118 goroutines, 142 MiB/46 MiB/202 MiB GO alloc/idle/total, 21 MiB/27 MiB CGO alloc/total, 23.7 CGO/sec, 0.3/0.2 %(u/s)time, 0.0 %gc (0x), 0 B/0 B (r/w)net
I200512 19:54:47.118392 122 server/status/runtime.go:498  [n1] runtime stats: 188 MiB RSS, 117 goroutines, 77 MiB/105 MiB/202 MiB GO alloc/idle/total, 21 MiB/27 MiB CGO alloc/total, 51.3 CGO/sec, 0.3/0.2 %(u/s)time, 0.0 %gc (1x), 66 B/66 B (r/w)net
I200512 19:54:57.118496 122 server/status/runtime.go:498  [n1] runtime stats: 188 MiB RSS, 117 goroutines, 84 MiB/99 MiB/202 MiB GO alloc/idle/total, 21 MiB/27 MiB CGO alloc/total, 25.0 CGO/sec, 0.3/0.1 %(u/s)time, 0.0 %gc (0x), 84 B/84 B (r/w)net
I200512 19:55:07.118631 122 server/status/runtime.go:498  [n1] runtime stats: 189 MiB RSS, 117 goroutines, 90 MiB/93 MiB/168 MiB GO alloc/idle/total, 21 MiB/27 MiB CGO alloc/total, 26.1 CGO/sec, 0.4/0.1 %(u/s)time, 0.0 %gc (0x), 0 B/0 B (r/w)net
I200512 19:55:17.118821 122 server/status/runtime.go:498  [n1] runtime stats: 189 MiB RSS, 118 goroutines, 98 MiB/88 MiB/168 MiB GO alloc/idle/total, 21 MiB/27 MiB CGO alloc/total, 50.0 CGO/sec, 0.4/0.1 %(u/s)time, 0.0 %gc (0x), 0 B/0 B (r/w)net
I200512 19:55:27.118926 122 server/status/runtime.go:498  [n1] runtime stats: 189 MiB RSS, 118 goroutines, 104 MiB/82 MiB/168 MiB GO alloc/idle/total, 21 MiB/27 MiB CGO alloc/total, 21.4 CGO/sec, 0.3/0.1 %(u/s)time, 0.0 %gc (0x), 0 B/0 B (r/w)net
I200512 19:55:37.091379 118 gossip/gossip.go:566  [n1] gossip status (ok, 1 node)
gossip client (0/3 cur/max conns)
gossip server (0/3 cur/max conns, infos 0/0 sent/received, bytes 0B/0B sent/received)
I200512 19:55:37.119015 122 server/status/runtime.go:498  [n1] runtime stats: 189 MiB RSS, 118 goroutines, 110 MiB/76 MiB/168 MiB GO alloc/idle/total, 21 MiB/27 MiB CGO alloc/total, 25.8 CGO/sec, 0.3/0.2 %(u/s)time, 0.0 %gc (0x), 0 B/0 B (r/w)net
I200512 19:55:47.119170 122 server/status/runtime.go:498  [n1] runtime stats: 190 MiB RSS, 117 goroutines, 117 MiB/70 MiB/168 MiB GO alloc/idle/total, 21 MiB/27 MiB CGO alloc/total, 55.5 CGO/sec, 0.4/0.1 %(u/s)time, 0.0 %gc (0x), 132 B/132 B (r/w)net
I200512 19:55:57.119299 122 server/status/runtime.go:498  [n1] runtime stats: 190 MiB RSS, 117 goroutines, 124 MiB/64 MiB/168 MiB GO alloc/idle/total, 21 MiB/27 MiB CGO alloc/total, 27.5 CGO/sec, 0.3/0.1 %(u/s)time, 0.0 %gc (0x), 84 B/84 B (r/w)net
I200512 19:56:07.119399 122 server/status/runtime.go:498  [n1] runtime stats: 190 MiB RSS, 117 goroutines, 130 MiB/58 MiB/168 MiB GO alloc/idle/total, 21 MiB/27 MiB CGO alloc/total, 23.9 CGO/sec, 0.4/0.1 %(u/s)time, 0.0 %gc (0x), 0 B/0 B (r/w)net
I200512 19:56:17.119592 122 server/status/runtime.go:498  [n1] runtime stats: 190 MiB RSS, 118 goroutines, 136 MiB/52 MiB/168 MiB GO alloc/idle/total, 21 MiB/27 MiB CGO alloc/total, 23.3 CGO/sec, 0.3/0.2 %(u/s)time, 0.0 %gc (0x), 0 B/0 B (r/w)net
I200512 19:56:27.119760 122 server/status/runtime.go:498  [n1] runtime stats: 190 MiB RSS, 118 goroutines, 142 MiB/46 MiB/168 MiB GO alloc/idle/total, 21 MiB/27 MiB CGO alloc/total, 54.4 CGO/sec, 0.2/0.1 %(u/s)time, 0.0 %gc (0x), 0 B/0 B (r/w)net
I200512 19:56:37.091210 118 gossip/gossip.go:566  [n1] gossip status (ok, 1 node)
gossip client (0/3 cur/max conns)
gossip server (0/3 cur/max conns, infos 0/0 sent/received, bytes 0B/0B sent/received)
I200512 19:56:37.119754 122 server/status/runtime.go:498  [n1] runtime stats: 191 MiB RSS, 118 goroutines, 149 MiB/39 MiB/168 MiB GO alloc/idle/total, 21 MiB/27 MiB CGO alloc/total, 309.3 CGO/sec, 0.4/0.2 %(u/s)time, 0.0 %gc (0x), 0 B/0 B (r/w)net
I200512 19:56:47.120002 122 server/status/runtime.go:498  [n1] runtime stats: 191 MiB RSS, 117 goroutines, 86 MiB/97 MiB/168 MiB GO alloc/idle/total, 21 MiB/27 MiB CGO alloc/total, 51.1 CGO/sec, 0.5/0.2 %(u/s)time, 0.0 %gc (1x), 0 B/0 B (r/w)net
I200512 19:56:57.120053 122 server/status/runtime.go:498  [n1] runtime stats: 191 MiB RSS, 117 goroutines, 92 MiB/92 MiB/168 MiB GO alloc/idle/total, 21 MiB/27 MiB CGO alloc/total, 23.8 CGO/sec, 0.3/0.1 %(u/s)time, 0.0 %gc (0x), 150 B/150 B (r/w)net
I200512 19:57:07.120130 122 server/status/runtime.go:498  [n1] runtime stats: 191 MiB RSS, 117 goroutines, 99 MiB/86 MiB/168 MiB GO alloc/idle/total, 21 MiB/27 MiB CGO alloc/total, 23.7 CGO/sec, 0.4/0.1 %(u/s)time, 0.0 %gc (0x), 0 B/0 B (r/w)net
I200512 19:57:17.120339 122 server/status/runtime.go:498  [n1] runtime stats: 192 MiB RSS, 118 goroutines, 105 MiB/81 MiB/168 MiB GO alloc/idle/total, 21 MiB/27 MiB CGO alloc/total, 22.9 CGO/sec, 0.3/0.1 %(u/s)time, 0.0 %gc (0x), 140 B/0 B (r/w)net
I200512 19:57:27.120374 122 server/status/runtime.go:498  [n1] runtime stats: 192 MiB RSS, 118 goroutines, 111 MiB/75 MiB/168 MiB GO alloc/idle/total, 21 MiB/27 MiB CGO alloc/total, 32.9 CGO/sec, 0.3/0.1 %(u/s)time, 0.0 %gc (0x), 0 B/0 B (r/w)net
I200512 19:57:37.091356 118 gossip/gossip.go:566  [n1] gossip status (ok, 1 node)
gossip client (0/3 cur/max conns)
gossip server (0/3 cur/max conns, infos 0/0 sent/received, bytes 0B/0B sent/received)
I200512 19:57:37.120439 122 server/status/runtime.go:498  [n1] runtime stats: 192 MiB RSS, 118 goroutines, 118 MiB/69 MiB/168 MiB GO alloc/idle/total, 21 MiB/27 MiB CGO alloc/total, 22.0 CGO/sec, 0.3/0.1 %(u/s)time, 0.0 %gc (0x), 0 B/0 B (r/w)net
E200512 19:57:37.128594 162 storage/queue.go:1203  [n1,replicate] 34 replicas failing with "0 of 1 live stores are able to take a new replica for the range (1 already has a replica); likely not enough nodes in cluster"
E200512 19:57:37.128600 162 storage/queue.go:1203  [n1,replicate] 4 replicas failing with "range requires a replication change, but live replicas [] don't constitute a quorum for [(n1,s1):1]:"
I200512 19:57:47.120650 122 server/status/runtime.go:498  [n1] runtime stats: 192 MiB RSS, 117 goroutines, 126 MiB/62 MiB/168 MiB GO alloc/idle/total, 21 MiB/27 MiB CGO alloc/total, 79.3 CGO/sec, 0.4/0.2 %(u/s)time, 0.0 %gc (0x), 0 B/0 B (r/w)net
I200512 19:57:57.093582 117 storage/store.go:2364  [n1,s1] sstables (read amplification = 1):
6 [ 7M 2 ]: 4M 3M
I200512 19:57:57.093651 117 storage/store.go:2365  [n1,s1] 
** Compaction Stats [default] **
Level    Files   Size     Score Read(GB)  Rn(GB) Rnp1(GB) Write(GB) Wnew(GB) Moved(GB) W-Amp Rd(MB/s) Wr(MB/s) Comp(sec) CompMergeCPU(sec) Comp(cnt) Avg(sec) KeyIn KeyDrop
----------------------------------------------------------------------------------------------------------------------------------------------------------------------------
  L0      0/0    0.00 KB   0.0      0.0     0.0      0.0       0.0      0.0       0.0   1.0      0.0      5.3      0.01              0.00         1    0.012       0      0
  L6      2/0    7.10 MB   0.0      0.0     0.0      0.0       0.0      0.0       0.0  44.6     37.9     37.1      0.19              0.07         1    0.191     31K   1943
 Sum      2/0    7.10 MB   0.0      0.0     0.0      0.0       0.0      0.0       0.0 109.5     35.6     35.2      0.20              0.07         2    0.102     31K   1943
 Int      0/0    0.00 KB   0.0      0.0     0.0      0.0       0.0      0.0       0.0   0.0      0.0      0.0      0.00              0.00         0    0.000       0      0

** Compaction Stats [default] **
Priority    Files   Size     Score Read(GB)  Rn(GB) Rnp1(GB) Write(GB) Wnew(GB) Moved(GB) W-Amp Rd(MB/s) Wr(MB/s) Comp(sec) CompMergeCPU(sec) Comp(cnt) Avg(sec) KeyIn KeyDrop
-------------------------------------------------------------------------------------------------------------------------------------------------------------------------------
 Low      0/0    0.00 KB   0.0      0.0     0.0      0.0       0.0      0.0       0.0   0.0     37.9     37.1      0.19              0.07         1    0.191     31K   1943
User      0/0    0.00 KB   0.0      0.0     0.0      0.0       0.0      0.0       0.0   0.0      0.0      5.3      0.01              0.00         1    0.012       0      0
Uptime(secs): 620.6 total, 600.0 interval
Flush(GB): cumulative 0.000, interval 0.000
AddFile(GB): cumulative 0.000, interval 0.000
AddFile(Total Files): cumulative 0, interval 0
AddFile(L0 Files): cumulative 0, interval 0
AddFile(Keys): cumulative 0, interval 0
Cumulative compaction: 0.01 GB write, 0.01 MB/s write, 0.01 GB read, 0.01 MB/s read, 0.2 seconds
Interval compaction: 0.00 GB write, 0.00 MB/s write, 0.00 GB read, 0.00 MB/s read, 0.0 seconds
Stalls(count): 0 level0_slowdown, 0 level0_slowdown_with_compaction, 0 level0_numfiles, 0 level0_numfiles_with_compaction, 0 stop for pending_compaction_bytes, 0 slowdown for pending_compaction_bytes, 0 memtable_compaction, 0 memtable_slowdown, interval 0 total count
estimated_pending_compaction_bytes: 0 B
I200512 19:57:57.120727 122 server/status/runtime.go:498  [n1] runtime stats: 192 MiB RSS, 117 goroutines, 132 MiB/56 MiB/168 MiB GO alloc/idle/total, 21 MiB/27 MiB CGO alloc/total, 24.1 CGO/sec, 0.3/0.1 %(u/s)time, 0.0 %gc (0x), 150 B/150 B (r/w)net
I200512 19:58:07.124331 122 server/status/runtime.go:498  [n1] runtime stats: 192 MiB RSS, 117 goroutines, 140 MiB/48 MiB/168 MiB GO alloc/idle/total, 21 MiB/27 MiB CGO alloc/total, 25.4 CGO/sec, 0.4/0.1 %(u/s)time, 0.0 %gc (0x), 0 B/0 B (r/w)net
I200512 19:58:17.126893 122 server/status/runtime.go:498  [n1] runtime stats: 193 MiB RSS, 119 goroutines, 148 MiB/40 MiB/168 MiB GO alloc/idle/total, 21 MiB/27 MiB CGO alloc/total, 27.5 CGO/sec, 0.3/0.2 %(u/s)time, 0.0 %gc (0x), 0 B/0 B (r/w)net
I200512 19:58:27.132191 122 server/status/runtime.go:498  [n1] runtime stats: 194 MiB RSS, 119 goroutines, 155 MiB/33 MiB/169 MiB GO alloc/idle/total, 21 MiB/27 MiB CGO alloc/total, 23.7 CGO/sec, 0.4/0.0 %(u/s)time, 0.0 %gc (1x), 0 B/0 B (r/w)net
I200512 19:58:37.091335 118 gossip/gossip.go:566  [n1] gossip status (ok, 1 node)
gossip client (0/3 cur/max conns)
gossip server (0/3 cur/max conns, infos 0/0 sent/received, bytes 0B/0B sent/received)
I200512 19:58:37.131438 122 server/status/runtime.go:498  [n1] runtime stats: 195 MiB RSS, 118 goroutines, 89 MiB/93 MiB/169 MiB GO alloc/idle/total, 21 MiB/27 MiB CGO alloc/total, 29.8 CGO/sec, 0.4/0.3 %(u/s)time, 0.0 %gc (0x), 0 B/0 B (r/w)net
I200512 19:58:47.131502 122 server/status/runtime.go:498  [n1] runtime stats: 195 MiB RSS, 117 goroutines, 97 MiB/88 MiB/169 MiB GO alloc/idle/total, 21 MiB/27 MiB CGO alloc/total, 51.2 CGO/sec, 0.4/0.1 %(u/s)time, 0.0 %gc (0x), 0 B/0 B (r/w)net
I200512 19:58:57.131660 122 server/status/runtime.go:498  [n1] runtime stats: 195 MiB RSS, 117 goroutines, 103 MiB/82 MiB/169 MiB GO alloc/idle/total, 21 MiB/27 MiB CGO alloc/total, 25.2 CGO/sec, 0.3/0.1 %(u/s)time, 0.0 %gc (0x), 150 B/150 B (r/w)net
I200512 19:59:00.368641 7887 storage/replica_consistency.go:229  [n1,consistencyChecker,s1,r4/1:/System/tsd{-/cr.sto…}] triggering stats recomputation to resolve delta of {ContainsEstimates:true LastUpdateNanos:1589313537125042406 IntentAge:0 GCBytesAge:0 LiveBytes:10358083 LiveCount:-474 KeyBytes:-22538 KeyCount:-474 ValBytes:10380621 ValCount:-474 IntentBytes:0 IntentCount:0 SysBytes:0 SysCount:0}
I200512 19:59:07.131801 122 server/status/runtime.go:498  [n1] runtime stats: 235 MiB RSS, 127 goroutines, 149 MiB/37 MiB/170 MiB GO alloc/idle/total, 56 MiB/67 MiB CGO alloc/total, 1223.4 CGO/sec, 3.4/0.1 %(u/s)time, 0.0 %gc (0x), 3.1 KiB/3.1 KiB (r/w)net
I200512 19:59:17.136081 122 server/status/runtime.go:498  [n1] runtime stats: 237 MiB RSS, 127 goroutines, 155 MiB/32 MiB/172 MiB GO alloc/idle/total, 64 MiB/75 MiB CGO alloc/total, 40.9 CGO/sec, 0.4/0.1 %(u/s)time, 0.0 %gc (1x), 2.7 KiB/2.7 KiB (r/w)net
I200512 19:59:27.132537 122 server/status/runtime.go:498  [n1] runtime stats: 238 MiB RSS, 127 goroutines, 86 MiB/96 MiB/172 MiB GO alloc/idle/total, 64 MiB/75 MiB CGO alloc/total, 75.0 CGO/sec, 0.4/0.2 %(u/s)time, 0.0 %gc (0x), 2.0 KiB/2.0 KiB (r/w)net
I200512 19:59:37.091287 118 gossip/gossip.go:566  [n1] gossip status (ok, 1 node)
gossip client (0/3 cur/max conns)
gossip server (0/3 cur/max conns, infos 0/0 sent/received, bytes 0B/0B sent/received)
I200512 19:59:37.132671 122 server/status/runtime.go:498  [n1] runtime stats: 238 MiB RSS, 127 goroutines, 93 MiB/91 MiB/172 MiB GO alloc/idle/total, 64 MiB/75 MiB CGO alloc/total, 438.1 CGO/sec, 0.3/0.1 %(u/s)time, 0.0 %gc (0x), 2.4 KiB/2.4 KiB (r/w)net
I200512 19:59:47.132721 122 server/status/runtime.go:498  [n1] runtime stats: 239 MiB RSS, 126 goroutines, 100 MiB/85 MiB/172 MiB GO alloc/idle/total, 64 MiB/75 MiB CGO alloc/total, 82.8 CGO/sec, 0.5/0.1 %(u/s)time, 0.0 %gc (0x), 3.3 KiB/3.3 KiB (r/w)net
I200512 19:59:57.132903 122 server/status/runtime.go:498  [n1] runtime stats: 239 MiB RSS, 126 goroutines, 107 MiB/80 MiB/172 MiB GO alloc/idle/total, 64 MiB/75 MiB CGO alloc/total, 28.3 CGO/sec, 0.3/0.2 %(u/s)time, 0.0 %gc (0x), 2.0 KiB/2.0 KiB (r/w)net
I200512 20:00:07.133000 122 server/status/runtime.go:498  [n1] runtime stats: 239 MiB RSS, 126 goroutines, 113 MiB/74 MiB/172 MiB GO alloc/idle/total, 64 MiB/75 MiB CGO alloc/total, 52.9 CGO/sec, 0.4/0.1 %(u/s)time, 0.0 %gc (0x), 2.8 KiB/2.8 KiB (r/w)net
I200512 20:00:17.133099 122 server/status/runtime.go:498  [n1] runtime stats: 239 MiB RSS, 127 goroutines, 120 MiB/68 MiB/172 MiB GO alloc/idle/total, 64 MiB/75 MiB CGO alloc/total, 554.1 CGO/sec, 0.4/0.1 %(u/s)time, 0.0 %gc (0x), 2.8 KiB/2.8 KiB (r/w)net
I200512 20:00:27.133135 122 server/status/runtime.go:498  [n1] runtime stats: 239 MiB RSS, 127 goroutines, 126 MiB/61 MiB/172 MiB GO alloc/idle/total, 64 MiB/75 MiB CGO alloc/total, 54.4 CGO/sec, 0.4/0.2 %(u/s)time, 0.0 %gc (0x), 1.4 KiB/1.4 KiB (r/w)net
I200512 20:00:37.091353 118 gossip/gossip.go:566  [n1] gossip status (ok, 1 node)
gossip client (0/3 cur/max conns)
gossip server (0/3 cur/max conns, infos 0/0 sent/received, bytes 0B/0B sent/received)
I200512 20:00:37.133274 122 server/status/runtime.go:498  [n1] runtime stats: 240 MiB RSS, 127 goroutines, 133 MiB/55 MiB/172 MiB GO alloc/idle/total, 64 MiB/75 MiB CGO alloc/total, 23.4 CGO/sec, 0.3/0.1 %(u/s)time, 0.0 %gc (0x), 1.0 KiB/1.0 KiB (r/w)net
I200512 20:00:39.143507 9096 storage/replica_consistency.go:229  [n1,consistencyChecker,s1,r26/1:/Table/5{4-5}] triggering stats recomputation to resolve delta of {ContainsEstimates:true LastUpdateNanos:1589302472750859187 IntentAge:0 GCBytesAge:0 LiveBytes:0 LiveCount:0 KeyBytes:0 KeyCount:0 ValBytes:0 ValCount:0 IntentBytes:0 IntentCount:0 SysBytes:0 SysCount:0}
I200512 20:00:47.133382 122 server/status/runtime.go:498  [n1] runtime stats: 240 MiB RSS, 126 goroutines, 140 MiB/48 MiB/172 MiB GO alloc/idle/total, 64 MiB/75 MiB CGO alloc/total, 66.7 CGO/sec, 0.4/0.2 %(u/s)time, 0.0 %gc (0x), 2.4 KiB/2.4 KiB (r/w)net
I200512 20:00:57.133537 122 server/status/runtime.go:498  [n1] runtime stats: 240 MiB RSS, 126 goroutines, 146 MiB/42 MiB/172 MiB GO alloc/idle/total, 64 MiB/75 MiB CGO alloc/total, 34.5 CGO/sec, 0.2/0.3 %(u/s)time, 0.0 %gc (0x), 2.3 KiB/2.3 KiB (r/w)net
I200512 20:01:07.133619 122 server/status/runtime.go:498  [n1] runtime stats: 240 MiB RSS, 127 goroutines, 153 MiB/36 MiB/172 MiB GO alloc/idle/total, 64 MiB/75 MiB CGO alloc/total, 33.5 CGO/sec, 0.3/0.1 %(u/s)time, 0.0 %gc (0x), 2.1 KiB/2.1 KiB (r/w)net
I200512 20:01:17.133732 122 server/status/runtime.go:498  [n1] runtime stats: 240 MiB RSS, 127 goroutines, 84 MiB/98 MiB/172 MiB GO alloc/idle/total, 64 MiB/75 MiB CGO alloc/total, 25.6 CGO/sec, 0.4/0.1 %(u/s)time, 0.0 %gc (1x), 1.0 KiB/1.0 KiB (r/w)net
I200512 20:01:27.133904 122 server/status/runtime.go:498  [n1] runtime stats: 240 MiB RSS, 127 goroutines, 91 MiB/92 MiB/172 MiB GO alloc/idle/total, 64 MiB/75 MiB CGO alloc/total, 37.0 CGO/sec, 0.4/0.2 %(u/s)time, 0.0 %gc (0x), 2.7 KiB/2.7 KiB (r/w)net
I200512 20:01:37.091305 118 gossip/gossip.go:566  [n1] gossip status (ok, 1 node)
gossip client (0/3 cur/max conns)
gossip server (0/3 cur/max conns, infos 0/0 sent/received, bytes 0B/0B sent/received)
I200512 20:01:37.133900 122 server/status/runtime.go:498  [n1] runtime stats: 241 MiB RSS, 127 goroutines, 97 MiB/86 MiB/172 MiB GO alloc/idle/total, 64 MiB/75 MiB CGO alloc/total, 36.3 CGO/sec, 0.3/0.1 %(u/s)time, 0.0 %gc (0x), 1.9 KiB/1.9 KiB (r/w)net
I200512 20:01:47.134114 122 server/status/runtime.go:498  [n1] runtime stats: 241 MiB RSS, 126 goroutines, 105 MiB/80 MiB/172 MiB GO alloc/idle/total, 64 MiB/75 MiB CGO alloc/total, 51.9 CGO/sec, 0.4/0.1 %(u/s)time, 0.0 %gc (0x), 1.5 KiB/1.5 KiB (r/w)net
I200512 20:01:54.903585 1 cli/start.go:865  received signal 'terminated'
I200512 20:01:54.903913 1 cli/start.go:930  initiating graceful shutdown of server
I200512 20:01:54.924034 9958 util/stop/stopper.go:542  [server drain process] quiescing; tasks left:
1      [async] intent_resolver_ir_batcher
1      [async] intent_resolver_gc_batcher
1      [async] closedts-rangefeed-subscriber
W200512 20:01:54.924259 60 vendor/google.golang.org/grpc/clientconn.go:1206  grpc: addrConn.createTransport failed to connect to {d1236db49687:26257 0  <nil>}. Err :connection error: desc = "transport: failed to write client preface: io: read/write on closed pipe". Reconnecting...
I200512 20:01:54.925170 9958 storage/engine/rocksdb.go:762  closing rocksdb instance at "/var/lib/cockroach/cockroach-temp340787196"
I200512 20:01:54.939954 9958 storage/engine/rocksdb.go:762  closing rocksdb instance at "/var/lib/cockroach"
I200512 20:01:54.960335 1 cli/start.go:976  server drained and shutdown completed
