I200514 19:25:33.541952 13 util/log/clog.go:1196  [config] file created at: 2020/05/14 19:25:33
I200514 19:25:33.541952 13 util/log/clog.go:1196  [config] running on machine: 4876947e8a51
I200514 19:25:33.541952 13 util/log/clog.go:1196  [config] binary: CockroachDB CCL v19.2.5 (x86_64-unknown-linux-gnu, built 2020/03/16 18:27:12, go1.12.12)
I200514 19:25:33.541952 13 util/log/clog.go:1196  [config] arguments: [/cockroach/cockroach start --insecure --store=attrs=ssd,path=/var/lib/cockroach/]
I200514 19:25:33.541952 13 util/log/clog.go:1196  line format: [IWEF]yymmdd hh:mm:ss.uuuuuu goid file:line msg utf8=✓
I200514 19:25:33.541951 13 storage/engine/rocksdb.go:120  RocksDB version: 6.2.1
I200514 19:25:33.548313 13 storage/engine/rocksdb.go:120  Git sha rocksdb_build_git_sha:@b7009236531fa784872f4823eabf393501e41bf2@
I200514 19:25:33.548317 13 storage/engine/rocksdb.go:120  Compile date Mar 16 2020
I200514 19:25:33.548320 13 storage/engine/rocksdb.go:120  DB SUMMARY
I200514 19:25:33.549253 13 storage/engine/rocksdb.go:120  SST files in /var/lib/cockroach/cockroach-temp221680173 dir, Total Num: 0, files: 
I200514 19:25:33.772115 13 storage/engine/rocksdb.go:120  Write Ahead Log file in /var/lib/cockroach/cockroach-temp221680173: 
I200514 19:25:33.772121 13 storage/engine/rocksdb.go:120                          Options.error_if_exists: 0
I200514 19:25:33.772125 13 storage/engine/rocksdb.go:120                        Options.create_if_missing: 1
I200514 19:25:33.772127 13 storage/engine/rocksdb.go:120                          Options.paranoid_checks: 1
I200514 19:25:33.772130 13 storage/engine/rocksdb.go:120                                      Options.env: 0x75757a0
I200514 19:25:33.772133 13 storage/engine/rocksdb.go:120                                 Options.info_log: 0x7f91d5e87f80
I200514 19:25:33.772135 13 storage/engine/rocksdb.go:120                 Options.max_file_opening_threads: 16
I200514 19:25:33.772139 13 storage/engine/rocksdb.go:120                               Options.statistics: 0x7f91d5e1d8d0
I200514 19:25:33.772141 13 storage/engine/rocksdb.go:120                                Options.use_fsync: 0
I200514 19:25:33.772144 13 storage/engine/rocksdb.go:120                        Options.max_log_file_size: 0
I200514 19:25:33.772147 13 storage/engine/rocksdb.go:120                   Options.max_manifest_file_size: 134217728
I200514 19:25:33.772149 13 storage/engine/rocksdb.go:120                    Options.log_file_time_to_roll: 0
I200514 19:25:33.772152 13 storage/engine/rocksdb.go:120                        Options.keep_log_file_num: 1000
I200514 19:25:33.772154 13 storage/engine/rocksdb.go:120                     Options.recycle_log_file_num: 1
I200514 19:25:33.772157 13 storage/engine/rocksdb.go:120                          Options.allow_fallocate: 1
I200514 19:25:33.772159 13 storage/engine/rocksdb.go:120                         Options.allow_mmap_reads: 0
I200514 19:25:33.772162 13 storage/engine/rocksdb.go:120                        Options.allow_mmap_writes: 0
I200514 19:25:33.772165 13 storage/engine/rocksdb.go:120                         Options.use_direct_reads: 0
I200514 19:25:33.772167 13 storage/engine/rocksdb.go:120                         Options.use_direct_io_for_flush_and_compaction: 0
I200514 19:25:33.772170 13 storage/engine/rocksdb.go:120           Options.create_missing_column_families: 0
I200514 19:25:33.772172 13 storage/engine/rocksdb.go:120                               Options.db_log_dir: 
I200514 19:25:33.772175 13 storage/engine/rocksdb.go:120                                  Options.wal_dir: /var/lib/cockroach/cockroach-temp221680173
I200514 19:25:33.772177 13 storage/engine/rocksdb.go:120                 Options.table_cache_numshardbits: 6
I200514 19:25:33.772180 13 storage/engine/rocksdb.go:120                       Options.max_subcompactions: 1
I200514 19:25:33.772182 13 storage/engine/rocksdb.go:120                   Options.max_background_flushes: -1
I200514 19:25:33.772185 13 storage/engine/rocksdb.go:120                          Options.WAL_ttl_seconds: 0
I200514 19:25:33.772188 13 storage/engine/rocksdb.go:120                        Options.WAL_size_limit_MB: 0
I200514 19:25:33.772190 13 storage/engine/rocksdb.go:120              Options.manifest_preallocation_size: 4194304
I200514 19:25:33.772193 13 storage/engine/rocksdb.go:120                      Options.is_fd_close_on_exec: 1
I200514 19:25:33.772195 13 storage/engine/rocksdb.go:120                    Options.advise_random_on_open: 1
I200514 19:25:33.772198 13 storage/engine/rocksdb.go:120                     Options.db_write_buffer_size: 0
I200514 19:25:33.772200 13 storage/engine/rocksdb.go:120                     Options.write_buffer_manager: 0x7f91d5e60d70
I200514 19:25:33.772203 13 storage/engine/rocksdb.go:120          Options.access_hint_on_compaction_start: 1
I200514 19:25:33.772216 13 storage/engine/rocksdb.go:120   Options.new_table_reader_for_compaction_inputs: 0
I200514 19:25:33.772224 13 storage/engine/rocksdb.go:120            Options.random_access_max_buffer_size: 1048576
I200514 19:25:33.772559 13 storage/engine/rocksdb.go:120                       Options.use_adaptive_mutex: 0
I200514 19:25:33.772562 13 storage/engine/rocksdb.go:120                             Options.rate_limiter: (nil)
I200514 19:25:33.772565 13 storage/engine/rocksdb.go:120      Options.sst_file_manager.rate_bytes_per_sec: 0
I200514 19:25:33.772568 13 storage/engine/rocksdb.go:120                        Options.wal_recovery_mode: 0
I200514 19:25:33.772571 13 storage/engine/rocksdb.go:120                   Options.enable_thread_tracking: 0
I200514 19:25:33.772573 13 storage/engine/rocksdb.go:120                   Options.enable_pipelined_write: 0
I200514 19:25:33.772576 13 storage/engine/rocksdb.go:120          Options.allow_concurrent_memtable_write: 1
I200514 19:25:33.772579 13 storage/engine/rocksdb.go:120       Options.enable_write_thread_adaptive_yield: 1
I200514 19:25:33.772581 13 storage/engine/rocksdb.go:120              Options.write_thread_max_yield_usec: 100
I200514 19:25:33.772584 13 storage/engine/rocksdb.go:120             Options.write_thread_slow_yield_usec: 3
I200514 19:25:33.772586 13 storage/engine/rocksdb.go:120                                Options.row_cache: None
I200514 19:25:33.772589 13 storage/engine/rocksdb.go:120                               Options.wal_filter: None
I200514 19:25:33.772592 13 storage/engine/rocksdb.go:120              Options.avoid_flush_during_recovery: 0
I200514 19:25:33.772594 13 storage/engine/rocksdb.go:120              Options.allow_ingest_behind: 0
I200514 19:25:33.772597 13 storage/engine/rocksdb.go:120              Options.preserve_deletes: 0
I200514 19:25:33.772600 13 storage/engine/rocksdb.go:120              Options.two_write_queues: 0
I200514 19:25:33.772603 13 storage/engine/rocksdb.go:120              Options.manual_wal_flush: 1
I200514 19:25:33.772605 13 storage/engine/rocksdb.go:120              Options.atomic_flush: 0
I200514 19:25:33.772608 13 storage/engine/rocksdb.go:120              Options.avoid_unnecessary_blocking_io: 0
I200514 19:25:33.772610 13 storage/engine/rocksdb.go:120              Options.max_background_jobs: 2
I200514 19:25:33.772641 13 storage/engine/rocksdb.go:120              Options.max_background_compactions: -1
I200514 19:25:33.772650 13 storage/engine/rocksdb.go:120              Options.avoid_flush_during_shutdown: 0
I200514 19:25:33.772653 13 storage/engine/rocksdb.go:120            Options.writable_file_max_buffer_size: 1048576
I200514 19:25:33.772657 13 storage/engine/rocksdb.go:120              Options.delayed_write_rate : 16777216
I200514 19:25:33.772660 13 storage/engine/rocksdb.go:120              Options.max_total_wal_size: 0
I200514 19:25:33.772663 13 storage/engine/rocksdb.go:120              Options.delete_obsolete_files_period_micros: 21600000000
I200514 19:25:33.772665 13 storage/engine/rocksdb.go:120                    Options.stats_dump_period_sec: 0
I200514 19:25:33.772668 13 storage/engine/rocksdb.go:120                  Options.stats_persist_period_sec: 600
I200514 19:25:33.772670 13 storage/engine/rocksdb.go:120                  Options.stats_history_buffer_size: 1048576
I200514 19:25:33.772673 13 storage/engine/rocksdb.go:120                           Options.max_open_files: 128
I200514 19:25:33.772675 13 storage/engine/rocksdb.go:120                           Options.bytes_per_sync: 524288
I200514 19:25:33.772678 13 storage/engine/rocksdb.go:120                       Options.wal_bytes_per_sync: 0
I200514 19:25:33.772680 13 storage/engine/rocksdb.go:120                    Options.strict_bytes_per_sync: 1
I200514 19:25:33.772683 13 storage/engine/rocksdb.go:120        Options.compaction_readahead_size: 0
I200514 19:25:33.772686 13 storage/engine/rocksdb.go:120  Compression algorithms supported:
I200514 19:25:33.772689 13 storage/engine/rocksdb.go:120  	kZSTDNotFinalCompression supported: 0
I200514 19:25:33.772692 13 storage/engine/rocksdb.go:120  	kZSTD supported: 0
I200514 19:25:33.772695 13 storage/engine/rocksdb.go:120  	kXpressCompression supported: 0
I200514 19:25:33.772698 13 storage/engine/rocksdb.go:120  	kLZ4HCCompression supported: 0
I200514 19:25:33.772700 13 storage/engine/rocksdb.go:120  	kLZ4Compression supported: 0
I200514 19:25:33.772703 13 storage/engine/rocksdb.go:120  	kBZip2Compression supported: 0
I200514 19:25:33.772717 13 storage/engine/rocksdb.go:120  	kZlibCompression supported: 0
I200514 19:25:33.772723 13 storage/engine/rocksdb.go:120  	kSnappyCompression supported: 1
I200514 19:25:33.772731 13 storage/engine/rocksdb.go:120  Fast CRC32 supported: Supported on x86
I200514 19:25:33.774709 13 storage/engine/rocksdb.go:120  [db/db_impl_open.cc:242] Creating manifest 1 
I200514 19:25:33.791000 13 storage/engine/rocksdb.go:120  [db/version_set.cc:4072] Recovering from manifest file: /var/lib/cockroach/cockroach-temp221680173/MANIFEST-000001
I200514 19:25:33.792142 13 storage/engine/rocksdb.go:120  [db/column_family.cc:488] --------------- Options for column family [default]:
I200514 19:25:33.792151 13 storage/engine/rocksdb.go:120                Options.comparator: cockroach_comparator
I200514 19:25:33.792154 13 storage/engine/rocksdb.go:120            Options.merge_operator: cockroach_merge_operator
I200514 19:25:33.792157 13 storage/engine/rocksdb.go:120         Options.compaction_filter: None
I200514 19:25:33.792160 13 storage/engine/rocksdb.go:120         Options.compaction_filter_factory: None
I200514 19:25:33.792163 13 storage/engine/rocksdb.go:120          Options.memtable_factory: SkipListFactory
I200514 19:25:33.792166 13 storage/engine/rocksdb.go:120             Options.table_factory: BlockBasedTable
I200514 19:25:33.792185 13 storage/engine/rocksdb.go:120             table_factory options:   flush_block_policy_factory: FlushBlockBySizePolicyFactory (0x7f91d5e24040)
  cache_index_and_filter_blocks: 0
  cache_index_and_filter_blocks_with_high_priority: 0
  pin_l0_filter_and_index_blocks_in_cache: 0
  pin_top_level_index_and_filter: 1
  index_type: 0
  data_block_index_type: 0
  index_shortening: 1
  data_block_hash_table_util_ratio: 0.750000
  hash_index_allow_collision: 1
  checksum: 1
  no_block_cache: 0
  block_cache: 0x7f91d5e7a190
  block_cache_name: LRUCache
  block_cache_options:
    capacity : 1048576
    num_shard_bits : 4
    strict_capacity_limit : 0
    memory_allocator : None
    high_pri_pool_ratio: 0.000
  block_cache_compressed: (nil)
  persistent_cache: (nil)
  block_size: 32768
  block_size_deviation: 10
  block_restart_interval: 16
  index_block_restart_interval: 1
  metadata_block_size: 4096
  partition_filters: 0
  use_delta_encoding: 1
  filter_policy: rocksdb.BuiltinBloomFilter
  whole_key_filtering: 0
  verify_compression: 0
  read_amp_bytes_per_bit: 0
  format_version: 2
  enable_index_compression: 1
  block_align: 0
I200514 19:25:33.792189 13 storage/engine/rocksdb.go:120         Options.write_buffer_size: 67108864
I200514 19:25:33.792193 13 storage/engine/rocksdb.go:120   Options.max_write_buffer_number: 4
I200514 19:25:33.792196 13 storage/engine/rocksdb.go:120           Options.compression: Snappy
I200514 19:25:33.792198 13 storage/engine/rocksdb.go:120                   Options.bottommost_compression: Disabled
I200514 19:25:33.792201 13 storage/engine/rocksdb.go:120        Options.prefix_extractor: cockroach_prefix_extractor
I200514 19:25:33.792204 13 storage/engine/rocksdb.go:120    Options.memtable_insert_with_hint_prefix_extractor: nullptr
I200514 19:25:33.792221 13 storage/engine/rocksdb.go:120              Options.num_levels: 7
I200514 19:25:33.792234 13 storage/engine/rocksdb.go:120         Options.min_write_buffer_number_to_merge: 1
I200514 19:25:33.792238 13 storage/engine/rocksdb.go:120      Options.max_write_buffer_number_to_maintain: 0
I200514 19:25:33.792241 13 storage/engine/rocksdb.go:120             Options.bottommost_compression_opts.window_bits: -14
I200514 19:25:33.792244 13 storage/engine/rocksdb.go:120                   Options.bottommost_compression_opts.level: 32767
I200514 19:25:33.792247 13 storage/engine/rocksdb.go:120                Options.bottommost_compression_opts.strategy: 0
I200514 19:25:33.792250 13 storage/engine/rocksdb.go:120          Options.bottommost_compression_opts.max_dict_bytes: 0
I200514 19:25:33.792252 13 storage/engine/rocksdb.go:120          Options.bottommost_compression_opts.zstd_max_train_bytes: 0
I200514 19:25:33.792255 13 storage/engine/rocksdb.go:120                   Options.bottommost_compression_opts.enabled: false
I200514 19:25:33.792261 13 storage/engine/rocksdb.go:120             Options.compression_opts.window_bits: -14
I200514 19:25:33.792264 13 storage/engine/rocksdb.go:120                   Options.compression_opts.level: 32767
I200514 19:25:33.792267 13 storage/engine/rocksdb.go:120                Options.compression_opts.strategy: 0
I200514 19:25:33.792269 13 storage/engine/rocksdb.go:120          Options.compression_opts.max_dict_bytes: 0
I200514 19:25:33.792272 13 storage/engine/rocksdb.go:120          Options.compression_opts.zstd_max_train_bytes: 0
I200514 19:25:33.792275 13 storage/engine/rocksdb.go:120                   Options.compression_opts.enabled: false
I200514 19:25:33.792277 13 storage/engine/rocksdb.go:120       Options.level0_file_num_compaction_trigger: 2
I200514 19:25:33.792280 13 storage/engine/rocksdb.go:120           Options.level0_slowdown_writes_trigger: 950
I200514 19:25:33.792283 13 storage/engine/rocksdb.go:120               Options.level0_stop_writes_trigger: 1000
I200514 19:25:33.792286 13 storage/engine/rocksdb.go:120                    Options.target_file_size_base: 4194304
I200514 19:25:33.792288 13 storage/engine/rocksdb.go:120              Options.target_file_size_multiplier: 2
I200514 19:25:33.792291 13 storage/engine/rocksdb.go:120                 Options.max_bytes_for_level_base: 67108864
I200514 19:25:33.792293 13 storage/engine/rocksdb.go:120  Options.level_compaction_dynamic_level_bytes: 1
I200514 19:25:33.792298 13 storage/engine/rocksdb.go:120           Options.max_bytes_for_level_multiplier: 10.000000
I200514 19:25:33.792301 13 storage/engine/rocksdb.go:120  Options.max_bytes_for_level_multiplier_addtl[0]: 1
I200514 19:25:33.792304 13 storage/engine/rocksdb.go:120  Options.max_bytes_for_level_multiplier_addtl[1]: 1
I200514 19:25:33.792307 13 storage/engine/rocksdb.go:120  Options.max_bytes_for_level_multiplier_addtl[2]: 1
I200514 19:25:33.792309 13 storage/engine/rocksdb.go:120  Options.max_bytes_for_level_multiplier_addtl[3]: 1
I200514 19:25:33.792312 13 storage/engine/rocksdb.go:120  Options.max_bytes_for_level_multiplier_addtl[4]: 1
I200514 19:25:33.792314 13 storage/engine/rocksdb.go:120  Options.max_bytes_for_level_multiplier_addtl[5]: 1
I200514 19:25:33.792317 13 storage/engine/rocksdb.go:120  Options.max_bytes_for_level_multiplier_addtl[6]: 1
I200514 19:25:33.792319 13 storage/engine/rocksdb.go:120        Options.max_sequential_skip_in_iterations: 8
I200514 19:25:33.792322 13 storage/engine/rocksdb.go:120                     Options.max_compaction_bytes: 104857600
I200514 19:25:33.792325 13 storage/engine/rocksdb.go:120                         Options.arena_block_size: 8388608
I200514 19:25:33.792327 13 storage/engine/rocksdb.go:120    Options.soft_pending_compaction_bytes_limit: 2199023255552
I200514 19:25:33.792330 13 storage/engine/rocksdb.go:120    Options.hard_pending_compaction_bytes_limit: 4400193994752
I200514 19:25:33.792333 13 storage/engine/rocksdb.go:120        Options.rate_limit_delay_max_milliseconds: 100
I200514 19:25:33.792335 13 storage/engine/rocksdb.go:120                 Options.disable_auto_compactions: 0
I200514 19:25:33.792339 13 storage/engine/rocksdb.go:120                         Options.compaction_style: kCompactionStyleLevel
I200514 19:25:33.792342 13 storage/engine/rocksdb.go:120                           Options.compaction_pri: kMinOverlappingRatio
I200514 19:25:33.792345 13 storage/engine/rocksdb.go:120  Options.compaction_options_universal.size_ratio: 1
I200514 19:25:33.792347 13 storage/engine/rocksdb.go:120  Options.compaction_options_universal.min_merge_width: 2
I200514 19:25:33.792350 13 storage/engine/rocksdb.go:120  Options.compaction_options_universal.max_merge_width: 4294967295
I200514 19:25:33.792352 13 storage/engine/rocksdb.go:120  Options.compaction_options_universal.max_size_amplification_percent: 200
I200514 19:25:33.792355 13 storage/engine/rocksdb.go:120  Options.compaction_options_universal.compression_size_percent: -1
I200514 19:25:33.792358 13 storage/engine/rocksdb.go:120  Options.compaction_options_universal.stop_style: kCompactionStopStyleTotalSize
I200514 19:25:33.792360 13 storage/engine/rocksdb.go:120  Options.compaction_options_fifo.max_table_files_size: 1073741824
I200514 19:25:33.792363 13 storage/engine/rocksdb.go:120  Options.compaction_options_fifo.allow_compaction: 0
I200514 19:25:33.792367 13 storage/engine/rocksdb.go:120                    Options.table_properties_collectors: TimeBoundTblPropCollectorFactory; DeleteRangeTblPropCollectorFactory; 
I200514 19:25:33.792371 13 storage/engine/rocksdb.go:120                    Options.inplace_update_support: 0
I200514 19:25:33.792373 13 storage/engine/rocksdb.go:120                  Options.inplace_update_num_locks: 10000
I200514 19:25:33.792376 13 storage/engine/rocksdb.go:120                Options.memtable_prefix_bloom_size_ratio: 0.000000
I200514 19:25:33.792379 13 storage/engine/rocksdb.go:120                Options.memtable_whole_key_filtering: 0
I200514 19:25:33.792381 13 storage/engine/rocksdb.go:120    Options.memtable_huge_page_size: 0
I200514 19:25:33.792384 13 storage/engine/rocksdb.go:120                            Options.bloom_locality: 0
I200514 19:25:33.792387 13 storage/engine/rocksdb.go:120                     Options.max_successive_merges: 0
I200514 19:25:33.792391 13 storage/engine/rocksdb.go:120                 Options.optimize_filters_for_hits: 1
I200514 19:25:33.792394 13 storage/engine/rocksdb.go:120                 Options.paranoid_file_checks: 0
I200514 19:25:33.792396 13 storage/engine/rocksdb.go:120                 Options.force_consistency_checks: 0
I200514 19:25:33.792399 13 storage/engine/rocksdb.go:120                 Options.report_bg_io_stats: 0
I200514 19:25:33.792401 13 storage/engine/rocksdb.go:120                                Options.ttl: 0
I200514 19:25:33.792404 13 storage/engine/rocksdb.go:120           Options.periodic_compaction_seconds: 0
I200514 19:25:33.793331 13 storage/engine/rocksdb.go:120  [db/version_set.cc:4286] Recovered from manifest file:/var/lib/cockroach/cockroach-temp221680173/MANIFEST-000001 succeeded,manifest_file_number is 1, next_file_number is 3, last_sequence is 0, log_number is 0,prev_log_number is 0,max_column_family is 0,min_log_number_to_keep is 0
I200514 19:25:33.793336 13 storage/engine/rocksdb.go:120  [db/version_set.cc:4295] Column family [default] (ID 0), log number is 0
I200514 19:25:33.818365 13 storage/engine/rocksdb.go:120  DB pointer 0x7f91d5f57000
I200514 19:25:33.844572 13 storage/engine/rocksdb.go:120  RocksDB version: 6.2.1
I200514 19:25:33.844579 13 storage/engine/rocksdb.go:120  Git sha rocksdb_build_git_sha:@b7009236531fa784872f4823eabf393501e41bf2@
I200514 19:25:33.844582 13 storage/engine/rocksdb.go:120  Compile date Mar 16 2020
I200514 19:25:33.844586 13 storage/engine/rocksdb.go:120  DB SUMMARY
I200514 19:25:33.845799 13 storage/engine/rocksdb.go:120  CURRENT file:  CURRENT
I200514 19:25:33.845807 13 storage/engine/rocksdb.go:120  IDENTITY file:  IDENTITY
I200514 19:25:33.846342 13 storage/engine/rocksdb.go:120  MANIFEST file:  MANIFEST-000610 size: 514 Bytes
I200514 19:25:33.846353 13 storage/engine/rocksdb.go:120  SST files in /var/lib/cockroach dir, Total Num: 4, files: 000605.sst 000606.sst 000607.sst 000609.sst 
I200514 19:25:33.846357 13 storage/engine/rocksdb.go:120  Write Ahead Log file in /var/lib/cockroach: 000611.log size: 1387373 ; 
I200514 19:25:33.846362 13 storage/engine/rocksdb.go:120                          Options.error_if_exists: 0
I200514 19:25:33.846365 13 storage/engine/rocksdb.go:120                        Options.create_if_missing: 1
I200514 19:25:33.846369 13 storage/engine/rocksdb.go:120                          Options.paranoid_checks: 1
I200514 19:25:33.846373 13 storage/engine/rocksdb.go:120                                      Options.env: 0x75757a0
I200514 19:25:33.846376 13 storage/engine/rocksdb.go:120                                 Options.info_log: 0x7f91d5e87e60
I200514 19:25:33.846379 13 storage/engine/rocksdb.go:120                 Options.max_file_opening_threads: 16
I200514 19:25:33.846381 13 storage/engine/rocksdb.go:120                               Options.statistics: 0x7f91d5e1d940
I200514 19:25:33.846384 13 storage/engine/rocksdb.go:120                                Options.use_fsync: 0
I200514 19:25:33.846387 13 storage/engine/rocksdb.go:120                        Options.max_log_file_size: 0
I200514 19:25:33.846389 13 storage/engine/rocksdb.go:120                   Options.max_manifest_file_size: 134217728
I200514 19:25:33.846392 13 storage/engine/rocksdb.go:120                    Options.log_file_time_to_roll: 0
I200514 19:25:33.846394 13 storage/engine/rocksdb.go:120                        Options.keep_log_file_num: 1000
I200514 19:25:33.846397 13 storage/engine/rocksdb.go:120                     Options.recycle_log_file_num: 1
I200514 19:25:33.846400 13 storage/engine/rocksdb.go:120                          Options.allow_fallocate: 1
I200514 19:25:33.846402 13 storage/engine/rocksdb.go:120                         Options.allow_mmap_reads: 0
I200514 19:25:33.846405 13 storage/engine/rocksdb.go:120                        Options.allow_mmap_writes: 0
I200514 19:25:33.846408 13 storage/engine/rocksdb.go:120                         Options.use_direct_reads: 0
I200514 19:25:33.846410 13 storage/engine/rocksdb.go:120                         Options.use_direct_io_for_flush_and_compaction: 0
I200514 19:25:33.846413 13 storage/engine/rocksdb.go:120           Options.create_missing_column_families: 0
I200514 19:25:33.846416 13 storage/engine/rocksdb.go:120                               Options.db_log_dir: 
I200514 19:25:33.846418 13 storage/engine/rocksdb.go:120                                  Options.wal_dir: /var/lib/cockroach
I200514 19:25:33.846421 13 storage/engine/rocksdb.go:120                 Options.table_cache_numshardbits: 6
I200514 19:25:33.846424 13 storage/engine/rocksdb.go:120                       Options.max_subcompactions: 1
I200514 19:25:33.846427 13 storage/engine/rocksdb.go:120                   Options.max_background_flushes: -1
I200514 19:25:33.846430 13 storage/engine/rocksdb.go:120                          Options.WAL_ttl_seconds: 0
I200514 19:25:33.846433 13 storage/engine/rocksdb.go:120                        Options.WAL_size_limit_MB: 0
I200514 19:25:33.846435 13 storage/engine/rocksdb.go:120              Options.manifest_preallocation_size: 4194304
I200514 19:25:33.846438 13 storage/engine/rocksdb.go:120                      Options.is_fd_close_on_exec: 1
I200514 19:25:33.846441 13 storage/engine/rocksdb.go:120                    Options.advise_random_on_open: 1
I200514 19:25:33.846443 13 storage/engine/rocksdb.go:120                     Options.db_write_buffer_size: 0
I200514 19:25:33.846446 13 storage/engine/rocksdb.go:120                     Options.write_buffer_manager: 0x7f91d5e60d10
I200514 19:25:33.846448 13 storage/engine/rocksdb.go:120          Options.access_hint_on_compaction_start: 1
I200514 19:25:33.846451 13 storage/engine/rocksdb.go:120   Options.new_table_reader_for_compaction_inputs: 0
I200514 19:25:33.846453 13 storage/engine/rocksdb.go:120            Options.random_access_max_buffer_size: 1048576
I200514 19:25:33.846456 13 storage/engine/rocksdb.go:120                       Options.use_adaptive_mutex: 0
I200514 19:25:33.846458 13 storage/engine/rocksdb.go:120                             Options.rate_limiter: (nil)
I200514 19:25:33.846461 13 storage/engine/rocksdb.go:120      Options.sst_file_manager.rate_bytes_per_sec: 0
I200514 19:25:33.846464 13 storage/engine/rocksdb.go:120                        Options.wal_recovery_mode: 0
I200514 19:25:33.846467 13 storage/engine/rocksdb.go:120                   Options.enable_thread_tracking: 0
I200514 19:25:33.846469 13 storage/engine/rocksdb.go:120                   Options.enable_pipelined_write: 0
I200514 19:25:33.846472 13 storage/engine/rocksdb.go:120          Options.allow_concurrent_memtable_write: 1
I200514 19:25:33.846474 13 storage/engine/rocksdb.go:120       Options.enable_write_thread_adaptive_yield: 1
I200514 19:25:33.846477 13 storage/engine/rocksdb.go:120              Options.write_thread_max_yield_usec: 100
I200514 19:25:33.846479 13 storage/engine/rocksdb.go:120             Options.write_thread_slow_yield_usec: 3
I200514 19:25:33.846482 13 storage/engine/rocksdb.go:120                                Options.row_cache: None
I200514 19:25:33.846484 13 storage/engine/rocksdb.go:120                               Options.wal_filter: None
I200514 19:25:33.846487 13 storage/engine/rocksdb.go:120              Options.avoid_flush_during_recovery: 0
I200514 19:25:33.846489 13 storage/engine/rocksdb.go:120              Options.allow_ingest_behind: 0
I200514 19:25:33.846492 13 storage/engine/rocksdb.go:120              Options.preserve_deletes: 0
I200514 19:25:33.846494 13 storage/engine/rocksdb.go:120              Options.two_write_queues: 0
I200514 19:25:33.846497 13 storage/engine/rocksdb.go:120              Options.manual_wal_flush: 1
I200514 19:25:33.846499 13 storage/engine/rocksdb.go:120              Options.atomic_flush: 0
I200514 19:25:33.846502 13 storage/engine/rocksdb.go:120              Options.avoid_unnecessary_blocking_io: 0
I200514 19:25:33.846504 13 storage/engine/rocksdb.go:120              Options.max_background_jobs: 2
I200514 19:25:33.846507 13 storage/engine/rocksdb.go:120              Options.max_background_compactions: -1
I200514 19:25:33.846509 13 storage/engine/rocksdb.go:120              Options.avoid_flush_during_shutdown: 0
I200514 19:25:33.846512 13 storage/engine/rocksdb.go:120            Options.writable_file_max_buffer_size: 1048576
I200514 19:25:33.846514 13 storage/engine/rocksdb.go:120              Options.delayed_write_rate : 16777216
I200514 19:25:33.846517 13 storage/engine/rocksdb.go:120              Options.max_total_wal_size: 0
I200514 19:25:33.846519 13 storage/engine/rocksdb.go:120              Options.delete_obsolete_files_period_micros: 21600000000
I200514 19:25:33.846522 13 storage/engine/rocksdb.go:120                    Options.stats_dump_period_sec: 0
I200514 19:25:33.846525 13 storage/engine/rocksdb.go:120                  Options.stats_persist_period_sec: 600
I200514 19:25:33.846527 13 storage/engine/rocksdb.go:120                  Options.stats_history_buffer_size: 1048576
I200514 19:25:33.846530 13 storage/engine/rocksdb.go:120                           Options.max_open_files: 1043576
I200514 19:25:33.846532 13 storage/engine/rocksdb.go:120                           Options.bytes_per_sync: 524288
I200514 19:25:33.846535 13 storage/engine/rocksdb.go:120                       Options.wal_bytes_per_sync: 0
I200514 19:25:33.846548 13 storage/engine/rocksdb.go:120                    Options.strict_bytes_per_sync: 1
I200514 19:25:33.846551 13 storage/engine/rocksdb.go:120        Options.compaction_readahead_size: 0
I200514 19:25:33.846554 13 storage/engine/rocksdb.go:120  Compression algorithms supported:
I200514 19:25:33.846557 13 storage/engine/rocksdb.go:120  	kZSTDNotFinalCompression supported: 0
I200514 19:25:33.846560 13 storage/engine/rocksdb.go:120  	kZSTD supported: 0
I200514 19:25:33.846562 13 storage/engine/rocksdb.go:120  	kXpressCompression supported: 0
I200514 19:25:33.846565 13 storage/engine/rocksdb.go:120  	kLZ4HCCompression supported: 0
I200514 19:25:33.846568 13 storage/engine/rocksdb.go:120  	kLZ4Compression supported: 0
I200514 19:25:33.846570 13 storage/engine/rocksdb.go:120  	kBZip2Compression supported: 0
I200514 19:25:33.846573 13 storage/engine/rocksdb.go:120  	kZlibCompression supported: 0
I200514 19:25:33.846576 13 storage/engine/rocksdb.go:120  	kSnappyCompression supported: 1
I200514 19:25:33.846581 13 storage/engine/rocksdb.go:120  Fast CRC32 supported: Supported on x86
I200514 19:25:33.848648 13 storage/engine/rocksdb.go:120  [db/version_set.cc:4072] Recovering from manifest file: /var/lib/cockroach/MANIFEST-000610
I200514 19:25:33.849119 13 storage/engine/rocksdb.go:120  [db/column_family.cc:488] --------------- Options for column family [default]:
I200514 19:25:33.849127 13 storage/engine/rocksdb.go:120                Options.comparator: cockroach_comparator
I200514 19:25:33.849130 13 storage/engine/rocksdb.go:120            Options.merge_operator: cockroach_merge_operator
I200514 19:25:33.849133 13 storage/engine/rocksdb.go:120         Options.compaction_filter: None
I200514 19:25:33.849136 13 storage/engine/rocksdb.go:120         Options.compaction_filter_factory: None
I200514 19:25:33.849139 13 storage/engine/rocksdb.go:120          Options.memtable_factory: SkipListFactory
I200514 19:25:33.849142 13 storage/engine/rocksdb.go:120             Options.table_factory: BlockBasedTable
I200514 19:25:33.849163 13 storage/engine/rocksdb.go:120             table_factory options:   flush_block_policy_factory: FlushBlockBySizePolicyFactory (0x7f91d5e240a0)
  cache_index_and_filter_blocks: 0
  cache_index_and_filter_blocks_with_high_priority: 0
  pin_l0_filter_and_index_blocks_in_cache: 0
  pin_top_level_index_and_filter: 1
  index_type: 0
  data_block_index_type: 0
  index_shortening: 1
  data_block_hash_table_util_ratio: 0.750000
  hash_index_allow_collision: 1
  checksum: 1
  no_block_cache: 0
  block_cache: 0x7f91d5f70390
  block_cache_name: LRUCache
  block_cache_options:
    capacity : 67108864
    num_shard_bits : 4
    strict_capacity_limit : 0
    memory_allocator : None
    high_pri_pool_ratio: 0.000
  block_cache_compressed: (nil)
  persistent_cache: (nil)
  block_size: 32768
  block_size_deviation: 10
  block_restart_interval: 16
  index_block_restart_interval: 1
  metadata_block_size: 4096
  partition_filters: 0
  use_delta_encoding: 1
  filter_policy: rocksdb.BuiltinBloomFilter
  whole_key_filtering: 0
  verify_compression: 0
  read_amp_bytes_per_bit: 0
  format_version: 2
  enable_index_compression: 1
  block_align: 0
I200514 19:25:33.849169 13 storage/engine/rocksdb.go:120         Options.write_buffer_size: 67108864
I200514 19:25:33.849173 13 storage/engine/rocksdb.go:120   Options.max_write_buffer_number: 4
I200514 19:25:33.849177 13 storage/engine/rocksdb.go:120           Options.compression: Snappy
I200514 19:25:33.849180 13 storage/engine/rocksdb.go:120                   Options.bottommost_compression: Disabled
I200514 19:25:33.849183 13 storage/engine/rocksdb.go:120        Options.prefix_extractor: cockroach_prefix_extractor
I200514 19:25:33.849186 13 storage/engine/rocksdb.go:120    Options.memtable_insert_with_hint_prefix_extractor: nullptr
I200514 19:25:33.849188 13 storage/engine/rocksdb.go:120              Options.num_levels: 7
I200514 19:25:33.849191 13 storage/engine/rocksdb.go:120         Options.min_write_buffer_number_to_merge: 1
I200514 19:25:33.849194 13 storage/engine/rocksdb.go:120      Options.max_write_buffer_number_to_maintain: 0
I200514 19:25:33.849196 13 storage/engine/rocksdb.go:120             Options.bottommost_compression_opts.window_bits: -14
I200514 19:25:33.849199 13 storage/engine/rocksdb.go:120                   Options.bottommost_compression_opts.level: 32767
I200514 19:25:33.849202 13 storage/engine/rocksdb.go:120                Options.bottommost_compression_opts.strategy: 0
I200514 19:25:33.849205 13 storage/engine/rocksdb.go:120          Options.bottommost_compression_opts.max_dict_bytes: 0
I200514 19:25:33.849229 13 storage/engine/rocksdb.go:120          Options.bottommost_compression_opts.zstd_max_train_bytes: 0
I200514 19:25:33.849238 13 storage/engine/rocksdb.go:120                   Options.bottommost_compression_opts.enabled: false
I200514 19:25:33.849243 13 storage/engine/rocksdb.go:120             Options.compression_opts.window_bits: -14
I200514 19:25:33.849246 13 storage/engine/rocksdb.go:120                   Options.compression_opts.level: 32767
I200514 19:25:33.849249 13 storage/engine/rocksdb.go:120                Options.compression_opts.strategy: 0
I200514 19:25:33.849251 13 storage/engine/rocksdb.go:120          Options.compression_opts.max_dict_bytes: 0
I200514 19:25:33.849254 13 storage/engine/rocksdb.go:120          Options.compression_opts.zstd_max_train_bytes: 0
I200514 19:25:33.849257 13 storage/engine/rocksdb.go:120                   Options.compression_opts.enabled: false
I200514 19:25:33.849260 13 storage/engine/rocksdb.go:120       Options.level0_file_num_compaction_trigger: 2
I200514 19:25:33.849263 13 storage/engine/rocksdb.go:120           Options.level0_slowdown_writes_trigger: 950
I200514 19:25:33.849265 13 storage/engine/rocksdb.go:120               Options.level0_stop_writes_trigger: 1000
I200514 19:25:33.849268 13 storage/engine/rocksdb.go:120                    Options.target_file_size_base: 4194304
I200514 19:25:33.849303 13 storage/engine/rocksdb.go:120              Options.target_file_size_multiplier: 2
I200514 19:25:33.849307 13 storage/engine/rocksdb.go:120                 Options.max_bytes_for_level_base: 67108864
I200514 19:25:33.849309 13 storage/engine/rocksdb.go:120  Options.level_compaction_dynamic_level_bytes: 1
I200514 19:25:33.849314 13 storage/engine/rocksdb.go:120           Options.max_bytes_for_level_multiplier: 10.000000
I200514 19:25:33.849317 13 storage/engine/rocksdb.go:120  Options.max_bytes_for_level_multiplier_addtl[0]: 1
I200514 19:25:33.849320 13 storage/engine/rocksdb.go:120  Options.max_bytes_for_level_multiplier_addtl[1]: 1
I200514 19:25:33.849323 13 storage/engine/rocksdb.go:120  Options.max_bytes_for_level_multiplier_addtl[2]: 1
I200514 19:25:33.849326 13 storage/engine/rocksdb.go:120  Options.max_bytes_for_level_multiplier_addtl[3]: 1
I200514 19:25:33.849328 13 storage/engine/rocksdb.go:120  Options.max_bytes_for_level_multiplier_addtl[4]: 1
I200514 19:25:33.849331 13 storage/engine/rocksdb.go:120  Options.max_bytes_for_level_multiplier_addtl[5]: 1
I200514 19:25:33.849334 13 storage/engine/rocksdb.go:120  Options.max_bytes_for_level_multiplier_addtl[6]: 1
I200514 19:25:33.849336 13 storage/engine/rocksdb.go:120        Options.max_sequential_skip_in_iterations: 8
I200514 19:25:33.849339 13 storage/engine/rocksdb.go:120                     Options.max_compaction_bytes: 104857600
I200514 19:25:33.849342 13 storage/engine/rocksdb.go:120                         Options.arena_block_size: 8388608
I200514 19:25:33.849344 13 storage/engine/rocksdb.go:120    Options.soft_pending_compaction_bytes_limit: 2199023255552
I200514 19:25:33.849347 13 storage/engine/rocksdb.go:120    Options.hard_pending_compaction_bytes_limit: 4400193994752
I200514 19:25:33.849349 13 storage/engine/rocksdb.go:120        Options.rate_limit_delay_max_milliseconds: 100
I200514 19:25:33.849352 13 storage/engine/rocksdb.go:120                 Options.disable_auto_compactions: 0
I200514 19:25:33.849356 13 storage/engine/rocksdb.go:120                         Options.compaction_style: kCompactionStyleLevel
I200514 19:25:33.849360 13 storage/engine/rocksdb.go:120                           Options.compaction_pri: kMinOverlappingRatio
I200514 19:25:33.849362 13 storage/engine/rocksdb.go:120  Options.compaction_options_universal.size_ratio: 1
I200514 19:25:33.849365 13 storage/engine/rocksdb.go:120  Options.compaction_options_universal.min_merge_width: 2
I200514 19:25:33.849367 13 storage/engine/rocksdb.go:120  Options.compaction_options_universal.max_merge_width: 4294967295
I200514 19:25:33.849371 13 storage/engine/rocksdb.go:120  Options.compaction_options_universal.max_size_amplification_percent: 200
I200514 19:25:33.849373 13 storage/engine/rocksdb.go:120  Options.compaction_options_universal.compression_size_percent: -1
I200514 19:25:33.849376 13 storage/engine/rocksdb.go:120  Options.compaction_options_universal.stop_style: kCompactionStopStyleTotalSize
I200514 19:25:33.849379 13 storage/engine/rocksdb.go:120  Options.compaction_options_fifo.max_table_files_size: 1073741824
I200514 19:25:33.849381 13 storage/engine/rocksdb.go:120  Options.compaction_options_fifo.allow_compaction: 0
I200514 19:25:33.849406 13 storage/engine/rocksdb.go:120                    Options.table_properties_collectors: TimeBoundTblPropCollectorFactory; DeleteRangeTblPropCollectorFactory; 
I200514 19:25:33.849414 13 storage/engine/rocksdb.go:120                    Options.inplace_update_support: 0
I200514 19:25:33.849417 13 storage/engine/rocksdb.go:120                  Options.inplace_update_num_locks: 10000
I200514 19:25:33.849420 13 storage/engine/rocksdb.go:120                Options.memtable_prefix_bloom_size_ratio: 0.000000
I200514 19:25:33.849422 13 storage/engine/rocksdb.go:120                Options.memtable_whole_key_filtering: 0
I200514 19:25:33.849425 13 storage/engine/rocksdb.go:120    Options.memtable_huge_page_size: 0
I200514 19:25:33.849428 13 storage/engine/rocksdb.go:120                            Options.bloom_locality: 0
I200514 19:25:33.849431 13 storage/engine/rocksdb.go:120                     Options.max_successive_merges: 0
I200514 19:25:33.849433 13 storage/engine/rocksdb.go:120                 Options.optimize_filters_for_hits: 1
I200514 19:25:33.849436 13 storage/engine/rocksdb.go:120                 Options.paranoid_file_checks: 0
I200514 19:25:33.849439 13 storage/engine/rocksdb.go:120                 Options.force_consistency_checks: 0
I200514 19:25:33.849441 13 storage/engine/rocksdb.go:120                 Options.report_bg_io_stats: 0
I200514 19:25:33.849444 13 storage/engine/rocksdb.go:120                                Options.ttl: 0
I200514 19:25:33.849446 13 storage/engine/rocksdb.go:120           Options.periodic_compaction_seconds: 0
I200514 19:25:33.853868 13 storage/engine/rocksdb.go:120  [db/version_set.cc:4286] Recovered from manifest file:/var/lib/cockroach/MANIFEST-000610 succeeded,manifest_file_number is 610, next_file_number is 612, last_sequence is 9532985, log_number is 603,prev_log_number is 0,max_column_family is 0,min_log_number_to_keep is 0
I200514 19:25:33.853905 13 storage/engine/rocksdb.go:120  [db/version_set.cc:4295] Column family [default] (ID 0), log number is 603
I200514 19:25:33.857959 13 storage/engine/rocksdb.go:120  EVENT_LOG_v1 {"time_micros": 1589484333857942, "job": 1, "event": "recovery_started", "log_files": [611]}
I200514 19:25:33.857968 13 storage/engine/rocksdb.go:120  [db/db_impl_open.cc:598] Recovering log #611 mode 0
I200514 19:25:33.895784 13 storage/engine/rocksdb.go:120  EVENT_LOG_v1 {"time_micros": 1589484333895721, "cf_name": "default", "job": 1, "event": "table_file_creation", "file_number": 612, "file_size": 65860, "table_properties": {"data_size": 62831, "index_size": 401, "index_partitions": 0, "top_level_index_size": 0, "index_key_is_user_key": 0, "index_value_is_delta_encoded": 0, "filter_size": 1733, "raw_key_size": 57089, "raw_average_key_size": 39, "raw_value_size": 201845, "raw_average_value_size": 139, "num_data_blocks": 7, "num_entries": 1452, "num_deletions": 374, "num_merge_operands": 664, "num_range_deletions": 664, "format_version": 0, "fixed_key_len": 0, "filter_policy": "rocksdb.BuiltinBloomFilter", "column_family_name": "default", "column_family_id": 0, "comparator": "cockroach_comparator", "merge_operator": "cockroach_merge_operator", "prefix_extractor_name": "cockroach_prefix_extractor", "property_collectors": "[TimeBoundTblPropCollectorFactory,DeleteRangeTblPropCollectorFactory]", "compression": "Snappy", "compression_options": "window_bits=-14; level=32767; strategy=0; max_dict_bytes=0; zstd_max_train_bytes=0; enabled=0; ", "creation_time": 1589484333, "oldest_key_time": 3, "file_creation_time": 0}}
I200514 19:25:33.896089 13 storage/engine/rocksdb.go:120  [db/version_set.cc:3560] Creating manifest 613
I200514 19:25:33.905940 13 storage/engine/rocksdb.go:120  EVENT_LOG_v1 {"time_micros": 1589484333905912, "job": 1, "event": "recovery_finished"}
I200514 19:25:33.927412 17 storage/engine/rocksdb.go:120  [db/compaction_job.cc:1647] [default] [JOB 3] Compacting 2@0 + 3@6 files to L6, score 1.00
I200514 19:25:33.927424 17 storage/engine/rocksdb.go:120  [db/compaction_job.cc:1651] [default] Compaction start summary: Base version 2 Base level 0, inputs: [612(64KB) 609(83KB)], [605(4118KB) 606(4113KB) 607(2982KB)]
I200514 19:25:33.927453 17 storage/engine/rocksdb.go:120  EVENT_LOG_v1 {"time_micros": 1589484333927436, "job": 3, "event": "compaction_started", "compaction_reason": "LevelL0FilesNum", "files_L0": [612, 609], "files_L6": [605, 606, 607], "score": 1, "input_data_size": 11634278}
I200514 19:25:33.934323 13 storage/engine/rocksdb.go:120  DB pointer 0x7f91d5e53000
I200514 19:25:34.023176 17 storage/engine/rocksdb.go:120  [db/compaction_job.cc:1334] [default] [JOB 3] Generated table #617: 14981 keys, 4217108 bytes
I200514 19:25:34.023234 17 storage/engine/rocksdb.go:120  EVENT_LOG_v1 {"time_micros": 1589484334023192, "cf_name": "default", "job": 3, "event": "table_file_creation", "file_number": 617, "file_size": 4217108, "table_properties": {"data_size": 4195656, "index_size": 78836, "index_partitions": 0, "top_level_index_size": 0, "index_key_is_user_key": 0, "index_value_is_delta_encoded": 0, "filter_size": 0, "raw_key_size": 752213, "raw_average_key_size": 50, "raw_value_size": 35881837, "raw_average_value_size": 2395, "num_data_blocks": 1145, "num_entries": 14981, "num_deletions": 0, "num_merge_operands": 0, "num_range_deletions": 0, "format_version": 0, "fixed_key_len": 0, "filter_policy": "rocksdb.BuiltinBloomFilter", "column_family_name": "default", "column_family_id": 0, "comparator": "cockroach_comparator", "merge_operator": "cockroach_merge_operator", "prefix_extractor_name": "cockroach_prefix_extractor", "property_collectors": "[TimeBoundTblPropCollectorFactory,DeleteRangeTblPropCollectorFactory]", "compression": "Snappy", "compression_options": "window_bits=-14; level=32767; strategy=0; max_dict_bytes=0; zstd_max_train_bytes=0; enabled=0; ", "creation_time": 1589484333, "oldest_key_time": 0, "file_creation_time": 1589484333}}
I200514 19:25:34.100318 17 storage/engine/rocksdb.go:120  [db/compaction_job.cc:1334] [default] [JOB 3] Generated table #618: 8071 keys, 4213117 bytes
I200514 19:25:34.100362 17 storage/engine/rocksdb.go:120  EVENT_LOG_v1 {"time_micros": 1589484334100336, "cf_name": "default", "job": 3, "event": "table_file_creation", "file_number": 618, "file_size": 4213117, "table_properties": {"data_size": 4197808, "index_size": 52365, "index_partitions": 0, "top_level_index_size": 0, "index_key_is_user_key": 0, "index_value_is_delta_encoded": 0, "filter_size": 0, "raw_key_size": 442836, "raw_average_key_size": 54, "raw_value_size": 24350244, "raw_average_value_size": 3017, "num_data_blocks": 777, "num_entries": 8071, "num_deletions": 0, "num_merge_operands": 0, "num_range_deletions": 0, "format_version": 0, "fixed_key_len": 0, "filter_policy": "rocksdb.BuiltinBloomFilter", "column_family_name": "default", "column_family_id": 0, "comparator": "cockroach_comparator", "merge_operator": "cockroach_merge_operator", "prefix_extractor_name": "cockroach_prefix_extractor", "property_collectors": "[TimeBoundTblPropCollectorFactory,DeleteRangeTblPropCollectorFactory]", "compression": "Snappy", "compression_options": "window_bits=-14; level=32767; strategy=0; max_dict_bytes=0; zstd_max_train_bytes=0; enabled=0; ", "creation_time": 1589484333, "oldest_key_time": 0, "file_creation_time": 1589484334}}
I200514 19:25:34.156822 17 storage/engine/rocksdb.go:120  [db/compaction_job.cc:1334] [default] [JOB 3] Generated table #619: 10049 keys, 3043934 bytes
I200514 19:25:34.156869 17 storage/engine/rocksdb.go:120  EVENT_LOG_v1 {"time_micros": 1589484334156844, "cf_name": "default", "job": 3, "event": "table_file_creation", "file_number": 619, "file_size": 3043934, "table_properties": {"data_size": 3031886, "index_size": 41460, "index_partitions": 0, "top_level_index_size": 0, "index_key_is_user_key": 0, "index_value_is_delta_encoded": 0, "filter_size": 0, "raw_key_size": 485688, "raw_average_key_size": 48, "raw_value_size": 18402791, "raw_average_value_size": 1831, "num_data_blocks": 590, "num_entries": 10049, "num_deletions": 0, "num_merge_operands": 0, "num_range_deletions": 0, "format_version": 0, "fixed_key_len": 0, "filter_policy": "rocksdb.BuiltinBloomFilter", "column_family_name": "default", "column_family_id": 0, "comparator": "cockroach_comparator", "merge_operator": "cockroach_merge_operator", "prefix_extractor_name": "cockroach_prefix_extractor", "property_collectors": "[TimeBoundTblPropCollectorFactory,DeleteRangeTblPropCollectorFactory]", "compression": "Snappy", "compression_options": "window_bits=-14; level=32767; strategy=0; max_dict_bytes=0; zstd_max_train_bytes=0; enabled=0; ", "creation_time": 1589484333, "oldest_key_time": 0, "file_creation_time": 1589484334}}
I200514 19:25:34.161997 17 storage/engine/rocksdb.go:120  [db/compaction_job.cc:1397] [default] [JOB 3] Compacted 2@0 + 3@6 files to L6 => 11474159 bytes
I200514 19:25:34.163722 17 storage/engine/rocksdb.go:120  (Original Log Time 2020/05/14-19:25:34.163606) [db/compaction_job.cc:770] [default] compacted to: base level 6 level multiplier 10.00 max bytes base 67108864 files[0 0 0 0 0 0 3] max score 0.00, MB/sec: 50.6 rd, 49.9 wr, level 6, files in(2, 3) out(3) MB in(0.1, 11.0) out(10.9), read-write-amplify(153.1) write-amplify(76.0) OK, records in: 36073, records dropped: 1644 output_compression: Snappy
I200514 19:25:34.163735 17 storage/engine/rocksdb.go:120  (Original Log Time 2020/05/14-19:25:34.163638) EVENT_LOG_v1 {"time_micros": 1589484334163627, "job": 3, "event": "compaction_finished", "compaction_time_micros": 230075, "compaction_time_cpu_micros": 106773, "output_level": 6, "num_output_files": 3, "total_output_size": 11474159, "num_input_records": 34745, "num_output_records": 33101, "num_subcompactions": 1, "output_compression": "Snappy", "num_single_delete_mismatches": 0, "num_single_delete_fallthrough": 0, "lsm_state": [0, 0, 0, 0, 0, 0, 3]}
I200514 19:25:34.164549 17 storage/engine/rocksdb.go:120  EVENT_LOG_v1 {"time_micros": 1589484334164536, "job": 3, "event": "table_file_deletion", "file_number": 612}
I200514 19:25:34.165137 17 storage/engine/rocksdb.go:120  EVENT_LOG_v1 {"time_micros": 1589484334165124, "job": 3, "event": "table_file_deletion", "file_number": 609}
I200514 19:25:34.166553 17 storage/engine/rocksdb.go:120  EVENT_LOG_v1 {"time_micros": 1589484334166532, "job": 3, "event": "table_file_deletion", "file_number": 607}
I200514 19:25:34.167665 17 storage/engine/rocksdb.go:120  EVENT_LOG_v1 {"time_micros": 1589484334167651, "job": 3, "event": "table_file_deletion", "file_number": 606}
I200514 19:25:34.169093 17 storage/engine/rocksdb.go:120  EVENT_LOG_v1 {"time_micros": 1589484334169074, "job": 3, "event": "table_file_deletion", "file_number": 605}
I200514 19:26:56.545873 1528 storage/engine/rocksdb.go:120  bloom filter utility:    -nan%
I200514 19:26:56.546156 1528 storage/engine/rocksdb.go:120  [db/db_impl.cc:392] Shutdown: canceling all background work
I200514 19:26:56.548137 1528 storage/engine/rocksdb.go:120  [db/db_impl.cc:565] Shutdown complete
I200514 19:26:56.558799 1528 storage/engine/rocksdb.go:120  bloom filter utility:    66.7%
I200514 19:26:56.559189 1528 storage/engine/rocksdb.go:120  [db/db_impl.cc:392] Shutdown: canceling all background work
I200514 19:26:56.565382 1528 storage/engine/rocksdb.go:120  [db/db_impl.cc:565] Shutdown complete
