I200512 19:17:30.999976 1 util/log/clog.go:1196  [config] file created at: 2020/05/12 19:17:30
I200512 19:17:30.999976 1 util/log/clog.go:1196  [config] running on machine: fd102b6af95b
I200512 19:17:30.999976 1 util/log/clog.go:1196  [config] binary: CockroachDB CCL v19.2.5 (x86_64-unknown-linux-gnu, built 2020/03/16 18:27:12, go1.12.12)
I200512 19:17:30.999976 1 util/log/clog.go:1196  [config] arguments: [/cockroach/cockroach start --insecure --store=attrs=ssd,path=/var/lib/cockroach/]
I200512 19:17:30.999976 1 util/log/clog.go:1196  line format: [IWEF]yymmdd hh:mm:ss.uuuuuu goid file:line msg utf8=✓
I200512 19:17:30.999975 1 cli/start.go:1144  logging to directory /var/lib/cockroach/logs
W200512 19:17:31.017827 1 cli/start.go:1182  RUNNING IN INSECURE MODE!

- Your cluster is open for any client that can access <all your IP addresses>.
- Any user, even root, can log in without providing a password.
- Any user, connecting as root, can read or write any data in your cluster.
- There is no network encryption nor authentication, and thus no confidentiality.

Check out how to secure your cluster: https://www.cockroachlabs.com/docs/v19.2/secure-a-cluster.html
I200512 19:17:31.018157 1 server/status/recorder.go:597  available memory from cgroups (8.0 EiB) is unsupported, using system memory 1.9 GiB instead: 
W200512 19:17:31.018206 1 cli/start.go:1052  Using the default setting for --cache (128 MiB).
  A significantly larger value is usually needed for good performance.
  If you have a dedicated server a reasonable setting is --cache=.25 (497 MiB).
I200512 19:17:31.018425 1 server/status/recorder.go:597  available memory from cgroups (8.0 EiB) is unsupported, using system memory 1.9 GiB instead: 
W200512 19:17:31.018436 1 cli/start.go:1065  Using the default setting for --max-sql-memory (128 MiB).
  A significantly larger value is usually needed in production.
  If you have a dedicated server a reasonable setting is --max-sql-memory=.25 (497 MiB).
I200512 19:17:31.018655 1 server/status/recorder.go:597  available memory from cgroups (8.0 EiB) is unsupported, using system memory 1.9 GiB instead: 
I200512 19:17:31.018665 1 cli/start.go:1196  CockroachDB CCL v19.2.5 (x86_64-unknown-linux-gnu, built 2020/03/16 18:27:12, go1.12.12)
W200512 19:17:31.234013 1 cli/start.go:511  running 'cockroach start' without --join is deprecated.
Consider using 'cockroach start-single-node' or 'cockroach init' instead.
I200512 19:17:31.240885 1 server/status/recorder.go:597  available memory from cgroups (8.0 EiB) is unsupported, using system memory 1.9 GiB instead: 
I200512 19:17:31.240915 1 server/config.go:394  system total memory: 1.9 GiB
I200512 19:17:31.240952 1 server/config.go:396  server configuration:
max offset             500000000
cache size             128 MiB
SQL memory pool size   128 MiB
scan interval          10m0s
scan min idle time     10ms
scan max idle time     1s
event log enabled      true
I200512 19:17:31.240963 1 cli/start.go:1030  using local environment variables: COCKROACH_CHANNEL=official-docker
I200512 19:17:31.240973 1 cli/start.go:1037  process identity: uid 0 euid 0 gid 0 egid 0
I200512 19:17:31.241010 1 cli/start.go:644  starting cockroach node
I200512 19:17:31.252542 21 storage/engine/rocksdb.go:622  opening rocksdb instance at "/var/lib/cockroach/cockroach-temp362789927"
I200512 19:17:31.366300 21 server/server.go:928  [n?] monitoring forward clock jumps based on server.clock.forward_jump_check_enabled
I200512 19:17:31.367485 21 storage/engine/rocksdb.go:622  opening rocksdb instance at "/var/lib/cockroach"
I200512 19:17:31.462605 21 server/config.go:502  [n?] 1 storage engine initialized
I200512 19:17:31.462612 21 server/config.go:505  [n?] RocksDB cache size: 128 MiB
I200512 19:17:31.462617 21 server/config.go:505  [n?] store 0: RocksDB, max size 0 B, max open file limit 1043576
W200512 19:17:31.486034 21 cli/start.go:996  neither --listen-addr nor --advertise-addr was specified.
The server will advertise "fd102b6af95b" to other nodes, is this routable?

Consider using:
- for local-only servers:  --listen-addr=localhost
- for multi-node clusters: --advertise-addr=<host/IP addr>
I200512 19:17:31.487516 21 server/server.go:978  [n?] Sleeping till wall time 1589311051487489849 to catches up to 1589311051866267653 to ensure monotonicity. Delta: 378.777804ms
I200512 19:17:31.866631 21 gossip/gossip.go:394  [n1] NodeDescriptor set to node_id:1 address:<network_field:"tcp" address_field:"fd102b6af95b:26257" > attrs:<> locality:<> ServerVersion:<major_val:19 minor_val:2 patch:0 unstable:0 > build_tag:"v19.2.5" started_at:1589311051866537640 cluster_name:"" sql_address:<network_field:"tcp" address_field:"fd102b6af95b:26257" > 
W200512 19:17:31.895191 109 storage/replica_range_lease.go:554  can't determine lease status due to node liveness error: node not in the liveness table
github.com/cockroachdb/cockroach/pkg/storage.init.ializers
	/go/src/github.com/cockroachdb/cockroach/pkg/storage/node_liveness.go:44
runtime.main
	/usr/local/go/src/runtime/proc.go:188
runtime.goexit
	/usr/local/go/src/runtime/asm_amd64.s:1337
W200512 19:17:31.895212 109 storage/store.go:1530  [n1,s1,r6/1:/Table/{SystemCon…-11}] could not gossip system config: [NotLeaseHolderError] r6: replica (n1,s1):1 not lease holder; lease holder unknown
I200512 19:17:31.961056 21 server/node.go:431  [n1] initialized store [n1,s1]: disk (capacity=894 GiB, available=593 GiB, used=12 MiB, logicalBytes=55 MiB), ranges=38, leases=2, queries=0.00, writes=0.00, bytesPerReplica={p10=0.00 p25=0.00 p50=0.00 p75=17808.00 p90=103348.00 pMax=41019163.00}, writesPerReplica={p10=0.00 p25=0.00 p50=0.00 p75=0.00 p90=0.00 pMax=0.00}
I200512 19:17:31.961151 21 storage/stores.go:240  [n1] read 0 node addresses from persistent storage
I200512 19:17:31.961262 21 server/node.go:645  [n1] connecting to gossip network to verify cluster ID...
I200512 19:17:31.961277 21 server/node.go:665  [n1] node connected via gossip and verified as part of cluster "3d423bb5-5d67-4ebf-947b-999bec430444"
I200512 19:17:31.961378 21 server/node.go:512  [n1] node=1: started with [ssd=/var/lib/cockroach] engine(s) and attributes []
I200512 19:17:31.962532 21 server/server.go:1514  [n1] starting http server at [::]:8080 (use: fd102b6af95b:8080)
I200512 19:17:31.962542 21 server/server.go:1521  [n1] starting grpc/postgres server at [::]:26257
I200512 19:17:31.962550 21 server/server.go:1522  [n1] advertising CockroachDB node at fd102b6af95b:26257
I200512 19:17:31.991290 128 storage/node_liveness.go:474  [n1,liveness-hb] heartbeat failed on epoch increment; retrying
I200512 19:17:31.999056 21 server/server.go:1590  [n1] done ensuring all necessary migrations have run
I200512 19:17:31.999082 21 server/server.go:1841  [n1] serving sql connections
I200512 19:17:31.999137 21 cli/start.go:803  [config] clusterID: 3d423bb5-5d67-4ebf-947b-999bec430444
I200512 19:17:31.999150 21 cli/start.go:812  node startup completed:
CockroachDB node starting at 2020-05-12 19:17:31.999094237 +0000 UTC (took 1.0s)
build:               CCL v19.2.5 @ 2020/03/16 18:27:12 (go1.12.12)
webui:               http://fd102b6af95b:8080
sql:                 postgresql://root@fd102b6af95b:26257?sslmode=disable
RPC client flags:    /cockroach/cockroach <client cmd> --host=fd102b6af95b:26257 --insecure
logs:                /var/lib/cockroach/logs
temp dir:            /var/lib/cockroach/cockroach-temp362789927
external I/O path:   /var/lib/cockroach/extern
store[0]:            path=/var/lib/cockroach,attrs=ssd
status:              restarted pre-existing node
clusterID:           3d423bb5-5d67-4ebf-947b-999bec430444
nodeID:              1
I200512 19:17:32.002196 243 server/server_update.go:50  [n1] failed attempt to upgrade cluster version, error: node 1 not running (UNAVAILABLE), cannot determine version
I200512 19:17:32.014212 245 sql/event_log.go:130  [n1] Event: "node_restart", target: 1, info: {Descriptor:{NodeID:1 Address:fd102b6af95b:26257 Attrs: Locality: ServerVersion:19.2 BuildTag:v19.2.5 StartedAt:1589311051866537640 LocalityAddress:[] ClusterName: SQLAddress:fd102b6af95b:26257} ClusterID:3d423bb5-5d67-4ebf-947b-999bec430444 StartedAt:1589311051866537640 LastUp:1589309951792025440}
I200512 19:17:32.905889 243 server/server_update.go:53  [n1] no need to upgrade, cluster already at the newest version
I200512 19:17:33.346103 247 server/updates.go:267  [n1] A new version is available: 20.1.0, details: https://www.cockroachlabs.com/docs/releases/v20.1.0.html
I200512 19:17:33.906741 82 gossip/gossip.go:1531  [n1] node has connected to cluster via gossip
I200512 19:17:33.906819 82 storage/stores.go:259  [n1] wrote 0 node addresses to persistent storage
I200512 19:17:41.979585 122 server/status/runtime.go:498  [n1] runtime stats: 118 MiB RSS, 117 goroutines, 102 MiB/22 MiB/135 MiB GO alloc/idle/total, 14 MiB/17 MiB CGO alloc/total, 0.0 CGO/sec, 0.0/0.0 %(u/s)time, 0.0 %gc (9x), 32 KiB/40 KiB (r/w)net
I200512 19:17:51.966739 117 storage/store.go:2364  [n1,s1] sstables (read amplification = 2):
0 [ 58K 1 ]: 58K
6 [  7M 2 ]: 4M 3M
I200512 19:17:51.966807 117 storage/store.go:2365  [n1,s1] 
** Compaction Stats [default] **
Level    Files   Size     Score Read(GB)  Rn(GB) Rnp1(GB) Write(GB) Wnew(GB) Moved(GB) W-Amp Rd(MB/s) Wr(MB/s) Comp(sec) CompMergeCPU(sec) Comp(cnt) Avg(sec) KeyIn KeyDrop
----------------------------------------------------------------------------------------------------------------------------------------------------------------------------
  L0      1/0   57.62 KB   0.5      0.0     0.0      0.0       0.0      0.0       0.0   1.0      0.0      3.3      0.02              0.00         1    0.017       0      0
  L6      2/0    6.94 MB   0.0      0.0     0.0      0.0       0.0      0.0       0.0   0.0      0.0      0.0      0.00              0.00         0    0.000       0      0
 Sum      3/0    6.99 MB   0.0      0.0     0.0      0.0       0.0      0.0       0.0   1.0      0.0      3.3      0.02              0.00         1    0.017       0      0
 Int      0/0    0.00 KB   0.0      0.0     0.0      0.0       0.0      0.0       0.0   1.0      0.0      3.3      0.02              0.00         1    0.017       0      0

** Compaction Stats [default] **
Priority    Files   Size     Score Read(GB)  Rn(GB) Rnp1(GB) Write(GB) Wnew(GB) Moved(GB) W-Amp Rd(MB/s) Wr(MB/s) Comp(sec) CompMergeCPU(sec) Comp(cnt) Avg(sec) KeyIn KeyDrop
-------------------------------------------------------------------------------------------------------------------------------------------------------------------------------
User      0/0    0.00 KB   0.0      0.0     0.0      0.0       0.0      0.0       0.0   0.0      0.0      3.3      0.02              0.00         1    0.017       0      0
Uptime(secs): 20.6 total, 20.6 interval
Flush(GB): cumulative 0.000, interval 0.000
AddFile(GB): cumulative 0.000, interval 0.000
AddFile(Total Files): cumulative 0, interval 0
AddFile(L0 Files): cumulative 0, interval 0
AddFile(Keys): cumulative 0, interval 0
Cumulative compaction: 0.00 GB write, 0.00 MB/s write, 0.00 GB read, 0.00 MB/s read, 0.0 seconds
Interval compaction: 0.00 GB write, 0.00 MB/s write, 0.00 GB read, 0.00 MB/s read, 0.0 seconds
Stalls(count): 0 level0_slowdown, 0 level0_slowdown_with_compaction, 0 level0_numfiles, 0 level0_numfiles_with_compaction, 0 stop for pending_compaction_bytes, 0 slowdown for pending_compaction_bytes, 0 memtable_compaction, 0 memtable_slowdown, interval 0 total count
estimated_pending_compaction_bytes: 0 B
I200512 19:17:51.979739 122 server/status/runtime.go:498  [n1] runtime stats: 129 MiB RSS, 117 goroutines, 111 MiB/13 MiB/135 MiB GO alloc/idle/total, 14 MiB/17 MiB CGO alloc/total, 98.5 CGO/sec, 0.7/0.2 %(u/s)time, 0.0 %gc (0x), 724 B/588 B (r/w)net
I200512 19:18:01.979785 122 server/status/runtime.go:498  [n1] runtime stats: 137 MiB RSS, 117 goroutines, 78 MiB/41 MiB/135 MiB GO alloc/idle/total, 15 MiB/17 MiB CGO alloc/total, 57.9 CGO/sec, 0.7/0.3 %(u/s)time, 0.0 %gc (1x), 70 B/0 B (r/w)net
I200512 19:18:11.979893 122 server/status/runtime.go:498  [n1] runtime stats: 138 MiB RSS, 118 goroutines, 85 MiB/36 MiB/135 MiB GO alloc/idle/total, 15 MiB/18 MiB CGO alloc/total, 47.2 CGO/sec, 0.4/0.2 %(u/s)time, 0.0 %gc (0x), 70 B/0 B (r/w)net
I200512 19:18:21.980038 122 server/status/runtime.go:498  [n1] runtime stats: 138 MiB RSS, 118 goroutines, 91 MiB/30 MiB/135 MiB GO alloc/idle/total, 15 MiB/18 MiB CGO alloc/total, 29.5 CGO/sec, 0.3/0.2 %(u/s)time, 0.0 %gc (0x), 0 B/0 B (r/w)net
I200512 19:18:31.961768 118 gossip/gossip.go:566  [n1] gossip status (ok, 1 node)
gossip client (0/3 cur/max conns)
gossip server (0/3 cur/max conns, infos 0/0 sent/received, bytes 0B/0B sent/received)
gossip connectivity
  n1 [sentinel];
I200512 19:18:31.981290 122 server/status/runtime.go:498  [n1] runtime stats: 139 MiB RSS, 120 goroutines, 98 MiB/24 MiB/135 MiB GO alloc/idle/total, 15 MiB/18 MiB CGO alloc/total, 31.8 CGO/sec, 0.4/0.2 %(u/s)time, 0.0 %gc (0x), 0 B/0 B (r/w)net
I200512 19:18:41.981669 122 server/status/runtime.go:498  [n1] runtime stats: 140 MiB RSS, 117 goroutines, 107 MiB/16 MiB/135 MiB GO alloc/idle/total, 15 MiB/18 MiB CGO alloc/total, 80.9 CGO/sec, 0.5/0.1 %(u/s)time, 0.0 %gc (0x), 140 B/0 B (r/w)net
I200512 19:18:51.981704 122 server/status/runtime.go:498  [n1] runtime stats: 140 MiB RSS, 117 goroutines, 113 MiB/10 MiB/135 MiB GO alloc/idle/total, 15 MiB/18 MiB CGO alloc/total, 23.7 CGO/sec, 0.3/0.2 %(u/s)time, 0.0 %gc (0x), 150 B/150 B (r/w)net
I200512 19:19:01.981849 122 server/status/runtime.go:498  [n1] runtime stats: 144 MiB RSS, 117 goroutines, 121 MiB/2.1 MiB/135 MiB GO alloc/idle/total, 15 MiB/18 MiB CGO alloc/total, 26.9 CGO/sec, 0.3/0.2 %(u/s)time, 0.0 %gc (0x), 0 B/0 B (r/w)net
I200512 19:19:11.981988 122 server/status/runtime.go:498  [n1] runtime stats: 151 MiB RSS, 118 goroutines, 130 MiB/58 MiB/201 MiB GO alloc/idle/total, 15 MiB/18 MiB CGO alloc/total, 26.1 CGO/sec, 0.3/0.2 %(u/s)time, 0.0 %gc (0x), 0 B/0 B (r/w)net
I200512 19:19:21.982082 122 server/status/runtime.go:498  [n1] runtime stats: 160 MiB RSS, 118 goroutines, 79 MiB/103 MiB/201 MiB GO alloc/idle/total, 15 MiB/18 MiB CGO alloc/total, 21.6 CGO/sec, 0.4/0.3 %(u/s)time, 0.0 %gc (1x), 0 B/0 B (r/w)net
I200512 19:19:31.961743 118 gossip/gossip.go:566  [n1] gossip status (ok, 1 node)
gossip client (0/3 cur/max conns)
gossip server (0/3 cur/max conns, infos 0/0 sent/received, bytes 0B/0B sent/received)
I200512 19:19:31.982289 122 server/status/runtime.go:498  [n1] runtime stats: 160 MiB RSS, 118 goroutines, 86 MiB/98 MiB/201 MiB GO alloc/idle/total, 15 MiB/18 MiB CGO alloc/total, 28.3 CGO/sec, 0.3/0.2 %(u/s)time, 0.0 %gc (0x), 0 B/0 B (r/w)net
I200512 19:19:41.982311 122 server/status/runtime.go:498  [n1] runtime stats: 160 MiB RSS, 117 goroutines, 93 MiB/92 MiB/201 MiB GO alloc/idle/total, 15 MiB/18 MiB CGO alloc/total, 51.1 CGO/sec, 0.2/0.2 %(u/s)time, 0.0 %gc (0x), 0 B/0 B (r/w)net
I200512 19:19:51.982465 122 server/status/runtime.go:498  [n1] runtime stats: 161 MiB RSS, 117 goroutines, 100 MiB/86 MiB/201 MiB GO alloc/idle/total, 15 MiB/18 MiB CGO alloc/total, 27.7 CGO/sec, 0.3/0.2 %(u/s)time, 0.0 %gc (0x), 206 B/66 B (r/w)net
I200512 19:20:01.982581 122 server/status/runtime.go:498  [n1] runtime stats: 161 MiB RSS, 117 goroutines, 106 MiB/80 MiB/201 MiB GO alloc/idle/total, 15 MiB/18 MiB CGO alloc/total, 25.1 CGO/sec, 0.3/0.1 %(u/s)time, 0.0 %gc (0x), 84 B/84 B (r/w)net
I200512 19:20:11.982646 122 server/status/runtime.go:498  [n1] runtime stats: 162 MiB RSS, 118 goroutines, 113 MiB/74 MiB/201 MiB GO alloc/idle/total, 15 MiB/18 MiB CGO alloc/total, 46.2 CGO/sec, 0.2/0.2 %(u/s)time, 0.0 %gc (0x), 0 B/0 B (r/w)net
I200512 19:20:21.982761 122 server/status/runtime.go:498  [n1] runtime stats: 162 MiB RSS, 118 goroutines, 119 MiB/68 MiB/201 MiB GO alloc/idle/total, 15 MiB/18 MiB CGO alloc/total, 26.0 CGO/sec, 0.2/0.2 %(u/s)time, 0.0 %gc (0x), 0 B/0 B (r/w)net
I200512 19:20:31.961605 118 gossip/gossip.go:566  [n1] gossip status (ok, 1 node)
gossip client (0/3 cur/max conns)
gossip server (0/3 cur/max conns, infos 0/0 sent/received, bytes 0B/0B sent/received)
I200512 19:20:31.982809 122 server/status/runtime.go:498  [n1] runtime stats: 163 MiB RSS, 118 goroutines, 125 MiB/62 MiB/201 MiB GO alloc/idle/total, 15 MiB/18 MiB CGO alloc/total, 27.2 CGO/sec, 0.3/0.2 %(u/s)time, 0.0 %gc (0x), 0 B/0 B (r/w)net
I200512 19:20:41.982980 122 server/status/runtime.go:498  [n1] runtime stats: 164 MiB RSS, 117 goroutines, 132 MiB/55 MiB/201 MiB GO alloc/idle/total, 15 MiB/18 MiB CGO alloc/total, 49.4 CGO/sec, 0.3/0.2 %(u/s)time, 0.0 %gc (0x), 0 B/0 B (r/w)net
I200512 19:20:51.983100 122 server/status/runtime.go:498  [n1] runtime stats: 168 MiB RSS, 117 goroutines, 141 MiB/47 MiB/201 MiB GO alloc/idle/total, 15 MiB/18 MiB CGO alloc/total, 27.6 CGO/sec, 0.3/0.3 %(u/s)time, 0.0 %gc (0x), 66 B/66 B (r/w)net
I200512 19:21:01.983261 122 server/status/runtime.go:498  [n1] runtime stats: 176 MiB RSS, 117 goroutines, 80 MiB/103 MiB/202 MiB GO alloc/idle/total, 15 MiB/18 MiB CGO alloc/total, 22.5 CGO/sec, 0.4/0.2 %(u/s)time, 0.0 %gc (1x), 84 B/84 B (r/w)net
I200512 19:21:11.983362 122 server/status/runtime.go:498  [n1] runtime stats: 176 MiB RSS, 118 goroutines, 86 MiB/97 MiB/202 MiB GO alloc/idle/total, 15 MiB/18 MiB CGO alloc/total, 23.1 CGO/sec, 0.2/0.2 %(u/s)time, 0.0 %gc (0x), 0 B/0 B (r/w)net
I200512 19:21:21.983542 122 server/status/runtime.go:498  [n1] runtime stats: 176 MiB RSS, 118 goroutines, 92 MiB/92 MiB/202 MiB GO alloc/idle/total, 15 MiB/18 MiB CGO alloc/total, 33.3 CGO/sec, 0.3/0.2 %(u/s)time, 0.0 %gc (0x), 0 B/0 B (r/w)net
I200512 19:21:31.961567 118 gossip/gossip.go:566  [n1] gossip status (ok, 1 node)
gossip client (0/3 cur/max conns)
gossip server (0/3 cur/max conns, infos 0/0 sent/received, bytes 0B/0B sent/received)
I200512 19:21:31.983616 122 server/status/runtime.go:498  [n1] runtime stats: 177 MiB RSS, 118 goroutines, 99 MiB/86 MiB/202 MiB GO alloc/idle/total, 15 MiB/18 MiB CGO alloc/total, 22.2 CGO/sec, 0.2/0.2 %(u/s)time, 0.0 %gc (0x), 0 B/0 B (r/w)net
I200512 19:21:41.983694 122 server/status/runtime.go:498  [n1] runtime stats: 177 MiB RSS, 117 goroutines, 106 MiB/80 MiB/202 MiB GO alloc/idle/total, 15 MiB/18 MiB CGO alloc/total, 49.7 CGO/sec, 0.2/0.2 %(u/s)time, 0.0 %gc (0x), 0 B/0 B (r/w)net
I200512 19:21:51.983832 122 server/status/runtime.go:498  [n1] runtime stats: 177 MiB RSS, 117 goroutines, 112 MiB/74 MiB/202 MiB GO alloc/idle/total, 15 MiB/18 MiB CGO alloc/total, 25.1 CGO/sec, 0.3/0.2 %(u/s)time, 0.0 %gc (0x), 136 B/66 B (r/w)net
I200512 19:22:01.983914 122 server/status/runtime.go:498  [n1] runtime stats: 177 MiB RSS, 117 goroutines, 119 MiB/68 MiB/202 MiB GO alloc/idle/total, 14 MiB/18 MiB CGO alloc/total, 29.4 CGO/sec, 0.3/0.1 %(u/s)time, 0.0 %gc (0x), 84 B/84 B (r/w)net
I200512 19:22:11.984022 122 server/status/runtime.go:498  [n1] runtime stats: 177 MiB RSS, 118 goroutines, 125 MiB/62 MiB/202 MiB GO alloc/idle/total, 14 MiB/18 MiB CGO alloc/total, 24.0 CGO/sec, 0.2/0.2 %(u/s)time, 0.0 %gc (0x), 70 B/0 B (r/w)net
I200512 19:22:21.984261 122 server/status/runtime.go:498  [n1] runtime stats: 178 MiB RSS, 118 goroutines, 131 MiB/56 MiB/202 MiB GO alloc/idle/total, 14 MiB/18 MiB CGO alloc/total, 24.8 CGO/sec, 0.2/0.2 %(u/s)time, 0.0 %gc (0x), 0 B/0 B (r/w)net
I200512 19:22:31.961641 118 gossip/gossip.go:566  [n1] gossip status (ok, 1 node)
gossip client (0/3 cur/max conns)
gossip server (0/3 cur/max conns, infos 0/0 sent/received, bytes 0B/0B sent/received)
I200512 19:22:31.984315 122 server/status/runtime.go:498  [n1] runtime stats: 178 MiB RSS, 118 goroutines, 137 MiB/50 MiB/202 MiB GO alloc/idle/total, 14 MiB/18 MiB CGO alloc/total, 27.0 CGO/sec, 0.3/0.2 %(u/s)time, 0.0 %gc (0x), 0 B/0 B (r/w)net
I200512 19:22:41.984479 122 server/status/runtime.go:498  [n1] runtime stats: 178 MiB RSS, 117 goroutines, 145 MiB/43 MiB/202 MiB GO alloc/idle/total, 14 MiB/18 MiB CGO alloc/total, 71.7 CGO/sec, 0.3/0.2 %(u/s)time, 0.0 %gc (0x), 0 B/0 B (r/w)net
I200512 19:22:51.984544 122 server/status/runtime.go:498  [n1] runtime stats: 183 MiB RSS, 117 goroutines, 81 MiB/101 MiB/202 MiB GO alloc/idle/total, 14 MiB/18 MiB CGO alloc/total, 30.8 CGO/sec, 0.4/0.3 %(u/s)time, 0.0 %gc (1x), 132 B/132 B (r/w)net
I200512 19:22:54.428699 1 cli/start.go:865  received signal 'terminated'
I200512 19:22:54.429104 1 cli/start.go:930  initiating graceful shutdown of server
I200512 19:22:54.447864 4055 util/stop/stopper.go:542  [server drain process] quiescing; tasks left:
1      [async] intent_resolver_ir_batcher
1      [async] intent_resolver_gc_batcher
1      [async] closedts-rangefeed-subscriber
W200512 19:22:54.448095 72 vendor/google.golang.org/grpc/clientconn.go:1206  grpc: addrConn.createTransport failed to connect to {fd102b6af95b:26257 0  <nil>}. Err :connection error: desc = "transport: failed to write client preface: io: read/write on closed pipe". Reconnecting...
I200512 19:22:54.448785 4055 storage/engine/rocksdb.go:762  closing rocksdb instance at "/var/lib/cockroach/cockroach-temp362789927"
I200512 19:22:54.461068 4055 storage/engine/rocksdb.go:762  closing rocksdb instance at "/var/lib/cockroach"
I200512 19:22:54.470346 1 cli/start.go:976  server drained and shutdown completed
